[2024-11-10T14:34:12.520+0000] {processor.py:186} INFO - Started process (PID=66) to work on /opt/airflow/dags/globsl_etl_dag.py
[2024-11-10T14:34:12.554+0000] {processor.py:914} INFO - Processing file /opt/airflow/dags/globsl_etl_dag.py for tasks to queue
[2024-11-10T14:34:12.649+0000] {logging_mixin.py:190} INFO - [2024-11-10T14:34:12.647+0000] {dagbag.py:588} INFO - Filling up the DagBag from /opt/airflow/dags/globsl_etl_dag.py
[2024-11-10T14:34:13.057+0000] {processor.py:925} INFO - DAG(s) 'etl_pipeline_dag' retrieved from /opt/airflow/dags/globsl_etl_dag.py
[2024-11-10T14:34:14.226+0000] {logging_mixin.py:190} INFO - [2024-11-10T14:34:14.224+0000] {override.py:1911} INFO - Created Permission View: can read on DAG:etl_pipeline_dag
[2024-11-10T14:34:14.263+0000] {logging_mixin.py:190} INFO - [2024-11-10T14:34:14.262+0000] {override.py:1911} INFO - Created Permission View: can edit on DAG:etl_pipeline_dag
[2024-11-10T14:34:14.297+0000] {logging_mixin.py:190} INFO - [2024-11-10T14:34:14.297+0000] {override.py:1911} INFO - Created Permission View: can delete on DAG:etl_pipeline_dag
[2024-11-10T14:34:14.360+0000] {logging_mixin.py:190} INFO - [2024-11-10T14:34:14.360+0000] {override.py:1911} INFO - Created Permission View: can read on DAG Run:etl_pipeline_dag
[2024-11-10T14:34:14.396+0000] {logging_mixin.py:190} INFO - [2024-11-10T14:34:14.395+0000] {override.py:1911} INFO - Created Permission View: can delete on DAG Run:etl_pipeline_dag
[2024-11-10T14:34:14.418+0000] {logging_mixin.py:190} INFO - [2024-11-10T14:34:14.418+0000] {override.py:1911} INFO - Created Permission View: can create on DAG Run:etl_pipeline_dag
[2024-11-10T14:34:14.457+0000] {logging_mixin.py:190} INFO - [2024-11-10T14:34:14.457+0000] {override.py:1911} INFO - Created Permission View: menu access on DAG Run:etl_pipeline_dag
[2024-11-10T14:34:14.459+0000] {logging_mixin.py:190} INFO - [2024-11-10T14:34:14.458+0000] {dag.py:3239} INFO - Sync 1 DAGs
[2024-11-10T14:34:14.554+0000] {logging_mixin.py:190} INFO - [2024-11-10T14:34:14.554+0000] {dag.py:3262} INFO - Creating ORM DAG for etl_pipeline_dag
[2024-11-10T14:34:14.556+0000] {logging_mixin.py:190} INFO - [2024-11-10T14:34:14.556+0000] {dag.py:4180} INFO - Setting next_dagrun for etl_pipeline_dag to None, run_after=None
[2024-11-10T14:34:14.639+0000] {processor.py:208} INFO - Processing /opt/airflow/dags/globsl_etl_dag.py took 2.247 seconds
[2024-11-10T14:34:45.590+0000] {processor.py:186} INFO - Started process (PID=135) to work on /opt/airflow/dags/globsl_etl_dag.py
[2024-11-10T14:34:45.592+0000] {processor.py:914} INFO - Processing file /opt/airflow/dags/globsl_etl_dag.py for tasks to queue
[2024-11-10T14:34:45.595+0000] {logging_mixin.py:190} INFO - [2024-11-10T14:34:45.595+0000] {dagbag.py:588} INFO - Filling up the DagBag from /opt/airflow/dags/globsl_etl_dag.py
[2024-11-10T14:34:45.662+0000] {processor.py:925} INFO - DAG(s) 'etl_pipeline_dag' retrieved from /opt/airflow/dags/globsl_etl_dag.py
[2024-11-10T14:34:45.690+0000] {logging_mixin.py:190} INFO - [2024-11-10T14:34:45.690+0000] {dag.py:3239} INFO - Sync 1 DAGs
[2024-11-10T14:34:45.708+0000] {logging_mixin.py:190} INFO - [2024-11-10T14:34:45.708+0000] {dag.py:4180} INFO - Setting next_dagrun for etl_pipeline_dag to None, run_after=None
[2024-11-10T14:34:45.745+0000] {processor.py:208} INFO - Processing /opt/airflow/dags/globsl_etl_dag.py took 0.163 seconds
[2024-11-10T14:35:16.176+0000] {processor.py:186} INFO - Started process (PID=204) to work on /opt/airflow/dags/globsl_etl_dag.py
[2024-11-10T14:35:16.177+0000] {processor.py:914} INFO - Processing file /opt/airflow/dags/globsl_etl_dag.py for tasks to queue
[2024-11-10T14:35:16.181+0000] {logging_mixin.py:190} INFO - [2024-11-10T14:35:16.180+0000] {dagbag.py:588} INFO - Filling up the DagBag from /opt/airflow/dags/globsl_etl_dag.py
[2024-11-10T14:35:16.209+0000] {processor.py:925} INFO - DAG(s) 'etl_pipeline_dag' retrieved from /opt/airflow/dags/globsl_etl_dag.py
[2024-11-10T14:35:16.238+0000] {logging_mixin.py:190} INFO - [2024-11-10T14:35:16.238+0000] {dag.py:3239} INFO - Sync 1 DAGs
[2024-11-10T14:35:16.253+0000] {logging_mixin.py:190} INFO - [2024-11-10T14:35:16.253+0000] {dag.py:4180} INFO - Setting next_dagrun for etl_pipeline_dag to None, run_after=None
[2024-11-10T14:35:16.524+0000] {processor.py:208} INFO - Processing /opt/airflow/dags/globsl_etl_dag.py took 0.356 seconds
[2024-11-10T14:35:46.894+0000] {processor.py:186} INFO - Started process (PID=274) to work on /opt/airflow/dags/globsl_etl_dag.py
[2024-11-10T14:35:46.895+0000] {processor.py:914} INFO - Processing file /opt/airflow/dags/globsl_etl_dag.py for tasks to queue
[2024-11-10T14:35:46.900+0000] {logging_mixin.py:190} INFO - [2024-11-10T14:35:46.900+0000] {dagbag.py:588} INFO - Filling up the DagBag from /opt/airflow/dags/globsl_etl_dag.py
[2024-11-10T14:35:46.932+0000] {processor.py:925} INFO - DAG(s) 'etl_pipeline_dag' retrieved from /opt/airflow/dags/globsl_etl_dag.py
[2024-11-10T14:35:46.972+0000] {logging_mixin.py:190} INFO - [2024-11-10T14:35:46.971+0000] {dag.py:3239} INFO - Sync 1 DAGs
[2024-11-10T14:35:46.990+0000] {logging_mixin.py:190} INFO - [2024-11-10T14:35:46.990+0000] {dag.py:4180} INFO - Setting next_dagrun for etl_pipeline_dag to None, run_after=None
[2024-11-10T14:35:47.027+0000] {processor.py:208} INFO - Processing /opt/airflow/dags/globsl_etl_dag.py took 0.142 seconds
[2024-11-10T14:36:17.385+0000] {processor.py:186} INFO - Started process (PID=344) to work on /opt/airflow/dags/globsl_etl_dag.py
[2024-11-10T14:36:17.390+0000] {processor.py:914} INFO - Processing file /opt/airflow/dags/globsl_etl_dag.py for tasks to queue
[2024-11-10T14:36:17.394+0000] {logging_mixin.py:190} INFO - [2024-11-10T14:36:17.393+0000] {dagbag.py:588} INFO - Filling up the DagBag from /opt/airflow/dags/globsl_etl_dag.py
[2024-11-10T14:36:17.431+0000] {processor.py:925} INFO - DAG(s) 'etl_pipeline_dag' retrieved from /opt/airflow/dags/globsl_etl_dag.py
[2024-11-10T14:36:17.475+0000] {logging_mixin.py:190} INFO - [2024-11-10T14:36:17.475+0000] {dag.py:3239} INFO - Sync 1 DAGs
[2024-11-10T14:36:17.521+0000] {logging_mixin.py:190} INFO - [2024-11-10T14:36:17.521+0000] {dag.py:4180} INFO - Setting next_dagrun for etl_pipeline_dag to None, run_after=None
[2024-11-10T14:36:17.579+0000] {processor.py:208} INFO - Processing /opt/airflow/dags/globsl_etl_dag.py took 0.206 seconds
[2024-11-10T14:36:48.566+0000] {processor.py:186} INFO - Started process (PID=412) to work on /opt/airflow/dags/globsl_etl_dag.py
[2024-11-10T14:36:48.570+0000] {processor.py:914} INFO - Processing file /opt/airflow/dags/globsl_etl_dag.py for tasks to queue
[2024-11-10T14:36:48.590+0000] {logging_mixin.py:190} INFO - [2024-11-10T14:36:48.590+0000] {dagbag.py:588} INFO - Filling up the DagBag from /opt/airflow/dags/globsl_etl_dag.py
[2024-11-10T14:36:48.653+0000] {processor.py:925} INFO - DAG(s) 'etl_pipeline_dag' retrieved from /opt/airflow/dags/globsl_etl_dag.py
[2024-11-10T14:36:48.717+0000] {logging_mixin.py:190} INFO - [2024-11-10T14:36:48.716+0000] {dag.py:3239} INFO - Sync 1 DAGs
[2024-11-10T14:36:48.747+0000] {logging_mixin.py:190} INFO - [2024-11-10T14:36:48.746+0000] {dag.py:4180} INFO - Setting next_dagrun for etl_pipeline_dag to None, run_after=None
[2024-11-10T14:36:48.810+0000] {processor.py:208} INFO - Processing /opt/airflow/dags/globsl_etl_dag.py took 0.275 seconds
[2024-11-10T14:37:19.528+0000] {processor.py:186} INFO - Started process (PID=481) to work on /opt/airflow/dags/globsl_etl_dag.py
[2024-11-10T14:37:19.529+0000] {processor.py:914} INFO - Processing file /opt/airflow/dags/globsl_etl_dag.py for tasks to queue
[2024-11-10T14:37:19.532+0000] {logging_mixin.py:190} INFO - [2024-11-10T14:37:19.532+0000] {dagbag.py:588} INFO - Filling up the DagBag from /opt/airflow/dags/globsl_etl_dag.py
[2024-11-10T14:37:19.562+0000] {processor.py:925} INFO - DAG(s) 'etl_pipeline_dag' retrieved from /opt/airflow/dags/globsl_etl_dag.py
[2024-11-10T14:37:19.608+0000] {logging_mixin.py:190} INFO - [2024-11-10T14:37:19.608+0000] {dag.py:3239} INFO - Sync 1 DAGs
[2024-11-10T14:37:19.663+0000] {logging_mixin.py:190} INFO - [2024-11-10T14:37:19.663+0000] {dag.py:4180} INFO - Setting next_dagrun for etl_pipeline_dag to None, run_after=None
[2024-11-10T14:37:19.745+0000] {processor.py:208} INFO - Processing /opt/airflow/dags/globsl_etl_dag.py took 0.224 seconds
[2024-11-10T14:37:50.105+0000] {processor.py:186} INFO - Started process (PID=550) to work on /opt/airflow/dags/globsl_etl_dag.py
[2024-11-10T14:37:50.109+0000] {processor.py:914} INFO - Processing file /opt/airflow/dags/globsl_etl_dag.py for tasks to queue
[2024-11-10T14:37:50.113+0000] {logging_mixin.py:190} INFO - [2024-11-10T14:37:50.112+0000] {dagbag.py:588} INFO - Filling up the DagBag from /opt/airflow/dags/globsl_etl_dag.py
[2024-11-10T14:37:50.144+0000] {processor.py:925} INFO - DAG(s) 'etl_pipeline_dag' retrieved from /opt/airflow/dags/globsl_etl_dag.py
[2024-11-10T14:37:50.178+0000] {logging_mixin.py:190} INFO - [2024-11-10T14:37:50.177+0000] {dag.py:3239} INFO - Sync 1 DAGs
[2024-11-10T14:37:50.218+0000] {logging_mixin.py:190} INFO - [2024-11-10T14:37:50.218+0000] {dag.py:4180} INFO - Setting next_dagrun for etl_pipeline_dag to None, run_after=None
[2024-11-10T14:37:50.250+0000] {processor.py:208} INFO - Processing /opt/airflow/dags/globsl_etl_dag.py took 0.155 seconds
[2024-11-10T14:38:23.341+0000] {processor.py:186} INFO - Started process (PID=605) to work on /opt/airflow/dags/globsl_etl_dag.py
[2024-11-10T14:38:23.343+0000] {processor.py:914} INFO - Processing file /opt/airflow/dags/globsl_etl_dag.py for tasks to queue
[2024-11-10T14:38:23.347+0000] {logging_mixin.py:190} INFO - [2024-11-10T14:38:23.346+0000] {dagbag.py:588} INFO - Filling up the DagBag from /opt/airflow/dags/globsl_etl_dag.py
[2024-11-10T14:38:23.376+0000] {processor.py:925} INFO - DAG(s) 'etl_pipeline_dag' retrieved from /opt/airflow/dags/globsl_etl_dag.py
[2024-11-10T14:38:23.410+0000] {logging_mixin.py:190} INFO - [2024-11-10T14:38:23.410+0000] {dag.py:3239} INFO - Sync 1 DAGs
[2024-11-10T14:38:23.429+0000] {logging_mixin.py:190} INFO - [2024-11-10T14:38:23.429+0000] {dag.py:4180} INFO - Setting next_dagrun for etl_pipeline_dag to None, run_after=None
[2024-11-10T14:38:23.611+0000] {processor.py:208} INFO - Processing /opt/airflow/dags/globsl_etl_dag.py took 0.281 seconds
[2024-11-10T14:38:53.912+0000] {processor.py:186} INFO - Started process (PID=674) to work on /opt/airflow/dags/globsl_etl_dag.py
[2024-11-10T14:38:53.913+0000] {processor.py:914} INFO - Processing file /opt/airflow/dags/globsl_etl_dag.py for tasks to queue
[2024-11-10T14:38:53.916+0000] {logging_mixin.py:190} INFO - [2024-11-10T14:38:53.916+0000] {dagbag.py:588} INFO - Filling up the DagBag from /opt/airflow/dags/globsl_etl_dag.py
[2024-11-10T14:38:53.935+0000] {processor.py:925} INFO - DAG(s) 'etl_pipeline_dag' retrieved from /opt/airflow/dags/globsl_etl_dag.py
[2024-11-10T14:38:53.966+0000] {logging_mixin.py:190} INFO - [2024-11-10T14:38:53.966+0000] {dag.py:3239} INFO - Sync 1 DAGs
[2024-11-10T14:38:53.985+0000] {logging_mixin.py:190} INFO - [2024-11-10T14:38:53.985+0000] {dag.py:4180} INFO - Setting next_dagrun for etl_pipeline_dag to None, run_after=None
[2024-11-10T14:38:54.011+0000] {processor.py:208} INFO - Processing /opt/airflow/dags/globsl_etl_dag.py took 0.107 seconds
[2024-11-10T14:39:25.087+0000] {processor.py:186} INFO - Started process (PID=742) to work on /opt/airflow/dags/globsl_etl_dag.py
[2024-11-10T14:39:25.088+0000] {processor.py:914} INFO - Processing file /opt/airflow/dags/globsl_etl_dag.py for tasks to queue
[2024-11-10T14:39:25.091+0000] {logging_mixin.py:190} INFO - [2024-11-10T14:39:25.090+0000] {dagbag.py:588} INFO - Filling up the DagBag from /opt/airflow/dags/globsl_etl_dag.py
[2024-11-10T14:39:25.110+0000] {processor.py:925} INFO - DAG(s) 'etl_pipeline_dag' retrieved from /opt/airflow/dags/globsl_etl_dag.py
[2024-11-10T14:39:25.138+0000] {logging_mixin.py:190} INFO - [2024-11-10T14:39:25.137+0000] {dag.py:3239} INFO - Sync 1 DAGs
[2024-11-10T14:39:25.152+0000] {logging_mixin.py:190} INFO - [2024-11-10T14:39:25.152+0000] {dag.py:4180} INFO - Setting next_dagrun for etl_pipeline_dag to None, run_after=None
[2024-11-10T14:39:25.222+0000] {processor.py:208} INFO - Processing /opt/airflow/dags/globsl_etl_dag.py took 0.142 seconds
[2024-11-10T14:40:00.827+0000] {processor.py:186} INFO - Started process (PID=788) to work on /opt/airflow/dags/globsl_etl_dag.py
[2024-11-10T14:40:00.829+0000] {processor.py:914} INFO - Processing file /opt/airflow/dags/globsl_etl_dag.py for tasks to queue
[2024-11-10T14:40:00.832+0000] {logging_mixin.py:190} INFO - [2024-11-10T14:40:00.832+0000] {dagbag.py:588} INFO - Filling up the DagBag from /opt/airflow/dags/globsl_etl_dag.py
[2024-11-10T14:40:00.861+0000] {processor.py:925} INFO - DAG(s) 'etl_pipeline_dag' retrieved from /opt/airflow/dags/globsl_etl_dag.py
[2024-11-10T14:40:00.914+0000] {logging_mixin.py:190} INFO - [2024-11-10T14:40:00.913+0000] {dag.py:3239} INFO - Sync 1 DAGs
[2024-11-10T14:40:00.944+0000] {logging_mixin.py:190} INFO - [2024-11-10T14:40:00.944+0000] {dag.py:4180} INFO - Setting next_dagrun for etl_pipeline_dag to None, run_after=None
[2024-11-10T14:40:00.985+0000] {processor.py:208} INFO - Processing /opt/airflow/dags/globsl_etl_dag.py took 0.167 seconds
[2024-11-10T14:40:31.400+0000] {processor.py:186} INFO - Started process (PID=856) to work on /opt/airflow/dags/globsl_etl_dag.py
[2024-11-10T14:40:31.402+0000] {processor.py:914} INFO - Processing file /opt/airflow/dags/globsl_etl_dag.py for tasks to queue
[2024-11-10T14:40:31.404+0000] {logging_mixin.py:190} INFO - [2024-11-10T14:40:31.404+0000] {dagbag.py:588} INFO - Filling up the DagBag from /opt/airflow/dags/globsl_etl_dag.py
[2024-11-10T14:40:31.433+0000] {processor.py:925} INFO - DAG(s) 'etl_pipeline_dag' retrieved from /opt/airflow/dags/globsl_etl_dag.py
[2024-11-10T14:40:31.464+0000] {logging_mixin.py:190} INFO - [2024-11-10T14:40:31.463+0000] {dag.py:3239} INFO - Sync 1 DAGs
[2024-11-10T14:40:31.480+0000] {logging_mixin.py:190} INFO - [2024-11-10T14:40:31.480+0000] {dag.py:4180} INFO - Setting next_dagrun for etl_pipeline_dag to None, run_after=None
[2024-11-10T14:40:31.518+0000] {processor.py:208} INFO - Processing /opt/airflow/dags/globsl_etl_dag.py took 0.125 seconds
[2024-11-10T14:41:40.764+0000] {processor.py:186} INFO - Started process (PID=888) to work on /opt/airflow/dags/globsl_etl_dag.py
[2024-11-10T14:41:40.765+0000] {processor.py:914} INFO - Processing file /opt/airflow/dags/globsl_etl_dag.py for tasks to queue
[2024-11-10T14:41:40.767+0000] {logging_mixin.py:190} INFO - [2024-11-10T14:41:40.767+0000] {dagbag.py:588} INFO - Filling up the DagBag from /opt/airflow/dags/globsl_etl_dag.py
[2024-11-10T14:41:40.822+0000] {processor.py:925} INFO - DAG(s) 'etl_pipeline_dag' retrieved from /opt/airflow/dags/globsl_etl_dag.py
[2024-11-10T14:41:40.890+0000] {logging_mixin.py:190} INFO - [2024-11-10T14:41:40.890+0000] {dag.py:3239} INFO - Sync 1 DAGs
[2024-11-10T14:41:40.924+0000] {logging_mixin.py:190} INFO - [2024-11-10T14:41:40.923+0000] {dag.py:4180} INFO - Setting next_dagrun for etl_pipeline_dag to None, run_after=None
[2024-11-10T14:41:40.978+0000] {processor.py:208} INFO - Processing /opt/airflow/dags/globsl_etl_dag.py took 0.222 seconds
[2024-11-10T14:42:11.276+0000] {processor.py:186} INFO - Started process (PID=957) to work on /opt/airflow/dags/globsl_etl_dag.py
[2024-11-10T14:42:11.278+0000] {processor.py:914} INFO - Processing file /opt/airflow/dags/globsl_etl_dag.py for tasks to queue
[2024-11-10T14:42:11.280+0000] {logging_mixin.py:190} INFO - [2024-11-10T14:42:11.279+0000] {dagbag.py:588} INFO - Filling up the DagBag from /opt/airflow/dags/globsl_etl_dag.py
[2024-11-10T14:42:11.303+0000] {processor.py:925} INFO - DAG(s) 'etl_pipeline_dag' retrieved from /opt/airflow/dags/globsl_etl_dag.py
[2024-11-10T14:42:11.332+0000] {logging_mixin.py:190} INFO - [2024-11-10T14:42:11.331+0000] {dag.py:3239} INFO - Sync 1 DAGs
[2024-11-10T14:42:11.348+0000] {logging_mixin.py:190} INFO - [2024-11-10T14:42:11.347+0000] {dag.py:4180} INFO - Setting next_dagrun for etl_pipeline_dag to None, run_after=None
[2024-11-10T14:42:11.391+0000] {processor.py:208} INFO - Processing /opt/airflow/dags/globsl_etl_dag.py took 0.120 seconds
[2024-11-10T14:42:41.764+0000] {processor.py:186} INFO - Started process (PID=1026) to work on /opt/airflow/dags/globsl_etl_dag.py
[2024-11-10T14:42:41.765+0000] {processor.py:914} INFO - Processing file /opt/airflow/dags/globsl_etl_dag.py for tasks to queue
[2024-11-10T14:42:41.767+0000] {logging_mixin.py:190} INFO - [2024-11-10T14:42:41.766+0000] {dagbag.py:588} INFO - Filling up the DagBag from /opt/airflow/dags/globsl_etl_dag.py
[2024-11-10T14:42:41.795+0000] {processor.py:925} INFO - DAG(s) 'etl_pipeline_dag' retrieved from /opt/airflow/dags/globsl_etl_dag.py
[2024-11-10T14:42:41.834+0000] {logging_mixin.py:190} INFO - [2024-11-10T14:42:41.833+0000] {dag.py:3239} INFO - Sync 1 DAGs
[2024-11-10T14:42:41.850+0000] {logging_mixin.py:190} INFO - [2024-11-10T14:42:41.850+0000] {dag.py:4180} INFO - Setting next_dagrun for etl_pipeline_dag to None, run_after=None
[2024-11-10T14:42:41.876+0000] {processor.py:208} INFO - Processing /opt/airflow/dags/globsl_etl_dag.py took 0.118 seconds
