[2024-11-09T10:54:42.150+0000] {local_task_job_runner.py:123} INFO - ::group::Pre task execution logs
[2024-11-09T10:54:42.394+0000] {taskinstance.py:2613} INFO - Dependencies all met for dep_context=non-requeueable deps ti=<TaskInstance: dag_with_postgres_operator_v03.create_postgres_table scheduled__2022-01-03T00:00:00+00:00 [queued]>
[2024-11-09T10:54:42.414+0000] {taskinstance.py:2613} INFO - Dependencies all met for dep_context=requeueable deps ti=<TaskInstance: dag_with_postgres_operator_v03.create_postgres_table scheduled__2022-01-03T00:00:00+00:00 [queued]>
[2024-11-09T10:54:42.423+0000] {taskinstance.py:2866} INFO - Starting attempt 1 of 6
[2024-11-09T10:54:42.470+0000] {taskinstance.py:2889} INFO - Executing <Task(PostgresOperator): create_postgres_table> on 2022-01-03 00:00:00+00:00
[2024-11-09T10:54:42.489+0000] {warnings.py:112} WARNING - /home/***/.local/lib/python3.12/site-packages/***/task/task_runner/standard_task_runner.py:70: DeprecationWarning: This process (pid=236) is multi-threaded, use of fork() may lead to deadlocks in the child.
  pid = os.fork()

[2024-11-09T10:54:42.491+0000] {standard_task_runner.py:72} INFO - Started process 268 to run task
[2024-11-09T10:54:42.491+0000] {standard_task_runner.py:104} INFO - Running: ['***', 'tasks', 'run', 'dag_with_postgres_operator_v03', 'create_postgres_table', 'scheduled__2022-01-03T00:00:00+00:00', '--job-id', '17', '--raw', '--subdir', 'DAGS_FOLDER/dag_with_postgres_operator.py', '--cfg-path', '/tmp/tmpmg13alxc']
[2024-11-09T10:54:42.493+0000] {standard_task_runner.py:105} INFO - Job 17: Subtask create_postgres_table
[2024-11-09T10:54:42.617+0000] {task_command.py:467} INFO - Running <TaskInstance: dag_with_postgres_operator_v03.create_postgres_table scheduled__2022-01-03T00:00:00+00:00 [running]> on host 1669fe1f842b
[2024-11-09T10:54:44.539+0000] {taskinstance.py:3132} INFO - Exporting env vars: AIRFLOW_CTX_DAG_OWNER='coder2j' AIRFLOW_CTX_DAG_ID='dag_with_postgres_operator_v03' AIRFLOW_CTX_TASK_ID='create_postgres_table' AIRFLOW_CTX_EXECUTION_DATE='2022-01-03T00:00:00+00:00' AIRFLOW_CTX_TRY_NUMBER='1' AIRFLOW_CTX_DAG_RUN_ID='scheduled__2022-01-03T00:00:00+00:00'
[2024-11-09T10:54:44.548+0000] {logging_mixin.py:190} INFO - Task instance is in running state
[2024-11-09T10:54:44.551+0000] {logging_mixin.py:190} INFO -  Previous state of the Task instance: queued
[2024-11-09T10:54:44.553+0000] {logging_mixin.py:190} INFO - Current task name:create_postgres_table state:running start_date:2024-11-09 10:54:42.399626+00:00
[2024-11-09T10:54:44.559+0000] {logging_mixin.py:190} INFO - Dag name:dag_with_postgres_operator_v03 and current dag run status:running
[2024-11-09T10:54:44.563+0000] {taskinstance.py:731} INFO - ::endgroup::
[2024-11-09T10:54:44.566+0000] {sql.py:278} INFO - Executing: 
            create table if not exists dag_runs (
                dt date,
                dag_id character varying,
                primary key (dt, dag_id)
            )
        
[2024-11-09T10:54:44.599+0000] {base.py:84} INFO - Retrieving connection 'postgres_localhost'
[2024-11-09T10:54:44.674+0000] {base.py:84} INFO - Retrieving connection 'postgres_localhost'
