[2024-11-10T15:28:20.692+0000] {local_task_job_runner.py:123} INFO - ::group::Pre task execution logs
[2024-11-10T15:28:20.716+0000] {taskinstance.py:2613} INFO - Dependencies all met for dep_context=non-requeueable deps ti=<TaskInstance: etl_pipeline_dag_with_duration.merge_with_products manual__2024-11-10T15:21:57.162279+00:00 [queued]>
[2024-11-10T15:28:20.727+0000] {taskinstance.py:2613} INFO - Dependencies all met for dep_context=requeueable deps ti=<TaskInstance: etl_pipeline_dag_with_duration.merge_with_products manual__2024-11-10T15:21:57.162279+00:00 [queued]>
[2024-11-10T15:28:20.729+0000] {taskinstance.py:2866} INFO - Starting attempt 1 of 2
[2024-11-10T15:28:20.751+0000] {taskinstance.py:2889} INFO - Executing <Task(PythonOperator): merge_with_products> on 2024-11-10 15:21:57.162279+00:00
[2024-11-10T15:28:20.760+0000] {warnings.py:112} WARNING - /home/***/.local/lib/python3.12/site-packages/***/task/task_runner/standard_task_runner.py:70: DeprecationWarning: This process (pid=524) is multi-threaded, use of fork() may lead to deadlocks in the child.
  pid = os.fork()

[2024-11-10T15:28:20.762+0000] {standard_task_runner.py:72} INFO - Started process 526 to run task
[2024-11-10T15:28:20.763+0000] {standard_task_runner.py:104} INFO - Running: ['***', 'tasks', 'run', 'etl_pipeline_dag_with_duration', 'merge_with_products', 'manual__2024-11-10T15:21:57.162279+00:00', '--job-id', '143', '--raw', '--subdir', 'DAGS_FOLDER/etl_pipeline_dag.py', '--cfg-path', '/tmp/tmpxyj665g4']
[2024-11-10T15:28:20.764+0000] {standard_task_runner.py:105} INFO - Job 143: Subtask merge_with_products
[2024-11-10T15:28:20.822+0000] {task_command.py:467} INFO - Running <TaskInstance: etl_pipeline_dag_with_duration.merge_with_products manual__2024-11-10T15:21:57.162279+00:00 [running]> on host 1669fe1f842b
[2024-11-10T15:28:20.997+0000] {taskinstance.py:3132} INFO - Exporting env vars: AIRFLOW_CTX_DAG_OWNER='***' AIRFLOW_CTX_DAG_ID='etl_pipeline_dag_with_duration' AIRFLOW_CTX_TASK_ID='merge_with_products' AIRFLOW_CTX_EXECUTION_DATE='2024-11-10T15:21:57.162279+00:00' AIRFLOW_CTX_TRY_NUMBER='1' AIRFLOW_CTX_DAG_RUN_ID='manual__2024-11-10T15:21:57.162279+00:00'
[2024-11-10T15:28:20.999+0000] {logging_mixin.py:190} INFO - Task instance is in running state
[2024-11-10T15:28:21.000+0000] {logging_mixin.py:190} INFO -  Previous state of the Task instance: queued
[2024-11-10T15:28:21.001+0000] {logging_mixin.py:190} INFO - Current task name:merge_with_products state:running start_date:2024-11-10 15:28:20.717028+00:00
[2024-11-10T15:28:21.001+0000] {logging_mixin.py:190} INFO - Dag name:etl_pipeline_dag_with_duration and current dag run status:running
[2024-11-10T15:28:21.002+0000] {taskinstance.py:731} INFO - ::endgroup::
[2024-11-10T15:28:21.003+0000] {logging_mixin.py:190} INFO - Simulating task for 6 seconds.
[2024-11-10T15:28:27.004+0000] {python.py:240} INFO - Done. Returned value was: None
[2024-11-10T15:28:27.017+0000] {taskinstance.py:340} INFO - ::group::Post task execution logs
[2024-11-10T15:28:27.017+0000] {taskinstance.py:352} INFO - Marking task as SUCCESS. dag_id=etl_pipeline_dag_with_duration, task_id=merge_with_products, run_id=manual__2024-11-10T15:21:57.162279+00:00, execution_date=20241110T152157, start_date=20241110T152820, end_date=20241110T152827
[2024-11-10T15:28:27.037+0000] {logging_mixin.py:190} INFO - Task instance in success state
[2024-11-10T15:28:27.038+0000] {logging_mixin.py:190} INFO -  Previous state of the Task instance: running
[2024-11-10T15:28:27.039+0000] {logging_mixin.py:190} INFO - Dag name:etl_pipeline_dag_with_duration queued_at:2024-11-10 15:21:57.300030+00:00
[2024-11-10T15:28:27.040+0000] {logging_mixin.py:190} INFO - Task hostname:1669fe1f842b operator:PythonOperator
[2024-11-10T15:28:27.064+0000] {local_task_job_runner.py:266} INFO - Task exited with return code 0
[2024-11-10T15:28:27.101+0000] {taskinstance.py:3895} INFO - 1 downstream tasks scheduled from follow-on schedule check
[2024-11-10T15:28:27.106+0000] {local_task_job_runner.py:245} INFO - ::endgroup::
