[2024-11-10T15:25:24.794+0000] {local_task_job_runner.py:123} INFO - ::group::Pre task execution logs
[2024-11-10T15:25:24.865+0000] {taskinstance.py:2613} INFO - Dependencies all met for dep_context=non-requeueable deps ti=<TaskInstance: etl_pipeline_dag_with_duration.convert_json_to_csv manual__2024-11-10T15:21:57.162279+00:00 [queued]>
[2024-11-10T15:25:24.880+0000] {taskinstance.py:2613} INFO - Dependencies all met for dep_context=requeueable deps ti=<TaskInstance: etl_pipeline_dag_with_duration.convert_json_to_csv manual__2024-11-10T15:21:57.162279+00:00 [queued]>
[2024-11-10T15:25:24.883+0000] {taskinstance.py:2866} INFO - Starting attempt 1 of 2
[2024-11-10T15:25:24.918+0000] {taskinstance.py:2889} INFO - Executing <Task(PythonOperator): convert_json_to_csv> on 2024-11-10 15:21:57.162279+00:00
[2024-11-10T15:25:24.931+0000] {warnings.py:112} WARNING - /home/***/.local/lib/python3.12/site-packages/***/task/task_runner/standard_task_runner.py:70: DeprecationWarning: This process (pid=460) is multi-threaded, use of fork() may lead to deadlocks in the child.
  pid = os.fork()

[2024-11-10T15:25:24.933+0000] {standard_task_runner.py:104} INFO - Running: ['***', 'tasks', 'run', 'etl_pipeline_dag_with_duration', 'convert_json_to_csv', 'manual__2024-11-10T15:21:57.162279+00:00', '--job-id', '134', '--raw', '--subdir', 'DAGS_FOLDER/etl_pipeline_dag.py', '--cfg-path', '/tmp/tmpmoeyp0uc']
[2024-11-10T15:25:24.935+0000] {standard_task_runner.py:72} INFO - Started process 464 to run task
[2024-11-10T15:25:24.936+0000] {standard_task_runner.py:105} INFO - Job 134: Subtask convert_json_to_csv
[2024-11-10T15:25:25.045+0000] {task_command.py:467} INFO - Running <TaskInstance: etl_pipeline_dag_with_duration.convert_json_to_csv manual__2024-11-10T15:21:57.162279+00:00 [running]> on host 1669fe1f842b
[2024-11-10T15:25:25.179+0000] {taskinstance.py:3132} INFO - Exporting env vars: AIRFLOW_CTX_DAG_OWNER='***' AIRFLOW_CTX_DAG_ID='etl_pipeline_dag_with_duration' AIRFLOW_CTX_TASK_ID='convert_json_to_csv' AIRFLOW_CTX_EXECUTION_DATE='2024-11-10T15:21:57.162279+00:00' AIRFLOW_CTX_TRY_NUMBER='1' AIRFLOW_CTX_DAG_RUN_ID='manual__2024-11-10T15:21:57.162279+00:00'
[2024-11-10T15:25:25.182+0000] {logging_mixin.py:190} INFO - Task instance is in running state
[2024-11-10T15:25:25.183+0000] {logging_mixin.py:190} INFO -  Previous state of the Task instance: queued
[2024-11-10T15:25:25.183+0000] {logging_mixin.py:190} INFO - Current task name:convert_json_to_csv state:running start_date:2024-11-10 15:25:24.866135+00:00
[2024-11-10T15:25:25.184+0000] {logging_mixin.py:190} INFO - Dag name:etl_pipeline_dag_with_duration and current dag run status:running
[2024-11-10T15:25:25.184+0000] {taskinstance.py:731} INFO - ::endgroup::
[2024-11-10T15:25:25.186+0000] {logging_mixin.py:190} INFO - Simulating task for 3 seconds.
[2024-11-10T15:25:28.187+0000] {python.py:240} INFO - Done. Returned value was: None
[2024-11-10T15:25:28.211+0000] {taskinstance.py:340} INFO - ::group::Post task execution logs
[2024-11-10T15:25:28.212+0000] {taskinstance.py:352} INFO - Marking task as SUCCESS. dag_id=etl_pipeline_dag_with_duration, task_id=convert_json_to_csv, run_id=manual__2024-11-10T15:21:57.162279+00:00, execution_date=20241110T152157, start_date=20241110T152524, end_date=20241110T152528
[2024-11-10T15:25:28.241+0000] {logging_mixin.py:190} INFO - Task instance in success state
[2024-11-10T15:25:28.242+0000] {logging_mixin.py:190} INFO -  Previous state of the Task instance: running
[2024-11-10T15:25:28.242+0000] {logging_mixin.py:190} INFO - Dag name:etl_pipeline_dag_with_duration queued_at:2024-11-10 15:21:57.300030+00:00
[2024-11-10T15:25:28.243+0000] {logging_mixin.py:190} INFO - Task hostname:1669fe1f842b operator:PythonOperator
[2024-11-10T15:25:28.291+0000] {local_task_job_runner.py:266} INFO - Task exited with return code 0
[2024-11-10T15:25:28.349+0000] {taskinstance.py:3895} INFO - 1 downstream tasks scheduled from follow-on schedule check
[2024-11-10T15:25:28.357+0000] {local_task_job_runner.py:245} INFO - ::endgroup::
