[2024-11-10T14:02:21.891+0000] {local_task_job_runner.py:123} INFO - ::group::Pre task execution logs
[2024-11-10T14:02:22.119+0000] {taskinstance.py:2613} INFO - Dependencies all met for dep_context=non-requeueable deps ti=<TaskInstance: master_etl_dag.trigger_extract_dag manual__2024-11-10T14:01:37.940948+00:00 [queued]>
[2024-11-10T14:02:22.191+0000] {taskinstance.py:2613} INFO - Dependencies all met for dep_context=requeueable deps ti=<TaskInstance: master_etl_dag.trigger_extract_dag manual__2024-11-10T14:01:37.940948+00:00 [queued]>
[2024-11-10T14:02:22.201+0000] {taskinstance.py:2866} INFO - Starting attempt 1 of 2
[2024-11-10T14:02:22.253+0000] {taskinstance.py:2889} INFO - Executing <Task(TriggerDagRunOperator): trigger_extract_dag> on 2024-11-10 14:01:37.940948+00:00
[2024-11-10T14:02:22.266+0000] {standard_task_runner.py:104} INFO - Running: ['***', 'tasks', 'run', 'master_etl_dag', 'trigger_extract_dag', 'manual__2024-11-10T14:01:37.940948+00:00', '--job-id', '82', '--raw', '--subdir', 'DAGS_FOLDER/master_etl_dag.py', '--cfg-path', '/tmp/tmpm0gi1ph4']
[2024-11-10T14:02:22.277+0000] {standard_task_runner.py:105} INFO - Job 82: Subtask trigger_extract_dag
[2024-11-10T14:02:22.275+0000] {warnings.py:112} WARNING - /home/***/.local/lib/python3.12/site-packages/***/task/task_runner/standard_task_runner.py:70: DeprecationWarning: This process (pid=76) is multi-threaded, use of fork() may lead to deadlocks in the child.
  pid = os.fork()

[2024-11-10T14:02:22.286+0000] {standard_task_runner.py:72} INFO - Started process 78 to run task
[2024-11-10T14:02:22.413+0000] {task_command.py:467} INFO - Running <TaskInstance: master_etl_dag.trigger_extract_dag manual__2024-11-10T14:01:37.940948+00:00 [running]> on host 1669fe1f842b
[2024-11-10T14:02:22.622+0000] {taskinstance.py:3132} INFO - Exporting env vars: AIRFLOW_CTX_DAG_OWNER='***' AIRFLOW_CTX_DAG_ID='master_etl_dag' AIRFLOW_CTX_TASK_ID='trigger_extract_dag' AIRFLOW_CTX_EXECUTION_DATE='2024-11-10T14:01:37.940948+00:00' AIRFLOW_CTX_TRY_NUMBER='1' AIRFLOW_CTX_DAG_RUN_ID='manual__2024-11-10T14:01:37.940948+00:00'
[2024-11-10T14:02:22.625+0000] {logging_mixin.py:190} INFO - Task instance is in running state
[2024-11-10T14:02:22.626+0000] {logging_mixin.py:190} INFO -  Previous state of the Task instance: queued
[2024-11-10T14:02:22.626+0000] {logging_mixin.py:190} INFO - Current task name:trigger_extract_dag state:running start_date:2024-11-10 14:02:22.123024+00:00
[2024-11-10T14:02:22.627+0000] {logging_mixin.py:190} INFO - Dag name:master_etl_dag and current dag run status:running
[2024-11-10T14:02:22.628+0000] {taskinstance.py:731} INFO - ::endgroup::
[2024-11-10T14:02:22.914+0000] {trigger_dagrun.py:257} INFO - Waiting for extract_dag on 2024-11-10 14:02:22.629174+00:00 to become allowed state ['success'] ...
[2024-11-10T14:03:25.636+0000] {trigger_dagrun.py:257} INFO - Waiting for extract_dag on 2024-11-10 14:02:22.629174+00:00 to become allowed state ['success'] ...
[2024-11-10T14:03:25.694+0000] {job.py:229} INFO - Heartbeat recovered after 16.68 seconds
[2024-11-10T14:04:37.848+0000] {trigger_dagrun.py:257} INFO - Waiting for extract_dag on 2024-11-10 14:02:22.629174+00:00 to become allowed state ['success'] ...
[2024-11-10T14:04:38.406+0000] {job.py:229} INFO - Heartbeat recovered after 72.75 seconds
[2024-11-10T14:05:17.658+0000] {job.py:229} INFO - Heartbeat recovered after 22.72 seconds
[2024-11-10T14:05:28.667+0000] {job.py:229} INFO - Heartbeat recovered after 11.03 seconds
[2024-11-10T14:05:47.655+0000] {trigger_dagrun.py:257} INFO - Waiting for extract_dag on 2024-11-10 14:02:22.629174+00:00 to become allowed state ['success'] ...
[2024-11-10T14:05:47.662+0000] {job.py:229} INFO - Heartbeat recovered after 13.90 seconds
[2024-11-10T14:06:47.713+0000] {trigger_dagrun.py:257} INFO - Waiting for extract_dag on 2024-11-10 14:02:22.629174+00:00 to become allowed state ['success'] ...
[2024-11-10T14:06:47.720+0000] {job.py:229} INFO - Heartbeat recovered after 24.33 seconds
