[2024-11-08T14:32:07.410+0000] {processor.py:186} INFO - Started process (PID=88) to work on /home/airflow/.local/lib/python3.12/site-packages/airflow/example_dags/example_display_name.py
[2024-11-08T14:32:07.411+0000] {processor.py:914} INFO - Processing file /home/airflow/.local/lib/python3.12/site-packages/airflow/example_dags/example_display_name.py for tasks to queue
[2024-11-08T14:32:07.414+0000] {logging_mixin.py:190} INFO - [2024-11-08T14:32:07.414+0000] {dagbag.py:588} INFO - Filling up the DagBag from /home/airflow/.local/lib/python3.12/site-packages/airflow/example_dags/example_display_name.py
[2024-11-08T14:32:07.424+0000] {processor.py:925} INFO - DAG(s) 'example_display_name' retrieved from /home/airflow/.local/lib/python3.12/site-packages/airflow/example_dags/example_display_name.py
[2024-11-08T14:32:07.546+0000] {logging_mixin.py:190} INFO - [2024-11-08T14:32:07.545+0000] {override.py:1911} INFO - Created Permission View: can delete on DAG:example_display_name
[2024-11-08T14:32:07.560+0000] {logging_mixin.py:190} INFO - [2024-11-08T14:32:07.560+0000] {override.py:1911} INFO - Created Permission View: can edit on DAG:example_display_name
[2024-11-08T14:32:07.571+0000] {logging_mixin.py:190} INFO - [2024-11-08T14:32:07.570+0000] {override.py:1911} INFO - Created Permission View: can read on DAG:example_display_name
[2024-11-08T14:32:07.586+0000] {logging_mixin.py:190} INFO - [2024-11-08T14:32:07.585+0000] {override.py:1911} INFO - Created Permission View: can create on DAG Run:example_display_name
[2024-11-08T14:32:07.595+0000] {logging_mixin.py:190} INFO - [2024-11-08T14:32:07.595+0000] {override.py:1911} INFO - Created Permission View: menu access on DAG Run:example_display_name
[2024-11-08T14:32:07.609+0000] {logging_mixin.py:190} INFO - [2024-11-08T14:32:07.609+0000] {override.py:1911} INFO - Created Permission View: can delete on DAG Run:example_display_name
[2024-11-08T14:32:07.623+0000] {logging_mixin.py:190} INFO - [2024-11-08T14:32:07.623+0000] {override.py:1911} INFO - Created Permission View: can read on DAG Run:example_display_name
[2024-11-08T14:32:07.624+0000] {logging_mixin.py:190} INFO - [2024-11-08T14:32:07.624+0000] {dag.py:3239} INFO - Sync 1 DAGs
[2024-11-08T14:32:07.638+0000] {logging_mixin.py:190} INFO - [2024-11-08T14:32:07.638+0000] {dag.py:3262} INFO - Creating ORM DAG for example_display_name
[2024-11-08T14:32:07.639+0000] {logging_mixin.py:190} INFO - [2024-11-08T14:32:07.639+0000] {dag.py:4180} INFO - Setting next_dagrun for example_display_name to None, run_after=None
[2024-11-08T14:32:07.664+0000] {processor.py:208} INFO - Processing /home/airflow/.local/lib/python3.12/site-packages/airflow/example_dags/example_display_name.py took 0.261 seconds
[2024-11-08T14:32:39.511+0000] {processor.py:186} INFO - Started process (PID=151) to work on /home/airflow/.local/lib/python3.12/site-packages/airflow/example_dags/example_display_name.py
[2024-11-08T14:32:39.513+0000] {processor.py:914} INFO - Processing file /home/airflow/.local/lib/python3.12/site-packages/airflow/example_dags/example_display_name.py for tasks to queue
[2024-11-08T14:32:39.516+0000] {logging_mixin.py:190} INFO - [2024-11-08T14:32:39.515+0000] {dagbag.py:588} INFO - Filling up the DagBag from /home/airflow/.local/lib/python3.12/site-packages/airflow/example_dags/example_display_name.py
[2024-11-08T14:32:39.524+0000] {processor.py:925} INFO - DAG(s) 'example_display_name' retrieved from /home/airflow/.local/lib/python3.12/site-packages/airflow/example_dags/example_display_name.py
[2024-11-08T14:32:39.546+0000] {logging_mixin.py:190} INFO - [2024-11-08T14:32:39.546+0000] {dag.py:3239} INFO - Sync 1 DAGs
[2024-11-08T14:32:39.563+0000] {logging_mixin.py:190} INFO - [2024-11-08T14:32:39.562+0000] {dag.py:4180} INFO - Setting next_dagrun for example_display_name to None, run_after=None
[2024-11-08T14:32:39.586+0000] {processor.py:208} INFO - Processing /home/airflow/.local/lib/python3.12/site-packages/airflow/example_dags/example_display_name.py took 0.081 seconds
[2024-11-08T14:33:10.722+0000] {processor.py:186} INFO - Started process (PID=214) to work on /home/airflow/.local/lib/python3.12/site-packages/airflow/example_dags/example_display_name.py
[2024-11-08T14:33:10.724+0000] {processor.py:914} INFO - Processing file /home/airflow/.local/lib/python3.12/site-packages/airflow/example_dags/example_display_name.py for tasks to queue
[2024-11-08T14:33:10.728+0000] {logging_mixin.py:190} INFO - [2024-11-08T14:33:10.727+0000] {dagbag.py:588} INFO - Filling up the DagBag from /home/airflow/.local/lib/python3.12/site-packages/airflow/example_dags/example_display_name.py
[2024-11-08T14:33:10.736+0000] {processor.py:925} INFO - DAG(s) 'example_display_name' retrieved from /home/airflow/.local/lib/python3.12/site-packages/airflow/example_dags/example_display_name.py
[2024-11-08T14:33:10.757+0000] {logging_mixin.py:190} INFO - [2024-11-08T14:33:10.757+0000] {dag.py:3239} INFO - Sync 1 DAGs
[2024-11-08T14:33:10.774+0000] {logging_mixin.py:190} INFO - [2024-11-08T14:33:10.774+0000] {dag.py:4180} INFO - Setting next_dagrun for example_display_name to None, run_after=None
[2024-11-08T14:33:10.888+0000] {processor.py:208} INFO - Processing /home/airflow/.local/lib/python3.12/site-packages/airflow/example_dags/example_display_name.py took 0.174 seconds
[2024-11-08T14:33:43.144+0000] {processor.py:186} INFO - Started process (PID=277) to work on /home/airflow/.local/lib/python3.12/site-packages/airflow/example_dags/example_display_name.py
[2024-11-08T14:33:43.145+0000] {processor.py:914} INFO - Processing file /home/airflow/.local/lib/python3.12/site-packages/airflow/example_dags/example_display_name.py for tasks to queue
[2024-11-08T14:33:43.149+0000] {logging_mixin.py:190} INFO - [2024-11-08T14:33:43.148+0000] {dagbag.py:588} INFO - Filling up the DagBag from /home/airflow/.local/lib/python3.12/site-packages/airflow/example_dags/example_display_name.py
[2024-11-08T14:33:43.158+0000] {processor.py:925} INFO - DAG(s) 'example_display_name' retrieved from /home/airflow/.local/lib/python3.12/site-packages/airflow/example_dags/example_display_name.py
[2024-11-08T14:33:43.179+0000] {logging_mixin.py:190} INFO - [2024-11-08T14:33:43.179+0000] {dag.py:3239} INFO - Sync 1 DAGs
[2024-11-08T14:33:43.195+0000] {logging_mixin.py:190} INFO - [2024-11-08T14:33:43.195+0000] {dag.py:4180} INFO - Setting next_dagrun for example_display_name to None, run_after=None
[2024-11-08T14:33:43.222+0000] {processor.py:208} INFO - Processing /home/airflow/.local/lib/python3.12/site-packages/airflow/example_dags/example_display_name.py took 0.085 seconds
[2024-11-08T14:34:14.017+0000] {processor.py:186} INFO - Started process (PID=339) to work on /home/airflow/.local/lib/python3.12/site-packages/airflow/example_dags/example_display_name.py
[2024-11-08T14:34:14.020+0000] {processor.py:914} INFO - Processing file /home/airflow/.local/lib/python3.12/site-packages/airflow/example_dags/example_display_name.py for tasks to queue
[2024-11-08T14:34:14.023+0000] {logging_mixin.py:190} INFO - [2024-11-08T14:34:14.022+0000] {dagbag.py:588} INFO - Filling up the DagBag from /home/airflow/.local/lib/python3.12/site-packages/airflow/example_dags/example_display_name.py
[2024-11-08T14:34:14.031+0000] {processor.py:925} INFO - DAG(s) 'example_display_name' retrieved from /home/airflow/.local/lib/python3.12/site-packages/airflow/example_dags/example_display_name.py
[2024-11-08T14:34:14.053+0000] {logging_mixin.py:190} INFO - [2024-11-08T14:34:14.052+0000] {dag.py:3239} INFO - Sync 1 DAGs
[2024-11-08T14:34:14.069+0000] {logging_mixin.py:190} INFO - [2024-11-08T14:34:14.069+0000] {dag.py:4180} INFO - Setting next_dagrun for example_display_name to None, run_after=None
[2024-11-08T14:34:14.100+0000] {processor.py:208} INFO - Processing /home/airflow/.local/lib/python3.12/site-packages/airflow/example_dags/example_display_name.py took 0.090 seconds
[2024-11-08T14:34:45.199+0000] {processor.py:186} INFO - Started process (PID=402) to work on /home/airflow/.local/lib/python3.12/site-packages/airflow/example_dags/example_display_name.py
[2024-11-08T14:34:45.200+0000] {processor.py:914} INFO - Processing file /home/airflow/.local/lib/python3.12/site-packages/airflow/example_dags/example_display_name.py for tasks to queue
[2024-11-08T14:34:45.203+0000] {logging_mixin.py:190} INFO - [2024-11-08T14:34:45.203+0000] {dagbag.py:588} INFO - Filling up the DagBag from /home/airflow/.local/lib/python3.12/site-packages/airflow/example_dags/example_display_name.py
[2024-11-08T14:34:45.211+0000] {processor.py:925} INFO - DAG(s) 'example_display_name' retrieved from /home/airflow/.local/lib/python3.12/site-packages/airflow/example_dags/example_display_name.py
[2024-11-08T14:34:45.254+0000] {logging_mixin.py:190} INFO - [2024-11-08T14:34:45.253+0000] {dag.py:3239} INFO - Sync 1 DAGs
[2024-11-08T14:34:45.272+0000] {logging_mixin.py:190} INFO - [2024-11-08T14:34:45.272+0000] {dag.py:4180} INFO - Setting next_dagrun for example_display_name to None, run_after=None
[2024-11-08T14:34:45.297+0000] {processor.py:208} INFO - Processing /home/airflow/.local/lib/python3.12/site-packages/airflow/example_dags/example_display_name.py took 0.104 seconds
[2024-11-08T14:35:19.677+0000] {processor.py:186} INFO - Started process (PID=466) to work on /home/airflow/.local/lib/python3.12/site-packages/airflow/example_dags/example_display_name.py
[2024-11-08T14:35:19.740+0000] {processor.py:914} INFO - Processing file /home/airflow/.local/lib/python3.12/site-packages/airflow/example_dags/example_display_name.py for tasks to queue
[2024-11-08T14:35:19.743+0000] {logging_mixin.py:190} INFO - [2024-11-08T14:35:19.742+0000] {dagbag.py:588} INFO - Filling up the DagBag from /home/airflow/.local/lib/python3.12/site-packages/airflow/example_dags/example_display_name.py
[2024-11-08T14:35:19.755+0000] {processor.py:925} INFO - DAG(s) 'example_display_name' retrieved from /home/airflow/.local/lib/python3.12/site-packages/airflow/example_dags/example_display_name.py
[2024-11-08T14:35:19.785+0000] {logging_mixin.py:190} INFO - [2024-11-08T14:35:19.784+0000] {dag.py:3239} INFO - Sync 1 DAGs
[2024-11-08T14:35:19.809+0000] {logging_mixin.py:190} INFO - [2024-11-08T14:35:19.809+0000] {dag.py:4180} INFO - Setting next_dagrun for example_display_name to None, run_after=None
[2024-11-08T14:35:20.365+0000] {processor.py:208} INFO - Processing /home/airflow/.local/lib/python3.12/site-packages/airflow/example_dags/example_display_name.py took 0.708 seconds
[2024-11-08T14:35:50.722+0000] {processor.py:186} INFO - Started process (PID=528) to work on /home/airflow/.local/lib/python3.12/site-packages/airflow/example_dags/example_display_name.py
[2024-11-08T14:35:50.724+0000] {processor.py:914} INFO - Processing file /home/airflow/.local/lib/python3.12/site-packages/airflow/example_dags/example_display_name.py for tasks to queue
[2024-11-08T14:35:50.727+0000] {logging_mixin.py:190} INFO - [2024-11-08T14:35:50.727+0000] {dagbag.py:588} INFO - Filling up the DagBag from /home/airflow/.local/lib/python3.12/site-packages/airflow/example_dags/example_display_name.py
[2024-11-08T14:35:50.737+0000] {processor.py:925} INFO - DAG(s) 'example_display_name' retrieved from /home/airflow/.local/lib/python3.12/site-packages/airflow/example_dags/example_display_name.py
[2024-11-08T14:35:50.759+0000] {logging_mixin.py:190} INFO - [2024-11-08T14:35:50.758+0000] {dag.py:3239} INFO - Sync 1 DAGs
[2024-11-08T14:35:50.777+0000] {logging_mixin.py:190} INFO - [2024-11-08T14:35:50.777+0000] {dag.py:4180} INFO - Setting next_dagrun for example_display_name to None, run_after=None
[2024-11-08T14:35:50.808+0000] {processor.py:208} INFO - Processing /home/airflow/.local/lib/python3.12/site-packages/airflow/example_dags/example_display_name.py took 0.092 seconds
[2024-11-08T14:36:20.966+0000] {processor.py:186} INFO - Started process (PID=592) to work on /home/airflow/.local/lib/python3.12/site-packages/airflow/example_dags/example_display_name.py
[2024-11-08T14:36:20.967+0000] {processor.py:914} INFO - Processing file /home/airflow/.local/lib/python3.12/site-packages/airflow/example_dags/example_display_name.py for tasks to queue
[2024-11-08T14:36:20.970+0000] {logging_mixin.py:190} INFO - [2024-11-08T14:36:20.970+0000] {dagbag.py:588} INFO - Filling up the DagBag from /home/airflow/.local/lib/python3.12/site-packages/airflow/example_dags/example_display_name.py
[2024-11-08T14:36:20.979+0000] {processor.py:925} INFO - DAG(s) 'example_display_name' retrieved from /home/airflow/.local/lib/python3.12/site-packages/airflow/example_dags/example_display_name.py
[2024-11-08T14:36:21.001+0000] {logging_mixin.py:190} INFO - [2024-11-08T14:36:21.001+0000] {dag.py:3239} INFO - Sync 1 DAGs
[2024-11-08T14:36:21.020+0000] {logging_mixin.py:190} INFO - [2024-11-08T14:36:21.020+0000] {dag.py:4180} INFO - Setting next_dagrun for example_display_name to None, run_after=None
[2024-11-08T14:36:21.045+0000] {processor.py:208} INFO - Processing /home/airflow/.local/lib/python3.12/site-packages/airflow/example_dags/example_display_name.py took 0.086 seconds
[2024-11-08T14:36:51.086+0000] {processor.py:186} INFO - Started process (PID=655) to work on /home/airflow/.local/lib/python3.12/site-packages/airflow/example_dags/example_display_name.py
[2024-11-08T14:36:51.087+0000] {processor.py:914} INFO - Processing file /home/airflow/.local/lib/python3.12/site-packages/airflow/example_dags/example_display_name.py for tasks to queue
[2024-11-08T14:36:51.089+0000] {logging_mixin.py:190} INFO - [2024-11-08T14:36:51.089+0000] {dagbag.py:588} INFO - Filling up the DagBag from /home/airflow/.local/lib/python3.12/site-packages/airflow/example_dags/example_display_name.py
[2024-11-08T14:36:51.097+0000] {processor.py:925} INFO - DAG(s) 'example_display_name' retrieved from /home/airflow/.local/lib/python3.12/site-packages/airflow/example_dags/example_display_name.py
[2024-11-08T14:36:51.116+0000] {logging_mixin.py:190} INFO - [2024-11-08T14:36:51.115+0000] {dag.py:3239} INFO - Sync 1 DAGs
[2024-11-08T14:36:51.130+0000] {logging_mixin.py:190} INFO - [2024-11-08T14:36:51.130+0000] {dag.py:4180} INFO - Setting next_dagrun for example_display_name to None, run_after=None
[2024-11-08T14:36:51.161+0000] {processor.py:208} INFO - Processing /home/airflow/.local/lib/python3.12/site-packages/airflow/example_dags/example_display_name.py took 0.082 seconds
[2024-11-08T14:37:22.001+0000] {processor.py:186} INFO - Started process (PID=717) to work on /home/airflow/.local/lib/python3.12/site-packages/airflow/example_dags/example_display_name.py
[2024-11-08T14:37:22.002+0000] {processor.py:914} INFO - Processing file /home/airflow/.local/lib/python3.12/site-packages/airflow/example_dags/example_display_name.py for tasks to queue
[2024-11-08T14:37:22.005+0000] {logging_mixin.py:190} INFO - [2024-11-08T14:37:22.005+0000] {dagbag.py:588} INFO - Filling up the DagBag from /home/airflow/.local/lib/python3.12/site-packages/airflow/example_dags/example_display_name.py
[2024-11-08T14:37:22.013+0000] {processor.py:925} INFO - DAG(s) 'example_display_name' retrieved from /home/airflow/.local/lib/python3.12/site-packages/airflow/example_dags/example_display_name.py
[2024-11-08T14:37:22.032+0000] {logging_mixin.py:190} INFO - [2024-11-08T14:37:22.032+0000] {dag.py:3239} INFO - Sync 1 DAGs
[2024-11-08T14:37:22.047+0000] {logging_mixin.py:190} INFO - [2024-11-08T14:37:22.047+0000] {dag.py:4180} INFO - Setting next_dagrun for example_display_name to None, run_after=None
[2024-11-08T14:37:22.073+0000] {processor.py:208} INFO - Processing /home/airflow/.local/lib/python3.12/site-packages/airflow/example_dags/example_display_name.py took 0.078 seconds
[2024-11-08T14:37:52.441+0000] {processor.py:186} INFO - Started process (PID=781) to work on /home/airflow/.local/lib/python3.12/site-packages/airflow/example_dags/example_display_name.py
[2024-11-08T14:37:52.442+0000] {processor.py:914} INFO - Processing file /home/airflow/.local/lib/python3.12/site-packages/airflow/example_dags/example_display_name.py for tasks to queue
[2024-11-08T14:37:52.445+0000] {logging_mixin.py:190} INFO - [2024-11-08T14:37:52.445+0000] {dagbag.py:588} INFO - Filling up the DagBag from /home/airflow/.local/lib/python3.12/site-packages/airflow/example_dags/example_display_name.py
[2024-11-08T14:37:52.454+0000] {processor.py:925} INFO - DAG(s) 'example_display_name' retrieved from /home/airflow/.local/lib/python3.12/site-packages/airflow/example_dags/example_display_name.py
[2024-11-08T14:37:52.473+0000] {logging_mixin.py:190} INFO - [2024-11-08T14:37:52.473+0000] {dag.py:3239} INFO - Sync 1 DAGs
[2024-11-08T14:37:52.488+0000] {logging_mixin.py:190} INFO - [2024-11-08T14:37:52.488+0000] {dag.py:4180} INFO - Setting next_dagrun for example_display_name to None, run_after=None
[2024-11-08T14:37:52.568+0000] {processor.py:208} INFO - Processing /home/airflow/.local/lib/python3.12/site-packages/airflow/example_dags/example_display_name.py took 0.133 seconds
[2024-11-08T14:38:23.051+0000] {processor.py:186} INFO - Started process (PID=842) to work on /home/airflow/.local/lib/python3.12/site-packages/airflow/example_dags/example_display_name.py
[2024-11-08T14:38:23.052+0000] {processor.py:914} INFO - Processing file /home/airflow/.local/lib/python3.12/site-packages/airflow/example_dags/example_display_name.py for tasks to queue
[2024-11-08T14:38:23.054+0000] {logging_mixin.py:190} INFO - [2024-11-08T14:38:23.054+0000] {dagbag.py:588} INFO - Filling up the DagBag from /home/airflow/.local/lib/python3.12/site-packages/airflow/example_dags/example_display_name.py
[2024-11-08T14:38:23.062+0000] {processor.py:925} INFO - DAG(s) 'example_display_name' retrieved from /home/airflow/.local/lib/python3.12/site-packages/airflow/example_dags/example_display_name.py
[2024-11-08T14:38:23.080+0000] {logging_mixin.py:190} INFO - [2024-11-08T14:38:23.080+0000] {dag.py:3239} INFO - Sync 1 DAGs
[2024-11-08T14:38:23.093+0000] {logging_mixin.py:190} INFO - [2024-11-08T14:38:23.093+0000] {dag.py:4180} INFO - Setting next_dagrun for example_display_name to None, run_after=None
[2024-11-08T14:38:23.155+0000] {processor.py:208} INFO - Processing /home/airflow/.local/lib/python3.12/site-packages/airflow/example_dags/example_display_name.py took 0.110 seconds
[2024-11-08T14:38:54.108+0000] {processor.py:186} INFO - Started process (PID=905) to work on /home/airflow/.local/lib/python3.12/site-packages/airflow/example_dags/example_display_name.py
[2024-11-08T14:38:54.109+0000] {processor.py:914} INFO - Processing file /home/airflow/.local/lib/python3.12/site-packages/airflow/example_dags/example_display_name.py for tasks to queue
[2024-11-08T14:38:54.113+0000] {logging_mixin.py:190} INFO - [2024-11-08T14:38:54.112+0000] {dagbag.py:588} INFO - Filling up the DagBag from /home/airflow/.local/lib/python3.12/site-packages/airflow/example_dags/example_display_name.py
[2024-11-08T14:38:54.121+0000] {processor.py:925} INFO - DAG(s) 'example_display_name' retrieved from /home/airflow/.local/lib/python3.12/site-packages/airflow/example_dags/example_display_name.py
[2024-11-08T14:38:54.141+0000] {logging_mixin.py:190} INFO - [2024-11-08T14:38:54.141+0000] {dag.py:3239} INFO - Sync 1 DAGs
[2024-11-08T14:38:54.157+0000] {logging_mixin.py:190} INFO - [2024-11-08T14:38:54.157+0000] {dag.py:4180} INFO - Setting next_dagrun for example_display_name to None, run_after=None
[2024-11-08T14:38:54.181+0000] {processor.py:208} INFO - Processing /home/airflow/.local/lib/python3.12/site-packages/airflow/example_dags/example_display_name.py took 0.080 seconds
[2024-11-08T14:39:24.338+0000] {processor.py:186} INFO - Started process (PID=967) to work on /home/airflow/.local/lib/python3.12/site-packages/airflow/example_dags/example_display_name.py
[2024-11-08T14:39:24.340+0000] {processor.py:914} INFO - Processing file /home/airflow/.local/lib/python3.12/site-packages/airflow/example_dags/example_display_name.py for tasks to queue
[2024-11-08T14:39:24.343+0000] {logging_mixin.py:190} INFO - [2024-11-08T14:39:24.343+0000] {dagbag.py:588} INFO - Filling up the DagBag from /home/airflow/.local/lib/python3.12/site-packages/airflow/example_dags/example_display_name.py
[2024-11-08T14:39:24.352+0000] {processor.py:925} INFO - DAG(s) 'example_display_name' retrieved from /home/airflow/.local/lib/python3.12/site-packages/airflow/example_dags/example_display_name.py
[2024-11-08T14:39:24.381+0000] {logging_mixin.py:190} INFO - [2024-11-08T14:39:24.381+0000] {dag.py:3239} INFO - Sync 1 DAGs
[2024-11-08T14:39:24.400+0000] {logging_mixin.py:190} INFO - [2024-11-08T14:39:24.399+0000] {dag.py:4180} INFO - Setting next_dagrun for example_display_name to None, run_after=None
[2024-11-08T14:39:24.443+0000] {processor.py:208} INFO - Processing /home/airflow/.local/lib/python3.12/site-packages/airflow/example_dags/example_display_name.py took 0.112 seconds
[2024-11-08T14:39:54.938+0000] {processor.py:186} INFO - Started process (PID=1030) to work on /home/airflow/.local/lib/python3.12/site-packages/airflow/example_dags/example_display_name.py
[2024-11-08T14:39:54.939+0000] {processor.py:914} INFO - Processing file /home/airflow/.local/lib/python3.12/site-packages/airflow/example_dags/example_display_name.py for tasks to queue
[2024-11-08T14:39:54.942+0000] {logging_mixin.py:190} INFO - [2024-11-08T14:39:54.941+0000] {dagbag.py:588} INFO - Filling up the DagBag from /home/airflow/.local/lib/python3.12/site-packages/airflow/example_dags/example_display_name.py
[2024-11-08T14:39:54.949+0000] {processor.py:925} INFO - DAG(s) 'example_display_name' retrieved from /home/airflow/.local/lib/python3.12/site-packages/airflow/example_dags/example_display_name.py
[2024-11-08T14:39:54.969+0000] {logging_mixin.py:190} INFO - [2024-11-08T14:39:54.968+0000] {dag.py:3239} INFO - Sync 1 DAGs
[2024-11-08T14:39:54.984+0000] {logging_mixin.py:190} INFO - [2024-11-08T14:39:54.983+0000] {dag.py:4180} INFO - Setting next_dagrun for example_display_name to None, run_after=None
[2024-11-08T14:39:55.010+0000] {processor.py:208} INFO - Processing /home/airflow/.local/lib/python3.12/site-packages/airflow/example_dags/example_display_name.py took 0.079 seconds
[2024-11-08T14:40:25.820+0000] {processor.py:186} INFO - Started process (PID=1093) to work on /home/airflow/.local/lib/python3.12/site-packages/airflow/example_dags/example_display_name.py
[2024-11-08T14:40:25.821+0000] {processor.py:914} INFO - Processing file /home/airflow/.local/lib/python3.12/site-packages/airflow/example_dags/example_display_name.py for tasks to queue
[2024-11-08T14:40:25.823+0000] {logging_mixin.py:190} INFO - [2024-11-08T14:40:25.823+0000] {dagbag.py:588} INFO - Filling up the DagBag from /home/airflow/.local/lib/python3.12/site-packages/airflow/example_dags/example_display_name.py
[2024-11-08T14:40:25.832+0000] {processor.py:925} INFO - DAG(s) 'example_display_name' retrieved from /home/airflow/.local/lib/python3.12/site-packages/airflow/example_dags/example_display_name.py
[2024-11-08T14:40:25.852+0000] {logging_mixin.py:190} INFO - [2024-11-08T14:40:25.851+0000] {dag.py:3239} INFO - Sync 1 DAGs
[2024-11-08T14:40:25.867+0000] {logging_mixin.py:190} INFO - [2024-11-08T14:40:25.866+0000] {dag.py:4180} INFO - Setting next_dagrun for example_display_name to None, run_after=None
[2024-11-08T14:40:26.065+0000] {processor.py:208} INFO - Processing /home/airflow/.local/lib/python3.12/site-packages/airflow/example_dags/example_display_name.py took 0.251 seconds
[2024-11-08T14:40:56.250+0000] {processor.py:186} INFO - Started process (PID=1162) to work on /home/airflow/.local/lib/python3.12/site-packages/airflow/example_dags/example_display_name.py
[2024-11-08T14:40:56.251+0000] {processor.py:914} INFO - Processing file /home/airflow/.local/lib/python3.12/site-packages/airflow/example_dags/example_display_name.py for tasks to queue
[2024-11-08T14:40:56.253+0000] {logging_mixin.py:190} INFO - [2024-11-08T14:40:56.253+0000] {dagbag.py:588} INFO - Filling up the DagBag from /home/airflow/.local/lib/python3.12/site-packages/airflow/example_dags/example_display_name.py
[2024-11-08T14:40:56.261+0000] {processor.py:925} INFO - DAG(s) 'example_display_name' retrieved from /home/airflow/.local/lib/python3.12/site-packages/airflow/example_dags/example_display_name.py
[2024-11-08T14:40:56.281+0000] {logging_mixin.py:190} INFO - [2024-11-08T14:40:56.280+0000] {dag.py:3239} INFO - Sync 1 DAGs
[2024-11-08T14:40:56.296+0000] {logging_mixin.py:190} INFO - [2024-11-08T14:40:56.295+0000] {dag.py:4180} INFO - Setting next_dagrun for example_display_name to None, run_after=None
[2024-11-08T14:40:56.542+0000] {processor.py:208} INFO - Processing /home/airflow/.local/lib/python3.12/site-packages/airflow/example_dags/example_display_name.py took 0.299 seconds
[2024-11-08T14:41:26.797+0000] {processor.py:186} INFO - Started process (PID=1225) to work on /home/airflow/.local/lib/python3.12/site-packages/airflow/example_dags/example_display_name.py
[2024-11-08T14:41:26.798+0000] {processor.py:914} INFO - Processing file /home/airflow/.local/lib/python3.12/site-packages/airflow/example_dags/example_display_name.py for tasks to queue
[2024-11-08T14:41:26.804+0000] {logging_mixin.py:190} INFO - [2024-11-08T14:41:26.804+0000] {dagbag.py:588} INFO - Filling up the DagBag from /home/airflow/.local/lib/python3.12/site-packages/airflow/example_dags/example_display_name.py
[2024-11-08T14:41:26.813+0000] {processor.py:925} INFO - DAG(s) 'example_display_name' retrieved from /home/airflow/.local/lib/python3.12/site-packages/airflow/example_dags/example_display_name.py
[2024-11-08T14:41:26.843+0000] {logging_mixin.py:190} INFO - [2024-11-08T14:41:26.843+0000] {dag.py:3239} INFO - Sync 1 DAGs
[2024-11-08T14:41:26.870+0000] {logging_mixin.py:190} INFO - [2024-11-08T14:41:26.870+0000] {dag.py:4180} INFO - Setting next_dagrun for example_display_name to None, run_after=None
[2024-11-08T14:41:27.241+0000] {processor.py:208} INFO - Processing /home/airflow/.local/lib/python3.12/site-packages/airflow/example_dags/example_display_name.py took 0.450 seconds
[2024-11-08T14:41:58.068+0000] {processor.py:186} INFO - Started process (PID=1288) to work on /home/airflow/.local/lib/python3.12/site-packages/airflow/example_dags/example_display_name.py
[2024-11-08T14:41:58.069+0000] {processor.py:914} INFO - Processing file /home/airflow/.local/lib/python3.12/site-packages/airflow/example_dags/example_display_name.py for tasks to queue
[2024-11-08T14:41:58.072+0000] {logging_mixin.py:190} INFO - [2024-11-08T14:41:58.072+0000] {dagbag.py:588} INFO - Filling up the DagBag from /home/airflow/.local/lib/python3.12/site-packages/airflow/example_dags/example_display_name.py
[2024-11-08T14:41:58.080+0000] {processor.py:925} INFO - DAG(s) 'example_display_name' retrieved from /home/airflow/.local/lib/python3.12/site-packages/airflow/example_dags/example_display_name.py
[2024-11-08T14:41:58.100+0000] {logging_mixin.py:190} INFO - [2024-11-08T14:41:58.099+0000] {dag.py:3239} INFO - Sync 1 DAGs
[2024-11-08T14:41:58.121+0000] {logging_mixin.py:190} INFO - [2024-11-08T14:41:58.121+0000] {dag.py:4180} INFO - Setting next_dagrun for example_display_name to None, run_after=None
[2024-11-08T14:41:58.145+0000] {processor.py:208} INFO - Processing /home/airflow/.local/lib/python3.12/site-packages/airflow/example_dags/example_display_name.py took 0.084 seconds
[2024-11-08T14:42:28.370+0000] {processor.py:186} INFO - Started process (PID=1351) to work on /home/airflow/.local/lib/python3.12/site-packages/airflow/example_dags/example_display_name.py
[2024-11-08T14:42:28.371+0000] {processor.py:914} INFO - Processing file /home/airflow/.local/lib/python3.12/site-packages/airflow/example_dags/example_display_name.py for tasks to queue
[2024-11-08T14:42:28.374+0000] {logging_mixin.py:190} INFO - [2024-11-08T14:42:28.373+0000] {dagbag.py:588} INFO - Filling up the DagBag from /home/airflow/.local/lib/python3.12/site-packages/airflow/example_dags/example_display_name.py
[2024-11-08T14:42:28.381+0000] {processor.py:925} INFO - DAG(s) 'example_display_name' retrieved from /home/airflow/.local/lib/python3.12/site-packages/airflow/example_dags/example_display_name.py
[2024-11-08T14:42:28.402+0000] {logging_mixin.py:190} INFO - [2024-11-08T14:42:28.402+0000] {dag.py:3239} INFO - Sync 1 DAGs
[2024-11-08T14:42:28.416+0000] {logging_mixin.py:190} INFO - [2024-11-08T14:42:28.416+0000] {dag.py:4180} INFO - Setting next_dagrun for example_display_name to None, run_after=None
[2024-11-08T14:42:28.549+0000] {processor.py:208} INFO - Processing /home/airflow/.local/lib/python3.12/site-packages/airflow/example_dags/example_display_name.py took 0.185 seconds
[2024-11-08T14:42:59.511+0000] {processor.py:186} INFO - Started process (PID=1414) to work on /home/airflow/.local/lib/python3.12/site-packages/airflow/example_dags/example_display_name.py
[2024-11-08T14:42:59.513+0000] {processor.py:914} INFO - Processing file /home/airflow/.local/lib/python3.12/site-packages/airflow/example_dags/example_display_name.py for tasks to queue
[2024-11-08T14:42:59.515+0000] {logging_mixin.py:190} INFO - [2024-11-08T14:42:59.514+0000] {dagbag.py:588} INFO - Filling up the DagBag from /home/airflow/.local/lib/python3.12/site-packages/airflow/example_dags/example_display_name.py
[2024-11-08T14:42:59.522+0000] {processor.py:925} INFO - DAG(s) 'example_display_name' retrieved from /home/airflow/.local/lib/python3.12/site-packages/airflow/example_dags/example_display_name.py
[2024-11-08T14:42:59.542+0000] {logging_mixin.py:190} INFO - [2024-11-08T14:42:59.541+0000] {dag.py:3239} INFO - Sync 1 DAGs
[2024-11-08T14:42:59.555+0000] {logging_mixin.py:190} INFO - [2024-11-08T14:42:59.555+0000] {dag.py:4180} INFO - Setting next_dagrun for example_display_name to None, run_after=None
[2024-11-08T14:42:59.577+0000] {processor.py:208} INFO - Processing /home/airflow/.local/lib/python3.12/site-packages/airflow/example_dags/example_display_name.py took 0.071 seconds
[2024-11-08T14:43:30.162+0000] {processor.py:186} INFO - Started process (PID=1477) to work on /home/airflow/.local/lib/python3.12/site-packages/airflow/example_dags/example_display_name.py
[2024-11-08T14:43:30.163+0000] {processor.py:914} INFO - Processing file /home/airflow/.local/lib/python3.12/site-packages/airflow/example_dags/example_display_name.py for tasks to queue
[2024-11-08T14:43:30.165+0000] {logging_mixin.py:190} INFO - [2024-11-08T14:43:30.165+0000] {dagbag.py:588} INFO - Filling up the DagBag from /home/airflow/.local/lib/python3.12/site-packages/airflow/example_dags/example_display_name.py
[2024-11-08T14:43:30.173+0000] {processor.py:925} INFO - DAG(s) 'example_display_name' retrieved from /home/airflow/.local/lib/python3.12/site-packages/airflow/example_dags/example_display_name.py
[2024-11-08T14:43:30.192+0000] {logging_mixin.py:190} INFO - [2024-11-08T14:43:30.192+0000] {dag.py:3239} INFO - Sync 1 DAGs
[2024-11-08T14:43:30.207+0000] {logging_mixin.py:190} INFO - [2024-11-08T14:43:30.207+0000] {dag.py:4180} INFO - Setting next_dagrun for example_display_name to None, run_after=None
[2024-11-08T14:43:30.229+0000] {processor.py:208} INFO - Processing /home/airflow/.local/lib/python3.12/site-packages/airflow/example_dags/example_display_name.py took 0.073 seconds
[2024-11-08T14:44:00.412+0000] {processor.py:186} INFO - Started process (PID=1540) to work on /home/airflow/.local/lib/python3.12/site-packages/airflow/example_dags/example_display_name.py
[2024-11-08T14:44:00.413+0000] {processor.py:914} INFO - Processing file /home/airflow/.local/lib/python3.12/site-packages/airflow/example_dags/example_display_name.py for tasks to queue
[2024-11-08T14:44:00.415+0000] {logging_mixin.py:190} INFO - [2024-11-08T14:44:00.415+0000] {dagbag.py:588} INFO - Filling up the DagBag from /home/airflow/.local/lib/python3.12/site-packages/airflow/example_dags/example_display_name.py
[2024-11-08T14:44:00.422+0000] {processor.py:925} INFO - DAG(s) 'example_display_name' retrieved from /home/airflow/.local/lib/python3.12/site-packages/airflow/example_dags/example_display_name.py
[2024-11-08T14:44:00.441+0000] {logging_mixin.py:190} INFO - [2024-11-08T14:44:00.441+0000] {dag.py:3239} INFO - Sync 1 DAGs
[2024-11-08T14:44:00.454+0000] {logging_mixin.py:190} INFO - [2024-11-08T14:44:00.454+0000] {dag.py:4180} INFO - Setting next_dagrun for example_display_name to None, run_after=None
[2024-11-08T14:44:00.482+0000] {processor.py:208} INFO - Processing /home/airflow/.local/lib/python3.12/site-packages/airflow/example_dags/example_display_name.py took 0.075 seconds
[2024-11-08T14:44:30.592+0000] {processor.py:186} INFO - Started process (PID=1603) to work on /home/airflow/.local/lib/python3.12/site-packages/airflow/example_dags/example_display_name.py
[2024-11-08T14:44:30.593+0000] {processor.py:914} INFO - Processing file /home/airflow/.local/lib/python3.12/site-packages/airflow/example_dags/example_display_name.py for tasks to queue
[2024-11-08T14:44:30.596+0000] {logging_mixin.py:190} INFO - [2024-11-08T14:44:30.595+0000] {dagbag.py:588} INFO - Filling up the DagBag from /home/airflow/.local/lib/python3.12/site-packages/airflow/example_dags/example_display_name.py
[2024-11-08T14:44:30.603+0000] {processor.py:925} INFO - DAG(s) 'example_display_name' retrieved from /home/airflow/.local/lib/python3.12/site-packages/airflow/example_dags/example_display_name.py
[2024-11-08T14:44:30.622+0000] {logging_mixin.py:190} INFO - [2024-11-08T14:44:30.622+0000] {dag.py:3239} INFO - Sync 1 DAGs
[2024-11-08T14:44:30.636+0000] {logging_mixin.py:190} INFO - [2024-11-08T14:44:30.636+0000] {dag.py:4180} INFO - Setting next_dagrun for example_display_name to None, run_after=None
[2024-11-08T14:44:30.897+0000] {processor.py:208} INFO - Processing /home/airflow/.local/lib/python3.12/site-packages/airflow/example_dags/example_display_name.py took 0.310 seconds
[2024-11-08T14:45:01.399+0000] {processor.py:186} INFO - Started process (PID=1666) to work on /home/airflow/.local/lib/python3.12/site-packages/airflow/example_dags/example_display_name.py
[2024-11-08T14:45:01.400+0000] {processor.py:914} INFO - Processing file /home/airflow/.local/lib/python3.12/site-packages/airflow/example_dags/example_display_name.py for tasks to queue
[2024-11-08T14:45:01.402+0000] {logging_mixin.py:190} INFO - [2024-11-08T14:45:01.402+0000] {dagbag.py:588} INFO - Filling up the DagBag from /home/airflow/.local/lib/python3.12/site-packages/airflow/example_dags/example_display_name.py
[2024-11-08T14:45:01.414+0000] {processor.py:925} INFO - DAG(s) 'example_display_name' retrieved from /home/airflow/.local/lib/python3.12/site-packages/airflow/example_dags/example_display_name.py
[2024-11-08T14:45:01.438+0000] {logging_mixin.py:190} INFO - [2024-11-08T14:45:01.438+0000] {dag.py:3239} INFO - Sync 1 DAGs
[2024-11-08T14:45:01.464+0000] {logging_mixin.py:190} INFO - [2024-11-08T14:45:01.463+0000] {dag.py:4180} INFO - Setting next_dagrun for example_display_name to None, run_after=None
[2024-11-08T14:45:01.715+0000] {processor.py:208} INFO - Processing /home/airflow/.local/lib/python3.12/site-packages/airflow/example_dags/example_display_name.py took 0.325 seconds
[2024-11-08T14:45:32.728+0000] {processor.py:186} INFO - Started process (PID=1729) to work on /home/airflow/.local/lib/python3.12/site-packages/airflow/example_dags/example_display_name.py
[2024-11-08T14:45:32.729+0000] {processor.py:914} INFO - Processing file /home/airflow/.local/lib/python3.12/site-packages/airflow/example_dags/example_display_name.py for tasks to queue
[2024-11-08T14:45:32.731+0000] {logging_mixin.py:190} INFO - [2024-11-08T14:45:32.731+0000] {dagbag.py:588} INFO - Filling up the DagBag from /home/airflow/.local/lib/python3.12/site-packages/airflow/example_dags/example_display_name.py
[2024-11-08T14:45:32.739+0000] {processor.py:925} INFO - DAG(s) 'example_display_name' retrieved from /home/airflow/.local/lib/python3.12/site-packages/airflow/example_dags/example_display_name.py
[2024-11-08T14:45:32.757+0000] {logging_mixin.py:190} INFO - [2024-11-08T14:45:32.757+0000] {dag.py:3239} INFO - Sync 1 DAGs
[2024-11-08T14:45:32.772+0000] {logging_mixin.py:190} INFO - [2024-11-08T14:45:32.771+0000] {dag.py:4180} INFO - Setting next_dagrun for example_display_name to None, run_after=None
[2024-11-08T14:45:32.822+0000] {processor.py:208} INFO - Processing /home/airflow/.local/lib/python3.12/site-packages/airflow/example_dags/example_display_name.py took 0.100 seconds
[2024-11-08T14:46:03.176+0000] {processor.py:186} INFO - Started process (PID=1792) to work on /home/airflow/.local/lib/python3.12/site-packages/airflow/example_dags/example_display_name.py
[2024-11-08T14:46:03.178+0000] {processor.py:914} INFO - Processing file /home/airflow/.local/lib/python3.12/site-packages/airflow/example_dags/example_display_name.py for tasks to queue
[2024-11-08T14:46:03.181+0000] {logging_mixin.py:190} INFO - [2024-11-08T14:46:03.181+0000] {dagbag.py:588} INFO - Filling up the DagBag from /home/airflow/.local/lib/python3.12/site-packages/airflow/example_dags/example_display_name.py
[2024-11-08T14:46:03.188+0000] {processor.py:925} INFO - DAG(s) 'example_display_name' retrieved from /home/airflow/.local/lib/python3.12/site-packages/airflow/example_dags/example_display_name.py
[2024-11-08T14:46:03.210+0000] {logging_mixin.py:190} INFO - [2024-11-08T14:46:03.210+0000] {dag.py:3239} INFO - Sync 1 DAGs
[2024-11-08T14:46:03.225+0000] {logging_mixin.py:190} INFO - [2024-11-08T14:46:03.225+0000] {dag.py:4180} INFO - Setting next_dagrun for example_display_name to None, run_after=None
[2024-11-08T14:46:03.249+0000] {processor.py:208} INFO - Processing /home/airflow/.local/lib/python3.12/site-packages/airflow/example_dags/example_display_name.py took 0.080 seconds
[2024-11-08T14:46:33.410+0000] {processor.py:186} INFO - Started process (PID=1856) to work on /home/airflow/.local/lib/python3.12/site-packages/airflow/example_dags/example_display_name.py
[2024-11-08T14:46:33.411+0000] {processor.py:914} INFO - Processing file /home/airflow/.local/lib/python3.12/site-packages/airflow/example_dags/example_display_name.py for tasks to queue
[2024-11-08T14:46:33.414+0000] {logging_mixin.py:190} INFO - [2024-11-08T14:46:33.414+0000] {dagbag.py:588} INFO - Filling up the DagBag from /home/airflow/.local/lib/python3.12/site-packages/airflow/example_dags/example_display_name.py
[2024-11-08T14:46:33.422+0000] {processor.py:925} INFO - DAG(s) 'example_display_name' retrieved from /home/airflow/.local/lib/python3.12/site-packages/airflow/example_dags/example_display_name.py
[2024-11-08T14:46:33.443+0000] {logging_mixin.py:190} INFO - [2024-11-08T14:46:33.442+0000] {dag.py:3239} INFO - Sync 1 DAGs
[2024-11-08T14:46:33.457+0000] {logging_mixin.py:190} INFO - [2024-11-08T14:46:33.457+0000] {dag.py:4180} INFO - Setting next_dagrun for example_display_name to None, run_after=None
[2024-11-08T14:46:33.692+0000] {processor.py:208} INFO - Processing /home/airflow/.local/lib/python3.12/site-packages/airflow/example_dags/example_display_name.py took 0.288 seconds
[2024-11-08T14:47:03.764+0000] {processor.py:186} INFO - Started process (PID=1919) to work on /home/airflow/.local/lib/python3.12/site-packages/airflow/example_dags/example_display_name.py
[2024-11-08T14:47:03.765+0000] {processor.py:914} INFO - Processing file /home/airflow/.local/lib/python3.12/site-packages/airflow/example_dags/example_display_name.py for tasks to queue
[2024-11-08T14:47:03.768+0000] {logging_mixin.py:190} INFO - [2024-11-08T14:47:03.767+0000] {dagbag.py:588} INFO - Filling up the DagBag from /home/airflow/.local/lib/python3.12/site-packages/airflow/example_dags/example_display_name.py
[2024-11-08T14:47:03.776+0000] {processor.py:925} INFO - DAG(s) 'example_display_name' retrieved from /home/airflow/.local/lib/python3.12/site-packages/airflow/example_dags/example_display_name.py
[2024-11-08T14:47:03.798+0000] {logging_mixin.py:190} INFO - [2024-11-08T14:47:03.797+0000] {dag.py:3239} INFO - Sync 1 DAGs
[2024-11-08T14:47:03.812+0000] {logging_mixin.py:190} INFO - [2024-11-08T14:47:03.812+0000] {dag.py:4180} INFO - Setting next_dagrun for example_display_name to None, run_after=None
[2024-11-08T14:47:03.836+0000] {processor.py:208} INFO - Processing /home/airflow/.local/lib/python3.12/site-packages/airflow/example_dags/example_display_name.py took 0.078 seconds
[2024-11-08T14:47:34.082+0000] {processor.py:186} INFO - Started process (PID=1982) to work on /home/airflow/.local/lib/python3.12/site-packages/airflow/example_dags/example_display_name.py
[2024-11-08T14:47:34.084+0000] {processor.py:914} INFO - Processing file /home/airflow/.local/lib/python3.12/site-packages/airflow/example_dags/example_display_name.py for tasks to queue
[2024-11-08T14:47:34.086+0000] {logging_mixin.py:190} INFO - [2024-11-08T14:47:34.086+0000] {dagbag.py:588} INFO - Filling up the DagBag from /home/airflow/.local/lib/python3.12/site-packages/airflow/example_dags/example_display_name.py
[2024-11-08T14:47:34.094+0000] {processor.py:925} INFO - DAG(s) 'example_display_name' retrieved from /home/airflow/.local/lib/python3.12/site-packages/airflow/example_dags/example_display_name.py
[2024-11-08T14:47:34.114+0000] {logging_mixin.py:190} INFO - [2024-11-08T14:47:34.114+0000] {dag.py:3239} INFO - Sync 1 DAGs
[2024-11-08T14:47:34.128+0000] {logging_mixin.py:190} INFO - [2024-11-08T14:47:34.128+0000] {dag.py:4180} INFO - Setting next_dagrun for example_display_name to None, run_after=None
[2024-11-08T14:47:34.159+0000] {processor.py:208} INFO - Processing /home/airflow/.local/lib/python3.12/site-packages/airflow/example_dags/example_display_name.py took 0.082 seconds
[2024-11-08T14:48:04.256+0000] {processor.py:186} INFO - Started process (PID=2045) to work on /home/airflow/.local/lib/python3.12/site-packages/airflow/example_dags/example_display_name.py
[2024-11-08T14:48:04.257+0000] {processor.py:914} INFO - Processing file /home/airflow/.local/lib/python3.12/site-packages/airflow/example_dags/example_display_name.py for tasks to queue
[2024-11-08T14:48:04.260+0000] {logging_mixin.py:190} INFO - [2024-11-08T14:48:04.260+0000] {dagbag.py:588} INFO - Filling up the DagBag from /home/airflow/.local/lib/python3.12/site-packages/airflow/example_dags/example_display_name.py
[2024-11-08T14:48:04.268+0000] {processor.py:925} INFO - DAG(s) 'example_display_name' retrieved from /home/airflow/.local/lib/python3.12/site-packages/airflow/example_dags/example_display_name.py
[2024-11-08T14:48:04.289+0000] {logging_mixin.py:190} INFO - [2024-11-08T14:48:04.288+0000] {dag.py:3239} INFO - Sync 1 DAGs
[2024-11-08T14:48:04.304+0000] {logging_mixin.py:190} INFO - [2024-11-08T14:48:04.304+0000] {dag.py:4180} INFO - Setting next_dagrun for example_display_name to None, run_after=None
[2024-11-08T14:48:04.593+0000] {processor.py:208} INFO - Processing /home/airflow/.local/lib/python3.12/site-packages/airflow/example_dags/example_display_name.py took 0.343 seconds
[2024-11-08T14:48:35.046+0000] {processor.py:186} INFO - Started process (PID=2108) to work on /home/airflow/.local/lib/python3.12/site-packages/airflow/example_dags/example_display_name.py
[2024-11-08T14:48:35.047+0000] {processor.py:914} INFO - Processing file /home/airflow/.local/lib/python3.12/site-packages/airflow/example_dags/example_display_name.py for tasks to queue
[2024-11-08T14:48:35.050+0000] {logging_mixin.py:190} INFO - [2024-11-08T14:48:35.049+0000] {dagbag.py:588} INFO - Filling up the DagBag from /home/airflow/.local/lib/python3.12/site-packages/airflow/example_dags/example_display_name.py
[2024-11-08T14:48:35.059+0000] {processor.py:925} INFO - DAG(s) 'example_display_name' retrieved from /home/airflow/.local/lib/python3.12/site-packages/airflow/example_dags/example_display_name.py
[2024-11-08T14:48:35.080+0000] {logging_mixin.py:190} INFO - [2024-11-08T14:48:35.080+0000] {dag.py:3239} INFO - Sync 1 DAGs
[2024-11-08T14:48:35.096+0000] {logging_mixin.py:190} INFO - [2024-11-08T14:48:35.096+0000] {dag.py:4180} INFO - Setting next_dagrun for example_display_name to None, run_after=None
[2024-11-08T14:48:35.120+0000] {processor.py:208} INFO - Processing /home/airflow/.local/lib/python3.12/site-packages/airflow/example_dags/example_display_name.py took 0.081 seconds
[2024-11-08T14:49:05.759+0000] {processor.py:186} INFO - Started process (PID=2171) to work on /home/airflow/.local/lib/python3.12/site-packages/airflow/example_dags/example_display_name.py
[2024-11-08T14:49:05.760+0000] {processor.py:914} INFO - Processing file /home/airflow/.local/lib/python3.12/site-packages/airflow/example_dags/example_display_name.py for tasks to queue
[2024-11-08T14:49:05.763+0000] {logging_mixin.py:190} INFO - [2024-11-08T14:49:05.762+0000] {dagbag.py:588} INFO - Filling up the DagBag from /home/airflow/.local/lib/python3.12/site-packages/airflow/example_dags/example_display_name.py
[2024-11-08T14:49:05.771+0000] {processor.py:925} INFO - DAG(s) 'example_display_name' retrieved from /home/airflow/.local/lib/python3.12/site-packages/airflow/example_dags/example_display_name.py
[2024-11-08T14:49:05.791+0000] {logging_mixin.py:190} INFO - [2024-11-08T14:49:05.791+0000] {dag.py:3239} INFO - Sync 1 DAGs
[2024-11-08T14:49:05.805+0000] {logging_mixin.py:190} INFO - [2024-11-08T14:49:05.805+0000] {dag.py:4180} INFO - Setting next_dagrun for example_display_name to None, run_after=None
[2024-11-08T14:49:06.013+0000] {processor.py:208} INFO - Processing /home/airflow/.local/lib/python3.12/site-packages/airflow/example_dags/example_display_name.py took 0.268 seconds
[2024-11-08T14:49:36.214+0000] {processor.py:186} INFO - Started process (PID=2234) to work on /home/airflow/.local/lib/python3.12/site-packages/airflow/example_dags/example_display_name.py
[2024-11-08T14:49:36.215+0000] {processor.py:914} INFO - Processing file /home/airflow/.local/lib/python3.12/site-packages/airflow/example_dags/example_display_name.py for tasks to queue
[2024-11-08T14:49:36.218+0000] {logging_mixin.py:190} INFO - [2024-11-08T14:49:36.217+0000] {dagbag.py:588} INFO - Filling up the DagBag from /home/airflow/.local/lib/python3.12/site-packages/airflow/example_dags/example_display_name.py
[2024-11-08T14:49:36.225+0000] {processor.py:925} INFO - DAG(s) 'example_display_name' retrieved from /home/airflow/.local/lib/python3.12/site-packages/airflow/example_dags/example_display_name.py
[2024-11-08T14:49:36.243+0000] {logging_mixin.py:190} INFO - [2024-11-08T14:49:36.243+0000] {dag.py:3239} INFO - Sync 1 DAGs
[2024-11-08T14:49:36.257+0000] {logging_mixin.py:190} INFO - [2024-11-08T14:49:36.257+0000] {dag.py:4180} INFO - Setting next_dagrun for example_display_name to None, run_after=None
[2024-11-08T14:49:36.309+0000] {processor.py:208} INFO - Processing /home/airflow/.local/lib/python3.12/site-packages/airflow/example_dags/example_display_name.py took 0.100 seconds
[2024-11-08T14:50:06.569+0000] {processor.py:186} INFO - Started process (PID=2297) to work on /home/airflow/.local/lib/python3.12/site-packages/airflow/example_dags/example_display_name.py
[2024-11-08T14:50:06.570+0000] {processor.py:914} INFO - Processing file /home/airflow/.local/lib/python3.12/site-packages/airflow/example_dags/example_display_name.py for tasks to queue
[2024-11-08T14:50:06.573+0000] {logging_mixin.py:190} INFO - [2024-11-08T14:50:06.573+0000] {dagbag.py:588} INFO - Filling up the DagBag from /home/airflow/.local/lib/python3.12/site-packages/airflow/example_dags/example_display_name.py
[2024-11-08T14:50:06.580+0000] {processor.py:925} INFO - DAG(s) 'example_display_name' retrieved from /home/airflow/.local/lib/python3.12/site-packages/airflow/example_dags/example_display_name.py
[2024-11-08T14:50:06.600+0000] {logging_mixin.py:190} INFO - [2024-11-08T14:50:06.600+0000] {dag.py:3239} INFO - Sync 1 DAGs
[2024-11-08T14:50:06.616+0000] {logging_mixin.py:190} INFO - [2024-11-08T14:50:06.616+0000] {dag.py:4180} INFO - Setting next_dagrun for example_display_name to None, run_after=None
[2024-11-08T14:50:06.640+0000] {processor.py:208} INFO - Processing /home/airflow/.local/lib/python3.12/site-packages/airflow/example_dags/example_display_name.py took 0.076 seconds
[2024-11-08T14:50:37.056+0000] {processor.py:186} INFO - Started process (PID=2360) to work on /home/airflow/.local/lib/python3.12/site-packages/airflow/example_dags/example_display_name.py
[2024-11-08T14:50:37.058+0000] {processor.py:914} INFO - Processing file /home/airflow/.local/lib/python3.12/site-packages/airflow/example_dags/example_display_name.py for tasks to queue
[2024-11-08T14:50:37.060+0000] {logging_mixin.py:190} INFO - [2024-11-08T14:50:37.060+0000] {dagbag.py:588} INFO - Filling up the DagBag from /home/airflow/.local/lib/python3.12/site-packages/airflow/example_dags/example_display_name.py
[2024-11-08T14:50:37.068+0000] {processor.py:925} INFO - DAG(s) 'example_display_name' retrieved from /home/airflow/.local/lib/python3.12/site-packages/airflow/example_dags/example_display_name.py
[2024-11-08T14:50:37.086+0000] {logging_mixin.py:190} INFO - [2024-11-08T14:50:37.085+0000] {dag.py:3239} INFO - Sync 1 DAGs
[2024-11-08T14:50:37.099+0000] {logging_mixin.py:190} INFO - [2024-11-08T14:50:37.099+0000] {dag.py:4180} INFO - Setting next_dagrun for example_display_name to None, run_after=None
[2024-11-08T14:50:37.122+0000] {processor.py:208} INFO - Processing /home/airflow/.local/lib/python3.12/site-packages/airflow/example_dags/example_display_name.py took 0.071 seconds
[2024-11-08T14:51:07.864+0000] {processor.py:186} INFO - Started process (PID=2423) to work on /home/airflow/.local/lib/python3.12/site-packages/airflow/example_dags/example_display_name.py
[2024-11-08T14:51:07.865+0000] {processor.py:914} INFO - Processing file /home/airflow/.local/lib/python3.12/site-packages/airflow/example_dags/example_display_name.py for tasks to queue
[2024-11-08T14:51:07.868+0000] {logging_mixin.py:190} INFO - [2024-11-08T14:51:07.867+0000] {dagbag.py:588} INFO - Filling up the DagBag from /home/airflow/.local/lib/python3.12/site-packages/airflow/example_dags/example_display_name.py
[2024-11-08T14:51:07.879+0000] {processor.py:925} INFO - DAG(s) 'example_display_name' retrieved from /home/airflow/.local/lib/python3.12/site-packages/airflow/example_dags/example_display_name.py
[2024-11-08T14:51:07.903+0000] {logging_mixin.py:190} INFO - [2024-11-08T14:51:07.903+0000] {dag.py:3239} INFO - Sync 1 DAGs
[2024-11-08T14:51:07.922+0000] {logging_mixin.py:190} INFO - [2024-11-08T14:51:07.922+0000] {dag.py:4180} INFO - Setting next_dagrun for example_display_name to None, run_after=None
[2024-11-08T14:51:08.159+0000] {processor.py:208} INFO - Processing /home/airflow/.local/lib/python3.12/site-packages/airflow/example_dags/example_display_name.py took 0.301 seconds
[2024-11-08T14:51:39.106+0000] {processor.py:186} INFO - Started process (PID=2486) to work on /home/airflow/.local/lib/python3.12/site-packages/airflow/example_dags/example_display_name.py
[2024-11-08T14:51:39.109+0000] {processor.py:914} INFO - Processing file /home/airflow/.local/lib/python3.12/site-packages/airflow/example_dags/example_display_name.py for tasks to queue
[2024-11-08T14:51:39.114+0000] {logging_mixin.py:190} INFO - [2024-11-08T14:51:39.113+0000] {dagbag.py:588} INFO - Filling up the DagBag from /home/airflow/.local/lib/python3.12/site-packages/airflow/example_dags/example_display_name.py
[2024-11-08T14:51:39.124+0000] {processor.py:925} INFO - DAG(s) 'example_display_name' retrieved from /home/airflow/.local/lib/python3.12/site-packages/airflow/example_dags/example_display_name.py
[2024-11-08T14:51:39.148+0000] {logging_mixin.py:190} INFO - [2024-11-08T14:51:39.148+0000] {dag.py:3239} INFO - Sync 1 DAGs
[2024-11-08T14:51:39.166+0000] {logging_mixin.py:190} INFO - [2024-11-08T14:51:39.165+0000] {dag.py:4180} INFO - Setting next_dagrun for example_display_name to None, run_after=None
[2024-11-08T14:51:39.256+0000] {processor.py:208} INFO - Processing /home/airflow/.local/lib/python3.12/site-packages/airflow/example_dags/example_display_name.py took 0.157 seconds
[2024-11-08T14:52:09.473+0000] {processor.py:186} INFO - Started process (PID=2549) to work on /home/airflow/.local/lib/python3.12/site-packages/airflow/example_dags/example_display_name.py
[2024-11-08T14:52:09.474+0000] {processor.py:914} INFO - Processing file /home/airflow/.local/lib/python3.12/site-packages/airflow/example_dags/example_display_name.py for tasks to queue
[2024-11-08T14:52:09.477+0000] {logging_mixin.py:190} INFO - [2024-11-08T14:52:09.476+0000] {dagbag.py:588} INFO - Filling up the DagBag from /home/airflow/.local/lib/python3.12/site-packages/airflow/example_dags/example_display_name.py
[2024-11-08T14:52:09.485+0000] {processor.py:925} INFO - DAG(s) 'example_display_name' retrieved from /home/airflow/.local/lib/python3.12/site-packages/airflow/example_dags/example_display_name.py
[2024-11-08T14:52:09.506+0000] {logging_mixin.py:190} INFO - [2024-11-08T14:52:09.506+0000] {dag.py:3239} INFO - Sync 1 DAGs
[2024-11-08T14:52:09.521+0000] {logging_mixin.py:190} INFO - [2024-11-08T14:52:09.521+0000] {dag.py:4180} INFO - Setting next_dagrun for example_display_name to None, run_after=None
[2024-11-08T14:52:09.654+0000] {processor.py:208} INFO - Processing /home/airflow/.local/lib/python3.12/site-packages/airflow/example_dags/example_display_name.py took 0.188 seconds
[2024-11-08T14:52:39.955+0000] {processor.py:186} INFO - Started process (PID=2614) to work on /home/airflow/.local/lib/python3.12/site-packages/airflow/example_dags/example_display_name.py
[2024-11-08T14:52:39.957+0000] {processor.py:914} INFO - Processing file /home/airflow/.local/lib/python3.12/site-packages/airflow/example_dags/example_display_name.py for tasks to queue
[2024-11-08T14:52:39.960+0000] {logging_mixin.py:190} INFO - [2024-11-08T14:52:39.960+0000] {dagbag.py:588} INFO - Filling up the DagBag from /home/airflow/.local/lib/python3.12/site-packages/airflow/example_dags/example_display_name.py
[2024-11-08T14:52:39.979+0000] {processor.py:925} INFO - DAG(s) 'example_display_name' retrieved from /home/airflow/.local/lib/python3.12/site-packages/airflow/example_dags/example_display_name.py
[2024-11-08T14:52:40.009+0000] {logging_mixin.py:190} INFO - [2024-11-08T14:52:40.009+0000] {dag.py:3239} INFO - Sync 1 DAGs
[2024-11-08T14:52:40.030+0000] {logging_mixin.py:190} INFO - [2024-11-08T14:52:40.030+0000] {dag.py:4180} INFO - Setting next_dagrun for example_display_name to None, run_after=None
[2024-11-08T14:52:40.082+0000] {processor.py:208} INFO - Processing /home/airflow/.local/lib/python3.12/site-packages/airflow/example_dags/example_display_name.py took 0.141 seconds
[2024-11-08T14:53:10.939+0000] {processor.py:186} INFO - Started process (PID=2676) to work on /home/airflow/.local/lib/python3.12/site-packages/airflow/example_dags/example_display_name.py
[2024-11-08T14:53:10.940+0000] {processor.py:914} INFO - Processing file /home/airflow/.local/lib/python3.12/site-packages/airflow/example_dags/example_display_name.py for tasks to queue
[2024-11-08T14:53:10.942+0000] {logging_mixin.py:190} INFO - [2024-11-08T14:53:10.942+0000] {dagbag.py:588} INFO - Filling up the DagBag from /home/airflow/.local/lib/python3.12/site-packages/airflow/example_dags/example_display_name.py
[2024-11-08T14:53:10.950+0000] {processor.py:925} INFO - DAG(s) 'example_display_name' retrieved from /home/airflow/.local/lib/python3.12/site-packages/airflow/example_dags/example_display_name.py
[2024-11-08T14:53:10.969+0000] {logging_mixin.py:190} INFO - [2024-11-08T14:53:10.968+0000] {dag.py:3239} INFO - Sync 1 DAGs
[2024-11-08T14:53:10.982+0000] {logging_mixin.py:190} INFO - [2024-11-08T14:53:10.982+0000] {dag.py:4180} INFO - Setting next_dagrun for example_display_name to None, run_after=None
[2024-11-08T14:53:11.089+0000] {processor.py:208} INFO - Processing /home/airflow/.local/lib/python3.12/site-packages/airflow/example_dags/example_display_name.py took 0.156 seconds
[2024-11-08T14:53:41.614+0000] {processor.py:186} INFO - Started process (PID=2738) to work on /home/airflow/.local/lib/python3.12/site-packages/airflow/example_dags/example_display_name.py
[2024-11-08T14:53:41.615+0000] {processor.py:914} INFO - Processing file /home/airflow/.local/lib/python3.12/site-packages/airflow/example_dags/example_display_name.py for tasks to queue
[2024-11-08T14:53:41.618+0000] {logging_mixin.py:190} INFO - [2024-11-08T14:53:41.618+0000] {dagbag.py:588} INFO - Filling up the DagBag from /home/airflow/.local/lib/python3.12/site-packages/airflow/example_dags/example_display_name.py
[2024-11-08T14:53:41.626+0000] {processor.py:925} INFO - DAG(s) 'example_display_name' retrieved from /home/airflow/.local/lib/python3.12/site-packages/airflow/example_dags/example_display_name.py
[2024-11-08T14:53:41.646+0000] {logging_mixin.py:190} INFO - [2024-11-08T14:53:41.646+0000] {dag.py:3239} INFO - Sync 1 DAGs
[2024-11-08T14:53:41.663+0000] {logging_mixin.py:190} INFO - [2024-11-08T14:53:41.663+0000] {dag.py:4180} INFO - Setting next_dagrun for example_display_name to None, run_after=None
[2024-11-08T14:53:41.706+0000] {processor.py:208} INFO - Processing /home/airflow/.local/lib/python3.12/site-packages/airflow/example_dags/example_display_name.py took 0.098 seconds
[2024-11-08T14:54:13.113+0000] {processor.py:186} INFO - Started process (PID=2796) to work on /home/airflow/.local/lib/python3.12/site-packages/airflow/example_dags/example_display_name.py
[2024-11-08T14:54:13.114+0000] {processor.py:914} INFO - Processing file /home/airflow/.local/lib/python3.12/site-packages/airflow/example_dags/example_display_name.py for tasks to queue
[2024-11-08T14:54:13.116+0000] {logging_mixin.py:190} INFO - [2024-11-08T14:54:13.116+0000] {dagbag.py:588} INFO - Filling up the DagBag from /home/airflow/.local/lib/python3.12/site-packages/airflow/example_dags/example_display_name.py
[2024-11-08T14:54:13.124+0000] {processor.py:925} INFO - DAG(s) 'example_display_name' retrieved from /home/airflow/.local/lib/python3.12/site-packages/airflow/example_dags/example_display_name.py
[2024-11-08T14:54:13.143+0000] {logging_mixin.py:190} INFO - [2024-11-08T14:54:13.143+0000] {dag.py:3239} INFO - Sync 1 DAGs
[2024-11-08T14:54:13.157+0000] {logging_mixin.py:190} INFO - [2024-11-08T14:54:13.157+0000] {dag.py:4180} INFO - Setting next_dagrun for example_display_name to None, run_after=None
[2024-11-08T14:54:13.193+0000] {processor.py:208} INFO - Processing /home/airflow/.local/lib/python3.12/site-packages/airflow/example_dags/example_display_name.py took 0.086 seconds
[2024-11-08T14:54:44.605+0000] {processor.py:186} INFO - Started process (PID=2859) to work on /home/airflow/.local/lib/python3.12/site-packages/airflow/example_dags/example_display_name.py
[2024-11-08T14:54:44.607+0000] {processor.py:914} INFO - Processing file /home/airflow/.local/lib/python3.12/site-packages/airflow/example_dags/example_display_name.py for tasks to queue
[2024-11-08T14:54:44.612+0000] {logging_mixin.py:190} INFO - [2024-11-08T14:54:44.611+0000] {dagbag.py:588} INFO - Filling up the DagBag from /home/airflow/.local/lib/python3.12/site-packages/airflow/example_dags/example_display_name.py
[2024-11-08T14:54:44.634+0000] {processor.py:925} INFO - DAG(s) 'example_display_name' retrieved from /home/airflow/.local/lib/python3.12/site-packages/airflow/example_dags/example_display_name.py
[2024-11-08T14:54:44.666+0000] {logging_mixin.py:190} INFO - [2024-11-08T14:54:44.666+0000] {dag.py:3239} INFO - Sync 1 DAGs
[2024-11-08T14:54:44.707+0000] {logging_mixin.py:190} INFO - [2024-11-08T14:54:44.706+0000] {dag.py:4180} INFO - Setting next_dagrun for example_display_name to None, run_after=None
[2024-11-08T14:54:44.799+0000] {processor.py:208} INFO - Processing /home/airflow/.local/lib/python3.12/site-packages/airflow/example_dags/example_display_name.py took 0.205 seconds
[2024-11-08T14:55:15.553+0000] {processor.py:186} INFO - Started process (PID=2917) to work on /home/airflow/.local/lib/python3.12/site-packages/airflow/example_dags/example_display_name.py
[2024-11-08T14:55:15.555+0000] {processor.py:914} INFO - Processing file /home/airflow/.local/lib/python3.12/site-packages/airflow/example_dags/example_display_name.py for tasks to queue
[2024-11-08T14:55:15.557+0000] {logging_mixin.py:190} INFO - [2024-11-08T14:55:15.557+0000] {dagbag.py:588} INFO - Filling up the DagBag from /home/airflow/.local/lib/python3.12/site-packages/airflow/example_dags/example_display_name.py
[2024-11-08T14:55:15.566+0000] {processor.py:925} INFO - DAG(s) 'example_display_name' retrieved from /home/airflow/.local/lib/python3.12/site-packages/airflow/example_dags/example_display_name.py
[2024-11-08T14:55:15.585+0000] {logging_mixin.py:190} INFO - [2024-11-08T14:55:15.585+0000] {dag.py:3239} INFO - Sync 1 DAGs
[2024-11-08T14:55:15.599+0000] {logging_mixin.py:190} INFO - [2024-11-08T14:55:15.599+0000] {dag.py:4180} INFO - Setting next_dagrun for example_display_name to None, run_after=None
[2024-11-08T14:55:15.681+0000] {processor.py:208} INFO - Processing /home/airflow/.local/lib/python3.12/site-packages/airflow/example_dags/example_display_name.py took 0.134 seconds
[2024-11-08T14:55:47.061+0000] {processor.py:186} INFO - Started process (PID=2979) to work on /home/airflow/.local/lib/python3.12/site-packages/airflow/example_dags/example_display_name.py
[2024-11-08T14:55:47.063+0000] {processor.py:914} INFO - Processing file /home/airflow/.local/lib/python3.12/site-packages/airflow/example_dags/example_display_name.py for tasks to queue
[2024-11-08T14:55:47.067+0000] {logging_mixin.py:190} INFO - [2024-11-08T14:55:47.066+0000] {dagbag.py:588} INFO - Filling up the DagBag from /home/airflow/.local/lib/python3.12/site-packages/airflow/example_dags/example_display_name.py
[2024-11-08T14:55:47.078+0000] {processor.py:925} INFO - DAG(s) 'example_display_name' retrieved from /home/airflow/.local/lib/python3.12/site-packages/airflow/example_dags/example_display_name.py
[2024-11-08T14:55:47.105+0000] {logging_mixin.py:190} INFO - [2024-11-08T14:55:47.105+0000] {dag.py:3239} INFO - Sync 1 DAGs
[2024-11-08T14:55:47.358+0000] {logging_mixin.py:190} INFO - [2024-11-08T14:55:47.358+0000] {dag.py:4180} INFO - Setting next_dagrun for example_display_name to None, run_after=None
[2024-11-08T14:55:47.595+0000] {processor.py:208} INFO - Processing /home/airflow/.local/lib/python3.12/site-packages/airflow/example_dags/example_display_name.py took 0.541 seconds
[2024-11-08T14:56:17.854+0000] {processor.py:186} INFO - Started process (PID=3042) to work on /home/airflow/.local/lib/python3.12/site-packages/airflow/example_dags/example_display_name.py
[2024-11-08T14:56:17.855+0000] {processor.py:914} INFO - Processing file /home/airflow/.local/lib/python3.12/site-packages/airflow/example_dags/example_display_name.py for tasks to queue
[2024-11-08T14:56:17.863+0000] {logging_mixin.py:190} INFO - [2024-11-08T14:56:17.862+0000] {dagbag.py:588} INFO - Filling up the DagBag from /home/airflow/.local/lib/python3.12/site-packages/airflow/example_dags/example_display_name.py
[2024-11-08T14:56:17.872+0000] {processor.py:925} INFO - DAG(s) 'example_display_name' retrieved from /home/airflow/.local/lib/python3.12/site-packages/airflow/example_dags/example_display_name.py
[2024-11-08T14:56:17.897+0000] {logging_mixin.py:190} INFO - [2024-11-08T14:56:17.897+0000] {dag.py:3239} INFO - Sync 1 DAGs
[2024-11-08T14:56:17.939+0000] {logging_mixin.py:190} INFO - [2024-11-08T14:56:17.939+0000] {dag.py:4180} INFO - Setting next_dagrun for example_display_name to None, run_after=None
[2024-11-08T14:56:18.198+0000] {processor.py:208} INFO - Processing /home/airflow/.local/lib/python3.12/site-packages/airflow/example_dags/example_display_name.py took 0.351 seconds
[2024-11-08T14:56:48.651+0000] {processor.py:186} INFO - Started process (PID=3104) to work on /home/airflow/.local/lib/python3.12/site-packages/airflow/example_dags/example_display_name.py
[2024-11-08T14:56:48.652+0000] {processor.py:914} INFO - Processing file /home/airflow/.local/lib/python3.12/site-packages/airflow/example_dags/example_display_name.py for tasks to queue
[2024-11-08T14:56:48.656+0000] {logging_mixin.py:190} INFO - [2024-11-08T14:56:48.655+0000] {dagbag.py:588} INFO - Filling up the DagBag from /home/airflow/.local/lib/python3.12/site-packages/airflow/example_dags/example_display_name.py
[2024-11-08T14:56:48.668+0000] {processor.py:925} INFO - DAG(s) 'example_display_name' retrieved from /home/airflow/.local/lib/python3.12/site-packages/airflow/example_dags/example_display_name.py
[2024-11-08T14:56:48.704+0000] {logging_mixin.py:190} INFO - [2024-11-08T14:56:48.704+0000] {dag.py:3239} INFO - Sync 1 DAGs
[2024-11-08T14:56:48.727+0000] {logging_mixin.py:190} INFO - [2024-11-08T14:56:48.727+0000] {dag.py:4180} INFO - Setting next_dagrun for example_display_name to None, run_after=None
[2024-11-08T14:56:48.844+0000] {processor.py:208} INFO - Processing /home/airflow/.local/lib/python3.12/site-packages/airflow/example_dags/example_display_name.py took 0.202 seconds
[2024-11-08T14:57:19.821+0000] {processor.py:186} INFO - Started process (PID=3166) to work on /home/airflow/.local/lib/python3.12/site-packages/airflow/example_dags/example_display_name.py
[2024-11-08T14:57:19.823+0000] {processor.py:914} INFO - Processing file /home/airflow/.local/lib/python3.12/site-packages/airflow/example_dags/example_display_name.py for tasks to queue
[2024-11-08T14:57:19.829+0000] {logging_mixin.py:190} INFO - [2024-11-08T14:57:19.828+0000] {dagbag.py:588} INFO - Filling up the DagBag from /home/airflow/.local/lib/python3.12/site-packages/airflow/example_dags/example_display_name.py
[2024-11-08T14:57:19.838+0000] {processor.py:925} INFO - DAG(s) 'example_display_name' retrieved from /home/airflow/.local/lib/python3.12/site-packages/airflow/example_dags/example_display_name.py
[2024-11-08T14:57:20.061+0000] {logging_mixin.py:190} INFO - [2024-11-08T14:57:20.061+0000] {dag.py:3239} INFO - Sync 1 DAGs
[2024-11-08T14:57:20.076+0000] {logging_mixin.py:190} INFO - [2024-11-08T14:57:20.076+0000] {dag.py:4180} INFO - Setting next_dagrun for example_display_name to None, run_after=None
[2024-11-08T14:57:20.111+0000] {processor.py:208} INFO - Processing /home/airflow/.local/lib/python3.12/site-packages/airflow/example_dags/example_display_name.py took 0.297 seconds
[2024-11-08T14:57:50.195+0000] {processor.py:186} INFO - Started process (PID=3229) to work on /home/airflow/.local/lib/python3.12/site-packages/airflow/example_dags/example_display_name.py
[2024-11-08T14:57:50.196+0000] {processor.py:914} INFO - Processing file /home/airflow/.local/lib/python3.12/site-packages/airflow/example_dags/example_display_name.py for tasks to queue
[2024-11-08T14:57:50.198+0000] {logging_mixin.py:190} INFO - [2024-11-08T14:57:50.198+0000] {dagbag.py:588} INFO - Filling up the DagBag from /home/airflow/.local/lib/python3.12/site-packages/airflow/example_dags/example_display_name.py
[2024-11-08T14:57:50.207+0000] {processor.py:925} INFO - DAG(s) 'example_display_name' retrieved from /home/airflow/.local/lib/python3.12/site-packages/airflow/example_dags/example_display_name.py
[2024-11-08T14:57:50.228+0000] {logging_mixin.py:190} INFO - [2024-11-08T14:57:50.228+0000] {dag.py:3239} INFO - Sync 1 DAGs
[2024-11-08T14:57:50.244+0000] {logging_mixin.py:190} INFO - [2024-11-08T14:57:50.244+0000] {dag.py:4180} INFO - Setting next_dagrun for example_display_name to None, run_after=None
[2024-11-08T14:57:50.280+0000] {processor.py:208} INFO - Processing /home/airflow/.local/lib/python3.12/site-packages/airflow/example_dags/example_display_name.py took 0.093 seconds
[2024-11-08T14:58:20.781+0000] {processor.py:186} INFO - Started process (PID=3293) to work on /home/airflow/.local/lib/python3.12/site-packages/airflow/example_dags/example_display_name.py
[2024-11-08T14:58:20.782+0000] {processor.py:914} INFO - Processing file /home/airflow/.local/lib/python3.12/site-packages/airflow/example_dags/example_display_name.py for tasks to queue
[2024-11-08T14:58:20.785+0000] {logging_mixin.py:190} INFO - [2024-11-08T14:58:20.784+0000] {dagbag.py:588} INFO - Filling up the DagBag from /home/airflow/.local/lib/python3.12/site-packages/airflow/example_dags/example_display_name.py
[2024-11-08T14:58:20.793+0000] {processor.py:925} INFO - DAG(s) 'example_display_name' retrieved from /home/airflow/.local/lib/python3.12/site-packages/airflow/example_dags/example_display_name.py
[2024-11-08T14:58:20.814+0000] {logging_mixin.py:190} INFO - [2024-11-08T14:58:20.814+0000] {dag.py:3239} INFO - Sync 1 DAGs
[2024-11-08T14:58:20.830+0000] {logging_mixin.py:190} INFO - [2024-11-08T14:58:20.829+0000] {dag.py:4180} INFO - Setting next_dagrun for example_display_name to None, run_after=None
[2024-11-08T14:58:21.067+0000] {processor.py:208} INFO - Processing /home/airflow/.local/lib/python3.12/site-packages/airflow/example_dags/example_display_name.py took 0.292 seconds
[2024-11-08T14:58:51.108+0000] {processor.py:186} INFO - Started process (PID=3355) to work on /home/airflow/.local/lib/python3.12/site-packages/airflow/example_dags/example_display_name.py
[2024-11-08T14:58:51.110+0000] {processor.py:914} INFO - Processing file /home/airflow/.local/lib/python3.12/site-packages/airflow/example_dags/example_display_name.py for tasks to queue
[2024-11-08T14:58:51.112+0000] {logging_mixin.py:190} INFO - [2024-11-08T14:58:51.112+0000] {dagbag.py:588} INFO - Filling up the DagBag from /home/airflow/.local/lib/python3.12/site-packages/airflow/example_dags/example_display_name.py
[2024-11-08T14:58:51.124+0000] {processor.py:925} INFO - DAG(s) 'example_display_name' retrieved from /home/airflow/.local/lib/python3.12/site-packages/airflow/example_dags/example_display_name.py
[2024-11-08T14:58:51.143+0000] {logging_mixin.py:190} INFO - [2024-11-08T14:58:51.143+0000] {dag.py:3239} INFO - Sync 1 DAGs
[2024-11-08T14:58:51.157+0000] {logging_mixin.py:190} INFO - [2024-11-08T14:58:51.157+0000] {dag.py:4180} INFO - Setting next_dagrun for example_display_name to None, run_after=None
[2024-11-08T14:58:51.187+0000] {processor.py:208} INFO - Processing /home/airflow/.local/lib/python3.12/site-packages/airflow/example_dags/example_display_name.py took 0.086 seconds
[2024-11-08T14:59:21.758+0000] {processor.py:186} INFO - Started process (PID=3418) to work on /home/airflow/.local/lib/python3.12/site-packages/airflow/example_dags/example_display_name.py
[2024-11-08T14:59:21.760+0000] {processor.py:914} INFO - Processing file /home/airflow/.local/lib/python3.12/site-packages/airflow/example_dags/example_display_name.py for tasks to queue
[2024-11-08T14:59:21.762+0000] {logging_mixin.py:190} INFO - [2024-11-08T14:59:21.762+0000] {dagbag.py:588} INFO - Filling up the DagBag from /home/airflow/.local/lib/python3.12/site-packages/airflow/example_dags/example_display_name.py
[2024-11-08T14:59:21.771+0000] {processor.py:925} INFO - DAG(s) 'example_display_name' retrieved from /home/airflow/.local/lib/python3.12/site-packages/airflow/example_dags/example_display_name.py
[2024-11-08T14:59:21.790+0000] {logging_mixin.py:190} INFO - [2024-11-08T14:59:21.789+0000] {dag.py:3239} INFO - Sync 1 DAGs
[2024-11-08T14:59:21.804+0000] {logging_mixin.py:190} INFO - [2024-11-08T14:59:21.804+0000] {dag.py:4180} INFO - Setting next_dagrun for example_display_name to None, run_after=None
[2024-11-08T14:59:21.827+0000] {processor.py:208} INFO - Processing /home/airflow/.local/lib/python3.12/site-packages/airflow/example_dags/example_display_name.py took 0.074 seconds
[2024-11-08T14:59:52.355+0000] {processor.py:186} INFO - Started process (PID=3480) to work on /home/airflow/.local/lib/python3.12/site-packages/airflow/example_dags/example_display_name.py
[2024-11-08T14:59:52.356+0000] {processor.py:914} INFO - Processing file /home/airflow/.local/lib/python3.12/site-packages/airflow/example_dags/example_display_name.py for tasks to queue
[2024-11-08T14:59:52.359+0000] {logging_mixin.py:190} INFO - [2024-11-08T14:59:52.359+0000] {dagbag.py:588} INFO - Filling up the DagBag from /home/airflow/.local/lib/python3.12/site-packages/airflow/example_dags/example_display_name.py
[2024-11-08T14:59:52.366+0000] {processor.py:925} INFO - DAG(s) 'example_display_name' retrieved from /home/airflow/.local/lib/python3.12/site-packages/airflow/example_dags/example_display_name.py
[2024-11-08T14:59:52.385+0000] {logging_mixin.py:190} INFO - [2024-11-08T14:59:52.385+0000] {dag.py:3239} INFO - Sync 1 DAGs
[2024-11-08T14:59:52.398+0000] {logging_mixin.py:190} INFO - [2024-11-08T14:59:52.398+0000] {dag.py:4180} INFO - Setting next_dagrun for example_display_name to None, run_after=None
[2024-11-08T14:59:52.709+0000] {processor.py:208} INFO - Processing /home/airflow/.local/lib/python3.12/site-packages/airflow/example_dags/example_display_name.py took 0.359 seconds
[2024-11-08T15:00:23.443+0000] {processor.py:186} INFO - Started process (PID=3544) to work on /home/airflow/.local/lib/python3.12/site-packages/airflow/example_dags/example_display_name.py
[2024-11-08T15:00:23.444+0000] {processor.py:914} INFO - Processing file /home/airflow/.local/lib/python3.12/site-packages/airflow/example_dags/example_display_name.py for tasks to queue
[2024-11-08T15:00:23.447+0000] {logging_mixin.py:190} INFO - [2024-11-08T15:00:23.446+0000] {dagbag.py:588} INFO - Filling up the DagBag from /home/airflow/.local/lib/python3.12/site-packages/airflow/example_dags/example_display_name.py
[2024-11-08T15:00:23.456+0000] {processor.py:925} INFO - DAG(s) 'example_display_name' retrieved from /home/airflow/.local/lib/python3.12/site-packages/airflow/example_dags/example_display_name.py
[2024-11-08T15:00:23.476+0000] {logging_mixin.py:190} INFO - [2024-11-08T15:00:23.476+0000] {dag.py:3239} INFO - Sync 1 DAGs
[2024-11-08T15:00:23.492+0000] {logging_mixin.py:190} INFO - [2024-11-08T15:00:23.491+0000] {dag.py:4180} INFO - Setting next_dagrun for example_display_name to None, run_after=None
[2024-11-08T15:00:23.515+0000] {processor.py:208} INFO - Processing /home/airflow/.local/lib/python3.12/site-packages/airflow/example_dags/example_display_name.py took 0.078 seconds
[2024-11-08T15:00:54.132+0000] {processor.py:186} INFO - Started process (PID=3607) to work on /home/airflow/.local/lib/python3.12/site-packages/airflow/example_dags/example_display_name.py
[2024-11-08T15:00:54.133+0000] {processor.py:914} INFO - Processing file /home/airflow/.local/lib/python3.12/site-packages/airflow/example_dags/example_display_name.py for tasks to queue
[2024-11-08T15:00:54.136+0000] {logging_mixin.py:190} INFO - [2024-11-08T15:00:54.135+0000] {dagbag.py:588} INFO - Filling up the DagBag from /home/airflow/.local/lib/python3.12/site-packages/airflow/example_dags/example_display_name.py
[2024-11-08T15:00:54.144+0000] {processor.py:925} INFO - DAG(s) 'example_display_name' retrieved from /home/airflow/.local/lib/python3.12/site-packages/airflow/example_dags/example_display_name.py
[2024-11-08T15:00:54.164+0000] {logging_mixin.py:190} INFO - [2024-11-08T15:00:54.164+0000] {dag.py:3239} INFO - Sync 1 DAGs
[2024-11-08T15:00:54.179+0000] {logging_mixin.py:190} INFO - [2024-11-08T15:00:54.178+0000] {dag.py:4180} INFO - Setting next_dagrun for example_display_name to None, run_after=None
[2024-11-08T15:00:54.233+0000] {processor.py:208} INFO - Processing /home/airflow/.local/lib/python3.12/site-packages/airflow/example_dags/example_display_name.py took 0.107 seconds
[2024-11-08T15:01:24.767+0000] {processor.py:186} INFO - Started process (PID=3668) to work on /home/airflow/.local/lib/python3.12/site-packages/airflow/example_dags/example_display_name.py
[2024-11-08T15:01:24.768+0000] {processor.py:914} INFO - Processing file /home/airflow/.local/lib/python3.12/site-packages/airflow/example_dags/example_display_name.py for tasks to queue
[2024-11-08T15:01:24.771+0000] {logging_mixin.py:190} INFO - [2024-11-08T15:01:24.771+0000] {dagbag.py:588} INFO - Filling up the DagBag from /home/airflow/.local/lib/python3.12/site-packages/airflow/example_dags/example_display_name.py
[2024-11-08T15:01:24.778+0000] {processor.py:925} INFO - DAG(s) 'example_display_name' retrieved from /home/airflow/.local/lib/python3.12/site-packages/airflow/example_dags/example_display_name.py
[2024-11-08T15:01:24.796+0000] {logging_mixin.py:190} INFO - [2024-11-08T15:01:24.796+0000] {dag.py:3239} INFO - Sync 1 DAGs
[2024-11-08T15:01:24.809+0000] {logging_mixin.py:190} INFO - [2024-11-08T15:01:24.809+0000] {dag.py:4180} INFO - Setting next_dagrun for example_display_name to None, run_after=None
[2024-11-08T15:01:24.832+0000] {processor.py:208} INFO - Processing /home/airflow/.local/lib/python3.12/site-packages/airflow/example_dags/example_display_name.py took 0.071 seconds
