[2024-11-08T14:32:10.667+0000] {processor.py:186} INFO - Started process (PID=106) to work on /home/airflow/.local/lib/python3.12/site-packages/airflow/example_dags/example_complex.py
[2024-11-08T14:32:10.668+0000] {processor.py:914} INFO - Processing file /home/airflow/.local/lib/python3.12/site-packages/airflow/example_dags/example_complex.py for tasks to queue
[2024-11-08T14:32:10.671+0000] {logging_mixin.py:190} INFO - [2024-11-08T14:32:10.670+0000] {dagbag.py:588} INFO - Filling up the DagBag from /home/airflow/.local/lib/python3.12/site-packages/airflow/example_dags/example_complex.py
[2024-11-08T14:32:10.685+0000] {processor.py:925} INFO - DAG(s) 'example_complex' retrieved from /home/airflow/.local/lib/python3.12/site-packages/airflow/example_dags/example_complex.py
[2024-11-08T14:32:10.818+0000] {logging_mixin.py:190} INFO - [2024-11-08T14:32:10.817+0000] {override.py:1911} INFO - Created Permission View: can delete on DAG:example_complex
[2024-11-08T14:32:10.930+0000] {logging_mixin.py:190} INFO - [2024-11-08T14:32:10.930+0000] {override.py:1911} INFO - Created Permission View: can edit on DAG:example_complex
[2024-11-08T14:32:11.012+0000] {logging_mixin.py:190} INFO - [2024-11-08T14:32:11.012+0000] {override.py:1911} INFO - Created Permission View: can read on DAG:example_complex
[2024-11-08T14:32:11.064+0000] {logging_mixin.py:190} INFO - [2024-11-08T14:32:11.064+0000] {override.py:1911} INFO - Created Permission View: can create on DAG Run:example_complex
[2024-11-08T14:32:11.079+0000] {logging_mixin.py:190} INFO - [2024-11-08T14:32:11.078+0000] {override.py:1911} INFO - Created Permission View: menu access on DAG Run:example_complex
[2024-11-08T14:32:11.090+0000] {logging_mixin.py:190} INFO - [2024-11-08T14:32:11.090+0000] {override.py:1911} INFO - Created Permission View: can delete on DAG Run:example_complex
[2024-11-08T14:32:11.102+0000] {logging_mixin.py:190} INFO - [2024-11-08T14:32:11.101+0000] {override.py:1911} INFO - Created Permission View: can read on DAG Run:example_complex
[2024-11-08T14:32:11.103+0000] {logging_mixin.py:190} INFO - [2024-11-08T14:32:11.102+0000] {dag.py:3239} INFO - Sync 1 DAGs
[2024-11-08T14:32:11.116+0000] {logging_mixin.py:190} INFO - [2024-11-08T14:32:11.116+0000] {dag.py:3262} INFO - Creating ORM DAG for example_complex
[2024-11-08T14:32:11.118+0000] {logging_mixin.py:190} INFO - [2024-11-08T14:32:11.117+0000] {dag.py:4180} INFO - Setting next_dagrun for example_complex to None, run_after=None
[2024-11-08T14:32:11.155+0000] {processor.py:208} INFO - Processing /home/airflow/.local/lib/python3.12/site-packages/airflow/example_dags/example_complex.py took 0.494 seconds
[2024-11-08T14:32:42.329+0000] {processor.py:186} INFO - Started process (PID=169) to work on /home/airflow/.local/lib/python3.12/site-packages/airflow/example_dags/example_complex.py
[2024-11-08T14:32:42.331+0000] {processor.py:914} INFO - Processing file /home/airflow/.local/lib/python3.12/site-packages/airflow/example_dags/example_complex.py for tasks to queue
[2024-11-08T14:32:42.335+0000] {logging_mixin.py:190} INFO - [2024-11-08T14:32:42.334+0000] {dagbag.py:588} INFO - Filling up the DagBag from /home/airflow/.local/lib/python3.12/site-packages/airflow/example_dags/example_complex.py
[2024-11-08T14:32:42.349+0000] {processor.py:925} INFO - DAG(s) 'example_complex' retrieved from /home/airflow/.local/lib/python3.12/site-packages/airflow/example_dags/example_complex.py
[2024-11-08T14:32:42.384+0000] {logging_mixin.py:190} INFO - [2024-11-08T14:32:42.384+0000] {dag.py:3239} INFO - Sync 1 DAGs
[2024-11-08T14:32:42.400+0000] {logging_mixin.py:190} INFO - [2024-11-08T14:32:42.400+0000] {dag.py:4180} INFO - Setting next_dagrun for example_complex to None, run_after=None
[2024-11-08T14:32:42.426+0000] {processor.py:208} INFO - Processing /home/airflow/.local/lib/python3.12/site-packages/airflow/example_dags/example_complex.py took 0.105 seconds
[2024-11-08T14:33:13.989+0000] {processor.py:186} INFO - Started process (PID=232) to work on /home/airflow/.local/lib/python3.12/site-packages/airflow/example_dags/example_complex.py
[2024-11-08T14:33:13.990+0000] {processor.py:914} INFO - Processing file /home/airflow/.local/lib/python3.12/site-packages/airflow/example_dags/example_complex.py for tasks to queue
[2024-11-08T14:33:13.993+0000] {logging_mixin.py:190} INFO - [2024-11-08T14:33:13.993+0000] {dagbag.py:588} INFO - Filling up the DagBag from /home/airflow/.local/lib/python3.12/site-packages/airflow/example_dags/example_complex.py
[2024-11-08T14:33:14.005+0000] {processor.py:925} INFO - DAG(s) 'example_complex' retrieved from /home/airflow/.local/lib/python3.12/site-packages/airflow/example_dags/example_complex.py
[2024-11-08T14:33:14.039+0000] {logging_mixin.py:190} INFO - [2024-11-08T14:33:14.038+0000] {dag.py:3239} INFO - Sync 1 DAGs
[2024-11-08T14:33:14.054+0000] {logging_mixin.py:190} INFO - [2024-11-08T14:33:14.054+0000] {dag.py:4180} INFO - Setting next_dagrun for example_complex to None, run_after=None
[2024-11-08T14:33:14.136+0000] {processor.py:208} INFO - Processing /home/airflow/.local/lib/python3.12/site-packages/airflow/example_dags/example_complex.py took 0.153 seconds
[2024-11-08T14:33:46.033+0000] {processor.py:186} INFO - Started process (PID=295) to work on /home/airflow/.local/lib/python3.12/site-packages/airflow/example_dags/example_complex.py
[2024-11-08T14:33:46.035+0000] {processor.py:914} INFO - Processing file /home/airflow/.local/lib/python3.12/site-packages/airflow/example_dags/example_complex.py for tasks to queue
[2024-11-08T14:33:46.038+0000] {logging_mixin.py:190} INFO - [2024-11-08T14:33:46.037+0000] {dagbag.py:588} INFO - Filling up the DagBag from /home/airflow/.local/lib/python3.12/site-packages/airflow/example_dags/example_complex.py
[2024-11-08T14:33:46.062+0000] {processor.py:925} INFO - DAG(s) 'example_complex' retrieved from /home/airflow/.local/lib/python3.12/site-packages/airflow/example_dags/example_complex.py
[2024-11-08T14:33:46.111+0000] {logging_mixin.py:190} INFO - [2024-11-08T14:33:46.111+0000] {dag.py:3239} INFO - Sync 1 DAGs
[2024-11-08T14:33:46.131+0000] {logging_mixin.py:190} INFO - [2024-11-08T14:33:46.131+0000] {dag.py:4180} INFO - Setting next_dagrun for example_complex to None, run_after=None
[2024-11-08T14:33:46.158+0000] {processor.py:208} INFO - Processing /home/airflow/.local/lib/python3.12/site-packages/airflow/example_dags/example_complex.py took 0.132 seconds
[2024-11-08T14:34:16.642+0000] {processor.py:186} INFO - Started process (PID=358) to work on /home/airflow/.local/lib/python3.12/site-packages/airflow/example_dags/example_complex.py
[2024-11-08T14:34:16.643+0000] {processor.py:914} INFO - Processing file /home/airflow/.local/lib/python3.12/site-packages/airflow/example_dags/example_complex.py for tasks to queue
[2024-11-08T14:34:16.646+0000] {logging_mixin.py:190} INFO - [2024-11-08T14:34:16.646+0000] {dagbag.py:588} INFO - Filling up the DagBag from /home/airflow/.local/lib/python3.12/site-packages/airflow/example_dags/example_complex.py
[2024-11-08T14:34:16.663+0000] {processor.py:925} INFO - DAG(s) 'example_complex' retrieved from /home/airflow/.local/lib/python3.12/site-packages/airflow/example_dags/example_complex.py
[2024-11-08T14:34:16.700+0000] {logging_mixin.py:190} INFO - [2024-11-08T14:34:16.699+0000] {dag.py:3239} INFO - Sync 1 DAGs
[2024-11-08T14:34:16.716+0000] {logging_mixin.py:190} INFO - [2024-11-08T14:34:16.716+0000] {dag.py:4180} INFO - Setting next_dagrun for example_complex to None, run_after=None
[2024-11-08T14:34:16.739+0000] {processor.py:208} INFO - Processing /home/airflow/.local/lib/python3.12/site-packages/airflow/example_dags/example_complex.py took 0.104 seconds
[2024-11-08T14:34:47.920+0000] {processor.py:186} INFO - Started process (PID=420) to work on /home/airflow/.local/lib/python3.12/site-packages/airflow/example_dags/example_complex.py
[2024-11-08T14:34:47.922+0000] {processor.py:914} INFO - Processing file /home/airflow/.local/lib/python3.12/site-packages/airflow/example_dags/example_complex.py for tasks to queue
[2024-11-08T14:34:47.924+0000] {logging_mixin.py:190} INFO - [2024-11-08T14:34:47.924+0000] {dagbag.py:588} INFO - Filling up the DagBag from /home/airflow/.local/lib/python3.12/site-packages/airflow/example_dags/example_complex.py
[2024-11-08T14:34:47.945+0000] {processor.py:925} INFO - DAG(s) 'example_complex' retrieved from /home/airflow/.local/lib/python3.12/site-packages/airflow/example_dags/example_complex.py
[2024-11-08T14:34:47.983+0000] {logging_mixin.py:190} INFO - [2024-11-08T14:34:47.983+0000] {dag.py:3239} INFO - Sync 1 DAGs
[2024-11-08T14:34:48.000+0000] {logging_mixin.py:190} INFO - [2024-11-08T14:34:47.999+0000] {dag.py:4180} INFO - Setting next_dagrun for example_complex to None, run_after=None
[2024-11-08T14:34:48.273+0000] {processor.py:208} INFO - Processing /home/airflow/.local/lib/python3.12/site-packages/airflow/example_dags/example_complex.py took 0.359 seconds
[2024-11-08T14:35:24.597+0000] {processor.py:186} INFO - Started process (PID=484) to work on /home/airflow/.local/lib/python3.12/site-packages/airflow/example_dags/example_complex.py
[2024-11-08T14:35:24.599+0000] {processor.py:914} INFO - Processing file /home/airflow/.local/lib/python3.12/site-packages/airflow/example_dags/example_complex.py for tasks to queue
[2024-11-08T14:35:24.605+0000] {logging_mixin.py:190} INFO - [2024-11-08T14:35:24.604+0000] {dagbag.py:588} INFO - Filling up the DagBag from /home/airflow/.local/lib/python3.12/site-packages/airflow/example_dags/example_complex.py
[2024-11-08T14:35:24.625+0000] {processor.py:925} INFO - DAG(s) 'example_complex' retrieved from /home/airflow/.local/lib/python3.12/site-packages/airflow/example_dags/example_complex.py
[2024-11-08T14:35:24.676+0000] {logging_mixin.py:190} INFO - [2024-11-08T14:35:24.676+0000] {dag.py:3239} INFO - Sync 1 DAGs
[2024-11-08T14:35:24.705+0000] {logging_mixin.py:190} INFO - [2024-11-08T14:35:24.705+0000] {dag.py:4180} INFO - Setting next_dagrun for example_complex to None, run_after=None
[2024-11-08T14:35:24.788+0000] {processor.py:208} INFO - Processing /home/airflow/.local/lib/python3.12/site-packages/airflow/example_dags/example_complex.py took 0.199 seconds
[2024-11-08T14:35:54.890+0000] {processor.py:186} INFO - Started process (PID=545) to work on /home/airflow/.local/lib/python3.12/site-packages/airflow/example_dags/example_complex.py
[2024-11-08T14:35:54.891+0000] {processor.py:914} INFO - Processing file /home/airflow/.local/lib/python3.12/site-packages/airflow/example_dags/example_complex.py for tasks to queue
[2024-11-08T14:35:54.894+0000] {logging_mixin.py:190} INFO - [2024-11-08T14:35:54.894+0000] {dagbag.py:588} INFO - Filling up the DagBag from /home/airflow/.local/lib/python3.12/site-packages/airflow/example_dags/example_complex.py
[2024-11-08T14:35:54.909+0000] {processor.py:925} INFO - DAG(s) 'example_complex' retrieved from /home/airflow/.local/lib/python3.12/site-packages/airflow/example_dags/example_complex.py
[2024-11-08T14:35:54.946+0000] {logging_mixin.py:190} INFO - [2024-11-08T14:35:54.946+0000] {dag.py:3239} INFO - Sync 1 DAGs
[2024-11-08T14:35:54.962+0000] {logging_mixin.py:190} INFO - [2024-11-08T14:35:54.962+0000] {dag.py:4180} INFO - Setting next_dagrun for example_complex to None, run_after=None
[2024-11-08T14:35:55.027+0000] {processor.py:208} INFO - Processing /home/airflow/.local/lib/python3.12/site-packages/airflow/example_dags/example_complex.py took 0.144 seconds
[2024-11-08T14:36:25.557+0000] {processor.py:186} INFO - Started process (PID=615) to work on /home/airflow/.local/lib/python3.12/site-packages/airflow/example_dags/example_complex.py
[2024-11-08T14:36:25.558+0000] {processor.py:914} INFO - Processing file /home/airflow/.local/lib/python3.12/site-packages/airflow/example_dags/example_complex.py for tasks to queue
[2024-11-08T14:36:25.561+0000] {logging_mixin.py:190} INFO - [2024-11-08T14:36:25.560+0000] {dagbag.py:588} INFO - Filling up the DagBag from /home/airflow/.local/lib/python3.12/site-packages/airflow/example_dags/example_complex.py
[2024-11-08T14:36:25.573+0000] {processor.py:925} INFO - DAG(s) 'example_complex' retrieved from /home/airflow/.local/lib/python3.12/site-packages/airflow/example_dags/example_complex.py
[2024-11-08T14:36:25.610+0000] {logging_mixin.py:190} INFO - [2024-11-08T14:36:25.609+0000] {dag.py:3239} INFO - Sync 1 DAGs
[2024-11-08T14:36:25.625+0000] {logging_mixin.py:190} INFO - [2024-11-08T14:36:25.625+0000] {dag.py:4180} INFO - Setting next_dagrun for example_complex to None, run_after=None
[2024-11-08T14:36:25.893+0000] {processor.py:208} INFO - Processing /home/airflow/.local/lib/python3.12/site-packages/airflow/example_dags/example_complex.py took 0.341 seconds
[2024-11-08T14:36:56.784+0000] {processor.py:186} INFO - Started process (PID=678) to work on /home/airflow/.local/lib/python3.12/site-packages/airflow/example_dags/example_complex.py
[2024-11-08T14:36:56.785+0000] {processor.py:914} INFO - Processing file /home/airflow/.local/lib/python3.12/site-packages/airflow/example_dags/example_complex.py for tasks to queue
[2024-11-08T14:36:56.788+0000] {logging_mixin.py:190} INFO - [2024-11-08T14:36:56.788+0000] {dagbag.py:588} INFO - Filling up the DagBag from /home/airflow/.local/lib/python3.12/site-packages/airflow/example_dags/example_complex.py
[2024-11-08T14:36:56.802+0000] {processor.py:925} INFO - DAG(s) 'example_complex' retrieved from /home/airflow/.local/lib/python3.12/site-packages/airflow/example_dags/example_complex.py
[2024-11-08T14:36:56.837+0000] {logging_mixin.py:190} INFO - [2024-11-08T14:36:56.837+0000] {dag.py:3239} INFO - Sync 1 DAGs
[2024-11-08T14:36:56.854+0000] {logging_mixin.py:190} INFO - [2024-11-08T14:36:56.854+0000] {dag.py:4180} INFO - Setting next_dagrun for example_complex to None, run_after=None
[2024-11-08T14:36:56.885+0000] {processor.py:208} INFO - Processing /home/airflow/.local/lib/python3.12/site-packages/airflow/example_dags/example_complex.py took 0.108 seconds
[2024-11-08T14:37:27.492+0000] {processor.py:186} INFO - Started process (PID=742) to work on /home/airflow/.local/lib/python3.12/site-packages/airflow/example_dags/example_complex.py
[2024-11-08T14:37:27.494+0000] {processor.py:914} INFO - Processing file /home/airflow/.local/lib/python3.12/site-packages/airflow/example_dags/example_complex.py for tasks to queue
[2024-11-08T14:37:27.496+0000] {logging_mixin.py:190} INFO - [2024-11-08T14:37:27.496+0000] {dagbag.py:588} INFO - Filling up the DagBag from /home/airflow/.local/lib/python3.12/site-packages/airflow/example_dags/example_complex.py
[2024-11-08T14:37:27.508+0000] {processor.py:925} INFO - DAG(s) 'example_complex' retrieved from /home/airflow/.local/lib/python3.12/site-packages/airflow/example_dags/example_complex.py
[2024-11-08T14:37:27.538+0000] {logging_mixin.py:190} INFO - [2024-11-08T14:37:27.538+0000] {dag.py:3239} INFO - Sync 1 DAGs
[2024-11-08T14:37:27.553+0000] {logging_mixin.py:190} INFO - [2024-11-08T14:37:27.552+0000] {dag.py:4180} INFO - Setting next_dagrun for example_complex to None, run_after=None
[2024-11-08T14:37:28.096+0000] {processor.py:208} INFO - Processing /home/airflow/.local/lib/python3.12/site-packages/airflow/example_dags/example_complex.py took 0.609 seconds
[2024-11-08T14:37:58.463+0000] {processor.py:186} INFO - Started process (PID=804) to work on /home/airflow/.local/lib/python3.12/site-packages/airflow/example_dags/example_complex.py
[2024-11-08T14:37:58.464+0000] {processor.py:914} INFO - Processing file /home/airflow/.local/lib/python3.12/site-packages/airflow/example_dags/example_complex.py for tasks to queue
[2024-11-08T14:37:58.467+0000] {logging_mixin.py:190} INFO - [2024-11-08T14:37:58.466+0000] {dagbag.py:588} INFO - Filling up the DagBag from /home/airflow/.local/lib/python3.12/site-packages/airflow/example_dags/example_complex.py
[2024-11-08T14:37:58.478+0000] {processor.py:925} INFO - DAG(s) 'example_complex' retrieved from /home/airflow/.local/lib/python3.12/site-packages/airflow/example_dags/example_complex.py
[2024-11-08T14:37:58.509+0000] {logging_mixin.py:190} INFO - [2024-11-08T14:37:58.508+0000] {dag.py:3239} INFO - Sync 1 DAGs
[2024-11-08T14:37:58.522+0000] {logging_mixin.py:190} INFO - [2024-11-08T14:37:58.522+0000] {dag.py:4180} INFO - Setting next_dagrun for example_complex to None, run_after=None
[2024-11-08T14:37:58.741+0000] {processor.py:208} INFO - Processing /home/airflow/.local/lib/python3.12/site-packages/airflow/example_dags/example_complex.py took 0.284 seconds
[2024-11-08T14:38:30.065+0000] {processor.py:186} INFO - Started process (PID=867) to work on /home/airflow/.local/lib/python3.12/site-packages/airflow/example_dags/example_complex.py
[2024-11-08T14:38:30.067+0000] {processor.py:914} INFO - Processing file /home/airflow/.local/lib/python3.12/site-packages/airflow/example_dags/example_complex.py for tasks to queue
[2024-11-08T14:38:30.069+0000] {logging_mixin.py:190} INFO - [2024-11-08T14:38:30.069+0000] {dagbag.py:588} INFO - Filling up the DagBag from /home/airflow/.local/lib/python3.12/site-packages/airflow/example_dags/example_complex.py
[2024-11-08T14:38:30.082+0000] {processor.py:925} INFO - DAG(s) 'example_complex' retrieved from /home/airflow/.local/lib/python3.12/site-packages/airflow/example_dags/example_complex.py
[2024-11-08T14:38:30.116+0000] {logging_mixin.py:190} INFO - [2024-11-08T14:38:30.116+0000] {dag.py:3239} INFO - Sync 1 DAGs
[2024-11-08T14:38:30.131+0000] {logging_mixin.py:190} INFO - [2024-11-08T14:38:30.131+0000] {dag.py:4180} INFO - Setting next_dagrun for example_complex to None, run_after=None
[2024-11-08T14:38:30.339+0000] {processor.py:208} INFO - Processing /home/airflow/.local/lib/python3.12/site-packages/airflow/example_dags/example_complex.py took 0.282 seconds
[2024-11-08T14:39:00.945+0000] {processor.py:186} INFO - Started process (PID=930) to work on /home/airflow/.local/lib/python3.12/site-packages/airflow/example_dags/example_complex.py
[2024-11-08T14:39:00.946+0000] {processor.py:914} INFO - Processing file /home/airflow/.local/lib/python3.12/site-packages/airflow/example_dags/example_complex.py for tasks to queue
[2024-11-08T14:39:00.949+0000] {logging_mixin.py:190} INFO - [2024-11-08T14:39:00.949+0000] {dagbag.py:588} INFO - Filling up the DagBag from /home/airflow/.local/lib/python3.12/site-packages/airflow/example_dags/example_complex.py
[2024-11-08T14:39:00.961+0000] {processor.py:925} INFO - DAG(s) 'example_complex' retrieved from /home/airflow/.local/lib/python3.12/site-packages/airflow/example_dags/example_complex.py
[2024-11-08T14:39:00.995+0000] {logging_mixin.py:190} INFO - [2024-11-08T14:39:00.995+0000] {dag.py:3239} INFO - Sync 1 DAGs
[2024-11-08T14:39:01.011+0000] {logging_mixin.py:190} INFO - [2024-11-08T14:39:01.011+0000] {dag.py:4180} INFO - Setting next_dagrun for example_complex to None, run_after=None
[2024-11-08T14:39:01.643+0000] {processor.py:208} INFO - Processing /home/airflow/.local/lib/python3.12/site-packages/airflow/example_dags/example_complex.py took 0.703 seconds
[2024-11-08T14:39:31.877+0000] {processor.py:186} INFO - Started process (PID=993) to work on /home/airflow/.local/lib/python3.12/site-packages/airflow/example_dags/example_complex.py
[2024-11-08T14:39:31.879+0000] {processor.py:914} INFO - Processing file /home/airflow/.local/lib/python3.12/site-packages/airflow/example_dags/example_complex.py for tasks to queue
[2024-11-08T14:39:31.884+0000] {logging_mixin.py:190} INFO - [2024-11-08T14:39:31.883+0000] {dagbag.py:588} INFO - Filling up the DagBag from /home/airflow/.local/lib/python3.12/site-packages/airflow/example_dags/example_complex.py
[2024-11-08T14:39:31.902+0000] {processor.py:925} INFO - DAG(s) 'example_complex' retrieved from /home/airflow/.local/lib/python3.12/site-packages/airflow/example_dags/example_complex.py
[2024-11-08T14:39:31.953+0000] {logging_mixin.py:190} INFO - [2024-11-08T14:39:31.953+0000] {dag.py:3239} INFO - Sync 1 DAGs
[2024-11-08T14:39:31.978+0000] {logging_mixin.py:190} INFO - [2024-11-08T14:39:31.978+0000] {dag.py:4180} INFO - Setting next_dagrun for example_complex to None, run_after=None
[2024-11-08T14:39:32.116+0000] {processor.py:208} INFO - Processing /home/airflow/.local/lib/python3.12/site-packages/airflow/example_dags/example_complex.py took 0.248 seconds
[2024-11-08T14:40:02.764+0000] {processor.py:186} INFO - Started process (PID=1056) to work on /home/airflow/.local/lib/python3.12/site-packages/airflow/example_dags/example_complex.py
[2024-11-08T14:40:02.766+0000] {processor.py:914} INFO - Processing file /home/airflow/.local/lib/python3.12/site-packages/airflow/example_dags/example_complex.py for tasks to queue
[2024-11-08T14:40:02.769+0000] {logging_mixin.py:190} INFO - [2024-11-08T14:40:02.768+0000] {dagbag.py:588} INFO - Filling up the DagBag from /home/airflow/.local/lib/python3.12/site-packages/airflow/example_dags/example_complex.py
[2024-11-08T14:40:02.783+0000] {processor.py:925} INFO - DAG(s) 'example_complex' retrieved from /home/airflow/.local/lib/python3.12/site-packages/airflow/example_dags/example_complex.py
[2024-11-08T14:40:02.815+0000] {logging_mixin.py:190} INFO - [2024-11-08T14:40:02.815+0000] {dag.py:3239} INFO - Sync 1 DAGs
[2024-11-08T14:40:02.832+0000] {logging_mixin.py:190} INFO - [2024-11-08T14:40:02.832+0000] {dag.py:4180} INFO - Setting next_dagrun for example_complex to None, run_after=None
[2024-11-08T14:40:03.095+0000] {processor.py:208} INFO - Processing /home/airflow/.local/lib/python3.12/site-packages/airflow/example_dags/example_complex.py took 0.337 seconds
[2024-11-08T14:40:33.347+0000] {processor.py:186} INFO - Started process (PID=1119) to work on /home/airflow/.local/lib/python3.12/site-packages/airflow/example_dags/example_complex.py
[2024-11-08T14:40:33.348+0000] {processor.py:914} INFO - Processing file /home/airflow/.local/lib/python3.12/site-packages/airflow/example_dags/example_complex.py for tasks to queue
[2024-11-08T14:40:33.351+0000] {logging_mixin.py:190} INFO - [2024-11-08T14:40:33.350+0000] {dagbag.py:588} INFO - Filling up the DagBag from /home/airflow/.local/lib/python3.12/site-packages/airflow/example_dags/example_complex.py
[2024-11-08T14:40:33.363+0000] {processor.py:925} INFO - DAG(s) 'example_complex' retrieved from /home/airflow/.local/lib/python3.12/site-packages/airflow/example_dags/example_complex.py
[2024-11-08T14:40:33.396+0000] {logging_mixin.py:190} INFO - [2024-11-08T14:40:33.396+0000] {dag.py:3239} INFO - Sync 1 DAGs
[2024-11-08T14:40:33.410+0000] {logging_mixin.py:190} INFO - [2024-11-08T14:40:33.410+0000] {dag.py:4180} INFO - Setting next_dagrun for example_complex to None, run_after=None
[2024-11-08T14:40:33.439+0000] {processor.py:208} INFO - Processing /home/airflow/.local/lib/python3.12/site-packages/airflow/example_dags/example_complex.py took 0.098 seconds
[2024-11-08T14:41:03.674+0000] {processor.py:186} INFO - Started process (PID=1181) to work on /home/airflow/.local/lib/python3.12/site-packages/airflow/example_dags/example_complex.py
[2024-11-08T14:41:03.675+0000] {processor.py:914} INFO - Processing file /home/airflow/.local/lib/python3.12/site-packages/airflow/example_dags/example_complex.py for tasks to queue
[2024-11-08T14:41:03.678+0000] {logging_mixin.py:190} INFO - [2024-11-08T14:41:03.678+0000] {dagbag.py:588} INFO - Filling up the DagBag from /home/airflow/.local/lib/python3.12/site-packages/airflow/example_dags/example_complex.py
[2024-11-08T14:41:03.690+0000] {processor.py:925} INFO - DAG(s) 'example_complex' retrieved from /home/airflow/.local/lib/python3.12/site-packages/airflow/example_dags/example_complex.py
[2024-11-08T14:41:03.724+0000] {logging_mixin.py:190} INFO - [2024-11-08T14:41:03.724+0000] {dag.py:3239} INFO - Sync 1 DAGs
[2024-11-08T14:41:03.739+0000] {logging_mixin.py:190} INFO - [2024-11-08T14:41:03.738+0000] {dag.py:4180} INFO - Setting next_dagrun for example_complex to None, run_after=None
[2024-11-08T14:41:03.951+0000] {processor.py:208} INFO - Processing /home/airflow/.local/lib/python3.12/site-packages/airflow/example_dags/example_complex.py took 0.282 seconds
[2024-11-08T14:41:34.061+0000] {processor.py:186} INFO - Started process (PID=1244) to work on /home/airflow/.local/lib/python3.12/site-packages/airflow/example_dags/example_complex.py
[2024-11-08T14:41:34.062+0000] {processor.py:914} INFO - Processing file /home/airflow/.local/lib/python3.12/site-packages/airflow/example_dags/example_complex.py for tasks to queue
[2024-11-08T14:41:34.064+0000] {logging_mixin.py:190} INFO - [2024-11-08T14:41:34.064+0000] {dagbag.py:588} INFO - Filling up the DagBag from /home/airflow/.local/lib/python3.12/site-packages/airflow/example_dags/example_complex.py
[2024-11-08T14:41:34.082+0000] {processor.py:925} INFO - DAG(s) 'example_complex' retrieved from /home/airflow/.local/lib/python3.12/site-packages/airflow/example_dags/example_complex.py
[2024-11-08T14:41:34.127+0000] {logging_mixin.py:190} INFO - [2024-11-08T14:41:34.127+0000] {dag.py:3239} INFO - Sync 1 DAGs
[2024-11-08T14:41:34.151+0000] {logging_mixin.py:190} INFO - [2024-11-08T14:41:34.148+0000] {dag.py:4180} INFO - Setting next_dagrun for example_complex to None, run_after=None
[2024-11-08T14:41:34.210+0000] {processor.py:208} INFO - Processing /home/airflow/.local/lib/python3.12/site-packages/airflow/example_dags/example_complex.py took 0.157 seconds
[2024-11-08T14:42:04.284+0000] {processor.py:186} INFO - Started process (PID=1306) to work on /home/airflow/.local/lib/python3.12/site-packages/airflow/example_dags/example_complex.py
[2024-11-08T14:42:04.285+0000] {processor.py:914} INFO - Processing file /home/airflow/.local/lib/python3.12/site-packages/airflow/example_dags/example_complex.py for tasks to queue
[2024-11-08T14:42:04.287+0000] {logging_mixin.py:190} INFO - [2024-11-08T14:42:04.287+0000] {dagbag.py:588} INFO - Filling up the DagBag from /home/airflow/.local/lib/python3.12/site-packages/airflow/example_dags/example_complex.py
[2024-11-08T14:42:04.299+0000] {processor.py:925} INFO - DAG(s) 'example_complex' retrieved from /home/airflow/.local/lib/python3.12/site-packages/airflow/example_dags/example_complex.py
[2024-11-08T14:42:04.330+0000] {logging_mixin.py:190} INFO - [2024-11-08T14:42:04.330+0000] {dag.py:3239} INFO - Sync 1 DAGs
[2024-11-08T14:42:04.344+0000] {logging_mixin.py:190} INFO - [2024-11-08T14:42:04.343+0000] {dag.py:4180} INFO - Setting next_dagrun for example_complex to None, run_after=None
[2024-11-08T14:42:04.376+0000] {processor.py:208} INFO - Processing /home/airflow/.local/lib/python3.12/site-packages/airflow/example_dags/example_complex.py took 0.098 seconds
[2024-11-08T14:42:35.168+0000] {processor.py:186} INFO - Started process (PID=1369) to work on /home/airflow/.local/lib/python3.12/site-packages/airflow/example_dags/example_complex.py
[2024-11-08T14:42:35.169+0000] {processor.py:914} INFO - Processing file /home/airflow/.local/lib/python3.12/site-packages/airflow/example_dags/example_complex.py for tasks to queue
[2024-11-08T14:42:35.171+0000] {logging_mixin.py:190} INFO - [2024-11-08T14:42:35.171+0000] {dagbag.py:588} INFO - Filling up the DagBag from /home/airflow/.local/lib/python3.12/site-packages/airflow/example_dags/example_complex.py
[2024-11-08T14:42:35.182+0000] {processor.py:925} INFO - DAG(s) 'example_complex' retrieved from /home/airflow/.local/lib/python3.12/site-packages/airflow/example_dags/example_complex.py
[2024-11-08T14:42:35.214+0000] {logging_mixin.py:190} INFO - [2024-11-08T14:42:35.213+0000] {dag.py:3239} INFO - Sync 1 DAGs
[2024-11-08T14:42:35.227+0000] {logging_mixin.py:190} INFO - [2024-11-08T14:42:35.227+0000] {dag.py:4180} INFO - Setting next_dagrun for example_complex to None, run_after=None
[2024-11-08T14:42:35.460+0000] {processor.py:208} INFO - Processing /home/airflow/.local/lib/python3.12/site-packages/airflow/example_dags/example_complex.py took 0.298 seconds
[2024-11-08T14:43:06.963+0000] {processor.py:186} INFO - Started process (PID=1432) to work on /home/airflow/.local/lib/python3.12/site-packages/airflow/example_dags/example_complex.py
[2024-11-08T14:43:06.964+0000] {processor.py:914} INFO - Processing file /home/airflow/.local/lib/python3.12/site-packages/airflow/example_dags/example_complex.py for tasks to queue
[2024-11-08T14:43:06.967+0000] {logging_mixin.py:190} INFO - [2024-11-08T14:43:06.967+0000] {dagbag.py:588} INFO - Filling up the DagBag from /home/airflow/.local/lib/python3.12/site-packages/airflow/example_dags/example_complex.py
[2024-11-08T14:43:06.981+0000] {processor.py:925} INFO - DAG(s) 'example_complex' retrieved from /home/airflow/.local/lib/python3.12/site-packages/airflow/example_dags/example_complex.py
[2024-11-08T14:43:07.016+0000] {logging_mixin.py:190} INFO - [2024-11-08T14:43:07.016+0000] {dag.py:3239} INFO - Sync 1 DAGs
[2024-11-08T14:43:07.033+0000] {logging_mixin.py:190} INFO - [2024-11-08T14:43:07.033+0000] {dag.py:4180} INFO - Setting next_dagrun for example_complex to None, run_after=None
[2024-11-08T14:43:07.266+0000] {processor.py:208} INFO - Processing /home/airflow/.local/lib/python3.12/site-packages/airflow/example_dags/example_complex.py took 0.310 seconds
[2024-11-08T14:43:37.826+0000] {processor.py:186} INFO - Started process (PID=1495) to work on /home/airflow/.local/lib/python3.12/site-packages/airflow/example_dags/example_complex.py
[2024-11-08T14:43:37.827+0000] {processor.py:914} INFO - Processing file /home/airflow/.local/lib/python3.12/site-packages/airflow/example_dags/example_complex.py for tasks to queue
[2024-11-08T14:43:37.830+0000] {logging_mixin.py:190} INFO - [2024-11-08T14:43:37.829+0000] {dagbag.py:588} INFO - Filling up the DagBag from /home/airflow/.local/lib/python3.12/site-packages/airflow/example_dags/example_complex.py
[2024-11-08T14:43:37.843+0000] {processor.py:925} INFO - DAG(s) 'example_complex' retrieved from /home/airflow/.local/lib/python3.12/site-packages/airflow/example_dags/example_complex.py
[2024-11-08T14:43:37.880+0000] {logging_mixin.py:190} INFO - [2024-11-08T14:43:37.879+0000] {dag.py:3239} INFO - Sync 1 DAGs
[2024-11-08T14:43:37.895+0000] {logging_mixin.py:190} INFO - [2024-11-08T14:43:37.895+0000] {dag.py:4180} INFO - Setting next_dagrun for example_complex to None, run_after=None
[2024-11-08T14:43:38.095+0000] {processor.py:208} INFO - Processing /home/airflow/.local/lib/python3.12/site-packages/airflow/example_dags/example_complex.py took 0.276 seconds
[2024-11-08T14:44:09.227+0000] {processor.py:186} INFO - Started process (PID=1558) to work on /home/airflow/.local/lib/python3.12/site-packages/airflow/example_dags/example_complex.py
[2024-11-08T14:44:09.228+0000] {processor.py:914} INFO - Processing file /home/airflow/.local/lib/python3.12/site-packages/airflow/example_dags/example_complex.py for tasks to queue
[2024-11-08T14:44:09.231+0000] {logging_mixin.py:190} INFO - [2024-11-08T14:44:09.230+0000] {dagbag.py:588} INFO - Filling up the DagBag from /home/airflow/.local/lib/python3.12/site-packages/airflow/example_dags/example_complex.py
[2024-11-08T14:44:09.243+0000] {processor.py:925} INFO - DAG(s) 'example_complex' retrieved from /home/airflow/.local/lib/python3.12/site-packages/airflow/example_dags/example_complex.py
[2024-11-08T14:44:09.276+0000] {logging_mixin.py:190} INFO - [2024-11-08T14:44:09.276+0000] {dag.py:3239} INFO - Sync 1 DAGs
[2024-11-08T14:44:09.291+0000] {logging_mixin.py:190} INFO - [2024-11-08T14:44:09.291+0000] {dag.py:4180} INFO - Setting next_dagrun for example_complex to None, run_after=None
[2024-11-08T14:44:09.319+0000] {processor.py:208} INFO - Processing /home/airflow/.local/lib/python3.12/site-packages/airflow/example_dags/example_complex.py took 0.097 seconds
[2024-11-08T14:44:39.900+0000] {processor.py:186} INFO - Started process (PID=1622) to work on /home/airflow/.local/lib/python3.12/site-packages/airflow/example_dags/example_complex.py
[2024-11-08T14:44:39.902+0000] {processor.py:914} INFO - Processing file /home/airflow/.local/lib/python3.12/site-packages/airflow/example_dags/example_complex.py for tasks to queue
[2024-11-08T14:44:39.904+0000] {logging_mixin.py:190} INFO - [2024-11-08T14:44:39.904+0000] {dagbag.py:588} INFO - Filling up the DagBag from /home/airflow/.local/lib/python3.12/site-packages/airflow/example_dags/example_complex.py
[2024-11-08T14:44:39.916+0000] {processor.py:925} INFO - DAG(s) 'example_complex' retrieved from /home/airflow/.local/lib/python3.12/site-packages/airflow/example_dags/example_complex.py
[2024-11-08T14:44:39.950+0000] {logging_mixin.py:190} INFO - [2024-11-08T14:44:39.950+0000] {dag.py:3239} INFO - Sync 1 DAGs
[2024-11-08T14:44:39.965+0000] {logging_mixin.py:190} INFO - [2024-11-08T14:44:39.965+0000] {dag.py:4180} INFO - Setting next_dagrun for example_complex to None, run_after=None
[2024-11-08T14:44:39.989+0000] {processor.py:208} INFO - Processing /home/airflow/.local/lib/python3.12/site-packages/airflow/example_dags/example_complex.py took 0.094 seconds
[2024-11-08T14:45:11.403+0000] {processor.py:186} INFO - Started process (PID=1684) to work on /home/airflow/.local/lib/python3.12/site-packages/airflow/example_dags/example_complex.py
[2024-11-08T14:45:11.405+0000] {processor.py:914} INFO - Processing file /home/airflow/.local/lib/python3.12/site-packages/airflow/example_dags/example_complex.py for tasks to queue
[2024-11-08T14:45:11.409+0000] {logging_mixin.py:190} INFO - [2024-11-08T14:45:11.409+0000] {dagbag.py:588} INFO - Filling up the DagBag from /home/airflow/.local/lib/python3.12/site-packages/airflow/example_dags/example_complex.py
[2024-11-08T14:45:11.424+0000] {processor.py:925} INFO - DAG(s) 'example_complex' retrieved from /home/airflow/.local/lib/python3.12/site-packages/airflow/example_dags/example_complex.py
[2024-11-08T14:45:11.477+0000] {logging_mixin.py:190} INFO - [2024-11-08T14:45:11.477+0000] {dag.py:3239} INFO - Sync 1 DAGs
[2024-11-08T14:45:11.503+0000] {logging_mixin.py:190} INFO - [2024-11-08T14:45:11.503+0000] {dag.py:4180} INFO - Setting next_dagrun for example_complex to None, run_after=None
[2024-11-08T14:45:11.579+0000] {processor.py:208} INFO - Processing /home/airflow/.local/lib/python3.12/site-packages/airflow/example_dags/example_complex.py took 0.182 seconds
[2024-11-08T14:45:43.395+0000] {processor.py:186} INFO - Started process (PID=1747) to work on /home/airflow/.local/lib/python3.12/site-packages/airflow/example_dags/example_complex.py
[2024-11-08T14:45:43.396+0000] {processor.py:914} INFO - Processing file /home/airflow/.local/lib/python3.12/site-packages/airflow/example_dags/example_complex.py for tasks to queue
[2024-11-08T14:45:43.399+0000] {logging_mixin.py:190} INFO - [2024-11-08T14:45:43.398+0000] {dagbag.py:588} INFO - Filling up the DagBag from /home/airflow/.local/lib/python3.12/site-packages/airflow/example_dags/example_complex.py
[2024-11-08T14:45:43.412+0000] {processor.py:925} INFO - DAG(s) 'example_complex' retrieved from /home/airflow/.local/lib/python3.12/site-packages/airflow/example_dags/example_complex.py
[2024-11-08T14:45:43.447+0000] {logging_mixin.py:190} INFO - [2024-11-08T14:45:43.447+0000] {dag.py:3239} INFO - Sync 1 DAGs
[2024-11-08T14:45:43.463+0000] {logging_mixin.py:190} INFO - [2024-11-08T14:45:43.463+0000] {dag.py:4180} INFO - Setting next_dagrun for example_complex to None, run_after=None
[2024-11-08T14:45:43.610+0000] {processor.py:208} INFO - Processing /home/airflow/.local/lib/python3.12/site-packages/airflow/example_dags/example_complex.py took 0.221 seconds
[2024-11-08T14:46:14.354+0000] {processor.py:186} INFO - Started process (PID=1810) to work on /home/airflow/.local/lib/python3.12/site-packages/airflow/example_dags/example_complex.py
[2024-11-08T14:46:14.356+0000] {processor.py:914} INFO - Processing file /home/airflow/.local/lib/python3.12/site-packages/airflow/example_dags/example_complex.py for tasks to queue
[2024-11-08T14:46:14.358+0000] {logging_mixin.py:190} INFO - [2024-11-08T14:46:14.358+0000] {dagbag.py:588} INFO - Filling up the DagBag from /home/airflow/.local/lib/python3.12/site-packages/airflow/example_dags/example_complex.py
[2024-11-08T14:46:14.372+0000] {processor.py:925} INFO - DAG(s) 'example_complex' retrieved from /home/airflow/.local/lib/python3.12/site-packages/airflow/example_dags/example_complex.py
[2024-11-08T14:46:14.405+0000] {logging_mixin.py:190} INFO - [2024-11-08T14:46:14.404+0000] {dag.py:3239} INFO - Sync 1 DAGs
[2024-11-08T14:46:14.420+0000] {logging_mixin.py:190} INFO - [2024-11-08T14:46:14.420+0000] {dag.py:4180} INFO - Setting next_dagrun for example_complex to None, run_after=None
[2024-11-08T14:46:14.447+0000] {processor.py:208} INFO - Processing /home/airflow/.local/lib/python3.12/site-packages/airflow/example_dags/example_complex.py took 0.098 seconds
[2024-11-08T14:46:46.298+0000] {processor.py:186} INFO - Started process (PID=1874) to work on /home/airflow/.local/lib/python3.12/site-packages/airflow/example_dags/example_complex.py
[2024-11-08T14:46:46.300+0000] {processor.py:914} INFO - Processing file /home/airflow/.local/lib/python3.12/site-packages/airflow/example_dags/example_complex.py for tasks to queue
[2024-11-08T14:46:46.303+0000] {logging_mixin.py:190} INFO - [2024-11-08T14:46:46.302+0000] {dagbag.py:588} INFO - Filling up the DagBag from /home/airflow/.local/lib/python3.12/site-packages/airflow/example_dags/example_complex.py
[2024-11-08T14:46:46.317+0000] {processor.py:925} INFO - DAG(s) 'example_complex' retrieved from /home/airflow/.local/lib/python3.12/site-packages/airflow/example_dags/example_complex.py
[2024-11-08T14:46:46.355+0000] {logging_mixin.py:190} INFO - [2024-11-08T14:46:46.354+0000] {dag.py:3239} INFO - Sync 1 DAGs
[2024-11-08T14:46:46.375+0000] {logging_mixin.py:190} INFO - [2024-11-08T14:46:46.374+0000] {dag.py:4180} INFO - Setting next_dagrun for example_complex to None, run_after=None
[2024-11-08T14:46:46.404+0000] {processor.py:208} INFO - Processing /home/airflow/.local/lib/python3.12/site-packages/airflow/example_dags/example_complex.py took 0.113 seconds
[2024-11-08T14:47:16.978+0000] {processor.py:186} INFO - Started process (PID=1937) to work on /home/airflow/.local/lib/python3.12/site-packages/airflow/example_dags/example_complex.py
[2024-11-08T14:47:16.979+0000] {processor.py:914} INFO - Processing file /home/airflow/.local/lib/python3.12/site-packages/airflow/example_dags/example_complex.py for tasks to queue
[2024-11-08T14:47:16.981+0000] {logging_mixin.py:190} INFO - [2024-11-08T14:47:16.981+0000] {dagbag.py:588} INFO - Filling up the DagBag from /home/airflow/.local/lib/python3.12/site-packages/airflow/example_dags/example_complex.py
[2024-11-08T14:47:16.993+0000] {processor.py:925} INFO - DAG(s) 'example_complex' retrieved from /home/airflow/.local/lib/python3.12/site-packages/airflow/example_dags/example_complex.py
[2024-11-08T14:47:17.027+0000] {logging_mixin.py:190} INFO - [2024-11-08T14:47:17.027+0000] {dag.py:3239} INFO - Sync 1 DAGs
[2024-11-08T14:47:17.042+0000] {logging_mixin.py:190} INFO - [2024-11-08T14:47:17.042+0000] {dag.py:4180} INFO - Setting next_dagrun for example_complex to None, run_after=None
[2024-11-08T14:47:17.298+0000] {processor.py:208} INFO - Processing /home/airflow/.local/lib/python3.12/site-packages/airflow/example_dags/example_complex.py took 0.326 seconds
[2024-11-08T14:47:49.098+0000] {processor.py:186} INFO - Started process (PID=2000) to work on /home/airflow/.local/lib/python3.12/site-packages/airflow/example_dags/example_complex.py
[2024-11-08T14:47:49.099+0000] {processor.py:914} INFO - Processing file /home/airflow/.local/lib/python3.12/site-packages/airflow/example_dags/example_complex.py for tasks to queue
[2024-11-08T14:47:49.101+0000] {logging_mixin.py:190} INFO - [2024-11-08T14:47:49.101+0000] {dagbag.py:588} INFO - Filling up the DagBag from /home/airflow/.local/lib/python3.12/site-packages/airflow/example_dags/example_complex.py
[2024-11-08T14:47:49.113+0000] {processor.py:925} INFO - DAG(s) 'example_complex' retrieved from /home/airflow/.local/lib/python3.12/site-packages/airflow/example_dags/example_complex.py
[2024-11-08T14:47:49.143+0000] {logging_mixin.py:190} INFO - [2024-11-08T14:47:49.143+0000] {dag.py:3239} INFO - Sync 1 DAGs
[2024-11-08T14:47:49.157+0000] {logging_mixin.py:190} INFO - [2024-11-08T14:47:49.156+0000] {dag.py:4180} INFO - Setting next_dagrun for example_complex to None, run_after=None
[2024-11-08T14:47:49.285+0000] {processor.py:208} INFO - Processing /home/airflow/.local/lib/python3.12/site-packages/airflow/example_dags/example_complex.py took 0.192 seconds
[2024-11-08T14:48:20.921+0000] {processor.py:186} INFO - Started process (PID=2065) to work on /home/airflow/.local/lib/python3.12/site-packages/airflow/example_dags/example_complex.py
[2024-11-08T14:48:20.922+0000] {processor.py:914} INFO - Processing file /home/airflow/.local/lib/python3.12/site-packages/airflow/example_dags/example_complex.py for tasks to queue
[2024-11-08T14:48:20.925+0000] {logging_mixin.py:190} INFO - [2024-11-08T14:48:20.924+0000] {dagbag.py:588} INFO - Filling up the DagBag from /home/airflow/.local/lib/python3.12/site-packages/airflow/example_dags/example_complex.py
[2024-11-08T14:48:20.936+0000] {processor.py:925} INFO - DAG(s) 'example_complex' retrieved from /home/airflow/.local/lib/python3.12/site-packages/airflow/example_dags/example_complex.py
[2024-11-08T14:48:20.967+0000] {logging_mixin.py:190} INFO - [2024-11-08T14:48:20.966+0000] {dag.py:3239} INFO - Sync 1 DAGs
[2024-11-08T14:48:20.980+0000] {logging_mixin.py:190} INFO - [2024-11-08T14:48:20.980+0000] {dag.py:4180} INFO - Setting next_dagrun for example_complex to None, run_after=None
[2024-11-08T14:48:21.140+0000] {processor.py:208} INFO - Processing /home/airflow/.local/lib/python3.12/site-packages/airflow/example_dags/example_complex.py took 0.224 seconds
[2024-11-08T14:48:52.004+0000] {processor.py:186} INFO - Started process (PID=2128) to work on /home/airflow/.local/lib/python3.12/site-packages/airflow/example_dags/example_complex.py
[2024-11-08T14:48:52.006+0000] {processor.py:914} INFO - Processing file /home/airflow/.local/lib/python3.12/site-packages/airflow/example_dags/example_complex.py for tasks to queue
[2024-11-08T14:48:52.008+0000] {logging_mixin.py:190} INFO - [2024-11-08T14:48:52.008+0000] {dagbag.py:588} INFO - Filling up the DagBag from /home/airflow/.local/lib/python3.12/site-packages/airflow/example_dags/example_complex.py
[2024-11-08T14:48:52.021+0000] {processor.py:925} INFO - DAG(s) 'example_complex' retrieved from /home/airflow/.local/lib/python3.12/site-packages/airflow/example_dags/example_complex.py
[2024-11-08T14:48:52.054+0000] {logging_mixin.py:190} INFO - [2024-11-08T14:48:52.054+0000] {dag.py:3239} INFO - Sync 1 DAGs
[2024-11-08T14:48:52.069+0000] {logging_mixin.py:190} INFO - [2024-11-08T14:48:52.068+0000] {dag.py:4180} INFO - Setting next_dagrun for example_complex to None, run_after=None
[2024-11-08T14:48:52.143+0000] {processor.py:208} INFO - Processing /home/airflow/.local/lib/python3.12/site-packages/airflow/example_dags/example_complex.py took 0.145 seconds
[2024-11-08T14:49:22.606+0000] {processor.py:186} INFO - Started process (PID=2191) to work on /home/airflow/.local/lib/python3.12/site-packages/airflow/example_dags/example_complex.py
[2024-11-08T14:49:22.607+0000] {processor.py:914} INFO - Processing file /home/airflow/.local/lib/python3.12/site-packages/airflow/example_dags/example_complex.py for tasks to queue
[2024-11-08T14:49:22.610+0000] {logging_mixin.py:190} INFO - [2024-11-08T14:49:22.609+0000] {dagbag.py:588} INFO - Filling up the DagBag from /home/airflow/.local/lib/python3.12/site-packages/airflow/example_dags/example_complex.py
[2024-11-08T14:49:22.623+0000] {processor.py:925} INFO - DAG(s) 'example_complex' retrieved from /home/airflow/.local/lib/python3.12/site-packages/airflow/example_dags/example_complex.py
[2024-11-08T14:49:22.656+0000] {logging_mixin.py:190} INFO - [2024-11-08T14:49:22.656+0000] {dag.py:3239} INFO - Sync 1 DAGs
[2024-11-08T14:49:22.671+0000] {logging_mixin.py:190} INFO - [2024-11-08T14:49:22.671+0000] {dag.py:4180} INFO - Setting next_dagrun for example_complex to None, run_after=None
[2024-11-08T14:49:22.695+0000] {processor.py:208} INFO - Processing /home/airflow/.local/lib/python3.12/site-packages/airflow/example_dags/example_complex.py took 0.095 seconds
[2024-11-08T14:49:54.834+0000] {processor.py:186} INFO - Started process (PID=2254) to work on /home/airflow/.local/lib/python3.12/site-packages/airflow/example_dags/example_complex.py
[2024-11-08T14:49:54.839+0000] {processor.py:914} INFO - Processing file /home/airflow/.local/lib/python3.12/site-packages/airflow/example_dags/example_complex.py for tasks to queue
[2024-11-08T14:49:54.845+0000] {logging_mixin.py:190} INFO - [2024-11-08T14:49:54.841+0000] {dagbag.py:588} INFO - Filling up the DagBag from /home/airflow/.local/lib/python3.12/site-packages/airflow/example_dags/example_complex.py
[2024-11-08T14:49:54.865+0000] {processor.py:925} INFO - DAG(s) 'example_complex' retrieved from /home/airflow/.local/lib/python3.12/site-packages/airflow/example_dags/example_complex.py
[2024-11-08T14:49:54.921+0000] {logging_mixin.py:190} INFO - [2024-11-08T14:49:54.921+0000] {dag.py:3239} INFO - Sync 1 DAGs
[2024-11-08T14:49:54.948+0000] {logging_mixin.py:190} INFO - [2024-11-08T14:49:54.948+0000] {dag.py:4180} INFO - Setting next_dagrun for example_complex to None, run_after=None
[2024-11-08T14:49:54.988+0000] {processor.py:208} INFO - Processing /home/airflow/.local/lib/python3.12/site-packages/airflow/example_dags/example_complex.py took 0.162 seconds
[2024-11-08T14:50:25.257+0000] {processor.py:186} INFO - Started process (PID=2317) to work on /home/airflow/.local/lib/python3.12/site-packages/airflow/example_dags/example_complex.py
[2024-11-08T14:50:25.258+0000] {processor.py:914} INFO - Processing file /home/airflow/.local/lib/python3.12/site-packages/airflow/example_dags/example_complex.py for tasks to queue
[2024-11-08T14:50:25.260+0000] {logging_mixin.py:190} INFO - [2024-11-08T14:50:25.259+0000] {dagbag.py:588} INFO - Filling up the DagBag from /home/airflow/.local/lib/python3.12/site-packages/airflow/example_dags/example_complex.py
[2024-11-08T14:50:25.272+0000] {processor.py:925} INFO - DAG(s) 'example_complex' retrieved from /home/airflow/.local/lib/python3.12/site-packages/airflow/example_dags/example_complex.py
[2024-11-08T14:50:25.302+0000] {logging_mixin.py:190} INFO - [2024-11-08T14:50:25.301+0000] {dag.py:3239} INFO - Sync 1 DAGs
[2024-11-08T14:50:25.316+0000] {logging_mixin.py:190} INFO - [2024-11-08T14:50:25.316+0000] {dag.py:4180} INFO - Setting next_dagrun for example_complex to None, run_after=None
[2024-11-08T14:50:25.394+0000] {processor.py:208} INFO - Processing /home/airflow/.local/lib/python3.12/site-packages/airflow/example_dags/example_complex.py took 0.144 seconds
[2024-11-08T14:50:57.015+0000] {processor.py:186} INFO - Started process (PID=2380) to work on /home/airflow/.local/lib/python3.12/site-packages/airflow/example_dags/example_complex.py
[2024-11-08T14:50:57.016+0000] {processor.py:914} INFO - Processing file /home/airflow/.local/lib/python3.12/site-packages/airflow/example_dags/example_complex.py for tasks to queue
[2024-11-08T14:50:57.018+0000] {logging_mixin.py:190} INFO - [2024-11-08T14:50:57.018+0000] {dagbag.py:588} INFO - Filling up the DagBag from /home/airflow/.local/lib/python3.12/site-packages/airflow/example_dags/example_complex.py
[2024-11-08T14:50:57.036+0000] {processor.py:925} INFO - DAG(s) 'example_complex' retrieved from /home/airflow/.local/lib/python3.12/site-packages/airflow/example_dags/example_complex.py
[2024-11-08T14:50:57.081+0000] {logging_mixin.py:190} INFO - [2024-11-08T14:50:57.081+0000] {dag.py:3239} INFO - Sync 1 DAGs
[2024-11-08T14:50:57.100+0000] {logging_mixin.py:190} INFO - [2024-11-08T14:50:57.100+0000] {dag.py:4180} INFO - Setting next_dagrun for example_complex to None, run_after=None
[2024-11-08T14:50:57.156+0000] {processor.py:208} INFO - Processing /home/airflow/.local/lib/python3.12/site-packages/airflow/example_dags/example_complex.py took 0.149 seconds
[2024-11-08T14:51:29.350+0000] {processor.py:186} INFO - Started process (PID=2449) to work on /home/airflow/.local/lib/python3.12/site-packages/airflow/example_dags/example_complex.py
[2024-11-08T14:51:29.351+0000] {processor.py:914} INFO - Processing file /home/airflow/.local/lib/python3.12/site-packages/airflow/example_dags/example_complex.py for tasks to queue
[2024-11-08T14:51:29.353+0000] {logging_mixin.py:190} INFO - [2024-11-08T14:51:29.353+0000] {dagbag.py:588} INFO - Filling up the DagBag from /home/airflow/.local/lib/python3.12/site-packages/airflow/example_dags/example_complex.py
[2024-11-08T14:51:29.366+0000] {processor.py:925} INFO - DAG(s) 'example_complex' retrieved from /home/airflow/.local/lib/python3.12/site-packages/airflow/example_dags/example_complex.py
[2024-11-08T14:51:29.401+0000] {logging_mixin.py:190} INFO - [2024-11-08T14:51:29.401+0000] {dag.py:3239} INFO - Sync 1 DAGs
[2024-11-08T14:51:29.414+0000] {logging_mixin.py:190} INFO - [2024-11-08T14:51:29.414+0000] {dag.py:4180} INFO - Setting next_dagrun for example_complex to None, run_after=None
[2024-11-08T14:51:29.437+0000] {processor.py:208} INFO - Processing /home/airflow/.local/lib/python3.12/site-packages/airflow/example_dags/example_complex.py took 0.093 seconds
[2024-11-08T14:52:01.247+0000] {processor.py:186} INFO - Started process (PID=2517) to work on /home/airflow/.local/lib/python3.12/site-packages/airflow/example_dags/example_complex.py
[2024-11-08T14:52:01.248+0000] {processor.py:914} INFO - Processing file /home/airflow/.local/lib/python3.12/site-packages/airflow/example_dags/example_complex.py for tasks to queue
[2024-11-08T14:52:01.252+0000] {logging_mixin.py:190} INFO - [2024-11-08T14:52:01.251+0000] {dagbag.py:588} INFO - Filling up the DagBag from /home/airflow/.local/lib/python3.12/site-packages/airflow/example_dags/example_complex.py
[2024-11-08T14:52:01.267+0000] {processor.py:925} INFO - DAG(s) 'example_complex' retrieved from /home/airflow/.local/lib/python3.12/site-packages/airflow/example_dags/example_complex.py
[2024-11-08T14:52:01.305+0000] {logging_mixin.py:190} INFO - [2024-11-08T14:52:01.305+0000] {dag.py:3239} INFO - Sync 1 DAGs
[2024-11-08T14:52:01.321+0000] {logging_mixin.py:190} INFO - [2024-11-08T14:52:01.320+0000] {dag.py:4180} INFO - Setting next_dagrun for example_complex to None, run_after=None
[2024-11-08T14:52:01.364+0000] {processor.py:208} INFO - Processing /home/airflow/.local/lib/python3.12/site-packages/airflow/example_dags/example_complex.py took 0.124 seconds
[2024-11-08T14:52:33.326+0000] {processor.py:186} INFO - Started process (PID=2581) to work on /home/airflow/.local/lib/python3.12/site-packages/airflow/example_dags/example_complex.py
[2024-11-08T14:52:33.430+0000] {processor.py:914} INFO - Processing file /home/airflow/.local/lib/python3.12/site-packages/airflow/example_dags/example_complex.py for tasks to queue
[2024-11-08T14:52:33.433+0000] {logging_mixin.py:190} INFO - [2024-11-08T14:52:33.433+0000] {dagbag.py:588} INFO - Filling up the DagBag from /home/airflow/.local/lib/python3.12/site-packages/airflow/example_dags/example_complex.py
[2024-11-08T14:52:33.447+0000] {processor.py:925} INFO - DAG(s) 'example_complex' retrieved from /home/airflow/.local/lib/python3.12/site-packages/airflow/example_dags/example_complex.py
[2024-11-08T14:52:33.489+0000] {logging_mixin.py:190} INFO - [2024-11-08T14:52:33.488+0000] {dag.py:3239} INFO - Sync 1 DAGs
[2024-11-08T14:52:33.512+0000] {logging_mixin.py:190} INFO - [2024-11-08T14:52:33.512+0000] {dag.py:4180} INFO - Setting next_dagrun for example_complex to None, run_after=None
[2024-11-08T14:52:34.386+0000] {processor.py:208} INFO - Processing /home/airflow/.local/lib/python3.12/site-packages/airflow/example_dags/example_complex.py took 1.067 seconds
[2024-11-08T14:53:04.638+0000] {processor.py:186} INFO - Started process (PID=2644) to work on /home/airflow/.local/lib/python3.12/site-packages/airflow/example_dags/example_complex.py
[2024-11-08T14:53:04.639+0000] {processor.py:914} INFO - Processing file /home/airflow/.local/lib/python3.12/site-packages/airflow/example_dags/example_complex.py for tasks to queue
[2024-11-08T14:53:04.641+0000] {logging_mixin.py:190} INFO - [2024-11-08T14:53:04.641+0000] {dagbag.py:588} INFO - Filling up the DagBag from /home/airflow/.local/lib/python3.12/site-packages/airflow/example_dags/example_complex.py
[2024-11-08T14:53:04.654+0000] {processor.py:925} INFO - DAG(s) 'example_complex' retrieved from /home/airflow/.local/lib/python3.12/site-packages/airflow/example_dags/example_complex.py
[2024-11-08T14:53:04.687+0000] {logging_mixin.py:190} INFO - [2024-11-08T14:53:04.686+0000] {dag.py:3239} INFO - Sync 1 DAGs
[2024-11-08T14:53:04.704+0000] {logging_mixin.py:190} INFO - [2024-11-08T14:53:04.704+0000] {dag.py:4180} INFO - Setting next_dagrun for example_complex to None, run_after=None
[2024-11-08T14:53:04.725+0000] {processor.py:208} INFO - Processing /home/airflow/.local/lib/python3.12/site-packages/airflow/example_dags/example_complex.py took 0.093 seconds
[2024-11-08T14:53:35.800+0000] {processor.py:186} INFO - Started process (PID=2707) to work on /home/airflow/.local/lib/python3.12/site-packages/airflow/example_dags/example_complex.py
[2024-11-08T14:53:35.801+0000] {processor.py:914} INFO - Processing file /home/airflow/.local/lib/python3.12/site-packages/airflow/example_dags/example_complex.py for tasks to queue
[2024-11-08T14:53:35.803+0000] {logging_mixin.py:190} INFO - [2024-11-08T14:53:35.803+0000] {dagbag.py:588} INFO - Filling up the DagBag from /home/airflow/.local/lib/python3.12/site-packages/airflow/example_dags/example_complex.py
[2024-11-08T14:53:35.815+0000] {processor.py:925} INFO - DAG(s) 'example_complex' retrieved from /home/airflow/.local/lib/python3.12/site-packages/airflow/example_dags/example_complex.py
[2024-11-08T14:53:35.846+0000] {logging_mixin.py:190} INFO - [2024-11-08T14:53:35.846+0000] {dag.py:3239} INFO - Sync 1 DAGs
[2024-11-08T14:53:35.861+0000] {logging_mixin.py:190} INFO - [2024-11-08T14:53:35.861+0000] {dag.py:4180} INFO - Setting next_dagrun for example_complex to None, run_after=None
[2024-11-08T14:53:36.143+0000] {processor.py:208} INFO - Processing /home/airflow/.local/lib/python3.12/site-packages/airflow/example_dags/example_complex.py took 0.350 seconds
[2024-11-08T14:54:06.625+0000] {processor.py:186} INFO - Started process (PID=2770) to work on /home/airflow/.local/lib/python3.12/site-packages/airflow/example_dags/example_complex.py
[2024-11-08T14:54:06.626+0000] {processor.py:914} INFO - Processing file /home/airflow/.local/lib/python3.12/site-packages/airflow/example_dags/example_complex.py for tasks to queue
[2024-11-08T14:54:06.629+0000] {logging_mixin.py:190} INFO - [2024-11-08T14:54:06.628+0000] {dagbag.py:588} INFO - Filling up the DagBag from /home/airflow/.local/lib/python3.12/site-packages/airflow/example_dags/example_complex.py
[2024-11-08T14:54:06.641+0000] {processor.py:925} INFO - DAG(s) 'example_complex' retrieved from /home/airflow/.local/lib/python3.12/site-packages/airflow/example_dags/example_complex.py
[2024-11-08T14:54:06.675+0000] {logging_mixin.py:190} INFO - [2024-11-08T14:54:06.675+0000] {dag.py:3239} INFO - Sync 1 DAGs
[2024-11-08T14:54:06.689+0000] {logging_mixin.py:190} INFO - [2024-11-08T14:54:06.689+0000] {dag.py:4180} INFO - Setting next_dagrun for example_complex to None, run_after=None
[2024-11-08T14:54:06.955+0000] {processor.py:208} INFO - Processing /home/airflow/.local/lib/python3.12/site-packages/airflow/example_dags/example_complex.py took 0.336 seconds
[2024-11-08T14:54:37.749+0000] {processor.py:186} INFO - Started process (PID=2833) to work on /home/airflow/.local/lib/python3.12/site-packages/airflow/example_dags/example_complex.py
[2024-11-08T14:54:37.750+0000] {processor.py:914} INFO - Processing file /home/airflow/.local/lib/python3.12/site-packages/airflow/example_dags/example_complex.py for tasks to queue
[2024-11-08T14:54:37.752+0000] {logging_mixin.py:190} INFO - [2024-11-08T14:54:37.752+0000] {dagbag.py:588} INFO - Filling up the DagBag from /home/airflow/.local/lib/python3.12/site-packages/airflow/example_dags/example_complex.py
[2024-11-08T14:54:37.764+0000] {processor.py:925} INFO - DAG(s) 'example_complex' retrieved from /home/airflow/.local/lib/python3.12/site-packages/airflow/example_dags/example_complex.py
[2024-11-08T14:54:37.796+0000] {logging_mixin.py:190} INFO - [2024-11-08T14:54:37.796+0000] {dag.py:3239} INFO - Sync 1 DAGs
[2024-11-08T14:54:37.813+0000] {logging_mixin.py:190} INFO - [2024-11-08T14:54:37.813+0000] {dag.py:4180} INFO - Setting next_dagrun for example_complex to None, run_after=None
[2024-11-08T14:54:37.851+0000] {processor.py:208} INFO - Processing /home/airflow/.local/lib/python3.12/site-packages/airflow/example_dags/example_complex.py took 0.109 seconds
[2024-11-08T14:55:08.526+0000] {processor.py:186} INFO - Started process (PID=2895) to work on /home/airflow/.local/lib/python3.12/site-packages/airflow/example_dags/example_complex.py
[2024-11-08T14:55:08.531+0000] {processor.py:914} INFO - Processing file /home/airflow/.local/lib/python3.12/site-packages/airflow/example_dags/example_complex.py for tasks to queue
[2024-11-08T14:55:08.534+0000] {logging_mixin.py:190} INFO - [2024-11-08T14:55:08.534+0000] {dagbag.py:588} INFO - Filling up the DagBag from /home/airflow/.local/lib/python3.12/site-packages/airflow/example_dags/example_complex.py
[2024-11-08T14:55:08.555+0000] {processor.py:925} INFO - DAG(s) 'example_complex' retrieved from /home/airflow/.local/lib/python3.12/site-packages/airflow/example_dags/example_complex.py
[2024-11-08T14:55:08.605+0000] {logging_mixin.py:190} INFO - [2024-11-08T14:55:08.605+0000] {dag.py:3239} INFO - Sync 1 DAGs
[2024-11-08T14:55:08.631+0000] {logging_mixin.py:190} INFO - [2024-11-08T14:55:08.630+0000] {dag.py:4180} INFO - Setting next_dagrun for example_complex to None, run_after=None
[2024-11-08T14:55:09.120+0000] {processor.py:208} INFO - Processing /home/airflow/.local/lib/python3.12/site-packages/airflow/example_dags/example_complex.py took 0.603 seconds
[2024-11-08T14:55:39.576+0000] {processor.py:186} INFO - Started process (PID=2958) to work on /home/airflow/.local/lib/python3.12/site-packages/airflow/example_dags/example_complex.py
[2024-11-08T14:55:39.579+0000] {processor.py:914} INFO - Processing file /home/airflow/.local/lib/python3.12/site-packages/airflow/example_dags/example_complex.py for tasks to queue
[2024-11-08T14:55:39.585+0000] {logging_mixin.py:190} INFO - [2024-11-08T14:55:39.585+0000] {dagbag.py:588} INFO - Filling up the DagBag from /home/airflow/.local/lib/python3.12/site-packages/airflow/example_dags/example_complex.py
[2024-11-08T14:55:39.601+0000] {processor.py:925} INFO - DAG(s) 'example_complex' retrieved from /home/airflow/.local/lib/python3.12/site-packages/airflow/example_dags/example_complex.py
[2024-11-08T14:55:39.652+0000] {logging_mixin.py:190} INFO - [2024-11-08T14:55:39.651+0000] {dag.py:3239} INFO - Sync 1 DAGs
[2024-11-08T14:55:39.673+0000] {logging_mixin.py:190} INFO - [2024-11-08T14:55:39.673+0000] {dag.py:4180} INFO - Setting next_dagrun for example_complex to None, run_after=None
[2024-11-08T14:55:39.740+0000] {processor.py:208} INFO - Processing /home/airflow/.local/lib/python3.12/site-packages/airflow/example_dags/example_complex.py took 0.171 seconds
[2024-11-08T14:56:09.865+0000] {processor.py:186} INFO - Started process (PID=3020) to work on /home/airflow/.local/lib/python3.12/site-packages/airflow/example_dags/example_complex.py
[2024-11-08T14:56:09.866+0000] {processor.py:914} INFO - Processing file /home/airflow/.local/lib/python3.12/site-packages/airflow/example_dags/example_complex.py for tasks to queue
[2024-11-08T14:56:09.869+0000] {logging_mixin.py:190} INFO - [2024-11-08T14:56:09.868+0000] {dagbag.py:588} INFO - Filling up the DagBag from /home/airflow/.local/lib/python3.12/site-packages/airflow/example_dags/example_complex.py
[2024-11-08T14:56:09.881+0000] {processor.py:925} INFO - DAG(s) 'example_complex' retrieved from /home/airflow/.local/lib/python3.12/site-packages/airflow/example_dags/example_complex.py
[2024-11-08T14:56:09.912+0000] {logging_mixin.py:190} INFO - [2024-11-08T14:56:09.912+0000] {dag.py:3239} INFO - Sync 1 DAGs
[2024-11-08T14:56:09.926+0000] {logging_mixin.py:190} INFO - [2024-11-08T14:56:09.926+0000] {dag.py:4180} INFO - Setting next_dagrun for example_complex to None, run_after=None
[2024-11-08T14:56:10.010+0000] {processor.py:208} INFO - Processing /home/airflow/.local/lib/python3.12/site-packages/airflow/example_dags/example_complex.py took 0.150 seconds
[2024-11-08T14:56:40.498+0000] {processor.py:186} INFO - Started process (PID=3083) to work on /home/airflow/.local/lib/python3.12/site-packages/airflow/example_dags/example_complex.py
[2024-11-08T14:56:40.499+0000] {processor.py:914} INFO - Processing file /home/airflow/.local/lib/python3.12/site-packages/airflow/example_dags/example_complex.py for tasks to queue
[2024-11-08T14:56:40.502+0000] {logging_mixin.py:190} INFO - [2024-11-08T14:56:40.501+0000] {dagbag.py:588} INFO - Filling up the DagBag from /home/airflow/.local/lib/python3.12/site-packages/airflow/example_dags/example_complex.py
[2024-11-08T14:56:40.519+0000] {processor.py:925} INFO - DAG(s) 'example_complex' retrieved from /home/airflow/.local/lib/python3.12/site-packages/airflow/example_dags/example_complex.py
[2024-11-08T14:56:40.561+0000] {logging_mixin.py:190} INFO - [2024-11-08T14:56:40.561+0000] {dag.py:3239} INFO - Sync 1 DAGs
[2024-11-08T14:56:40.582+0000] {logging_mixin.py:190} INFO - [2024-11-08T14:56:40.582+0000] {dag.py:4180} INFO - Setting next_dagrun for example_complex to None, run_after=None
[2024-11-08T14:56:40.613+0000] {processor.py:208} INFO - Processing /home/airflow/.local/lib/python3.12/site-packages/airflow/example_dags/example_complex.py took 0.125 seconds
[2024-11-08T14:57:11.675+0000] {processor.py:186} INFO - Started process (PID=3146) to work on /home/airflow/.local/lib/python3.12/site-packages/airflow/example_dags/example_complex.py
[2024-11-08T14:57:11.676+0000] {processor.py:914} INFO - Processing file /home/airflow/.local/lib/python3.12/site-packages/airflow/example_dags/example_complex.py for tasks to queue
[2024-11-08T14:57:11.678+0000] {logging_mixin.py:190} INFO - [2024-11-08T14:57:11.678+0000] {dagbag.py:588} INFO - Filling up the DagBag from /home/airflow/.local/lib/python3.12/site-packages/airflow/example_dags/example_complex.py
[2024-11-08T14:57:11.691+0000] {processor.py:925} INFO - DAG(s) 'example_complex' retrieved from /home/airflow/.local/lib/python3.12/site-packages/airflow/example_dags/example_complex.py
[2024-11-08T14:57:11.723+0000] {logging_mixin.py:190} INFO - [2024-11-08T14:57:11.723+0000] {dag.py:3239} INFO - Sync 1 DAGs
[2024-11-08T14:57:11.896+0000] {logging_mixin.py:190} INFO - [2024-11-08T14:57:11.896+0000] {dag.py:4180} INFO - Setting next_dagrun for example_complex to None, run_after=None
[2024-11-08T14:57:11.920+0000] {processor.py:208} INFO - Processing /home/airflow/.local/lib/python3.12/site-packages/airflow/example_dags/example_complex.py took 0.255 seconds
[2024-11-08T14:57:42.073+0000] {processor.py:186} INFO - Started process (PID=3209) to work on /home/airflow/.local/lib/python3.12/site-packages/airflow/example_dags/example_complex.py
[2024-11-08T14:57:42.074+0000] {processor.py:914} INFO - Processing file /home/airflow/.local/lib/python3.12/site-packages/airflow/example_dags/example_complex.py for tasks to queue
[2024-11-08T14:57:42.076+0000] {logging_mixin.py:190} INFO - [2024-11-08T14:57:42.076+0000] {dagbag.py:588} INFO - Filling up the DagBag from /home/airflow/.local/lib/python3.12/site-packages/airflow/example_dags/example_complex.py
[2024-11-08T14:57:42.088+0000] {processor.py:925} INFO - DAG(s) 'example_complex' retrieved from /home/airflow/.local/lib/python3.12/site-packages/airflow/example_dags/example_complex.py
[2024-11-08T14:57:42.125+0000] {logging_mixin.py:190} INFO - [2024-11-08T14:57:42.125+0000] {dag.py:3239} INFO - Sync 1 DAGs
[2024-11-08T14:57:42.139+0000] {logging_mixin.py:190} INFO - [2024-11-08T14:57:42.138+0000] {dag.py:4180} INFO - Setting next_dagrun for example_complex to None, run_after=None
[2024-11-08T14:57:42.162+0000] {processor.py:208} INFO - Processing /home/airflow/.local/lib/python3.12/site-packages/airflow/example_dags/example_complex.py took 0.095 seconds
[2024-11-08T14:58:12.456+0000] {processor.py:186} INFO - Started process (PID=3273) to work on /home/airflow/.local/lib/python3.12/site-packages/airflow/example_dags/example_complex.py
[2024-11-08T14:58:12.457+0000] {processor.py:914} INFO - Processing file /home/airflow/.local/lib/python3.12/site-packages/airflow/example_dags/example_complex.py for tasks to queue
[2024-11-08T14:58:12.460+0000] {logging_mixin.py:190} INFO - [2024-11-08T14:58:12.459+0000] {dagbag.py:588} INFO - Filling up the DagBag from /home/airflow/.local/lib/python3.12/site-packages/airflow/example_dags/example_complex.py
[2024-11-08T14:58:12.475+0000] {processor.py:925} INFO - DAG(s) 'example_complex' retrieved from /home/airflow/.local/lib/python3.12/site-packages/airflow/example_dags/example_complex.py
[2024-11-08T14:58:12.512+0000] {logging_mixin.py:190} INFO - [2024-11-08T14:58:12.511+0000] {dag.py:3239} INFO - Sync 1 DAGs
[2024-11-08T14:58:12.529+0000] {logging_mixin.py:190} INFO - [2024-11-08T14:58:12.528+0000] {dag.py:4180} INFO - Setting next_dagrun for example_complex to None, run_after=None
[2024-11-08T14:58:12.551+0000] {processor.py:208} INFO - Processing /home/airflow/.local/lib/python3.12/site-packages/airflow/example_dags/example_complex.py took 0.104 seconds
[2024-11-08T14:58:42.924+0000] {processor.py:186} INFO - Started process (PID=3336) to work on /home/airflow/.local/lib/python3.12/site-packages/airflow/example_dags/example_complex.py
[2024-11-08T14:58:42.925+0000] {processor.py:914} INFO - Processing file /home/airflow/.local/lib/python3.12/site-packages/airflow/example_dags/example_complex.py for tasks to queue
[2024-11-08T14:58:42.927+0000] {logging_mixin.py:190} INFO - [2024-11-08T14:58:42.927+0000] {dagbag.py:588} INFO - Filling up the DagBag from /home/airflow/.local/lib/python3.12/site-packages/airflow/example_dags/example_complex.py
[2024-11-08T14:58:42.941+0000] {processor.py:925} INFO - DAG(s) 'example_complex' retrieved from /home/airflow/.local/lib/python3.12/site-packages/airflow/example_dags/example_complex.py
[2024-11-08T14:58:42.978+0000] {logging_mixin.py:190} INFO - [2024-11-08T14:58:42.978+0000] {dag.py:3239} INFO - Sync 1 DAGs
[2024-11-08T14:58:42.995+0000] {logging_mixin.py:190} INFO - [2024-11-08T14:58:42.995+0000] {dag.py:4180} INFO - Setting next_dagrun for example_complex to None, run_after=None
[2024-11-08T14:58:43.170+0000] {processor.py:208} INFO - Processing /home/airflow/.local/lib/python3.12/site-packages/airflow/example_dags/example_complex.py took 0.254 seconds
[2024-11-08T14:59:13.924+0000] {processor.py:186} INFO - Started process (PID=3399) to work on /home/airflow/.local/lib/python3.12/site-packages/airflow/example_dags/example_complex.py
[2024-11-08T14:59:13.925+0000] {processor.py:914} INFO - Processing file /home/airflow/.local/lib/python3.12/site-packages/airflow/example_dags/example_complex.py for tasks to queue
[2024-11-08T14:59:13.927+0000] {logging_mixin.py:190} INFO - [2024-11-08T14:59:13.927+0000] {dagbag.py:588} INFO - Filling up the DagBag from /home/airflow/.local/lib/python3.12/site-packages/airflow/example_dags/example_complex.py
[2024-11-08T14:59:13.939+0000] {processor.py:925} INFO - DAG(s) 'example_complex' retrieved from /home/airflow/.local/lib/python3.12/site-packages/airflow/example_dags/example_complex.py
[2024-11-08T14:59:13.970+0000] {logging_mixin.py:190} INFO - [2024-11-08T14:59:13.969+0000] {dag.py:3239} INFO - Sync 1 DAGs
[2024-11-08T14:59:13.982+0000] {logging_mixin.py:190} INFO - [2024-11-08T14:59:13.982+0000] {dag.py:4180} INFO - Setting next_dagrun for example_complex to None, run_after=None
[2024-11-08T14:59:14.153+0000] {processor.py:208} INFO - Processing /home/airflow/.local/lib/python3.12/site-packages/airflow/example_dags/example_complex.py took 0.234 seconds
[2024-11-08T14:59:44.279+0000] {processor.py:186} INFO - Started process (PID=3462) to work on /home/airflow/.local/lib/python3.12/site-packages/airflow/example_dags/example_complex.py
[2024-11-08T14:59:44.281+0000] {processor.py:914} INFO - Processing file /home/airflow/.local/lib/python3.12/site-packages/airflow/example_dags/example_complex.py for tasks to queue
[2024-11-08T14:59:44.284+0000] {logging_mixin.py:190} INFO - [2024-11-08T14:59:44.283+0000] {dagbag.py:588} INFO - Filling up the DagBag from /home/airflow/.local/lib/python3.12/site-packages/airflow/example_dags/example_complex.py
[2024-11-08T14:59:44.297+0000] {processor.py:925} INFO - DAG(s) 'example_complex' retrieved from /home/airflow/.local/lib/python3.12/site-packages/airflow/example_dags/example_complex.py
[2024-11-08T14:59:44.331+0000] {logging_mixin.py:190} INFO - [2024-11-08T14:59:44.331+0000] {dag.py:3239} INFO - Sync 1 DAGs
[2024-11-08T14:59:44.346+0000] {logging_mixin.py:190} INFO - [2024-11-08T14:59:44.346+0000] {dag.py:4180} INFO - Setting next_dagrun for example_complex to None, run_after=None
[2024-11-08T14:59:44.502+0000] {processor.py:208} INFO - Processing /home/airflow/.local/lib/python3.12/site-packages/airflow/example_dags/example_complex.py took 0.229 seconds
[2024-11-08T15:00:14.679+0000] {processor.py:186} INFO - Started process (PID=3525) to work on /home/airflow/.local/lib/python3.12/site-packages/airflow/example_dags/example_complex.py
[2024-11-08T15:00:14.680+0000] {processor.py:914} INFO - Processing file /home/airflow/.local/lib/python3.12/site-packages/airflow/example_dags/example_complex.py for tasks to queue
[2024-11-08T15:00:14.682+0000] {logging_mixin.py:190} INFO - [2024-11-08T15:00:14.682+0000] {dagbag.py:588} INFO - Filling up the DagBag from /home/airflow/.local/lib/python3.12/site-packages/airflow/example_dags/example_complex.py
[2024-11-08T15:00:14.694+0000] {processor.py:925} INFO - DAG(s) 'example_complex' retrieved from /home/airflow/.local/lib/python3.12/site-packages/airflow/example_dags/example_complex.py
[2024-11-08T15:00:14.728+0000] {logging_mixin.py:190} INFO - [2024-11-08T15:00:14.728+0000] {dag.py:3239} INFO - Sync 1 DAGs
[2024-11-08T15:00:14.742+0000] {logging_mixin.py:190} INFO - [2024-11-08T15:00:14.741+0000] {dag.py:4180} INFO - Setting next_dagrun for example_complex to None, run_after=None
[2024-11-08T15:00:14.936+0000] {processor.py:208} INFO - Processing /home/airflow/.local/lib/python3.12/site-packages/airflow/example_dags/example_complex.py took 0.263 seconds
[2024-11-08T15:00:45.461+0000] {processor.py:186} INFO - Started process (PID=3588) to work on /home/airflow/.local/lib/python3.12/site-packages/airflow/example_dags/example_complex.py
[2024-11-08T15:00:45.462+0000] {processor.py:914} INFO - Processing file /home/airflow/.local/lib/python3.12/site-packages/airflow/example_dags/example_complex.py for tasks to queue
[2024-11-08T15:00:45.465+0000] {logging_mixin.py:190} INFO - [2024-11-08T15:00:45.464+0000] {dagbag.py:588} INFO - Filling up the DagBag from /home/airflow/.local/lib/python3.12/site-packages/airflow/example_dags/example_complex.py
[2024-11-08T15:00:45.477+0000] {processor.py:925} INFO - DAG(s) 'example_complex' retrieved from /home/airflow/.local/lib/python3.12/site-packages/airflow/example_dags/example_complex.py
[2024-11-08T15:00:45.510+0000] {logging_mixin.py:190} INFO - [2024-11-08T15:00:45.510+0000] {dag.py:3239} INFO - Sync 1 DAGs
[2024-11-08T15:00:45.525+0000] {logging_mixin.py:190} INFO - [2024-11-08T15:00:45.525+0000] {dag.py:4180} INFO - Setting next_dagrun for example_complex to None, run_after=None
[2024-11-08T15:00:45.575+0000] {processor.py:208} INFO - Processing /home/airflow/.local/lib/python3.12/site-packages/airflow/example_dags/example_complex.py took 0.120 seconds
[2024-11-08T15:01:15.738+0000] {processor.py:186} INFO - Started process (PID=3650) to work on /home/airflow/.local/lib/python3.12/site-packages/airflow/example_dags/example_complex.py
[2024-11-08T15:01:15.739+0000] {processor.py:914} INFO - Processing file /home/airflow/.local/lib/python3.12/site-packages/airflow/example_dags/example_complex.py for tasks to queue
[2024-11-08T15:01:15.741+0000] {logging_mixin.py:190} INFO - [2024-11-08T15:01:15.741+0000] {dagbag.py:588} INFO - Filling up the DagBag from /home/airflow/.local/lib/python3.12/site-packages/airflow/example_dags/example_complex.py
[2024-11-08T15:01:15.754+0000] {processor.py:925} INFO - DAG(s) 'example_complex' retrieved from /home/airflow/.local/lib/python3.12/site-packages/airflow/example_dags/example_complex.py
[2024-11-08T15:01:15.792+0000] {logging_mixin.py:190} INFO - [2024-11-08T15:01:15.792+0000] {dag.py:3239} INFO - Sync 1 DAGs
[2024-11-08T15:01:15.811+0000] {logging_mixin.py:190} INFO - [2024-11-08T15:01:15.811+0000] {dag.py:4180} INFO - Setting next_dagrun for example_complex to None, run_after=None
[2024-11-08T15:01:16.321+0000] {processor.py:208} INFO - Processing /home/airflow/.local/lib/python3.12/site-packages/airflow/example_dags/example_complex.py took 0.590 seconds
