[2024-11-08T14:32:07.443+0000] {processor.py:186} INFO - Started process (PID=89) to work on /home/airflow/.local/lib/python3.12/site-packages/airflow/example_dags/example_sensor_decorator.py
[2024-11-08T14:32:07.444+0000] {processor.py:914} INFO - Processing file /home/airflow/.local/lib/python3.12/site-packages/airflow/example_dags/example_sensor_decorator.py for tasks to queue
[2024-11-08T14:32:07.447+0000] {logging_mixin.py:190} INFO - [2024-11-08T14:32:07.447+0000] {dagbag.py:588} INFO - Filling up the DagBag from /home/airflow/.local/lib/python3.12/site-packages/airflow/example_dags/example_sensor_decorator.py
[2024-11-08T14:32:07.456+0000] {processor.py:925} INFO - DAG(s) 'example_sensor_decorator' retrieved from /home/airflow/.local/lib/python3.12/site-packages/airflow/example_dags/example_sensor_decorator.py
[2024-11-08T14:32:07.575+0000] {logging_mixin.py:190} INFO - [2024-11-08T14:32:07.574+0000] {override.py:1911} INFO - Created Permission View: can delete on DAG:example_sensor_decorator
[2024-11-08T14:32:07.591+0000] {logging_mixin.py:190} INFO - [2024-11-08T14:32:07.590+0000] {override.py:1911} INFO - Created Permission View: can edit on DAG:example_sensor_decorator
[2024-11-08T14:32:07.600+0000] {logging_mixin.py:190} INFO - [2024-11-08T14:32:07.600+0000] {override.py:1911} INFO - Created Permission View: can read on DAG:example_sensor_decorator
[2024-11-08T14:32:07.619+0000] {logging_mixin.py:190} INFO - [2024-11-08T14:32:07.619+0000] {override.py:1911} INFO - Created Permission View: can create on DAG Run:example_sensor_decorator
[2024-11-08T14:32:07.631+0000] {logging_mixin.py:190} INFO - [2024-11-08T14:32:07.630+0000] {override.py:1911} INFO - Created Permission View: menu access on DAG Run:example_sensor_decorator
[2024-11-08T14:32:07.643+0000] {logging_mixin.py:190} INFO - [2024-11-08T14:32:07.642+0000] {override.py:1911} INFO - Created Permission View: can delete on DAG Run:example_sensor_decorator
[2024-11-08T14:32:07.660+0000] {logging_mixin.py:190} INFO - [2024-11-08T14:32:07.660+0000] {override.py:1911} INFO - Created Permission View: can read on DAG Run:example_sensor_decorator
[2024-11-08T14:32:07.661+0000] {logging_mixin.py:190} INFO - [2024-11-08T14:32:07.661+0000] {dag.py:3239} INFO - Sync 1 DAGs
[2024-11-08T14:32:07.677+0000] {logging_mixin.py:190} INFO - [2024-11-08T14:32:07.677+0000] {dag.py:3262} INFO - Creating ORM DAG for example_sensor_decorator
[2024-11-08T14:32:07.679+0000] {logging_mixin.py:190} INFO - [2024-11-08T14:32:07.678+0000] {dag.py:4180} INFO - Setting next_dagrun for example_sensor_decorator to None, run_after=None
[2024-11-08T14:32:07.710+0000] {processor.py:208} INFO - Processing /home/airflow/.local/lib/python3.12/site-packages/airflow/example_dags/example_sensor_decorator.py took 0.273 seconds
[2024-11-08T14:32:39.618+0000] {processor.py:186} INFO - Started process (PID=152) to work on /home/airflow/.local/lib/python3.12/site-packages/airflow/example_dags/example_sensor_decorator.py
[2024-11-08T14:32:39.620+0000] {processor.py:914} INFO - Processing file /home/airflow/.local/lib/python3.12/site-packages/airflow/example_dags/example_sensor_decorator.py for tasks to queue
[2024-11-08T14:32:39.622+0000] {logging_mixin.py:190} INFO - [2024-11-08T14:32:39.622+0000] {dagbag.py:588} INFO - Filling up the DagBag from /home/airflow/.local/lib/python3.12/site-packages/airflow/example_dags/example_sensor_decorator.py
[2024-11-08T14:32:39.632+0000] {processor.py:925} INFO - DAG(s) 'example_sensor_decorator' retrieved from /home/airflow/.local/lib/python3.12/site-packages/airflow/example_dags/example_sensor_decorator.py
[2024-11-08T14:32:39.655+0000] {logging_mixin.py:190} INFO - [2024-11-08T14:32:39.654+0000] {dag.py:3239} INFO - Sync 1 DAGs
[2024-11-08T14:32:39.670+0000] {logging_mixin.py:190} INFO - [2024-11-08T14:32:39.670+0000] {dag.py:4180} INFO - Setting next_dagrun for example_sensor_decorator to None, run_after=None
[2024-11-08T14:32:39.727+0000] {processor.py:208} INFO - Processing /home/airflow/.local/lib/python3.12/site-packages/airflow/example_dags/example_sensor_decorator.py took 0.115 seconds
[2024-11-08T14:33:10.922+0000] {processor.py:186} INFO - Started process (PID=215) to work on /home/airflow/.local/lib/python3.12/site-packages/airflow/example_dags/example_sensor_decorator.py
[2024-11-08T14:33:10.923+0000] {processor.py:914} INFO - Processing file /home/airflow/.local/lib/python3.12/site-packages/airflow/example_dags/example_sensor_decorator.py for tasks to queue
[2024-11-08T14:33:10.926+0000] {logging_mixin.py:190} INFO - [2024-11-08T14:33:10.926+0000] {dagbag.py:588} INFO - Filling up the DagBag from /home/airflow/.local/lib/python3.12/site-packages/airflow/example_dags/example_sensor_decorator.py
[2024-11-08T14:33:10.934+0000] {processor.py:925} INFO - DAG(s) 'example_sensor_decorator' retrieved from /home/airflow/.local/lib/python3.12/site-packages/airflow/example_dags/example_sensor_decorator.py
[2024-11-08T14:33:10.956+0000] {logging_mixin.py:190} INFO - [2024-11-08T14:33:10.956+0000] {dag.py:3239} INFO - Sync 1 DAGs
[2024-11-08T14:33:10.972+0000] {logging_mixin.py:190} INFO - [2024-11-08T14:33:10.971+0000] {dag.py:4180} INFO - Setting next_dagrun for example_sensor_decorator to None, run_after=None
[2024-11-08T14:33:11.141+0000] {processor.py:208} INFO - Processing /home/airflow/.local/lib/python3.12/site-packages/airflow/example_dags/example_sensor_decorator.py took 0.224 seconds
[2024-11-08T14:33:43.281+0000] {processor.py:186} INFO - Started process (PID=278) to work on /home/airflow/.local/lib/python3.12/site-packages/airflow/example_dags/example_sensor_decorator.py
[2024-11-08T14:33:43.282+0000] {processor.py:914} INFO - Processing file /home/airflow/.local/lib/python3.12/site-packages/airflow/example_dags/example_sensor_decorator.py for tasks to queue
[2024-11-08T14:33:43.286+0000] {logging_mixin.py:190} INFO - [2024-11-08T14:33:43.286+0000] {dagbag.py:588} INFO - Filling up the DagBag from /home/airflow/.local/lib/python3.12/site-packages/airflow/example_dags/example_sensor_decorator.py
[2024-11-08T14:33:43.296+0000] {processor.py:925} INFO - DAG(s) 'example_sensor_decorator' retrieved from /home/airflow/.local/lib/python3.12/site-packages/airflow/example_dags/example_sensor_decorator.py
[2024-11-08T14:33:43.323+0000] {logging_mixin.py:190} INFO - [2024-11-08T14:33:43.322+0000] {dag.py:3239} INFO - Sync 1 DAGs
[2024-11-08T14:33:43.338+0000] {logging_mixin.py:190} INFO - [2024-11-08T14:33:43.338+0000] {dag.py:4180} INFO - Setting next_dagrun for example_sensor_decorator to None, run_after=None
[2024-11-08T14:33:43.362+0000] {processor.py:208} INFO - Processing /home/airflow/.local/lib/python3.12/site-packages/airflow/example_dags/example_sensor_decorator.py took 0.089 seconds
[2024-11-08T14:34:14.114+0000] {processor.py:186} INFO - Started process (PID=340) to work on /home/airflow/.local/lib/python3.12/site-packages/airflow/example_dags/example_sensor_decorator.py
[2024-11-08T14:34:14.116+0000] {processor.py:914} INFO - Processing file /home/airflow/.local/lib/python3.12/site-packages/airflow/example_dags/example_sensor_decorator.py for tasks to queue
[2024-11-08T14:34:14.120+0000] {logging_mixin.py:190} INFO - [2024-11-08T14:34:14.119+0000] {dagbag.py:588} INFO - Filling up the DagBag from /home/airflow/.local/lib/python3.12/site-packages/airflow/example_dags/example_sensor_decorator.py
[2024-11-08T14:34:14.130+0000] {processor.py:925} INFO - DAG(s) 'example_sensor_decorator' retrieved from /home/airflow/.local/lib/python3.12/site-packages/airflow/example_dags/example_sensor_decorator.py
[2024-11-08T14:34:14.151+0000] {logging_mixin.py:190} INFO - [2024-11-08T14:34:14.151+0000] {dag.py:3239} INFO - Sync 1 DAGs
[2024-11-08T14:34:14.169+0000] {logging_mixin.py:190} INFO - [2024-11-08T14:34:14.168+0000] {dag.py:4180} INFO - Setting next_dagrun for example_sensor_decorator to None, run_after=None
[2024-11-08T14:34:14.192+0000] {processor.py:208} INFO - Processing /home/airflow/.local/lib/python3.12/site-packages/airflow/example_dags/example_sensor_decorator.py took 0.085 seconds
[2024-11-08T14:34:45.343+0000] {processor.py:186} INFO - Started process (PID=403) to work on /home/airflow/.local/lib/python3.12/site-packages/airflow/example_dags/example_sensor_decorator.py
[2024-11-08T14:34:45.344+0000] {processor.py:914} INFO - Processing file /home/airflow/.local/lib/python3.12/site-packages/airflow/example_dags/example_sensor_decorator.py for tasks to queue
[2024-11-08T14:34:45.347+0000] {logging_mixin.py:190} INFO - [2024-11-08T14:34:45.346+0000] {dagbag.py:588} INFO - Filling up the DagBag from /home/airflow/.local/lib/python3.12/site-packages/airflow/example_dags/example_sensor_decorator.py
[2024-11-08T14:34:45.355+0000] {processor.py:925} INFO - DAG(s) 'example_sensor_decorator' retrieved from /home/airflow/.local/lib/python3.12/site-packages/airflow/example_dags/example_sensor_decorator.py
[2024-11-08T14:34:45.375+0000] {logging_mixin.py:190} INFO - [2024-11-08T14:34:45.374+0000] {dag.py:3239} INFO - Sync 1 DAGs
[2024-11-08T14:34:45.391+0000] {logging_mixin.py:190} INFO - [2024-11-08T14:34:45.391+0000] {dag.py:4180} INFO - Setting next_dagrun for example_sensor_decorator to None, run_after=None
[2024-11-08T14:34:45.636+0000] {processor.py:208} INFO - Processing /home/airflow/.local/lib/python3.12/site-packages/airflow/example_dags/example_sensor_decorator.py took 0.299 seconds
[2024-11-08T14:35:19.681+0000] {processor.py:186} INFO - Started process (PID=467) to work on /home/airflow/.local/lib/python3.12/site-packages/airflow/example_dags/example_sensor_decorator.py
[2024-11-08T14:35:19.740+0000] {processor.py:914} INFO - Processing file /home/airflow/.local/lib/python3.12/site-packages/airflow/example_dags/example_sensor_decorator.py for tasks to queue
[2024-11-08T14:35:19.743+0000] {logging_mixin.py:190} INFO - [2024-11-08T14:35:19.742+0000] {dagbag.py:588} INFO - Filling up the DagBag from /home/airflow/.local/lib/python3.12/site-packages/airflow/example_dags/example_sensor_decorator.py
[2024-11-08T14:35:19.755+0000] {processor.py:925} INFO - DAG(s) 'example_sensor_decorator' retrieved from /home/airflow/.local/lib/python3.12/site-packages/airflow/example_dags/example_sensor_decorator.py
[2024-11-08T14:35:19.785+0000] {logging_mixin.py:190} INFO - [2024-11-08T14:35:19.785+0000] {dag.py:3239} INFO - Sync 1 DAGs
[2024-11-08T14:35:19.810+0000] {logging_mixin.py:190} INFO - [2024-11-08T14:35:19.810+0000] {dag.py:4180} INFO - Setting next_dagrun for example_sensor_decorator to None, run_after=None
[2024-11-08T14:35:20.366+0000] {processor.py:208} INFO - Processing /home/airflow/.local/lib/python3.12/site-packages/airflow/example_dags/example_sensor_decorator.py took 0.709 seconds
[2024-11-08T14:35:50.723+0000] {processor.py:186} INFO - Started process (PID=529) to work on /home/airflow/.local/lib/python3.12/site-packages/airflow/example_dags/example_sensor_decorator.py
[2024-11-08T14:35:50.725+0000] {processor.py:914} INFO - Processing file /home/airflow/.local/lib/python3.12/site-packages/airflow/example_dags/example_sensor_decorator.py for tasks to queue
[2024-11-08T14:35:50.728+0000] {logging_mixin.py:190} INFO - [2024-11-08T14:35:50.728+0000] {dagbag.py:588} INFO - Filling up the DagBag from /home/airflow/.local/lib/python3.12/site-packages/airflow/example_dags/example_sensor_decorator.py
[2024-11-08T14:35:50.738+0000] {processor.py:925} INFO - DAG(s) 'example_sensor_decorator' retrieved from /home/airflow/.local/lib/python3.12/site-packages/airflow/example_dags/example_sensor_decorator.py
[2024-11-08T14:35:50.759+0000] {logging_mixin.py:190} INFO - [2024-11-08T14:35:50.758+0000] {dag.py:3239} INFO - Sync 1 DAGs
[2024-11-08T14:35:50.777+0000] {logging_mixin.py:190} INFO - [2024-11-08T14:35:50.777+0000] {dag.py:4180} INFO - Setting next_dagrun for example_sensor_decorator to None, run_after=None
[2024-11-08T14:35:50.803+0000] {processor.py:208} INFO - Processing /home/airflow/.local/lib/python3.12/site-packages/airflow/example_dags/example_sensor_decorator.py took 0.086 seconds
[2024-11-08T14:36:20.846+0000] {processor.py:186} INFO - Started process (PID=591) to work on /home/airflow/.local/lib/python3.12/site-packages/airflow/example_dags/example_sensor_decorator.py
[2024-11-08T14:36:20.848+0000] {processor.py:914} INFO - Processing file /home/airflow/.local/lib/python3.12/site-packages/airflow/example_dags/example_sensor_decorator.py for tasks to queue
[2024-11-08T14:36:20.851+0000] {logging_mixin.py:190} INFO - [2024-11-08T14:36:20.850+0000] {dagbag.py:588} INFO - Filling up the DagBag from /home/airflow/.local/lib/python3.12/site-packages/airflow/example_dags/example_sensor_decorator.py
[2024-11-08T14:36:20.861+0000] {processor.py:925} INFO - DAG(s) 'example_sensor_decorator' retrieved from /home/airflow/.local/lib/python3.12/site-packages/airflow/example_dags/example_sensor_decorator.py
[2024-11-08T14:36:20.883+0000] {logging_mixin.py:190} INFO - [2024-11-08T14:36:20.883+0000] {dag.py:3239} INFO - Sync 1 DAGs
[2024-11-08T14:36:20.900+0000] {logging_mixin.py:190} INFO - [2024-11-08T14:36:20.900+0000] {dag.py:4180} INFO - Setting next_dagrun for example_sensor_decorator to None, run_after=None
[2024-11-08T14:36:20.927+0000] {processor.py:208} INFO - Processing /home/airflow/.local/lib/python3.12/site-packages/airflow/example_dags/example_sensor_decorator.py took 0.087 seconds
[2024-11-08T14:36:50.972+0000] {processor.py:186} INFO - Started process (PID=654) to work on /home/airflow/.local/lib/python3.12/site-packages/airflow/example_dags/example_sensor_decorator.py
[2024-11-08T14:36:50.973+0000] {processor.py:914} INFO - Processing file /home/airflow/.local/lib/python3.12/site-packages/airflow/example_dags/example_sensor_decorator.py for tasks to queue
[2024-11-08T14:36:50.976+0000] {logging_mixin.py:190} INFO - [2024-11-08T14:36:50.976+0000] {dagbag.py:588} INFO - Filling up the DagBag from /home/airflow/.local/lib/python3.12/site-packages/airflow/example_dags/example_sensor_decorator.py
[2024-11-08T14:36:50.986+0000] {processor.py:925} INFO - DAG(s) 'example_sensor_decorator' retrieved from /home/airflow/.local/lib/python3.12/site-packages/airflow/example_dags/example_sensor_decorator.py
[2024-11-08T14:36:51.006+0000] {logging_mixin.py:190} INFO - [2024-11-08T14:36:51.006+0000] {dag.py:3239} INFO - Sync 1 DAGs
[2024-11-08T14:36:51.020+0000] {logging_mixin.py:190} INFO - [2024-11-08T14:36:51.020+0000] {dag.py:4180} INFO - Setting next_dagrun for example_sensor_decorator to None, run_after=None
[2024-11-08T14:36:51.045+0000] {processor.py:208} INFO - Processing /home/airflow/.local/lib/python3.12/site-packages/airflow/example_dags/example_sensor_decorator.py took 0.080 seconds
[2024-11-08T14:37:22.014+0000] {processor.py:186} INFO - Started process (PID=718) to work on /home/airflow/.local/lib/python3.12/site-packages/airflow/example_dags/example_sensor_decorator.py
[2024-11-08T14:37:22.016+0000] {processor.py:914} INFO - Processing file /home/airflow/.local/lib/python3.12/site-packages/airflow/example_dags/example_sensor_decorator.py for tasks to queue
[2024-11-08T14:37:22.018+0000] {logging_mixin.py:190} INFO - [2024-11-08T14:37:22.018+0000] {dagbag.py:588} INFO - Filling up the DagBag from /home/airflow/.local/lib/python3.12/site-packages/airflow/example_dags/example_sensor_decorator.py
[2024-11-08T14:37:22.027+0000] {processor.py:925} INFO - DAG(s) 'example_sensor_decorator' retrieved from /home/airflow/.local/lib/python3.12/site-packages/airflow/example_dags/example_sensor_decorator.py
[2024-11-08T14:37:22.046+0000] {logging_mixin.py:190} INFO - [2024-11-08T14:37:22.046+0000] {dag.py:3239} INFO - Sync 1 DAGs
[2024-11-08T14:37:22.061+0000] {logging_mixin.py:190} INFO - [2024-11-08T14:37:22.060+0000] {dag.py:4180} INFO - Setting next_dagrun for example_sensor_decorator to None, run_after=None
[2024-11-08T14:37:22.086+0000] {processor.py:208} INFO - Processing /home/airflow/.local/lib/python3.12/site-packages/airflow/example_dags/example_sensor_decorator.py took 0.077 seconds
[2024-11-08T14:37:52.603+0000] {processor.py:186} INFO - Started process (PID=782) to work on /home/airflow/.local/lib/python3.12/site-packages/airflow/example_dags/example_sensor_decorator.py
[2024-11-08T14:37:52.604+0000] {processor.py:914} INFO - Processing file /home/airflow/.local/lib/python3.12/site-packages/airflow/example_dags/example_sensor_decorator.py for tasks to queue
[2024-11-08T14:37:52.606+0000] {logging_mixin.py:190} INFO - [2024-11-08T14:37:52.606+0000] {dagbag.py:588} INFO - Filling up the DagBag from /home/airflow/.local/lib/python3.12/site-packages/airflow/example_dags/example_sensor_decorator.py
[2024-11-08T14:37:52.614+0000] {processor.py:925} INFO - DAG(s) 'example_sensor_decorator' retrieved from /home/airflow/.local/lib/python3.12/site-packages/airflow/example_dags/example_sensor_decorator.py
[2024-11-08T14:37:52.633+0000] {logging_mixin.py:190} INFO - [2024-11-08T14:37:52.633+0000] {dag.py:3239} INFO - Sync 1 DAGs
[2024-11-08T14:37:52.648+0000] {logging_mixin.py:190} INFO - [2024-11-08T14:37:52.647+0000] {dag.py:4180} INFO - Setting next_dagrun for example_sensor_decorator to None, run_after=None
[2024-11-08T14:37:52.727+0000] {processor.py:208} INFO - Processing /home/airflow/.local/lib/python3.12/site-packages/airflow/example_dags/example_sensor_decorator.py took 0.130 seconds
[2024-11-08T14:38:23.203+0000] {processor.py:186} INFO - Started process (PID=843) to work on /home/airflow/.local/lib/python3.12/site-packages/airflow/example_dags/example_sensor_decorator.py
[2024-11-08T14:38:23.204+0000] {processor.py:914} INFO - Processing file /home/airflow/.local/lib/python3.12/site-packages/airflow/example_dags/example_sensor_decorator.py for tasks to queue
[2024-11-08T14:38:23.207+0000] {logging_mixin.py:190} INFO - [2024-11-08T14:38:23.206+0000] {dagbag.py:588} INFO - Filling up the DagBag from /home/airflow/.local/lib/python3.12/site-packages/airflow/example_dags/example_sensor_decorator.py
[2024-11-08T14:38:23.214+0000] {processor.py:925} INFO - DAG(s) 'example_sensor_decorator' retrieved from /home/airflow/.local/lib/python3.12/site-packages/airflow/example_dags/example_sensor_decorator.py
[2024-11-08T14:38:23.233+0000] {logging_mixin.py:190} INFO - [2024-11-08T14:38:23.233+0000] {dag.py:3239} INFO - Sync 1 DAGs
[2024-11-08T14:38:23.248+0000] {logging_mixin.py:190} INFO - [2024-11-08T14:38:23.248+0000] {dag.py:4180} INFO - Setting next_dagrun for example_sensor_decorator to None, run_after=None
[2024-11-08T14:38:23.460+0000] {processor.py:208} INFO - Processing /home/airflow/.local/lib/python3.12/site-packages/airflow/example_dags/example_sensor_decorator.py took 0.263 seconds
[2024-11-08T14:38:54.216+0000] {processor.py:186} INFO - Started process (PID=906) to work on /home/airflow/.local/lib/python3.12/site-packages/airflow/example_dags/example_sensor_decorator.py
[2024-11-08T14:38:54.217+0000] {processor.py:914} INFO - Processing file /home/airflow/.local/lib/python3.12/site-packages/airflow/example_dags/example_sensor_decorator.py for tasks to queue
[2024-11-08T14:38:54.221+0000] {logging_mixin.py:190} INFO - [2024-11-08T14:38:54.220+0000] {dagbag.py:588} INFO - Filling up the DagBag from /home/airflow/.local/lib/python3.12/site-packages/airflow/example_dags/example_sensor_decorator.py
[2024-11-08T14:38:54.229+0000] {processor.py:925} INFO - DAG(s) 'example_sensor_decorator' retrieved from /home/airflow/.local/lib/python3.12/site-packages/airflow/example_dags/example_sensor_decorator.py
[2024-11-08T14:38:54.250+0000] {logging_mixin.py:190} INFO - [2024-11-08T14:38:54.250+0000] {dag.py:3239} INFO - Sync 1 DAGs
[2024-11-08T14:38:54.266+0000] {logging_mixin.py:190} INFO - [2024-11-08T14:38:54.265+0000] {dag.py:4180} INFO - Setting next_dagrun for example_sensor_decorator to None, run_after=None
[2024-11-08T14:38:54.316+0000] {processor.py:208} INFO - Processing /home/airflow/.local/lib/python3.12/site-packages/airflow/example_dags/example_sensor_decorator.py took 0.107 seconds
[2024-11-08T14:39:24.492+0000] {processor.py:186} INFO - Started process (PID=968) to work on /home/airflow/.local/lib/python3.12/site-packages/airflow/example_dags/example_sensor_decorator.py
[2024-11-08T14:39:24.494+0000] {processor.py:914} INFO - Processing file /home/airflow/.local/lib/python3.12/site-packages/airflow/example_dags/example_sensor_decorator.py for tasks to queue
[2024-11-08T14:39:24.497+0000] {logging_mixin.py:190} INFO - [2024-11-08T14:39:24.496+0000] {dagbag.py:588} INFO - Filling up the DagBag from /home/airflow/.local/lib/python3.12/site-packages/airflow/example_dags/example_sensor_decorator.py
[2024-11-08T14:39:24.506+0000] {processor.py:925} INFO - DAG(s) 'example_sensor_decorator' retrieved from /home/airflow/.local/lib/python3.12/site-packages/airflow/example_dags/example_sensor_decorator.py
[2024-11-08T14:39:24.528+0000] {logging_mixin.py:190} INFO - [2024-11-08T14:39:24.528+0000] {dag.py:3239} INFO - Sync 1 DAGs
[2024-11-08T14:39:24.545+0000] {logging_mixin.py:190} INFO - [2024-11-08T14:39:24.545+0000] {dag.py:4180} INFO - Setting next_dagrun for example_sensor_decorator to None, run_after=None
[2024-11-08T14:39:24.717+0000] {processor.py:208} INFO - Processing /home/airflow/.local/lib/python3.12/site-packages/airflow/example_dags/example_sensor_decorator.py took 0.233 seconds
[2024-11-08T14:39:55.052+0000] {processor.py:186} INFO - Started process (PID=1031) to work on /home/airflow/.local/lib/python3.12/site-packages/airflow/example_dags/example_sensor_decorator.py
[2024-11-08T14:39:55.054+0000] {processor.py:914} INFO - Processing file /home/airflow/.local/lib/python3.12/site-packages/airflow/example_dags/example_sensor_decorator.py for tasks to queue
[2024-11-08T14:39:55.058+0000] {logging_mixin.py:190} INFO - [2024-11-08T14:39:55.057+0000] {dagbag.py:588} INFO - Filling up the DagBag from /home/airflow/.local/lib/python3.12/site-packages/airflow/example_dags/example_sensor_decorator.py
[2024-11-08T14:39:55.072+0000] {processor.py:925} INFO - DAG(s) 'example_sensor_decorator' retrieved from /home/airflow/.local/lib/python3.12/site-packages/airflow/example_dags/example_sensor_decorator.py
[2024-11-08T14:39:55.105+0000] {logging_mixin.py:190} INFO - [2024-11-08T14:39:55.105+0000] {dag.py:3239} INFO - Sync 1 DAGs
[2024-11-08T14:39:55.124+0000] {logging_mixin.py:190} INFO - [2024-11-08T14:39:55.124+0000] {dag.py:4180} INFO - Setting next_dagrun for example_sensor_decorator to None, run_after=None
[2024-11-08T14:39:55.183+0000] {processor.py:208} INFO - Processing /home/airflow/.local/lib/python3.12/site-packages/airflow/example_dags/example_sensor_decorator.py took 0.137 seconds
[2024-11-08T14:40:26.107+0000] {processor.py:186} INFO - Started process (PID=1100) to work on /home/airflow/.local/lib/python3.12/site-packages/airflow/example_dags/example_sensor_decorator.py
[2024-11-08T14:40:26.108+0000] {processor.py:914} INFO - Processing file /home/airflow/.local/lib/python3.12/site-packages/airflow/example_dags/example_sensor_decorator.py for tasks to queue
[2024-11-08T14:40:26.110+0000] {logging_mixin.py:190} INFO - [2024-11-08T14:40:26.110+0000] {dagbag.py:588} INFO - Filling up the DagBag from /home/airflow/.local/lib/python3.12/site-packages/airflow/example_dags/example_sensor_decorator.py
[2024-11-08T14:40:26.119+0000] {processor.py:925} INFO - DAG(s) 'example_sensor_decorator' retrieved from /home/airflow/.local/lib/python3.12/site-packages/airflow/example_dags/example_sensor_decorator.py
[2024-11-08T14:40:26.138+0000] {logging_mixin.py:190} INFO - [2024-11-08T14:40:26.138+0000] {dag.py:3239} INFO - Sync 1 DAGs
[2024-11-08T14:40:26.154+0000] {logging_mixin.py:190} INFO - [2024-11-08T14:40:26.154+0000] {dag.py:4180} INFO - Setting next_dagrun for example_sensor_decorator to None, run_after=None
[2024-11-08T14:40:26.452+0000] {processor.py:208} INFO - Processing /home/airflow/.local/lib/python3.12/site-packages/airflow/example_dags/example_sensor_decorator.py took 0.352 seconds
[2024-11-08T14:40:56.604+0000] {processor.py:186} INFO - Started process (PID=1163) to work on /home/airflow/.local/lib/python3.12/site-packages/airflow/example_dags/example_sensor_decorator.py
[2024-11-08T14:40:56.605+0000] {processor.py:914} INFO - Processing file /home/airflow/.local/lib/python3.12/site-packages/airflow/example_dags/example_sensor_decorator.py for tasks to queue
[2024-11-08T14:40:56.608+0000] {logging_mixin.py:190} INFO - [2024-11-08T14:40:56.608+0000] {dagbag.py:588} INFO - Filling up the DagBag from /home/airflow/.local/lib/python3.12/site-packages/airflow/example_dags/example_sensor_decorator.py
[2024-11-08T14:40:56.616+0000] {processor.py:925} INFO - DAG(s) 'example_sensor_decorator' retrieved from /home/airflow/.local/lib/python3.12/site-packages/airflow/example_dags/example_sensor_decorator.py
[2024-11-08T14:40:56.637+0000] {logging_mixin.py:190} INFO - [2024-11-08T14:40:56.637+0000] {dag.py:3239} INFO - Sync 1 DAGs
[2024-11-08T14:40:56.652+0000] {logging_mixin.py:190} INFO - [2024-11-08T14:40:56.651+0000] {dag.py:4180} INFO - Setting next_dagrun for example_sensor_decorator to None, run_after=None
[2024-11-08T14:40:56.748+0000] {processor.py:208} INFO - Processing /home/airflow/.local/lib/python3.12/site-packages/airflow/example_dags/example_sensor_decorator.py took 0.153 seconds
[2024-11-08T14:41:27.382+0000] {processor.py:186} INFO - Started process (PID=1226) to work on /home/airflow/.local/lib/python3.12/site-packages/airflow/example_dags/example_sensor_decorator.py
[2024-11-08T14:41:27.388+0000] {processor.py:914} INFO - Processing file /home/airflow/.local/lib/python3.12/site-packages/airflow/example_dags/example_sensor_decorator.py for tasks to queue
[2024-11-08T14:41:27.391+0000] {logging_mixin.py:190} INFO - [2024-11-08T14:41:27.390+0000] {dagbag.py:588} INFO - Filling up the DagBag from /home/airflow/.local/lib/python3.12/site-packages/airflow/example_dags/example_sensor_decorator.py
[2024-11-08T14:41:27.405+0000] {processor.py:925} INFO - DAG(s) 'example_sensor_decorator' retrieved from /home/airflow/.local/lib/python3.12/site-packages/airflow/example_dags/example_sensor_decorator.py
[2024-11-08T14:41:27.428+0000] {logging_mixin.py:190} INFO - [2024-11-08T14:41:27.428+0000] {dag.py:3239} INFO - Sync 1 DAGs
[2024-11-08T14:41:27.447+0000] {logging_mixin.py:190} INFO - [2024-11-08T14:41:27.447+0000] {dag.py:4180} INFO - Setting next_dagrun for example_sensor_decorator to None, run_after=None
[2024-11-08T14:41:27.607+0000] {processor.py:208} INFO - Processing /home/airflow/.local/lib/python3.12/site-packages/airflow/example_dags/example_sensor_decorator.py took 0.232 seconds
[2024-11-08T14:41:58.198+0000] {processor.py:186} INFO - Started process (PID=1289) to work on /home/airflow/.local/lib/python3.12/site-packages/airflow/example_dags/example_sensor_decorator.py
[2024-11-08T14:41:58.200+0000] {processor.py:914} INFO - Processing file /home/airflow/.local/lib/python3.12/site-packages/airflow/example_dags/example_sensor_decorator.py for tasks to queue
[2024-11-08T14:41:58.203+0000] {logging_mixin.py:190} INFO - [2024-11-08T14:41:58.203+0000] {dagbag.py:588} INFO - Filling up the DagBag from /home/airflow/.local/lib/python3.12/site-packages/airflow/example_dags/example_sensor_decorator.py
[2024-11-08T14:41:58.211+0000] {processor.py:925} INFO - DAG(s) 'example_sensor_decorator' retrieved from /home/airflow/.local/lib/python3.12/site-packages/airflow/example_dags/example_sensor_decorator.py
[2024-11-08T14:41:58.232+0000] {logging_mixin.py:190} INFO - [2024-11-08T14:41:58.230+0000] {dag.py:3239} INFO - Sync 1 DAGs
[2024-11-08T14:41:58.249+0000] {logging_mixin.py:190} INFO - [2024-11-08T14:41:58.249+0000] {dag.py:4180} INFO - Setting next_dagrun for example_sensor_decorator to None, run_after=None
[2024-11-08T14:41:58.312+0000] {processor.py:208} INFO - Processing /home/airflow/.local/lib/python3.12/site-packages/airflow/example_dags/example_sensor_decorator.py took 0.121 seconds
[2024-11-08T14:42:28.612+0000] {processor.py:186} INFO - Started process (PID=1352) to work on /home/airflow/.local/lib/python3.12/site-packages/airflow/example_dags/example_sensor_decorator.py
[2024-11-08T14:42:28.613+0000] {processor.py:914} INFO - Processing file /home/airflow/.local/lib/python3.12/site-packages/airflow/example_dags/example_sensor_decorator.py for tasks to queue
[2024-11-08T14:42:28.616+0000] {logging_mixin.py:190} INFO - [2024-11-08T14:42:28.616+0000] {dagbag.py:588} INFO - Filling up the DagBag from /home/airflow/.local/lib/python3.12/site-packages/airflow/example_dags/example_sensor_decorator.py
[2024-11-08T14:42:28.626+0000] {processor.py:925} INFO - DAG(s) 'example_sensor_decorator' retrieved from /home/airflow/.local/lib/python3.12/site-packages/airflow/example_dags/example_sensor_decorator.py
[2024-11-08T14:42:28.649+0000] {logging_mixin.py:190} INFO - [2024-11-08T14:42:28.649+0000] {dag.py:3239} INFO - Sync 1 DAGs
[2024-11-08T14:42:28.663+0000] {logging_mixin.py:190} INFO - [2024-11-08T14:42:28.663+0000] {dag.py:4180} INFO - Setting next_dagrun for example_sensor_decorator to None, run_after=None
[2024-11-08T14:42:28.720+0000] {processor.py:208} INFO - Processing /home/airflow/.local/lib/python3.12/site-packages/airflow/example_dags/example_sensor_decorator.py took 0.114 seconds
[2024-11-08T14:42:59.617+0000] {processor.py:186} INFO - Started process (PID=1415) to work on /home/airflow/.local/lib/python3.12/site-packages/airflow/example_dags/example_sensor_decorator.py
[2024-11-08T14:42:59.618+0000] {processor.py:914} INFO - Processing file /home/airflow/.local/lib/python3.12/site-packages/airflow/example_dags/example_sensor_decorator.py for tasks to queue
[2024-11-08T14:42:59.622+0000] {logging_mixin.py:190} INFO - [2024-11-08T14:42:59.621+0000] {dagbag.py:588} INFO - Filling up the DagBag from /home/airflow/.local/lib/python3.12/site-packages/airflow/example_dags/example_sensor_decorator.py
[2024-11-08T14:42:59.629+0000] {processor.py:925} INFO - DAG(s) 'example_sensor_decorator' retrieved from /home/airflow/.local/lib/python3.12/site-packages/airflow/example_dags/example_sensor_decorator.py
[2024-11-08T14:42:59.647+0000] {logging_mixin.py:190} INFO - [2024-11-08T14:42:59.647+0000] {dag.py:3239} INFO - Sync 1 DAGs
[2024-11-08T14:42:59.661+0000] {logging_mixin.py:190} INFO - [2024-11-08T14:42:59.660+0000] {dag.py:4180} INFO - Setting next_dagrun for example_sensor_decorator to None, run_after=None
[2024-11-08T14:42:59.917+0000] {processor.py:208} INFO - Processing /home/airflow/.local/lib/python3.12/site-packages/airflow/example_dags/example_sensor_decorator.py took 0.306 seconds
[2024-11-08T14:43:30.274+0000] {processor.py:186} INFO - Started process (PID=1478) to work on /home/airflow/.local/lib/python3.12/site-packages/airflow/example_dags/example_sensor_decorator.py
[2024-11-08T14:43:30.275+0000] {processor.py:914} INFO - Processing file /home/airflow/.local/lib/python3.12/site-packages/airflow/example_dags/example_sensor_decorator.py for tasks to queue
[2024-11-08T14:43:30.278+0000] {logging_mixin.py:190} INFO - [2024-11-08T14:43:30.277+0000] {dagbag.py:588} INFO - Filling up the DagBag from /home/airflow/.local/lib/python3.12/site-packages/airflow/example_dags/example_sensor_decorator.py
[2024-11-08T14:43:30.285+0000] {processor.py:925} INFO - DAG(s) 'example_sensor_decorator' retrieved from /home/airflow/.local/lib/python3.12/site-packages/airflow/example_dags/example_sensor_decorator.py
[2024-11-08T14:43:30.307+0000] {logging_mixin.py:190} INFO - [2024-11-08T14:43:30.307+0000] {dag.py:3239} INFO - Sync 1 DAGs
[2024-11-08T14:43:30.321+0000] {logging_mixin.py:190} INFO - [2024-11-08T14:43:30.321+0000] {dag.py:4180} INFO - Setting next_dagrun for example_sensor_decorator to None, run_after=None
[2024-11-08T14:43:30.550+0000] {processor.py:208} INFO - Processing /home/airflow/.local/lib/python3.12/site-packages/airflow/example_dags/example_sensor_decorator.py took 0.282 seconds
[2024-11-08T14:44:01.445+0000] {processor.py:186} INFO - Started process (PID=1541) to work on /home/airflow/.local/lib/python3.12/site-packages/airflow/example_dags/example_sensor_decorator.py
[2024-11-08T14:44:01.447+0000] {processor.py:914} INFO - Processing file /home/airflow/.local/lib/python3.12/site-packages/airflow/example_dags/example_sensor_decorator.py for tasks to queue
[2024-11-08T14:44:01.449+0000] {logging_mixin.py:190} INFO - [2024-11-08T14:44:01.449+0000] {dagbag.py:588} INFO - Filling up the DagBag from /home/airflow/.local/lib/python3.12/site-packages/airflow/example_dags/example_sensor_decorator.py
[2024-11-08T14:44:01.457+0000] {processor.py:925} INFO - DAG(s) 'example_sensor_decorator' retrieved from /home/airflow/.local/lib/python3.12/site-packages/airflow/example_dags/example_sensor_decorator.py
[2024-11-08T14:44:01.478+0000] {logging_mixin.py:190} INFO - [2024-11-08T14:44:01.478+0000] {dag.py:3239} INFO - Sync 1 DAGs
[2024-11-08T14:44:01.493+0000] {logging_mixin.py:190} INFO - [2024-11-08T14:44:01.493+0000] {dag.py:4180} INFO - Setting next_dagrun for example_sensor_decorator to None, run_after=None
[2024-11-08T14:44:01.519+0000] {processor.py:208} INFO - Processing /home/airflow/.local/lib/python3.12/site-packages/airflow/example_dags/example_sensor_decorator.py took 0.080 seconds
[2024-11-08T14:44:31.699+0000] {processor.py:186} INFO - Started process (PID=1604) to work on /home/airflow/.local/lib/python3.12/site-packages/airflow/example_dags/example_sensor_decorator.py
[2024-11-08T14:44:31.700+0000] {processor.py:914} INFO - Processing file /home/airflow/.local/lib/python3.12/site-packages/airflow/example_dags/example_sensor_decorator.py for tasks to queue
[2024-11-08T14:44:31.703+0000] {logging_mixin.py:190} INFO - [2024-11-08T14:44:31.702+0000] {dagbag.py:588} INFO - Filling up the DagBag from /home/airflow/.local/lib/python3.12/site-packages/airflow/example_dags/example_sensor_decorator.py
[2024-11-08T14:44:31.710+0000] {processor.py:925} INFO - DAG(s) 'example_sensor_decorator' retrieved from /home/airflow/.local/lib/python3.12/site-packages/airflow/example_dags/example_sensor_decorator.py
[2024-11-08T14:44:31.732+0000] {logging_mixin.py:190} INFO - [2024-11-08T14:44:31.732+0000] {dag.py:3239} INFO - Sync 1 DAGs
[2024-11-08T14:44:31.747+0000] {logging_mixin.py:190} INFO - [2024-11-08T14:44:31.746+0000] {dag.py:4180} INFO - Setting next_dagrun for example_sensor_decorator to None, run_after=None
[2024-11-08T14:44:31.778+0000] {processor.py:208} INFO - Processing /home/airflow/.local/lib/python3.12/site-packages/airflow/example_dags/example_sensor_decorator.py took 0.092 seconds
[2024-11-08T14:45:02.426+0000] {processor.py:186} INFO - Started process (PID=1667) to work on /home/airflow/.local/lib/python3.12/site-packages/airflow/example_dags/example_sensor_decorator.py
[2024-11-08T14:45:02.428+0000] {processor.py:914} INFO - Processing file /home/airflow/.local/lib/python3.12/site-packages/airflow/example_dags/example_sensor_decorator.py for tasks to queue
[2024-11-08T14:45:02.434+0000] {logging_mixin.py:190} INFO - [2024-11-08T14:45:02.433+0000] {dagbag.py:588} INFO - Filling up the DagBag from /home/airflow/.local/lib/python3.12/site-packages/airflow/example_dags/example_sensor_decorator.py
[2024-11-08T14:45:02.449+0000] {processor.py:925} INFO - DAG(s) 'example_sensor_decorator' retrieved from /home/airflow/.local/lib/python3.12/site-packages/airflow/example_dags/example_sensor_decorator.py
[2024-11-08T14:45:02.486+0000] {logging_mixin.py:190} INFO - [2024-11-08T14:45:02.486+0000] {dag.py:3239} INFO - Sync 1 DAGs
[2024-11-08T14:45:02.516+0000] {logging_mixin.py:190} INFO - [2024-11-08T14:45:02.515+0000] {dag.py:4180} INFO - Setting next_dagrun for example_sensor_decorator to None, run_after=None
[2024-11-08T14:45:02.570+0000] {processor.py:208} INFO - Processing /home/airflow/.local/lib/python3.12/site-packages/airflow/example_dags/example_sensor_decorator.py took 0.155 seconds
[2024-11-08T14:45:32.728+0000] {processor.py:186} INFO - Started process (PID=1730) to work on /home/airflow/.local/lib/python3.12/site-packages/airflow/example_dags/example_sensor_decorator.py
[2024-11-08T14:45:32.729+0000] {processor.py:914} INFO - Processing file /home/airflow/.local/lib/python3.12/site-packages/airflow/example_dags/example_sensor_decorator.py for tasks to queue
[2024-11-08T14:45:32.731+0000] {logging_mixin.py:190} INFO - [2024-11-08T14:45:32.731+0000] {dagbag.py:588} INFO - Filling up the DagBag from /home/airflow/.local/lib/python3.12/site-packages/airflow/example_dags/example_sensor_decorator.py
[2024-11-08T14:45:32.739+0000] {processor.py:925} INFO - DAG(s) 'example_sensor_decorator' retrieved from /home/airflow/.local/lib/python3.12/site-packages/airflow/example_dags/example_sensor_decorator.py
[2024-11-08T14:45:32.757+0000] {logging_mixin.py:190} INFO - [2024-11-08T14:45:32.757+0000] {dag.py:3239} INFO - Sync 1 DAGs
[2024-11-08T14:45:32.772+0000] {logging_mixin.py:190} INFO - [2024-11-08T14:45:32.771+0000] {dag.py:4180} INFO - Setting next_dagrun for example_sensor_decorator to None, run_after=None
[2024-11-08T14:45:32.829+0000] {processor.py:208} INFO - Processing /home/airflow/.local/lib/python3.12/site-packages/airflow/example_dags/example_sensor_decorator.py took 0.107 seconds
[2024-11-08T14:46:03.177+0000] {processor.py:186} INFO - Started process (PID=1793) to work on /home/airflow/.local/lib/python3.12/site-packages/airflow/example_dags/example_sensor_decorator.py
[2024-11-08T14:46:03.178+0000] {processor.py:914} INFO - Processing file /home/airflow/.local/lib/python3.12/site-packages/airflow/example_dags/example_sensor_decorator.py for tasks to queue
[2024-11-08T14:46:03.181+0000] {logging_mixin.py:190} INFO - [2024-11-08T14:46:03.181+0000] {dagbag.py:588} INFO - Filling up the DagBag from /home/airflow/.local/lib/python3.12/site-packages/airflow/example_dags/example_sensor_decorator.py
[2024-11-08T14:46:03.189+0000] {processor.py:925} INFO - DAG(s) 'example_sensor_decorator' retrieved from /home/airflow/.local/lib/python3.12/site-packages/airflow/example_dags/example_sensor_decorator.py
[2024-11-08T14:46:03.210+0000] {logging_mixin.py:190} INFO - [2024-11-08T14:46:03.210+0000] {dag.py:3239} INFO - Sync 1 DAGs
[2024-11-08T14:46:03.225+0000] {logging_mixin.py:190} INFO - [2024-11-08T14:46:03.225+0000] {dag.py:4180} INFO - Setting next_dagrun for example_sensor_decorator to None, run_after=None
[2024-11-08T14:46:03.254+0000] {processor.py:208} INFO - Processing /home/airflow/.local/lib/python3.12/site-packages/airflow/example_dags/example_sensor_decorator.py took 0.083 seconds
[2024-11-08T14:46:33.410+0000] {processor.py:186} INFO - Started process (PID=1857) to work on /home/airflow/.local/lib/python3.12/site-packages/airflow/example_dags/example_sensor_decorator.py
[2024-11-08T14:46:33.411+0000] {processor.py:914} INFO - Processing file /home/airflow/.local/lib/python3.12/site-packages/airflow/example_dags/example_sensor_decorator.py for tasks to queue
[2024-11-08T14:46:33.414+0000] {logging_mixin.py:190} INFO - [2024-11-08T14:46:33.414+0000] {dagbag.py:588} INFO - Filling up the DagBag from /home/airflow/.local/lib/python3.12/site-packages/airflow/example_dags/example_sensor_decorator.py
[2024-11-08T14:46:33.423+0000] {processor.py:925} INFO - DAG(s) 'example_sensor_decorator' retrieved from /home/airflow/.local/lib/python3.12/site-packages/airflow/example_dags/example_sensor_decorator.py
[2024-11-08T14:46:33.443+0000] {logging_mixin.py:190} INFO - [2024-11-08T14:46:33.442+0000] {dag.py:3239} INFO - Sync 1 DAGs
[2024-11-08T14:46:33.458+0000] {logging_mixin.py:190} INFO - [2024-11-08T14:46:33.457+0000] {dag.py:4180} INFO - Setting next_dagrun for example_sensor_decorator to None, run_after=None
[2024-11-08T14:46:33.699+0000] {processor.py:208} INFO - Processing /home/airflow/.local/lib/python3.12/site-packages/airflow/example_dags/example_sensor_decorator.py took 0.295 seconds
[2024-11-08T14:47:03.766+0000] {processor.py:186} INFO - Started process (PID=1920) to work on /home/airflow/.local/lib/python3.12/site-packages/airflow/example_dags/example_sensor_decorator.py
[2024-11-08T14:47:03.767+0000] {processor.py:914} INFO - Processing file /home/airflow/.local/lib/python3.12/site-packages/airflow/example_dags/example_sensor_decorator.py for tasks to queue
[2024-11-08T14:47:03.770+0000] {logging_mixin.py:190} INFO - [2024-11-08T14:47:03.770+0000] {dagbag.py:588} INFO - Filling up the DagBag from /home/airflow/.local/lib/python3.12/site-packages/airflow/example_dags/example_sensor_decorator.py
[2024-11-08T14:47:03.778+0000] {processor.py:925} INFO - DAG(s) 'example_sensor_decorator' retrieved from /home/airflow/.local/lib/python3.12/site-packages/airflow/example_dags/example_sensor_decorator.py
[2024-11-08T14:47:03.800+0000] {logging_mixin.py:190} INFO - [2024-11-08T14:47:03.799+0000] {dag.py:3239} INFO - Sync 1 DAGs
[2024-11-08T14:47:03.814+0000] {logging_mixin.py:190} INFO - [2024-11-08T14:47:03.813+0000] {dag.py:4180} INFO - Setting next_dagrun for example_sensor_decorator to None, run_after=None
[2024-11-08T14:47:03.841+0000] {processor.py:208} INFO - Processing /home/airflow/.local/lib/python3.12/site-packages/airflow/example_dags/example_sensor_decorator.py took 0.080 seconds
[2024-11-08T14:47:34.082+0000] {processor.py:186} INFO - Started process (PID=1983) to work on /home/airflow/.local/lib/python3.12/site-packages/airflow/example_dags/example_sensor_decorator.py
[2024-11-08T14:47:34.084+0000] {processor.py:914} INFO - Processing file /home/airflow/.local/lib/python3.12/site-packages/airflow/example_dags/example_sensor_decorator.py for tasks to queue
[2024-11-08T14:47:34.086+0000] {logging_mixin.py:190} INFO - [2024-11-08T14:47:34.086+0000] {dagbag.py:588} INFO - Filling up the DagBag from /home/airflow/.local/lib/python3.12/site-packages/airflow/example_dags/example_sensor_decorator.py
[2024-11-08T14:47:34.094+0000] {processor.py:925} INFO - DAG(s) 'example_sensor_decorator' retrieved from /home/airflow/.local/lib/python3.12/site-packages/airflow/example_dags/example_sensor_decorator.py
[2024-11-08T14:47:34.114+0000] {logging_mixin.py:190} INFO - [2024-11-08T14:47:34.114+0000] {dag.py:3239} INFO - Sync 1 DAGs
[2024-11-08T14:47:34.128+0000] {logging_mixin.py:190} INFO - [2024-11-08T14:47:34.128+0000] {dag.py:4180} INFO - Setting next_dagrun for example_sensor_decorator to None, run_after=None
[2024-11-08T14:47:34.154+0000] {processor.py:208} INFO - Processing /home/airflow/.local/lib/python3.12/site-packages/airflow/example_dags/example_sensor_decorator.py took 0.077 seconds
[2024-11-08T14:48:04.256+0000] {processor.py:186} INFO - Started process (PID=2046) to work on /home/airflow/.local/lib/python3.12/site-packages/airflow/example_dags/example_sensor_decorator.py
[2024-11-08T14:48:04.258+0000] {processor.py:914} INFO - Processing file /home/airflow/.local/lib/python3.12/site-packages/airflow/example_dags/example_sensor_decorator.py for tasks to queue
[2024-11-08T14:48:04.260+0000] {logging_mixin.py:190} INFO - [2024-11-08T14:48:04.260+0000] {dagbag.py:588} INFO - Filling up the DagBag from /home/airflow/.local/lib/python3.12/site-packages/airflow/example_dags/example_sensor_decorator.py
[2024-11-08T14:48:04.269+0000] {processor.py:925} INFO - DAG(s) 'example_sensor_decorator' retrieved from /home/airflow/.local/lib/python3.12/site-packages/airflow/example_dags/example_sensor_decorator.py
[2024-11-08T14:48:04.289+0000] {logging_mixin.py:190} INFO - [2024-11-08T14:48:04.288+0000] {dag.py:3239} INFO - Sync 1 DAGs
[2024-11-08T14:48:04.304+0000] {logging_mixin.py:190} INFO - [2024-11-08T14:48:04.303+0000] {dag.py:4180} INFO - Setting next_dagrun for example_sensor_decorator to None, run_after=None
[2024-11-08T14:48:04.587+0000] {processor.py:208} INFO - Processing /home/airflow/.local/lib/python3.12/site-packages/airflow/example_dags/example_sensor_decorator.py took 0.337 seconds
[2024-11-08T14:48:35.046+0000] {processor.py:186} INFO - Started process (PID=2109) to work on /home/airflow/.local/lib/python3.12/site-packages/airflow/example_dags/example_sensor_decorator.py
[2024-11-08T14:48:35.047+0000] {processor.py:914} INFO - Processing file /home/airflow/.local/lib/python3.12/site-packages/airflow/example_dags/example_sensor_decorator.py for tasks to queue
[2024-11-08T14:48:35.050+0000] {logging_mixin.py:190} INFO - [2024-11-08T14:48:35.049+0000] {dagbag.py:588} INFO - Filling up the DagBag from /home/airflow/.local/lib/python3.12/site-packages/airflow/example_dags/example_sensor_decorator.py
[2024-11-08T14:48:35.059+0000] {processor.py:925} INFO - DAG(s) 'example_sensor_decorator' retrieved from /home/airflow/.local/lib/python3.12/site-packages/airflow/example_dags/example_sensor_decorator.py
[2024-11-08T14:48:35.080+0000] {logging_mixin.py:190} INFO - [2024-11-08T14:48:35.080+0000] {dag.py:3239} INFO - Sync 1 DAGs
[2024-11-08T14:48:35.096+0000] {logging_mixin.py:190} INFO - [2024-11-08T14:48:35.096+0000] {dag.py:4180} INFO - Setting next_dagrun for example_sensor_decorator to None, run_after=None
[2024-11-08T14:48:35.126+0000] {processor.py:208} INFO - Processing /home/airflow/.local/lib/python3.12/site-packages/airflow/example_dags/example_sensor_decorator.py took 0.086 seconds
[2024-11-08T14:49:05.754+0000] {processor.py:186} INFO - Started process (PID=2172) to work on /home/airflow/.local/lib/python3.12/site-packages/airflow/example_dags/example_sensor_decorator.py
[2024-11-08T14:49:05.755+0000] {processor.py:914} INFO - Processing file /home/airflow/.local/lib/python3.12/site-packages/airflow/example_dags/example_sensor_decorator.py for tasks to queue
[2024-11-08T14:49:05.758+0000] {logging_mixin.py:190} INFO - [2024-11-08T14:49:05.758+0000] {dagbag.py:588} INFO - Filling up the DagBag from /home/airflow/.local/lib/python3.12/site-packages/airflow/example_dags/example_sensor_decorator.py
[2024-11-08T14:49:05.767+0000] {processor.py:925} INFO - DAG(s) 'example_sensor_decorator' retrieved from /home/airflow/.local/lib/python3.12/site-packages/airflow/example_dags/example_sensor_decorator.py
[2024-11-08T14:49:05.788+0000] {logging_mixin.py:190} INFO - [2024-11-08T14:49:05.788+0000] {dag.py:3239} INFO - Sync 1 DAGs
[2024-11-08T14:49:05.803+0000] {logging_mixin.py:190} INFO - [2024-11-08T14:49:05.803+0000] {dag.py:4180} INFO - Setting next_dagrun for example_sensor_decorator to None, run_after=None
[2024-11-08T14:49:06.018+0000] {processor.py:208} INFO - Processing /home/airflow/.local/lib/python3.12/site-packages/airflow/example_dags/example_sensor_decorator.py took 0.270 seconds
[2024-11-08T14:49:36.347+0000] {processor.py:186} INFO - Started process (PID=2235) to work on /home/airflow/.local/lib/python3.12/site-packages/airflow/example_dags/example_sensor_decorator.py
[2024-11-08T14:49:36.348+0000] {processor.py:914} INFO - Processing file /home/airflow/.local/lib/python3.12/site-packages/airflow/example_dags/example_sensor_decorator.py for tasks to queue
[2024-11-08T14:49:36.351+0000] {logging_mixin.py:190} INFO - [2024-11-08T14:49:36.351+0000] {dagbag.py:588} INFO - Filling up the DagBag from /home/airflow/.local/lib/python3.12/site-packages/airflow/example_dags/example_sensor_decorator.py
[2024-11-08T14:49:36.358+0000] {processor.py:925} INFO - DAG(s) 'example_sensor_decorator' retrieved from /home/airflow/.local/lib/python3.12/site-packages/airflow/example_dags/example_sensor_decorator.py
[2024-11-08T14:49:36.377+0000] {logging_mixin.py:190} INFO - [2024-11-08T14:49:36.376+0000] {dag.py:3239} INFO - Sync 1 DAGs
[2024-11-08T14:49:36.390+0000] {logging_mixin.py:190} INFO - [2024-11-08T14:49:36.390+0000] {dag.py:4180} INFO - Setting next_dagrun for example_sensor_decorator to None, run_after=None
[2024-11-08T14:49:36.443+0000] {processor.py:208} INFO - Processing /home/airflow/.local/lib/python3.12/site-packages/airflow/example_dags/example_sensor_decorator.py took 0.102 seconds
[2024-11-08T14:50:06.684+0000] {processor.py:186} INFO - Started process (PID=2298) to work on /home/airflow/.local/lib/python3.12/site-packages/airflow/example_dags/example_sensor_decorator.py
[2024-11-08T14:50:06.685+0000] {processor.py:914} INFO - Processing file /home/airflow/.local/lib/python3.12/site-packages/airflow/example_dags/example_sensor_decorator.py for tasks to queue
[2024-11-08T14:50:06.688+0000] {logging_mixin.py:190} INFO - [2024-11-08T14:50:06.688+0000] {dagbag.py:588} INFO - Filling up the DagBag from /home/airflow/.local/lib/python3.12/site-packages/airflow/example_dags/example_sensor_decorator.py
[2024-11-08T14:50:06.695+0000] {processor.py:925} INFO - DAG(s) 'example_sensor_decorator' retrieved from /home/airflow/.local/lib/python3.12/site-packages/airflow/example_dags/example_sensor_decorator.py
[2024-11-08T14:50:06.715+0000] {logging_mixin.py:190} INFO - [2024-11-08T14:50:06.714+0000] {dag.py:3239} INFO - Sync 1 DAGs
[2024-11-08T14:50:06.729+0000] {logging_mixin.py:190} INFO - [2024-11-08T14:50:06.728+0000] {dag.py:4180} INFO - Setting next_dagrun for example_sensor_decorator to None, run_after=None
[2024-11-08T14:50:06.938+0000] {processor.py:208} INFO - Processing /home/airflow/.local/lib/python3.12/site-packages/airflow/example_dags/example_sensor_decorator.py took 0.261 seconds
[2024-11-08T14:50:37.180+0000] {processor.py:186} INFO - Started process (PID=2361) to work on /home/airflow/.local/lib/python3.12/site-packages/airflow/example_dags/example_sensor_decorator.py
[2024-11-08T14:50:37.181+0000] {processor.py:914} INFO - Processing file /home/airflow/.local/lib/python3.12/site-packages/airflow/example_dags/example_sensor_decorator.py for tasks to queue
[2024-11-08T14:50:37.183+0000] {logging_mixin.py:190} INFO - [2024-11-08T14:50:37.183+0000] {dagbag.py:588} INFO - Filling up the DagBag from /home/airflow/.local/lib/python3.12/site-packages/airflow/example_dags/example_sensor_decorator.py
[2024-11-08T14:50:37.193+0000] {processor.py:925} INFO - DAG(s) 'example_sensor_decorator' retrieved from /home/airflow/.local/lib/python3.12/site-packages/airflow/example_dags/example_sensor_decorator.py
[2024-11-08T14:50:37.216+0000] {logging_mixin.py:190} INFO - [2024-11-08T14:50:37.216+0000] {dag.py:3239} INFO - Sync 1 DAGs
[2024-11-08T14:50:37.234+0000] {logging_mixin.py:190} INFO - [2024-11-08T14:50:37.233+0000] {dag.py:4180} INFO - Setting next_dagrun for example_sensor_decorator to None, run_after=None
[2024-11-08T14:50:37.278+0000] {processor.py:208} INFO - Processing /home/airflow/.local/lib/python3.12/site-packages/airflow/example_dags/example_sensor_decorator.py took 0.106 seconds
[2024-11-08T14:51:08.213+0000] {processor.py:186} INFO - Started process (PID=2424) to work on /home/airflow/.local/lib/python3.12/site-packages/airflow/example_dags/example_sensor_decorator.py
[2024-11-08T14:51:08.214+0000] {processor.py:914} INFO - Processing file /home/airflow/.local/lib/python3.12/site-packages/airflow/example_dags/example_sensor_decorator.py for tasks to queue
[2024-11-08T14:51:08.217+0000] {logging_mixin.py:190} INFO - [2024-11-08T14:51:08.217+0000] {dagbag.py:588} INFO - Filling up the DagBag from /home/airflow/.local/lib/python3.12/site-packages/airflow/example_dags/example_sensor_decorator.py
[2024-11-08T14:51:08.229+0000] {processor.py:925} INFO - DAG(s) 'example_sensor_decorator' retrieved from /home/airflow/.local/lib/python3.12/site-packages/airflow/example_dags/example_sensor_decorator.py
[2024-11-08T14:51:08.254+0000] {logging_mixin.py:190} INFO - [2024-11-08T14:51:08.254+0000] {dag.py:3239} INFO - Sync 1 DAGs
[2024-11-08T14:51:08.276+0000] {logging_mixin.py:190} INFO - [2024-11-08T14:51:08.276+0000] {dag.py:4180} INFO - Setting next_dagrun for example_sensor_decorator to None, run_after=None
[2024-11-08T14:51:08.302+0000] {processor.py:208} INFO - Processing /home/airflow/.local/lib/python3.12/site-packages/airflow/example_dags/example_sensor_decorator.py took 0.098 seconds
[2024-11-08T14:51:39.107+0000] {processor.py:186} INFO - Started process (PID=2487) to work on /home/airflow/.local/lib/python3.12/site-packages/airflow/example_dags/example_sensor_decorator.py
[2024-11-08T14:51:39.110+0000] {processor.py:914} INFO - Processing file /home/airflow/.local/lib/python3.12/site-packages/airflow/example_dags/example_sensor_decorator.py for tasks to queue
[2024-11-08T14:51:39.114+0000] {logging_mixin.py:190} INFO - [2024-11-08T14:51:39.113+0000] {dagbag.py:588} INFO - Filling up the DagBag from /home/airflow/.local/lib/python3.12/site-packages/airflow/example_dags/example_sensor_decorator.py
[2024-11-08T14:51:39.125+0000] {processor.py:925} INFO - DAG(s) 'example_sensor_decorator' retrieved from /home/airflow/.local/lib/python3.12/site-packages/airflow/example_dags/example_sensor_decorator.py
[2024-11-08T14:51:39.148+0000] {logging_mixin.py:190} INFO - [2024-11-08T14:51:39.148+0000] {dag.py:3239} INFO - Sync 1 DAGs
[2024-11-08T14:51:39.166+0000] {logging_mixin.py:190} INFO - [2024-11-08T14:51:39.165+0000] {dag.py:4180} INFO - Setting next_dagrun for example_sensor_decorator to None, run_after=None
[2024-11-08T14:51:39.250+0000] {processor.py:208} INFO - Processing /home/airflow/.local/lib/python3.12/site-packages/airflow/example_dags/example_sensor_decorator.py took 0.151 seconds
[2024-11-08T14:52:09.473+0000] {processor.py:186} INFO - Started process (PID=2550) to work on /home/airflow/.local/lib/python3.12/site-packages/airflow/example_dags/example_sensor_decorator.py
[2024-11-08T14:52:09.475+0000] {processor.py:914} INFO - Processing file /home/airflow/.local/lib/python3.12/site-packages/airflow/example_dags/example_sensor_decorator.py for tasks to queue
[2024-11-08T14:52:09.477+0000] {logging_mixin.py:190} INFO - [2024-11-08T14:52:09.477+0000] {dagbag.py:588} INFO - Filling up the DagBag from /home/airflow/.local/lib/python3.12/site-packages/airflow/example_dags/example_sensor_decorator.py
[2024-11-08T14:52:09.485+0000] {processor.py:925} INFO - DAG(s) 'example_sensor_decorator' retrieved from /home/airflow/.local/lib/python3.12/site-packages/airflow/example_dags/example_sensor_decorator.py
[2024-11-08T14:52:09.506+0000] {logging_mixin.py:190} INFO - [2024-11-08T14:52:09.506+0000] {dag.py:3239} INFO - Sync 1 DAGs
[2024-11-08T14:52:09.521+0000] {logging_mixin.py:190} INFO - [2024-11-08T14:52:09.521+0000] {dag.py:4180} INFO - Setting next_dagrun for example_sensor_decorator to None, run_after=None
[2024-11-08T14:52:09.649+0000] {processor.py:208} INFO - Processing /home/airflow/.local/lib/python3.12/site-packages/airflow/example_dags/example_sensor_decorator.py took 0.182 seconds
[2024-11-08T14:52:39.708+0000] {processor.py:186} INFO - Started process (PID=2613) to work on /home/airflow/.local/lib/python3.12/site-packages/airflow/example_dags/example_sensor_decorator.py
[2024-11-08T14:52:39.710+0000] {processor.py:914} INFO - Processing file /home/airflow/.local/lib/python3.12/site-packages/airflow/example_dags/example_sensor_decorator.py for tasks to queue
[2024-11-08T14:52:39.722+0000] {logging_mixin.py:190} INFO - [2024-11-08T14:52:39.713+0000] {dagbag.py:588} INFO - Filling up the DagBag from /home/airflow/.local/lib/python3.12/site-packages/airflow/example_dags/example_sensor_decorator.py
[2024-11-08T14:52:39.744+0000] {processor.py:925} INFO - DAG(s) 'example_sensor_decorator' retrieved from /home/airflow/.local/lib/python3.12/site-packages/airflow/example_dags/example_sensor_decorator.py
[2024-11-08T14:52:39.795+0000] {logging_mixin.py:190} INFO - [2024-11-08T14:52:39.795+0000] {dag.py:3239} INFO - Sync 1 DAGs
[2024-11-08T14:52:39.830+0000] {logging_mixin.py:190} INFO - [2024-11-08T14:52:39.830+0000] {dag.py:4180} INFO - Setting next_dagrun for example_sensor_decorator to None, run_after=None
[2024-11-08T14:52:39.877+0000] {processor.py:208} INFO - Processing /home/airflow/.local/lib/python3.12/site-packages/airflow/example_dags/example_sensor_decorator.py took 0.195 seconds
[2024-11-08T14:53:10.759+0000] {processor.py:186} INFO - Started process (PID=2675) to work on /home/airflow/.local/lib/python3.12/site-packages/airflow/example_dags/example_sensor_decorator.py
[2024-11-08T14:53:10.760+0000] {processor.py:914} INFO - Processing file /home/airflow/.local/lib/python3.12/site-packages/airflow/example_dags/example_sensor_decorator.py for tasks to queue
[2024-11-08T14:53:10.763+0000] {logging_mixin.py:190} INFO - [2024-11-08T14:53:10.762+0000] {dagbag.py:588} INFO - Filling up the DagBag from /home/airflow/.local/lib/python3.12/site-packages/airflow/example_dags/example_sensor_decorator.py
[2024-11-08T14:53:10.771+0000] {processor.py:925} INFO - DAG(s) 'example_sensor_decorator' retrieved from /home/airflow/.local/lib/python3.12/site-packages/airflow/example_dags/example_sensor_decorator.py
[2024-11-08T14:53:10.790+0000] {logging_mixin.py:190} INFO - [2024-11-08T14:53:10.790+0000] {dag.py:3239} INFO - Sync 1 DAGs
[2024-11-08T14:53:10.805+0000] {logging_mixin.py:190} INFO - [2024-11-08T14:53:10.804+0000] {dag.py:4180} INFO - Setting next_dagrun for example_sensor_decorator to None, run_after=None
[2024-11-08T14:53:10.896+0000] {processor.py:208} INFO - Processing /home/airflow/.local/lib/python3.12/site-packages/airflow/example_dags/example_sensor_decorator.py took 0.143 seconds
[2024-11-08T14:53:41.757+0000] {processor.py:186} INFO - Started process (PID=2739) to work on /home/airflow/.local/lib/python3.12/site-packages/airflow/example_dags/example_sensor_decorator.py
[2024-11-08T14:53:41.758+0000] {processor.py:914} INFO - Processing file /home/airflow/.local/lib/python3.12/site-packages/airflow/example_dags/example_sensor_decorator.py for tasks to queue
[2024-11-08T14:53:41.761+0000] {logging_mixin.py:190} INFO - [2024-11-08T14:53:41.761+0000] {dagbag.py:588} INFO - Filling up the DagBag from /home/airflow/.local/lib/python3.12/site-packages/airflow/example_dags/example_sensor_decorator.py
[2024-11-08T14:53:41.770+0000] {processor.py:925} INFO - DAG(s) 'example_sensor_decorator' retrieved from /home/airflow/.local/lib/python3.12/site-packages/airflow/example_dags/example_sensor_decorator.py
[2024-11-08T14:53:41.789+0000] {logging_mixin.py:190} INFO - [2024-11-08T14:53:41.788+0000] {dag.py:3239} INFO - Sync 1 DAGs
[2024-11-08T14:53:41.803+0000] {logging_mixin.py:190} INFO - [2024-11-08T14:53:41.803+0000] {dag.py:4180} INFO - Setting next_dagrun for example_sensor_decorator to None, run_after=None
[2024-11-08T14:53:41.884+0000] {processor.py:208} INFO - Processing /home/airflow/.local/lib/python3.12/site-packages/airflow/example_dags/example_sensor_decorator.py took 0.134 seconds
[2024-11-08T14:54:13.230+0000] {processor.py:186} INFO - Started process (PID=2797) to work on /home/airflow/.local/lib/python3.12/site-packages/airflow/example_dags/example_sensor_decorator.py
[2024-11-08T14:54:13.231+0000] {processor.py:914} INFO - Processing file /home/airflow/.local/lib/python3.12/site-packages/airflow/example_dags/example_sensor_decorator.py for tasks to queue
[2024-11-08T14:54:13.234+0000] {logging_mixin.py:190} INFO - [2024-11-08T14:54:13.233+0000] {dagbag.py:588} INFO - Filling up the DagBag from /home/airflow/.local/lib/python3.12/site-packages/airflow/example_dags/example_sensor_decorator.py
[2024-11-08T14:54:13.242+0000] {processor.py:925} INFO - DAG(s) 'example_sensor_decorator' retrieved from /home/airflow/.local/lib/python3.12/site-packages/airflow/example_dags/example_sensor_decorator.py
[2024-11-08T14:54:13.263+0000] {logging_mixin.py:190} INFO - [2024-11-08T14:54:13.263+0000] {dag.py:3239} INFO - Sync 1 DAGs
[2024-11-08T14:54:13.279+0000] {logging_mixin.py:190} INFO - [2024-11-08T14:54:13.279+0000] {dag.py:4180} INFO - Setting next_dagrun for example_sensor_decorator to None, run_after=None
[2024-11-08T14:54:13.302+0000] {processor.py:208} INFO - Processing /home/airflow/.local/lib/python3.12/site-packages/airflow/example_dags/example_sensor_decorator.py took 0.078 seconds
[2024-11-08T14:54:44.631+0000] {processor.py:186} INFO - Started process (PID=2860) to work on /home/airflow/.local/lib/python3.12/site-packages/airflow/example_dags/example_sensor_decorator.py
[2024-11-08T14:54:44.635+0000] {processor.py:914} INFO - Processing file /home/airflow/.local/lib/python3.12/site-packages/airflow/example_dags/example_sensor_decorator.py for tasks to queue
[2024-11-08T14:54:44.645+0000] {logging_mixin.py:190} INFO - [2024-11-08T14:54:44.645+0000] {dagbag.py:588} INFO - Filling up the DagBag from /home/airflow/.local/lib/python3.12/site-packages/airflow/example_dags/example_sensor_decorator.py
[2024-11-08T14:54:44.666+0000] {processor.py:925} INFO - DAG(s) 'example_sensor_decorator' retrieved from /home/airflow/.local/lib/python3.12/site-packages/airflow/example_dags/example_sensor_decorator.py
[2024-11-08T14:54:44.711+0000] {logging_mixin.py:190} INFO - [2024-11-08T14:54:44.711+0000] {dag.py:3239} INFO - Sync 1 DAGs
[2024-11-08T14:54:44.754+0000] {logging_mixin.py:190} INFO - [2024-11-08T14:54:44.753+0000] {dag.py:4180} INFO - Setting next_dagrun for example_sensor_decorator to None, run_after=None
[2024-11-08T14:54:44.808+0000] {processor.py:208} INFO - Processing /home/airflow/.local/lib/python3.12/site-packages/airflow/example_dags/example_sensor_decorator.py took 0.185 seconds
[2024-11-08T14:55:15.730+0000] {processor.py:186} INFO - Started process (PID=2918) to work on /home/airflow/.local/lib/python3.12/site-packages/airflow/example_dags/example_sensor_decorator.py
[2024-11-08T14:55:15.731+0000] {processor.py:914} INFO - Processing file /home/airflow/.local/lib/python3.12/site-packages/airflow/example_dags/example_sensor_decorator.py for tasks to queue
[2024-11-08T14:55:15.735+0000] {logging_mixin.py:190} INFO - [2024-11-08T14:55:15.734+0000] {dagbag.py:588} INFO - Filling up the DagBag from /home/airflow/.local/lib/python3.12/site-packages/airflow/example_dags/example_sensor_decorator.py
[2024-11-08T14:55:15.744+0000] {processor.py:925} INFO - DAG(s) 'example_sensor_decorator' retrieved from /home/airflow/.local/lib/python3.12/site-packages/airflow/example_dags/example_sensor_decorator.py
[2024-11-08T14:55:15.766+0000] {logging_mixin.py:190} INFO - [2024-11-08T14:55:15.766+0000] {dag.py:3239} INFO - Sync 1 DAGs
[2024-11-08T14:55:15.782+0000] {logging_mixin.py:190} INFO - [2024-11-08T14:55:15.782+0000] {dag.py:4180} INFO - Setting next_dagrun for example_sensor_decorator to None, run_after=None
[2024-11-08T14:55:15.958+0000] {processor.py:208} INFO - Processing /home/airflow/.local/lib/python3.12/site-packages/airflow/example_dags/example_sensor_decorator.py took 0.234 seconds
[2024-11-08T14:55:47.265+0000] {processor.py:186} INFO - Started process (PID=2980) to work on /home/airflow/.local/lib/python3.12/site-packages/airflow/example_dags/example_sensor_decorator.py
[2024-11-08T14:55:47.266+0000] {processor.py:914} INFO - Processing file /home/airflow/.local/lib/python3.12/site-packages/airflow/example_dags/example_sensor_decorator.py for tasks to queue
[2024-11-08T14:55:47.270+0000] {logging_mixin.py:190} INFO - [2024-11-08T14:55:47.269+0000] {dagbag.py:588} INFO - Filling up the DagBag from /home/airflow/.local/lib/python3.12/site-packages/airflow/example_dags/example_sensor_decorator.py
[2024-11-08T14:55:47.284+0000] {processor.py:925} INFO - DAG(s) 'example_sensor_decorator' retrieved from /home/airflow/.local/lib/python3.12/site-packages/airflow/example_dags/example_sensor_decorator.py
[2024-11-08T14:55:47.314+0000] {logging_mixin.py:190} INFO - [2024-11-08T14:55:47.314+0000] {dag.py:3239} INFO - Sync 1 DAGs
[2024-11-08T14:55:47.548+0000] {logging_mixin.py:190} INFO - [2024-11-08T14:55:47.548+0000] {dag.py:4180} INFO - Setting next_dagrun for example_sensor_decorator to None, run_after=None
[2024-11-08T14:55:47.589+0000] {processor.py:208} INFO - Processing /home/airflow/.local/lib/python3.12/site-packages/airflow/example_dags/example_sensor_decorator.py took 0.334 seconds
[2024-11-08T14:56:18.264+0000] {processor.py:186} INFO - Started process (PID=3043) to work on /home/airflow/.local/lib/python3.12/site-packages/airflow/example_dags/example_sensor_decorator.py
[2024-11-08T14:56:18.265+0000] {processor.py:914} INFO - Processing file /home/airflow/.local/lib/python3.12/site-packages/airflow/example_dags/example_sensor_decorator.py for tasks to queue
[2024-11-08T14:56:18.269+0000] {logging_mixin.py:190} INFO - [2024-11-08T14:56:18.268+0000] {dagbag.py:588} INFO - Filling up the DagBag from /home/airflow/.local/lib/python3.12/site-packages/airflow/example_dags/example_sensor_decorator.py
[2024-11-08T14:56:18.279+0000] {processor.py:925} INFO - DAG(s) 'example_sensor_decorator' retrieved from /home/airflow/.local/lib/python3.12/site-packages/airflow/example_dags/example_sensor_decorator.py
[2024-11-08T14:56:18.303+0000] {logging_mixin.py:190} INFO - [2024-11-08T14:56:18.303+0000] {dag.py:3239} INFO - Sync 1 DAGs
[2024-11-08T14:56:18.322+0000] {logging_mixin.py:190} INFO - [2024-11-08T14:56:18.322+0000] {dag.py:4180} INFO - Setting next_dagrun for example_sensor_decorator to None, run_after=None
[2024-11-08T14:56:18.371+0000] {processor.py:208} INFO - Processing /home/airflow/.local/lib/python3.12/site-packages/airflow/example_dags/example_sensor_decorator.py took 0.117 seconds
[2024-11-08T14:56:49.681+0000] {processor.py:186} INFO - Started process (PID=3106) to work on /home/airflow/.local/lib/python3.12/site-packages/airflow/example_dags/example_sensor_decorator.py
[2024-11-08T14:56:49.683+0000] {processor.py:914} INFO - Processing file /home/airflow/.local/lib/python3.12/site-packages/airflow/example_dags/example_sensor_decorator.py for tasks to queue
[2024-11-08T14:56:49.687+0000] {logging_mixin.py:190} INFO - [2024-11-08T14:56:49.687+0000] {dagbag.py:588} INFO - Filling up the DagBag from /home/airflow/.local/lib/python3.12/site-packages/airflow/example_dags/example_sensor_decorator.py
[2024-11-08T14:56:49.699+0000] {processor.py:925} INFO - DAG(s) 'example_sensor_decorator' retrieved from /home/airflow/.local/lib/python3.12/site-packages/airflow/example_dags/example_sensor_decorator.py
[2024-11-08T14:56:49.728+0000] {logging_mixin.py:190} INFO - [2024-11-08T14:56:49.727+0000] {dag.py:3239} INFO - Sync 1 DAGs
[2024-11-08T14:56:49.748+0000] {logging_mixin.py:190} INFO - [2024-11-08T14:56:49.748+0000] {dag.py:4180} INFO - Setting next_dagrun for example_sensor_decorator to None, run_after=None
[2024-11-08T14:56:50.006+0000] {processor.py:208} INFO - Processing /home/airflow/.local/lib/python3.12/site-packages/airflow/example_dags/example_sensor_decorator.py took 0.335 seconds
[2024-11-08T14:57:20.535+0000] {processor.py:186} INFO - Started process (PID=3168) to work on /home/airflow/.local/lib/python3.12/site-packages/airflow/example_dags/example_sensor_decorator.py
[2024-11-08T14:57:20.537+0000] {processor.py:914} INFO - Processing file /home/airflow/.local/lib/python3.12/site-packages/airflow/example_dags/example_sensor_decorator.py for tasks to queue
[2024-11-08T14:57:20.542+0000] {logging_mixin.py:190} INFO - [2024-11-08T14:57:20.541+0000] {dagbag.py:588} INFO - Filling up the DagBag from /home/airflow/.local/lib/python3.12/site-packages/airflow/example_dags/example_sensor_decorator.py
[2024-11-08T14:57:20.551+0000] {processor.py:925} INFO - DAG(s) 'example_sensor_decorator' retrieved from /home/airflow/.local/lib/python3.12/site-packages/airflow/example_dags/example_sensor_decorator.py
[2024-11-08T14:57:20.811+0000] {logging_mixin.py:190} INFO - [2024-11-08T14:57:20.811+0000] {dag.py:3239} INFO - Sync 1 DAGs
[2024-11-08T14:57:20.826+0000] {logging_mixin.py:190} INFO - [2024-11-08T14:57:20.826+0000] {dag.py:4180} INFO - Setting next_dagrun for example_sensor_decorator to None, run_after=None
[2024-11-08T14:57:20.978+0000] {processor.py:208} INFO - Processing /home/airflow/.local/lib/python3.12/site-packages/airflow/example_dags/example_sensor_decorator.py took 0.449 seconds
[2024-11-08T14:57:51.786+0000] {processor.py:186} INFO - Started process (PID=3231) to work on /home/airflow/.local/lib/python3.12/site-packages/airflow/example_dags/example_sensor_decorator.py
[2024-11-08T14:57:51.787+0000] {processor.py:914} INFO - Processing file /home/airflow/.local/lib/python3.12/site-packages/airflow/example_dags/example_sensor_decorator.py for tasks to queue
[2024-11-08T14:57:51.790+0000] {logging_mixin.py:190} INFO - [2024-11-08T14:57:51.789+0000] {dagbag.py:588} INFO - Filling up the DagBag from /home/airflow/.local/lib/python3.12/site-packages/airflow/example_dags/example_sensor_decorator.py
[2024-11-08T14:57:51.798+0000] {processor.py:925} INFO - DAG(s) 'example_sensor_decorator' retrieved from /home/airflow/.local/lib/python3.12/site-packages/airflow/example_dags/example_sensor_decorator.py
[2024-11-08T14:57:51.821+0000] {logging_mixin.py:190} INFO - [2024-11-08T14:57:51.821+0000] {dag.py:3239} INFO - Sync 1 DAGs
[2024-11-08T14:57:51.836+0000] {logging_mixin.py:190} INFO - [2024-11-08T14:57:51.836+0000] {dag.py:4180} INFO - Setting next_dagrun for example_sensor_decorator to None, run_after=None
[2024-11-08T14:57:52.199+0000] {processor.py:208} INFO - Processing /home/airflow/.local/lib/python3.12/site-packages/airflow/example_dags/example_sensor_decorator.py took 0.420 seconds
[2024-11-08T14:58:22.499+0000] {processor.py:186} INFO - Started process (PID=3295) to work on /home/airflow/.local/lib/python3.12/site-packages/airflow/example_dags/example_sensor_decorator.py
[2024-11-08T14:58:22.500+0000] {processor.py:914} INFO - Processing file /home/airflow/.local/lib/python3.12/site-packages/airflow/example_dags/example_sensor_decorator.py for tasks to queue
[2024-11-08T14:58:22.503+0000] {logging_mixin.py:190} INFO - [2024-11-08T14:58:22.502+0000] {dagbag.py:588} INFO - Filling up the DagBag from /home/airflow/.local/lib/python3.12/site-packages/airflow/example_dags/example_sensor_decorator.py
[2024-11-08T14:58:22.511+0000] {processor.py:925} INFO - DAG(s) 'example_sensor_decorator' retrieved from /home/airflow/.local/lib/python3.12/site-packages/airflow/example_dags/example_sensor_decorator.py
[2024-11-08T14:58:22.532+0000] {logging_mixin.py:190} INFO - [2024-11-08T14:58:22.531+0000] {dag.py:3239} INFO - Sync 1 DAGs
[2024-11-08T14:58:22.546+0000] {logging_mixin.py:190} INFO - [2024-11-08T14:58:22.546+0000] {dag.py:4180} INFO - Setting next_dagrun for example_sensor_decorator to None, run_after=None
[2024-11-08T14:58:22.843+0000] {processor.py:208} INFO - Processing /home/airflow/.local/lib/python3.12/site-packages/airflow/example_dags/example_sensor_decorator.py took 0.352 seconds
[2024-11-08T14:58:52.894+0000] {processor.py:186} INFO - Started process (PID=3358) to work on /home/airflow/.local/lib/python3.12/site-packages/airflow/example_dags/example_sensor_decorator.py
[2024-11-08T14:58:52.895+0000] {processor.py:914} INFO - Processing file /home/airflow/.local/lib/python3.12/site-packages/airflow/example_dags/example_sensor_decorator.py for tasks to queue
[2024-11-08T14:58:52.898+0000] {logging_mixin.py:190} INFO - [2024-11-08T14:58:52.897+0000] {dagbag.py:588} INFO - Filling up the DagBag from /home/airflow/.local/lib/python3.12/site-packages/airflow/example_dags/example_sensor_decorator.py
[2024-11-08T14:58:52.906+0000] {processor.py:925} INFO - DAG(s) 'example_sensor_decorator' retrieved from /home/airflow/.local/lib/python3.12/site-packages/airflow/example_dags/example_sensor_decorator.py
[2024-11-08T14:58:52.925+0000] {logging_mixin.py:190} INFO - [2024-11-08T14:58:52.925+0000] {dag.py:3239} INFO - Sync 1 DAGs
[2024-11-08T14:58:52.940+0000] {logging_mixin.py:190} INFO - [2024-11-08T14:58:52.939+0000] {dag.py:4180} INFO - Setting next_dagrun for example_sensor_decorator to None, run_after=None
[2024-11-08T14:58:52.979+0000] {processor.py:208} INFO - Processing /home/airflow/.local/lib/python3.12/site-packages/airflow/example_dags/example_sensor_decorator.py took 0.091 seconds
[2024-11-08T14:59:23.019+0000] {processor.py:186} INFO - Started process (PID=3421) to work on /home/airflow/.local/lib/python3.12/site-packages/airflow/example_dags/example_sensor_decorator.py
[2024-11-08T14:59:23.021+0000] {processor.py:914} INFO - Processing file /home/airflow/.local/lib/python3.12/site-packages/airflow/example_dags/example_sensor_decorator.py for tasks to queue
[2024-11-08T14:59:23.023+0000] {logging_mixin.py:190} INFO - [2024-11-08T14:59:23.023+0000] {dagbag.py:588} INFO - Filling up the DagBag from /home/airflow/.local/lib/python3.12/site-packages/airflow/example_dags/example_sensor_decorator.py
[2024-11-08T14:59:23.031+0000] {processor.py:925} INFO - DAG(s) 'example_sensor_decorator' retrieved from /home/airflow/.local/lib/python3.12/site-packages/airflow/example_dags/example_sensor_decorator.py
[2024-11-08T14:59:23.051+0000] {logging_mixin.py:190} INFO - [2024-11-08T14:59:23.051+0000] {dag.py:3239} INFO - Sync 1 DAGs
[2024-11-08T14:59:23.065+0000] {logging_mixin.py:190} INFO - [2024-11-08T14:59:23.065+0000] {dag.py:4180} INFO - Setting next_dagrun for example_sensor_decorator to None, run_after=None
[2024-11-08T14:59:23.143+0000] {processor.py:208} INFO - Processing /home/airflow/.local/lib/python3.12/site-packages/airflow/example_dags/example_sensor_decorator.py took 0.130 seconds
[2024-11-08T14:59:53.367+0000] {processor.py:186} INFO - Started process (PID=3482) to work on /home/airflow/.local/lib/python3.12/site-packages/airflow/example_dags/example_sensor_decorator.py
[2024-11-08T14:59:53.368+0000] {processor.py:914} INFO - Processing file /home/airflow/.local/lib/python3.12/site-packages/airflow/example_dags/example_sensor_decorator.py for tasks to queue
[2024-11-08T14:59:53.371+0000] {logging_mixin.py:190} INFO - [2024-11-08T14:59:53.371+0000] {dagbag.py:588} INFO - Filling up the DagBag from /home/airflow/.local/lib/python3.12/site-packages/airflow/example_dags/example_sensor_decorator.py
[2024-11-08T14:59:53.380+0000] {processor.py:925} INFO - DAG(s) 'example_sensor_decorator' retrieved from /home/airflow/.local/lib/python3.12/site-packages/airflow/example_dags/example_sensor_decorator.py
[2024-11-08T14:59:53.403+0000] {logging_mixin.py:190} INFO - [2024-11-08T14:59:53.403+0000] {dag.py:3239} INFO - Sync 1 DAGs
[2024-11-08T14:59:53.418+0000] {logging_mixin.py:190} INFO - [2024-11-08T14:59:53.417+0000] {dag.py:4180} INFO - Setting next_dagrun for example_sensor_decorator to None, run_after=None
[2024-11-08T14:59:53.458+0000] {processor.py:208} INFO - Processing /home/airflow/.local/lib/python3.12/site-packages/airflow/example_dags/example_sensor_decorator.py took 0.097 seconds
[2024-11-08T15:00:23.548+0000] {processor.py:186} INFO - Started process (PID=3545) to work on /home/airflow/.local/lib/python3.12/site-packages/airflow/example_dags/example_sensor_decorator.py
[2024-11-08T15:00:23.549+0000] {processor.py:914} INFO - Processing file /home/airflow/.local/lib/python3.12/site-packages/airflow/example_dags/example_sensor_decorator.py for tasks to queue
[2024-11-08T15:00:23.552+0000] {logging_mixin.py:190} INFO - [2024-11-08T15:00:23.551+0000] {dagbag.py:588} INFO - Filling up the DagBag from /home/airflow/.local/lib/python3.12/site-packages/airflow/example_dags/example_sensor_decorator.py
[2024-11-08T15:00:23.560+0000] {processor.py:925} INFO - DAG(s) 'example_sensor_decorator' retrieved from /home/airflow/.local/lib/python3.12/site-packages/airflow/example_dags/example_sensor_decorator.py
[2024-11-08T15:00:23.580+0000] {logging_mixin.py:190} INFO - [2024-11-08T15:00:23.580+0000] {dag.py:3239} INFO - Sync 1 DAGs
[2024-11-08T15:00:23.594+0000] {logging_mixin.py:190} INFO - [2024-11-08T15:00:23.594+0000] {dag.py:4180} INFO - Setting next_dagrun for example_sensor_decorator to None, run_after=None
[2024-11-08T15:00:23.632+0000] {processor.py:208} INFO - Processing /home/airflow/.local/lib/python3.12/site-packages/airflow/example_dags/example_sensor_decorator.py took 0.089 seconds
[2024-11-08T15:00:54.270+0000] {processor.py:186} INFO - Started process (PID=3608) to work on /home/airflow/.local/lib/python3.12/site-packages/airflow/example_dags/example_sensor_decorator.py
[2024-11-08T15:00:54.271+0000] {processor.py:914} INFO - Processing file /home/airflow/.local/lib/python3.12/site-packages/airflow/example_dags/example_sensor_decorator.py for tasks to queue
[2024-11-08T15:00:54.274+0000] {logging_mixin.py:190} INFO - [2024-11-08T15:00:54.273+0000] {dagbag.py:588} INFO - Filling up the DagBag from /home/airflow/.local/lib/python3.12/site-packages/airflow/example_dags/example_sensor_decorator.py
[2024-11-08T15:00:54.282+0000] {processor.py:925} INFO - DAG(s) 'example_sensor_decorator' retrieved from /home/airflow/.local/lib/python3.12/site-packages/airflow/example_dags/example_sensor_decorator.py
[2024-11-08T15:00:54.301+0000] {logging_mixin.py:190} INFO - [2024-11-08T15:00:54.301+0000] {dag.py:3239} INFO - Sync 1 DAGs
[2024-11-08T15:00:54.316+0000] {logging_mixin.py:190} INFO - [2024-11-08T15:00:54.315+0000] {dag.py:4180} INFO - Setting next_dagrun for example_sensor_decorator to None, run_after=None
[2024-11-08T15:00:54.393+0000] {processor.py:208} INFO - Processing /home/airflow/.local/lib/python3.12/site-packages/airflow/example_dags/example_sensor_decorator.py took 0.129 seconds
[2024-11-08T15:01:24.878+0000] {processor.py:186} INFO - Started process (PID=3669) to work on /home/airflow/.local/lib/python3.12/site-packages/airflow/example_dags/example_sensor_decorator.py
[2024-11-08T15:01:24.879+0000] {processor.py:914} INFO - Processing file /home/airflow/.local/lib/python3.12/site-packages/airflow/example_dags/example_sensor_decorator.py for tasks to queue
[2024-11-08T15:01:24.883+0000] {logging_mixin.py:190} INFO - [2024-11-08T15:01:24.882+0000] {dagbag.py:588} INFO - Filling up the DagBag from /home/airflow/.local/lib/python3.12/site-packages/airflow/example_dags/example_sensor_decorator.py
[2024-11-08T15:01:24.891+0000] {processor.py:925} INFO - DAG(s) 'example_sensor_decorator' retrieved from /home/airflow/.local/lib/python3.12/site-packages/airflow/example_dags/example_sensor_decorator.py
[2024-11-08T15:01:24.913+0000] {logging_mixin.py:190} INFO - [2024-11-08T15:01:24.912+0000] {dag.py:3239} INFO - Sync 1 DAGs
[2024-11-08T15:01:24.927+0000] {logging_mixin.py:190} INFO - [2024-11-08T15:01:24.927+0000] {dag.py:4180} INFO - Setting next_dagrun for example_sensor_decorator to None, run_after=None
[2024-11-08T15:01:25.001+0000] {processor.py:208} INFO - Processing /home/airflow/.local/lib/python3.12/site-packages/airflow/example_dags/example_sensor_decorator.py took 0.130 seconds
