[2024-11-08T14:32:06.074+0000] {processor.py:186} INFO - Started process (PID=83) to work on /home/airflow/.local/lib/python3.12/site-packages/airflow/example_dags/example_inlet_event_extra.py
[2024-11-08T14:32:06.075+0000] {processor.py:914} INFO - Processing file /home/airflow/.local/lib/python3.12/site-packages/airflow/example_dags/example_inlet_event_extra.py for tasks to queue
[2024-11-08T14:32:06.078+0000] {logging_mixin.py:190} INFO - [2024-11-08T14:32:06.077+0000] {dagbag.py:588} INFO - Filling up the DagBag from /home/airflow/.local/lib/python3.12/site-packages/airflow/example_dags/example_inlet_event_extra.py
[2024-11-08T14:32:06.997+0000] {processor.py:925} INFO - DAG(s) 'read_dataset_event', 'read_dataset_event_from_classic' retrieved from /home/airflow/.local/lib/python3.12/site-packages/airflow/example_dags/example_inlet_event_extra.py
[2024-11-08T14:32:07.115+0000] {logging_mixin.py:190} INFO - [2024-11-08T14:32:07.114+0000] {override.py:1911} INFO - Created Permission View: can delete on DAG:read_dataset_event
[2024-11-08T14:32:07.138+0000] {logging_mixin.py:190} INFO - [2024-11-08T14:32:07.137+0000] {override.py:1911} INFO - Created Permission View: can edit on DAG:read_dataset_event
[2024-11-08T14:32:07.149+0000] {logging_mixin.py:190} INFO - [2024-11-08T14:32:07.149+0000] {override.py:1911} INFO - Created Permission View: can read on DAG:read_dataset_event
[2024-11-08T14:32:07.164+0000] {logging_mixin.py:190} INFO - [2024-11-08T14:32:07.164+0000] {override.py:1911} INFO - Created Permission View: can create on DAG Run:read_dataset_event
[2024-11-08T14:32:07.177+0000] {logging_mixin.py:190} INFO - [2024-11-08T14:32:07.176+0000] {override.py:1911} INFO - Created Permission View: menu access on DAG Run:read_dataset_event
[2024-11-08T14:32:07.190+0000] {logging_mixin.py:190} INFO - [2024-11-08T14:32:07.189+0000] {override.py:1911} INFO - Created Permission View: can delete on DAG Run:read_dataset_event
[2024-11-08T14:32:07.201+0000] {logging_mixin.py:190} INFO - [2024-11-08T14:32:07.200+0000] {override.py:1911} INFO - Created Permission View: can read on DAG Run:read_dataset_event
[2024-11-08T14:32:07.222+0000] {logging_mixin.py:190} INFO - [2024-11-08T14:32:07.222+0000] {override.py:1911} INFO - Created Permission View: can delete on DAG:read_dataset_event_from_classic
[2024-11-08T14:32:07.236+0000] {logging_mixin.py:190} INFO - [2024-11-08T14:32:07.235+0000] {override.py:1911} INFO - Created Permission View: can edit on DAG:read_dataset_event_from_classic
[2024-11-08T14:32:07.246+0000] {logging_mixin.py:190} INFO - [2024-11-08T14:32:07.246+0000] {override.py:1911} INFO - Created Permission View: can read on DAG:read_dataset_event_from_classic
[2024-11-08T14:32:07.259+0000] {logging_mixin.py:190} INFO - [2024-11-08T14:32:07.259+0000] {override.py:1911} INFO - Created Permission View: can create on DAG Run:read_dataset_event_from_classic
[2024-11-08T14:32:07.273+0000] {logging_mixin.py:190} INFO - [2024-11-08T14:32:07.273+0000] {override.py:1911} INFO - Created Permission View: menu access on DAG Run:read_dataset_event_from_classic
[2024-11-08T14:32:07.287+0000] {logging_mixin.py:190} INFO - [2024-11-08T14:32:07.287+0000] {override.py:1911} INFO - Created Permission View: can delete on DAG Run:read_dataset_event_from_classic
[2024-11-08T14:32:07.302+0000] {logging_mixin.py:190} INFO - [2024-11-08T14:32:07.302+0000] {override.py:1911} INFO - Created Permission View: can read on DAG Run:read_dataset_event_from_classic
[2024-11-08T14:32:07.303+0000] {logging_mixin.py:190} INFO - [2024-11-08T14:32:07.303+0000] {dag.py:3239} INFO - Sync 2 DAGs
[2024-11-08T14:32:07.317+0000] {logging_mixin.py:190} INFO - [2024-11-08T14:32:07.317+0000] {dag.py:3262} INFO - Creating ORM DAG for read_dataset_event
[2024-11-08T14:32:07.318+0000] {logging_mixin.py:190} INFO - [2024-11-08T14:32:07.318+0000] {dag.py:3262} INFO - Creating ORM DAG for read_dataset_event_from_classic
[2024-11-08T14:32:07.330+0000] {logging_mixin.py:190} INFO - [2024-11-08T14:32:07.330+0000] {dag.py:4180} INFO - Setting next_dagrun for read_dataset_event to 2024-11-07 00:00:00+00:00, run_after=2024-11-08 00:00:00+00:00
[2024-11-08T14:32:07.333+0000] {logging_mixin.py:190} INFO - [2024-11-08T14:32:07.333+0000] {dag.py:4180} INFO - Setting next_dagrun for read_dataset_event_from_classic to 2024-11-07 00:00:00+00:00, run_after=2024-11-08 00:00:00+00:00
[2024-11-08T14:32:07.366+0000] {processor.py:208} INFO - Processing /home/airflow/.local/lib/python3.12/site-packages/airflow/example_dags/example_inlet_event_extra.py took 1.301 seconds
[2024-11-08T14:32:38.908+0000] {processor.py:186} INFO - Started process (PID=146) to work on /home/airflow/.local/lib/python3.12/site-packages/airflow/example_dags/example_inlet_event_extra.py
[2024-11-08T14:32:38.910+0000] {processor.py:914} INFO - Processing file /home/airflow/.local/lib/python3.12/site-packages/airflow/example_dags/example_inlet_event_extra.py for tasks to queue
[2024-11-08T14:32:38.913+0000] {logging_mixin.py:190} INFO - [2024-11-08T14:32:38.912+0000] {dagbag.py:588} INFO - Filling up the DagBag from /home/airflow/.local/lib/python3.12/site-packages/airflow/example_dags/example_inlet_event_extra.py
[2024-11-08T14:32:39.714+0000] {processor.py:925} INFO - DAG(s) 'read_dataset_event_from_classic', 'read_dataset_event' retrieved from /home/airflow/.local/lib/python3.12/site-packages/airflow/example_dags/example_inlet_event_extra.py
[2024-11-08T14:32:39.739+0000] {logging_mixin.py:190} INFO - [2024-11-08T14:32:39.738+0000] {dag.py:3239} INFO - Sync 2 DAGs
[2024-11-08T14:32:39.768+0000] {logging_mixin.py:190} INFO - [2024-11-08T14:32:39.767+0000] {dag.py:4180} INFO - Setting next_dagrun for read_dataset_event to 2024-11-07 00:00:00+00:00, run_after=2024-11-08 00:00:00+00:00
[2024-11-08T14:32:39.774+0000] {logging_mixin.py:190} INFO - [2024-11-08T14:32:39.773+0000] {dag.py:4180} INFO - Setting next_dagrun for read_dataset_event_from_classic to 2024-11-07 00:00:00+00:00, run_after=2024-11-08 00:00:00+00:00
[2024-11-08T14:32:39.795+0000] {processor.py:208} INFO - Processing /home/airflow/.local/lib/python3.12/site-packages/airflow/example_dags/example_inlet_event_extra.py took 0.892 seconds
[2024-11-08T14:33:10.247+0000] {processor.py:186} INFO - Started process (PID=209) to work on /home/airflow/.local/lib/python3.12/site-packages/airflow/example_dags/example_inlet_event_extra.py
[2024-11-08T14:33:10.248+0000] {processor.py:914} INFO - Processing file /home/airflow/.local/lib/python3.12/site-packages/airflow/example_dags/example_inlet_event_extra.py for tasks to queue
[2024-11-08T14:33:10.251+0000] {logging_mixin.py:190} INFO - [2024-11-08T14:33:10.250+0000] {dagbag.py:588} INFO - Filling up the DagBag from /home/airflow/.local/lib/python3.12/site-packages/airflow/example_dags/example_inlet_event_extra.py
[2024-11-08T14:33:10.946+0000] {processor.py:925} INFO - DAG(s) 'read_dataset_event_from_classic', 'read_dataset_event' retrieved from /home/airflow/.local/lib/python3.12/site-packages/airflow/example_dags/example_inlet_event_extra.py
[2024-11-08T14:33:10.969+0000] {logging_mixin.py:190} INFO - [2024-11-08T14:33:10.969+0000] {dag.py:3239} INFO - Sync 2 DAGs
[2024-11-08T14:33:10.994+0000] {logging_mixin.py:190} INFO - [2024-11-08T14:33:10.994+0000] {dag.py:4180} INFO - Setting next_dagrun for read_dataset_event to 2024-11-07 00:00:00+00:00, run_after=2024-11-08 00:00:00+00:00
[2024-11-08T14:33:11.000+0000] {logging_mixin.py:190} INFO - [2024-11-08T14:33:10.999+0000] {dag.py:4180} INFO - Setting next_dagrun for read_dataset_event_from_classic to 2024-11-07 00:00:00+00:00, run_after=2024-11-08 00:00:00+00:00
[2024-11-08T14:33:11.146+0000] {processor.py:208} INFO - Processing /home/airflow/.local/lib/python3.12/site-packages/airflow/example_dags/example_inlet_event_extra.py took 0.905 seconds
[2024-11-08T14:33:42.809+0000] {processor.py:186} INFO - Started process (PID=273) to work on /home/airflow/.local/lib/python3.12/site-packages/airflow/example_dags/example_inlet_event_extra.py
[2024-11-08T14:33:42.810+0000] {processor.py:914} INFO - Processing file /home/airflow/.local/lib/python3.12/site-packages/airflow/example_dags/example_inlet_event_extra.py for tasks to queue
[2024-11-08T14:33:42.812+0000] {logging_mixin.py:190} INFO - [2024-11-08T14:33:42.812+0000] {dagbag.py:588} INFO - Filling up the DagBag from /home/airflow/.local/lib/python3.12/site-packages/airflow/example_dags/example_inlet_event_extra.py
[2024-11-08T14:33:43.872+0000] {processor.py:925} INFO - DAG(s) 'read_dataset_event_from_classic', 'read_dataset_event' retrieved from /home/airflow/.local/lib/python3.12/site-packages/airflow/example_dags/example_inlet_event_extra.py
[2024-11-08T14:33:43.895+0000] {logging_mixin.py:190} INFO - [2024-11-08T14:33:43.895+0000] {dag.py:3239} INFO - Sync 2 DAGs
[2024-11-08T14:33:43.923+0000] {logging_mixin.py:190} INFO - [2024-11-08T14:33:43.923+0000] {dag.py:4180} INFO - Setting next_dagrun for read_dataset_event to 2024-11-07 00:00:00+00:00, run_after=2024-11-08 00:00:00+00:00
[2024-11-08T14:33:43.929+0000] {logging_mixin.py:190} INFO - [2024-11-08T14:33:43.929+0000] {dag.py:4180} INFO - Setting next_dagrun for read_dataset_event_from_classic to 2024-11-07 00:00:00+00:00, run_after=2024-11-08 00:00:00+00:00
[2024-11-08T14:33:44.037+0000] {processor.py:208} INFO - Processing /home/airflow/.local/lib/python3.12/site-packages/airflow/example_dags/example_inlet_event_extra.py took 1.234 seconds
[2024-11-08T14:34:14.229+0000] {processor.py:186} INFO - Started process (PID=342) to work on /home/airflow/.local/lib/python3.12/site-packages/airflow/example_dags/example_inlet_event_extra.py
[2024-11-08T14:34:14.230+0000] {processor.py:914} INFO - Processing file /home/airflow/.local/lib/python3.12/site-packages/airflow/example_dags/example_inlet_event_extra.py for tasks to queue
[2024-11-08T14:34:14.233+0000] {logging_mixin.py:190} INFO - [2024-11-08T14:34:14.233+0000] {dagbag.py:588} INFO - Filling up the DagBag from /home/airflow/.local/lib/python3.12/site-packages/airflow/example_dags/example_inlet_event_extra.py
[2024-11-08T14:34:14.951+0000] {processor.py:925} INFO - DAG(s) 'read_dataset_event_from_classic', 'read_dataset_event' retrieved from /home/airflow/.local/lib/python3.12/site-packages/airflow/example_dags/example_inlet_event_extra.py
[2024-11-08T14:34:14.973+0000] {logging_mixin.py:190} INFO - [2024-11-08T14:34:14.972+0000] {dag.py:3239} INFO - Sync 2 DAGs
[2024-11-08T14:34:15.002+0000] {logging_mixin.py:190} INFO - [2024-11-08T14:34:15.002+0000] {dag.py:4180} INFO - Setting next_dagrun for read_dataset_event to 2024-11-07 00:00:00+00:00, run_after=2024-11-08 00:00:00+00:00
[2024-11-08T14:34:15.009+0000] {logging_mixin.py:190} INFO - [2024-11-08T14:34:15.008+0000] {dag.py:4180} INFO - Setting next_dagrun for read_dataset_event_from_classic to 2024-11-07 00:00:00+00:00, run_after=2024-11-08 00:00:00+00:00
[2024-11-08T14:34:15.248+0000] {processor.py:208} INFO - Processing /home/airflow/.local/lib/python3.12/site-packages/airflow/example_dags/example_inlet_event_extra.py took 1.025 seconds
[2024-11-08T14:34:45.843+0000] {processor.py:186} INFO - Started process (PID=406) to work on /home/airflow/.local/lib/python3.12/site-packages/airflow/example_dags/example_inlet_event_extra.py
[2024-11-08T14:34:45.845+0000] {processor.py:914} INFO - Processing file /home/airflow/.local/lib/python3.12/site-packages/airflow/example_dags/example_inlet_event_extra.py for tasks to queue
[2024-11-08T14:34:45.847+0000] {logging_mixin.py:190} INFO - [2024-11-08T14:34:45.847+0000] {dagbag.py:588} INFO - Filling up the DagBag from /home/airflow/.local/lib/python3.12/site-packages/airflow/example_dags/example_inlet_event_extra.py
[2024-11-08T14:34:46.736+0000] {processor.py:925} INFO - DAG(s) 'read_dataset_event', 'read_dataset_event_from_classic' retrieved from /home/airflow/.local/lib/python3.12/site-packages/airflow/example_dags/example_inlet_event_extra.py
[2024-11-08T14:34:46.769+0000] {logging_mixin.py:190} INFO - [2024-11-08T14:34:46.769+0000] {dag.py:3239} INFO - Sync 2 DAGs
[2024-11-08T14:34:46.798+0000] {logging_mixin.py:190} INFO - [2024-11-08T14:34:46.798+0000] {dag.py:4180} INFO - Setting next_dagrun for read_dataset_event to 2024-11-07 00:00:00+00:00, run_after=2024-11-08 00:00:00+00:00
[2024-11-08T14:34:46.805+0000] {logging_mixin.py:190} INFO - [2024-11-08T14:34:46.805+0000] {dag.py:4180} INFO - Setting next_dagrun for read_dataset_event_from_classic to 2024-11-07 00:00:00+00:00, run_after=2024-11-08 00:00:00+00:00
[2024-11-08T14:34:46.826+0000] {processor.py:208} INFO - Processing /home/airflow/.local/lib/python3.12/site-packages/airflow/example_dags/example_inlet_event_extra.py took 0.989 seconds
[2024-11-08T14:35:17.473+0000] {processor.py:186} INFO - Started process (PID=461) to work on /home/airflow/.local/lib/python3.12/site-packages/airflow/example_dags/example_inlet_event_extra.py
[2024-11-08T14:35:17.474+0000] {processor.py:914} INFO - Processing file /home/airflow/.local/lib/python3.12/site-packages/airflow/example_dags/example_inlet_event_extra.py for tasks to queue
[2024-11-08T14:35:17.477+0000] {logging_mixin.py:190} INFO - [2024-11-08T14:35:17.476+0000] {dagbag.py:588} INFO - Filling up the DagBag from /home/airflow/.local/lib/python3.12/site-packages/airflow/example_dags/example_inlet_event_extra.py
[2024-11-08T14:35:19.321+0000] {processor.py:925} INFO - DAG(s) 'read_dataset_event_from_classic', 'read_dataset_event' retrieved from /home/airflow/.local/lib/python3.12/site-packages/airflow/example_dags/example_inlet_event_extra.py
[2024-11-08T14:35:19.392+0000] {logging_mixin.py:190} INFO - [2024-11-08T14:35:19.392+0000] {dag.py:3239} INFO - Sync 2 DAGs
[2024-11-08T14:35:19.461+0000] {logging_mixin.py:190} INFO - [2024-11-08T14:35:19.461+0000] {dag.py:4180} INFO - Setting next_dagrun for read_dataset_event to 2024-11-07 00:00:00+00:00, run_after=2024-11-08 00:00:00+00:00
[2024-11-08T14:35:19.479+0000] {logging_mixin.py:190} INFO - [2024-11-08T14:35:19.479+0000] {dag.py:4180} INFO - Setting next_dagrun for read_dataset_event_from_classic to 2024-11-07 00:00:00+00:00, run_after=2024-11-08 00:00:00+00:00
[2024-11-08T14:35:19.528+0000] {processor.py:208} INFO - Processing /home/airflow/.local/lib/python3.12/site-packages/airflow/example_dags/example_inlet_event_extra.py took 2.081 seconds
[2024-11-08T14:35:49.616+0000] {processor.py:186} INFO - Started process (PID=524) to work on /home/airflow/.local/lib/python3.12/site-packages/airflow/example_dags/example_inlet_event_extra.py
[2024-11-08T14:35:49.853+0000] {processor.py:914} INFO - Processing file /home/airflow/.local/lib/python3.12/site-packages/airflow/example_dags/example_inlet_event_extra.py for tasks to queue
[2024-11-08T14:35:49.856+0000] {logging_mixin.py:190} INFO - [2024-11-08T14:35:49.856+0000] {dagbag.py:588} INFO - Filling up the DagBag from /home/airflow/.local/lib/python3.12/site-packages/airflow/example_dags/example_inlet_event_extra.py
[2024-11-08T14:35:50.572+0000] {processor.py:925} INFO - DAG(s) 'read_dataset_event', 'read_dataset_event_from_classic' retrieved from /home/airflow/.local/lib/python3.12/site-packages/airflow/example_dags/example_inlet_event_extra.py
[2024-11-08T14:35:50.593+0000] {logging_mixin.py:190} INFO - [2024-11-08T14:35:50.593+0000] {dag.py:3239} INFO - Sync 2 DAGs
[2024-11-08T14:35:50.621+0000] {logging_mixin.py:190} INFO - [2024-11-08T14:35:50.621+0000] {dag.py:4180} INFO - Setting next_dagrun for read_dataset_event to 2024-11-07 00:00:00+00:00, run_after=2024-11-08 00:00:00+00:00
[2024-11-08T14:35:50.627+0000] {logging_mixin.py:190} INFO - [2024-11-08T14:35:50.627+0000] {dag.py:4180} INFO - Setting next_dagrun for read_dataset_event_from_classic to 2024-11-07 00:00:00+00:00, run_after=2024-11-08 00:00:00+00:00
[2024-11-08T14:35:50.661+0000] {processor.py:208} INFO - Processing /home/airflow/.local/lib/python3.12/site-packages/airflow/example_dags/example_inlet_event_extra.py took 1.052 seconds
[2024-11-08T14:36:20.846+0000] {processor.py:186} INFO - Started process (PID=590) to work on /home/airflow/.local/lib/python3.12/site-packages/airflow/example_dags/example_inlet_event_extra.py
[2024-11-08T14:36:20.848+0000] {processor.py:914} INFO - Processing file /home/airflow/.local/lib/python3.12/site-packages/airflow/example_dags/example_inlet_event_extra.py for tasks to queue
[2024-11-08T14:36:20.851+0000] {logging_mixin.py:190} INFO - [2024-11-08T14:36:20.850+0000] {dagbag.py:588} INFO - Filling up the DagBag from /home/airflow/.local/lib/python3.12/site-packages/airflow/example_dags/example_inlet_event_extra.py
[2024-11-08T14:36:21.516+0000] {processor.py:925} INFO - DAG(s) 'read_dataset_event_from_classic', 'read_dataset_event' retrieved from /home/airflow/.local/lib/python3.12/site-packages/airflow/example_dags/example_inlet_event_extra.py
[2024-11-08T14:36:21.539+0000] {logging_mixin.py:190} INFO - [2024-11-08T14:36:21.539+0000] {dag.py:3239} INFO - Sync 2 DAGs
[2024-11-08T14:36:21.566+0000] {logging_mixin.py:190} INFO - [2024-11-08T14:36:21.566+0000] {dag.py:4180} INFO - Setting next_dagrun for read_dataset_event to 2024-11-07 00:00:00+00:00, run_after=2024-11-08 00:00:00+00:00
[2024-11-08T14:36:21.572+0000] {logging_mixin.py:190} INFO - [2024-11-08T14:36:21.572+0000] {dag.py:4180} INFO - Setting next_dagrun for read_dataset_event_from_classic to 2024-11-07 00:00:00+00:00, run_after=2024-11-08 00:00:00+00:00
[2024-11-08T14:36:21.596+0000] {processor.py:208} INFO - Processing /home/airflow/.local/lib/python3.12/site-packages/airflow/example_dags/example_inlet_event_extra.py took 0.757 seconds
[2024-11-08T14:36:52.101+0000] {processor.py:186} INFO - Started process (PID=656) to work on /home/airflow/.local/lib/python3.12/site-packages/airflow/example_dags/example_inlet_event_extra.py
[2024-11-08T14:36:52.102+0000] {processor.py:914} INFO - Processing file /home/airflow/.local/lib/python3.12/site-packages/airflow/example_dags/example_inlet_event_extra.py for tasks to queue
[2024-11-08T14:36:52.104+0000] {logging_mixin.py:190} INFO - [2024-11-08T14:36:52.104+0000] {dagbag.py:588} INFO - Filling up the DagBag from /home/airflow/.local/lib/python3.12/site-packages/airflow/example_dags/example_inlet_event_extra.py
[2024-11-08T14:36:52.671+0000] {processor.py:925} INFO - DAG(s) 'read_dataset_event', 'read_dataset_event_from_classic' retrieved from /home/airflow/.local/lib/python3.12/site-packages/airflow/example_dags/example_inlet_event_extra.py
[2024-11-08T14:36:52.692+0000] {logging_mixin.py:190} INFO - [2024-11-08T14:36:52.692+0000] {dag.py:3239} INFO - Sync 2 DAGs
[2024-11-08T14:36:52.716+0000] {logging_mixin.py:190} INFO - [2024-11-08T14:36:52.715+0000] {dag.py:4180} INFO - Setting next_dagrun for read_dataset_event to 2024-11-07 00:00:00+00:00, run_after=2024-11-08 00:00:00+00:00
[2024-11-08T14:36:52.721+0000] {logging_mixin.py:190} INFO - [2024-11-08T14:36:52.721+0000] {dag.py:4180} INFO - Setting next_dagrun for read_dataset_event_from_classic to 2024-11-07 00:00:00+00:00, run_after=2024-11-08 00:00:00+00:00
[2024-11-08T14:36:52.891+0000] {processor.py:208} INFO - Processing /home/airflow/.local/lib/python3.12/site-packages/airflow/example_dags/example_inlet_event_extra.py took 0.796 seconds
[2024-11-08T14:37:23.151+0000] {processor.py:186} INFO - Started process (PID=719) to work on /home/airflow/.local/lib/python3.12/site-packages/airflow/example_dags/example_inlet_event_extra.py
[2024-11-08T14:37:23.153+0000] {processor.py:914} INFO - Processing file /home/airflow/.local/lib/python3.12/site-packages/airflow/example_dags/example_inlet_event_extra.py for tasks to queue
[2024-11-08T14:37:23.156+0000] {logging_mixin.py:190} INFO - [2024-11-08T14:37:23.155+0000] {dagbag.py:588} INFO - Filling up the DagBag from /home/airflow/.local/lib/python3.12/site-packages/airflow/example_dags/example_inlet_event_extra.py
[2024-11-08T14:37:23.750+0000] {processor.py:925} INFO - DAG(s) 'read_dataset_event_from_classic', 'read_dataset_event' retrieved from /home/airflow/.local/lib/python3.12/site-packages/airflow/example_dags/example_inlet_event_extra.py
[2024-11-08T14:37:23.771+0000] {logging_mixin.py:190} INFO - [2024-11-08T14:37:23.771+0000] {dag.py:3239} INFO - Sync 2 DAGs
[2024-11-08T14:37:23.794+0000] {logging_mixin.py:190} INFO - [2024-11-08T14:37:23.794+0000] {dag.py:4180} INFO - Setting next_dagrun for read_dataset_event to 2024-11-07 00:00:00+00:00, run_after=2024-11-08 00:00:00+00:00
[2024-11-08T14:37:23.799+0000] {logging_mixin.py:190} INFO - [2024-11-08T14:37:23.799+0000] {dag.py:4180} INFO - Setting next_dagrun for read_dataset_event_from_classic to 2024-11-07 00:00:00+00:00, run_after=2024-11-08 00:00:00+00:00
[2024-11-08T14:37:23.895+0000] {processor.py:208} INFO - Processing /home/airflow/.local/lib/python3.12/site-packages/airflow/example_dags/example_inlet_event_extra.py took 0.750 seconds
[2024-11-08T14:37:53.972+0000] {processor.py:186} INFO - Started process (PID=784) to work on /home/airflow/.local/lib/python3.12/site-packages/airflow/example_dags/example_inlet_event_extra.py
[2024-11-08T14:37:53.973+0000] {processor.py:914} INFO - Processing file /home/airflow/.local/lib/python3.12/site-packages/airflow/example_dags/example_inlet_event_extra.py for tasks to queue
[2024-11-08T14:37:53.976+0000] {logging_mixin.py:190} INFO - [2024-11-08T14:37:53.975+0000] {dagbag.py:588} INFO - Filling up the DagBag from /home/airflow/.local/lib/python3.12/site-packages/airflow/example_dags/example_inlet_event_extra.py
[2024-11-08T14:37:54.589+0000] {processor.py:925} INFO - DAG(s) 'read_dataset_event_from_classic', 'read_dataset_event' retrieved from /home/airflow/.local/lib/python3.12/site-packages/airflow/example_dags/example_inlet_event_extra.py
[2024-11-08T14:37:54.622+0000] {logging_mixin.py:190} INFO - [2024-11-08T14:37:54.622+0000] {dag.py:3239} INFO - Sync 2 DAGs
[2024-11-08T14:37:54.656+0000] {logging_mixin.py:190} INFO - [2024-11-08T14:37:54.656+0000] {dag.py:4180} INFO - Setting next_dagrun for read_dataset_event to 2024-11-07 00:00:00+00:00, run_after=2024-11-08 00:00:00+00:00
[2024-11-08T14:37:54.662+0000] {logging_mixin.py:190} INFO - [2024-11-08T14:37:54.662+0000] {dag.py:4180} INFO - Setting next_dagrun for read_dataset_event_from_classic to 2024-11-07 00:00:00+00:00, run_after=2024-11-08 00:00:00+00:00
[2024-11-08T14:37:54.863+0000] {processor.py:208} INFO - Processing /home/airflow/.local/lib/python3.12/site-packages/airflow/example_dags/example_inlet_event_extra.py took 0.898 seconds
[2024-11-08T14:38:24.922+0000] {processor.py:186} INFO - Started process (PID=847) to work on /home/airflow/.local/lib/python3.12/site-packages/airflow/example_dags/example_inlet_event_extra.py
[2024-11-08T14:38:24.923+0000] {processor.py:914} INFO - Processing file /home/airflow/.local/lib/python3.12/site-packages/airflow/example_dags/example_inlet_event_extra.py for tasks to queue
[2024-11-08T14:38:24.927+0000] {logging_mixin.py:190} INFO - [2024-11-08T14:38:24.926+0000] {dagbag.py:588} INFO - Filling up the DagBag from /home/airflow/.local/lib/python3.12/site-packages/airflow/example_dags/example_inlet_event_extra.py
[2024-11-08T14:38:25.499+0000] {processor.py:925} INFO - DAG(s) 'read_dataset_event', 'read_dataset_event_from_classic' retrieved from /home/airflow/.local/lib/python3.12/site-packages/airflow/example_dags/example_inlet_event_extra.py
[2024-11-08T14:38:25.517+0000] {logging_mixin.py:190} INFO - [2024-11-08T14:38:25.517+0000] {dag.py:3239} INFO - Sync 2 DAGs
[2024-11-08T14:38:25.541+0000] {logging_mixin.py:190} INFO - [2024-11-08T14:38:25.540+0000] {dag.py:4180} INFO - Setting next_dagrun for read_dataset_event to 2024-11-07 00:00:00+00:00, run_after=2024-11-08 00:00:00+00:00
[2024-11-08T14:38:25.546+0000] {logging_mixin.py:190} INFO - [2024-11-08T14:38:25.545+0000] {dag.py:4180} INFO - Setting next_dagrun for read_dataset_event_from_classic to 2024-11-07 00:00:00+00:00, run_after=2024-11-08 00:00:00+00:00
[2024-11-08T14:38:25.708+0000] {processor.py:208} INFO - Processing /home/airflow/.local/lib/python3.12/site-packages/airflow/example_dags/example_inlet_event_extra.py took 0.792 seconds
[2024-11-08T14:38:56.361+0000] {processor.py:186} INFO - Started process (PID=917) to work on /home/airflow/.local/lib/python3.12/site-packages/airflow/example_dags/example_inlet_event_extra.py
[2024-11-08T14:38:56.362+0000] {processor.py:914} INFO - Processing file /home/airflow/.local/lib/python3.12/site-packages/airflow/example_dags/example_inlet_event_extra.py for tasks to queue
[2024-11-08T14:38:56.365+0000] {logging_mixin.py:190} INFO - [2024-11-08T14:38:56.364+0000] {dagbag.py:588} INFO - Filling up the DagBag from /home/airflow/.local/lib/python3.12/site-packages/airflow/example_dags/example_inlet_event_extra.py
[2024-11-08T14:38:57.003+0000] {processor.py:925} INFO - DAG(s) 'read_dataset_event', 'read_dataset_event_from_classic' retrieved from /home/airflow/.local/lib/python3.12/site-packages/airflow/example_dags/example_inlet_event_extra.py
[2024-11-08T14:38:57.031+0000] {logging_mixin.py:190} INFO - [2024-11-08T14:38:57.031+0000] {dag.py:3239} INFO - Sync 2 DAGs
[2024-11-08T14:38:57.058+0000] {logging_mixin.py:190} INFO - [2024-11-08T14:38:57.058+0000] {dag.py:4180} INFO - Setting next_dagrun for read_dataset_event to 2024-11-07 00:00:00+00:00, run_after=2024-11-08 00:00:00+00:00
[2024-11-08T14:38:57.063+0000] {logging_mixin.py:190} INFO - [2024-11-08T14:38:57.063+0000] {dag.py:4180} INFO - Setting next_dagrun for read_dataset_event_from_classic to 2024-11-07 00:00:00+00:00, run_after=2024-11-08 00:00:00+00:00
[2024-11-08T14:38:57.482+0000] {processor.py:208} INFO - Processing /home/airflow/.local/lib/python3.12/site-packages/airflow/example_dags/example_inlet_event_extra.py took 1.127 seconds
[2024-11-08T14:39:28.402+0000] {processor.py:186} INFO - Started process (PID=983) to work on /home/airflow/.local/lib/python3.12/site-packages/airflow/example_dags/example_inlet_event_extra.py
[2024-11-08T14:39:28.404+0000] {processor.py:914} INFO - Processing file /home/airflow/.local/lib/python3.12/site-packages/airflow/example_dags/example_inlet_event_extra.py for tasks to queue
[2024-11-08T14:39:28.407+0000] {logging_mixin.py:190} INFO - [2024-11-08T14:39:28.407+0000] {dagbag.py:588} INFO - Filling up the DagBag from /home/airflow/.local/lib/python3.12/site-packages/airflow/example_dags/example_inlet_event_extra.py
[2024-11-08T14:39:29.093+0000] {processor.py:925} INFO - DAG(s) 'read_dataset_event', 'read_dataset_event_from_classic' retrieved from /home/airflow/.local/lib/python3.12/site-packages/airflow/example_dags/example_inlet_event_extra.py
[2024-11-08T14:39:29.116+0000] {logging_mixin.py:190} INFO - [2024-11-08T14:39:29.115+0000] {dag.py:3239} INFO - Sync 2 DAGs
[2024-11-08T14:39:29.145+0000] {logging_mixin.py:190} INFO - [2024-11-08T14:39:29.145+0000] {dag.py:4180} INFO - Setting next_dagrun for read_dataset_event to 2024-11-07 00:00:00+00:00, run_after=2024-11-08 00:00:00+00:00
[2024-11-08T14:39:29.150+0000] {logging_mixin.py:190} INFO - [2024-11-08T14:39:29.150+0000] {dag.py:4180} INFO - Setting next_dagrun for read_dataset_event_from_classic to 2024-11-07 00:00:00+00:00, run_after=2024-11-08 00:00:00+00:00
[2024-11-08T14:39:29.301+0000] {processor.py:208} INFO - Processing /home/airflow/.local/lib/python3.12/site-packages/airflow/example_dags/example_inlet_event_extra.py took 0.905 seconds
[2024-11-08T14:39:59.852+0000] {processor.py:186} INFO - Started process (PID=1048) to work on /home/airflow/.local/lib/python3.12/site-packages/airflow/example_dags/example_inlet_event_extra.py
[2024-11-08T14:39:59.854+0000] {processor.py:914} INFO - Processing file /home/airflow/.local/lib/python3.12/site-packages/airflow/example_dags/example_inlet_event_extra.py for tasks to queue
[2024-11-08T14:39:59.857+0000] {logging_mixin.py:190} INFO - [2024-11-08T14:39:59.856+0000] {dagbag.py:588} INFO - Filling up the DagBag from /home/airflow/.local/lib/python3.12/site-packages/airflow/example_dags/example_inlet_event_extra.py
[2024-11-08T14:40:00.455+0000] {processor.py:925} INFO - DAG(s) 'read_dataset_event', 'read_dataset_event_from_classic' retrieved from /home/airflow/.local/lib/python3.12/site-packages/airflow/example_dags/example_inlet_event_extra.py
[2024-11-08T14:40:00.475+0000] {logging_mixin.py:190} INFO - [2024-11-08T14:40:00.474+0000] {dag.py:3239} INFO - Sync 2 DAGs
[2024-11-08T14:40:00.497+0000] {logging_mixin.py:190} INFO - [2024-11-08T14:40:00.496+0000] {dag.py:4180} INFO - Setting next_dagrun for read_dataset_event to 2024-11-07 00:00:00+00:00, run_after=2024-11-08 00:00:00+00:00
[2024-11-08T14:40:00.501+0000] {logging_mixin.py:190} INFO - [2024-11-08T14:40:00.501+0000] {dag.py:4180} INFO - Setting next_dagrun for read_dataset_event_from_classic to 2024-11-07 00:00:00+00:00, run_after=2024-11-08 00:00:00+00:00
[2024-11-08T14:40:00.521+0000] {processor.py:208} INFO - Processing /home/airflow/.local/lib/python3.12/site-packages/airflow/example_dags/example_inlet_event_extra.py took 0.674 seconds
[2024-11-08T14:40:30.609+0000] {processor.py:186} INFO - Started process (PID=1111) to work on /home/airflow/.local/lib/python3.12/site-packages/airflow/example_dags/example_inlet_event_extra.py
[2024-11-08T14:40:30.611+0000] {processor.py:914} INFO - Processing file /home/airflow/.local/lib/python3.12/site-packages/airflow/example_dags/example_inlet_event_extra.py for tasks to queue
[2024-11-08T14:40:30.614+0000] {logging_mixin.py:190} INFO - [2024-11-08T14:40:30.613+0000] {dagbag.py:588} INFO - Filling up the DagBag from /home/airflow/.local/lib/python3.12/site-packages/airflow/example_dags/example_inlet_event_extra.py
[2024-11-08T14:40:31.188+0000] {processor.py:925} INFO - DAG(s) 'read_dataset_event_from_classic', 'read_dataset_event' retrieved from /home/airflow/.local/lib/python3.12/site-packages/airflow/example_dags/example_inlet_event_extra.py
[2024-11-08T14:40:31.208+0000] {logging_mixin.py:190} INFO - [2024-11-08T14:40:31.207+0000] {dag.py:3239} INFO - Sync 2 DAGs
[2024-11-08T14:40:31.230+0000] {logging_mixin.py:190} INFO - [2024-11-08T14:40:31.229+0000] {dag.py:4180} INFO - Setting next_dagrun for read_dataset_event to 2024-11-07 00:00:00+00:00, run_after=2024-11-08 00:00:00+00:00
[2024-11-08T14:40:31.235+0000] {logging_mixin.py:190} INFO - [2024-11-08T14:40:31.234+0000] {dag.py:4180} INFO - Setting next_dagrun for read_dataset_event_from_classic to 2024-11-07 00:00:00+00:00, run_after=2024-11-08 00:00:00+00:00
[2024-11-08T14:40:31.640+0000] {processor.py:208} INFO - Processing /home/airflow/.local/lib/python3.12/site-packages/airflow/example_dags/example_inlet_event_extra.py took 1.041 seconds
[2024-11-08T14:41:02.455+0000] {processor.py:186} INFO - Started process (PID=1175) to work on /home/airflow/.local/lib/python3.12/site-packages/airflow/example_dags/example_inlet_event_extra.py
[2024-11-08T14:41:02.456+0000] {processor.py:914} INFO - Processing file /home/airflow/.local/lib/python3.12/site-packages/airflow/example_dags/example_inlet_event_extra.py for tasks to queue
[2024-11-08T14:41:02.459+0000] {logging_mixin.py:190} INFO - [2024-11-08T14:41:02.458+0000] {dagbag.py:588} INFO - Filling up the DagBag from /home/airflow/.local/lib/python3.12/site-packages/airflow/example_dags/example_inlet_event_extra.py
[2024-11-08T14:41:03.051+0000] {processor.py:925} INFO - DAG(s) 'read_dataset_event', 'read_dataset_event_from_classic' retrieved from /home/airflow/.local/lib/python3.12/site-packages/airflow/example_dags/example_inlet_event_extra.py
[2024-11-08T14:41:03.069+0000] {logging_mixin.py:190} INFO - [2024-11-08T14:41:03.069+0000] {dag.py:3239} INFO - Sync 2 DAGs
[2024-11-08T14:41:03.091+0000] {logging_mixin.py:190} INFO - [2024-11-08T14:41:03.091+0000] {dag.py:4180} INFO - Setting next_dagrun for read_dataset_event to 2024-11-07 00:00:00+00:00, run_after=2024-11-08 00:00:00+00:00
[2024-11-08T14:41:03.097+0000] {logging_mixin.py:190} INFO - [2024-11-08T14:41:03.097+0000] {dag.py:4180} INFO - Setting next_dagrun for read_dataset_event_from_classic to 2024-11-07 00:00:00+00:00, run_after=2024-11-08 00:00:00+00:00
[2024-11-08T14:41:03.345+0000] {processor.py:208} INFO - Processing /home/airflow/.local/lib/python3.12/site-packages/airflow/example_dags/example_inlet_event_extra.py took 0.896 seconds
[2024-11-08T14:41:33.491+0000] {processor.py:186} INFO - Started process (PID=1241) to work on /home/airflow/.local/lib/python3.12/site-packages/airflow/example_dags/example_inlet_event_extra.py
[2024-11-08T14:41:33.492+0000] {processor.py:914} INFO - Processing file /home/airflow/.local/lib/python3.12/site-packages/airflow/example_dags/example_inlet_event_extra.py for tasks to queue
[2024-11-08T14:41:33.495+0000] {logging_mixin.py:190} INFO - [2024-11-08T14:41:33.494+0000] {dagbag.py:588} INFO - Filling up the DagBag from /home/airflow/.local/lib/python3.12/site-packages/airflow/example_dags/example_inlet_event_extra.py
[2024-11-08T14:41:34.405+0000] {processor.py:925} INFO - DAG(s) 'read_dataset_event', 'read_dataset_event_from_classic' retrieved from /home/airflow/.local/lib/python3.12/site-packages/airflow/example_dags/example_inlet_event_extra.py
[2024-11-08T14:41:34.434+0000] {logging_mixin.py:190} INFO - [2024-11-08T14:41:34.433+0000] {dag.py:3239} INFO - Sync 2 DAGs
[2024-11-08T14:41:34.469+0000] {logging_mixin.py:190} INFO - [2024-11-08T14:41:34.469+0000] {dag.py:4180} INFO - Setting next_dagrun for read_dataset_event to 2024-11-07 00:00:00+00:00, run_after=2024-11-08 00:00:00+00:00
[2024-11-08T14:41:34.477+0000] {logging_mixin.py:190} INFO - [2024-11-08T14:41:34.477+0000] {dag.py:4180} INFO - Setting next_dagrun for read_dataset_event_from_classic to 2024-11-07 00:00:00+00:00, run_after=2024-11-08 00:00:00+00:00
[2024-11-08T14:41:34.505+0000] {processor.py:208} INFO - Processing /home/airflow/.local/lib/python3.12/site-packages/airflow/example_dags/example_inlet_event_extra.py took 1.026 seconds
[2024-11-08T14:42:05.318+0000] {processor.py:186} INFO - Started process (PID=1307) to work on /home/airflow/.local/lib/python3.12/site-packages/airflow/example_dags/example_inlet_event_extra.py
[2024-11-08T14:42:05.319+0000] {processor.py:914} INFO - Processing file /home/airflow/.local/lib/python3.12/site-packages/airflow/example_dags/example_inlet_event_extra.py for tasks to queue
[2024-11-08T14:42:05.322+0000] {logging_mixin.py:190} INFO - [2024-11-08T14:42:05.321+0000] {dagbag.py:588} INFO - Filling up the DagBag from /home/airflow/.local/lib/python3.12/site-packages/airflow/example_dags/example_inlet_event_extra.py
[2024-11-08T14:42:05.909+0000] {processor.py:925} INFO - DAG(s) 'read_dataset_event_from_classic', 'read_dataset_event' retrieved from /home/airflow/.local/lib/python3.12/site-packages/airflow/example_dags/example_inlet_event_extra.py
[2024-11-08T14:42:05.926+0000] {logging_mixin.py:190} INFO - [2024-11-08T14:42:05.926+0000] {dag.py:3239} INFO - Sync 2 DAGs
[2024-11-08T14:42:05.950+0000] {logging_mixin.py:190} INFO - [2024-11-08T14:42:05.950+0000] {dag.py:4180} INFO - Setting next_dagrun for read_dataset_event to 2024-11-07 00:00:00+00:00, run_after=2024-11-08 00:00:00+00:00
[2024-11-08T14:42:05.955+0000] {logging_mixin.py:190} INFO - [2024-11-08T14:42:05.954+0000] {dag.py:4180} INFO - Setting next_dagrun for read_dataset_event_from_classic to 2024-11-07 00:00:00+00:00, run_after=2024-11-08 00:00:00+00:00
[2024-11-08T14:42:06.113+0000] {processor.py:208} INFO - Processing /home/airflow/.local/lib/python3.12/site-packages/airflow/example_dags/example_inlet_event_extra.py took 0.804 seconds
[2024-11-08T14:42:36.195+0000] {processor.py:186} INFO - Started process (PID=1370) to work on /home/airflow/.local/lib/python3.12/site-packages/airflow/example_dags/example_inlet_event_extra.py
[2024-11-08T14:42:36.196+0000] {processor.py:914} INFO - Processing file /home/airflow/.local/lib/python3.12/site-packages/airflow/example_dags/example_inlet_event_extra.py for tasks to queue
[2024-11-08T14:42:36.199+0000] {logging_mixin.py:190} INFO - [2024-11-08T14:42:36.199+0000] {dagbag.py:588} INFO - Filling up the DagBag from /home/airflow/.local/lib/python3.12/site-packages/airflow/example_dags/example_inlet_event_extra.py
[2024-11-08T14:42:36.788+0000] {processor.py:925} INFO - DAG(s) 'read_dataset_event', 'read_dataset_event_from_classic' retrieved from /home/airflow/.local/lib/python3.12/site-packages/airflow/example_dags/example_inlet_event_extra.py
[2024-11-08T14:42:36.809+0000] {logging_mixin.py:190} INFO - [2024-11-08T14:42:36.809+0000] {dag.py:3239} INFO - Sync 2 DAGs
[2024-11-08T14:42:36.832+0000] {logging_mixin.py:190} INFO - [2024-11-08T14:42:36.832+0000] {dag.py:4180} INFO - Setting next_dagrun for read_dataset_event to 2024-11-07 00:00:00+00:00, run_after=2024-11-08 00:00:00+00:00
[2024-11-08T14:42:36.836+0000] {logging_mixin.py:190} INFO - [2024-11-08T14:42:36.836+0000] {dag.py:4180} INFO - Setting next_dagrun for read_dataset_event_from_classic to 2024-11-07 00:00:00+00:00, run_after=2024-11-08 00:00:00+00:00
[2024-11-08T14:42:36.958+0000] {processor.py:208} INFO - Processing /home/airflow/.local/lib/python3.12/site-packages/airflow/example_dags/example_inlet_event_extra.py took 0.773 seconds
[2024-11-08T14:43:07.819+0000] {processor.py:186} INFO - Started process (PID=1436) to work on /home/airflow/.local/lib/python3.12/site-packages/airflow/example_dags/example_inlet_event_extra.py
[2024-11-08T14:43:07.820+0000] {processor.py:914} INFO - Processing file /home/airflow/.local/lib/python3.12/site-packages/airflow/example_dags/example_inlet_event_extra.py for tasks to queue
[2024-11-08T14:43:07.823+0000] {logging_mixin.py:190} INFO - [2024-11-08T14:43:07.823+0000] {dagbag.py:588} INFO - Filling up the DagBag from /home/airflow/.local/lib/python3.12/site-packages/airflow/example_dags/example_inlet_event_extra.py
[2024-11-08T14:43:08.394+0000] {processor.py:925} INFO - DAG(s) 'read_dataset_event_from_classic', 'read_dataset_event' retrieved from /home/airflow/.local/lib/python3.12/site-packages/airflow/example_dags/example_inlet_event_extra.py
[2024-11-08T14:43:08.413+0000] {logging_mixin.py:190} INFO - [2024-11-08T14:43:08.413+0000] {dag.py:3239} INFO - Sync 2 DAGs
[2024-11-08T14:43:08.436+0000] {logging_mixin.py:190} INFO - [2024-11-08T14:43:08.436+0000] {dag.py:4180} INFO - Setting next_dagrun for read_dataset_event to 2024-11-07 00:00:00+00:00, run_after=2024-11-08 00:00:00+00:00
[2024-11-08T14:43:08.442+0000] {logging_mixin.py:190} INFO - [2024-11-08T14:43:08.442+0000] {dag.py:4180} INFO - Setting next_dagrun for read_dataset_event_from_classic to 2024-11-07 00:00:00+00:00, run_after=2024-11-08 00:00:00+00:00
[2024-11-08T14:43:08.636+0000] {processor.py:208} INFO - Processing /home/airflow/.local/lib/python3.12/site-packages/airflow/example_dags/example_inlet_event_extra.py took 0.824 seconds
[2024-11-08T14:43:39.540+0000] {processor.py:186} INFO - Started process (PID=1501) to work on /home/airflow/.local/lib/python3.12/site-packages/airflow/example_dags/example_inlet_event_extra.py
[2024-11-08T14:43:39.542+0000] {processor.py:914} INFO - Processing file /home/airflow/.local/lib/python3.12/site-packages/airflow/example_dags/example_inlet_event_extra.py for tasks to queue
[2024-11-08T14:43:39.545+0000] {logging_mixin.py:190} INFO - [2024-11-08T14:43:39.545+0000] {dagbag.py:588} INFO - Filling up the DagBag from /home/airflow/.local/lib/python3.12/site-packages/airflow/example_dags/example_inlet_event_extra.py
[2024-11-08T14:43:40.178+0000] {processor.py:925} INFO - DAG(s) 'read_dataset_event', 'read_dataset_event_from_classic' retrieved from /home/airflow/.local/lib/python3.12/site-packages/airflow/example_dags/example_inlet_event_extra.py
[2024-11-08T14:43:40.199+0000] {logging_mixin.py:190} INFO - [2024-11-08T14:43:40.199+0000] {dag.py:3239} INFO - Sync 2 DAGs
[2024-11-08T14:43:40.226+0000] {logging_mixin.py:190} INFO - [2024-11-08T14:43:40.226+0000] {dag.py:4180} INFO - Setting next_dagrun for read_dataset_event to 2024-11-07 00:00:00+00:00, run_after=2024-11-08 00:00:00+00:00
[2024-11-08T14:43:40.232+0000] {logging_mixin.py:190} INFO - [2024-11-08T14:43:40.232+0000] {dag.py:4180} INFO - Setting next_dagrun for read_dataset_event_from_classic to 2024-11-07 00:00:00+00:00, run_after=2024-11-08 00:00:00+00:00
[2024-11-08T14:43:40.679+0000] {processor.py:208} INFO - Processing /home/airflow/.local/lib/python3.12/site-packages/airflow/example_dags/example_inlet_event_extra.py took 1.145 seconds
[2024-11-08T14:44:10.774+0000] {processor.py:186} INFO - Started process (PID=1567) to work on /home/airflow/.local/lib/python3.12/site-packages/airflow/example_dags/example_inlet_event_extra.py
[2024-11-08T14:44:10.776+0000] {processor.py:914} INFO - Processing file /home/airflow/.local/lib/python3.12/site-packages/airflow/example_dags/example_inlet_event_extra.py for tasks to queue
[2024-11-08T14:44:10.778+0000] {logging_mixin.py:190} INFO - [2024-11-08T14:44:10.778+0000] {dagbag.py:588} INFO - Filling up the DagBag from /home/airflow/.local/lib/python3.12/site-packages/airflow/example_dags/example_inlet_event_extra.py
[2024-11-08T14:44:11.367+0000] {processor.py:925} INFO - DAG(s) 'read_dataset_event_from_classic', 'read_dataset_event' retrieved from /home/airflow/.local/lib/python3.12/site-packages/airflow/example_dags/example_inlet_event_extra.py
[2024-11-08T14:44:11.387+0000] {logging_mixin.py:190} INFO - [2024-11-08T14:44:11.387+0000] {dag.py:3239} INFO - Sync 2 DAGs
[2024-11-08T14:44:11.413+0000] {logging_mixin.py:190} INFO - [2024-11-08T14:44:11.413+0000] {dag.py:4180} INFO - Setting next_dagrun for read_dataset_event to 2024-11-07 00:00:00+00:00, run_after=2024-11-08 00:00:00+00:00
[2024-11-08T14:44:11.419+0000] {logging_mixin.py:190} INFO - [2024-11-08T14:44:11.419+0000] {dag.py:4180} INFO - Setting next_dagrun for read_dataset_event_from_classic to 2024-11-07 00:00:00+00:00, run_after=2024-11-08 00:00:00+00:00
[2024-11-08T14:44:11.453+0000] {processor.py:208} INFO - Processing /home/airflow/.local/lib/python3.12/site-packages/airflow/example_dags/example_inlet_event_extra.py took 0.684 seconds
[2024-11-08T14:44:41.530+0000] {processor.py:186} INFO - Started process (PID=1631) to work on /home/airflow/.local/lib/python3.12/site-packages/airflow/example_dags/example_inlet_event_extra.py
[2024-11-08T14:44:41.531+0000] {processor.py:914} INFO - Processing file /home/airflow/.local/lib/python3.12/site-packages/airflow/example_dags/example_inlet_event_extra.py for tasks to queue
[2024-11-08T14:44:41.534+0000] {logging_mixin.py:190} INFO - [2024-11-08T14:44:41.533+0000] {dagbag.py:588} INFO - Filling up the DagBag from /home/airflow/.local/lib/python3.12/site-packages/airflow/example_dags/example_inlet_event_extra.py
[2024-11-08T14:44:42.072+0000] {processor.py:925} INFO - DAG(s) 'read_dataset_event_from_classic', 'read_dataset_event' retrieved from /home/airflow/.local/lib/python3.12/site-packages/airflow/example_dags/example_inlet_event_extra.py
[2024-11-08T14:44:42.092+0000] {logging_mixin.py:190} INFO - [2024-11-08T14:44:42.091+0000] {dag.py:3239} INFO - Sync 2 DAGs
[2024-11-08T14:44:42.114+0000] {logging_mixin.py:190} INFO - [2024-11-08T14:44:42.114+0000] {dag.py:4180} INFO - Setting next_dagrun for read_dataset_event to 2024-11-07 00:00:00+00:00, run_after=2024-11-08 00:00:00+00:00
[2024-11-08T14:44:42.119+0000] {logging_mixin.py:190} INFO - [2024-11-08T14:44:42.119+0000] {dag.py:4180} INFO - Setting next_dagrun for read_dataset_event_from_classic to 2024-11-07 00:00:00+00:00, run_after=2024-11-08 00:00:00+00:00
[2024-11-08T14:44:42.222+0000] {processor.py:208} INFO - Processing /home/airflow/.local/lib/python3.12/site-packages/airflow/example_dags/example_inlet_event_extra.py took 0.697 seconds
[2024-11-08T14:45:12.535+0000] {processor.py:186} INFO - Started process (PID=1692) to work on /home/airflow/.local/lib/python3.12/site-packages/airflow/example_dags/example_inlet_event_extra.py
[2024-11-08T14:45:12.536+0000] {processor.py:914} INFO - Processing file /home/airflow/.local/lib/python3.12/site-packages/airflow/example_dags/example_inlet_event_extra.py for tasks to queue
[2024-11-08T14:45:12.543+0000] {logging_mixin.py:190} INFO - [2024-11-08T14:45:12.542+0000] {dagbag.py:588} INFO - Filling up the DagBag from /home/airflow/.local/lib/python3.12/site-packages/airflow/example_dags/example_inlet_event_extra.py
[2024-11-08T14:45:13.487+0000] {processor.py:925} INFO - DAG(s) 'read_dataset_event', 'read_dataset_event_from_classic' retrieved from /home/airflow/.local/lib/python3.12/site-packages/airflow/example_dags/example_inlet_event_extra.py
[2024-11-08T14:45:13.516+0000] {logging_mixin.py:190} INFO - [2024-11-08T14:45:13.515+0000] {dag.py:3239} INFO - Sync 2 DAGs
[2024-11-08T14:45:13.551+0000] {logging_mixin.py:190} INFO - [2024-11-08T14:45:13.551+0000] {dag.py:4180} INFO - Setting next_dagrun for read_dataset_event to 2024-11-07 00:00:00+00:00, run_after=2024-11-08 00:00:00+00:00
[2024-11-08T14:45:13.560+0000] {logging_mixin.py:190} INFO - [2024-11-08T14:45:13.559+0000] {dag.py:4180} INFO - Setting next_dagrun for read_dataset_event_from_classic to 2024-11-07 00:00:00+00:00, run_after=2024-11-08 00:00:00+00:00
[2024-11-08T14:45:13.834+0000] {processor.py:208} INFO - Processing /home/airflow/.local/lib/python3.12/site-packages/airflow/example_dags/example_inlet_event_extra.py took 1.306 seconds
[2024-11-08T14:45:44.316+0000] {processor.py:186} INFO - Started process (PID=1755) to work on /home/airflow/.local/lib/python3.12/site-packages/airflow/example_dags/example_inlet_event_extra.py
[2024-11-08T14:45:44.318+0000] {processor.py:914} INFO - Processing file /home/airflow/.local/lib/python3.12/site-packages/airflow/example_dags/example_inlet_event_extra.py for tasks to queue
[2024-11-08T14:45:44.320+0000] {logging_mixin.py:190} INFO - [2024-11-08T14:45:44.320+0000] {dagbag.py:588} INFO - Filling up the DagBag from /home/airflow/.local/lib/python3.12/site-packages/airflow/example_dags/example_inlet_event_extra.py
[2024-11-08T14:45:44.889+0000] {processor.py:925} INFO - DAG(s) 'read_dataset_event', 'read_dataset_event_from_classic' retrieved from /home/airflow/.local/lib/python3.12/site-packages/airflow/example_dags/example_inlet_event_extra.py
[2024-11-08T14:45:44.909+0000] {logging_mixin.py:190} INFO - [2024-11-08T14:45:44.909+0000] {dag.py:3239} INFO - Sync 2 DAGs
[2024-11-08T14:45:44.934+0000] {logging_mixin.py:190} INFO - [2024-11-08T14:45:44.934+0000] {dag.py:4180} INFO - Setting next_dagrun for read_dataset_event to 2024-11-07 00:00:00+00:00, run_after=2024-11-08 00:00:00+00:00
[2024-11-08T14:45:44.940+0000] {logging_mixin.py:190} INFO - [2024-11-08T14:45:44.939+0000] {dag.py:4180} INFO - Setting next_dagrun for read_dataset_event_from_classic to 2024-11-07 00:00:00+00:00, run_after=2024-11-08 00:00:00+00:00
[2024-11-08T14:45:45.188+0000] {processor.py:208} INFO - Processing /home/airflow/.local/lib/python3.12/site-packages/airflow/example_dags/example_inlet_event_extra.py took 0.877 seconds
[2024-11-08T14:46:15.896+0000] {processor.py:186} INFO - Started process (PID=1818) to work on /home/airflow/.local/lib/python3.12/site-packages/airflow/example_dags/example_inlet_event_extra.py
[2024-11-08T14:46:15.897+0000] {processor.py:914} INFO - Processing file /home/airflow/.local/lib/python3.12/site-packages/airflow/example_dags/example_inlet_event_extra.py for tasks to queue
[2024-11-08T14:46:15.899+0000] {logging_mixin.py:190} INFO - [2024-11-08T14:46:15.899+0000] {dagbag.py:588} INFO - Filling up the DagBag from /home/airflow/.local/lib/python3.12/site-packages/airflow/example_dags/example_inlet_event_extra.py
[2024-11-08T14:46:16.509+0000] {processor.py:925} INFO - DAG(s) 'read_dataset_event_from_classic', 'read_dataset_event' retrieved from /home/airflow/.local/lib/python3.12/site-packages/airflow/example_dags/example_inlet_event_extra.py
[2024-11-08T14:46:16.529+0000] {logging_mixin.py:190} INFO - [2024-11-08T14:46:16.529+0000] {dag.py:3239} INFO - Sync 2 DAGs
[2024-11-08T14:46:16.556+0000] {logging_mixin.py:190} INFO - [2024-11-08T14:46:16.555+0000] {dag.py:4180} INFO - Setting next_dagrun for read_dataset_event to 2024-11-07 00:00:00+00:00, run_after=2024-11-08 00:00:00+00:00
[2024-11-08T14:46:16.561+0000] {logging_mixin.py:190} INFO - [2024-11-08T14:46:16.561+0000] {dag.py:4180} INFO - Setting next_dagrun for read_dataset_event_from_classic to 2024-11-07 00:00:00+00:00, run_after=2024-11-08 00:00:00+00:00
[2024-11-08T14:46:16.755+0000] {processor.py:208} INFO - Processing /home/airflow/.local/lib/python3.12/site-packages/airflow/example_dags/example_inlet_event_extra.py took 0.865 seconds
[2024-11-08T14:46:47.588+0000] {processor.py:186} INFO - Started process (PID=1887) to work on /home/airflow/.local/lib/python3.12/site-packages/airflow/example_dags/example_inlet_event_extra.py
[2024-11-08T14:46:47.589+0000] {processor.py:914} INFO - Processing file /home/airflow/.local/lib/python3.12/site-packages/airflow/example_dags/example_inlet_event_extra.py for tasks to queue
[2024-11-08T14:46:47.592+0000] {logging_mixin.py:190} INFO - [2024-11-08T14:46:47.592+0000] {dagbag.py:588} INFO - Filling up the DagBag from /home/airflow/.local/lib/python3.12/site-packages/airflow/example_dags/example_inlet_event_extra.py
[2024-11-08T14:46:48.203+0000] {processor.py:925} INFO - DAG(s) 'read_dataset_event_from_classic', 'read_dataset_event' retrieved from /home/airflow/.local/lib/python3.12/site-packages/airflow/example_dags/example_inlet_event_extra.py
[2024-11-08T14:46:48.225+0000] {logging_mixin.py:190} INFO - [2024-11-08T14:46:48.224+0000] {dag.py:3239} INFO - Sync 2 DAGs
[2024-11-08T14:46:48.250+0000] {logging_mixin.py:190} INFO - [2024-11-08T14:46:48.249+0000] {dag.py:4180} INFO - Setting next_dagrun for read_dataset_event to 2024-11-07 00:00:00+00:00, run_after=2024-11-08 00:00:00+00:00
[2024-11-08T14:46:48.257+0000] {logging_mixin.py:190} INFO - [2024-11-08T14:46:48.257+0000] {dag.py:4180} INFO - Setting next_dagrun for read_dataset_event_from_classic to 2024-11-07 00:00:00+00:00, run_after=2024-11-08 00:00:00+00:00
[2024-11-08T14:46:48.309+0000] {processor.py:208} INFO - Processing /home/airflow/.local/lib/python3.12/site-packages/airflow/example_dags/example_inlet_event_extra.py took 0.727 seconds
[2024-11-08T14:47:19.660+0000] {processor.py:186} INFO - Started process (PID=1953) to work on /home/airflow/.local/lib/python3.12/site-packages/airflow/example_dags/example_inlet_event_extra.py
[2024-11-08T14:47:19.661+0000] {processor.py:914} INFO - Processing file /home/airflow/.local/lib/python3.12/site-packages/airflow/example_dags/example_inlet_event_extra.py for tasks to queue
[2024-11-08T14:47:19.664+0000] {logging_mixin.py:190} INFO - [2024-11-08T14:47:19.663+0000] {dagbag.py:588} INFO - Filling up the DagBag from /home/airflow/.local/lib/python3.12/site-packages/airflow/example_dags/example_inlet_event_extra.py
[2024-11-08T14:47:20.216+0000] {processor.py:925} INFO - DAG(s) 'read_dataset_event_from_classic', 'read_dataset_event' retrieved from /home/airflow/.local/lib/python3.12/site-packages/airflow/example_dags/example_inlet_event_extra.py
[2024-11-08T14:47:20.236+0000] {logging_mixin.py:190} INFO - [2024-11-08T14:47:20.235+0000] {dag.py:3239} INFO - Sync 2 DAGs
[2024-11-08T14:47:20.262+0000] {logging_mixin.py:190} INFO - [2024-11-08T14:47:20.261+0000] {dag.py:4180} INFO - Setting next_dagrun for read_dataset_event to 2024-11-07 00:00:00+00:00, run_after=2024-11-08 00:00:00+00:00
[2024-11-08T14:47:20.270+0000] {logging_mixin.py:190} INFO - [2024-11-08T14:47:20.269+0000] {dag.py:4180} INFO - Setting next_dagrun for read_dataset_event_from_classic to 2024-11-07 00:00:00+00:00, run_after=2024-11-08 00:00:00+00:00
[2024-11-08T14:47:20.291+0000] {processor.py:208} INFO - Processing /home/airflow/.local/lib/python3.12/site-packages/airflow/example_dags/example_inlet_event_extra.py took 0.637 seconds
[2024-11-08T14:47:52.219+0000] {processor.py:186} INFO - Started process (PID=2016) to work on /home/airflow/.local/lib/python3.12/site-packages/airflow/example_dags/example_inlet_event_extra.py
[2024-11-08T14:47:52.220+0000] {processor.py:914} INFO - Processing file /home/airflow/.local/lib/python3.12/site-packages/airflow/example_dags/example_inlet_event_extra.py for tasks to queue
[2024-11-08T14:47:52.223+0000] {logging_mixin.py:190} INFO - [2024-11-08T14:47:52.222+0000] {dagbag.py:588} INFO - Filling up the DagBag from /home/airflow/.local/lib/python3.12/site-packages/airflow/example_dags/example_inlet_event_extra.py
[2024-11-08T14:47:52.808+0000] {processor.py:925} INFO - DAG(s) 'read_dataset_event', 'read_dataset_event_from_classic' retrieved from /home/airflow/.local/lib/python3.12/site-packages/airflow/example_dags/example_inlet_event_extra.py
[2024-11-08T14:47:52.828+0000] {logging_mixin.py:190} INFO - [2024-11-08T14:47:52.827+0000] {dag.py:3239} INFO - Sync 2 DAGs
[2024-11-08T14:47:52.852+0000] {logging_mixin.py:190} INFO - [2024-11-08T14:47:52.852+0000] {dag.py:4180} INFO - Setting next_dagrun for read_dataset_event to 2024-11-07 00:00:00+00:00, run_after=2024-11-08 00:00:00+00:00
[2024-11-08T14:47:52.857+0000] {logging_mixin.py:190} INFO - [2024-11-08T14:47:52.857+0000] {dag.py:4180} INFO - Setting next_dagrun for read_dataset_event_from_classic to 2024-11-07 00:00:00+00:00, run_after=2024-11-08 00:00:00+00:00
[2024-11-08T14:47:52.886+0000] {processor.py:208} INFO - Processing /home/airflow/.local/lib/python3.12/site-packages/airflow/example_dags/example_inlet_event_extra.py took 0.673 seconds
[2024-11-08T14:48:23.370+0000] {processor.py:186} INFO - Started process (PID=2079) to work on /home/airflow/.local/lib/python3.12/site-packages/airflow/example_dags/example_inlet_event_extra.py
[2024-11-08T14:48:23.371+0000] {processor.py:914} INFO - Processing file /home/airflow/.local/lib/python3.12/site-packages/airflow/example_dags/example_inlet_event_extra.py for tasks to queue
[2024-11-08T14:48:23.374+0000] {logging_mixin.py:190} INFO - [2024-11-08T14:48:23.374+0000] {dagbag.py:588} INFO - Filling up the DagBag from /home/airflow/.local/lib/python3.12/site-packages/airflow/example_dags/example_inlet_event_extra.py
[2024-11-08T14:48:23.969+0000] {processor.py:925} INFO - DAG(s) 'read_dataset_event_from_classic', 'read_dataset_event' retrieved from /home/airflow/.local/lib/python3.12/site-packages/airflow/example_dags/example_inlet_event_extra.py
[2024-11-08T14:48:23.989+0000] {logging_mixin.py:190} INFO - [2024-11-08T14:48:23.988+0000] {dag.py:3239} INFO - Sync 2 DAGs
[2024-11-08T14:48:24.013+0000] {logging_mixin.py:190} INFO - [2024-11-08T14:48:24.013+0000] {dag.py:4180} INFO - Setting next_dagrun for read_dataset_event to 2024-11-07 00:00:00+00:00, run_after=2024-11-08 00:00:00+00:00
[2024-11-08T14:48:24.019+0000] {logging_mixin.py:190} INFO - [2024-11-08T14:48:24.018+0000] {dag.py:4180} INFO - Setting next_dagrun for read_dataset_event_from_classic to 2024-11-07 00:00:00+00:00, run_after=2024-11-08 00:00:00+00:00
[2024-11-08T14:48:24.312+0000] {processor.py:208} INFO - Processing /home/airflow/.local/lib/python3.12/site-packages/airflow/example_dags/example_inlet_event_extra.py took 0.948 seconds
[2024-11-08T14:48:54.387+0000] {processor.py:186} INFO - Started process (PID=2142) to work on /home/airflow/.local/lib/python3.12/site-packages/airflow/example_dags/example_inlet_event_extra.py
[2024-11-08T14:48:54.388+0000] {processor.py:914} INFO - Processing file /home/airflow/.local/lib/python3.12/site-packages/airflow/example_dags/example_inlet_event_extra.py for tasks to queue
[2024-11-08T14:48:54.390+0000] {logging_mixin.py:190} INFO - [2024-11-08T14:48:54.390+0000] {dagbag.py:588} INFO - Filling up the DagBag from /home/airflow/.local/lib/python3.12/site-packages/airflow/example_dags/example_inlet_event_extra.py
[2024-11-08T14:48:54.945+0000] {processor.py:925} INFO - DAG(s) 'read_dataset_event_from_classic', 'read_dataset_event' retrieved from /home/airflow/.local/lib/python3.12/site-packages/airflow/example_dags/example_inlet_event_extra.py
[2024-11-08T14:48:54.975+0000] {logging_mixin.py:190} INFO - [2024-11-08T14:48:54.975+0000] {dag.py:3239} INFO - Sync 2 DAGs
[2024-11-08T14:48:54.999+0000] {logging_mixin.py:190} INFO - [2024-11-08T14:48:54.999+0000] {dag.py:4180} INFO - Setting next_dagrun for read_dataset_event to 2024-11-07 00:00:00+00:00, run_after=2024-11-08 00:00:00+00:00
[2024-11-08T14:48:55.004+0000] {logging_mixin.py:190} INFO - [2024-11-08T14:48:55.004+0000] {dag.py:4180} INFO - Setting next_dagrun for read_dataset_event_from_classic to 2024-11-07 00:00:00+00:00, run_after=2024-11-08 00:00:00+00:00
[2024-11-08T14:48:55.237+0000] {processor.py:208} INFO - Processing /home/airflow/.local/lib/python3.12/site-packages/airflow/example_dags/example_inlet_event_extra.py took 0.856 seconds
[2024-11-08T14:49:25.406+0000] {processor.py:186} INFO - Started process (PID=2203) to work on /home/airflow/.local/lib/python3.12/site-packages/airflow/example_dags/example_inlet_event_extra.py
[2024-11-08T14:49:25.407+0000] {processor.py:914} INFO - Processing file /home/airflow/.local/lib/python3.12/site-packages/airflow/example_dags/example_inlet_event_extra.py for tasks to queue
[2024-11-08T14:49:25.410+0000] {logging_mixin.py:190} INFO - [2024-11-08T14:49:25.409+0000] {dagbag.py:588} INFO - Filling up the DagBag from /home/airflow/.local/lib/python3.12/site-packages/airflow/example_dags/example_inlet_event_extra.py
[2024-11-08T14:49:26.187+0000] {processor.py:925} INFO - DAG(s) 'read_dataset_event', 'read_dataset_event_from_classic' retrieved from /home/airflow/.local/lib/python3.12/site-packages/airflow/example_dags/example_inlet_event_extra.py
[2024-11-08T14:49:26.210+0000] {logging_mixin.py:190} INFO - [2024-11-08T14:49:26.210+0000] {dag.py:3239} INFO - Sync 2 DAGs
[2024-11-08T14:49:26.237+0000] {logging_mixin.py:190} INFO - [2024-11-08T14:49:26.237+0000] {dag.py:4180} INFO - Setting next_dagrun for read_dataset_event to 2024-11-07 00:00:00+00:00, run_after=2024-11-08 00:00:00+00:00
[2024-11-08T14:49:26.243+0000] {logging_mixin.py:190} INFO - [2024-11-08T14:49:26.243+0000] {dag.py:4180} INFO - Setting next_dagrun for read_dataset_event_from_classic to 2024-11-07 00:00:00+00:00, run_after=2024-11-08 00:00:00+00:00
[2024-11-08T14:49:26.394+0000] {processor.py:208} INFO - Processing /home/airflow/.local/lib/python3.12/site-packages/airflow/example_dags/example_inlet_event_extra.py took 0.994 seconds
[2024-11-08T14:49:57.628+0000] {processor.py:186} INFO - Started process (PID=2275) to work on /home/airflow/.local/lib/python3.12/site-packages/airflow/example_dags/example_inlet_event_extra.py
[2024-11-08T14:49:57.630+0000] {processor.py:914} INFO - Processing file /home/airflow/.local/lib/python3.12/site-packages/airflow/example_dags/example_inlet_event_extra.py for tasks to queue
[2024-11-08T14:49:57.633+0000] {logging_mixin.py:190} INFO - [2024-11-08T14:49:57.632+0000] {dagbag.py:588} INFO - Filling up the DagBag from /home/airflow/.local/lib/python3.12/site-packages/airflow/example_dags/example_inlet_event_extra.py
[2024-11-08T14:49:58.869+0000] {processor.py:925} INFO - DAG(s) 'read_dataset_event', 'read_dataset_event_from_classic' retrieved from /home/airflow/.local/lib/python3.12/site-packages/airflow/example_dags/example_inlet_event_extra.py
[2024-11-08T14:49:58.901+0000] {logging_mixin.py:190} INFO - [2024-11-08T14:49:58.901+0000] {dag.py:3239} INFO - Sync 2 DAGs
[2024-11-08T14:49:58.931+0000] {logging_mixin.py:190} INFO - [2024-11-08T14:49:58.931+0000] {dag.py:4180} INFO - Setting next_dagrun for read_dataset_event to 2024-11-07 00:00:00+00:00, run_after=2024-11-08 00:00:00+00:00
[2024-11-08T14:49:58.937+0000] {logging_mixin.py:190} INFO - [2024-11-08T14:49:58.937+0000] {dag.py:4180} INFO - Setting next_dagrun for read_dataset_event_from_classic to 2024-11-07 00:00:00+00:00, run_after=2024-11-08 00:00:00+00:00
[2024-11-08T14:49:59.036+0000] {processor.py:208} INFO - Processing /home/airflow/.local/lib/python3.12/site-packages/airflow/example_dags/example_inlet_event_extra.py took 1.415 seconds
[2024-11-08T14:50:29.693+0000] {processor.py:186} INFO - Started process (PID=2346) to work on /home/airflow/.local/lib/python3.12/site-packages/airflow/example_dags/example_inlet_event_extra.py
[2024-11-08T14:50:29.693+0000] {processor.py:914} INFO - Processing file /home/airflow/.local/lib/python3.12/site-packages/airflow/example_dags/example_inlet_event_extra.py for tasks to queue
[2024-11-08T14:50:29.696+0000] {logging_mixin.py:190} INFO - [2024-11-08T14:50:29.695+0000] {dagbag.py:588} INFO - Filling up the DagBag from /home/airflow/.local/lib/python3.12/site-packages/airflow/example_dags/example_inlet_event_extra.py
[2024-11-08T14:50:30.281+0000] {processor.py:925} INFO - DAG(s) 'read_dataset_event_from_classic', 'read_dataset_event' retrieved from /home/airflow/.local/lib/python3.12/site-packages/airflow/example_dags/example_inlet_event_extra.py
[2024-11-08T14:50:30.303+0000] {logging_mixin.py:190} INFO - [2024-11-08T14:50:30.303+0000] {dag.py:3239} INFO - Sync 2 DAGs
[2024-11-08T14:50:30.330+0000] {logging_mixin.py:190} INFO - [2024-11-08T14:50:30.330+0000] {dag.py:4180} INFO - Setting next_dagrun for read_dataset_event to 2024-11-07 00:00:00+00:00, run_after=2024-11-08 00:00:00+00:00
[2024-11-08T14:50:30.340+0000] {logging_mixin.py:190} INFO - [2024-11-08T14:50:30.339+0000] {dag.py:4180} INFO - Setting next_dagrun for read_dataset_event_from_classic to 2024-11-07 00:00:00+00:00, run_after=2024-11-08 00:00:00+00:00
[2024-11-08T14:50:30.659+0000] {processor.py:208} INFO - Processing /home/airflow/.local/lib/python3.12/site-packages/airflow/example_dags/example_inlet_event_extra.py took 0.972 seconds
[2024-11-08T14:51:00.980+0000] {processor.py:186} INFO - Started process (PID=2409) to work on /home/airflow/.local/lib/python3.12/site-packages/airflow/example_dags/example_inlet_event_extra.py
[2024-11-08T14:51:00.981+0000] {processor.py:914} INFO - Processing file /home/airflow/.local/lib/python3.12/site-packages/airflow/example_dags/example_inlet_event_extra.py for tasks to queue
[2024-11-08T14:51:00.983+0000] {logging_mixin.py:190} INFO - [2024-11-08T14:51:00.983+0000] {dagbag.py:588} INFO - Filling up the DagBag from /home/airflow/.local/lib/python3.12/site-packages/airflow/example_dags/example_inlet_event_extra.py
[2024-11-08T14:51:02.246+0000] {processor.py:925} INFO - DAG(s) 'read_dataset_event', 'read_dataset_event_from_classic' retrieved from /home/airflow/.local/lib/python3.12/site-packages/airflow/example_dags/example_inlet_event_extra.py
[2024-11-08T14:51:02.285+0000] {logging_mixin.py:190} INFO - [2024-11-08T14:51:02.284+0000] {dag.py:3239} INFO - Sync 2 DAGs
[2024-11-08T14:51:02.334+0000] {logging_mixin.py:190} INFO - [2024-11-08T14:51:02.333+0000] {dag.py:4180} INFO - Setting next_dagrun for read_dataset_event to 2024-11-07 00:00:00+00:00, run_after=2024-11-08 00:00:00+00:00
[2024-11-08T14:51:02.347+0000] {logging_mixin.py:190} INFO - [2024-11-08T14:51:02.347+0000] {dag.py:4180} INFO - Setting next_dagrun for read_dataset_event_from_classic to 2024-11-07 00:00:00+00:00, run_after=2024-11-08 00:00:00+00:00
[2024-11-08T14:51:02.382+0000] {processor.py:208} INFO - Processing /home/airflow/.local/lib/python3.12/site-packages/airflow/example_dags/example_inlet_event_extra.py took 1.412 seconds
[2024-11-08T14:51:32.890+0000] {processor.py:186} INFO - Started process (PID=2475) to work on /home/airflow/.local/lib/python3.12/site-packages/airflow/example_dags/example_inlet_event_extra.py
[2024-11-08T14:51:32.891+0000] {processor.py:914} INFO - Processing file /home/airflow/.local/lib/python3.12/site-packages/airflow/example_dags/example_inlet_event_extra.py for tasks to queue
[2024-11-08T14:51:32.893+0000] {logging_mixin.py:190} INFO - [2024-11-08T14:51:32.893+0000] {dagbag.py:588} INFO - Filling up the DagBag from /home/airflow/.local/lib/python3.12/site-packages/airflow/example_dags/example_inlet_event_extra.py
[2024-11-08T14:51:33.457+0000] {processor.py:925} INFO - DAG(s) 'read_dataset_event', 'read_dataset_event_from_classic' retrieved from /home/airflow/.local/lib/python3.12/site-packages/airflow/example_dags/example_inlet_event_extra.py
[2024-11-08T14:51:33.486+0000] {logging_mixin.py:190} INFO - [2024-11-08T14:51:33.485+0000] {dag.py:3239} INFO - Sync 2 DAGs
[2024-11-08T14:51:33.516+0000] {logging_mixin.py:190} INFO - [2024-11-08T14:51:33.516+0000] {dag.py:4180} INFO - Setting next_dagrun for read_dataset_event to 2024-11-07 00:00:00+00:00, run_after=2024-11-08 00:00:00+00:00
[2024-11-08T14:51:33.521+0000] {logging_mixin.py:190} INFO - [2024-11-08T14:51:33.521+0000] {dag.py:4180} INFO - Setting next_dagrun for read_dataset_event_from_classic to 2024-11-07 00:00:00+00:00, run_after=2024-11-08 00:00:00+00:00
[2024-11-08T14:51:33.557+0000] {processor.py:208} INFO - Processing /home/airflow/.local/lib/python3.12/site-packages/airflow/example_dags/example_inlet_event_extra.py took 0.673 seconds
[2024-11-08T14:52:04.082+0000] {processor.py:186} INFO - Started process (PID=2538) to work on /home/airflow/.local/lib/python3.12/site-packages/airflow/example_dags/example_inlet_event_extra.py
[2024-11-08T14:52:04.083+0000] {processor.py:914} INFO - Processing file /home/airflow/.local/lib/python3.12/site-packages/airflow/example_dags/example_inlet_event_extra.py for tasks to queue
[2024-11-08T14:52:04.085+0000] {logging_mixin.py:190} INFO - [2024-11-08T14:52:04.085+0000] {dagbag.py:588} INFO - Filling up the DagBag from /home/airflow/.local/lib/python3.12/site-packages/airflow/example_dags/example_inlet_event_extra.py
[2024-11-08T14:52:05.205+0000] {processor.py:925} INFO - DAG(s) 'read_dataset_event_from_classic', 'read_dataset_event' retrieved from /home/airflow/.local/lib/python3.12/site-packages/airflow/example_dags/example_inlet_event_extra.py
[2024-11-08T14:52:05.230+0000] {logging_mixin.py:190} INFO - [2024-11-08T14:52:05.229+0000] {dag.py:3239} INFO - Sync 2 DAGs
[2024-11-08T14:52:05.260+0000] {logging_mixin.py:190} INFO - [2024-11-08T14:52:05.260+0000] {dag.py:4180} INFO - Setting next_dagrun for read_dataset_event to 2024-11-07 00:00:00+00:00, run_after=2024-11-08 00:00:00+00:00
[2024-11-08T14:52:05.266+0000] {logging_mixin.py:190} INFO - [2024-11-08T14:52:05.265+0000] {dag.py:4180} INFO - Setting next_dagrun for read_dataset_event_from_classic to 2024-11-07 00:00:00+00:00, run_after=2024-11-08 00:00:00+00:00
[2024-11-08T14:52:05.407+0000] {processor.py:208} INFO - Processing /home/airflow/.local/lib/python3.12/site-packages/airflow/example_dags/example_inlet_event_extra.py took 1.332 seconds
[2024-11-08T14:52:36.570+0000] {processor.py:186} INFO - Started process (PID=2591) to work on /home/airflow/.local/lib/python3.12/site-packages/airflow/example_dags/example_inlet_event_extra.py
[2024-11-08T14:52:36.572+0000] {processor.py:914} INFO - Processing file /home/airflow/.local/lib/python3.12/site-packages/airflow/example_dags/example_inlet_event_extra.py for tasks to queue
[2024-11-08T14:52:36.586+0000] {logging_mixin.py:190} INFO - [2024-11-08T14:52:36.585+0000] {dagbag.py:588} INFO - Filling up the DagBag from /home/airflow/.local/lib/python3.12/site-packages/airflow/example_dags/example_inlet_event_extra.py
[2024-11-08T14:52:37.289+0000] {processor.py:925} INFO - DAG(s) 'read_dataset_event', 'read_dataset_event_from_classic' retrieved from /home/airflow/.local/lib/python3.12/site-packages/airflow/example_dags/example_inlet_event_extra.py
[2024-11-08T14:52:37.309+0000] {logging_mixin.py:190} INFO - [2024-11-08T14:52:37.309+0000] {dag.py:3239} INFO - Sync 2 DAGs
[2024-11-08T14:52:37.334+0000] {logging_mixin.py:190} INFO - [2024-11-08T14:52:37.333+0000] {dag.py:4180} INFO - Setting next_dagrun for read_dataset_event to 2024-11-07 00:00:00+00:00, run_after=2024-11-08 00:00:00+00:00
[2024-11-08T14:52:37.339+0000] {logging_mixin.py:190} INFO - [2024-11-08T14:52:37.339+0000] {dag.py:4180} INFO - Setting next_dagrun for read_dataset_event_from_classic to 2024-11-07 00:00:00+00:00, run_after=2024-11-08 00:00:00+00:00
[2024-11-08T14:52:37.505+0000] {processor.py:208} INFO - Processing /home/airflow/.local/lib/python3.12/site-packages/airflow/example_dags/example_inlet_event_extra.py took 0.944 seconds
[2024-11-08T14:53:07.783+0000] {processor.py:186} INFO - Started process (PID=2654) to work on /home/airflow/.local/lib/python3.12/site-packages/airflow/example_dags/example_inlet_event_extra.py
[2024-11-08T14:53:07.784+0000] {processor.py:914} INFO - Processing file /home/airflow/.local/lib/python3.12/site-packages/airflow/example_dags/example_inlet_event_extra.py for tasks to queue
[2024-11-08T14:53:07.787+0000] {logging_mixin.py:190} INFO - [2024-11-08T14:53:07.786+0000] {dagbag.py:588} INFO - Filling up the DagBag from /home/airflow/.local/lib/python3.12/site-packages/airflow/example_dags/example_inlet_event_extra.py
[2024-11-08T14:53:08.415+0000] {processor.py:925} INFO - DAG(s) 'read_dataset_event', 'read_dataset_event_from_classic' retrieved from /home/airflow/.local/lib/python3.12/site-packages/airflow/example_dags/example_inlet_event_extra.py
[2024-11-08T14:53:08.436+0000] {logging_mixin.py:190} INFO - [2024-11-08T14:53:08.436+0000] {dag.py:3239} INFO - Sync 2 DAGs
[2024-11-08T14:53:08.462+0000] {logging_mixin.py:190} INFO - [2024-11-08T14:53:08.462+0000] {dag.py:4180} INFO - Setting next_dagrun for read_dataset_event to 2024-11-07 00:00:00+00:00, run_after=2024-11-08 00:00:00+00:00
[2024-11-08T14:53:08.468+0000] {logging_mixin.py:190} INFO - [2024-11-08T14:53:08.468+0000] {dag.py:4180} INFO - Setting next_dagrun for read_dataset_event_from_classic to 2024-11-07 00:00:00+00:00, run_after=2024-11-08 00:00:00+00:00
[2024-11-08T14:53:08.661+0000] {processor.py:208} INFO - Processing /home/airflow/.local/lib/python3.12/site-packages/airflow/example_dags/example_inlet_event_extra.py took 0.884 seconds
[2024-11-08T14:53:39.052+0000] {processor.py:186} INFO - Started process (PID=2717) to work on /home/airflow/.local/lib/python3.12/site-packages/airflow/example_dags/example_inlet_event_extra.py
[2024-11-08T14:53:39.054+0000] {processor.py:914} INFO - Processing file /home/airflow/.local/lib/python3.12/site-packages/airflow/example_dags/example_inlet_event_extra.py for tasks to queue
[2024-11-08T14:53:39.058+0000] {logging_mixin.py:190} INFO - [2024-11-08T14:53:39.058+0000] {dagbag.py:588} INFO - Filling up the DagBag from /home/airflow/.local/lib/python3.12/site-packages/airflow/example_dags/example_inlet_event_extra.py
[2024-11-08T14:53:39.635+0000] {processor.py:925} INFO - DAG(s) 'read_dataset_event_from_classic', 'read_dataset_event' retrieved from /home/airflow/.local/lib/python3.12/site-packages/airflow/example_dags/example_inlet_event_extra.py
[2024-11-08T14:53:39.657+0000] {logging_mixin.py:190} INFO - [2024-11-08T14:53:39.657+0000] {dag.py:3239} INFO - Sync 2 DAGs
[2024-11-08T14:53:39.681+0000] {logging_mixin.py:190} INFO - [2024-11-08T14:53:39.681+0000] {dag.py:4180} INFO - Setting next_dagrun for read_dataset_event to 2024-11-07 00:00:00+00:00, run_after=2024-11-08 00:00:00+00:00
[2024-11-08T14:53:39.687+0000] {logging_mixin.py:190} INFO - [2024-11-08T14:53:39.687+0000] {dag.py:4180} INFO - Setting next_dagrun for read_dataset_event_from_classic to 2024-11-07 00:00:00+00:00, run_after=2024-11-08 00:00:00+00:00
[2024-11-08T14:53:39.732+0000] {processor.py:208} INFO - Processing /home/airflow/.local/lib/python3.12/site-packages/airflow/example_dags/example_inlet_event_extra.py took 0.691 seconds
[2024-11-08T14:54:09.848+0000] {processor.py:186} INFO - Started process (PID=2780) to work on /home/airflow/.local/lib/python3.12/site-packages/airflow/example_dags/example_inlet_event_extra.py
[2024-11-08T14:54:09.849+0000] {processor.py:914} INFO - Processing file /home/airflow/.local/lib/python3.12/site-packages/airflow/example_dags/example_inlet_event_extra.py for tasks to queue
[2024-11-08T14:54:09.851+0000] {logging_mixin.py:190} INFO - [2024-11-08T14:54:09.851+0000] {dagbag.py:588} INFO - Filling up the DagBag from /home/airflow/.local/lib/python3.12/site-packages/airflow/example_dags/example_inlet_event_extra.py
[2024-11-08T14:54:10.428+0000] {processor.py:925} INFO - DAG(s) 'read_dataset_event', 'read_dataset_event_from_classic' retrieved from /home/airflow/.local/lib/python3.12/site-packages/airflow/example_dags/example_inlet_event_extra.py
[2024-11-08T14:54:10.448+0000] {logging_mixin.py:190} INFO - [2024-11-08T14:54:10.448+0000] {dag.py:3239} INFO - Sync 2 DAGs
[2024-11-08T14:54:10.473+0000] {logging_mixin.py:190} INFO - [2024-11-08T14:54:10.473+0000] {dag.py:4180} INFO - Setting next_dagrun for read_dataset_event to 2024-11-07 00:00:00+00:00, run_after=2024-11-08 00:00:00+00:00
[2024-11-08T14:54:10.479+0000] {logging_mixin.py:190} INFO - [2024-11-08T14:54:10.479+0000] {dag.py:4180} INFO - Setting next_dagrun for read_dataset_event_from_classic to 2024-11-07 00:00:00+00:00, run_after=2024-11-08 00:00:00+00:00
[2024-11-08T14:54:10.727+0000] {processor.py:208} INFO - Processing /home/airflow/.local/lib/python3.12/site-packages/airflow/example_dags/example_inlet_event_extra.py took 0.886 seconds
[2024-11-08T14:54:41.136+0000] {processor.py:186} INFO - Started process (PID=2843) to work on /home/airflow/.local/lib/python3.12/site-packages/airflow/example_dags/example_inlet_event_extra.py
[2024-11-08T14:54:41.138+0000] {processor.py:914} INFO - Processing file /home/airflow/.local/lib/python3.12/site-packages/airflow/example_dags/example_inlet_event_extra.py for tasks to queue
[2024-11-08T14:54:41.142+0000] {logging_mixin.py:190} INFO - [2024-11-08T14:54:41.141+0000] {dagbag.py:588} INFO - Filling up the DagBag from /home/airflow/.local/lib/python3.12/site-packages/airflow/example_dags/example_inlet_event_extra.py
[2024-11-08T14:54:42.315+0000] {processor.py:925} INFO - DAG(s) 'read_dataset_event', 'read_dataset_event_from_classic' retrieved from /home/airflow/.local/lib/python3.12/site-packages/airflow/example_dags/example_inlet_event_extra.py
[2024-11-08T14:54:42.343+0000] {logging_mixin.py:190} INFO - [2024-11-08T14:54:42.343+0000] {dag.py:3239} INFO - Sync 2 DAGs
[2024-11-08T14:54:42.379+0000] {logging_mixin.py:190} INFO - [2024-11-08T14:54:42.379+0000] {dag.py:4180} INFO - Setting next_dagrun for read_dataset_event to 2024-11-07 00:00:00+00:00, run_after=2024-11-08 00:00:00+00:00
[2024-11-08T14:54:42.387+0000] {logging_mixin.py:190} INFO - [2024-11-08T14:54:42.387+0000] {dag.py:4180} INFO - Setting next_dagrun for read_dataset_event_from_classic to 2024-11-07 00:00:00+00:00, run_after=2024-11-08 00:00:00+00:00
[2024-11-08T14:54:42.662+0000] {processor.py:208} INFO - Processing /home/airflow/.local/lib/python3.12/site-packages/airflow/example_dags/example_inlet_event_extra.py took 1.535 seconds
[2024-11-08T14:55:12.769+0000] {processor.py:186} INFO - Started process (PID=2906) to work on /home/airflow/.local/lib/python3.12/site-packages/airflow/example_dags/example_inlet_event_extra.py
[2024-11-08T14:55:12.770+0000] {processor.py:914} INFO - Processing file /home/airflow/.local/lib/python3.12/site-packages/airflow/example_dags/example_inlet_event_extra.py for tasks to queue
[2024-11-08T14:55:12.773+0000] {logging_mixin.py:190} INFO - [2024-11-08T14:55:12.773+0000] {dagbag.py:588} INFO - Filling up the DagBag from /home/airflow/.local/lib/python3.12/site-packages/airflow/example_dags/example_inlet_event_extra.py
[2024-11-08T14:55:13.449+0000] {processor.py:925} INFO - DAG(s) 'read_dataset_event_from_classic', 'read_dataset_event' retrieved from /home/airflow/.local/lib/python3.12/site-packages/airflow/example_dags/example_inlet_event_extra.py
[2024-11-08T14:55:13.469+0000] {logging_mixin.py:190} INFO - [2024-11-08T14:55:13.469+0000] {dag.py:3239} INFO - Sync 2 DAGs
[2024-11-08T14:55:13.494+0000] {logging_mixin.py:190} INFO - [2024-11-08T14:55:13.494+0000] {dag.py:4180} INFO - Setting next_dagrun for read_dataset_event to 2024-11-07 00:00:00+00:00, run_after=2024-11-08 00:00:00+00:00
[2024-11-08T14:55:13.499+0000] {logging_mixin.py:190} INFO - [2024-11-08T14:55:13.499+0000] {dag.py:4180} INFO - Setting next_dagrun for read_dataset_event_from_classic to 2024-11-07 00:00:00+00:00, run_after=2024-11-08 00:00:00+00:00
[2024-11-08T14:55:13.557+0000] {processor.py:208} INFO - Processing /home/airflow/.local/lib/python3.12/site-packages/airflow/example_dags/example_inlet_event_extra.py took 0.800 seconds
[2024-11-08T14:55:44.654+0000] {processor.py:186} INFO - Started process (PID=2972) to work on /home/airflow/.local/lib/python3.12/site-packages/airflow/example_dags/example_inlet_event_extra.py
[2024-11-08T14:55:44.655+0000] {processor.py:914} INFO - Processing file /home/airflow/.local/lib/python3.12/site-packages/airflow/example_dags/example_inlet_event_extra.py for tasks to queue
[2024-11-08T14:55:44.658+0000] {logging_mixin.py:190} INFO - [2024-11-08T14:55:44.657+0000] {dagbag.py:588} INFO - Filling up the DagBag from /home/airflow/.local/lib/python3.12/site-packages/airflow/example_dags/example_inlet_event_extra.py
[2024-11-08T14:55:45.288+0000] {processor.py:925} INFO - DAG(s) 'read_dataset_event_from_classic', 'read_dataset_event' retrieved from /home/airflow/.local/lib/python3.12/site-packages/airflow/example_dags/example_inlet_event_extra.py
[2024-11-08T14:55:45.312+0000] {logging_mixin.py:190} INFO - [2024-11-08T14:55:45.311+0000] {dag.py:3239} INFO - Sync 2 DAGs
[2024-11-08T14:55:45.346+0000] {logging_mixin.py:190} INFO - [2024-11-08T14:55:45.346+0000] {dag.py:4180} INFO - Setting next_dagrun for read_dataset_event to 2024-11-07 00:00:00+00:00, run_after=2024-11-08 00:00:00+00:00
[2024-11-08T14:55:45.353+0000] {logging_mixin.py:190} INFO - [2024-11-08T14:55:45.352+0000] {dag.py:4180} INFO - Setting next_dagrun for read_dataset_event_from_classic to 2024-11-07 00:00:00+00:00, run_after=2024-11-08 00:00:00+00:00
[2024-11-08T14:55:45.565+0000] {processor.py:208} INFO - Processing /home/airflow/.local/lib/python3.12/site-packages/airflow/example_dags/example_inlet_event_extra.py took 0.916 seconds
[2024-11-08T14:56:15.931+0000] {processor.py:186} INFO - Started process (PID=3035) to work on /home/airflow/.local/lib/python3.12/site-packages/airflow/example_dags/example_inlet_event_extra.py
[2024-11-08T14:56:15.932+0000] {processor.py:914} INFO - Processing file /home/airflow/.local/lib/python3.12/site-packages/airflow/example_dags/example_inlet_event_extra.py for tasks to queue
[2024-11-08T14:56:15.935+0000] {logging_mixin.py:190} INFO - [2024-11-08T14:56:15.934+0000] {dagbag.py:588} INFO - Filling up the DagBag from /home/airflow/.local/lib/python3.12/site-packages/airflow/example_dags/example_inlet_event_extra.py
[2024-11-08T14:56:16.836+0000] {processor.py:925} INFO - DAG(s) 'read_dataset_event_from_classic', 'read_dataset_event' retrieved from /home/airflow/.local/lib/python3.12/site-packages/airflow/example_dags/example_inlet_event_extra.py
[2024-11-08T14:56:16.863+0000] {logging_mixin.py:190} INFO - [2024-11-08T14:56:16.863+0000] {dag.py:3239} INFO - Sync 2 DAGs
[2024-11-08T14:56:16.895+0000] {logging_mixin.py:190} INFO - [2024-11-08T14:56:16.895+0000] {dag.py:4180} INFO - Setting next_dagrun for read_dataset_event to 2024-11-07 00:00:00+00:00, run_after=2024-11-08 00:00:00+00:00
[2024-11-08T14:56:16.904+0000] {logging_mixin.py:190} INFO - [2024-11-08T14:56:16.903+0000] {dag.py:4180} INFO - Setting next_dagrun for read_dataset_event_from_classic to 2024-11-07 00:00:00+00:00, run_after=2024-11-08 00:00:00+00:00
[2024-11-08T14:56:16.935+0000] {processor.py:208} INFO - Processing /home/airflow/.local/lib/python3.12/site-packages/airflow/example_dags/example_inlet_event_extra.py took 1.019 seconds
[2024-11-08T14:56:47.032+0000] {processor.py:186} INFO - Started process (PID=3100) to work on /home/airflow/.local/lib/python3.12/site-packages/airflow/example_dags/example_inlet_event_extra.py
[2024-11-08T14:56:47.033+0000] {processor.py:914} INFO - Processing file /home/airflow/.local/lib/python3.12/site-packages/airflow/example_dags/example_inlet_event_extra.py for tasks to queue
[2024-11-08T14:56:47.037+0000] {logging_mixin.py:190} INFO - [2024-11-08T14:56:47.036+0000] {dagbag.py:588} INFO - Filling up the DagBag from /home/airflow/.local/lib/python3.12/site-packages/airflow/example_dags/example_inlet_event_extra.py
[2024-11-08T14:56:48.150+0000] {processor.py:925} INFO - DAG(s) 'read_dataset_event', 'read_dataset_event_from_classic' retrieved from /home/airflow/.local/lib/python3.12/site-packages/airflow/example_dags/example_inlet_event_extra.py
[2024-11-08T14:56:48.179+0000] {logging_mixin.py:190} INFO - [2024-11-08T14:56:48.178+0000] {dag.py:3239} INFO - Sync 2 DAGs
[2024-11-08T14:56:48.213+0000] {logging_mixin.py:190} INFO - [2024-11-08T14:56:48.213+0000] {dag.py:4180} INFO - Setting next_dagrun for read_dataset_event to 2024-11-07 00:00:00+00:00, run_after=2024-11-08 00:00:00+00:00
[2024-11-08T14:56:48.219+0000] {logging_mixin.py:190} INFO - [2024-11-08T14:56:48.219+0000] {dag.py:4180} INFO - Setting next_dagrun for read_dataset_event_from_classic to 2024-11-07 00:00:00+00:00, run_after=2024-11-08 00:00:00+00:00
[2024-11-08T14:56:48.300+0000] {processor.py:208} INFO - Processing /home/airflow/.local/lib/python3.12/site-packages/airflow/example_dags/example_inlet_event_extra.py took 1.277 seconds
[2024-11-08T14:57:18.979+0000] {processor.py:186} INFO - Started process (PID=3163) to work on /home/airflow/.local/lib/python3.12/site-packages/airflow/example_dags/example_inlet_event_extra.py
[2024-11-08T14:57:18.980+0000] {processor.py:914} INFO - Processing file /home/airflow/.local/lib/python3.12/site-packages/airflow/example_dags/example_inlet_event_extra.py for tasks to queue
[2024-11-08T14:57:18.983+0000] {logging_mixin.py:190} INFO - [2024-11-08T14:57:18.982+0000] {dagbag.py:588} INFO - Filling up the DagBag from /home/airflow/.local/lib/python3.12/site-packages/airflow/example_dags/example_inlet_event_extra.py
[2024-11-08T14:57:19.891+0000] {processor.py:925} INFO - DAG(s) 'read_dataset_event_from_classic', 'read_dataset_event' retrieved from /home/airflow/.local/lib/python3.12/site-packages/airflow/example_dags/example_inlet_event_extra.py
[2024-11-08T14:57:19.921+0000] {logging_mixin.py:190} INFO - [2024-11-08T14:57:19.921+0000] {dag.py:3239} INFO - Sync 2 DAGs
[2024-11-08T14:57:19.952+0000] {logging_mixin.py:190} INFO - [2024-11-08T14:57:19.951+0000] {dag.py:4180} INFO - Setting next_dagrun for read_dataset_event to 2024-11-07 00:00:00+00:00, run_after=2024-11-08 00:00:00+00:00
[2024-11-08T14:57:19.958+0000] {logging_mixin.py:190} INFO - [2024-11-08T14:57:19.958+0000] {dag.py:4180} INFO - Setting next_dagrun for read_dataset_event_from_classic to 2024-11-07 00:00:00+00:00, run_after=2024-11-08 00:00:00+00:00
[2024-11-08T14:57:20.103+0000] {processor.py:208} INFO - Processing /home/airflow/.local/lib/python3.12/site-packages/airflow/example_dags/example_inlet_event_extra.py took 1.134 seconds
[2024-11-08T14:57:50.194+0000] {processor.py:186} INFO - Started process (PID=3228) to work on /home/airflow/.local/lib/python3.12/site-packages/airflow/example_dags/example_inlet_event_extra.py
[2024-11-08T14:57:50.196+0000] {processor.py:914} INFO - Processing file /home/airflow/.local/lib/python3.12/site-packages/airflow/example_dags/example_inlet_event_extra.py for tasks to queue
[2024-11-08T14:57:50.198+0000] {logging_mixin.py:190} INFO - [2024-11-08T14:57:50.198+0000] {dagbag.py:588} INFO - Filling up the DagBag from /home/airflow/.local/lib/python3.12/site-packages/airflow/example_dags/example_inlet_event_extra.py
[2024-11-08T14:57:50.607+0000] {processor.py:925} INFO - DAG(s) 'read_dataset_event_from_classic', 'read_dataset_event' retrieved from /home/airflow/.local/lib/python3.12/site-packages/airflow/example_dags/example_inlet_event_extra.py
[2024-11-08T14:57:50.628+0000] {logging_mixin.py:190} INFO - [2024-11-08T14:57:50.628+0000] {dag.py:3239} INFO - Sync 2 DAGs
[2024-11-08T14:57:50.653+0000] {logging_mixin.py:190} INFO - [2024-11-08T14:57:50.653+0000] {dag.py:4180} INFO - Setting next_dagrun for read_dataset_event to 2024-11-07 00:00:00+00:00, run_after=2024-11-08 00:00:00+00:00
[2024-11-08T14:57:50.659+0000] {logging_mixin.py:190} INFO - [2024-11-08T14:57:50.658+0000] {dag.py:4180} INFO - Setting next_dagrun for read_dataset_event_from_classic to 2024-11-07 00:00:00+00:00, run_after=2024-11-08 00:00:00+00:00
[2024-11-08T14:57:50.687+0000] {processor.py:208} INFO - Processing /home/airflow/.local/lib/python3.12/site-packages/airflow/example_dags/example_inlet_event_extra.py took 0.501 seconds
[2024-11-08T14:58:20.779+0000] {processor.py:186} INFO - Started process (PID=3292) to work on /home/airflow/.local/lib/python3.12/site-packages/airflow/example_dags/example_inlet_event_extra.py
[2024-11-08T14:58:20.781+0000] {processor.py:914} INFO - Processing file /home/airflow/.local/lib/python3.12/site-packages/airflow/example_dags/example_inlet_event_extra.py for tasks to queue
[2024-11-08T14:58:20.783+0000] {logging_mixin.py:190} INFO - [2024-11-08T14:58:20.783+0000] {dagbag.py:588} INFO - Filling up the DagBag from /home/airflow/.local/lib/python3.12/site-packages/airflow/example_dags/example_inlet_event_extra.py
[2024-11-08T14:58:21.209+0000] {processor.py:925} INFO - DAG(s) 'read_dataset_event_from_classic', 'read_dataset_event' retrieved from /home/airflow/.local/lib/python3.12/site-packages/airflow/example_dags/example_inlet_event_extra.py
[2024-11-08T14:58:21.231+0000] {logging_mixin.py:190} INFO - [2024-11-08T14:58:21.231+0000] {dag.py:3239} INFO - Sync 2 DAGs
[2024-11-08T14:58:21.258+0000] {logging_mixin.py:190} INFO - [2024-11-08T14:58:21.258+0000] {dag.py:4180} INFO - Setting next_dagrun for read_dataset_event to 2024-11-07 00:00:00+00:00, run_after=2024-11-08 00:00:00+00:00
[2024-11-08T14:58:21.263+0000] {logging_mixin.py:190} INFO - [2024-11-08T14:58:21.263+0000] {dag.py:4180} INFO - Setting next_dagrun for read_dataset_event_from_classic to 2024-11-07 00:00:00+00:00, run_after=2024-11-08 00:00:00+00:00
[2024-11-08T14:58:21.416+0000] {processor.py:208} INFO - Processing /home/airflow/.local/lib/python3.12/site-packages/airflow/example_dags/example_inlet_event_extra.py took 0.643 seconds
[2024-11-08T14:58:52.169+0000] {processor.py:186} INFO - Started process (PID=3356) to work on /home/airflow/.local/lib/python3.12/site-packages/airflow/example_dags/example_inlet_event_extra.py
[2024-11-08T14:58:52.170+0000] {processor.py:914} INFO - Processing file /home/airflow/.local/lib/python3.12/site-packages/airflow/example_dags/example_inlet_event_extra.py for tasks to queue
[2024-11-08T14:58:52.173+0000] {logging_mixin.py:190} INFO - [2024-11-08T14:58:52.172+0000] {dagbag.py:588} INFO - Filling up the DagBag from /home/airflow/.local/lib/python3.12/site-packages/airflow/example_dags/example_inlet_event_extra.py
[2024-11-08T14:58:52.585+0000] {processor.py:925} INFO - DAG(s) 'read_dataset_event', 'read_dataset_event_from_classic' retrieved from /home/airflow/.local/lib/python3.12/site-packages/airflow/example_dags/example_inlet_event_extra.py
[2024-11-08T14:58:52.606+0000] {logging_mixin.py:190} INFO - [2024-11-08T14:58:52.606+0000] {dag.py:3239} INFO - Sync 2 DAGs
[2024-11-08T14:58:52.632+0000] {logging_mixin.py:190} INFO - [2024-11-08T14:58:52.632+0000] {dag.py:4180} INFO - Setting next_dagrun for read_dataset_event to 2024-11-07 00:00:00+00:00, run_after=2024-11-08 00:00:00+00:00
[2024-11-08T14:58:52.637+0000] {logging_mixin.py:190} INFO - [2024-11-08T14:58:52.637+0000] {dag.py:4180} INFO - Setting next_dagrun for read_dataset_event_from_classic to 2024-11-07 00:00:00+00:00, run_after=2024-11-08 00:00:00+00:00
[2024-11-08T14:58:52.842+0000] {processor.py:208} INFO - Processing /home/airflow/.local/lib/python3.12/site-packages/airflow/example_dags/example_inlet_event_extra.py took 0.679 seconds
[2024-11-08T14:59:23.019+0000] {processor.py:186} INFO - Started process (PID=3420) to work on /home/airflow/.local/lib/python3.12/site-packages/airflow/example_dags/example_inlet_event_extra.py
[2024-11-08T14:59:23.021+0000] {processor.py:914} INFO - Processing file /home/airflow/.local/lib/python3.12/site-packages/airflow/example_dags/example_inlet_event_extra.py for tasks to queue
[2024-11-08T14:59:23.023+0000] {logging_mixin.py:190} INFO - [2024-11-08T14:59:23.023+0000] {dagbag.py:588} INFO - Filling up the DagBag from /home/airflow/.local/lib/python3.12/site-packages/airflow/example_dags/example_inlet_event_extra.py
[2024-11-08T14:59:23.412+0000] {processor.py:925} INFO - DAG(s) 'read_dataset_event_from_classic', 'read_dataset_event' retrieved from /home/airflow/.local/lib/python3.12/site-packages/airflow/example_dags/example_inlet_event_extra.py
[2024-11-08T14:59:23.433+0000] {logging_mixin.py:190} INFO - [2024-11-08T14:59:23.433+0000] {dag.py:3239} INFO - Sync 2 DAGs
[2024-11-08T14:59:23.460+0000] {logging_mixin.py:190} INFO - [2024-11-08T14:59:23.460+0000] {dag.py:4180} INFO - Setting next_dagrun for read_dataset_event to 2024-11-07 00:00:00+00:00, run_after=2024-11-08 00:00:00+00:00
[2024-11-08T14:59:23.465+0000] {logging_mixin.py:190} INFO - [2024-11-08T14:59:23.465+0000] {dag.py:4180} INFO - Setting next_dagrun for read_dataset_event_from_classic to 2024-11-07 00:00:00+00:00, run_after=2024-11-08 00:00:00+00:00
[2024-11-08T14:59:23.491+0000] {processor.py:208} INFO - Processing /home/airflow/.local/lib/python3.12/site-packages/airflow/example_dags/example_inlet_event_extra.py took 0.478 seconds
[2024-11-08T14:59:53.536+0000] {processor.py:186} INFO - Started process (PID=3484) to work on /home/airflow/.local/lib/python3.12/site-packages/airflow/example_dags/example_inlet_event_extra.py
[2024-11-08T14:59:53.537+0000] {processor.py:914} INFO - Processing file /home/airflow/.local/lib/python3.12/site-packages/airflow/example_dags/example_inlet_event_extra.py for tasks to queue
[2024-11-08T14:59:53.539+0000] {logging_mixin.py:190} INFO - [2024-11-08T14:59:53.539+0000] {dagbag.py:588} INFO - Filling up the DagBag from /home/airflow/.local/lib/python3.12/site-packages/airflow/example_dags/example_inlet_event_extra.py
[2024-11-08T14:59:53.917+0000] {processor.py:925} INFO - DAG(s) 'read_dataset_event', 'read_dataset_event_from_classic' retrieved from /home/airflow/.local/lib/python3.12/site-packages/airflow/example_dags/example_inlet_event_extra.py
[2024-11-08T14:59:53.939+0000] {logging_mixin.py:190} INFO - [2024-11-08T14:59:53.939+0000] {dag.py:3239} INFO - Sync 2 DAGs
[2024-11-08T14:59:53.966+0000] {logging_mixin.py:190} INFO - [2024-11-08T14:59:53.965+0000] {dag.py:4180} INFO - Setting next_dagrun for read_dataset_event to 2024-11-07 00:00:00+00:00, run_after=2024-11-08 00:00:00+00:00
[2024-11-08T14:59:53.971+0000] {logging_mixin.py:190} INFO - [2024-11-08T14:59:53.970+0000] {dag.py:4180} INFO - Setting next_dagrun for read_dataset_event_from_classic to 2024-11-07 00:00:00+00:00, run_after=2024-11-08 00:00:00+00:00
[2024-11-08T14:59:53.990+0000] {processor.py:208} INFO - Processing /home/airflow/.local/lib/python3.12/site-packages/airflow/example_dags/example_inlet_event_extra.py took 0.460 seconds
[2024-11-08T15:00:24.064+0000] {processor.py:186} INFO - Started process (PID=3547) to work on /home/airflow/.local/lib/python3.12/site-packages/airflow/example_dags/example_inlet_event_extra.py
[2024-11-08T15:00:24.065+0000] {processor.py:914} INFO - Processing file /home/airflow/.local/lib/python3.12/site-packages/airflow/example_dags/example_inlet_event_extra.py for tasks to queue
[2024-11-08T15:00:24.067+0000] {logging_mixin.py:190} INFO - [2024-11-08T15:00:24.067+0000] {dagbag.py:588} INFO - Filling up the DagBag from /home/airflow/.local/lib/python3.12/site-packages/airflow/example_dags/example_inlet_event_extra.py
[2024-11-08T15:00:24.447+0000] {processor.py:925} INFO - DAG(s) 'read_dataset_event_from_classic', 'read_dataset_event' retrieved from /home/airflow/.local/lib/python3.12/site-packages/airflow/example_dags/example_inlet_event_extra.py
[2024-11-08T15:00:24.468+0000] {logging_mixin.py:190} INFO - [2024-11-08T15:00:24.467+0000] {dag.py:3239} INFO - Sync 2 DAGs
[2024-11-08T15:00:24.493+0000] {logging_mixin.py:190} INFO - [2024-11-08T15:00:24.492+0000] {dag.py:4180} INFO - Setting next_dagrun for read_dataset_event to 2024-11-07 00:00:00+00:00, run_after=2024-11-08 00:00:00+00:00
[2024-11-08T15:00:24.498+0000] {logging_mixin.py:190} INFO - [2024-11-08T15:00:24.498+0000] {dag.py:4180} INFO - Setting next_dagrun for read_dataset_event_from_classic to 2024-11-07 00:00:00+00:00, run_after=2024-11-08 00:00:00+00:00
[2024-11-08T15:00:24.527+0000] {processor.py:208} INFO - Processing /home/airflow/.local/lib/python3.12/site-packages/airflow/example_dags/example_inlet_event_extra.py took 0.470 seconds
[2024-11-08T15:00:54.604+0000] {processor.py:186} INFO - Started process (PID=3610) to work on /home/airflow/.local/lib/python3.12/site-packages/airflow/example_dags/example_inlet_event_extra.py
[2024-11-08T15:00:54.605+0000] {processor.py:914} INFO - Processing file /home/airflow/.local/lib/python3.12/site-packages/airflow/example_dags/example_inlet_event_extra.py for tasks to queue
[2024-11-08T15:00:54.608+0000] {logging_mixin.py:190} INFO - [2024-11-08T15:00:54.608+0000] {dagbag.py:588} INFO - Filling up the DagBag from /home/airflow/.local/lib/python3.12/site-packages/airflow/example_dags/example_inlet_event_extra.py
[2024-11-08T15:00:55.048+0000] {processor.py:925} INFO - DAG(s) 'read_dataset_event_from_classic', 'read_dataset_event' retrieved from /home/airflow/.local/lib/python3.12/site-packages/airflow/example_dags/example_inlet_event_extra.py
[2024-11-08T15:00:55.069+0000] {logging_mixin.py:190} INFO - [2024-11-08T15:00:55.068+0000] {dag.py:3239} INFO - Sync 2 DAGs
[2024-11-08T15:00:55.096+0000] {logging_mixin.py:190} INFO - [2024-11-08T15:00:55.095+0000] {dag.py:4180} INFO - Setting next_dagrun for read_dataset_event to 2024-11-07 00:00:00+00:00, run_after=2024-11-08 00:00:00+00:00
[2024-11-08T15:00:55.101+0000] {logging_mixin.py:190} INFO - [2024-11-08T15:00:55.101+0000] {dag.py:4180} INFO - Setting next_dagrun for read_dataset_event_from_classic to 2024-11-07 00:00:00+00:00, run_after=2024-11-08 00:00:00+00:00
[2024-11-08T15:00:55.363+0000] {processor.py:208} INFO - Processing /home/airflow/.local/lib/python3.12/site-packages/airflow/example_dags/example_inlet_event_extra.py took 0.766 seconds
[2024-11-08T15:01:25.848+0000] {processor.py:186} INFO - Started process (PID=3672) to work on /home/airflow/.local/lib/python3.12/site-packages/airflow/example_dags/example_inlet_event_extra.py
[2024-11-08T15:01:25.850+0000] {processor.py:914} INFO - Processing file /home/airflow/.local/lib/python3.12/site-packages/airflow/example_dags/example_inlet_event_extra.py for tasks to queue
[2024-11-08T15:01:25.853+0000] {logging_mixin.py:190} INFO - [2024-11-08T15:01:25.853+0000] {dagbag.py:588} INFO - Filling up the DagBag from /home/airflow/.local/lib/python3.12/site-packages/airflow/example_dags/example_inlet_event_extra.py
[2024-11-08T15:01:26.306+0000] {processor.py:925} INFO - DAG(s) 'read_dataset_event', 'read_dataset_event_from_classic' retrieved from /home/airflow/.local/lib/python3.12/site-packages/airflow/example_dags/example_inlet_event_extra.py
[2024-11-08T15:01:26.330+0000] {logging_mixin.py:190} INFO - [2024-11-08T15:01:26.330+0000] {dag.py:3239} INFO - Sync 2 DAGs
[2024-11-08T15:01:26.360+0000] {logging_mixin.py:190} INFO - [2024-11-08T15:01:26.359+0000] {dag.py:4180} INFO - Setting next_dagrun for read_dataset_event to 2024-11-07 00:00:00+00:00, run_after=2024-11-08 00:00:00+00:00
[2024-11-08T15:01:26.368+0000] {logging_mixin.py:190} INFO - [2024-11-08T15:01:26.367+0000] {dag.py:4180} INFO - Setting next_dagrun for read_dataset_event_from_classic to 2024-11-07 00:00:00+00:00, run_after=2024-11-08 00:00:00+00:00
[2024-11-08T15:01:26.389+0000] {processor.py:208} INFO - Processing /home/airflow/.local/lib/python3.12/site-packages/airflow/example_dags/example_inlet_event_extra.py took 0.548 seconds
