[2024-11-08T14:32:05.135+0000] {processor.py:186} INFO - Started process (PID=79) to work on /home/airflow/.local/lib/python3.12/site-packages/airflow/example_dags/example_task_group.py
[2024-11-08T14:32:05.137+0000] {processor.py:914} INFO - Processing file /home/airflow/.local/lib/python3.12/site-packages/airflow/example_dags/example_task_group.py for tasks to queue
[2024-11-08T14:32:05.140+0000] {logging_mixin.py:190} INFO - [2024-11-08T14:32:05.140+0000] {dagbag.py:588} INFO - Filling up the DagBag from /home/airflow/.local/lib/python3.12/site-packages/airflow/example_dags/example_task_group.py
[2024-11-08T14:32:05.161+0000] {processor.py:925} INFO - DAG(s) 'example_task_group' retrieved from /home/airflow/.local/lib/python3.12/site-packages/airflow/example_dags/example_task_group.py
[2024-11-08T14:32:05.325+0000] {logging_mixin.py:190} INFO - [2024-11-08T14:32:05.325+0000] {override.py:1911} INFO - Created Permission View: can delete on DAG:example_task_group
[2024-11-08T14:32:05.341+0000] {logging_mixin.py:190} INFO - [2024-11-08T14:32:05.340+0000] {override.py:1911} INFO - Created Permission View: can edit on DAG:example_task_group
[2024-11-08T14:32:05.351+0000] {logging_mixin.py:190} INFO - [2024-11-08T14:32:05.351+0000] {override.py:1911} INFO - Created Permission View: can read on DAG:example_task_group
[2024-11-08T14:32:05.372+0000] {logging_mixin.py:190} INFO - [2024-11-08T14:32:05.371+0000] {override.py:1911} INFO - Created Permission View: can create on DAG Run:example_task_group
[2024-11-08T14:32:05.382+0000] {logging_mixin.py:190} INFO - [2024-11-08T14:32:05.382+0000] {override.py:1911} INFO - Created Permission View: menu access on DAG Run:example_task_group
[2024-11-08T14:32:05.393+0000] {logging_mixin.py:190} INFO - [2024-11-08T14:32:05.392+0000] {override.py:1911} INFO - Created Permission View: can delete on DAG Run:example_task_group
[2024-11-08T14:32:05.410+0000] {logging_mixin.py:190} INFO - [2024-11-08T14:32:05.409+0000] {override.py:1911} INFO - Created Permission View: can read on DAG Run:example_task_group
[2024-11-08T14:32:05.411+0000] {logging_mixin.py:190} INFO - [2024-11-08T14:32:05.410+0000] {dag.py:3239} INFO - Sync 1 DAGs
[2024-11-08T14:32:05.427+0000] {logging_mixin.py:190} INFO - [2024-11-08T14:32:05.427+0000] {dag.py:3262} INFO - Creating ORM DAG for example_task_group
[2024-11-08T14:32:05.428+0000] {logging_mixin.py:190} INFO - [2024-11-08T14:32:05.428+0000] {dag.py:4180} INFO - Setting next_dagrun for example_task_group to None, run_after=None
[2024-11-08T14:32:05.456+0000] {processor.py:208} INFO - Processing /home/airflow/.local/lib/python3.12/site-packages/airflow/example_dags/example_task_group.py took 0.327 seconds
[2024-11-08T14:32:38.640+0000] {processor.py:186} INFO - Started process (PID=142) to work on /home/airflow/.local/lib/python3.12/site-packages/airflow/example_dags/example_task_group.py
[2024-11-08T14:32:38.642+0000] {processor.py:914} INFO - Processing file /home/airflow/.local/lib/python3.12/site-packages/airflow/example_dags/example_task_group.py for tasks to queue
[2024-11-08T14:32:38.646+0000] {logging_mixin.py:190} INFO - [2024-11-08T14:32:38.645+0000] {dagbag.py:588} INFO - Filling up the DagBag from /home/airflow/.local/lib/python3.12/site-packages/airflow/example_dags/example_task_group.py
[2024-11-08T14:32:38.662+0000] {processor.py:925} INFO - DAG(s) 'example_task_group' retrieved from /home/airflow/.local/lib/python3.12/site-packages/airflow/example_dags/example_task_group.py
[2024-11-08T14:32:38.690+0000] {logging_mixin.py:190} INFO - [2024-11-08T14:32:38.689+0000] {dag.py:3239} INFO - Sync 1 DAGs
[2024-11-08T14:32:38.713+0000] {logging_mixin.py:190} INFO - [2024-11-08T14:32:38.713+0000] {dag.py:4180} INFO - Setting next_dagrun for example_task_group to None, run_after=None
[2024-11-08T14:32:38.747+0000] {processor.py:208} INFO - Processing /home/airflow/.local/lib/python3.12/site-packages/airflow/example_dags/example_task_group.py took 0.114 seconds
[2024-11-08T14:33:09.971+0000] {processor.py:186} INFO - Started process (PID=205) to work on /home/airflow/.local/lib/python3.12/site-packages/airflow/example_dags/example_task_group.py
[2024-11-08T14:33:09.972+0000] {processor.py:914} INFO - Processing file /home/airflow/.local/lib/python3.12/site-packages/airflow/example_dags/example_task_group.py for tasks to queue
[2024-11-08T14:33:09.975+0000] {logging_mixin.py:190} INFO - [2024-11-08T14:33:09.974+0000] {dagbag.py:588} INFO - Filling up the DagBag from /home/airflow/.local/lib/python3.12/site-packages/airflow/example_dags/example_task_group.py
[2024-11-08T14:33:10.029+0000] {processor.py:925} INFO - DAG(s) 'example_task_group' retrieved from /home/airflow/.local/lib/python3.12/site-packages/airflow/example_dags/example_task_group.py
[2024-11-08T14:33:10.055+0000] {logging_mixin.py:190} INFO - [2024-11-08T14:33:10.055+0000] {dag.py:3239} INFO - Sync 1 DAGs
[2024-11-08T14:33:10.071+0000] {logging_mixin.py:190} INFO - [2024-11-08T14:33:10.070+0000] {dag.py:4180} INFO - Setting next_dagrun for example_task_group to None, run_after=None
[2024-11-08T14:33:10.093+0000] {processor.py:208} INFO - Processing /home/airflow/.local/lib/python3.12/site-packages/airflow/example_dags/example_task_group.py took 0.129 seconds
[2024-11-08T14:33:42.185+0000] {processor.py:186} INFO - Started process (PID=268) to work on /home/airflow/.local/lib/python3.12/site-packages/airflow/example_dags/example_task_group.py
[2024-11-08T14:33:42.187+0000] {processor.py:914} INFO - Processing file /home/airflow/.local/lib/python3.12/site-packages/airflow/example_dags/example_task_group.py for tasks to queue
[2024-11-08T14:33:42.190+0000] {logging_mixin.py:190} INFO - [2024-11-08T14:33:42.189+0000] {dagbag.py:588} INFO - Filling up the DagBag from /home/airflow/.local/lib/python3.12/site-packages/airflow/example_dags/example_task_group.py
[2024-11-08T14:33:42.225+0000] {processor.py:925} INFO - DAG(s) 'example_task_group' retrieved from /home/airflow/.local/lib/python3.12/site-packages/airflow/example_dags/example_task_group.py
[2024-11-08T14:33:42.250+0000] {logging_mixin.py:190} INFO - [2024-11-08T14:33:42.250+0000] {dag.py:3239} INFO - Sync 1 DAGs
[2024-11-08T14:33:42.266+0000] {logging_mixin.py:190} INFO - [2024-11-08T14:33:42.266+0000] {dag.py:4180} INFO - Setting next_dagrun for example_task_group to None, run_after=None
[2024-11-08T14:33:42.290+0000] {processor.py:208} INFO - Processing /home/airflow/.local/lib/python3.12/site-packages/airflow/example_dags/example_task_group.py took 0.110 seconds
[2024-11-08T14:34:13.481+0000] {processor.py:186} INFO - Started process (PID=331) to work on /home/airflow/.local/lib/python3.12/site-packages/airflow/example_dags/example_task_group.py
[2024-11-08T14:34:13.483+0000] {processor.py:914} INFO - Processing file /home/airflow/.local/lib/python3.12/site-packages/airflow/example_dags/example_task_group.py for tasks to queue
[2024-11-08T14:34:13.486+0000] {logging_mixin.py:190} INFO - [2024-11-08T14:34:13.486+0000] {dagbag.py:588} INFO - Filling up the DagBag from /home/airflow/.local/lib/python3.12/site-packages/airflow/example_dags/example_task_group.py
[2024-11-08T14:34:13.497+0000] {processor.py:925} INFO - DAG(s) 'example_task_group' retrieved from /home/airflow/.local/lib/python3.12/site-packages/airflow/example_dags/example_task_group.py
[2024-11-08T14:34:13.522+0000] {logging_mixin.py:190} INFO - [2024-11-08T14:34:13.522+0000] {dag.py:3239} INFO - Sync 1 DAGs
[2024-11-08T14:34:13.541+0000] {logging_mixin.py:190} INFO - [2024-11-08T14:34:13.541+0000] {dag.py:4180} INFO - Setting next_dagrun for example_task_group to None, run_after=None
[2024-11-08T14:34:13.570+0000] {processor.py:208} INFO - Processing /home/airflow/.local/lib/python3.12/site-packages/airflow/example_dags/example_task_group.py took 0.096 seconds
[2024-11-08T14:34:44.483+0000] {processor.py:186} INFO - Started process (PID=394) to work on /home/airflow/.local/lib/python3.12/site-packages/airflow/example_dags/example_task_group.py
[2024-11-08T14:34:44.484+0000] {processor.py:914} INFO - Processing file /home/airflow/.local/lib/python3.12/site-packages/airflow/example_dags/example_task_group.py for tasks to queue
[2024-11-08T14:34:44.486+0000] {logging_mixin.py:190} INFO - [2024-11-08T14:34:44.485+0000] {dagbag.py:588} INFO - Filling up the DagBag from /home/airflow/.local/lib/python3.12/site-packages/airflow/example_dags/example_task_group.py
[2024-11-08T14:34:44.495+0000] {processor.py:925} INFO - DAG(s) 'example_task_group' retrieved from /home/airflow/.local/lib/python3.12/site-packages/airflow/example_dags/example_task_group.py
[2024-11-08T14:34:44.515+0000] {logging_mixin.py:190} INFO - [2024-11-08T14:34:44.515+0000] {dag.py:3239} INFO - Sync 1 DAGs
[2024-11-08T14:34:44.537+0000] {logging_mixin.py:190} INFO - [2024-11-08T14:34:44.536+0000] {dag.py:4180} INFO - Setting next_dagrun for example_task_group to None, run_after=None
[2024-11-08T14:34:44.563+0000] {processor.py:208} INFO - Processing /home/airflow/.local/lib/python3.12/site-packages/airflow/example_dags/example_task_group.py took 0.086 seconds
[2024-11-08T14:35:16.574+0000] {processor.py:186} INFO - Started process (PID=457) to work on /home/airflow/.local/lib/python3.12/site-packages/airflow/example_dags/example_task_group.py
[2024-11-08T14:35:16.587+0000] {processor.py:914} INFO - Processing file /home/airflow/.local/lib/python3.12/site-packages/airflow/example_dags/example_task_group.py for tasks to queue
[2024-11-08T14:35:16.596+0000] {logging_mixin.py:190} INFO - [2024-11-08T14:35:16.595+0000] {dagbag.py:588} INFO - Filling up the DagBag from /home/airflow/.local/lib/python3.12/site-packages/airflow/example_dags/example_task_group.py
[2024-11-08T14:35:16.624+0000] {processor.py:925} INFO - DAG(s) 'example_task_group' retrieved from /home/airflow/.local/lib/python3.12/site-packages/airflow/example_dags/example_task_group.py
[2024-11-08T14:35:16.675+0000] {logging_mixin.py:190} INFO - [2024-11-08T14:35:16.674+0000] {dag.py:3239} INFO - Sync 1 DAGs
[2024-11-08T14:35:16.853+0000] {logging_mixin.py:190} INFO - [2024-11-08T14:35:16.852+0000] {dag.py:4180} INFO - Setting next_dagrun for example_task_group to None, run_after=None
[2024-11-08T14:35:16.948+0000] {processor.py:208} INFO - Processing /home/airflow/.local/lib/python3.12/site-packages/airflow/example_dags/example_task_group.py took 0.380 seconds
[2024-11-08T14:35:47.706+0000] {processor.py:186} INFO - Started process (PID=519) to work on /home/airflow/.local/lib/python3.12/site-packages/airflow/example_dags/example_task_group.py
[2024-11-08T14:35:47.708+0000] {processor.py:914} INFO - Processing file /home/airflow/.local/lib/python3.12/site-packages/airflow/example_dags/example_task_group.py for tasks to queue
[2024-11-08T14:35:47.711+0000] {logging_mixin.py:190} INFO - [2024-11-08T14:35:47.711+0000] {dagbag.py:588} INFO - Filling up the DagBag from /home/airflow/.local/lib/python3.12/site-packages/airflow/example_dags/example_task_group.py
[2024-11-08T14:35:47.726+0000] {processor.py:925} INFO - DAG(s) 'example_task_group' retrieved from /home/airflow/.local/lib/python3.12/site-packages/airflow/example_dags/example_task_group.py
[2024-11-08T14:35:47.762+0000] {logging_mixin.py:190} INFO - [2024-11-08T14:35:47.760+0000] {dag.py:3239} INFO - Sync 1 DAGs
[2024-11-08T14:35:47.783+0000] {logging_mixin.py:190} INFO - [2024-11-08T14:35:47.782+0000] {dag.py:4180} INFO - Setting next_dagrun for example_task_group to None, run_after=None
[2024-11-08T14:35:47.828+0000] {processor.py:208} INFO - Processing /home/airflow/.local/lib/python3.12/site-packages/airflow/example_dags/example_task_group.py took 0.129 seconds
[2024-11-08T14:36:18.390+0000] {processor.py:186} INFO - Started process (PID=581) to work on /home/airflow/.local/lib/python3.12/site-packages/airflow/example_dags/example_task_group.py
[2024-11-08T14:36:18.391+0000] {processor.py:914} INFO - Processing file /home/airflow/.local/lib/python3.12/site-packages/airflow/example_dags/example_task_group.py for tasks to queue
[2024-11-08T14:36:18.395+0000] {logging_mixin.py:190} INFO - [2024-11-08T14:36:18.394+0000] {dagbag.py:588} INFO - Filling up the DagBag from /home/airflow/.local/lib/python3.12/site-packages/airflow/example_dags/example_task_group.py
[2024-11-08T14:36:18.405+0000] {processor.py:925} INFO - DAG(s) 'example_task_group' retrieved from /home/airflow/.local/lib/python3.12/site-packages/airflow/example_dags/example_task_group.py
[2024-11-08T14:36:18.432+0000] {logging_mixin.py:190} INFO - [2024-11-08T14:36:18.432+0000] {dag.py:3239} INFO - Sync 1 DAGs
[2024-11-08T14:36:18.449+0000] {logging_mixin.py:190} INFO - [2024-11-08T14:36:18.449+0000] {dag.py:4180} INFO - Setting next_dagrun for example_task_group to None, run_after=None
[2024-11-08T14:36:18.520+0000] {processor.py:208} INFO - Processing /home/airflow/.local/lib/python3.12/site-packages/airflow/example_dags/example_task_group.py took 0.141 seconds
[2024-11-08T14:36:48.826+0000] {processor.py:186} INFO - Started process (PID=644) to work on /home/airflow/.local/lib/python3.12/site-packages/airflow/example_dags/example_task_group.py
[2024-11-08T14:36:48.827+0000] {processor.py:914} INFO - Processing file /home/airflow/.local/lib/python3.12/site-packages/airflow/example_dags/example_task_group.py for tasks to queue
[2024-11-08T14:36:48.830+0000] {logging_mixin.py:190} INFO - [2024-11-08T14:36:48.829+0000] {dagbag.py:588} INFO - Filling up the DagBag from /home/airflow/.local/lib/python3.12/site-packages/airflow/example_dags/example_task_group.py
[2024-11-08T14:36:48.839+0000] {processor.py:925} INFO - DAG(s) 'example_task_group' retrieved from /home/airflow/.local/lib/python3.12/site-packages/airflow/example_dags/example_task_group.py
[2024-11-08T14:36:48.863+0000] {logging_mixin.py:190} INFO - [2024-11-08T14:36:48.863+0000] {dag.py:3239} INFO - Sync 1 DAGs
[2024-11-08T14:36:48.878+0000] {logging_mixin.py:190} INFO - [2024-11-08T14:36:48.878+0000] {dag.py:4180} INFO - Setting next_dagrun for example_task_group to None, run_after=None
[2024-11-08T14:36:48.959+0000] {processor.py:208} INFO - Processing /home/airflow/.local/lib/python3.12/site-packages/airflow/example_dags/example_task_group.py took 0.139 seconds
[2024-11-08T14:37:19.877+0000] {processor.py:186} INFO - Started process (PID=707) to work on /home/airflow/.local/lib/python3.12/site-packages/airflow/example_dags/example_task_group.py
[2024-11-08T14:37:19.878+0000] {processor.py:914} INFO - Processing file /home/airflow/.local/lib/python3.12/site-packages/airflow/example_dags/example_task_group.py for tasks to queue
[2024-11-08T14:37:19.881+0000] {logging_mixin.py:190} INFO - [2024-11-08T14:37:19.880+0000] {dagbag.py:588} INFO - Filling up the DagBag from /home/airflow/.local/lib/python3.12/site-packages/airflow/example_dags/example_task_group.py
[2024-11-08T14:37:19.889+0000] {processor.py:925} INFO - DAG(s) 'example_task_group' retrieved from /home/airflow/.local/lib/python3.12/site-packages/airflow/example_dags/example_task_group.py
[2024-11-08T14:37:19.913+0000] {logging_mixin.py:190} INFO - [2024-11-08T14:37:19.912+0000] {dag.py:3239} INFO - Sync 1 DAGs
[2024-11-08T14:37:19.927+0000] {logging_mixin.py:190} INFO - [2024-11-08T14:37:19.927+0000] {dag.py:4180} INFO - Setting next_dagrun for example_task_group to None, run_after=None
[2024-11-08T14:37:20.096+0000] {processor.py:208} INFO - Processing /home/airflow/.local/lib/python3.12/site-packages/airflow/example_dags/example_task_group.py took 0.224 seconds
[2024-11-08T14:37:50.186+0000] {processor.py:186} INFO - Started process (PID=771) to work on /home/airflow/.local/lib/python3.12/site-packages/airflow/example_dags/example_task_group.py
[2024-11-08T14:37:50.188+0000] {processor.py:914} INFO - Processing file /home/airflow/.local/lib/python3.12/site-packages/airflow/example_dags/example_task_group.py for tasks to queue
[2024-11-08T14:37:50.190+0000] {logging_mixin.py:190} INFO - [2024-11-08T14:37:50.190+0000] {dagbag.py:588} INFO - Filling up the DagBag from /home/airflow/.local/lib/python3.12/site-packages/airflow/example_dags/example_task_group.py
[2024-11-08T14:37:50.200+0000] {processor.py:925} INFO - DAG(s) 'example_task_group' retrieved from /home/airflow/.local/lib/python3.12/site-packages/airflow/example_dags/example_task_group.py
[2024-11-08T14:37:50.224+0000] {logging_mixin.py:190} INFO - [2024-11-08T14:37:50.224+0000] {dag.py:3239} INFO - Sync 1 DAGs
[2024-11-08T14:37:50.240+0000] {logging_mixin.py:190} INFO - [2024-11-08T14:37:50.239+0000] {dag.py:4180} INFO - Setting next_dagrun for example_task_group to None, run_after=None
[2024-11-08T14:37:50.289+0000] {processor.py:208} INFO - Processing /home/airflow/.local/lib/python3.12/site-packages/airflow/example_dags/example_task_group.py took 0.109 seconds
[2024-11-08T14:38:20.526+0000] {processor.py:186} INFO - Started process (PID=833) to work on /home/airflow/.local/lib/python3.12/site-packages/airflow/example_dags/example_task_group.py
[2024-11-08T14:38:20.527+0000] {processor.py:914} INFO - Processing file /home/airflow/.local/lib/python3.12/site-packages/airflow/example_dags/example_task_group.py for tasks to queue
[2024-11-08T14:38:20.530+0000] {logging_mixin.py:190} INFO - [2024-11-08T14:38:20.530+0000] {dagbag.py:588} INFO - Filling up the DagBag from /home/airflow/.local/lib/python3.12/site-packages/airflow/example_dags/example_task_group.py
[2024-11-08T14:38:20.538+0000] {processor.py:925} INFO - DAG(s) 'example_task_group' retrieved from /home/airflow/.local/lib/python3.12/site-packages/airflow/example_dags/example_task_group.py
[2024-11-08T14:38:20.562+0000] {logging_mixin.py:190} INFO - [2024-11-08T14:38:20.561+0000] {dag.py:3239} INFO - Sync 1 DAGs
[2024-11-08T14:38:20.576+0000] {logging_mixin.py:190} INFO - [2024-11-08T14:38:20.576+0000] {dag.py:4180} INFO - Setting next_dagrun for example_task_group to None, run_after=None
[2024-11-08T14:38:20.638+0000] {processor.py:208} INFO - Processing /home/airflow/.local/lib/python3.12/site-packages/airflow/example_dags/example_task_group.py took 0.121 seconds
[2024-11-08T14:38:51.150+0000] {processor.py:186} INFO - Started process (PID=896) to work on /home/airflow/.local/lib/python3.12/site-packages/airflow/example_dags/example_task_group.py
[2024-11-08T14:38:51.362+0000] {processor.py:914} INFO - Processing file /home/airflow/.local/lib/python3.12/site-packages/airflow/example_dags/example_task_group.py for tasks to queue
[2024-11-08T14:38:51.371+0000] {logging_mixin.py:190} INFO - [2024-11-08T14:38:51.369+0000] {dagbag.py:588} INFO - Filling up the DagBag from /home/airflow/.local/lib/python3.12/site-packages/airflow/example_dags/example_task_group.py
[2024-11-08T14:38:51.388+0000] {processor.py:925} INFO - DAG(s) 'example_task_group' retrieved from /home/airflow/.local/lib/python3.12/site-packages/airflow/example_dags/example_task_group.py
[2024-11-08T14:38:51.418+0000] {logging_mixin.py:190} INFO - [2024-11-08T14:38:51.418+0000] {dag.py:3239} INFO - Sync 1 DAGs
[2024-11-08T14:38:51.433+0000] {logging_mixin.py:190} INFO - [2024-11-08T14:38:51.433+0000] {dag.py:4180} INFO - Setting next_dagrun for example_task_group to None, run_after=None
[2024-11-08T14:38:51.480+0000] {processor.py:208} INFO - Processing /home/airflow/.local/lib/python3.12/site-packages/airflow/example_dags/example_task_group.py took 0.339 seconds
[2024-11-08T14:39:21.563+0000] {processor.py:186} INFO - Started process (PID=959) to work on /home/airflow/.local/lib/python3.12/site-packages/airflow/example_dags/example_task_group.py
[2024-11-08T14:39:21.564+0000] {processor.py:914} INFO - Processing file /home/airflow/.local/lib/python3.12/site-packages/airflow/example_dags/example_task_group.py for tasks to queue
[2024-11-08T14:39:21.567+0000] {logging_mixin.py:190} INFO - [2024-11-08T14:39:21.567+0000] {dagbag.py:588} INFO - Filling up the DagBag from /home/airflow/.local/lib/python3.12/site-packages/airflow/example_dags/example_task_group.py
[2024-11-08T14:39:21.578+0000] {processor.py:925} INFO - DAG(s) 'example_task_group' retrieved from /home/airflow/.local/lib/python3.12/site-packages/airflow/example_dags/example_task_group.py
[2024-11-08T14:39:21.605+0000] {logging_mixin.py:190} INFO - [2024-11-08T14:39:21.605+0000] {dag.py:3239} INFO - Sync 1 DAGs
[2024-11-08T14:39:21.623+0000] {logging_mixin.py:190} INFO - [2024-11-08T14:39:21.623+0000] {dag.py:4180} INFO - Setting next_dagrun for example_task_group to None, run_after=None
[2024-11-08T14:39:22.048+0000] {processor.py:208} INFO - Processing /home/airflow/.local/lib/python3.12/site-packages/airflow/example_dags/example_task_group.py took 0.491 seconds
[2024-11-08T14:39:52.690+0000] {processor.py:186} INFO - Started process (PID=1022) to work on /home/airflow/.local/lib/python3.12/site-packages/airflow/example_dags/example_task_group.py
[2024-11-08T14:39:52.691+0000] {processor.py:914} INFO - Processing file /home/airflow/.local/lib/python3.12/site-packages/airflow/example_dags/example_task_group.py for tasks to queue
[2024-11-08T14:39:52.693+0000] {logging_mixin.py:190} INFO - [2024-11-08T14:39:52.693+0000] {dagbag.py:588} INFO - Filling up the DagBag from /home/airflow/.local/lib/python3.12/site-packages/airflow/example_dags/example_task_group.py
[2024-11-08T14:39:52.702+0000] {processor.py:925} INFO - DAG(s) 'example_task_group' retrieved from /home/airflow/.local/lib/python3.12/site-packages/airflow/example_dags/example_task_group.py
[2024-11-08T14:39:52.724+0000] {logging_mixin.py:190} INFO - [2024-11-08T14:39:52.724+0000] {dag.py:3239} INFO - Sync 1 DAGs
[2024-11-08T14:39:52.740+0000] {logging_mixin.py:190} INFO - [2024-11-08T14:39:52.739+0000] {dag.py:4180} INFO - Setting next_dagrun for example_task_group to None, run_after=None
[2024-11-08T14:39:52.797+0000] {processor.py:208} INFO - Processing /home/airflow/.local/lib/python3.12/site-packages/airflow/example_dags/example_task_group.py took 0.114 seconds
[2024-11-08T14:40:23.181+0000] {processor.py:186} INFO - Started process (PID=1085) to work on /home/airflow/.local/lib/python3.12/site-packages/airflow/example_dags/example_task_group.py
[2024-11-08T14:40:23.182+0000] {processor.py:914} INFO - Processing file /home/airflow/.local/lib/python3.12/site-packages/airflow/example_dags/example_task_group.py for tasks to queue
[2024-11-08T14:40:23.184+0000] {logging_mixin.py:190} INFO - [2024-11-08T14:40:23.184+0000] {dagbag.py:588} INFO - Filling up the DagBag from /home/airflow/.local/lib/python3.12/site-packages/airflow/example_dags/example_task_group.py
[2024-11-08T14:40:23.193+0000] {processor.py:925} INFO - DAG(s) 'example_task_group' retrieved from /home/airflow/.local/lib/python3.12/site-packages/airflow/example_dags/example_task_group.py
[2024-11-08T14:40:23.216+0000] {logging_mixin.py:190} INFO - [2024-11-08T14:40:23.216+0000] {dag.py:3239} INFO - Sync 1 DAGs
[2024-11-08T14:40:23.231+0000] {logging_mixin.py:190} INFO - [2024-11-08T14:40:23.230+0000] {dag.py:4180} INFO - Setting next_dagrun for example_task_group to None, run_after=None
[2024-11-08T14:40:23.289+0000] {processor.py:208} INFO - Processing /home/airflow/.local/lib/python3.12/site-packages/airflow/example_dags/example_task_group.py took 0.117 seconds
[2024-11-08T14:40:53.581+0000] {processor.py:186} INFO - Started process (PID=1148) to work on /home/airflow/.local/lib/python3.12/site-packages/airflow/example_dags/example_task_group.py
[2024-11-08T14:40:53.582+0000] {processor.py:914} INFO - Processing file /home/airflow/.local/lib/python3.12/site-packages/airflow/example_dags/example_task_group.py for tasks to queue
[2024-11-08T14:40:53.586+0000] {logging_mixin.py:190} INFO - [2024-11-08T14:40:53.585+0000] {dagbag.py:588} INFO - Filling up the DagBag from /home/airflow/.local/lib/python3.12/site-packages/airflow/example_dags/example_task_group.py
[2024-11-08T14:40:53.596+0000] {processor.py:925} INFO - DAG(s) 'example_task_group' retrieved from /home/airflow/.local/lib/python3.12/site-packages/airflow/example_dags/example_task_group.py
[2024-11-08T14:40:53.619+0000] {logging_mixin.py:190} INFO - [2024-11-08T14:40:53.619+0000] {dag.py:3239} INFO - Sync 1 DAGs
[2024-11-08T14:40:53.634+0000] {logging_mixin.py:190} INFO - [2024-11-08T14:40:53.634+0000] {dag.py:4180} INFO - Setting next_dagrun for example_task_group to None, run_after=None
[2024-11-08T14:40:53.673+0000] {processor.py:208} INFO - Processing /home/airflow/.local/lib/python3.12/site-packages/airflow/example_dags/example_task_group.py took 0.099 seconds
[2024-11-08T14:41:24.031+0000] {processor.py:186} INFO - Started process (PID=1211) to work on /home/airflow/.local/lib/python3.12/site-packages/airflow/example_dags/example_task_group.py
[2024-11-08T14:41:24.033+0000] {processor.py:914} INFO - Processing file /home/airflow/.local/lib/python3.12/site-packages/airflow/example_dags/example_task_group.py for tasks to queue
[2024-11-08T14:41:24.036+0000] {logging_mixin.py:190} INFO - [2024-11-08T14:41:24.036+0000] {dagbag.py:588} INFO - Filling up the DagBag from /home/airflow/.local/lib/python3.12/site-packages/airflow/example_dags/example_task_group.py
[2024-11-08T14:41:24.047+0000] {processor.py:925} INFO - DAG(s) 'example_task_group' retrieved from /home/airflow/.local/lib/python3.12/site-packages/airflow/example_dags/example_task_group.py
[2024-11-08T14:41:24.074+0000] {logging_mixin.py:190} INFO - [2024-11-08T14:41:24.073+0000] {dag.py:3239} INFO - Sync 1 DAGs
[2024-11-08T14:41:24.091+0000] {logging_mixin.py:190} INFO - [2024-11-08T14:41:24.090+0000] {dag.py:4180} INFO - Setting next_dagrun for example_task_group to None, run_after=None
[2024-11-08T14:41:24.130+0000] {processor.py:208} INFO - Processing /home/airflow/.local/lib/python3.12/site-packages/airflow/example_dags/example_task_group.py took 0.112 seconds
[2024-11-08T14:41:54.616+0000] {processor.py:186} INFO - Started process (PID=1274) to work on /home/airflow/.local/lib/python3.12/site-packages/airflow/example_dags/example_task_group.py
[2024-11-08T14:41:54.618+0000] {processor.py:914} INFO - Processing file /home/airflow/.local/lib/python3.12/site-packages/airflow/example_dags/example_task_group.py for tasks to queue
[2024-11-08T14:41:54.622+0000] {logging_mixin.py:190} INFO - [2024-11-08T14:41:54.622+0000] {dagbag.py:588} INFO - Filling up the DagBag from /home/airflow/.local/lib/python3.12/site-packages/airflow/example_dags/example_task_group.py
[2024-11-08T14:41:54.632+0000] {processor.py:925} INFO - DAG(s) 'example_task_group' retrieved from /home/airflow/.local/lib/python3.12/site-packages/airflow/example_dags/example_task_group.py
[2024-11-08T14:41:54.657+0000] {logging_mixin.py:190} INFO - [2024-11-08T14:41:54.657+0000] {dag.py:3239} INFO - Sync 1 DAGs
[2024-11-08T14:41:54.673+0000] {logging_mixin.py:190} INFO - [2024-11-08T14:41:54.673+0000] {dag.py:4180} INFO - Setting next_dagrun for example_task_group to None, run_after=None
[2024-11-08T14:41:54.714+0000] {processor.py:208} INFO - Processing /home/airflow/.local/lib/python3.12/site-packages/airflow/example_dags/example_task_group.py took 0.106 seconds
[2024-11-08T14:42:25.544+0000] {processor.py:186} INFO - Started process (PID=1337) to work on /home/airflow/.local/lib/python3.12/site-packages/airflow/example_dags/example_task_group.py
[2024-11-08T14:42:25.546+0000] {processor.py:914} INFO - Processing file /home/airflow/.local/lib/python3.12/site-packages/airflow/example_dags/example_task_group.py for tasks to queue
[2024-11-08T14:42:25.550+0000] {logging_mixin.py:190} INFO - [2024-11-08T14:42:25.550+0000] {dagbag.py:588} INFO - Filling up the DagBag from /home/airflow/.local/lib/python3.12/site-packages/airflow/example_dags/example_task_group.py
[2024-11-08T14:42:25.558+0000] {processor.py:925} INFO - DAG(s) 'example_task_group' retrieved from /home/airflow/.local/lib/python3.12/site-packages/airflow/example_dags/example_task_group.py
[2024-11-08T14:42:25.584+0000] {logging_mixin.py:190} INFO - [2024-11-08T14:42:25.584+0000] {dag.py:3239} INFO - Sync 1 DAGs
[2024-11-08T14:42:25.600+0000] {logging_mixin.py:190} INFO - [2024-11-08T14:42:25.600+0000] {dag.py:4180} INFO - Setting next_dagrun for example_task_group to None, run_after=None
[2024-11-08T14:42:25.625+0000] {processor.py:208} INFO - Processing /home/airflow/.local/lib/python3.12/site-packages/airflow/example_dags/example_task_group.py took 0.089 seconds
[2024-11-08T14:42:55.869+0000] {processor.py:186} INFO - Started process (PID=1400) to work on /home/airflow/.local/lib/python3.12/site-packages/airflow/example_dags/example_task_group.py
[2024-11-08T14:42:55.870+0000] {processor.py:914} INFO - Processing file /home/airflow/.local/lib/python3.12/site-packages/airflow/example_dags/example_task_group.py for tasks to queue
[2024-11-08T14:42:55.873+0000] {logging_mixin.py:190} INFO - [2024-11-08T14:42:55.873+0000] {dagbag.py:588} INFO - Filling up the DagBag from /home/airflow/.local/lib/python3.12/site-packages/airflow/example_dags/example_task_group.py
[2024-11-08T14:42:55.881+0000] {processor.py:925} INFO - DAG(s) 'example_task_group' retrieved from /home/airflow/.local/lib/python3.12/site-packages/airflow/example_dags/example_task_group.py
[2024-11-08T14:42:55.905+0000] {logging_mixin.py:190} INFO - [2024-11-08T14:42:55.904+0000] {dag.py:3239} INFO - Sync 1 DAGs
[2024-11-08T14:42:55.919+0000] {logging_mixin.py:190} INFO - [2024-11-08T14:42:55.919+0000] {dag.py:4180} INFO - Setting next_dagrun for example_task_group to None, run_after=None
[2024-11-08T14:42:56.127+0000] {processor.py:208} INFO - Processing /home/airflow/.local/lib/python3.12/site-packages/airflow/example_dags/example_task_group.py took 0.264 seconds
[2024-11-08T14:43:26.416+0000] {processor.py:186} INFO - Started process (PID=1463) to work on /home/airflow/.local/lib/python3.12/site-packages/airflow/example_dags/example_task_group.py
[2024-11-08T14:43:26.417+0000] {processor.py:914} INFO - Processing file /home/airflow/.local/lib/python3.12/site-packages/airflow/example_dags/example_task_group.py for tasks to queue
[2024-11-08T14:43:26.420+0000] {logging_mixin.py:190} INFO - [2024-11-08T14:43:26.420+0000] {dagbag.py:588} INFO - Filling up the DagBag from /home/airflow/.local/lib/python3.12/site-packages/airflow/example_dags/example_task_group.py
[2024-11-08T14:43:26.430+0000] {processor.py:925} INFO - DAG(s) 'example_task_group' retrieved from /home/airflow/.local/lib/python3.12/site-packages/airflow/example_dags/example_task_group.py
[2024-11-08T14:43:26.452+0000] {logging_mixin.py:190} INFO - [2024-11-08T14:43:26.452+0000] {dag.py:3239} INFO - Sync 1 DAGs
[2024-11-08T14:43:26.467+0000] {logging_mixin.py:190} INFO - [2024-11-08T14:43:26.467+0000] {dag.py:4180} INFO - Setting next_dagrun for example_task_group to None, run_after=None
[2024-11-08T14:43:26.507+0000] {processor.py:208} INFO - Processing /home/airflow/.local/lib/python3.12/site-packages/airflow/example_dags/example_task_group.py took 0.098 seconds
[2024-11-08T14:43:56.845+0000] {processor.py:186} INFO - Started process (PID=1532) to work on /home/airflow/.local/lib/python3.12/site-packages/airflow/example_dags/example_task_group.py
[2024-11-08T14:43:56.846+0000] {processor.py:914} INFO - Processing file /home/airflow/.local/lib/python3.12/site-packages/airflow/example_dags/example_task_group.py for tasks to queue
[2024-11-08T14:43:56.849+0000] {logging_mixin.py:190} INFO - [2024-11-08T14:43:56.849+0000] {dagbag.py:588} INFO - Filling up the DagBag from /home/airflow/.local/lib/python3.12/site-packages/airflow/example_dags/example_task_group.py
[2024-11-08T14:43:56.857+0000] {processor.py:925} INFO - DAG(s) 'example_task_group' retrieved from /home/airflow/.local/lib/python3.12/site-packages/airflow/example_dags/example_task_group.py
[2024-11-08T14:43:56.880+0000] {logging_mixin.py:190} INFO - [2024-11-08T14:43:56.880+0000] {dag.py:3239} INFO - Sync 1 DAGs
[2024-11-08T14:43:56.895+0000] {logging_mixin.py:190} INFO - [2024-11-08T14:43:56.895+0000] {dag.py:4180} INFO - Setting next_dagrun for example_task_group to None, run_after=None
[2024-11-08T14:43:56.937+0000] {processor.py:208} INFO - Processing /home/airflow/.local/lib/python3.12/site-packages/airflow/example_dags/example_task_group.py took 0.097 seconds
[2024-11-08T14:44:27.081+0000] {processor.py:186} INFO - Started process (PID=1595) to work on /home/airflow/.local/lib/python3.12/site-packages/airflow/example_dags/example_task_group.py
[2024-11-08T14:44:27.082+0000] {processor.py:914} INFO - Processing file /home/airflow/.local/lib/python3.12/site-packages/airflow/example_dags/example_task_group.py for tasks to queue
[2024-11-08T14:44:27.085+0000] {logging_mixin.py:190} INFO - [2024-11-08T14:44:27.084+0000] {dagbag.py:588} INFO - Filling up the DagBag from /home/airflow/.local/lib/python3.12/site-packages/airflow/example_dags/example_task_group.py
[2024-11-08T14:44:27.093+0000] {processor.py:925} INFO - DAG(s) 'example_task_group' retrieved from /home/airflow/.local/lib/python3.12/site-packages/airflow/example_dags/example_task_group.py
[2024-11-08T14:44:27.116+0000] {logging_mixin.py:190} INFO - [2024-11-08T14:44:27.116+0000] {dag.py:3239} INFO - Sync 1 DAGs
[2024-11-08T14:44:27.131+0000] {logging_mixin.py:190} INFO - [2024-11-08T14:44:27.131+0000] {dag.py:4180} INFO - Setting next_dagrun for example_task_group to None, run_after=None
[2024-11-08T14:44:27.166+0000] {processor.py:208} INFO - Processing /home/airflow/.local/lib/python3.12/site-packages/airflow/example_dags/example_task_group.py took 0.091 seconds
[2024-11-08T14:44:57.678+0000] {processor.py:186} INFO - Started process (PID=1658) to work on /home/airflow/.local/lib/python3.12/site-packages/airflow/example_dags/example_task_group.py
[2024-11-08T14:44:57.680+0000] {processor.py:914} INFO - Processing file /home/airflow/.local/lib/python3.12/site-packages/airflow/example_dags/example_task_group.py for tasks to queue
[2024-11-08T14:44:57.683+0000] {logging_mixin.py:190} INFO - [2024-11-08T14:44:57.683+0000] {dagbag.py:588} INFO - Filling up the DagBag from /home/airflow/.local/lib/python3.12/site-packages/airflow/example_dags/example_task_group.py
[2024-11-08T14:44:57.695+0000] {processor.py:925} INFO - DAG(s) 'example_task_group' retrieved from /home/airflow/.local/lib/python3.12/site-packages/airflow/example_dags/example_task_group.py
[2024-11-08T14:44:57.721+0000] {logging_mixin.py:190} INFO - [2024-11-08T14:44:57.721+0000] {dag.py:3239} INFO - Sync 1 DAGs
[2024-11-08T14:44:57.742+0000] {logging_mixin.py:190} INFO - [2024-11-08T14:44:57.742+0000] {dag.py:4180} INFO - Setting next_dagrun for example_task_group to None, run_after=None
[2024-11-08T14:44:57.952+0000] {processor.py:208} INFO - Processing /home/airflow/.local/lib/python3.12/site-packages/airflow/example_dags/example_task_group.py took 0.284 seconds
[2024-11-08T14:45:28.295+0000] {processor.py:186} INFO - Started process (PID=1721) to work on /home/airflow/.local/lib/python3.12/site-packages/airflow/example_dags/example_task_group.py
[2024-11-08T14:45:28.297+0000] {processor.py:914} INFO - Processing file /home/airflow/.local/lib/python3.12/site-packages/airflow/example_dags/example_task_group.py for tasks to queue
[2024-11-08T14:45:28.299+0000] {logging_mixin.py:190} INFO - [2024-11-08T14:45:28.299+0000] {dagbag.py:588} INFO - Filling up the DagBag from /home/airflow/.local/lib/python3.12/site-packages/airflow/example_dags/example_task_group.py
[2024-11-08T14:45:28.309+0000] {processor.py:925} INFO - DAG(s) 'example_task_group' retrieved from /home/airflow/.local/lib/python3.12/site-packages/airflow/example_dags/example_task_group.py
[2024-11-08T14:45:28.338+0000] {logging_mixin.py:190} INFO - [2024-11-08T14:45:28.338+0000] {dag.py:3239} INFO - Sync 1 DAGs
[2024-11-08T14:45:28.354+0000] {logging_mixin.py:190} INFO - [2024-11-08T14:45:28.354+0000] {dag.py:4180} INFO - Setting next_dagrun for example_task_group to None, run_after=None
[2024-11-08T14:45:28.387+0000] {processor.py:208} INFO - Processing /home/airflow/.local/lib/python3.12/site-packages/airflow/example_dags/example_task_group.py took 0.098 seconds
[2024-11-08T14:45:58.704+0000] {processor.py:186} INFO - Started process (PID=1784) to work on /home/airflow/.local/lib/python3.12/site-packages/airflow/example_dags/example_task_group.py
[2024-11-08T14:45:58.705+0000] {processor.py:914} INFO - Processing file /home/airflow/.local/lib/python3.12/site-packages/airflow/example_dags/example_task_group.py for tasks to queue
[2024-11-08T14:45:58.708+0000] {logging_mixin.py:190} INFO - [2024-11-08T14:45:58.708+0000] {dagbag.py:588} INFO - Filling up the DagBag from /home/airflow/.local/lib/python3.12/site-packages/airflow/example_dags/example_task_group.py
[2024-11-08T14:45:58.719+0000] {processor.py:925} INFO - DAG(s) 'example_task_group' retrieved from /home/airflow/.local/lib/python3.12/site-packages/airflow/example_dags/example_task_group.py
[2024-11-08T14:45:58.744+0000] {logging_mixin.py:190} INFO - [2024-11-08T14:45:58.744+0000] {dag.py:3239} INFO - Sync 1 DAGs
[2024-11-08T14:45:58.761+0000] {logging_mixin.py:190} INFO - [2024-11-08T14:45:58.761+0000] {dag.py:4180} INFO - Setting next_dagrun for example_task_group to None, run_after=None
[2024-11-08T14:45:58.789+0000] {processor.py:208} INFO - Processing /home/airflow/.local/lib/python3.12/site-packages/airflow/example_dags/example_task_group.py took 0.096 seconds
[2024-11-08T14:46:28.885+0000] {processor.py:186} INFO - Started process (PID=1848) to work on /home/airflow/.local/lib/python3.12/site-packages/airflow/example_dags/example_task_group.py
[2024-11-08T14:46:28.887+0000] {processor.py:914} INFO - Processing file /home/airflow/.local/lib/python3.12/site-packages/airflow/example_dags/example_task_group.py for tasks to queue
[2024-11-08T14:46:28.890+0000] {logging_mixin.py:190} INFO - [2024-11-08T14:46:28.890+0000] {dagbag.py:588} INFO - Filling up the DagBag from /home/airflow/.local/lib/python3.12/site-packages/airflow/example_dags/example_task_group.py
[2024-11-08T14:46:28.901+0000] {processor.py:925} INFO - DAG(s) 'example_task_group' retrieved from /home/airflow/.local/lib/python3.12/site-packages/airflow/example_dags/example_task_group.py
[2024-11-08T14:46:28.925+0000] {logging_mixin.py:190} INFO - [2024-11-08T14:46:28.925+0000] {dag.py:3239} INFO - Sync 1 DAGs
[2024-11-08T14:46:28.938+0000] {logging_mixin.py:190} INFO - [2024-11-08T14:46:28.938+0000] {dag.py:4180} INFO - Setting next_dagrun for example_task_group to None, run_after=None
[2024-11-08T14:46:28.965+0000] {processor.py:208} INFO - Processing /home/airflow/.local/lib/python3.12/site-packages/airflow/example_dags/example_task_group.py took 0.088 seconds
[2024-11-08T14:46:59.122+0000] {processor.py:186} INFO - Started process (PID=1911) to work on /home/airflow/.local/lib/python3.12/site-packages/airflow/example_dags/example_task_group.py
[2024-11-08T14:46:59.123+0000] {processor.py:914} INFO - Processing file /home/airflow/.local/lib/python3.12/site-packages/airflow/example_dags/example_task_group.py for tasks to queue
[2024-11-08T14:46:59.126+0000] {logging_mixin.py:190} INFO - [2024-11-08T14:46:59.126+0000] {dagbag.py:588} INFO - Filling up the DagBag from /home/airflow/.local/lib/python3.12/site-packages/airflow/example_dags/example_task_group.py
[2024-11-08T14:46:59.136+0000] {processor.py:925} INFO - DAG(s) 'example_task_group' retrieved from /home/airflow/.local/lib/python3.12/site-packages/airflow/example_dags/example_task_group.py
[2024-11-08T14:46:59.162+0000] {logging_mixin.py:190} INFO - [2024-11-08T14:46:59.161+0000] {dag.py:3239} INFO - Sync 1 DAGs
[2024-11-08T14:46:59.178+0000] {logging_mixin.py:190} INFO - [2024-11-08T14:46:59.177+0000] {dag.py:4180} INFO - Setting next_dagrun for example_task_group to None, run_after=None
[2024-11-08T14:46:59.247+0000] {processor.py:208} INFO - Processing /home/airflow/.local/lib/python3.12/site-packages/airflow/example_dags/example_task_group.py took 0.134 seconds
[2024-11-08T14:47:29.451+0000] {processor.py:186} INFO - Started process (PID=1974) to work on /home/airflow/.local/lib/python3.12/site-packages/airflow/example_dags/example_task_group.py
[2024-11-08T14:47:29.452+0000] {processor.py:914} INFO - Processing file /home/airflow/.local/lib/python3.12/site-packages/airflow/example_dags/example_task_group.py for tasks to queue
[2024-11-08T14:47:29.455+0000] {logging_mixin.py:190} INFO - [2024-11-08T14:47:29.455+0000] {dagbag.py:588} INFO - Filling up the DagBag from /home/airflow/.local/lib/python3.12/site-packages/airflow/example_dags/example_task_group.py
[2024-11-08T14:47:29.465+0000] {processor.py:925} INFO - DAG(s) 'example_task_group' retrieved from /home/airflow/.local/lib/python3.12/site-packages/airflow/example_dags/example_task_group.py
[2024-11-08T14:47:29.488+0000] {logging_mixin.py:190} INFO - [2024-11-08T14:47:29.488+0000] {dag.py:3239} INFO - Sync 1 DAGs
[2024-11-08T14:47:29.503+0000] {logging_mixin.py:190} INFO - [2024-11-08T14:47:29.503+0000] {dag.py:4180} INFO - Setting next_dagrun for example_task_group to None, run_after=None
[2024-11-08T14:47:29.531+0000] {processor.py:208} INFO - Processing /home/airflow/.local/lib/python3.12/site-packages/airflow/example_dags/example_task_group.py took 0.089 seconds
[2024-11-08T14:47:59.869+0000] {processor.py:186} INFO - Started process (PID=2037) to work on /home/airflow/.local/lib/python3.12/site-packages/airflow/example_dags/example_task_group.py
[2024-11-08T14:47:59.871+0000] {processor.py:914} INFO - Processing file /home/airflow/.local/lib/python3.12/site-packages/airflow/example_dags/example_task_group.py for tasks to queue
[2024-11-08T14:47:59.875+0000] {logging_mixin.py:190} INFO - [2024-11-08T14:47:59.875+0000] {dagbag.py:588} INFO - Filling up the DagBag from /home/airflow/.local/lib/python3.12/site-packages/airflow/example_dags/example_task_group.py
[2024-11-08T14:47:59.883+0000] {processor.py:925} INFO - DAG(s) 'example_task_group' retrieved from /home/airflow/.local/lib/python3.12/site-packages/airflow/example_dags/example_task_group.py
[2024-11-08T14:47:59.906+0000] {logging_mixin.py:190} INFO - [2024-11-08T14:47:59.906+0000] {dag.py:3239} INFO - Sync 1 DAGs
[2024-11-08T14:47:59.921+0000] {logging_mixin.py:190} INFO - [2024-11-08T14:47:59.921+0000] {dag.py:4180} INFO - Setting next_dagrun for example_task_group to None, run_after=None
[2024-11-08T14:48:00.038+0000] {processor.py:208} INFO - Processing /home/airflow/.local/lib/python3.12/site-packages/airflow/example_dags/example_task_group.py took 0.179 seconds
[2024-11-08T14:48:30.290+0000] {processor.py:186} INFO - Started process (PID=2100) to work on /home/airflow/.local/lib/python3.12/site-packages/airflow/example_dags/example_task_group.py
[2024-11-08T14:48:30.291+0000] {processor.py:914} INFO - Processing file /home/airflow/.local/lib/python3.12/site-packages/airflow/example_dags/example_task_group.py for tasks to queue
[2024-11-08T14:48:30.294+0000] {logging_mixin.py:190} INFO - [2024-11-08T14:48:30.294+0000] {dagbag.py:588} INFO - Filling up the DagBag from /home/airflow/.local/lib/python3.12/site-packages/airflow/example_dags/example_task_group.py
[2024-11-08T14:48:30.303+0000] {processor.py:925} INFO - DAG(s) 'example_task_group' retrieved from /home/airflow/.local/lib/python3.12/site-packages/airflow/example_dags/example_task_group.py
[2024-11-08T14:48:30.327+0000] {logging_mixin.py:190} INFO - [2024-11-08T14:48:30.327+0000] {dag.py:3239} INFO - Sync 1 DAGs
[2024-11-08T14:48:30.342+0000] {logging_mixin.py:190} INFO - [2024-11-08T14:48:30.341+0000] {dag.py:4180} INFO - Setting next_dagrun for example_task_group to None, run_after=None
[2024-11-08T14:48:30.530+0000] {processor.py:208} INFO - Processing /home/airflow/.local/lib/python3.12/site-packages/airflow/example_dags/example_task_group.py took 0.248 seconds
[2024-11-08T14:49:01.287+0000] {processor.py:186} INFO - Started process (PID=2163) to work on /home/airflow/.local/lib/python3.12/site-packages/airflow/example_dags/example_task_group.py
[2024-11-08T14:49:01.289+0000] {processor.py:914} INFO - Processing file /home/airflow/.local/lib/python3.12/site-packages/airflow/example_dags/example_task_group.py for tasks to queue
[2024-11-08T14:49:01.292+0000] {logging_mixin.py:190} INFO - [2024-11-08T14:49:01.291+0000] {dagbag.py:588} INFO - Filling up the DagBag from /home/airflow/.local/lib/python3.12/site-packages/airflow/example_dags/example_task_group.py
[2024-11-08T14:49:01.300+0000] {processor.py:925} INFO - DAG(s) 'example_task_group' retrieved from /home/airflow/.local/lib/python3.12/site-packages/airflow/example_dags/example_task_group.py
[2024-11-08T14:49:01.323+0000] {logging_mixin.py:190} INFO - [2024-11-08T14:49:01.323+0000] {dag.py:3239} INFO - Sync 1 DAGs
[2024-11-08T14:49:01.338+0000] {logging_mixin.py:190} INFO - [2024-11-08T14:49:01.338+0000] {dag.py:4180} INFO - Setting next_dagrun for example_task_group to None, run_after=None
[2024-11-08T14:49:01.388+0000] {processor.py:208} INFO - Processing /home/airflow/.local/lib/python3.12/site-packages/airflow/example_dags/example_task_group.py took 0.106 seconds
[2024-11-08T14:49:32.145+0000] {processor.py:186} INFO - Started process (PID=2226) to work on /home/airflow/.local/lib/python3.12/site-packages/airflow/example_dags/example_task_group.py
[2024-11-08T14:49:32.146+0000] {processor.py:914} INFO - Processing file /home/airflow/.local/lib/python3.12/site-packages/airflow/example_dags/example_task_group.py for tasks to queue
[2024-11-08T14:49:32.148+0000] {logging_mixin.py:190} INFO - [2024-11-08T14:49:32.148+0000] {dagbag.py:588} INFO - Filling up the DagBag from /home/airflow/.local/lib/python3.12/site-packages/airflow/example_dags/example_task_group.py
[2024-11-08T14:49:32.157+0000] {processor.py:925} INFO - DAG(s) 'example_task_group' retrieved from /home/airflow/.local/lib/python3.12/site-packages/airflow/example_dags/example_task_group.py
[2024-11-08T14:49:32.180+0000] {logging_mixin.py:190} INFO - [2024-11-08T14:49:32.180+0000] {dag.py:3239} INFO - Sync 1 DAGs
[2024-11-08T14:49:32.195+0000] {logging_mixin.py:190} INFO - [2024-11-08T14:49:32.194+0000] {dag.py:4180} INFO - Setting next_dagrun for example_task_group to None, run_after=None
[2024-11-08T14:49:32.270+0000] {processor.py:208} INFO - Processing /home/airflow/.local/lib/python3.12/site-packages/airflow/example_dags/example_task_group.py took 0.132 seconds
[2024-11-08T14:50:02.968+0000] {processor.py:186} INFO - Started process (PID=2289) to work on /home/airflow/.local/lib/python3.12/site-packages/airflow/example_dags/example_task_group.py
[2024-11-08T14:50:02.969+0000] {processor.py:914} INFO - Processing file /home/airflow/.local/lib/python3.12/site-packages/airflow/example_dags/example_task_group.py for tasks to queue
[2024-11-08T14:50:02.972+0000] {logging_mixin.py:190} INFO - [2024-11-08T14:50:02.971+0000] {dagbag.py:588} INFO - Filling up the DagBag from /home/airflow/.local/lib/python3.12/site-packages/airflow/example_dags/example_task_group.py
[2024-11-08T14:50:02.980+0000] {processor.py:925} INFO - DAG(s) 'example_task_group' retrieved from /home/airflow/.local/lib/python3.12/site-packages/airflow/example_dags/example_task_group.py
[2024-11-08T14:50:03.003+0000] {logging_mixin.py:190} INFO - [2024-11-08T14:50:03.003+0000] {dag.py:3239} INFO - Sync 1 DAGs
[2024-11-08T14:50:03.018+0000] {logging_mixin.py:190} INFO - [2024-11-08T14:50:03.018+0000] {dag.py:4180} INFO - Setting next_dagrun for example_task_group to None, run_after=None
[2024-11-08T14:50:03.104+0000] {processor.py:208} INFO - Processing /home/airflow/.local/lib/python3.12/site-packages/airflow/example_dags/example_task_group.py took 0.141 seconds
[2024-11-08T14:50:33.493+0000] {processor.py:186} INFO - Started process (PID=2352) to work on /home/airflow/.local/lib/python3.12/site-packages/airflow/example_dags/example_task_group.py
[2024-11-08T14:50:33.495+0000] {processor.py:914} INFO - Processing file /home/airflow/.local/lib/python3.12/site-packages/airflow/example_dags/example_task_group.py for tasks to queue
[2024-11-08T14:50:33.497+0000] {logging_mixin.py:190} INFO - [2024-11-08T14:50:33.497+0000] {dagbag.py:588} INFO - Filling up the DagBag from /home/airflow/.local/lib/python3.12/site-packages/airflow/example_dags/example_task_group.py
[2024-11-08T14:50:33.505+0000] {processor.py:925} INFO - DAG(s) 'example_task_group' retrieved from /home/airflow/.local/lib/python3.12/site-packages/airflow/example_dags/example_task_group.py
[2024-11-08T14:50:33.525+0000] {logging_mixin.py:190} INFO - [2024-11-08T14:50:33.525+0000] {dag.py:3239} INFO - Sync 1 DAGs
[2024-11-08T14:50:33.538+0000] {logging_mixin.py:190} INFO - [2024-11-08T14:50:33.538+0000] {dag.py:4180} INFO - Setting next_dagrun for example_task_group to None, run_after=None
[2024-11-08T14:50:33.596+0000] {processor.py:208} INFO - Processing /home/airflow/.local/lib/python3.12/site-packages/airflow/example_dags/example_task_group.py took 0.108 seconds
[2024-11-08T14:51:03.929+0000] {processor.py:186} INFO - Started process (PID=2414) to work on /home/airflow/.local/lib/python3.12/site-packages/airflow/example_dags/example_task_group.py
[2024-11-08T14:51:03.932+0000] {processor.py:914} INFO - Processing file /home/airflow/.local/lib/python3.12/site-packages/airflow/example_dags/example_task_group.py for tasks to queue
[2024-11-08T14:51:03.935+0000] {logging_mixin.py:190} INFO - [2024-11-08T14:51:03.934+0000] {dagbag.py:588} INFO - Filling up the DagBag from /home/airflow/.local/lib/python3.12/site-packages/airflow/example_dags/example_task_group.py
[2024-11-08T14:51:03.950+0000] {processor.py:925} INFO - DAG(s) 'example_task_group' retrieved from /home/airflow/.local/lib/python3.12/site-packages/airflow/example_dags/example_task_group.py
[2024-11-08T14:51:03.986+0000] {logging_mixin.py:190} INFO - [2024-11-08T14:51:03.986+0000] {dag.py:3239} INFO - Sync 1 DAGs
[2024-11-08T14:51:04.013+0000] {logging_mixin.py:190} INFO - [2024-11-08T14:51:04.012+0000] {dag.py:4180} INFO - Setting next_dagrun for example_task_group to None, run_after=None
[2024-11-08T14:51:04.145+0000] {processor.py:208} INFO - Processing /home/airflow/.local/lib/python3.12/site-packages/airflow/example_dags/example_task_group.py took 0.224 seconds
[2024-11-08T14:51:34.412+0000] {processor.py:186} INFO - Started process (PID=2477) to work on /home/airflow/.local/lib/python3.12/site-packages/airflow/example_dags/example_task_group.py
[2024-11-08T14:51:34.413+0000] {processor.py:914} INFO - Processing file /home/airflow/.local/lib/python3.12/site-packages/airflow/example_dags/example_task_group.py for tasks to queue
[2024-11-08T14:51:34.415+0000] {logging_mixin.py:190} INFO - [2024-11-08T14:51:34.415+0000] {dagbag.py:588} INFO - Filling up the DagBag from /home/airflow/.local/lib/python3.12/site-packages/airflow/example_dags/example_task_group.py
[2024-11-08T14:51:34.424+0000] {processor.py:925} INFO - DAG(s) 'example_task_group' retrieved from /home/airflow/.local/lib/python3.12/site-packages/airflow/example_dags/example_task_group.py
[2024-11-08T14:51:34.447+0000] {logging_mixin.py:190} INFO - [2024-11-08T14:51:34.446+0000] {dag.py:3239} INFO - Sync 1 DAGs
[2024-11-08T14:51:34.462+0000] {logging_mixin.py:190} INFO - [2024-11-08T14:51:34.462+0000] {dag.py:4180} INFO - Setting next_dagrun for example_task_group to None, run_after=None
[2024-11-08T14:51:34.489+0000] {processor.py:208} INFO - Processing /home/airflow/.local/lib/python3.12/site-packages/airflow/example_dags/example_task_group.py took 0.084 seconds
[2024-11-08T14:52:04.960+0000] {processor.py:186} INFO - Started process (PID=2539) to work on /home/airflow/.local/lib/python3.12/site-packages/airflow/example_dags/example_task_group.py
[2024-11-08T14:52:04.961+0000] {processor.py:914} INFO - Processing file /home/airflow/.local/lib/python3.12/site-packages/airflow/example_dags/example_task_group.py for tasks to queue
[2024-11-08T14:52:04.964+0000] {logging_mixin.py:190} INFO - [2024-11-08T14:52:04.964+0000] {dagbag.py:588} INFO - Filling up the DagBag from /home/airflow/.local/lib/python3.12/site-packages/airflow/example_dags/example_task_group.py
[2024-11-08T14:52:04.975+0000] {processor.py:925} INFO - DAG(s) 'example_task_group' retrieved from /home/airflow/.local/lib/python3.12/site-packages/airflow/example_dags/example_task_group.py
[2024-11-08T14:52:05.000+0000] {logging_mixin.py:190} INFO - [2024-11-08T14:52:04.999+0000] {dag.py:3239} INFO - Sync 1 DAGs
[2024-11-08T14:52:05.017+0000] {logging_mixin.py:190} INFO - [2024-11-08T14:52:05.017+0000] {dag.py:4180} INFO - Setting next_dagrun for example_task_group to None, run_after=None
[2024-11-08T14:52:05.076+0000] {processor.py:208} INFO - Processing /home/airflow/.local/lib/python3.12/site-packages/airflow/example_dags/example_task_group.py took 0.124 seconds
[2024-11-08T14:52:36.570+0000] {processor.py:186} INFO - Started process (PID=2590) to work on /home/airflow/.local/lib/python3.12/site-packages/airflow/example_dags/example_task_group.py
[2024-11-08T14:52:36.572+0000] {processor.py:914} INFO - Processing file /home/airflow/.local/lib/python3.12/site-packages/airflow/example_dags/example_task_group.py for tasks to queue
[2024-11-08T14:52:36.576+0000] {logging_mixin.py:190} INFO - [2024-11-08T14:52:36.575+0000] {dagbag.py:588} INFO - Filling up the DagBag from /home/airflow/.local/lib/python3.12/site-packages/airflow/example_dags/example_task_group.py
[2024-11-08T14:52:36.590+0000] {processor.py:925} INFO - DAG(s) 'example_task_group' retrieved from /home/airflow/.local/lib/python3.12/site-packages/airflow/example_dags/example_task_group.py
[2024-11-08T14:52:36.619+0000] {logging_mixin.py:190} INFO - [2024-11-08T14:52:36.618+0000] {dag.py:3239} INFO - Sync 1 DAGs
[2024-11-08T14:52:36.638+0000] {logging_mixin.py:190} INFO - [2024-11-08T14:52:36.637+0000] {dag.py:4180} INFO - Setting next_dagrun for example_task_group to None, run_after=None
[2024-11-08T14:52:36.662+0000] {processor.py:208} INFO - Processing /home/airflow/.local/lib/python3.12/site-packages/airflow/example_dags/example_task_group.py took 0.099 seconds
[2024-11-08T14:53:06.701+0000] {processor.py:186} INFO - Started process (PID=2653) to work on /home/airflow/.local/lib/python3.12/site-packages/airflow/example_dags/example_task_group.py
[2024-11-08T14:53:06.702+0000] {processor.py:914} INFO - Processing file /home/airflow/.local/lib/python3.12/site-packages/airflow/example_dags/example_task_group.py for tasks to queue
[2024-11-08T14:53:06.704+0000] {logging_mixin.py:190} INFO - [2024-11-08T14:53:06.704+0000] {dagbag.py:588} INFO - Filling up the DagBag from /home/airflow/.local/lib/python3.12/site-packages/airflow/example_dags/example_task_group.py
[2024-11-08T14:53:06.716+0000] {processor.py:925} INFO - DAG(s) 'example_task_group' retrieved from /home/airflow/.local/lib/python3.12/site-packages/airflow/example_dags/example_task_group.py
[2024-11-08T14:53:06.741+0000] {logging_mixin.py:190} INFO - [2024-11-08T14:53:06.741+0000] {dag.py:3239} INFO - Sync 1 DAGs
[2024-11-08T14:53:06.758+0000] {logging_mixin.py:190} INFO - [2024-11-08T14:53:06.758+0000] {dag.py:4180} INFO - Setting next_dagrun for example_task_group to None, run_after=None
[2024-11-08T14:53:06.780+0000] {processor.py:208} INFO - Processing /home/airflow/.local/lib/python3.12/site-packages/airflow/example_dags/example_task_group.py took 0.086 seconds
[2024-11-08T14:53:36.855+0000] {processor.py:186} INFO - Started process (PID=2715) to work on /home/airflow/.local/lib/python3.12/site-packages/airflow/example_dags/example_task_group.py
[2024-11-08T14:53:36.856+0000] {processor.py:914} INFO - Processing file /home/airflow/.local/lib/python3.12/site-packages/airflow/example_dags/example_task_group.py for tasks to queue
[2024-11-08T14:53:36.859+0000] {logging_mixin.py:190} INFO - [2024-11-08T14:53:36.858+0000] {dagbag.py:588} INFO - Filling up the DagBag from /home/airflow/.local/lib/python3.12/site-packages/airflow/example_dags/example_task_group.py
[2024-11-08T14:53:36.868+0000] {processor.py:925} INFO - DAG(s) 'example_task_group' retrieved from /home/airflow/.local/lib/python3.12/site-packages/airflow/example_dags/example_task_group.py
[2024-11-08T14:53:36.891+0000] {logging_mixin.py:190} INFO - [2024-11-08T14:53:36.891+0000] {dag.py:3239} INFO - Sync 1 DAGs
[2024-11-08T14:53:36.906+0000] {logging_mixin.py:190} INFO - [2024-11-08T14:53:36.906+0000] {dag.py:4180} INFO - Setting next_dagrun for example_task_group to None, run_after=None
[2024-11-08T14:53:36.934+0000] {processor.py:208} INFO - Processing /home/airflow/.local/lib/python3.12/site-packages/airflow/example_dags/example_task_group.py took 0.085 seconds
[2024-11-08T14:54:07.675+0000] {processor.py:186} INFO - Started process (PID=2778) to work on /home/airflow/.local/lib/python3.12/site-packages/airflow/example_dags/example_task_group.py
[2024-11-08T14:54:07.676+0000] {processor.py:914} INFO - Processing file /home/airflow/.local/lib/python3.12/site-packages/airflow/example_dags/example_task_group.py for tasks to queue
[2024-11-08T14:54:07.679+0000] {logging_mixin.py:190} INFO - [2024-11-08T14:54:07.678+0000] {dagbag.py:588} INFO - Filling up the DagBag from /home/airflow/.local/lib/python3.12/site-packages/airflow/example_dags/example_task_group.py
[2024-11-08T14:54:07.687+0000] {processor.py:925} INFO - DAG(s) 'example_task_group' retrieved from /home/airflow/.local/lib/python3.12/site-packages/airflow/example_dags/example_task_group.py
[2024-11-08T14:54:07.709+0000] {logging_mixin.py:190} INFO - [2024-11-08T14:54:07.708+0000] {dag.py:3239} INFO - Sync 1 DAGs
[2024-11-08T14:54:07.723+0000] {logging_mixin.py:190} INFO - [2024-11-08T14:54:07.723+0000] {dag.py:4180} INFO - Setting next_dagrun for example_task_group to None, run_after=None
[2024-11-08T14:54:07.751+0000] {processor.py:208} INFO - Processing /home/airflow/.local/lib/python3.12/site-packages/airflow/example_dags/example_task_group.py took 0.083 seconds
[2024-11-08T14:54:39.218+0000] {processor.py:186} INFO - Started process (PID=2839) to work on /home/airflow/.local/lib/python3.12/site-packages/airflow/example_dags/example_task_group.py
[2024-11-08T14:54:39.219+0000] {processor.py:914} INFO - Processing file /home/airflow/.local/lib/python3.12/site-packages/airflow/example_dags/example_task_group.py for tasks to queue
[2024-11-08T14:54:39.222+0000] {logging_mixin.py:190} INFO - [2024-11-08T14:54:39.222+0000] {dagbag.py:588} INFO - Filling up the DagBag from /home/airflow/.local/lib/python3.12/site-packages/airflow/example_dags/example_task_group.py
[2024-11-08T14:54:39.236+0000] {processor.py:925} INFO - DAG(s) 'example_task_group' retrieved from /home/airflow/.local/lib/python3.12/site-packages/airflow/example_dags/example_task_group.py
[2024-11-08T14:54:39.262+0000] {logging_mixin.py:190} INFO - [2024-11-08T14:54:39.262+0000] {dag.py:3239} INFO - Sync 1 DAGs
[2024-11-08T14:54:39.284+0000] {logging_mixin.py:190} INFO - [2024-11-08T14:54:39.283+0000] {dag.py:4180} INFO - Setting next_dagrun for example_task_group to None, run_after=None
[2024-11-08T14:54:39.667+0000] {processor.py:208} INFO - Processing /home/airflow/.local/lib/python3.12/site-packages/airflow/example_dags/example_task_group.py took 0.459 seconds
[2024-11-08T14:55:11.203+0000] {processor.py:186} INFO - Started process (PID=2902) to work on /home/airflow/.local/lib/python3.12/site-packages/airflow/example_dags/example_task_group.py
[2024-11-08T14:55:11.204+0000] {processor.py:914} INFO - Processing file /home/airflow/.local/lib/python3.12/site-packages/airflow/example_dags/example_task_group.py for tasks to queue
[2024-11-08T14:55:11.206+0000] {logging_mixin.py:190} INFO - [2024-11-08T14:55:11.206+0000] {dagbag.py:588} INFO - Filling up the DagBag from /home/airflow/.local/lib/python3.12/site-packages/airflow/example_dags/example_task_group.py
[2024-11-08T14:55:11.215+0000] {processor.py:925} INFO - DAG(s) 'example_task_group' retrieved from /home/airflow/.local/lib/python3.12/site-packages/airflow/example_dags/example_task_group.py
[2024-11-08T14:55:11.238+0000] {logging_mixin.py:190} INFO - [2024-11-08T14:55:11.238+0000] {dag.py:3239} INFO - Sync 1 DAGs
[2024-11-08T14:55:11.420+0000] {logging_mixin.py:190} INFO - [2024-11-08T14:55:11.420+0000] {dag.py:4180} INFO - Setting next_dagrun for example_task_group to None, run_after=None
[2024-11-08T14:55:11.535+0000] {processor.py:208} INFO - Processing /home/airflow/.local/lib/python3.12/site-packages/airflow/example_dags/example_task_group.py took 0.338 seconds
[2024-11-08T14:55:42.682+0000] {processor.py:186} INFO - Started process (PID=2965) to work on /home/airflow/.local/lib/python3.12/site-packages/airflow/example_dags/example_task_group.py
[2024-11-08T14:55:42.683+0000] {processor.py:914} INFO - Processing file /home/airflow/.local/lib/python3.12/site-packages/airflow/example_dags/example_task_group.py for tasks to queue
[2024-11-08T14:55:42.686+0000] {logging_mixin.py:190} INFO - [2024-11-08T14:55:42.685+0000] {dagbag.py:588} INFO - Filling up the DagBag from /home/airflow/.local/lib/python3.12/site-packages/airflow/example_dags/example_task_group.py
[2024-11-08T14:55:42.696+0000] {processor.py:925} INFO - DAG(s) 'example_task_group' retrieved from /home/airflow/.local/lib/python3.12/site-packages/airflow/example_dags/example_task_group.py
[2024-11-08T14:55:42.720+0000] {logging_mixin.py:190} INFO - [2024-11-08T14:55:42.720+0000] {dag.py:3239} INFO - Sync 1 DAGs
[2024-11-08T14:55:42.920+0000] {logging_mixin.py:190} INFO - [2024-11-08T14:55:42.920+0000] {dag.py:4180} INFO - Setting next_dagrun for example_task_group to None, run_after=None
[2024-11-08T14:55:43.024+0000] {processor.py:208} INFO - Processing /home/airflow/.local/lib/python3.12/site-packages/airflow/example_dags/example_task_group.py took 0.349 seconds
[2024-11-08T14:56:13.310+0000] {processor.py:186} INFO - Started process (PID=3028) to work on /home/airflow/.local/lib/python3.12/site-packages/airflow/example_dags/example_task_group.py
[2024-11-08T14:56:13.312+0000] {processor.py:914} INFO - Processing file /home/airflow/.local/lib/python3.12/site-packages/airflow/example_dags/example_task_group.py for tasks to queue
[2024-11-08T14:56:13.314+0000] {logging_mixin.py:190} INFO - [2024-11-08T14:56:13.314+0000] {dagbag.py:588} INFO - Filling up the DagBag from /home/airflow/.local/lib/python3.12/site-packages/airflow/example_dags/example_task_group.py
[2024-11-08T14:56:13.334+0000] {processor.py:925} INFO - DAG(s) 'example_task_group' retrieved from /home/airflow/.local/lib/python3.12/site-packages/airflow/example_dags/example_task_group.py
[2024-11-08T14:56:13.381+0000] {logging_mixin.py:190} INFO - [2024-11-08T14:56:13.381+0000] {dag.py:3239} INFO - Sync 1 DAGs
[2024-11-08T14:56:13.405+0000] {logging_mixin.py:190} INFO - [2024-11-08T14:56:13.405+0000] {dag.py:4180} INFO - Setting next_dagrun for example_task_group to None, run_after=None
[2024-11-08T14:56:13.486+0000] {processor.py:208} INFO - Processing /home/airflow/.local/lib/python3.12/site-packages/airflow/example_dags/example_task_group.py took 0.186 seconds
[2024-11-08T14:56:43.550+0000] {processor.py:186} INFO - Started process (PID=3090) to work on /home/airflow/.local/lib/python3.12/site-packages/airflow/example_dags/example_task_group.py
[2024-11-08T14:56:43.551+0000] {processor.py:914} INFO - Processing file /home/airflow/.local/lib/python3.12/site-packages/airflow/example_dags/example_task_group.py for tasks to queue
[2024-11-08T14:56:43.553+0000] {logging_mixin.py:190} INFO - [2024-11-08T14:56:43.553+0000] {dagbag.py:588} INFO - Filling up the DagBag from /home/airflow/.local/lib/python3.12/site-packages/airflow/example_dags/example_task_group.py
[2024-11-08T14:56:43.565+0000] {processor.py:925} INFO - DAG(s) 'example_task_group' retrieved from /home/airflow/.local/lib/python3.12/site-packages/airflow/example_dags/example_task_group.py
[2024-11-08T14:56:43.598+0000] {logging_mixin.py:190} INFO - [2024-11-08T14:56:43.597+0000] {dag.py:3239} INFO - Sync 1 DAGs
[2024-11-08T14:56:43.618+0000] {logging_mixin.py:190} INFO - [2024-11-08T14:56:43.617+0000] {dag.py:4180} INFO - Setting next_dagrun for example_task_group to None, run_after=None
[2024-11-08T14:56:43.789+0000] {processor.py:208} INFO - Processing /home/airflow/.local/lib/python3.12/site-packages/airflow/example_dags/example_task_group.py took 0.246 seconds
[2024-11-08T14:57:14.987+0000] {processor.py:186} INFO - Started process (PID=3153) to work on /home/airflow/.local/lib/python3.12/site-packages/airflow/example_dags/example_task_group.py
[2024-11-08T14:57:14.988+0000] {processor.py:914} INFO - Processing file /home/airflow/.local/lib/python3.12/site-packages/airflow/example_dags/example_task_group.py for tasks to queue
[2024-11-08T14:57:14.991+0000] {logging_mixin.py:190} INFO - [2024-11-08T14:57:14.991+0000] {dagbag.py:588} INFO - Filling up the DagBag from /home/airflow/.local/lib/python3.12/site-packages/airflow/example_dags/example_task_group.py
[2024-11-08T14:57:15.010+0000] {processor.py:925} INFO - DAG(s) 'example_task_group' retrieved from /home/airflow/.local/lib/python3.12/site-packages/airflow/example_dags/example_task_group.py
[2024-11-08T14:57:15.065+0000] {logging_mixin.py:190} INFO - [2024-11-08T14:57:15.064+0000] {dag.py:3239} INFO - Sync 1 DAGs
[2024-11-08T14:57:15.338+0000] {logging_mixin.py:190} INFO - [2024-11-08T14:57:15.338+0000] {dag.py:4180} INFO - Setting next_dagrun for example_task_group to None, run_after=None
[2024-11-08T14:57:15.372+0000] {processor.py:208} INFO - Processing /home/airflow/.local/lib/python3.12/site-packages/airflow/example_dags/example_task_group.py took 0.393 seconds
[2024-11-08T14:57:45.625+0000] {processor.py:186} INFO - Started process (PID=3216) to work on /home/airflow/.local/lib/python3.12/site-packages/airflow/example_dags/example_task_group.py
[2024-11-08T14:57:45.626+0000] {processor.py:914} INFO - Processing file /home/airflow/.local/lib/python3.12/site-packages/airflow/example_dags/example_task_group.py for tasks to queue
[2024-11-08T14:57:45.629+0000] {logging_mixin.py:190} INFO - [2024-11-08T14:57:45.628+0000] {dagbag.py:588} INFO - Filling up the DagBag from /home/airflow/.local/lib/python3.12/site-packages/airflow/example_dags/example_task_group.py
[2024-11-08T14:57:45.637+0000] {processor.py:925} INFO - DAG(s) 'example_task_group' retrieved from /home/airflow/.local/lib/python3.12/site-packages/airflow/example_dags/example_task_group.py
[2024-11-08T14:57:45.660+0000] {logging_mixin.py:190} INFO - [2024-11-08T14:57:45.660+0000] {dag.py:3239} INFO - Sync 1 DAGs
[2024-11-08T14:57:45.677+0000] {logging_mixin.py:190} INFO - [2024-11-08T14:57:45.676+0000] {dag.py:4180} INFO - Setting next_dagrun for example_task_group to None, run_after=None
[2024-11-08T14:57:45.735+0000] {processor.py:208} INFO - Processing /home/airflow/.local/lib/python3.12/site-packages/airflow/example_dags/example_task_group.py took 0.116 seconds
[2024-11-08T14:58:15.971+0000] {processor.py:186} INFO - Started process (PID=3279) to work on /home/airflow/.local/lib/python3.12/site-packages/airflow/example_dags/example_task_group.py
[2024-11-08T14:58:15.972+0000] {processor.py:914} INFO - Processing file /home/airflow/.local/lib/python3.12/site-packages/airflow/example_dags/example_task_group.py for tasks to queue
[2024-11-08T14:58:15.975+0000] {logging_mixin.py:190} INFO - [2024-11-08T14:58:15.974+0000] {dagbag.py:588} INFO - Filling up the DagBag from /home/airflow/.local/lib/python3.12/site-packages/airflow/example_dags/example_task_group.py
[2024-11-08T14:58:15.983+0000] {processor.py:925} INFO - DAG(s) 'example_task_group' retrieved from /home/airflow/.local/lib/python3.12/site-packages/airflow/example_dags/example_task_group.py
[2024-11-08T14:58:16.006+0000] {logging_mixin.py:190} INFO - [2024-11-08T14:58:16.005+0000] {dag.py:3239} INFO - Sync 1 DAGs
[2024-11-08T14:58:16.019+0000] {logging_mixin.py:190} INFO - [2024-11-08T14:58:16.019+0000] {dag.py:4180} INFO - Setting next_dagrun for example_task_group to None, run_after=None
[2024-11-08T14:58:16.273+0000] {processor.py:208} INFO - Processing /home/airflow/.local/lib/python3.12/site-packages/airflow/example_dags/example_task_group.py took 0.307 seconds
[2024-11-08T14:58:47.031+0000] {processor.py:186} INFO - Started process (PID=3343) to work on /home/airflow/.local/lib/python3.12/site-packages/airflow/example_dags/example_task_group.py
[2024-11-08T14:58:47.032+0000] {processor.py:914} INFO - Processing file /home/airflow/.local/lib/python3.12/site-packages/airflow/example_dags/example_task_group.py for tasks to queue
[2024-11-08T14:58:47.035+0000] {logging_mixin.py:190} INFO - [2024-11-08T14:58:47.034+0000] {dagbag.py:588} INFO - Filling up the DagBag from /home/airflow/.local/lib/python3.12/site-packages/airflow/example_dags/example_task_group.py
[2024-11-08T14:58:47.045+0000] {processor.py:925} INFO - DAG(s) 'example_task_group' retrieved from /home/airflow/.local/lib/python3.12/site-packages/airflow/example_dags/example_task_group.py
[2024-11-08T14:58:47.070+0000] {logging_mixin.py:190} INFO - [2024-11-08T14:58:47.070+0000] {dag.py:3239} INFO - Sync 1 DAGs
[2024-11-08T14:58:47.086+0000] {logging_mixin.py:190} INFO - [2024-11-08T14:58:47.086+0000] {dag.py:4180} INFO - Setting next_dagrun for example_task_group to None, run_after=None
[2024-11-08T14:58:47.272+0000] {processor.py:208} INFO - Processing /home/airflow/.local/lib/python3.12/site-packages/airflow/example_dags/example_task_group.py took 0.248 seconds
[2024-11-08T14:59:17.900+0000] {processor.py:186} INFO - Started process (PID=3406) to work on /home/airflow/.local/lib/python3.12/site-packages/airflow/example_dags/example_task_group.py
[2024-11-08T14:59:17.901+0000] {processor.py:914} INFO - Processing file /home/airflow/.local/lib/python3.12/site-packages/airflow/example_dags/example_task_group.py for tasks to queue
[2024-11-08T14:59:17.904+0000] {logging_mixin.py:190} INFO - [2024-11-08T14:59:17.903+0000] {dagbag.py:588} INFO - Filling up the DagBag from /home/airflow/.local/lib/python3.12/site-packages/airflow/example_dags/example_task_group.py
[2024-11-08T14:59:17.912+0000] {processor.py:925} INFO - DAG(s) 'example_task_group' retrieved from /home/airflow/.local/lib/python3.12/site-packages/airflow/example_dags/example_task_group.py
[2024-11-08T14:59:17.934+0000] {logging_mixin.py:190} INFO - [2024-11-08T14:59:17.934+0000] {dag.py:3239} INFO - Sync 1 DAGs
[2024-11-08T14:59:17.948+0000] {logging_mixin.py:190} INFO - [2024-11-08T14:59:17.948+0000] {dag.py:4180} INFO - Setting next_dagrun for example_task_group to None, run_after=None
[2024-11-08T14:59:17.987+0000] {processor.py:208} INFO - Processing /home/airflow/.local/lib/python3.12/site-packages/airflow/example_dags/example_task_group.py took 0.096 seconds
[2024-11-08T14:59:48.148+0000] {processor.py:186} INFO - Started process (PID=3468) to work on /home/airflow/.local/lib/python3.12/site-packages/airflow/example_dags/example_task_group.py
[2024-11-08T14:59:48.149+0000] {processor.py:914} INFO - Processing file /home/airflow/.local/lib/python3.12/site-packages/airflow/example_dags/example_task_group.py for tasks to queue
[2024-11-08T14:59:48.151+0000] {logging_mixin.py:190} INFO - [2024-11-08T14:59:48.151+0000] {dagbag.py:588} INFO - Filling up the DagBag from /home/airflow/.local/lib/python3.12/site-packages/airflow/example_dags/example_task_group.py
[2024-11-08T14:59:48.160+0000] {processor.py:925} INFO - DAG(s) 'example_task_group' retrieved from /home/airflow/.local/lib/python3.12/site-packages/airflow/example_dags/example_task_group.py
[2024-11-08T14:59:48.182+0000] {logging_mixin.py:190} INFO - [2024-11-08T14:59:48.181+0000] {dag.py:3239} INFO - Sync 1 DAGs
[2024-11-08T14:59:48.195+0000] {logging_mixin.py:190} INFO - [2024-11-08T14:59:48.195+0000] {dag.py:4180} INFO - Setting next_dagrun for example_task_group to None, run_after=None
[2024-11-08T14:59:48.545+0000] {processor.py:208} INFO - Processing /home/airflow/.local/lib/python3.12/site-packages/airflow/example_dags/example_task_group.py took 0.402 seconds
[2024-11-08T15:00:19.381+0000] {processor.py:186} INFO - Started process (PID=3531) to work on /home/airflow/.local/lib/python3.12/site-packages/airflow/example_dags/example_task_group.py
[2024-11-08T15:00:19.382+0000] {processor.py:914} INFO - Processing file /home/airflow/.local/lib/python3.12/site-packages/airflow/example_dags/example_task_group.py for tasks to queue
[2024-11-08T15:00:19.385+0000] {logging_mixin.py:190} INFO - [2024-11-08T15:00:19.385+0000] {dagbag.py:588} INFO - Filling up the DagBag from /home/airflow/.local/lib/python3.12/site-packages/airflow/example_dags/example_task_group.py
[2024-11-08T15:00:19.395+0000] {processor.py:925} INFO - DAG(s) 'example_task_group' retrieved from /home/airflow/.local/lib/python3.12/site-packages/airflow/example_dags/example_task_group.py
[2024-11-08T15:00:19.418+0000] {logging_mixin.py:190} INFO - [2024-11-08T15:00:19.418+0000] {dag.py:3239} INFO - Sync 1 DAGs
[2024-11-08T15:00:19.433+0000] {logging_mixin.py:190} INFO - [2024-11-08T15:00:19.433+0000] {dag.py:4180} INFO - Setting next_dagrun for example_task_group to None, run_after=None
[2024-11-08T15:00:19.525+0000] {processor.py:208} INFO - Processing /home/airflow/.local/lib/python3.12/site-packages/airflow/example_dags/example_task_group.py took 0.151 seconds
[2024-11-08T15:00:50.206+0000] {processor.py:186} INFO - Started process (PID=3594) to work on /home/airflow/.local/lib/python3.12/site-packages/airflow/example_dags/example_task_group.py
[2024-11-08T15:00:50.208+0000] {processor.py:914} INFO - Processing file /home/airflow/.local/lib/python3.12/site-packages/airflow/example_dags/example_task_group.py for tasks to queue
[2024-11-08T15:00:50.211+0000] {logging_mixin.py:190} INFO - [2024-11-08T15:00:50.210+0000] {dagbag.py:588} INFO - Filling up the DagBag from /home/airflow/.local/lib/python3.12/site-packages/airflow/example_dags/example_task_group.py
[2024-11-08T15:00:50.220+0000] {processor.py:925} INFO - DAG(s) 'example_task_group' retrieved from /home/airflow/.local/lib/python3.12/site-packages/airflow/example_dags/example_task_group.py
[2024-11-08T15:00:50.243+0000] {logging_mixin.py:190} INFO - [2024-11-08T15:00:50.243+0000] {dag.py:3239} INFO - Sync 1 DAGs
[2024-11-08T15:00:50.258+0000] {logging_mixin.py:190} INFO - [2024-11-08T15:00:50.257+0000] {dag.py:4180} INFO - Setting next_dagrun for example_task_group to None, run_after=None
[2024-11-08T15:00:50.354+0000] {processor.py:208} INFO - Processing /home/airflow/.local/lib/python3.12/site-packages/airflow/example_dags/example_task_group.py took 0.157 seconds
[2024-11-08T15:01:20.747+0000] {processor.py:186} INFO - Started process (PID=3656) to work on /home/airflow/.local/lib/python3.12/site-packages/airflow/example_dags/example_task_group.py
[2024-11-08T15:01:20.749+0000] {processor.py:914} INFO - Processing file /home/airflow/.local/lib/python3.12/site-packages/airflow/example_dags/example_task_group.py for tasks to queue
[2024-11-08T15:01:20.753+0000] {logging_mixin.py:190} INFO - [2024-11-08T15:01:20.752+0000] {dagbag.py:588} INFO - Filling up the DagBag from /home/airflow/.local/lib/python3.12/site-packages/airflow/example_dags/example_task_group.py
[2024-11-08T15:01:20.772+0000] {processor.py:925} INFO - DAG(s) 'example_task_group' retrieved from /home/airflow/.local/lib/python3.12/site-packages/airflow/example_dags/example_task_group.py
[2024-11-08T15:01:20.810+0000] {logging_mixin.py:190} INFO - [2024-11-08T15:01:20.809+0000] {dag.py:3239} INFO - Sync 1 DAGs
[2024-11-08T15:01:20.838+0000] {logging_mixin.py:190} INFO - [2024-11-08T15:01:20.838+0000] {dag.py:4180} INFO - Setting next_dagrun for example_task_group to None, run_after=None
[2024-11-08T15:01:20.885+0000] {processor.py:208} INFO - Processing /home/airflow/.local/lib/python3.12/site-packages/airflow/example_dags/example_task_group.py took 0.149 seconds
