[2024-11-08T14:32:08.065+0000] {processor.py:186} INFO - Started process (PID=93) to work on /home/airflow/.local/lib/python3.12/site-packages/airflow/example_dags/example_sla_dag.py
[2024-11-08T14:32:08.066+0000] {processor.py:914} INFO - Processing file /home/airflow/.local/lib/python3.12/site-packages/airflow/example_dags/example_sla_dag.py for tasks to queue
[2024-11-08T14:32:08.069+0000] {logging_mixin.py:190} INFO - [2024-11-08T14:32:08.069+0000] {dagbag.py:588} INFO - Filling up the DagBag from /home/airflow/.local/lib/python3.12/site-packages/airflow/example_dags/example_sla_dag.py
[2024-11-08T14:32:08.080+0000] {processor.py:925} INFO - DAG(s) 'example_sla_dag' retrieved from /home/airflow/.local/lib/python3.12/site-packages/airflow/example_dags/example_sla_dag.py
[2024-11-08T14:32:08.210+0000] {logging_mixin.py:190} INFO - [2024-11-08T14:32:08.210+0000] {override.py:1911} INFO - Created Permission View: can delete on DAG:example_sla_dag
[2024-11-08T14:32:08.224+0000] {logging_mixin.py:190} INFO - [2024-11-08T14:32:08.223+0000] {override.py:1911} INFO - Created Permission View: can edit on DAG:example_sla_dag
[2024-11-08T14:32:08.234+0000] {logging_mixin.py:190} INFO - [2024-11-08T14:32:08.234+0000] {override.py:1911} INFO - Created Permission View: can read on DAG:example_sla_dag
[2024-11-08T14:32:08.251+0000] {logging_mixin.py:190} INFO - [2024-11-08T14:32:08.251+0000] {override.py:1911} INFO - Created Permission View: can create on DAG Run:example_sla_dag
[2024-11-08T14:32:08.262+0000] {logging_mixin.py:190} INFO - [2024-11-08T14:32:08.262+0000] {override.py:1911} INFO - Created Permission View: menu access on DAG Run:example_sla_dag
[2024-11-08T14:32:08.273+0000] {logging_mixin.py:190} INFO - [2024-11-08T14:32:08.273+0000] {override.py:1911} INFO - Created Permission View: can delete on DAG Run:example_sla_dag
[2024-11-08T14:32:08.285+0000] {logging_mixin.py:190} INFO - [2024-11-08T14:32:08.284+0000] {override.py:1911} INFO - Created Permission View: can read on DAG Run:example_sla_dag
[2024-11-08T14:32:08.286+0000] {logging_mixin.py:190} INFO - [2024-11-08T14:32:08.285+0000] {dag.py:3239} INFO - Sync 1 DAGs
[2024-11-08T14:32:08.302+0000] {logging_mixin.py:190} INFO - [2024-11-08T14:32:08.301+0000] {dag.py:3262} INFO - Creating ORM DAG for example_sla_dag
[2024-11-08T14:32:08.316+0000] {logging_mixin.py:190} INFO - [2024-11-08T14:32:08.315+0000] {dag.py:4180} INFO - Setting next_dagrun for example_sla_dag to 2024-11-08 14:30:00+00:00, run_after=2024-11-08 14:32:00+00:00
[2024-11-08T14:32:08.337+0000] {processor.py:208} INFO - Processing /home/airflow/.local/lib/python3.12/site-packages/airflow/example_dags/example_sla_dag.py took 0.278 seconds
[2024-11-08T14:32:39.908+0000] {processor.py:186} INFO - Started process (PID=155) to work on /home/airflow/.local/lib/python3.12/site-packages/airflow/example_dags/example_sla_dag.py
[2024-11-08T14:32:39.910+0000] {processor.py:914} INFO - Processing file /home/airflow/.local/lib/python3.12/site-packages/airflow/example_dags/example_sla_dag.py for tasks to queue
[2024-11-08T14:32:39.913+0000] {logging_mixin.py:190} INFO - [2024-11-08T14:32:39.913+0000] {dagbag.py:588} INFO - Filling up the DagBag from /home/airflow/.local/lib/python3.12/site-packages/airflow/example_dags/example_sla_dag.py
[2024-11-08T14:32:39.924+0000] {processor.py:925} INFO - DAG(s) 'example_sla_dag' retrieved from /home/airflow/.local/lib/python3.12/site-packages/airflow/example_dags/example_sla_dag.py
[2024-11-08T14:32:39.945+0000] {logging_mixin.py:190} INFO - [2024-11-08T14:32:39.945+0000] {dag.py:3239} INFO - Sync 1 DAGs
[2024-11-08T14:32:39.973+0000] {logging_mixin.py:190} INFO - [2024-11-08T14:32:39.973+0000] {dag.py:4180} INFO - Setting next_dagrun for example_sla_dag to 2024-11-08 14:30:00+00:00, run_after=2024-11-08 14:32:00+00:00
[2024-11-08T14:32:39.997+0000] {processor.py:208} INFO - Processing /home/airflow/.local/lib/python3.12/site-packages/airflow/example_dags/example_sla_dag.py took 0.095 seconds
[2024-11-08T14:33:11.564+0000] {processor.py:186} INFO - Started process (PID=218) to work on /home/airflow/.local/lib/python3.12/site-packages/airflow/example_dags/example_sla_dag.py
[2024-11-08T14:33:11.566+0000] {processor.py:914} INFO - Processing file /home/airflow/.local/lib/python3.12/site-packages/airflow/example_dags/example_sla_dag.py for tasks to queue
[2024-11-08T14:33:11.571+0000] {logging_mixin.py:190} INFO - [2024-11-08T14:33:11.570+0000] {dagbag.py:588} INFO - Filling up the DagBag from /home/airflow/.local/lib/python3.12/site-packages/airflow/example_dags/example_sla_dag.py
[2024-11-08T14:33:11.587+0000] {processor.py:925} INFO - DAG(s) 'example_sla_dag' retrieved from /home/airflow/.local/lib/python3.12/site-packages/airflow/example_dags/example_sla_dag.py
[2024-11-08T14:33:11.607+0000] {logging_mixin.py:190} INFO - [2024-11-08T14:33:11.607+0000] {dag.py:3239} INFO - Sync 1 DAGs
[2024-11-08T14:33:11.632+0000] {logging_mixin.py:190} INFO - [2024-11-08T14:33:11.631+0000] {dag.py:4180} INFO - Setting next_dagrun for example_sla_dag to 2024-11-08 14:30:00+00:00, run_after=2024-11-08 14:32:00+00:00
[2024-11-08T14:33:11.670+0000] {processor.py:208} INFO - Processing /home/airflow/.local/lib/python3.12/site-packages/airflow/example_dags/example_sla_dag.py took 0.116 seconds
[2024-11-08T14:33:44.083+0000] {processor.py:186} INFO - Started process (PID=282) to work on /home/airflow/.local/lib/python3.12/site-packages/airflow/example_dags/example_sla_dag.py
[2024-11-08T14:33:44.084+0000] {processor.py:914} INFO - Processing file /home/airflow/.local/lib/python3.12/site-packages/airflow/example_dags/example_sla_dag.py for tasks to queue
[2024-11-08T14:33:44.088+0000] {logging_mixin.py:190} INFO - [2024-11-08T14:33:44.087+0000] {dagbag.py:588} INFO - Filling up the DagBag from /home/airflow/.local/lib/python3.12/site-packages/airflow/example_dags/example_sla_dag.py
[2024-11-08T14:33:44.098+0000] {processor.py:925} INFO - DAG(s) 'example_sla_dag' retrieved from /home/airflow/.local/lib/python3.12/site-packages/airflow/example_dags/example_sla_dag.py
[2024-11-08T14:33:44.121+0000] {logging_mixin.py:190} INFO - [2024-11-08T14:33:44.120+0000] {dag.py:3239} INFO - Sync 1 DAGs
[2024-11-08T14:33:44.151+0000] {logging_mixin.py:190} INFO - [2024-11-08T14:33:44.151+0000] {dag.py:4180} INFO - Setting next_dagrun for example_sla_dag to 2024-11-08 14:30:00+00:00, run_after=2024-11-08 14:32:00+00:00
[2024-11-08T14:33:44.324+0000] {processor.py:208} INFO - Processing /home/airflow/.local/lib/python3.12/site-packages/airflow/example_dags/example_sla_dag.py took 0.247 seconds
[2024-11-08T14:34:14.522+0000] {processor.py:186} INFO - Started process (PID=344) to work on /home/airflow/.local/lib/python3.12/site-packages/airflow/example_dags/example_sla_dag.py
[2024-11-08T14:34:14.523+0000] {processor.py:914} INFO - Processing file /home/airflow/.local/lib/python3.12/site-packages/airflow/example_dags/example_sla_dag.py for tasks to queue
[2024-11-08T14:34:14.528+0000] {logging_mixin.py:190} INFO - [2024-11-08T14:34:14.527+0000] {dagbag.py:588} INFO - Filling up the DagBag from /home/airflow/.local/lib/python3.12/site-packages/airflow/example_dags/example_sla_dag.py
[2024-11-08T14:34:14.539+0000] {processor.py:925} INFO - DAG(s) 'example_sla_dag' retrieved from /home/airflow/.local/lib/python3.12/site-packages/airflow/example_dags/example_sla_dag.py
[2024-11-08T14:34:14.575+0000] {logging_mixin.py:190} INFO - [2024-11-08T14:34:14.575+0000] {dag.py:3239} INFO - Sync 1 DAGs
[2024-11-08T14:34:14.611+0000] {logging_mixin.py:190} INFO - [2024-11-08T14:34:14.610+0000] {dag.py:4180} INFO - Setting next_dagrun for example_sla_dag to 2024-11-08 14:32:00+00:00, run_after=2024-11-08 14:34:00+00:00
[2024-11-08T14:34:14.672+0000] {processor.py:208} INFO - Processing /home/airflow/.local/lib/python3.12/site-packages/airflow/example_dags/example_sla_dag.py took 0.156 seconds
[2024-11-08T14:34:46.877+0000] {processor.py:186} INFO - Started process (PID=408) to work on /home/airflow/.local/lib/python3.12/site-packages/airflow/example_dags/example_sla_dag.py
[2024-11-08T14:34:46.878+0000] {processor.py:914} INFO - Processing file /home/airflow/.local/lib/python3.12/site-packages/airflow/example_dags/example_sla_dag.py for tasks to queue
[2024-11-08T14:34:46.883+0000] {logging_mixin.py:190} INFO - [2024-11-08T14:34:46.882+0000] {dagbag.py:588} INFO - Filling up the DagBag from /home/airflow/.local/lib/python3.12/site-packages/airflow/example_dags/example_sla_dag.py
[2024-11-08T14:34:46.897+0000] {processor.py:925} INFO - DAG(s) 'example_sla_dag' retrieved from /home/airflow/.local/lib/python3.12/site-packages/airflow/example_dags/example_sla_dag.py
[2024-11-08T14:34:46.918+0000] {logging_mixin.py:190} INFO - [2024-11-08T14:34:46.917+0000] {dag.py:3239} INFO - Sync 1 DAGs
[2024-11-08T14:34:46.946+0000] {logging_mixin.py:190} INFO - [2024-11-08T14:34:46.946+0000] {dag.py:4180} INFO - Setting next_dagrun for example_sla_dag to 2024-11-08 14:32:00+00:00, run_after=2024-11-08 14:34:00+00:00
[2024-11-08T14:34:46.970+0000] {processor.py:208} INFO - Processing /home/airflow/.local/lib/python3.12/site-packages/airflow/example_dags/example_sla_dag.py took 0.101 seconds
[2024-11-08T14:35:21.498+0000] {processor.py:186} INFO - Started process (PID=471) to work on /home/airflow/.local/lib/python3.12/site-packages/airflow/example_dags/example_sla_dag.py
[2024-11-08T14:35:21.502+0000] {processor.py:914} INFO - Processing file /home/airflow/.local/lib/python3.12/site-packages/airflow/example_dags/example_sla_dag.py for tasks to queue
[2024-11-08T14:35:21.507+0000] {logging_mixin.py:190} INFO - [2024-11-08T14:35:21.507+0000] {dagbag.py:588} INFO - Filling up the DagBag from /home/airflow/.local/lib/python3.12/site-packages/airflow/example_dags/example_sla_dag.py
[2024-11-08T14:35:21.525+0000] {processor.py:925} INFO - DAG(s) 'example_sla_dag' retrieved from /home/airflow/.local/lib/python3.12/site-packages/airflow/example_dags/example_sla_dag.py
[2024-11-08T14:35:21.560+0000] {logging_mixin.py:190} INFO - [2024-11-08T14:35:21.559+0000] {dag.py:3239} INFO - Sync 1 DAGs
[2024-11-08T14:35:21.617+0000] {logging_mixin.py:190} INFO - [2024-11-08T14:35:21.616+0000] {dag.py:4180} INFO - Setting next_dagrun for example_sla_dag to 2024-11-08 14:32:00+00:00, run_after=2024-11-08 14:34:00+00:00
[2024-11-08T14:35:21.922+0000] {processor.py:208} INFO - Processing /home/airflow/.local/lib/python3.12/site-packages/airflow/example_dags/example_sla_dag.py took 0.434 seconds
[2024-11-08T14:35:52.224+0000] {processor.py:186} INFO - Started process (PID=532) to work on /home/airflow/.local/lib/python3.12/site-packages/airflow/example_dags/example_sla_dag.py
[2024-11-08T14:35:52.226+0000] {processor.py:914} INFO - Processing file /home/airflow/.local/lib/python3.12/site-packages/airflow/example_dags/example_sla_dag.py for tasks to queue
[2024-11-08T14:35:52.229+0000] {logging_mixin.py:190} INFO - [2024-11-08T14:35:52.228+0000] {dagbag.py:588} INFO - Filling up the DagBag from /home/airflow/.local/lib/python3.12/site-packages/airflow/example_dags/example_sla_dag.py
[2024-11-08T14:35:52.241+0000] {processor.py:925} INFO - DAG(s) 'example_sla_dag' retrieved from /home/airflow/.local/lib/python3.12/site-packages/airflow/example_dags/example_sla_dag.py
[2024-11-08T14:35:52.261+0000] {logging_mixin.py:190} INFO - [2024-11-08T14:35:52.261+0000] {dag.py:3239} INFO - Sync 1 DAGs
[2024-11-08T14:35:52.292+0000] {logging_mixin.py:190} INFO - [2024-11-08T14:35:52.292+0000] {dag.py:4180} INFO - Setting next_dagrun for example_sla_dag to 2024-11-08 14:32:00+00:00, run_after=2024-11-08 14:34:00+00:00
[2024-11-08T14:35:52.318+0000] {processor.py:208} INFO - Processing /home/airflow/.local/lib/python3.12/site-packages/airflow/example_dags/example_sla_dag.py took 0.100 seconds
[2024-11-08T14:36:22.897+0000] {processor.py:186} INFO - Started process (PID=595) to work on /home/airflow/.local/lib/python3.12/site-packages/airflow/example_dags/example_sla_dag.py
[2024-11-08T14:36:22.898+0000] {processor.py:914} INFO - Processing file /home/airflow/.local/lib/python3.12/site-packages/airflow/example_dags/example_sla_dag.py for tasks to queue
[2024-11-08T14:36:22.902+0000] {logging_mixin.py:190} INFO - [2024-11-08T14:36:22.901+0000] {dagbag.py:588} INFO - Filling up the DagBag from /home/airflow/.local/lib/python3.12/site-packages/airflow/example_dags/example_sla_dag.py
[2024-11-08T14:36:22.915+0000] {processor.py:925} INFO - DAG(s) 'example_sla_dag' retrieved from /home/airflow/.local/lib/python3.12/site-packages/airflow/example_dags/example_sla_dag.py
[2024-11-08T14:36:22.941+0000] {logging_mixin.py:190} INFO - [2024-11-08T14:36:22.940+0000] {dag.py:3239} INFO - Sync 1 DAGs
[2024-11-08T14:36:22.972+0000] {logging_mixin.py:190} INFO - [2024-11-08T14:36:22.972+0000] {dag.py:4180} INFO - Setting next_dagrun for example_sla_dag to 2024-11-08 14:34:00+00:00, run_after=2024-11-08 14:36:00+00:00
[2024-11-08T14:36:22.994+0000] {processor.py:208} INFO - Processing /home/airflow/.local/lib/python3.12/site-packages/airflow/example_dags/example_sla_dag.py took 0.104 seconds
[2024-11-08T14:36:53.083+0000] {processor.py:186} INFO - Started process (PID=659) to work on /home/airflow/.local/lib/python3.12/site-packages/airflow/example_dags/example_sla_dag.py
[2024-11-08T14:36:53.084+0000] {processor.py:914} INFO - Processing file /home/airflow/.local/lib/python3.12/site-packages/airflow/example_dags/example_sla_dag.py for tasks to queue
[2024-11-08T14:36:53.088+0000] {logging_mixin.py:190} INFO - [2024-11-08T14:36:53.087+0000] {dagbag.py:588} INFO - Filling up the DagBag from /home/airflow/.local/lib/python3.12/site-packages/airflow/example_dags/example_sla_dag.py
[2024-11-08T14:36:53.099+0000] {processor.py:925} INFO - DAG(s) 'example_sla_dag' retrieved from /home/airflow/.local/lib/python3.12/site-packages/airflow/example_dags/example_sla_dag.py
[2024-11-08T14:36:53.118+0000] {logging_mixin.py:190} INFO - [2024-11-08T14:36:53.118+0000] {dag.py:3239} INFO - Sync 1 DAGs
[2024-11-08T14:36:53.144+0000] {logging_mixin.py:190} INFO - [2024-11-08T14:36:53.144+0000] {dag.py:4180} INFO - Setting next_dagrun for example_sla_dag to 2024-11-08 14:34:00+00:00, run_after=2024-11-08 14:36:00+00:00
[2024-11-08T14:36:53.189+0000] {processor.py:208} INFO - Processing /home/airflow/.local/lib/python3.12/site-packages/airflow/example_dags/example_sla_dag.py took 0.111 seconds
[2024-11-08T14:37:23.944+0000] {processor.py:186} INFO - Started process (PID=722) to work on /home/airflow/.local/lib/python3.12/site-packages/airflow/example_dags/example_sla_dag.py
[2024-11-08T14:37:23.946+0000] {processor.py:914} INFO - Processing file /home/airflow/.local/lib/python3.12/site-packages/airflow/example_dags/example_sla_dag.py for tasks to queue
[2024-11-08T14:37:23.948+0000] {logging_mixin.py:190} INFO - [2024-11-08T14:37:23.948+0000] {dagbag.py:588} INFO - Filling up the DagBag from /home/airflow/.local/lib/python3.12/site-packages/airflow/example_dags/example_sla_dag.py
[2024-11-08T14:37:23.957+0000] {processor.py:925} INFO - DAG(s) 'example_sla_dag' retrieved from /home/airflow/.local/lib/python3.12/site-packages/airflow/example_dags/example_sla_dag.py
[2024-11-08T14:37:23.977+0000] {logging_mixin.py:190} INFO - [2024-11-08T14:37:23.976+0000] {dag.py:3239} INFO - Sync 1 DAGs
[2024-11-08T14:37:24.002+0000] {logging_mixin.py:190} INFO - [2024-11-08T14:37:24.002+0000] {dag.py:4180} INFO - Setting next_dagrun for example_sla_dag to 2024-11-08 14:34:00+00:00, run_after=2024-11-08 14:36:00+00:00
[2024-11-08T14:37:24.172+0000] {processor.py:208} INFO - Processing /home/airflow/.local/lib/python3.12/site-packages/airflow/example_dags/example_sla_dag.py took 0.233 seconds
[2024-11-08T14:37:54.220+0000] {processor.py:186} INFO - Started process (PID=786) to work on /home/airflow/.local/lib/python3.12/site-packages/airflow/example_dags/example_sla_dag.py
[2024-11-08T14:37:54.221+0000] {processor.py:914} INFO - Processing file /home/airflow/.local/lib/python3.12/site-packages/airflow/example_dags/example_sla_dag.py for tasks to queue
[2024-11-08T14:37:54.224+0000] {logging_mixin.py:190} INFO - [2024-11-08T14:37:54.223+0000] {dagbag.py:588} INFO - Filling up the DagBag from /home/airflow/.local/lib/python3.12/site-packages/airflow/example_dags/example_sla_dag.py
[2024-11-08T14:37:54.235+0000] {processor.py:925} INFO - DAG(s) 'example_sla_dag' retrieved from /home/airflow/.local/lib/python3.12/site-packages/airflow/example_dags/example_sla_dag.py
[2024-11-08T14:37:54.257+0000] {logging_mixin.py:190} INFO - [2024-11-08T14:37:54.257+0000] {dag.py:3239} INFO - Sync 1 DAGs
[2024-11-08T14:37:54.286+0000] {logging_mixin.py:190} INFO - [2024-11-08T14:37:54.286+0000] {dag.py:4180} INFO - Setting next_dagrun for example_sla_dag to 2024-11-08 14:34:00+00:00, run_after=2024-11-08 14:36:00+00:00
[2024-11-08T14:37:54.508+0000] {processor.py:208} INFO - Processing /home/airflow/.local/lib/python3.12/site-packages/airflow/example_dags/example_sla_dag.py took 0.294 seconds
[2024-11-08T14:38:24.922+0000] {processor.py:186} INFO - Started process (PID=848) to work on /home/airflow/.local/lib/python3.12/site-packages/airflow/example_dags/example_sla_dag.py
[2024-11-08T14:38:24.923+0000] {processor.py:914} INFO - Processing file /home/airflow/.local/lib/python3.12/site-packages/airflow/example_dags/example_sla_dag.py for tasks to queue
[2024-11-08T14:38:24.926+0000] {logging_mixin.py:190} INFO - [2024-11-08T14:38:24.926+0000] {dagbag.py:588} INFO - Filling up the DagBag from /home/airflow/.local/lib/python3.12/site-packages/airflow/example_dags/example_sla_dag.py
[2024-11-08T14:38:24.937+0000] {processor.py:925} INFO - DAG(s) 'example_sla_dag' retrieved from /home/airflow/.local/lib/python3.12/site-packages/airflow/example_dags/example_sla_dag.py
[2024-11-08T14:38:24.960+0000] {logging_mixin.py:190} INFO - [2024-11-08T14:38:24.959+0000] {dag.py:3239} INFO - Sync 1 DAGs
[2024-11-08T14:38:24.987+0000] {logging_mixin.py:190} INFO - [2024-11-08T14:38:24.987+0000] {dag.py:4180} INFO - Setting next_dagrun for example_sla_dag to 2024-11-08 14:36:00+00:00, run_after=2024-11-08 14:38:00+00:00
[2024-11-08T14:38:25.037+0000] {processor.py:208} INFO - Processing /home/airflow/.local/lib/python3.12/site-packages/airflow/example_dags/example_sla_dag.py took 0.121 seconds
[2024-11-08T14:38:55.193+0000] {processor.py:186} INFO - Started process (PID=910) to work on /home/airflow/.local/lib/python3.12/site-packages/airflow/example_dags/example_sla_dag.py
[2024-11-08T14:38:55.194+0000] {processor.py:914} INFO - Processing file /home/airflow/.local/lib/python3.12/site-packages/airflow/example_dags/example_sla_dag.py for tasks to queue
[2024-11-08T14:38:55.196+0000] {logging_mixin.py:190} INFO - [2024-11-08T14:38:55.196+0000] {dagbag.py:588} INFO - Filling up the DagBag from /home/airflow/.local/lib/python3.12/site-packages/airflow/example_dags/example_sla_dag.py
[2024-11-08T14:38:55.207+0000] {processor.py:925} INFO - DAG(s) 'example_sla_dag' retrieved from /home/airflow/.local/lib/python3.12/site-packages/airflow/example_dags/example_sla_dag.py
[2024-11-08T14:38:55.226+0000] {logging_mixin.py:190} INFO - [2024-11-08T14:38:55.225+0000] {dag.py:3239} INFO - Sync 1 DAGs
[2024-11-08T14:38:55.250+0000] {logging_mixin.py:190} INFO - [2024-11-08T14:38:55.250+0000] {dag.py:4180} INFO - Setting next_dagrun for example_sla_dag to 2024-11-08 14:36:00+00:00, run_after=2024-11-08 14:38:00+00:00
[2024-11-08T14:38:55.289+0000] {processor.py:208} INFO - Processing /home/airflow/.local/lib/python3.12/site-packages/airflow/example_dags/example_sla_dag.py took 0.102 seconds
[2024-11-08T14:39:25.647+0000] {processor.py:186} INFO - Started process (PID=972) to work on /home/airflow/.local/lib/python3.12/site-packages/airflow/example_dags/example_sla_dag.py
[2024-11-08T14:39:25.648+0000] {processor.py:914} INFO - Processing file /home/airflow/.local/lib/python3.12/site-packages/airflow/example_dags/example_sla_dag.py for tasks to queue
[2024-11-08T14:39:25.651+0000] {logging_mixin.py:190} INFO - [2024-11-08T14:39:25.651+0000] {dagbag.py:588} INFO - Filling up the DagBag from /home/airflow/.local/lib/python3.12/site-packages/airflow/example_dags/example_sla_dag.py
[2024-11-08T14:39:25.664+0000] {processor.py:925} INFO - DAG(s) 'example_sla_dag' retrieved from /home/airflow/.local/lib/python3.12/site-packages/airflow/example_dags/example_sla_dag.py
[2024-11-08T14:39:25.685+0000] {logging_mixin.py:190} INFO - [2024-11-08T14:39:25.685+0000] {dag.py:3239} INFO - Sync 1 DAGs
[2024-11-08T14:39:25.723+0000] {logging_mixin.py:190} INFO - [2024-11-08T14:39:25.722+0000] {dag.py:4180} INFO - Setting next_dagrun for example_sla_dag to 2024-11-08 14:36:00+00:00, run_after=2024-11-08 14:38:00+00:00
[2024-11-08T14:39:26.029+0000] {processor.py:208} INFO - Processing /home/airflow/.local/lib/python3.12/site-packages/airflow/example_dags/example_sla_dag.py took 0.388 seconds
[2024-11-08T14:39:56.705+0000] {processor.py:186} INFO - Started process (PID=1041) to work on /home/airflow/.local/lib/python3.12/site-packages/airflow/example_dags/example_sla_dag.py
[2024-11-08T14:39:56.706+0000] {processor.py:914} INFO - Processing file /home/airflow/.local/lib/python3.12/site-packages/airflow/example_dags/example_sla_dag.py for tasks to queue
[2024-11-08T14:39:56.710+0000] {logging_mixin.py:190} INFO - [2024-11-08T14:39:56.709+0000] {dagbag.py:588} INFO - Filling up the DagBag from /home/airflow/.local/lib/python3.12/site-packages/airflow/example_dags/example_sla_dag.py
[2024-11-08T14:39:56.721+0000] {processor.py:925} INFO - DAG(s) 'example_sla_dag' retrieved from /home/airflow/.local/lib/python3.12/site-packages/airflow/example_dags/example_sla_dag.py
[2024-11-08T14:39:56.743+0000] {logging_mixin.py:190} INFO - [2024-11-08T14:39:56.743+0000] {dag.py:3239} INFO - Sync 1 DAGs
[2024-11-08T14:39:56.772+0000] {logging_mixin.py:190} INFO - [2024-11-08T14:39:56.772+0000] {dag.py:4180} INFO - Setting next_dagrun for example_sla_dag to 2024-11-08 14:36:00+00:00, run_after=2024-11-08 14:38:00+00:00
[2024-11-08T14:39:56.976+0000] {processor.py:208} INFO - Processing /home/airflow/.local/lib/python3.12/site-packages/airflow/example_dags/example_sla_dag.py took 0.279 seconds
[2024-11-08T14:40:27.280+0000] {processor.py:186} INFO - Started process (PID=1104) to work on /home/airflow/.local/lib/python3.12/site-packages/airflow/example_dags/example_sla_dag.py
[2024-11-08T14:40:27.281+0000] {processor.py:914} INFO - Processing file /home/airflow/.local/lib/python3.12/site-packages/airflow/example_dags/example_sla_dag.py for tasks to queue
[2024-11-08T14:40:27.285+0000] {logging_mixin.py:190} INFO - [2024-11-08T14:40:27.284+0000] {dagbag.py:588} INFO - Filling up the DagBag from /home/airflow/.local/lib/python3.12/site-packages/airflow/example_dags/example_sla_dag.py
[2024-11-08T14:40:27.297+0000] {processor.py:925} INFO - DAG(s) 'example_sla_dag' retrieved from /home/airflow/.local/lib/python3.12/site-packages/airflow/example_dags/example_sla_dag.py
[2024-11-08T14:40:27.318+0000] {logging_mixin.py:190} INFO - [2024-11-08T14:40:27.318+0000] {dag.py:3239} INFO - Sync 1 DAGs
[2024-11-08T14:40:27.348+0000] {logging_mixin.py:190} INFO - [2024-11-08T14:40:27.348+0000] {dag.py:4180} INFO - Setting next_dagrun for example_sla_dag to 2024-11-08 14:38:00+00:00, run_after=2024-11-08 14:40:00+00:00
[2024-11-08T14:40:27.564+0000] {processor.py:208} INFO - Processing /home/airflow/.local/lib/python3.12/site-packages/airflow/example_dags/example_sla_dag.py took 0.290 seconds
[2024-11-08T14:40:57.730+0000] {processor.py:186} INFO - Started process (PID=1166) to work on /home/airflow/.local/lib/python3.12/site-packages/airflow/example_dags/example_sla_dag.py
[2024-11-08T14:40:57.732+0000] {processor.py:914} INFO - Processing file /home/airflow/.local/lib/python3.12/site-packages/airflow/example_dags/example_sla_dag.py for tasks to queue
[2024-11-08T14:40:57.735+0000] {logging_mixin.py:190} INFO - [2024-11-08T14:40:57.734+0000] {dagbag.py:588} INFO - Filling up the DagBag from /home/airflow/.local/lib/python3.12/site-packages/airflow/example_dags/example_sla_dag.py
[2024-11-08T14:40:57.745+0000] {processor.py:925} INFO - DAG(s) 'example_sla_dag' retrieved from /home/airflow/.local/lib/python3.12/site-packages/airflow/example_dags/example_sla_dag.py
[2024-11-08T14:40:57.764+0000] {logging_mixin.py:190} INFO - [2024-11-08T14:40:57.764+0000] {dag.py:3239} INFO - Sync 1 DAGs
[2024-11-08T14:40:57.792+0000] {logging_mixin.py:190} INFO - [2024-11-08T14:40:57.792+0000] {dag.py:4180} INFO - Setting next_dagrun for example_sla_dag to 2024-11-08 14:38:00+00:00, run_after=2024-11-08 14:40:00+00:00
[2024-11-08T14:40:57.821+0000] {processor.py:208} INFO - Processing /home/airflow/.local/lib/python3.12/site-packages/airflow/example_dags/example_sla_dag.py took 0.097 seconds
[2024-11-08T14:41:28.574+0000] {processor.py:186} INFO - Started process (PID=1229) to work on /home/airflow/.local/lib/python3.12/site-packages/airflow/example_dags/example_sla_dag.py
[2024-11-08T14:41:28.575+0000] {processor.py:914} INFO - Processing file /home/airflow/.local/lib/python3.12/site-packages/airflow/example_dags/example_sla_dag.py for tasks to queue
[2024-11-08T14:41:28.579+0000] {logging_mixin.py:190} INFO - [2024-11-08T14:41:28.578+0000] {dagbag.py:588} INFO - Filling up the DagBag from /home/airflow/.local/lib/python3.12/site-packages/airflow/example_dags/example_sla_dag.py
[2024-11-08T14:41:28.596+0000] {processor.py:925} INFO - DAG(s) 'example_sla_dag' retrieved from /home/airflow/.local/lib/python3.12/site-packages/airflow/example_dags/example_sla_dag.py
[2024-11-08T14:41:28.640+0000] {logging_mixin.py:190} INFO - [2024-11-08T14:41:28.640+0000] {dag.py:3239} INFO - Sync 1 DAGs
[2024-11-08T14:41:28.746+0000] {logging_mixin.py:190} INFO - [2024-11-08T14:41:28.745+0000] {dag.py:4180} INFO - Setting next_dagrun for example_sla_dag to 2024-11-08 14:38:00+00:00, run_after=2024-11-08 14:40:00+00:00
[2024-11-08T14:41:28.829+0000] {processor.py:208} INFO - Processing /home/airflow/.local/lib/python3.12/site-packages/airflow/example_dags/example_sla_dag.py took 0.266 seconds
[2024-11-08T14:41:59.412+0000] {processor.py:186} INFO - Started process (PID=1292) to work on /home/airflow/.local/lib/python3.12/site-packages/airflow/example_dags/example_sla_dag.py
[2024-11-08T14:41:59.415+0000] {processor.py:914} INFO - Processing file /home/airflow/.local/lib/python3.12/site-packages/airflow/example_dags/example_sla_dag.py for tasks to queue
[2024-11-08T14:41:59.418+0000] {logging_mixin.py:190} INFO - [2024-11-08T14:41:59.418+0000] {dagbag.py:588} INFO - Filling up the DagBag from /home/airflow/.local/lib/python3.12/site-packages/airflow/example_dags/example_sla_dag.py
[2024-11-08T14:41:59.429+0000] {processor.py:925} INFO - DAG(s) 'example_sla_dag' retrieved from /home/airflow/.local/lib/python3.12/site-packages/airflow/example_dags/example_sla_dag.py
[2024-11-08T14:41:59.453+0000] {logging_mixin.py:190} INFO - [2024-11-08T14:41:59.453+0000] {dag.py:3239} INFO - Sync 1 DAGs
[2024-11-08T14:41:59.488+0000] {logging_mixin.py:190} INFO - [2024-11-08T14:41:59.488+0000] {dag.py:4180} INFO - Setting next_dagrun for example_sla_dag to 2024-11-08 14:38:00+00:00, run_after=2024-11-08 14:40:00+00:00
[2024-11-08T14:41:59.509+0000] {processor.py:208} INFO - Processing /home/airflow/.local/lib/python3.12/site-packages/airflow/example_dags/example_sla_dag.py took 0.103 seconds
[2024-11-08T14:42:29.845+0000] {processor.py:186} INFO - Started process (PID=1355) to work on /home/airflow/.local/lib/python3.12/site-packages/airflow/example_dags/example_sla_dag.py
[2024-11-08T14:42:29.846+0000] {processor.py:914} INFO - Processing file /home/airflow/.local/lib/python3.12/site-packages/airflow/example_dags/example_sla_dag.py for tasks to queue
[2024-11-08T14:42:29.849+0000] {logging_mixin.py:190} INFO - [2024-11-08T14:42:29.848+0000] {dagbag.py:588} INFO - Filling up the DagBag from /home/airflow/.local/lib/python3.12/site-packages/airflow/example_dags/example_sla_dag.py
[2024-11-08T14:42:29.858+0000] {processor.py:925} INFO - DAG(s) 'example_sla_dag' retrieved from /home/airflow/.local/lib/python3.12/site-packages/airflow/example_dags/example_sla_dag.py
[2024-11-08T14:42:29.876+0000] {logging_mixin.py:190} INFO - [2024-11-08T14:42:29.876+0000] {dag.py:3239} INFO - Sync 1 DAGs
[2024-11-08T14:42:29.901+0000] {logging_mixin.py:190} INFO - [2024-11-08T14:42:29.901+0000] {dag.py:4180} INFO - Setting next_dagrun for example_sla_dag to 2024-11-08 14:40:00+00:00, run_after=2024-11-08 14:42:00+00:00
[2024-11-08T14:42:30.122+0000] {processor.py:208} INFO - Processing /home/airflow/.local/lib/python3.12/site-packages/airflow/example_dags/example_sla_dag.py took 0.283 seconds
[2024-11-08T14:43:00.198+0000] {processor.py:186} INFO - Started process (PID=1418) to work on /home/airflow/.local/lib/python3.12/site-packages/airflow/example_dags/example_sla_dag.py
[2024-11-08T14:43:00.199+0000] {processor.py:914} INFO - Processing file /home/airflow/.local/lib/python3.12/site-packages/airflow/example_dags/example_sla_dag.py for tasks to queue
[2024-11-08T14:43:00.202+0000] {logging_mixin.py:190} INFO - [2024-11-08T14:43:00.202+0000] {dagbag.py:588} INFO - Filling up the DagBag from /home/airflow/.local/lib/python3.12/site-packages/airflow/example_dags/example_sla_dag.py
[2024-11-08T14:43:00.211+0000] {processor.py:925} INFO - DAG(s) 'example_sla_dag' retrieved from /home/airflow/.local/lib/python3.12/site-packages/airflow/example_dags/example_sla_dag.py
[2024-11-08T14:43:00.229+0000] {logging_mixin.py:190} INFO - [2024-11-08T14:43:00.229+0000] {dag.py:3239} INFO - Sync 1 DAGs
[2024-11-08T14:43:00.254+0000] {logging_mixin.py:190} INFO - [2024-11-08T14:43:00.253+0000] {dag.py:4180} INFO - Setting next_dagrun for example_sla_dag to 2024-11-08 14:40:00+00:00, run_after=2024-11-08 14:42:00+00:00
[2024-11-08T14:43:00.484+0000] {processor.py:208} INFO - Processing /home/airflow/.local/lib/python3.12/site-packages/airflow/example_dags/example_sla_dag.py took 0.291 seconds
[2024-11-08T14:43:30.833+0000] {processor.py:186} INFO - Started process (PID=1481) to work on /home/airflow/.local/lib/python3.12/site-packages/airflow/example_dags/example_sla_dag.py
[2024-11-08T14:43:30.834+0000] {processor.py:914} INFO - Processing file /home/airflow/.local/lib/python3.12/site-packages/airflow/example_dags/example_sla_dag.py for tasks to queue
[2024-11-08T14:43:30.837+0000] {logging_mixin.py:190} INFO - [2024-11-08T14:43:30.837+0000] {dagbag.py:588} INFO - Filling up the DagBag from /home/airflow/.local/lib/python3.12/site-packages/airflow/example_dags/example_sla_dag.py
[2024-11-08T14:43:30.847+0000] {processor.py:925} INFO - DAG(s) 'example_sla_dag' retrieved from /home/airflow/.local/lib/python3.12/site-packages/airflow/example_dags/example_sla_dag.py
[2024-11-08T14:43:30.866+0000] {logging_mixin.py:190} INFO - [2024-11-08T14:43:30.866+0000] {dag.py:3239} INFO - Sync 1 DAGs
[2024-11-08T14:43:30.889+0000] {logging_mixin.py:190} INFO - [2024-11-08T14:43:30.889+0000] {dag.py:4180} INFO - Setting next_dagrun for example_sla_dag to 2024-11-08 14:40:00+00:00, run_after=2024-11-08 14:42:00+00:00
[2024-11-08T14:43:30.944+0000] {processor.py:208} INFO - Processing /home/airflow/.local/lib/python3.12/site-packages/airflow/example_dags/example_sla_dag.py took 0.116 seconds
[2024-11-08T14:44:01.575+0000] {processor.py:186} INFO - Started process (PID=1544) to work on /home/airflow/.local/lib/python3.12/site-packages/airflow/example_dags/example_sla_dag.py
[2024-11-08T14:44:01.576+0000] {processor.py:914} INFO - Processing file /home/airflow/.local/lib/python3.12/site-packages/airflow/example_dags/example_sla_dag.py for tasks to queue
[2024-11-08T14:44:01.579+0000] {logging_mixin.py:190} INFO - [2024-11-08T14:44:01.579+0000] {dagbag.py:588} INFO - Filling up the DagBag from /home/airflow/.local/lib/python3.12/site-packages/airflow/example_dags/example_sla_dag.py
[2024-11-08T14:44:01.589+0000] {processor.py:925} INFO - DAG(s) 'example_sla_dag' retrieved from /home/airflow/.local/lib/python3.12/site-packages/airflow/example_dags/example_sla_dag.py
[2024-11-08T14:44:01.609+0000] {logging_mixin.py:190} INFO - [2024-11-08T14:44:01.608+0000] {dag.py:3239} INFO - Sync 1 DAGs
[2024-11-08T14:44:01.635+0000] {logging_mixin.py:190} INFO - [2024-11-08T14:44:01.634+0000] {dag.py:4180} INFO - Setting next_dagrun for example_sla_dag to 2024-11-08 14:42:00+00:00, run_after=2024-11-08 14:44:00+00:00
[2024-11-08T14:44:02.458+0000] {processor.py:208} INFO - Processing /home/airflow/.local/lib/python3.12/site-packages/airflow/example_dags/example_sla_dag.py took 0.889 seconds
[2024-11-08T14:44:32.844+0000] {processor.py:186} INFO - Started process (PID=1607) to work on /home/airflow/.local/lib/python3.12/site-packages/airflow/example_dags/example_sla_dag.py
[2024-11-08T14:44:32.845+0000] {processor.py:914} INFO - Processing file /home/airflow/.local/lib/python3.12/site-packages/airflow/example_dags/example_sla_dag.py for tasks to queue
[2024-11-08T14:44:32.848+0000] {logging_mixin.py:190} INFO - [2024-11-08T14:44:32.848+0000] {dagbag.py:588} INFO - Filling up the DagBag from /home/airflow/.local/lib/python3.12/site-packages/airflow/example_dags/example_sla_dag.py
[2024-11-08T14:44:32.858+0000] {processor.py:925} INFO - DAG(s) 'example_sla_dag' retrieved from /home/airflow/.local/lib/python3.12/site-packages/airflow/example_dags/example_sla_dag.py
[2024-11-08T14:44:32.923+0000] {logging_mixin.py:190} INFO - [2024-11-08T14:44:32.923+0000] {dag.py:3239} INFO - Sync 1 DAGs
[2024-11-08T14:44:32.953+0000] {logging_mixin.py:190} INFO - [2024-11-08T14:44:32.953+0000] {dag.py:4180} INFO - Setting next_dagrun for example_sla_dag to 2024-11-08 14:42:00+00:00, run_after=2024-11-08 14:44:00+00:00
[2024-11-08T14:44:33.017+0000] {processor.py:208} INFO - Processing /home/airflow/.local/lib/python3.12/site-packages/airflow/example_dags/example_sla_dag.py took 0.179 seconds
[2024-11-08T14:45:03.638+0000] {processor.py:186} INFO - Started process (PID=1670) to work on /home/airflow/.local/lib/python3.12/site-packages/airflow/example_dags/example_sla_dag.py
[2024-11-08T14:45:03.639+0000] {processor.py:914} INFO - Processing file /home/airflow/.local/lib/python3.12/site-packages/airflow/example_dags/example_sla_dag.py for tasks to queue
[2024-11-08T14:45:03.645+0000] {logging_mixin.py:190} INFO - [2024-11-08T14:45:03.645+0000] {dagbag.py:588} INFO - Filling up the DagBag from /home/airflow/.local/lib/python3.12/site-packages/airflow/example_dags/example_sla_dag.py
[2024-11-08T14:45:03.659+0000] {processor.py:925} INFO - DAG(s) 'example_sla_dag' retrieved from /home/airflow/.local/lib/python3.12/site-packages/airflow/example_dags/example_sla_dag.py
[2024-11-08T14:45:03.687+0000] {logging_mixin.py:190} INFO - [2024-11-08T14:45:03.687+0000] {dag.py:3239} INFO - Sync 1 DAGs
[2024-11-08T14:45:03.728+0000] {logging_mixin.py:190} INFO - [2024-11-08T14:45:03.728+0000] {dag.py:4180} INFO - Setting next_dagrun for example_sla_dag to 2024-11-08 14:42:00+00:00, run_after=2024-11-08 14:44:00+00:00
[2024-11-08T14:45:04.049+0000] {processor.py:208} INFO - Processing /home/airflow/.local/lib/python3.12/site-packages/airflow/example_dags/example_sla_dag.py took 0.418 seconds
[2024-11-08T14:45:34.923+0000] {processor.py:186} INFO - Started process (PID=1733) to work on /home/airflow/.local/lib/python3.12/site-packages/airflow/example_dags/example_sla_dag.py
[2024-11-08T14:45:34.925+0000] {processor.py:914} INFO - Processing file /home/airflow/.local/lib/python3.12/site-packages/airflow/example_dags/example_sla_dag.py for tasks to queue
[2024-11-08T14:45:34.928+0000] {logging_mixin.py:190} INFO - [2024-11-08T14:45:34.928+0000] {dagbag.py:588} INFO - Filling up the DagBag from /home/airflow/.local/lib/python3.12/site-packages/airflow/example_dags/example_sla_dag.py
[2024-11-08T14:45:34.938+0000] {processor.py:925} INFO - DAG(s) 'example_sla_dag' retrieved from /home/airflow/.local/lib/python3.12/site-packages/airflow/example_dags/example_sla_dag.py
[2024-11-08T14:45:34.960+0000] {logging_mixin.py:190} INFO - [2024-11-08T14:45:34.959+0000] {dag.py:3239} INFO - Sync 1 DAGs
[2024-11-08T14:45:34.991+0000] {logging_mixin.py:190} INFO - [2024-11-08T14:45:34.991+0000] {dag.py:4180} INFO - Setting next_dagrun for example_sla_dag to 2024-11-08 14:42:00+00:00, run_after=2024-11-08 14:44:00+00:00
[2024-11-08T14:45:35.013+0000] {processor.py:208} INFO - Processing /home/airflow/.local/lib/python3.12/site-packages/airflow/example_dags/example_sla_dag.py took 0.100 seconds
[2024-11-08T14:46:05.362+0000] {processor.py:186} INFO - Started process (PID=1796) to work on /home/airflow/.local/lib/python3.12/site-packages/airflow/example_dags/example_sla_dag.py
[2024-11-08T14:46:05.363+0000] {processor.py:914} INFO - Processing file /home/airflow/.local/lib/python3.12/site-packages/airflow/example_dags/example_sla_dag.py for tasks to queue
[2024-11-08T14:46:05.366+0000] {logging_mixin.py:190} INFO - [2024-11-08T14:46:05.366+0000] {dagbag.py:588} INFO - Filling up the DagBag from /home/airflow/.local/lib/python3.12/site-packages/airflow/example_dags/example_sla_dag.py
[2024-11-08T14:46:05.376+0000] {processor.py:925} INFO - DAG(s) 'example_sla_dag' retrieved from /home/airflow/.local/lib/python3.12/site-packages/airflow/example_dags/example_sla_dag.py
[2024-11-08T14:46:05.399+0000] {logging_mixin.py:190} INFO - [2024-11-08T14:46:05.399+0000] {dag.py:3239} INFO - Sync 1 DAGs
[2024-11-08T14:46:05.426+0000] {logging_mixin.py:190} INFO - [2024-11-08T14:46:05.425+0000] {dag.py:4180} INFO - Setting next_dagrun for example_sla_dag to 2024-11-08 14:44:00+00:00, run_after=2024-11-08 14:46:00+00:00
[2024-11-08T14:46:05.448+0000] {processor.py:208} INFO - Processing /home/airflow/.local/lib/python3.12/site-packages/airflow/example_dags/example_sla_dag.py took 0.095 seconds
[2024-11-08T14:46:35.753+0000] {processor.py:186} INFO - Started process (PID=1860) to work on /home/airflow/.local/lib/python3.12/site-packages/airflow/example_dags/example_sla_dag.py
[2024-11-08T14:46:35.754+0000] {processor.py:914} INFO - Processing file /home/airflow/.local/lib/python3.12/site-packages/airflow/example_dags/example_sla_dag.py for tasks to queue
[2024-11-08T14:46:35.757+0000] {logging_mixin.py:190} INFO - [2024-11-08T14:46:35.757+0000] {dagbag.py:588} INFO - Filling up the DagBag from /home/airflow/.local/lib/python3.12/site-packages/airflow/example_dags/example_sla_dag.py
[2024-11-08T14:46:35.766+0000] {processor.py:925} INFO - DAG(s) 'example_sla_dag' retrieved from /home/airflow/.local/lib/python3.12/site-packages/airflow/example_dags/example_sla_dag.py
[2024-11-08T14:46:35.789+0000] {logging_mixin.py:190} INFO - [2024-11-08T14:46:35.788+0000] {dag.py:3239} INFO - Sync 1 DAGs
[2024-11-08T14:46:35.815+0000] {logging_mixin.py:190} INFO - [2024-11-08T14:46:35.815+0000] {dag.py:4180} INFO - Setting next_dagrun for example_sla_dag to 2024-11-08 14:44:00+00:00, run_after=2024-11-08 14:46:00+00:00
[2024-11-08T14:46:35.857+0000] {processor.py:208} INFO - Processing /home/airflow/.local/lib/python3.12/site-packages/airflow/example_dags/example_sla_dag.py took 0.110 seconds
[2024-11-08T14:47:05.958+0000] {processor.py:186} INFO - Started process (PID=1922) to work on /home/airflow/.local/lib/python3.12/site-packages/airflow/example_dags/example_sla_dag.py
[2024-11-08T14:47:05.959+0000] {processor.py:914} INFO - Processing file /home/airflow/.local/lib/python3.12/site-packages/airflow/example_dags/example_sla_dag.py for tasks to queue
[2024-11-08T14:47:05.962+0000] {logging_mixin.py:190} INFO - [2024-11-08T14:47:05.962+0000] {dagbag.py:588} INFO - Filling up the DagBag from /home/airflow/.local/lib/python3.12/site-packages/airflow/example_dags/example_sla_dag.py
[2024-11-08T14:47:05.972+0000] {processor.py:925} INFO - DAG(s) 'example_sla_dag' retrieved from /home/airflow/.local/lib/python3.12/site-packages/airflow/example_dags/example_sla_dag.py
[2024-11-08T14:47:05.992+0000] {logging_mixin.py:190} INFO - [2024-11-08T14:47:05.991+0000] {dag.py:3239} INFO - Sync 1 DAGs
[2024-11-08T14:47:06.017+0000] {logging_mixin.py:190} INFO - [2024-11-08T14:47:06.017+0000] {dag.py:4180} INFO - Setting next_dagrun for example_sla_dag to 2024-11-08 14:44:00+00:00, run_after=2024-11-08 14:46:00+00:00
[2024-11-08T14:47:06.109+0000] {processor.py:208} INFO - Processing /home/airflow/.local/lib/python3.12/site-packages/airflow/example_dags/example_sla_dag.py took 0.158 seconds
[2024-11-08T14:47:36.232+0000] {processor.py:186} INFO - Started process (PID=1985) to work on /home/airflow/.local/lib/python3.12/site-packages/airflow/example_dags/example_sla_dag.py
[2024-11-08T14:47:36.233+0000] {processor.py:914} INFO - Processing file /home/airflow/.local/lib/python3.12/site-packages/airflow/example_dags/example_sla_dag.py for tasks to queue
[2024-11-08T14:47:36.237+0000] {logging_mixin.py:190} INFO - [2024-11-08T14:47:36.237+0000] {dagbag.py:588} INFO - Filling up the DagBag from /home/airflow/.local/lib/python3.12/site-packages/airflow/example_dags/example_sla_dag.py
[2024-11-08T14:47:36.252+0000] {processor.py:925} INFO - DAG(s) 'example_sla_dag' retrieved from /home/airflow/.local/lib/python3.12/site-packages/airflow/example_dags/example_sla_dag.py
[2024-11-08T14:47:36.274+0000] {logging_mixin.py:190} INFO - [2024-11-08T14:47:36.274+0000] {dag.py:3239} INFO - Sync 1 DAGs
[2024-11-08T14:47:36.298+0000] {logging_mixin.py:190} INFO - [2024-11-08T14:47:36.298+0000] {dag.py:4180} INFO - Setting next_dagrun for example_sla_dag to 2024-11-08 14:44:00+00:00, run_after=2024-11-08 14:46:00+00:00
[2024-11-08T14:47:36.319+0000] {processor.py:208} INFO - Processing /home/airflow/.local/lib/python3.12/site-packages/airflow/example_dags/example_sla_dag.py took 0.096 seconds
[2024-11-08T14:48:06.623+0000] {processor.py:186} INFO - Started process (PID=2048) to work on /home/airflow/.local/lib/python3.12/site-packages/airflow/example_dags/example_sla_dag.py
[2024-11-08T14:48:06.625+0000] {processor.py:914} INFO - Processing file /home/airflow/.local/lib/python3.12/site-packages/airflow/example_dags/example_sla_dag.py for tasks to queue
[2024-11-08T14:48:06.629+0000] {logging_mixin.py:190} INFO - [2024-11-08T14:48:06.629+0000] {dagbag.py:588} INFO - Filling up the DagBag from /home/airflow/.local/lib/python3.12/site-packages/airflow/example_dags/example_sla_dag.py
[2024-11-08T14:48:06.642+0000] {processor.py:925} INFO - DAG(s) 'example_sla_dag' retrieved from /home/airflow/.local/lib/python3.12/site-packages/airflow/example_dags/example_sla_dag.py
[2024-11-08T14:48:06.663+0000] {logging_mixin.py:190} INFO - [2024-11-08T14:48:06.663+0000] {dag.py:3239} INFO - Sync 1 DAGs
[2024-11-08T14:48:06.688+0000] {logging_mixin.py:190} INFO - [2024-11-08T14:48:06.688+0000] {dag.py:4180} INFO - Setting next_dagrun for example_sla_dag to 2024-11-08 14:46:00+00:00, run_after=2024-11-08 14:48:00+00:00
[2024-11-08T14:48:07.205+0000] {processor.py:208} INFO - Processing /home/airflow/.local/lib/python3.12/site-packages/airflow/example_dags/example_sla_dag.py took 0.593 seconds
[2024-11-08T14:48:38.181+0000] {processor.py:186} INFO - Started process (PID=2112) to work on /home/airflow/.local/lib/python3.12/site-packages/airflow/example_dags/example_sla_dag.py
[2024-11-08T14:48:38.182+0000] {processor.py:914} INFO - Processing file /home/airflow/.local/lib/python3.12/site-packages/airflow/example_dags/example_sla_dag.py for tasks to queue
[2024-11-08T14:48:38.185+0000] {logging_mixin.py:190} INFO - [2024-11-08T14:48:38.185+0000] {dagbag.py:588} INFO - Filling up the DagBag from /home/airflow/.local/lib/python3.12/site-packages/airflow/example_dags/example_sla_dag.py
[2024-11-08T14:48:38.196+0000] {processor.py:925} INFO - DAG(s) 'example_sla_dag' retrieved from /home/airflow/.local/lib/python3.12/site-packages/airflow/example_dags/example_sla_dag.py
[2024-11-08T14:48:38.217+0000] {logging_mixin.py:190} INFO - [2024-11-08T14:48:38.217+0000] {dag.py:3239} INFO - Sync 1 DAGs
[2024-11-08T14:48:38.245+0000] {logging_mixin.py:190} INFO - [2024-11-08T14:48:38.245+0000] {dag.py:4180} INFO - Setting next_dagrun for example_sla_dag to 2024-11-08 14:46:00+00:00, run_after=2024-11-08 14:48:00+00:00
[2024-11-08T14:48:38.356+0000] {processor.py:208} INFO - Processing /home/airflow/.local/lib/python3.12/site-packages/airflow/example_dags/example_sla_dag.py took 0.181 seconds
[2024-11-08T14:49:08.854+0000] {processor.py:186} INFO - Started process (PID=2175) to work on /home/airflow/.local/lib/python3.12/site-packages/airflow/example_dags/example_sla_dag.py
[2024-11-08T14:49:08.856+0000] {processor.py:914} INFO - Processing file /home/airflow/.local/lib/python3.12/site-packages/airflow/example_dags/example_sla_dag.py for tasks to queue
[2024-11-08T14:49:08.860+0000] {logging_mixin.py:190} INFO - [2024-11-08T14:49:08.859+0000] {dagbag.py:588} INFO - Filling up the DagBag from /home/airflow/.local/lib/python3.12/site-packages/airflow/example_dags/example_sla_dag.py
[2024-11-08T14:49:08.872+0000] {processor.py:925} INFO - DAG(s) 'example_sla_dag' retrieved from /home/airflow/.local/lib/python3.12/site-packages/airflow/example_dags/example_sla_dag.py
[2024-11-08T14:49:08.924+0000] {logging_mixin.py:190} INFO - [2024-11-08T14:49:08.924+0000] {dag.py:3239} INFO - Sync 1 DAGs
[2024-11-08T14:49:08.983+0000] {logging_mixin.py:190} INFO - [2024-11-08T14:49:08.982+0000] {dag.py:4180} INFO - Setting next_dagrun for example_sla_dag to 2024-11-08 14:46:00+00:00, run_after=2024-11-08 14:48:00+00:00
[2024-11-08T14:49:09.027+0000] {processor.py:208} INFO - Processing /home/airflow/.local/lib/python3.12/site-packages/airflow/example_dags/example_sla_dag.py took 0.180 seconds
[2024-11-08T14:49:39.541+0000] {processor.py:186} INFO - Started process (PID=2238) to work on /home/airflow/.local/lib/python3.12/site-packages/airflow/example_dags/example_sla_dag.py
[2024-11-08T14:49:39.543+0000] {processor.py:914} INFO - Processing file /home/airflow/.local/lib/python3.12/site-packages/airflow/example_dags/example_sla_dag.py for tasks to queue
[2024-11-08T14:49:39.548+0000] {logging_mixin.py:190} INFO - [2024-11-08T14:49:39.547+0000] {dagbag.py:588} INFO - Filling up the DagBag from /home/airflow/.local/lib/python3.12/site-packages/airflow/example_dags/example_sla_dag.py
[2024-11-08T14:49:39.558+0000] {processor.py:925} INFO - DAG(s) 'example_sla_dag' retrieved from /home/airflow/.local/lib/python3.12/site-packages/airflow/example_dags/example_sla_dag.py
[2024-11-08T14:49:39.580+0000] {logging_mixin.py:190} INFO - [2024-11-08T14:49:39.580+0000] {dag.py:3239} INFO - Sync 1 DAGs
[2024-11-08T14:49:39.607+0000] {logging_mixin.py:190} INFO - [2024-11-08T14:49:39.607+0000] {dag.py:4180} INFO - Setting next_dagrun for example_sla_dag to 2024-11-08 14:46:00+00:00, run_after=2024-11-08 14:48:00+00:00
[2024-11-08T14:49:39.628+0000] {processor.py:208} INFO - Processing /home/airflow/.local/lib/python3.12/site-packages/airflow/example_dags/example_sla_dag.py took 0.097 seconds
[2024-11-08T14:50:09.762+0000] {processor.py:186} INFO - Started process (PID=2300) to work on /home/airflow/.local/lib/python3.12/site-packages/airflow/example_dags/example_sla_dag.py
[2024-11-08T14:50:09.764+0000] {processor.py:914} INFO - Processing file /home/airflow/.local/lib/python3.12/site-packages/airflow/example_dags/example_sla_dag.py for tasks to queue
[2024-11-08T14:50:09.769+0000] {logging_mixin.py:190} INFO - [2024-11-08T14:50:09.768+0000] {dagbag.py:588} INFO - Filling up the DagBag from /home/airflow/.local/lib/python3.12/site-packages/airflow/example_dags/example_sla_dag.py
[2024-11-08T14:50:09.780+0000] {processor.py:925} INFO - DAG(s) 'example_sla_dag' retrieved from /home/airflow/.local/lib/python3.12/site-packages/airflow/example_dags/example_sla_dag.py
[2024-11-08T14:50:09.799+0000] {logging_mixin.py:190} INFO - [2024-11-08T14:50:09.799+0000] {dag.py:3239} INFO - Sync 1 DAGs
[2024-11-08T14:50:09.823+0000] {logging_mixin.py:190} INFO - [2024-11-08T14:50:09.822+0000] {dag.py:4180} INFO - Setting next_dagrun for example_sla_dag to 2024-11-08 14:48:00+00:00, run_after=2024-11-08 14:50:00+00:00
[2024-11-08T14:50:09.866+0000] {processor.py:208} INFO - Processing /home/airflow/.local/lib/python3.12/site-packages/airflow/example_dags/example_sla_dag.py took 0.114 seconds
[2024-11-08T14:50:40.355+0000] {processor.py:186} INFO - Started process (PID=2363) to work on /home/airflow/.local/lib/python3.12/site-packages/airflow/example_dags/example_sla_dag.py
[2024-11-08T14:50:40.356+0000] {processor.py:914} INFO - Processing file /home/airflow/.local/lib/python3.12/site-packages/airflow/example_dags/example_sla_dag.py for tasks to queue
[2024-11-08T14:50:40.360+0000] {logging_mixin.py:190} INFO - [2024-11-08T14:50:40.360+0000] {dagbag.py:588} INFO - Filling up the DagBag from /home/airflow/.local/lib/python3.12/site-packages/airflow/example_dags/example_sla_dag.py
[2024-11-08T14:50:40.371+0000] {processor.py:925} INFO - DAG(s) 'example_sla_dag' retrieved from /home/airflow/.local/lib/python3.12/site-packages/airflow/example_dags/example_sla_dag.py
[2024-11-08T14:50:40.396+0000] {logging_mixin.py:190} INFO - [2024-11-08T14:50:40.396+0000] {dag.py:3239} INFO - Sync 1 DAGs
[2024-11-08T14:50:40.425+0000] {logging_mixin.py:190} INFO - [2024-11-08T14:50:40.425+0000] {dag.py:4180} INFO - Setting next_dagrun for example_sla_dag to 2024-11-08 14:48:00+00:00, run_after=2024-11-08 14:50:00+00:00
[2024-11-08T14:50:40.574+0000] {processor.py:208} INFO - Processing /home/airflow/.local/lib/python3.12/site-packages/airflow/example_dags/example_sla_dag.py took 0.226 seconds
[2024-11-08T14:51:11.396+0000] {processor.py:186} INFO - Started process (PID=2426) to work on /home/airflow/.local/lib/python3.12/site-packages/airflow/example_dags/example_sla_dag.py
[2024-11-08T14:51:11.397+0000] {processor.py:914} INFO - Processing file /home/airflow/.local/lib/python3.12/site-packages/airflow/example_dags/example_sla_dag.py for tasks to queue
[2024-11-08T14:51:11.404+0000] {logging_mixin.py:190} INFO - [2024-11-08T14:51:11.403+0000] {dagbag.py:588} INFO - Filling up the DagBag from /home/airflow/.local/lib/python3.12/site-packages/airflow/example_dags/example_sla_dag.py
[2024-11-08T14:51:11.444+0000] {processor.py:925} INFO - DAG(s) 'example_sla_dag' retrieved from /home/airflow/.local/lib/python3.12/site-packages/airflow/example_dags/example_sla_dag.py
[2024-11-08T14:51:11.504+0000] {logging_mixin.py:190} INFO - [2024-11-08T14:51:11.503+0000] {dag.py:3239} INFO - Sync 1 DAGs
[2024-11-08T14:51:11.544+0000] {logging_mixin.py:190} INFO - [2024-11-08T14:51:11.544+0000] {dag.py:4180} INFO - Setting next_dagrun for example_sla_dag to 2024-11-08 14:48:00+00:00, run_after=2024-11-08 14:50:00+00:00
[2024-11-08T14:51:11.670+0000] {processor.py:208} INFO - Processing /home/airflow/.local/lib/python3.12/site-packages/airflow/example_dags/example_sla_dag.py took 0.286 seconds
[2024-11-08T14:51:42.364+0000] {processor.py:186} INFO - Started process (PID=2489) to work on /home/airflow/.local/lib/python3.12/site-packages/airflow/example_dags/example_sla_dag.py
[2024-11-08T14:51:42.365+0000] {processor.py:914} INFO - Processing file /home/airflow/.local/lib/python3.12/site-packages/airflow/example_dags/example_sla_dag.py for tasks to queue
[2024-11-08T14:51:42.368+0000] {logging_mixin.py:190} INFO - [2024-11-08T14:51:42.368+0000] {dagbag.py:588} INFO - Filling up the DagBag from /home/airflow/.local/lib/python3.12/site-packages/airflow/example_dags/example_sla_dag.py
[2024-11-08T14:51:42.381+0000] {processor.py:925} INFO - DAG(s) 'example_sla_dag' retrieved from /home/airflow/.local/lib/python3.12/site-packages/airflow/example_dags/example_sla_dag.py
[2024-11-08T14:51:42.403+0000] {logging_mixin.py:190} INFO - [2024-11-08T14:51:42.403+0000] {dag.py:3239} INFO - Sync 1 DAGs
[2024-11-08T14:51:42.432+0000] {logging_mixin.py:190} INFO - [2024-11-08T14:51:42.432+0000] {dag.py:4180} INFO - Setting next_dagrun for example_sla_dag to 2024-11-08 14:48:00+00:00, run_after=2024-11-08 14:50:00+00:00
[2024-11-08T14:51:42.468+0000] {processor.py:208} INFO - Processing /home/airflow/.local/lib/python3.12/site-packages/airflow/example_dags/example_sla_dag.py took 0.110 seconds
[2024-11-08T14:52:12.849+0000] {processor.py:186} INFO - Started process (PID=2552) to work on /home/airflow/.local/lib/python3.12/site-packages/airflow/example_dags/example_sla_dag.py
[2024-11-08T14:52:12.851+0000] {processor.py:914} INFO - Processing file /home/airflow/.local/lib/python3.12/site-packages/airflow/example_dags/example_sla_dag.py for tasks to queue
[2024-11-08T14:52:12.865+0000] {logging_mixin.py:190} INFO - [2024-11-08T14:52:12.864+0000] {dagbag.py:588} INFO - Filling up the DagBag from /home/airflow/.local/lib/python3.12/site-packages/airflow/example_dags/example_sla_dag.py
[2024-11-08T14:52:12.892+0000] {processor.py:925} INFO - DAG(s) 'example_sla_dag' retrieved from /home/airflow/.local/lib/python3.12/site-packages/airflow/example_dags/example_sla_dag.py
[2024-11-08T14:52:12.952+0000] {logging_mixin.py:190} INFO - [2024-11-08T14:52:12.951+0000] {dag.py:3239} INFO - Sync 1 DAGs
[2024-11-08T14:52:13.071+0000] {logging_mixin.py:190} INFO - [2024-11-08T14:52:13.059+0000] {dag.py:4180} INFO - Setting next_dagrun for example_sla_dag to 2024-11-08 14:50:00+00:00, run_after=2024-11-08 14:52:00+00:00
[2024-11-08T14:52:13.138+0000] {processor.py:208} INFO - Processing /home/airflow/.local/lib/python3.12/site-packages/airflow/example_dags/example_sla_dag.py took 0.295 seconds
[2024-11-08T14:52:43.617+0000] {processor.py:186} INFO - Started process (PID=2616) to work on /home/airflow/.local/lib/python3.12/site-packages/airflow/example_dags/example_sla_dag.py
[2024-11-08T14:52:43.621+0000] {processor.py:914} INFO - Processing file /home/airflow/.local/lib/python3.12/site-packages/airflow/example_dags/example_sla_dag.py for tasks to queue
[2024-11-08T14:52:43.626+0000] {logging_mixin.py:190} INFO - [2024-11-08T14:52:43.626+0000] {dagbag.py:588} INFO - Filling up the DagBag from /home/airflow/.local/lib/python3.12/site-packages/airflow/example_dags/example_sla_dag.py
[2024-11-08T14:52:43.651+0000] {processor.py:925} INFO - DAG(s) 'example_sla_dag' retrieved from /home/airflow/.local/lib/python3.12/site-packages/airflow/example_dags/example_sla_dag.py
[2024-11-08T14:52:43.706+0000] {logging_mixin.py:190} INFO - [2024-11-08T14:52:43.706+0000] {dag.py:3239} INFO - Sync 1 DAGs
[2024-11-08T14:52:43.754+0000] {logging_mixin.py:190} INFO - [2024-11-08T14:52:43.753+0000] {dag.py:4180} INFO - Setting next_dagrun for example_sla_dag to 2024-11-08 14:50:00+00:00, run_after=2024-11-08 14:52:00+00:00
[2024-11-08T14:52:43.811+0000] {processor.py:208} INFO - Processing /home/airflow/.local/lib/python3.12/site-packages/airflow/example_dags/example_sla_dag.py took 0.202 seconds
[2024-11-08T14:53:14.191+0000] {processor.py:186} INFO - Started process (PID=2679) to work on /home/airflow/.local/lib/python3.12/site-packages/airflow/example_dags/example_sla_dag.py
[2024-11-08T14:53:14.192+0000] {processor.py:914} INFO - Processing file /home/airflow/.local/lib/python3.12/site-packages/airflow/example_dags/example_sla_dag.py for tasks to queue
[2024-11-08T14:53:14.196+0000] {logging_mixin.py:190} INFO - [2024-11-08T14:53:14.195+0000] {dagbag.py:588} INFO - Filling up the DagBag from /home/airflow/.local/lib/python3.12/site-packages/airflow/example_dags/example_sla_dag.py
[2024-11-08T14:53:14.210+0000] {processor.py:925} INFO - DAG(s) 'example_sla_dag' retrieved from /home/airflow/.local/lib/python3.12/site-packages/airflow/example_dags/example_sla_dag.py
[2024-11-08T14:53:14.237+0000] {logging_mixin.py:190} INFO - [2024-11-08T14:53:14.236+0000] {dag.py:3239} INFO - Sync 1 DAGs
[2024-11-08T14:53:14.265+0000] {logging_mixin.py:190} INFO - [2024-11-08T14:53:14.265+0000] {dag.py:4180} INFO - Setting next_dagrun for example_sla_dag to 2024-11-08 14:50:00+00:00, run_after=2024-11-08 14:52:00+00:00
[2024-11-08T14:53:14.336+0000] {processor.py:208} INFO - Processing /home/airflow/.local/lib/python3.12/site-packages/airflow/example_dags/example_sla_dag.py took 0.153 seconds
[2024-11-08T14:53:45.006+0000] {processor.py:186} INFO - Started process (PID=2742) to work on /home/airflow/.local/lib/python3.12/site-packages/airflow/example_dags/example_sla_dag.py
[2024-11-08T14:53:45.008+0000] {processor.py:914} INFO - Processing file /home/airflow/.local/lib/python3.12/site-packages/airflow/example_dags/example_sla_dag.py for tasks to queue
[2024-11-08T14:53:45.011+0000] {logging_mixin.py:190} INFO - [2024-11-08T14:53:45.010+0000] {dagbag.py:588} INFO - Filling up the DagBag from /home/airflow/.local/lib/python3.12/site-packages/airflow/example_dags/example_sla_dag.py
[2024-11-08T14:53:45.021+0000] {processor.py:925} INFO - DAG(s) 'example_sla_dag' retrieved from /home/airflow/.local/lib/python3.12/site-packages/airflow/example_dags/example_sla_dag.py
[2024-11-08T14:53:45.042+0000] {logging_mixin.py:190} INFO - [2024-11-08T14:53:45.041+0000] {dag.py:3239} INFO - Sync 1 DAGs
[2024-11-08T14:53:45.066+0000] {logging_mixin.py:190} INFO - [2024-11-08T14:53:45.066+0000] {dag.py:4180} INFO - Setting next_dagrun for example_sla_dag to 2024-11-08 14:50:00+00:00, run_after=2024-11-08 14:52:00+00:00
[2024-11-08T14:53:45.121+0000] {processor.py:208} INFO - Processing /home/airflow/.local/lib/python3.12/site-packages/airflow/example_dags/example_sla_dag.py took 0.120 seconds
[2024-11-08T14:54:15.636+0000] {processor.py:186} INFO - Started process (PID=2805) to work on /home/airflow/.local/lib/python3.12/site-packages/airflow/example_dags/example_sla_dag.py
[2024-11-08T14:54:15.637+0000] {processor.py:914} INFO - Processing file /home/airflow/.local/lib/python3.12/site-packages/airflow/example_dags/example_sla_dag.py for tasks to queue
[2024-11-08T14:54:15.640+0000] {logging_mixin.py:190} INFO - [2024-11-08T14:54:15.639+0000] {dagbag.py:588} INFO - Filling up the DagBag from /home/airflow/.local/lib/python3.12/site-packages/airflow/example_dags/example_sla_dag.py
[2024-11-08T14:54:15.650+0000] {processor.py:925} INFO - DAG(s) 'example_sla_dag' retrieved from /home/airflow/.local/lib/python3.12/site-packages/airflow/example_dags/example_sla_dag.py
[2024-11-08T14:54:15.670+0000] {logging_mixin.py:190} INFO - [2024-11-08T14:54:15.670+0000] {dag.py:3239} INFO - Sync 1 DAGs
[2024-11-08T14:54:15.701+0000] {logging_mixin.py:190} INFO - [2024-11-08T14:54:15.701+0000] {dag.py:4180} INFO - Setting next_dagrun for example_sla_dag to 2024-11-08 14:52:00+00:00, run_after=2024-11-08 14:54:00+00:00
[2024-11-08T14:54:15.893+0000] {processor.py:208} INFO - Processing /home/airflow/.local/lib/python3.12/site-packages/airflow/example_dags/example_sla_dag.py took 0.263 seconds
[2024-11-08T14:54:46.288+0000] {processor.py:186} INFO - Started process (PID=2868) to work on /home/airflow/.local/lib/python3.12/site-packages/airflow/example_dags/example_sla_dag.py
[2024-11-08T14:54:46.289+0000] {processor.py:914} INFO - Processing file /home/airflow/.local/lib/python3.12/site-packages/airflow/example_dags/example_sla_dag.py for tasks to queue
[2024-11-08T14:54:46.292+0000] {logging_mixin.py:190} INFO - [2024-11-08T14:54:46.291+0000] {dagbag.py:588} INFO - Filling up the DagBag from /home/airflow/.local/lib/python3.12/site-packages/airflow/example_dags/example_sla_dag.py
[2024-11-08T14:54:46.311+0000] {processor.py:925} INFO - DAG(s) 'example_sla_dag' retrieved from /home/airflow/.local/lib/python3.12/site-packages/airflow/example_dags/example_sla_dag.py
[2024-11-08T14:54:46.339+0000] {logging_mixin.py:190} INFO - [2024-11-08T14:54:46.338+0000] {dag.py:3239} INFO - Sync 1 DAGs
[2024-11-08T14:54:46.371+0000] {logging_mixin.py:190} INFO - [2024-11-08T14:54:46.371+0000] {dag.py:4180} INFO - Setting next_dagrun for example_sla_dag to 2024-11-08 14:52:00+00:00, run_after=2024-11-08 14:54:00+00:00
[2024-11-08T14:54:46.584+0000] {processor.py:208} INFO - Processing /home/airflow/.local/lib/python3.12/site-packages/airflow/example_dags/example_sla_dag.py took 0.305 seconds
[2024-11-08T14:55:17.609+0000] {processor.py:186} INFO - Started process (PID=2930) to work on /home/airflow/.local/lib/python3.12/site-packages/airflow/example_dags/example_sla_dag.py
[2024-11-08T14:55:17.610+0000] {processor.py:914} INFO - Processing file /home/airflow/.local/lib/python3.12/site-packages/airflow/example_dags/example_sla_dag.py for tasks to queue
[2024-11-08T14:55:17.613+0000] {logging_mixin.py:190} INFO - [2024-11-08T14:55:17.612+0000] {dagbag.py:588} INFO - Filling up the DagBag from /home/airflow/.local/lib/python3.12/site-packages/airflow/example_dags/example_sla_dag.py
[2024-11-08T14:55:17.624+0000] {processor.py:925} INFO - DAG(s) 'example_sla_dag' retrieved from /home/airflow/.local/lib/python3.12/site-packages/airflow/example_dags/example_sla_dag.py
[2024-11-08T14:55:17.645+0000] {logging_mixin.py:190} INFO - [2024-11-08T14:55:17.645+0000] {dag.py:3239} INFO - Sync 1 DAGs
[2024-11-08T14:55:17.671+0000] {logging_mixin.py:190} INFO - [2024-11-08T14:55:17.671+0000] {dag.py:4180} INFO - Setting next_dagrun for example_sla_dag to 2024-11-08 14:52:00+00:00, run_after=2024-11-08 14:54:00+00:00
[2024-11-08T14:55:17.736+0000] {processor.py:208} INFO - Processing /home/airflow/.local/lib/python3.12/site-packages/airflow/example_dags/example_sla_dag.py took 0.135 seconds
[2024-11-08T14:55:50.002+0000] {processor.py:186} INFO - Started process (PID=2993) to work on /home/airflow/.local/lib/python3.12/site-packages/airflow/example_dags/example_sla_dag.py
[2024-11-08T14:55:50.003+0000] {processor.py:914} INFO - Processing file /home/airflow/.local/lib/python3.12/site-packages/airflow/example_dags/example_sla_dag.py for tasks to queue
[2024-11-08T14:55:50.005+0000] {logging_mixin.py:190} INFO - [2024-11-08T14:55:50.005+0000] {dagbag.py:588} INFO - Filling up the DagBag from /home/airflow/.local/lib/python3.12/site-packages/airflow/example_dags/example_sla_dag.py
[2024-11-08T14:55:50.018+0000] {processor.py:925} INFO - DAG(s) 'example_sla_dag' retrieved from /home/airflow/.local/lib/python3.12/site-packages/airflow/example_dags/example_sla_dag.py
[2024-11-08T14:55:50.048+0000] {logging_mixin.py:190} INFO - [2024-11-08T14:55:50.048+0000] {dag.py:3239} INFO - Sync 1 DAGs
[2024-11-08T14:55:50.076+0000] {logging_mixin.py:190} INFO - [2024-11-08T14:55:50.076+0000] {dag.py:4180} INFO - Setting next_dagrun for example_sla_dag to 2024-11-08 14:52:00+00:00, run_after=2024-11-08 14:54:00+00:00
[2024-11-08T14:55:50.184+0000] {processor.py:208} INFO - Processing /home/airflow/.local/lib/python3.12/site-packages/airflow/example_dags/example_sla_dag.py took 0.189 seconds
[2024-11-08T14:56:21.342+0000] {processor.py:186} INFO - Started process (PID=3056) to work on /home/airflow/.local/lib/python3.12/site-packages/airflow/example_dags/example_sla_dag.py
[2024-11-08T14:56:21.344+0000] {processor.py:914} INFO - Processing file /home/airflow/.local/lib/python3.12/site-packages/airflow/example_dags/example_sla_dag.py for tasks to queue
[2024-11-08T14:56:21.346+0000] {logging_mixin.py:190} INFO - [2024-11-08T14:56:21.346+0000] {dagbag.py:588} INFO - Filling up the DagBag from /home/airflow/.local/lib/python3.12/site-packages/airflow/example_dags/example_sla_dag.py
[2024-11-08T14:56:21.357+0000] {processor.py:925} INFO - DAG(s) 'example_sla_dag' retrieved from /home/airflow/.local/lib/python3.12/site-packages/airflow/example_dags/example_sla_dag.py
[2024-11-08T14:56:21.378+0000] {logging_mixin.py:190} INFO - [2024-11-08T14:56:21.378+0000] {dag.py:3239} INFO - Sync 1 DAGs
[2024-11-08T14:56:21.590+0000] {logging_mixin.py:190} INFO - [2024-11-08T14:56:21.590+0000] {dag.py:4180} INFO - Setting next_dagrun for example_sla_dag to 2024-11-08 14:54:00+00:00, run_after=2024-11-08 14:56:00+00:00
[2024-11-08T14:56:21.651+0000] {processor.py:208} INFO - Processing /home/airflow/.local/lib/python3.12/site-packages/airflow/example_dags/example_sla_dag.py took 0.315 seconds
[2024-11-08T14:56:51.939+0000] {processor.py:186} INFO - Started process (PID=3113) to work on /home/airflow/.local/lib/python3.12/site-packages/airflow/example_dags/example_sla_dag.py
[2024-11-08T14:56:51.941+0000] {processor.py:914} INFO - Processing file /home/airflow/.local/lib/python3.12/site-packages/airflow/example_dags/example_sla_dag.py for tasks to queue
[2024-11-08T14:56:51.945+0000] {logging_mixin.py:190} INFO - [2024-11-08T14:56:51.944+0000] {dagbag.py:588} INFO - Filling up the DagBag from /home/airflow/.local/lib/python3.12/site-packages/airflow/example_dags/example_sla_dag.py
[2024-11-08T14:56:51.955+0000] {processor.py:925} INFO - DAG(s) 'example_sla_dag' retrieved from /home/airflow/.local/lib/python3.12/site-packages/airflow/example_dags/example_sla_dag.py
[2024-11-08T14:56:51.981+0000] {logging_mixin.py:190} INFO - [2024-11-08T14:56:51.980+0000] {dag.py:3239} INFO - Sync 1 DAGs
[2024-11-08T14:56:52.015+0000] {logging_mixin.py:190} INFO - [2024-11-08T14:56:52.015+0000] {dag.py:4180} INFO - Setting next_dagrun for example_sla_dag to 2024-11-08 14:54:00+00:00, run_after=2024-11-08 14:56:00+00:00
[2024-11-08T14:56:52.063+0000] {processor.py:208} INFO - Processing /home/airflow/.local/lib/python3.12/site-packages/airflow/example_dags/example_sla_dag.py took 0.130 seconds
[2024-11-08T14:57:23.221+0000] {processor.py:186} INFO - Started process (PID=3176) to work on /home/airflow/.local/lib/python3.12/site-packages/airflow/example_dags/example_sla_dag.py
[2024-11-08T14:57:23.223+0000] {processor.py:914} INFO - Processing file /home/airflow/.local/lib/python3.12/site-packages/airflow/example_dags/example_sla_dag.py for tasks to queue
[2024-11-08T14:57:23.228+0000] {logging_mixin.py:190} INFO - [2024-11-08T14:57:23.228+0000] {dagbag.py:588} INFO - Filling up the DagBag from /home/airflow/.local/lib/python3.12/site-packages/airflow/example_dags/example_sla_dag.py
[2024-11-08T14:57:23.246+0000] {processor.py:925} INFO - DAG(s) 'example_sla_dag' retrieved from /home/airflow/.local/lib/python3.12/site-packages/airflow/example_dags/example_sla_dag.py
[2024-11-08T14:57:23.280+0000] {logging_mixin.py:190} INFO - [2024-11-08T14:57:23.279+0000] {dag.py:3239} INFO - Sync 1 DAGs
[2024-11-08T14:57:23.330+0000] {logging_mixin.py:190} INFO - [2024-11-08T14:57:23.330+0000] {dag.py:4180} INFO - Setting next_dagrun for example_sla_dag to 2024-11-08 14:54:00+00:00, run_after=2024-11-08 14:56:00+00:00
[2024-11-08T14:57:23.470+0000] {processor.py:208} INFO - Processing /home/airflow/.local/lib/python3.12/site-packages/airflow/example_dags/example_sla_dag.py took 0.257 seconds
[2024-11-08T14:57:54.322+0000] {processor.py:186} INFO - Started process (PID=3238) to work on /home/airflow/.local/lib/python3.12/site-packages/airflow/example_dags/example_sla_dag.py
[2024-11-08T14:57:54.324+0000] {processor.py:914} INFO - Processing file /home/airflow/.local/lib/python3.12/site-packages/airflow/example_dags/example_sla_dag.py for tasks to queue
[2024-11-08T14:57:54.326+0000] {logging_mixin.py:190} INFO - [2024-11-08T14:57:54.326+0000] {dagbag.py:588} INFO - Filling up the DagBag from /home/airflow/.local/lib/python3.12/site-packages/airflow/example_dags/example_sla_dag.py
[2024-11-08T14:57:54.337+0000] {processor.py:925} INFO - DAG(s) 'example_sla_dag' retrieved from /home/airflow/.local/lib/python3.12/site-packages/airflow/example_dags/example_sla_dag.py
[2024-11-08T14:57:54.359+0000] {logging_mixin.py:190} INFO - [2024-11-08T14:57:54.359+0000] {dag.py:3239} INFO - Sync 1 DAGs
[2024-11-08T14:57:54.385+0000] {logging_mixin.py:190} INFO - [2024-11-08T14:57:54.385+0000] {dag.py:4180} INFO - Setting next_dagrun for example_sla_dag to 2024-11-08 14:54:00+00:00, run_after=2024-11-08 14:56:00+00:00
[2024-11-08T14:57:54.574+0000] {processor.py:208} INFO - Processing /home/airflow/.local/lib/python3.12/site-packages/airflow/example_dags/example_sla_dag.py took 0.257 seconds
[2024-11-08T14:58:25.167+0000] {processor.py:186} INFO - Started process (PID=3302) to work on /home/airflow/.local/lib/python3.12/site-packages/airflow/example_dags/example_sla_dag.py
[2024-11-08T14:58:25.168+0000] {processor.py:914} INFO - Processing file /home/airflow/.local/lib/python3.12/site-packages/airflow/example_dags/example_sla_dag.py for tasks to queue
[2024-11-08T14:58:25.171+0000] {logging_mixin.py:190} INFO - [2024-11-08T14:58:25.171+0000] {dagbag.py:588} INFO - Filling up the DagBag from /home/airflow/.local/lib/python3.12/site-packages/airflow/example_dags/example_sla_dag.py
[2024-11-08T14:58:25.181+0000] {processor.py:925} INFO - DAG(s) 'example_sla_dag' retrieved from /home/airflow/.local/lib/python3.12/site-packages/airflow/example_dags/example_sla_dag.py
[2024-11-08T14:58:25.202+0000] {logging_mixin.py:190} INFO - [2024-11-08T14:58:25.202+0000] {dag.py:3239} INFO - Sync 1 DAGs
[2024-11-08T14:58:25.227+0000] {logging_mixin.py:190} INFO - [2024-11-08T14:58:25.227+0000] {dag.py:4180} INFO - Setting next_dagrun for example_sla_dag to 2024-11-08 14:56:00+00:00, run_after=2024-11-08 14:58:00+00:00
[2024-11-08T14:58:25.273+0000] {processor.py:208} INFO - Processing /home/airflow/.local/lib/python3.12/site-packages/airflow/example_dags/example_sla_dag.py took 0.112 seconds
[2024-11-08T14:58:55.728+0000] {processor.py:186} INFO - Started process (PID=3365) to work on /home/airflow/.local/lib/python3.12/site-packages/airflow/example_dags/example_sla_dag.py
[2024-11-08T14:58:55.730+0000] {processor.py:914} INFO - Processing file /home/airflow/.local/lib/python3.12/site-packages/airflow/example_dags/example_sla_dag.py for tasks to queue
[2024-11-08T14:58:55.734+0000] {logging_mixin.py:190} INFO - [2024-11-08T14:58:55.733+0000] {dagbag.py:588} INFO - Filling up the DagBag from /home/airflow/.local/lib/python3.12/site-packages/airflow/example_dags/example_sla_dag.py
[2024-11-08T14:58:55.749+0000] {processor.py:925} INFO - DAG(s) 'example_sla_dag' retrieved from /home/airflow/.local/lib/python3.12/site-packages/airflow/example_dags/example_sla_dag.py
[2024-11-08T14:58:55.770+0000] {logging_mixin.py:190} INFO - [2024-11-08T14:58:55.770+0000] {dag.py:3239} INFO - Sync 1 DAGs
[2024-11-08T14:58:55.797+0000] {logging_mixin.py:190} INFO - [2024-11-08T14:58:55.797+0000] {dag.py:4180} INFO - Setting next_dagrun for example_sla_dag to 2024-11-08 14:56:00+00:00, run_after=2024-11-08 14:58:00+00:00
[2024-11-08T14:58:55.819+0000] {processor.py:208} INFO - Processing /home/airflow/.local/lib/python3.12/site-packages/airflow/example_dags/example_sla_dag.py took 0.097 seconds
[2024-11-08T14:59:26.203+0000] {processor.py:186} INFO - Started process (PID=3428) to work on /home/airflow/.local/lib/python3.12/site-packages/airflow/example_dags/example_sla_dag.py
[2024-11-08T14:59:26.204+0000] {processor.py:914} INFO - Processing file /home/airflow/.local/lib/python3.12/site-packages/airflow/example_dags/example_sla_dag.py for tasks to queue
[2024-11-08T14:59:26.207+0000] {logging_mixin.py:190} INFO - [2024-11-08T14:59:26.207+0000] {dagbag.py:588} INFO - Filling up the DagBag from /home/airflow/.local/lib/python3.12/site-packages/airflow/example_dags/example_sla_dag.py
[2024-11-08T14:59:26.217+0000] {processor.py:925} INFO - DAG(s) 'example_sla_dag' retrieved from /home/airflow/.local/lib/python3.12/site-packages/airflow/example_dags/example_sla_dag.py
[2024-11-08T14:59:26.237+0000] {logging_mixin.py:190} INFO - [2024-11-08T14:59:26.237+0000] {dag.py:3239} INFO - Sync 1 DAGs
[2024-11-08T14:59:26.261+0000] {logging_mixin.py:190} INFO - [2024-11-08T14:59:26.261+0000] {dag.py:4180} INFO - Setting next_dagrun for example_sla_dag to 2024-11-08 14:56:00+00:00, run_after=2024-11-08 14:58:00+00:00
[2024-11-08T14:59:26.296+0000] {processor.py:208} INFO - Processing /home/airflow/.local/lib/python3.12/site-packages/airflow/example_dags/example_sla_dag.py took 0.100 seconds
[2024-11-08T14:59:56.476+0000] {processor.py:186} INFO - Started process (PID=3491) to work on /home/airflow/.local/lib/python3.12/site-packages/airflow/example_dags/example_sla_dag.py
[2024-11-08T14:59:56.477+0000] {processor.py:914} INFO - Processing file /home/airflow/.local/lib/python3.12/site-packages/airflow/example_dags/example_sla_dag.py for tasks to queue
[2024-11-08T14:59:56.480+0000] {logging_mixin.py:190} INFO - [2024-11-08T14:59:56.479+0000] {dagbag.py:588} INFO - Filling up the DagBag from /home/airflow/.local/lib/python3.12/site-packages/airflow/example_dags/example_sla_dag.py
[2024-11-08T14:59:56.490+0000] {processor.py:925} INFO - DAG(s) 'example_sla_dag' retrieved from /home/airflow/.local/lib/python3.12/site-packages/airflow/example_dags/example_sla_dag.py
[2024-11-08T14:59:56.510+0000] {logging_mixin.py:190} INFO - [2024-11-08T14:59:56.510+0000] {dag.py:3239} INFO - Sync 1 DAGs
[2024-11-08T14:59:56.536+0000] {logging_mixin.py:190} INFO - [2024-11-08T14:59:56.536+0000] {dag.py:4180} INFO - Setting next_dagrun for example_sla_dag to 2024-11-08 14:56:00+00:00, run_after=2024-11-08 14:58:00+00:00
[2024-11-08T14:59:56.800+0000] {processor.py:208} INFO - Processing /home/airflow/.local/lib/python3.12/site-packages/airflow/example_dags/example_sla_dag.py took 0.330 seconds
[2024-11-08T15:00:27.754+0000] {processor.py:186} INFO - Started process (PID=3554) to work on /home/airflow/.local/lib/python3.12/site-packages/airflow/example_dags/example_sla_dag.py
[2024-11-08T15:00:27.756+0000] {processor.py:914} INFO - Processing file /home/airflow/.local/lib/python3.12/site-packages/airflow/example_dags/example_sla_dag.py for tasks to queue
[2024-11-08T15:00:27.758+0000] {logging_mixin.py:190} INFO - [2024-11-08T15:00:27.758+0000] {dagbag.py:588} INFO - Filling up the DagBag from /home/airflow/.local/lib/python3.12/site-packages/airflow/example_dags/example_sla_dag.py
[2024-11-08T15:00:27.769+0000] {processor.py:925} INFO - DAG(s) 'example_sla_dag' retrieved from /home/airflow/.local/lib/python3.12/site-packages/airflow/example_dags/example_sla_dag.py
[2024-11-08T15:00:27.789+0000] {logging_mixin.py:190} INFO - [2024-11-08T15:00:27.789+0000] {dag.py:3239} INFO - Sync 1 DAGs
[2024-11-08T15:00:27.815+0000] {logging_mixin.py:190} INFO - [2024-11-08T15:00:27.814+0000] {dag.py:4180} INFO - Setting next_dagrun for example_sla_dag to 2024-11-08 14:58:00+00:00, run_after=2024-11-08 15:00:00+00:00
[2024-11-08T15:00:27.841+0000] {processor.py:208} INFO - Processing /home/airflow/.local/lib/python3.12/site-packages/airflow/example_dags/example_sla_dag.py took 0.093 seconds
[2024-11-08T15:00:58.464+0000] {processor.py:186} INFO - Started process (PID=3617) to work on /home/airflow/.local/lib/python3.12/site-packages/airflow/example_dags/example_sla_dag.py
[2024-11-08T15:00:58.465+0000] {processor.py:914} INFO - Processing file /home/airflow/.local/lib/python3.12/site-packages/airflow/example_dags/example_sla_dag.py for tasks to queue
[2024-11-08T15:00:58.468+0000] {logging_mixin.py:190} INFO - [2024-11-08T15:00:58.468+0000] {dagbag.py:588} INFO - Filling up the DagBag from /home/airflow/.local/lib/python3.12/site-packages/airflow/example_dags/example_sla_dag.py
[2024-11-08T15:00:58.479+0000] {processor.py:925} INFO - DAG(s) 'example_sla_dag' retrieved from /home/airflow/.local/lib/python3.12/site-packages/airflow/example_dags/example_sla_dag.py
[2024-11-08T15:00:58.500+0000] {logging_mixin.py:190} INFO - [2024-11-08T15:00:58.500+0000] {dag.py:3239} INFO - Sync 1 DAGs
[2024-11-08T15:00:58.526+0000] {logging_mixin.py:190} INFO - [2024-11-08T15:00:58.526+0000] {dag.py:4180} INFO - Setting next_dagrun for example_sla_dag to 2024-11-08 14:58:00+00:00, run_after=2024-11-08 15:00:00+00:00
[2024-11-08T15:00:58.550+0000] {processor.py:208} INFO - Processing /home/airflow/.local/lib/python3.12/site-packages/airflow/example_dags/example_sla_dag.py took 0.093 seconds
[2024-11-08T15:01:29.134+0000] {processor.py:186} INFO - Started process (PID=3686) to work on /home/airflow/.local/lib/python3.12/site-packages/airflow/example_dags/example_sla_dag.py
[2024-11-08T15:01:29.136+0000] {processor.py:914} INFO - Processing file /home/airflow/.local/lib/python3.12/site-packages/airflow/example_dags/example_sla_dag.py for tasks to queue
[2024-11-08T15:01:29.140+0000] {logging_mixin.py:190} INFO - [2024-11-08T15:01:29.139+0000] {dagbag.py:588} INFO - Filling up the DagBag from /home/airflow/.local/lib/python3.12/site-packages/airflow/example_dags/example_sla_dag.py
[2024-11-08T15:01:29.151+0000] {processor.py:925} INFO - DAG(s) 'example_sla_dag' retrieved from /home/airflow/.local/lib/python3.12/site-packages/airflow/example_dags/example_sla_dag.py
[2024-11-08T15:01:29.172+0000] {logging_mixin.py:190} INFO - [2024-11-08T15:01:29.172+0000] {dag.py:3239} INFO - Sync 1 DAGs
[2024-11-08T15:01:29.211+0000] {logging_mixin.py:190} INFO - [2024-11-08T15:01:29.210+0000] {dag.py:4180} INFO - Setting next_dagrun for example_sla_dag to 2024-11-08 14:58:00+00:00, run_after=2024-11-08 15:00:00+00:00
[2024-11-08T15:01:29.238+0000] {processor.py:208} INFO - Processing /home/airflow/.local/lib/python3.12/site-packages/airflow/example_dags/example_sla_dag.py took 0.110 seconds
