[2024-11-08T14:32:06.555+0000] {processor.py:186} INFO - Started process (PID=85) to work on /home/airflow/.local/lib/python3.12/site-packages/airflow/example_dags/example_latest_only_with_trigger.py
[2024-11-08T14:32:06.556+0000] {processor.py:914} INFO - Processing file /home/airflow/.local/lib/python3.12/site-packages/airflow/example_dags/example_latest_only_with_trigger.py for tasks to queue
[2024-11-08T14:32:06.559+0000] {logging_mixin.py:190} INFO - [2024-11-08T14:32:06.559+0000] {dagbag.py:588} INFO - Filling up the DagBag from /home/airflow/.local/lib/python3.12/site-packages/airflow/example_dags/example_latest_only_with_trigger.py
[2024-11-08T14:32:06.568+0000] {processor.py:925} INFO - DAG(s) 'latest_only_with_trigger' retrieved from /home/airflow/.local/lib/python3.12/site-packages/airflow/example_dags/example_latest_only_with_trigger.py
[2024-11-08T14:32:06.683+0000] {logging_mixin.py:190} INFO - [2024-11-08T14:32:06.682+0000] {override.py:1911} INFO - Created Permission View: can delete on DAG:latest_only_with_trigger
[2024-11-08T14:32:06.700+0000] {logging_mixin.py:190} INFO - [2024-11-08T14:32:06.699+0000] {override.py:1911} INFO - Created Permission View: can edit on DAG:latest_only_with_trigger
[2024-11-08T14:32:06.717+0000] {logging_mixin.py:190} INFO - [2024-11-08T14:32:06.716+0000] {override.py:1911} INFO - Created Permission View: can read on DAG:latest_only_with_trigger
[2024-11-08T14:32:06.732+0000] {logging_mixin.py:190} INFO - [2024-11-08T14:32:06.732+0000] {override.py:1911} INFO - Created Permission View: can create on DAG Run:latest_only_with_trigger
[2024-11-08T14:32:06.743+0000] {logging_mixin.py:190} INFO - [2024-11-08T14:32:06.743+0000] {override.py:1911} INFO - Created Permission View: menu access on DAG Run:latest_only_with_trigger
[2024-11-08T14:32:06.756+0000] {logging_mixin.py:190} INFO - [2024-11-08T14:32:06.755+0000] {override.py:1911} INFO - Created Permission View: can delete on DAG Run:latest_only_with_trigger
[2024-11-08T14:32:06.768+0000] {logging_mixin.py:190} INFO - [2024-11-08T14:32:06.767+0000] {override.py:1911} INFO - Created Permission View: can read on DAG Run:latest_only_with_trigger
[2024-11-08T14:32:06.769+0000] {logging_mixin.py:190} INFO - [2024-11-08T14:32:06.768+0000] {dag.py:3239} INFO - Sync 1 DAGs
[2024-11-08T14:32:06.783+0000] {logging_mixin.py:190} INFO - [2024-11-08T14:32:06.783+0000] {dag.py:3262} INFO - Creating ORM DAG for latest_only_with_trigger
[2024-11-08T14:32:06.797+0000] {logging_mixin.py:190} INFO - [2024-11-08T14:32:06.796+0000] {dag.py:4180} INFO - Setting next_dagrun for latest_only_with_trigger to 2024-11-08 08:00:00+00:00, run_after=2024-11-08 12:00:00+00:00
[2024-11-08T14:32:06.819+0000] {processor.py:208} INFO - Processing /home/airflow/.local/lib/python3.12/site-packages/airflow/example_dags/example_latest_only_with_trigger.py took 0.270 seconds
[2024-11-08T14:32:39.151+0000] {processor.py:186} INFO - Started process (PID=148) to work on /home/airflow/.local/lib/python3.12/site-packages/airflow/example_dags/example_latest_only_with_trigger.py
[2024-11-08T14:32:39.152+0000] {processor.py:914} INFO - Processing file /home/airflow/.local/lib/python3.12/site-packages/airflow/example_dags/example_latest_only_with_trigger.py for tasks to queue
[2024-11-08T14:32:39.155+0000] {logging_mixin.py:190} INFO - [2024-11-08T14:32:39.154+0000] {dagbag.py:588} INFO - Filling up the DagBag from /home/airflow/.local/lib/python3.12/site-packages/airflow/example_dags/example_latest_only_with_trigger.py
[2024-11-08T14:32:39.163+0000] {processor.py:925} INFO - DAG(s) 'latest_only_with_trigger' retrieved from /home/airflow/.local/lib/python3.12/site-packages/airflow/example_dags/example_latest_only_with_trigger.py
[2024-11-08T14:32:39.186+0000] {logging_mixin.py:190} INFO - [2024-11-08T14:32:39.185+0000] {dag.py:3239} INFO - Sync 1 DAGs
[2024-11-08T14:32:39.213+0000] {logging_mixin.py:190} INFO - [2024-11-08T14:32:39.212+0000] {dag.py:4180} INFO - Setting next_dagrun for latest_only_with_trigger to 2024-11-08 08:00:00+00:00, run_after=2024-11-08 12:00:00+00:00
[2024-11-08T14:32:39.241+0000] {processor.py:208} INFO - Processing /home/airflow/.local/lib/python3.12/site-packages/airflow/example_dags/example_latest_only_with_trigger.py took 0.097 seconds
[2024-11-08T14:33:10.396+0000] {processor.py:186} INFO - Started process (PID=211) to work on /home/airflow/.local/lib/python3.12/site-packages/airflow/example_dags/example_latest_only_with_trigger.py
[2024-11-08T14:33:10.397+0000] {processor.py:914} INFO - Processing file /home/airflow/.local/lib/python3.12/site-packages/airflow/example_dags/example_latest_only_with_trigger.py for tasks to queue
[2024-11-08T14:33:10.399+0000] {logging_mixin.py:190} INFO - [2024-11-08T14:33:10.399+0000] {dagbag.py:588} INFO - Filling up the DagBag from /home/airflow/.local/lib/python3.12/site-packages/airflow/example_dags/example_latest_only_with_trigger.py
[2024-11-08T14:33:10.407+0000] {processor.py:925} INFO - DAG(s) 'latest_only_with_trigger' retrieved from /home/airflow/.local/lib/python3.12/site-packages/airflow/example_dags/example_latest_only_with_trigger.py
[2024-11-08T14:33:10.428+0000] {logging_mixin.py:190} INFO - [2024-11-08T14:33:10.427+0000] {dag.py:3239} INFO - Sync 1 DAGs
[2024-11-08T14:33:10.451+0000] {logging_mixin.py:190} INFO - [2024-11-08T14:33:10.451+0000] {dag.py:4180} INFO - Setting next_dagrun for latest_only_with_trigger to 2024-11-08 08:00:00+00:00, run_after=2024-11-08 12:00:00+00:00
[2024-11-08T14:33:10.473+0000] {processor.py:208} INFO - Processing /home/airflow/.local/lib/python3.12/site-packages/airflow/example_dags/example_latest_only_with_trigger.py took 0.084 seconds
[2024-11-08T14:33:42.809+0000] {processor.py:186} INFO - Started process (PID=274) to work on /home/airflow/.local/lib/python3.12/site-packages/airflow/example_dags/example_latest_only_with_trigger.py
[2024-11-08T14:33:42.810+0000] {processor.py:914} INFO - Processing file /home/airflow/.local/lib/python3.12/site-packages/airflow/example_dags/example_latest_only_with_trigger.py for tasks to queue
[2024-11-08T14:33:42.812+0000] {logging_mixin.py:190} INFO - [2024-11-08T14:33:42.812+0000] {dagbag.py:588} INFO - Filling up the DagBag from /home/airflow/.local/lib/python3.12/site-packages/airflow/example_dags/example_latest_only_with_trigger.py
[2024-11-08T14:33:42.820+0000] {processor.py:925} INFO - DAG(s) 'latest_only_with_trigger' retrieved from /home/airflow/.local/lib/python3.12/site-packages/airflow/example_dags/example_latest_only_with_trigger.py
[2024-11-08T14:33:42.840+0000] {logging_mixin.py:190} INFO - [2024-11-08T14:33:42.840+0000] {dag.py:3239} INFO - Sync 1 DAGs
[2024-11-08T14:33:42.866+0000] {logging_mixin.py:190} INFO - [2024-11-08T14:33:42.865+0000] {dag.py:4180} INFO - Setting next_dagrun for latest_only_with_trigger to 2024-11-08 08:00:00+00:00, run_after=2024-11-08 12:00:00+00:00
[2024-11-08T14:33:42.889+0000] {processor.py:208} INFO - Processing /home/airflow/.local/lib/python3.12/site-packages/airflow/example_dags/example_latest_only_with_trigger.py took 0.086 seconds
[2024-11-08T14:34:13.841+0000] {processor.py:186} INFO - Started process (PID=336) to work on /home/airflow/.local/lib/python3.12/site-packages/airflow/example_dags/example_latest_only_with_trigger.py
[2024-11-08T14:34:13.843+0000] {processor.py:914} INFO - Processing file /home/airflow/.local/lib/python3.12/site-packages/airflow/example_dags/example_latest_only_with_trigger.py for tasks to queue
[2024-11-08T14:34:13.846+0000] {logging_mixin.py:190} INFO - [2024-11-08T14:34:13.846+0000] {dagbag.py:588} INFO - Filling up the DagBag from /home/airflow/.local/lib/python3.12/site-packages/airflow/example_dags/example_latest_only_with_trigger.py
[2024-11-08T14:34:13.866+0000] {processor.py:925} INFO - DAG(s) 'latest_only_with_trigger' retrieved from /home/airflow/.local/lib/python3.12/site-packages/airflow/example_dags/example_latest_only_with_trigger.py
[2024-11-08T14:34:13.888+0000] {logging_mixin.py:190} INFO - [2024-11-08T14:34:13.888+0000] {dag.py:3239} INFO - Sync 1 DAGs
[2024-11-08T14:34:13.916+0000] {logging_mixin.py:190} INFO - [2024-11-08T14:34:13.916+0000] {dag.py:4180} INFO - Setting next_dagrun for latest_only_with_trigger to 2024-11-08 08:00:00+00:00, run_after=2024-11-08 12:00:00+00:00
[2024-11-08T14:34:13.941+0000] {processor.py:208} INFO - Processing /home/airflow/.local/lib/python3.12/site-packages/airflow/example_dags/example_latest_only_with_trigger.py took 0.107 seconds
[2024-11-08T14:34:44.848+0000] {processor.py:186} INFO - Started process (PID=399) to work on /home/airflow/.local/lib/python3.12/site-packages/airflow/example_dags/example_latest_only_with_trigger.py
[2024-11-08T14:34:44.849+0000] {processor.py:914} INFO - Processing file /home/airflow/.local/lib/python3.12/site-packages/airflow/example_dags/example_latest_only_with_trigger.py for tasks to queue
[2024-11-08T14:34:44.852+0000] {logging_mixin.py:190} INFO - [2024-11-08T14:34:44.852+0000] {dagbag.py:588} INFO - Filling up the DagBag from /home/airflow/.local/lib/python3.12/site-packages/airflow/example_dags/example_latest_only_with_trigger.py
[2024-11-08T14:34:44.868+0000] {processor.py:925} INFO - DAG(s) 'latest_only_with_trigger' retrieved from /home/airflow/.local/lib/python3.12/site-packages/airflow/example_dags/example_latest_only_with_trigger.py
[2024-11-08T14:34:44.894+0000] {logging_mixin.py:190} INFO - [2024-11-08T14:34:44.894+0000] {dag.py:3239} INFO - Sync 1 DAGs
[2024-11-08T14:34:44.921+0000] {logging_mixin.py:190} INFO - [2024-11-08T14:34:44.921+0000] {dag.py:4180} INFO - Setting next_dagrun for latest_only_with_trigger to 2024-11-08 08:00:00+00:00, run_after=2024-11-08 12:00:00+00:00
[2024-11-08T14:34:44.993+0000] {processor.py:208} INFO - Processing /home/airflow/.local/lib/python3.12/site-packages/airflow/example_dags/example_latest_only_with_trigger.py took 0.156 seconds
[2024-11-08T14:35:17.943+0000] {processor.py:186} INFO - Started process (PID=463) to work on /home/airflow/.local/lib/python3.12/site-packages/airflow/example_dags/example_latest_only_with_trigger.py
[2024-11-08T14:35:17.973+0000] {processor.py:914} INFO - Processing file /home/airflow/.local/lib/python3.12/site-packages/airflow/example_dags/example_latest_only_with_trigger.py for tasks to queue
[2024-11-08T14:35:17.980+0000] {logging_mixin.py:190} INFO - [2024-11-08T14:35:17.978+0000] {dagbag.py:588} INFO - Filling up the DagBag from /home/airflow/.local/lib/python3.12/site-packages/airflow/example_dags/example_latest_only_with_trigger.py
[2024-11-08T14:35:18.060+0000] {processor.py:925} INFO - DAG(s) 'latest_only_with_trigger' retrieved from /home/airflow/.local/lib/python3.12/site-packages/airflow/example_dags/example_latest_only_with_trigger.py
[2024-11-08T14:35:18.122+0000] {logging_mixin.py:190} INFO - [2024-11-08T14:35:18.122+0000] {dag.py:3239} INFO - Sync 1 DAGs
[2024-11-08T14:35:18.164+0000] {logging_mixin.py:190} INFO - [2024-11-08T14:35:18.164+0000] {dag.py:4180} INFO - Setting next_dagrun for latest_only_with_trigger to 2024-11-08 08:00:00+00:00, run_after=2024-11-08 12:00:00+00:00
[2024-11-08T14:35:18.772+0000] {processor.py:208} INFO - Processing /home/airflow/.local/lib/python3.12/site-packages/airflow/example_dags/example_latest_only_with_trigger.py took 0.837 seconds
[2024-11-08T14:35:49.617+0000] {processor.py:186} INFO - Started process (PID=525) to work on /home/airflow/.local/lib/python3.12/site-packages/airflow/example_dags/example_latest_only_with_trigger.py
[2024-11-08T14:35:49.853+0000] {processor.py:914} INFO - Processing file /home/airflow/.local/lib/python3.12/site-packages/airflow/example_dags/example_latest_only_with_trigger.py for tasks to queue
[2024-11-08T14:35:49.856+0000] {logging_mixin.py:190} INFO - [2024-11-08T14:35:49.856+0000] {dagbag.py:588} INFO - Filling up the DagBag from /home/airflow/.local/lib/python3.12/site-packages/airflow/example_dags/example_latest_only_with_trigger.py
[2024-11-08T14:35:49.869+0000] {processor.py:925} INFO - DAG(s) 'latest_only_with_trigger' retrieved from /home/airflow/.local/lib/python3.12/site-packages/airflow/example_dags/example_latest_only_with_trigger.py
[2024-11-08T14:35:49.894+0000] {logging_mixin.py:190} INFO - [2024-11-08T14:35:49.894+0000] {dag.py:3239} INFO - Sync 1 DAGs
[2024-11-08T14:35:49.927+0000] {logging_mixin.py:190} INFO - [2024-11-08T14:35:49.927+0000] {dag.py:4180} INFO - Setting next_dagrun for latest_only_with_trigger to 2024-11-08 08:00:00+00:00, run_after=2024-11-08 12:00:00+00:00
[2024-11-08T14:35:49.992+0000] {processor.py:208} INFO - Processing /home/airflow/.local/lib/python3.12/site-packages/airflow/example_dags/example_latest_only_with_trigger.py took 0.384 seconds
[2024-11-08T14:36:20.586+0000] {processor.py:186} INFO - Started process (PID=587) to work on /home/airflow/.local/lib/python3.12/site-packages/airflow/example_dags/example_latest_only_with_trigger.py
[2024-11-08T14:36:20.587+0000] {processor.py:914} INFO - Processing file /home/airflow/.local/lib/python3.12/site-packages/airflow/example_dags/example_latest_only_with_trigger.py for tasks to queue
[2024-11-08T14:36:20.590+0000] {logging_mixin.py:190} INFO - [2024-11-08T14:36:20.590+0000] {dagbag.py:588} INFO - Filling up the DagBag from /home/airflow/.local/lib/python3.12/site-packages/airflow/example_dags/example_latest_only_with_trigger.py
[2024-11-08T14:36:20.599+0000] {processor.py:925} INFO - DAG(s) 'latest_only_with_trigger' retrieved from /home/airflow/.local/lib/python3.12/site-packages/airflow/example_dags/example_latest_only_with_trigger.py
[2024-11-08T14:36:20.624+0000] {logging_mixin.py:190} INFO - [2024-11-08T14:36:20.623+0000] {dag.py:3239} INFO - Sync 1 DAGs
[2024-11-08T14:36:20.651+0000] {logging_mixin.py:190} INFO - [2024-11-08T14:36:20.651+0000] {dag.py:4180} INFO - Setting next_dagrun for latest_only_with_trigger to 2024-11-08 08:00:00+00:00, run_after=2024-11-08 12:00:00+00:00
[2024-11-08T14:36:20.685+0000] {processor.py:208} INFO - Processing /home/airflow/.local/lib/python3.12/site-packages/airflow/example_dags/example_latest_only_with_trigger.py took 0.105 seconds
[2024-11-08T14:36:50.851+0000] {processor.py:186} INFO - Started process (PID=652) to work on /home/airflow/.local/lib/python3.12/site-packages/airflow/example_dags/example_latest_only_with_trigger.py
[2024-11-08T14:36:50.852+0000] {processor.py:914} INFO - Processing file /home/airflow/.local/lib/python3.12/site-packages/airflow/example_dags/example_latest_only_with_trigger.py for tasks to queue
[2024-11-08T14:36:50.854+0000] {logging_mixin.py:190} INFO - [2024-11-08T14:36:50.854+0000] {dagbag.py:588} INFO - Filling up the DagBag from /home/airflow/.local/lib/python3.12/site-packages/airflow/example_dags/example_latest_only_with_trigger.py
[2024-11-08T14:36:50.862+0000] {processor.py:925} INFO - DAG(s) 'latest_only_with_trigger' retrieved from /home/airflow/.local/lib/python3.12/site-packages/airflow/example_dags/example_latest_only_with_trigger.py
[2024-11-08T14:36:50.885+0000] {logging_mixin.py:190} INFO - [2024-11-08T14:36:50.884+0000] {dag.py:3239} INFO - Sync 1 DAGs
[2024-11-08T14:36:50.910+0000] {logging_mixin.py:190} INFO - [2024-11-08T14:36:50.909+0000] {dag.py:4180} INFO - Setting next_dagrun for latest_only_with_trigger to 2024-11-08 08:00:00+00:00, run_after=2024-11-08 12:00:00+00:00
[2024-11-08T14:36:50.934+0000] {processor.py:208} INFO - Processing /home/airflow/.local/lib/python3.12/site-packages/airflow/example_dags/example_latest_only_with_trigger.py took 0.090 seconds
[2024-11-08T14:37:21.421+0000] {processor.py:186} INFO - Started process (PID=714) to work on /home/airflow/.local/lib/python3.12/site-packages/airflow/example_dags/example_latest_only_with_trigger.py
[2024-11-08T14:37:21.423+0000] {processor.py:914} INFO - Processing file /home/airflow/.local/lib/python3.12/site-packages/airflow/example_dags/example_latest_only_with_trigger.py for tasks to queue
[2024-11-08T14:37:21.425+0000] {logging_mixin.py:190} INFO - [2024-11-08T14:37:21.425+0000] {dagbag.py:588} INFO - Filling up the DagBag from /home/airflow/.local/lib/python3.12/site-packages/airflow/example_dags/example_latest_only_with_trigger.py
[2024-11-08T14:37:21.433+0000] {processor.py:925} INFO - DAG(s) 'latest_only_with_trigger' retrieved from /home/airflow/.local/lib/python3.12/site-packages/airflow/example_dags/example_latest_only_with_trigger.py
[2024-11-08T14:37:21.455+0000] {logging_mixin.py:190} INFO - [2024-11-08T14:37:21.455+0000] {dag.py:3239} INFO - Sync 1 DAGs
[2024-11-08T14:37:21.478+0000] {logging_mixin.py:190} INFO - [2024-11-08T14:37:21.478+0000] {dag.py:4180} INFO - Setting next_dagrun for latest_only_with_trigger to 2024-11-08 08:00:00+00:00, run_after=2024-11-08 12:00:00+00:00
[2024-11-08T14:37:21.534+0000] {processor.py:208} INFO - Processing /home/airflow/.local/lib/python3.12/site-packages/airflow/example_dags/example_latest_only_with_trigger.py took 0.118 seconds
[2024-11-08T14:37:51.614+0000] {processor.py:186} INFO - Started process (PID=777) to work on /home/airflow/.local/lib/python3.12/site-packages/airflow/example_dags/example_latest_only_with_trigger.py
[2024-11-08T14:37:51.616+0000] {processor.py:914} INFO - Processing file /home/airflow/.local/lib/python3.12/site-packages/airflow/example_dags/example_latest_only_with_trigger.py for tasks to queue
[2024-11-08T14:37:51.618+0000] {logging_mixin.py:190} INFO - [2024-11-08T14:37:51.618+0000] {dagbag.py:588} INFO - Filling up the DagBag from /home/airflow/.local/lib/python3.12/site-packages/airflow/example_dags/example_latest_only_with_trigger.py
[2024-11-08T14:37:51.626+0000] {processor.py:925} INFO - DAG(s) 'latest_only_with_trigger' retrieved from /home/airflow/.local/lib/python3.12/site-packages/airflow/example_dags/example_latest_only_with_trigger.py
[2024-11-08T14:37:51.647+0000] {logging_mixin.py:190} INFO - [2024-11-08T14:37:51.646+0000] {dag.py:3239} INFO - Sync 1 DAGs
[2024-11-08T14:37:51.671+0000] {logging_mixin.py:190} INFO - [2024-11-08T14:37:51.670+0000] {dag.py:4180} INFO - Setting next_dagrun for latest_only_with_trigger to 2024-11-08 08:00:00+00:00, run_after=2024-11-08 12:00:00+00:00
[2024-11-08T14:37:52.140+0000] {processor.py:208} INFO - Processing /home/airflow/.local/lib/python3.12/site-packages/airflow/example_dags/example_latest_only_with_trigger.py took 0.531 seconds
[2024-11-08T14:38:22.315+0000] {processor.py:186} INFO - Started process (PID=839) to work on /home/airflow/.local/lib/python3.12/site-packages/airflow/example_dags/example_latest_only_with_trigger.py
[2024-11-08T14:38:22.316+0000] {processor.py:914} INFO - Processing file /home/airflow/.local/lib/python3.12/site-packages/airflow/example_dags/example_latest_only_with_trigger.py for tasks to queue
[2024-11-08T14:38:22.319+0000] {logging_mixin.py:190} INFO - [2024-11-08T14:38:22.318+0000] {dagbag.py:588} INFO - Filling up the DagBag from /home/airflow/.local/lib/python3.12/site-packages/airflow/example_dags/example_latest_only_with_trigger.py
[2024-11-08T14:38:22.327+0000] {processor.py:925} INFO - DAG(s) 'latest_only_with_trigger' retrieved from /home/airflow/.local/lib/python3.12/site-packages/airflow/example_dags/example_latest_only_with_trigger.py
[2024-11-08T14:38:22.348+0000] {logging_mixin.py:190} INFO - [2024-11-08T14:38:22.348+0000] {dag.py:3239} INFO - Sync 1 DAGs
[2024-11-08T14:38:22.372+0000] {logging_mixin.py:190} INFO - [2024-11-08T14:38:22.371+0000] {dag.py:4180} INFO - Setting next_dagrun for latest_only_with_trigger to 2024-11-08 08:00:00+00:00, run_after=2024-11-08 12:00:00+00:00
[2024-11-08T14:38:22.615+0000] {processor.py:208} INFO - Processing /home/airflow/.local/lib/python3.12/site-packages/airflow/example_dags/example_latest_only_with_trigger.py took 0.306 seconds
[2024-11-08T14:38:52.791+0000] {processor.py:186} INFO - Started process (PID=901) to work on /home/airflow/.local/lib/python3.12/site-packages/airflow/example_dags/example_latest_only_with_trigger.py
[2024-11-08T14:38:52.792+0000] {processor.py:914} INFO - Processing file /home/airflow/.local/lib/python3.12/site-packages/airflow/example_dags/example_latest_only_with_trigger.py for tasks to queue
[2024-11-08T14:38:52.795+0000] {logging_mixin.py:190} INFO - [2024-11-08T14:38:52.795+0000] {dagbag.py:588} INFO - Filling up the DagBag from /home/airflow/.local/lib/python3.12/site-packages/airflow/example_dags/example_latest_only_with_trigger.py
[2024-11-08T14:38:52.805+0000] {processor.py:925} INFO - DAG(s) 'latest_only_with_trigger' retrieved from /home/airflow/.local/lib/python3.12/site-packages/airflow/example_dags/example_latest_only_with_trigger.py
[2024-11-08T14:38:52.824+0000] {logging_mixin.py:190} INFO - [2024-11-08T14:38:52.824+0000] {dag.py:3239} INFO - Sync 1 DAGs
[2024-11-08T14:38:52.847+0000] {logging_mixin.py:190} INFO - [2024-11-08T14:38:52.847+0000] {dag.py:4180} INFO - Setting next_dagrun for latest_only_with_trigger to 2024-11-08 08:00:00+00:00, run_after=2024-11-08 12:00:00+00:00
[2024-11-08T14:38:52.900+0000] {processor.py:208} INFO - Processing /home/airflow/.local/lib/python3.12/site-packages/airflow/example_dags/example_latest_only_with_trigger.py took 0.115 seconds
[2024-11-08T14:39:23.124+0000] {processor.py:186} INFO - Started process (PID=964) to work on /home/airflow/.local/lib/python3.12/site-packages/airflow/example_dags/example_latest_only_with_trigger.py
[2024-11-08T14:39:23.125+0000] {processor.py:914} INFO - Processing file /home/airflow/.local/lib/python3.12/site-packages/airflow/example_dags/example_latest_only_with_trigger.py for tasks to queue
[2024-11-08T14:39:23.127+0000] {logging_mixin.py:190} INFO - [2024-11-08T14:39:23.127+0000] {dagbag.py:588} INFO - Filling up the DagBag from /home/airflow/.local/lib/python3.12/site-packages/airflow/example_dags/example_latest_only_with_trigger.py
[2024-11-08T14:39:23.135+0000] {processor.py:925} INFO - DAG(s) 'latest_only_with_trigger' retrieved from /home/airflow/.local/lib/python3.12/site-packages/airflow/example_dags/example_latest_only_with_trigger.py
[2024-11-08T14:39:23.156+0000] {logging_mixin.py:190} INFO - [2024-11-08T14:39:23.156+0000] {dag.py:3239} INFO - Sync 1 DAGs
[2024-11-08T14:39:23.181+0000] {logging_mixin.py:190} INFO - [2024-11-08T14:39:23.181+0000] {dag.py:4180} INFO - Setting next_dagrun for latest_only_with_trigger to 2024-11-08 08:00:00+00:00, run_after=2024-11-08 12:00:00+00:00
[2024-11-08T14:39:23.226+0000] {processor.py:208} INFO - Processing /home/airflow/.local/lib/python3.12/site-packages/airflow/example_dags/example_latest_only_with_trigger.py took 0.110 seconds
[2024-11-08T14:39:54.575+0000] {processor.py:186} INFO - Started process (PID=1027) to work on /home/airflow/.local/lib/python3.12/site-packages/airflow/example_dags/example_latest_only_with_trigger.py
[2024-11-08T14:39:54.576+0000] {processor.py:914} INFO - Processing file /home/airflow/.local/lib/python3.12/site-packages/airflow/example_dags/example_latest_only_with_trigger.py for tasks to queue
[2024-11-08T14:39:54.579+0000] {logging_mixin.py:190} INFO - [2024-11-08T14:39:54.579+0000] {dagbag.py:588} INFO - Filling up the DagBag from /home/airflow/.local/lib/python3.12/site-packages/airflow/example_dags/example_latest_only_with_trigger.py
[2024-11-08T14:39:54.587+0000] {processor.py:925} INFO - DAG(s) 'latest_only_with_trigger' retrieved from /home/airflow/.local/lib/python3.12/site-packages/airflow/example_dags/example_latest_only_with_trigger.py
[2024-11-08T14:39:54.608+0000] {logging_mixin.py:190} INFO - [2024-11-08T14:39:54.608+0000] {dag.py:3239} INFO - Sync 1 DAGs
[2024-11-08T14:39:54.631+0000] {logging_mixin.py:190} INFO - [2024-11-08T14:39:54.630+0000] {dag.py:4180} INFO - Setting next_dagrun for latest_only_with_trigger to 2024-11-08 08:00:00+00:00, run_after=2024-11-08 12:00:00+00:00
[2024-11-08T14:39:54.741+0000] {processor.py:208} INFO - Processing /home/airflow/.local/lib/python3.12/site-packages/airflow/example_dags/example_latest_only_with_trigger.py took 0.175 seconds
[2024-11-08T14:40:25.233+0000] {processor.py:186} INFO - Started process (PID=1090) to work on /home/airflow/.local/lib/python3.12/site-packages/airflow/example_dags/example_latest_only_with_trigger.py
[2024-11-08T14:40:25.235+0000] {processor.py:914} INFO - Processing file /home/airflow/.local/lib/python3.12/site-packages/airflow/example_dags/example_latest_only_with_trigger.py for tasks to queue
[2024-11-08T14:40:25.239+0000] {logging_mixin.py:190} INFO - [2024-11-08T14:40:25.239+0000] {dagbag.py:588} INFO - Filling up the DagBag from /home/airflow/.local/lib/python3.12/site-packages/airflow/example_dags/example_latest_only_with_trigger.py
[2024-11-08T14:40:25.249+0000] {processor.py:925} INFO - DAG(s) 'latest_only_with_trigger' retrieved from /home/airflow/.local/lib/python3.12/site-packages/airflow/example_dags/example_latest_only_with_trigger.py
[2024-11-08T14:40:25.283+0000] {logging_mixin.py:190} INFO - [2024-11-08T14:40:25.283+0000] {dag.py:3239} INFO - Sync 1 DAGs
[2024-11-08T14:40:25.310+0000] {logging_mixin.py:190} INFO - [2024-11-08T14:40:25.310+0000] {dag.py:4180} INFO - Setting next_dagrun for latest_only_with_trigger to 2024-11-08 08:00:00+00:00, run_after=2024-11-08 12:00:00+00:00
[2024-11-08T14:40:25.454+0000] {processor.py:208} INFO - Processing /home/airflow/.local/lib/python3.12/site-packages/airflow/example_dags/example_latest_only_with_trigger.py took 0.228 seconds
[2024-11-08T14:40:55.924+0000] {processor.py:186} INFO - Started process (PID=1153) to work on /home/airflow/.local/lib/python3.12/site-packages/airflow/example_dags/example_latest_only_with_trigger.py
[2024-11-08T14:40:55.925+0000] {processor.py:914} INFO - Processing file /home/airflow/.local/lib/python3.12/site-packages/airflow/example_dags/example_latest_only_with_trigger.py for tasks to queue
[2024-11-08T14:40:55.928+0000] {logging_mixin.py:190} INFO - [2024-11-08T14:40:55.927+0000] {dagbag.py:588} INFO - Filling up the DagBag from /home/airflow/.local/lib/python3.12/site-packages/airflow/example_dags/example_latest_only_with_trigger.py
[2024-11-08T14:40:55.937+0000] {processor.py:925} INFO - DAG(s) 'latest_only_with_trigger' retrieved from /home/airflow/.local/lib/python3.12/site-packages/airflow/example_dags/example_latest_only_with_trigger.py
[2024-11-08T14:40:55.959+0000] {logging_mixin.py:190} INFO - [2024-11-08T14:40:55.958+0000] {dag.py:3239} INFO - Sync 1 DAGs
[2024-11-08T14:40:55.982+0000] {logging_mixin.py:190} INFO - [2024-11-08T14:40:55.982+0000] {dag.py:4180} INFO - Setting next_dagrun for latest_only_with_trigger to 2024-11-08 08:00:00+00:00, run_after=2024-11-08 12:00:00+00:00
[2024-11-08T14:40:56.081+0000] {processor.py:208} INFO - Processing /home/airflow/.local/lib/python3.12/site-packages/airflow/example_dags/example_latest_only_with_trigger.py took 0.162 seconds
[2024-11-08T14:41:26.208+0000] {processor.py:186} INFO - Started process (PID=1222) to work on /home/airflow/.local/lib/python3.12/site-packages/airflow/example_dags/example_latest_only_with_trigger.py
[2024-11-08T14:41:26.209+0000] {processor.py:914} INFO - Processing file /home/airflow/.local/lib/python3.12/site-packages/airflow/example_dags/example_latest_only_with_trigger.py for tasks to queue
[2024-11-08T14:41:26.211+0000] {logging_mixin.py:190} INFO - [2024-11-08T14:41:26.211+0000] {dagbag.py:588} INFO - Filling up the DagBag from /home/airflow/.local/lib/python3.12/site-packages/airflow/example_dags/example_latest_only_with_trigger.py
[2024-11-08T14:41:26.222+0000] {processor.py:925} INFO - DAG(s) 'latest_only_with_trigger' retrieved from /home/airflow/.local/lib/python3.12/site-packages/airflow/example_dags/example_latest_only_with_trigger.py
[2024-11-08T14:41:26.245+0000] {logging_mixin.py:190} INFO - [2024-11-08T14:41:26.245+0000] {dag.py:3239} INFO - Sync 1 DAGs
[2024-11-08T14:41:26.278+0000] {logging_mixin.py:190} INFO - [2024-11-08T14:41:26.277+0000] {dag.py:4180} INFO - Setting next_dagrun for latest_only_with_trigger to 2024-11-08 08:00:00+00:00, run_after=2024-11-08 12:00:00+00:00
[2024-11-08T14:41:26.303+0000] {processor.py:208} INFO - Processing /home/airflow/.local/lib/python3.12/site-packages/airflow/example_dags/example_latest_only_with_trigger.py took 0.103 seconds
[2024-11-08T14:41:56.889+0000] {processor.py:186} INFO - Started process (PID=1285) to work on /home/airflow/.local/lib/python3.12/site-packages/airflow/example_dags/example_latest_only_with_trigger.py
[2024-11-08T14:41:56.891+0000] {processor.py:914} INFO - Processing file /home/airflow/.local/lib/python3.12/site-packages/airflow/example_dags/example_latest_only_with_trigger.py for tasks to queue
[2024-11-08T14:41:56.893+0000] {logging_mixin.py:190} INFO - [2024-11-08T14:41:56.893+0000] {dagbag.py:588} INFO - Filling up the DagBag from /home/airflow/.local/lib/python3.12/site-packages/airflow/example_dags/example_latest_only_with_trigger.py
[2024-11-08T14:41:56.903+0000] {processor.py:925} INFO - DAG(s) 'latest_only_with_trigger' retrieved from /home/airflow/.local/lib/python3.12/site-packages/airflow/example_dags/example_latest_only_with_trigger.py
[2024-11-08T14:41:56.929+0000] {logging_mixin.py:190} INFO - [2024-11-08T14:41:56.929+0000] {dag.py:3239} INFO - Sync 1 DAGs
[2024-11-08T14:41:56.956+0000] {logging_mixin.py:190} INFO - [2024-11-08T14:41:56.955+0000] {dag.py:4180} INFO - Setting next_dagrun for latest_only_with_trigger to 2024-11-08 08:00:00+00:00, run_after=2024-11-08 12:00:00+00:00
[2024-11-08T14:41:57.009+0000] {processor.py:208} INFO - Processing /home/airflow/.local/lib/python3.12/site-packages/airflow/example_dags/example_latest_only_with_trigger.py took 0.125 seconds
[2024-11-08T14:42:27.807+0000] {processor.py:186} INFO - Started process (PID=1348) to work on /home/airflow/.local/lib/python3.12/site-packages/airflow/example_dags/example_latest_only_with_trigger.py
[2024-11-08T14:42:27.809+0000] {processor.py:914} INFO - Processing file /home/airflow/.local/lib/python3.12/site-packages/airflow/example_dags/example_latest_only_with_trigger.py for tasks to queue
[2024-11-08T14:42:27.811+0000] {logging_mixin.py:190} INFO - [2024-11-08T14:42:27.811+0000] {dagbag.py:588} INFO - Filling up the DagBag from /home/airflow/.local/lib/python3.12/site-packages/airflow/example_dags/example_latest_only_with_trigger.py
[2024-11-08T14:42:27.819+0000] {processor.py:925} INFO - DAG(s) 'latest_only_with_trigger' retrieved from /home/airflow/.local/lib/python3.12/site-packages/airflow/example_dags/example_latest_only_with_trigger.py
[2024-11-08T14:42:27.842+0000] {logging_mixin.py:190} INFO - [2024-11-08T14:42:27.842+0000] {dag.py:3239} INFO - Sync 1 DAGs
[2024-11-08T14:42:27.866+0000] {logging_mixin.py:190} INFO - [2024-11-08T14:42:27.866+0000] {dag.py:4180} INFO - Setting next_dagrun for latest_only_with_trigger to 2024-11-08 08:00:00+00:00, run_after=2024-11-08 12:00:00+00:00
[2024-11-08T14:42:27.991+0000] {processor.py:208} INFO - Processing /home/airflow/.local/lib/python3.12/site-packages/airflow/example_dags/example_latest_only_with_trigger.py took 0.189 seconds
[2024-11-08T14:42:58.218+0000] {processor.py:186} INFO - Started process (PID=1411) to work on /home/airflow/.local/lib/python3.12/site-packages/airflow/example_dags/example_latest_only_with_trigger.py
[2024-11-08T14:42:58.220+0000] {processor.py:914} INFO - Processing file /home/airflow/.local/lib/python3.12/site-packages/airflow/example_dags/example_latest_only_with_trigger.py for tasks to queue
[2024-11-08T14:42:58.222+0000] {logging_mixin.py:190} INFO - [2024-11-08T14:42:58.222+0000] {dagbag.py:588} INFO - Filling up the DagBag from /home/airflow/.local/lib/python3.12/site-packages/airflow/example_dags/example_latest_only_with_trigger.py
[2024-11-08T14:42:58.231+0000] {processor.py:925} INFO - DAG(s) 'latest_only_with_trigger' retrieved from /home/airflow/.local/lib/python3.12/site-packages/airflow/example_dags/example_latest_only_with_trigger.py
[2024-11-08T14:42:58.254+0000] {logging_mixin.py:190} INFO - [2024-11-08T14:42:58.254+0000] {dag.py:3239} INFO - Sync 1 DAGs
[2024-11-08T14:42:58.278+0000] {logging_mixin.py:190} INFO - [2024-11-08T14:42:58.278+0000] {dag.py:4180} INFO - Setting next_dagrun for latest_only_with_trigger to 2024-11-08 08:00:00+00:00, run_after=2024-11-08 12:00:00+00:00
[2024-11-08T14:42:58.302+0000] {processor.py:208} INFO - Processing /home/airflow/.local/lib/python3.12/site-packages/airflow/example_dags/example_latest_only_with_trigger.py took 0.094 seconds
[2024-11-08T14:43:28.659+0000] {processor.py:186} INFO - Started process (PID=1474) to work on /home/airflow/.local/lib/python3.12/site-packages/airflow/example_dags/example_latest_only_with_trigger.py
[2024-11-08T14:43:28.661+0000] {processor.py:914} INFO - Processing file /home/airflow/.local/lib/python3.12/site-packages/airflow/example_dags/example_latest_only_with_trigger.py for tasks to queue
[2024-11-08T14:43:28.664+0000] {logging_mixin.py:190} INFO - [2024-11-08T14:43:28.664+0000] {dagbag.py:588} INFO - Filling up the DagBag from /home/airflow/.local/lib/python3.12/site-packages/airflow/example_dags/example_latest_only_with_trigger.py
[2024-11-08T14:43:28.673+0000] {processor.py:925} INFO - DAG(s) 'latest_only_with_trigger' retrieved from /home/airflow/.local/lib/python3.12/site-packages/airflow/example_dags/example_latest_only_with_trigger.py
[2024-11-08T14:43:28.697+0000] {logging_mixin.py:190} INFO - [2024-11-08T14:43:28.697+0000] {dag.py:3239} INFO - Sync 1 DAGs
[2024-11-08T14:43:28.722+0000] {logging_mixin.py:190} INFO - [2024-11-08T14:43:28.722+0000] {dag.py:4180} INFO - Setting next_dagrun for latest_only_with_trigger to 2024-11-08 08:00:00+00:00, run_after=2024-11-08 12:00:00+00:00
[2024-11-08T14:43:28.791+0000] {processor.py:208} INFO - Processing /home/airflow/.local/lib/python3.12/site-packages/airflow/example_dags/example_latest_only_with_trigger.py took 0.142 seconds
[2024-11-08T14:43:59.007+0000] {processor.py:186} INFO - Started process (PID=1537) to work on /home/airflow/.local/lib/python3.12/site-packages/airflow/example_dags/example_latest_only_with_trigger.py
[2024-11-08T14:43:59.008+0000] {processor.py:914} INFO - Processing file /home/airflow/.local/lib/python3.12/site-packages/airflow/example_dags/example_latest_only_with_trigger.py for tasks to queue
[2024-11-08T14:43:59.011+0000] {logging_mixin.py:190} INFO - [2024-11-08T14:43:59.011+0000] {dagbag.py:588} INFO - Filling up the DagBag from /home/airflow/.local/lib/python3.12/site-packages/airflow/example_dags/example_latest_only_with_trigger.py
[2024-11-08T14:43:59.019+0000] {processor.py:925} INFO - DAG(s) 'latest_only_with_trigger' retrieved from /home/airflow/.local/lib/python3.12/site-packages/airflow/example_dags/example_latest_only_with_trigger.py
[2024-11-08T14:43:59.041+0000] {logging_mixin.py:190} INFO - [2024-11-08T14:43:59.041+0000] {dag.py:3239} INFO - Sync 1 DAGs
[2024-11-08T14:43:59.065+0000] {logging_mixin.py:190} INFO - [2024-11-08T14:43:59.065+0000] {dag.py:4180} INFO - Setting next_dagrun for latest_only_with_trigger to 2024-11-08 08:00:00+00:00, run_after=2024-11-08 12:00:00+00:00
[2024-11-08T14:43:59.193+0000] {processor.py:208} INFO - Processing /home/airflow/.local/lib/python3.12/site-packages/airflow/example_dags/example_latest_only_with_trigger.py took 0.192 seconds
[2024-11-08T14:44:29.391+0000] {processor.py:186} INFO - Started process (PID=1600) to work on /home/airflow/.local/lib/python3.12/site-packages/airflow/example_dags/example_latest_only_with_trigger.py
[2024-11-08T14:44:29.392+0000] {processor.py:914} INFO - Processing file /home/airflow/.local/lib/python3.12/site-packages/airflow/example_dags/example_latest_only_with_trigger.py for tasks to queue
[2024-11-08T14:44:29.395+0000] {logging_mixin.py:190} INFO - [2024-11-08T14:44:29.394+0000] {dagbag.py:588} INFO - Filling up the DagBag from /home/airflow/.local/lib/python3.12/site-packages/airflow/example_dags/example_latest_only_with_trigger.py
[2024-11-08T14:44:29.402+0000] {processor.py:925} INFO - DAG(s) 'latest_only_with_trigger' retrieved from /home/airflow/.local/lib/python3.12/site-packages/airflow/example_dags/example_latest_only_with_trigger.py
[2024-11-08T14:44:29.425+0000] {logging_mixin.py:190} INFO - [2024-11-08T14:44:29.424+0000] {dag.py:3239} INFO - Sync 1 DAGs
[2024-11-08T14:44:29.449+0000] {logging_mixin.py:190} INFO - [2024-11-08T14:44:29.449+0000] {dag.py:4180} INFO - Setting next_dagrun for latest_only_with_trigger to 2024-11-08 08:00:00+00:00, run_after=2024-11-08 12:00:00+00:00
[2024-11-08T14:44:29.547+0000] {processor.py:208} INFO - Processing /home/airflow/.local/lib/python3.12/site-packages/airflow/example_dags/example_latest_only_with_trigger.py took 0.165 seconds
[2024-11-08T14:45:00.054+0000] {processor.py:186} INFO - Started process (PID=1663) to work on /home/airflow/.local/lib/python3.12/site-packages/airflow/example_dags/example_latest_only_with_trigger.py
[2024-11-08T14:45:00.055+0000] {processor.py:914} INFO - Processing file /home/airflow/.local/lib/python3.12/site-packages/airflow/example_dags/example_latest_only_with_trigger.py for tasks to queue
[2024-11-08T14:45:00.060+0000] {logging_mixin.py:190} INFO - [2024-11-08T14:45:00.060+0000] {dagbag.py:588} INFO - Filling up the DagBag from /home/airflow/.local/lib/python3.12/site-packages/airflow/example_dags/example_latest_only_with_trigger.py
[2024-11-08T14:45:00.075+0000] {processor.py:925} INFO - DAG(s) 'latest_only_with_trigger' retrieved from /home/airflow/.local/lib/python3.12/site-packages/airflow/example_dags/example_latest_only_with_trigger.py
[2024-11-08T14:45:00.104+0000] {logging_mixin.py:190} INFO - [2024-11-08T14:45:00.104+0000] {dag.py:3239} INFO - Sync 1 DAGs
[2024-11-08T14:45:00.157+0000] {logging_mixin.py:190} INFO - [2024-11-08T14:45:00.155+0000] {dag.py:4180} INFO - Setting next_dagrun for latest_only_with_trigger to 2024-11-08 08:00:00+00:00, run_after=2024-11-08 12:00:00+00:00
[2024-11-08T14:45:00.200+0000] {processor.py:208} INFO - Processing /home/airflow/.local/lib/python3.12/site-packages/airflow/example_dags/example_latest_only_with_trigger.py took 0.153 seconds
[2024-11-08T14:45:30.478+0000] {processor.py:186} INFO - Started process (PID=1726) to work on /home/airflow/.local/lib/python3.12/site-packages/airflow/example_dags/example_latest_only_with_trigger.py
[2024-11-08T14:45:30.479+0000] {processor.py:914} INFO - Processing file /home/airflow/.local/lib/python3.12/site-packages/airflow/example_dags/example_latest_only_with_trigger.py for tasks to queue
[2024-11-08T14:45:30.481+0000] {logging_mixin.py:190} INFO - [2024-11-08T14:45:30.481+0000] {dagbag.py:588} INFO - Filling up the DagBag from /home/airflow/.local/lib/python3.12/site-packages/airflow/example_dags/example_latest_only_with_trigger.py
[2024-11-08T14:45:30.489+0000] {processor.py:925} INFO - DAG(s) 'latest_only_with_trigger' retrieved from /home/airflow/.local/lib/python3.12/site-packages/airflow/example_dags/example_latest_only_with_trigger.py
[2024-11-08T14:45:30.511+0000] {logging_mixin.py:190} INFO - [2024-11-08T14:45:30.511+0000] {dag.py:3239} INFO - Sync 1 DAGs
[2024-11-08T14:45:30.538+0000] {logging_mixin.py:190} INFO - [2024-11-08T14:45:30.538+0000] {dag.py:4180} INFO - Setting next_dagrun for latest_only_with_trigger to 2024-11-08 08:00:00+00:00, run_after=2024-11-08 12:00:00+00:00
[2024-11-08T14:45:30.607+0000] {processor.py:208} INFO - Processing /home/airflow/.local/lib/python3.12/site-packages/airflow/example_dags/example_latest_only_with_trigger.py took 0.135 seconds
[2024-11-08T14:46:00.890+0000] {processor.py:186} INFO - Started process (PID=1789) to work on /home/airflow/.local/lib/python3.12/site-packages/airflow/example_dags/example_latest_only_with_trigger.py
[2024-11-08T14:46:00.891+0000] {processor.py:914} INFO - Processing file /home/airflow/.local/lib/python3.12/site-packages/airflow/example_dags/example_latest_only_with_trigger.py for tasks to queue
[2024-11-08T14:46:00.894+0000] {logging_mixin.py:190} INFO - [2024-11-08T14:46:00.894+0000] {dagbag.py:588} INFO - Filling up the DagBag from /home/airflow/.local/lib/python3.12/site-packages/airflow/example_dags/example_latest_only_with_trigger.py
[2024-11-08T14:46:00.903+0000] {processor.py:925} INFO - DAG(s) 'latest_only_with_trigger' retrieved from /home/airflow/.local/lib/python3.12/site-packages/airflow/example_dags/example_latest_only_with_trigger.py
[2024-11-08T14:46:00.927+0000] {logging_mixin.py:190} INFO - [2024-11-08T14:46:00.926+0000] {dag.py:3239} INFO - Sync 1 DAGs
[2024-11-08T14:46:00.956+0000] {logging_mixin.py:190} INFO - [2024-11-08T14:46:00.956+0000] {dag.py:4180} INFO - Setting next_dagrun for latest_only_with_trigger to 2024-11-08 08:00:00+00:00, run_after=2024-11-08 12:00:00+00:00
[2024-11-08T14:46:00.987+0000] {processor.py:208} INFO - Processing /home/airflow/.local/lib/python3.12/site-packages/airflow/example_dags/example_latest_only_with_trigger.py took 0.106 seconds
[2024-11-08T14:46:31.209+0000] {processor.py:186} INFO - Started process (PID=1853) to work on /home/airflow/.local/lib/python3.12/site-packages/airflow/example_dags/example_latest_only_with_trigger.py
[2024-11-08T14:46:31.210+0000] {processor.py:914} INFO - Processing file /home/airflow/.local/lib/python3.12/site-packages/airflow/example_dags/example_latest_only_with_trigger.py for tasks to queue
[2024-11-08T14:46:31.213+0000] {logging_mixin.py:190} INFO - [2024-11-08T14:46:31.213+0000] {dagbag.py:588} INFO - Filling up the DagBag from /home/airflow/.local/lib/python3.12/site-packages/airflow/example_dags/example_latest_only_with_trigger.py
[2024-11-08T14:46:31.221+0000] {processor.py:925} INFO - DAG(s) 'latest_only_with_trigger' retrieved from /home/airflow/.local/lib/python3.12/site-packages/airflow/example_dags/example_latest_only_with_trigger.py
[2024-11-08T14:46:31.243+0000] {logging_mixin.py:190} INFO - [2024-11-08T14:46:31.243+0000] {dag.py:3239} INFO - Sync 1 DAGs
[2024-11-08T14:46:31.267+0000] {logging_mixin.py:190} INFO - [2024-11-08T14:46:31.266+0000] {dag.py:4180} INFO - Setting next_dagrun for latest_only_with_trigger to 2024-11-08 08:00:00+00:00, run_after=2024-11-08 12:00:00+00:00
[2024-11-08T14:46:31.350+0000] {processor.py:208} INFO - Processing /home/airflow/.local/lib/python3.12/site-packages/airflow/example_dags/example_latest_only_with_trigger.py took 0.146 seconds
[2024-11-08T14:47:01.519+0000] {processor.py:186} INFO - Started process (PID=1916) to work on /home/airflow/.local/lib/python3.12/site-packages/airflow/example_dags/example_latest_only_with_trigger.py
[2024-11-08T14:47:01.520+0000] {processor.py:914} INFO - Processing file /home/airflow/.local/lib/python3.12/site-packages/airflow/example_dags/example_latest_only_with_trigger.py for tasks to queue
[2024-11-08T14:47:01.524+0000] {logging_mixin.py:190} INFO - [2024-11-08T14:47:01.523+0000] {dagbag.py:588} INFO - Filling up the DagBag from /home/airflow/.local/lib/python3.12/site-packages/airflow/example_dags/example_latest_only_with_trigger.py
[2024-11-08T14:47:01.532+0000] {processor.py:925} INFO - DAG(s) 'latest_only_with_trigger' retrieved from /home/airflow/.local/lib/python3.12/site-packages/airflow/example_dags/example_latest_only_with_trigger.py
[2024-11-08T14:47:01.555+0000] {logging_mixin.py:190} INFO - [2024-11-08T14:47:01.555+0000] {dag.py:3239} INFO - Sync 1 DAGs
[2024-11-08T14:47:01.579+0000] {logging_mixin.py:190} INFO - [2024-11-08T14:47:01.579+0000] {dag.py:4180} INFO - Setting next_dagrun for latest_only_with_trigger to 2024-11-08 08:00:00+00:00, run_after=2024-11-08 12:00:00+00:00
[2024-11-08T14:47:01.694+0000] {processor.py:208} INFO - Processing /home/airflow/.local/lib/python3.12/site-packages/airflow/example_dags/example_latest_only_with_trigger.py took 0.185 seconds
[2024-11-08T14:47:31.891+0000] {processor.py:186} INFO - Started process (PID=1979) to work on /home/airflow/.local/lib/python3.12/site-packages/airflow/example_dags/example_latest_only_with_trigger.py
[2024-11-08T14:47:31.892+0000] {processor.py:914} INFO - Processing file /home/airflow/.local/lib/python3.12/site-packages/airflow/example_dags/example_latest_only_with_trigger.py for tasks to queue
[2024-11-08T14:47:31.895+0000] {logging_mixin.py:190} INFO - [2024-11-08T14:47:31.895+0000] {dagbag.py:588} INFO - Filling up the DagBag from /home/airflow/.local/lib/python3.12/site-packages/airflow/example_dags/example_latest_only_with_trigger.py
[2024-11-08T14:47:31.903+0000] {processor.py:925} INFO - DAG(s) 'latest_only_with_trigger' retrieved from /home/airflow/.local/lib/python3.12/site-packages/airflow/example_dags/example_latest_only_with_trigger.py
[2024-11-08T14:47:31.926+0000] {logging_mixin.py:190} INFO - [2024-11-08T14:47:31.926+0000] {dag.py:3239} INFO - Sync 1 DAGs
[2024-11-08T14:47:31.953+0000] {logging_mixin.py:190} INFO - [2024-11-08T14:47:31.953+0000] {dag.py:4180} INFO - Setting next_dagrun for latest_only_with_trigger to 2024-11-08 08:00:00+00:00, run_after=2024-11-08 12:00:00+00:00
[2024-11-08T14:47:32.004+0000] {processor.py:208} INFO - Processing /home/airflow/.local/lib/python3.12/site-packages/airflow/example_dags/example_latest_only_with_trigger.py took 0.119 seconds
[2024-11-08T14:48:02.116+0000] {processor.py:186} INFO - Started process (PID=2042) to work on /home/airflow/.local/lib/python3.12/site-packages/airflow/example_dags/example_latest_only_with_trigger.py
[2024-11-08T14:48:02.117+0000] {processor.py:914} INFO - Processing file /home/airflow/.local/lib/python3.12/site-packages/airflow/example_dags/example_latest_only_with_trigger.py for tasks to queue
[2024-11-08T14:48:02.120+0000] {logging_mixin.py:190} INFO - [2024-11-08T14:48:02.120+0000] {dagbag.py:588} INFO - Filling up the DagBag from /home/airflow/.local/lib/python3.12/site-packages/airflow/example_dags/example_latest_only_with_trigger.py
[2024-11-08T14:48:02.127+0000] {processor.py:925} INFO - DAG(s) 'latest_only_with_trigger' retrieved from /home/airflow/.local/lib/python3.12/site-packages/airflow/example_dags/example_latest_only_with_trigger.py
[2024-11-08T14:48:02.149+0000] {logging_mixin.py:190} INFO - [2024-11-08T14:48:02.148+0000] {dag.py:3239} INFO - Sync 1 DAGs
[2024-11-08T14:48:02.173+0000] {logging_mixin.py:190} INFO - [2024-11-08T14:48:02.173+0000] {dag.py:4180} INFO - Setting next_dagrun for latest_only_with_trigger to 2024-11-08 08:00:00+00:00, run_after=2024-11-08 12:00:00+00:00
[2024-11-08T14:48:02.200+0000] {processor.py:208} INFO - Processing /home/airflow/.local/lib/python3.12/site-packages/airflow/example_dags/example_latest_only_with_trigger.py took 0.090 seconds
[2024-11-08T14:48:32.373+0000] {processor.py:186} INFO - Started process (PID=2105) to work on /home/airflow/.local/lib/python3.12/site-packages/airflow/example_dags/example_latest_only_with_trigger.py
[2024-11-08T14:48:32.374+0000] {processor.py:914} INFO - Processing file /home/airflow/.local/lib/python3.12/site-packages/airflow/example_dags/example_latest_only_with_trigger.py for tasks to queue
[2024-11-08T14:48:32.376+0000] {logging_mixin.py:190} INFO - [2024-11-08T14:48:32.376+0000] {dagbag.py:588} INFO - Filling up the DagBag from /home/airflow/.local/lib/python3.12/site-packages/airflow/example_dags/example_latest_only_with_trigger.py
[2024-11-08T14:48:32.384+0000] {processor.py:925} INFO - DAG(s) 'latest_only_with_trigger' retrieved from /home/airflow/.local/lib/python3.12/site-packages/airflow/example_dags/example_latest_only_with_trigger.py
[2024-11-08T14:48:32.407+0000] {logging_mixin.py:190} INFO - [2024-11-08T14:48:32.407+0000] {dag.py:3239} INFO - Sync 1 DAGs
[2024-11-08T14:48:32.431+0000] {logging_mixin.py:190} INFO - [2024-11-08T14:48:32.431+0000] {dag.py:4180} INFO - Setting next_dagrun for latest_only_with_trigger to 2024-11-08 08:00:00+00:00, run_after=2024-11-08 12:00:00+00:00
[2024-11-08T14:48:32.484+0000] {processor.py:208} INFO - Processing /home/airflow/.local/lib/python3.12/site-packages/airflow/example_dags/example_latest_only_with_trigger.py took 0.117 seconds
[2024-11-08T14:49:03.463+0000] {processor.py:186} INFO - Started process (PID=2168) to work on /home/airflow/.local/lib/python3.12/site-packages/airflow/example_dags/example_latest_only_with_trigger.py
[2024-11-08T14:49:03.464+0000] {processor.py:914} INFO - Processing file /home/airflow/.local/lib/python3.12/site-packages/airflow/example_dags/example_latest_only_with_trigger.py for tasks to queue
[2024-11-08T14:49:03.467+0000] {logging_mixin.py:190} INFO - [2024-11-08T14:49:03.466+0000] {dagbag.py:588} INFO - Filling up the DagBag from /home/airflow/.local/lib/python3.12/site-packages/airflow/example_dags/example_latest_only_with_trigger.py
[2024-11-08T14:49:03.475+0000] {processor.py:925} INFO - DAG(s) 'latest_only_with_trigger' retrieved from /home/airflow/.local/lib/python3.12/site-packages/airflow/example_dags/example_latest_only_with_trigger.py
[2024-11-08T14:49:03.497+0000] {logging_mixin.py:190} INFO - [2024-11-08T14:49:03.497+0000] {dag.py:3239} INFO - Sync 1 DAGs
[2024-11-08T14:49:03.521+0000] {logging_mixin.py:190} INFO - [2024-11-08T14:49:03.521+0000] {dag.py:4180} INFO - Setting next_dagrun for latest_only_with_trigger to 2024-11-08 08:00:00+00:00, run_after=2024-11-08 12:00:00+00:00
[2024-11-08T14:49:03.641+0000] {processor.py:208} INFO - Processing /home/airflow/.local/lib/python3.12/site-packages/airflow/example_dags/example_latest_only_with_trigger.py took 0.183 seconds
[2024-11-08T14:49:34.415+0000] {processor.py:186} INFO - Started process (PID=2231) to work on /home/airflow/.local/lib/python3.12/site-packages/airflow/example_dags/example_latest_only_with_trigger.py
[2024-11-08T14:49:34.417+0000] {processor.py:914} INFO - Processing file /home/airflow/.local/lib/python3.12/site-packages/airflow/example_dags/example_latest_only_with_trigger.py for tasks to queue
[2024-11-08T14:49:34.419+0000] {logging_mixin.py:190} INFO - [2024-11-08T14:49:34.419+0000] {dagbag.py:588} INFO - Filling up the DagBag from /home/airflow/.local/lib/python3.12/site-packages/airflow/example_dags/example_latest_only_with_trigger.py
[2024-11-08T14:49:34.428+0000] {processor.py:925} INFO - DAG(s) 'latest_only_with_trigger' retrieved from /home/airflow/.local/lib/python3.12/site-packages/airflow/example_dags/example_latest_only_with_trigger.py
[2024-11-08T14:49:34.451+0000] {logging_mixin.py:190} INFO - [2024-11-08T14:49:34.451+0000] {dag.py:3239} INFO - Sync 1 DAGs
[2024-11-08T14:49:34.477+0000] {logging_mixin.py:190} INFO - [2024-11-08T14:49:34.477+0000] {dag.py:4180} INFO - Setting next_dagrun for latest_only_with_trigger to 2024-11-08 08:00:00+00:00, run_after=2024-11-08 12:00:00+00:00
[2024-11-08T14:49:34.500+0000] {processor.py:208} INFO - Processing /home/airflow/.local/lib/python3.12/site-packages/airflow/example_dags/example_latest_only_with_trigger.py took 0.093 seconds
[2024-11-08T14:50:05.220+0000] {processor.py:186} INFO - Started process (PID=2294) to work on /home/airflow/.local/lib/python3.12/site-packages/airflow/example_dags/example_latest_only_with_trigger.py
[2024-11-08T14:50:05.221+0000] {processor.py:914} INFO - Processing file /home/airflow/.local/lib/python3.12/site-packages/airflow/example_dags/example_latest_only_with_trigger.py for tasks to queue
[2024-11-08T14:50:05.224+0000] {logging_mixin.py:190} INFO - [2024-11-08T14:50:05.223+0000] {dagbag.py:588} INFO - Filling up the DagBag from /home/airflow/.local/lib/python3.12/site-packages/airflow/example_dags/example_latest_only_with_trigger.py
[2024-11-08T14:50:05.231+0000] {processor.py:925} INFO - DAG(s) 'latest_only_with_trigger' retrieved from /home/airflow/.local/lib/python3.12/site-packages/airflow/example_dags/example_latest_only_with_trigger.py
[2024-11-08T14:50:05.254+0000] {logging_mixin.py:190} INFO - [2024-11-08T14:50:05.254+0000] {dag.py:3239} INFO - Sync 1 DAGs
[2024-11-08T14:50:05.278+0000] {logging_mixin.py:190} INFO - [2024-11-08T14:50:05.278+0000] {dag.py:4180} INFO - Setting next_dagrun for latest_only_with_trigger to 2024-11-08 08:00:00+00:00, run_after=2024-11-08 12:00:00+00:00
[2024-11-08T14:50:05.308+0000] {processor.py:208} INFO - Processing /home/airflow/.local/lib/python3.12/site-packages/airflow/example_dags/example_latest_only_with_trigger.py took 0.094 seconds
[2024-11-08T14:50:35.709+0000] {processor.py:186} INFO - Started process (PID=2357) to work on /home/airflow/.local/lib/python3.12/site-packages/airflow/example_dags/example_latest_only_with_trigger.py
[2024-11-08T14:50:35.710+0000] {processor.py:914} INFO - Processing file /home/airflow/.local/lib/python3.12/site-packages/airflow/example_dags/example_latest_only_with_trigger.py for tasks to queue
[2024-11-08T14:50:35.713+0000] {logging_mixin.py:190} INFO - [2024-11-08T14:50:35.712+0000] {dagbag.py:588} INFO - Filling up the DagBag from /home/airflow/.local/lib/python3.12/site-packages/airflow/example_dags/example_latest_only_with_trigger.py
[2024-11-08T14:50:35.721+0000] {processor.py:925} INFO - DAG(s) 'latest_only_with_trigger' retrieved from /home/airflow/.local/lib/python3.12/site-packages/airflow/example_dags/example_latest_only_with_trigger.py
[2024-11-08T14:50:35.743+0000] {logging_mixin.py:190} INFO - [2024-11-08T14:50:35.743+0000] {dag.py:3239} INFO - Sync 1 DAGs
[2024-11-08T14:50:35.767+0000] {logging_mixin.py:190} INFO - [2024-11-08T14:50:35.767+0000] {dag.py:4180} INFO - Setting next_dagrun for latest_only_with_trigger to 2024-11-08 08:00:00+00:00, run_after=2024-11-08 12:00:00+00:00
[2024-11-08T14:50:35.906+0000] {processor.py:208} INFO - Processing /home/airflow/.local/lib/python3.12/site-packages/airflow/example_dags/example_latest_only_with_trigger.py took 0.205 seconds
[2024-11-08T14:51:06.405+0000] {processor.py:186} INFO - Started process (PID=2420) to work on /home/airflow/.local/lib/python3.12/site-packages/airflow/example_dags/example_latest_only_with_trigger.py
[2024-11-08T14:51:06.406+0000] {processor.py:914} INFO - Processing file /home/airflow/.local/lib/python3.12/site-packages/airflow/example_dags/example_latest_only_with_trigger.py for tasks to queue
[2024-11-08T14:51:06.411+0000] {logging_mixin.py:190} INFO - [2024-11-08T14:51:06.411+0000] {dagbag.py:588} INFO - Filling up the DagBag from /home/airflow/.local/lib/python3.12/site-packages/airflow/example_dags/example_latest_only_with_trigger.py
[2024-11-08T14:51:06.422+0000] {processor.py:925} INFO - DAG(s) 'latest_only_with_trigger' retrieved from /home/airflow/.local/lib/python3.12/site-packages/airflow/example_dags/example_latest_only_with_trigger.py
[2024-11-08T14:51:06.452+0000] {logging_mixin.py:190} INFO - [2024-11-08T14:51:06.452+0000] {dag.py:3239} INFO - Sync 1 DAGs
[2024-11-08T14:51:06.484+0000] {logging_mixin.py:190} INFO - [2024-11-08T14:51:06.484+0000] {dag.py:4180} INFO - Setting next_dagrun for latest_only_with_trigger to 2024-11-08 08:00:00+00:00, run_after=2024-11-08 12:00:00+00:00
[2024-11-08T14:51:06.529+0000] {processor.py:208} INFO - Processing /home/airflow/.local/lib/python3.12/site-packages/airflow/example_dags/example_latest_only_with_trigger.py took 0.132 seconds
[2024-11-08T14:51:36.790+0000] {processor.py:186} INFO - Started process (PID=2483) to work on /home/airflow/.local/lib/python3.12/site-packages/airflow/example_dags/example_latest_only_with_trigger.py
[2024-11-08T14:51:36.792+0000] {processor.py:914} INFO - Processing file /home/airflow/.local/lib/python3.12/site-packages/airflow/example_dags/example_latest_only_with_trigger.py for tasks to queue
[2024-11-08T14:51:36.795+0000] {logging_mixin.py:190} INFO - [2024-11-08T14:51:36.794+0000] {dagbag.py:588} INFO - Filling up the DagBag from /home/airflow/.local/lib/python3.12/site-packages/airflow/example_dags/example_latest_only_with_trigger.py
[2024-11-08T14:51:36.803+0000] {processor.py:925} INFO - DAG(s) 'latest_only_with_trigger' retrieved from /home/airflow/.local/lib/python3.12/site-packages/airflow/example_dags/example_latest_only_with_trigger.py
[2024-11-08T14:51:36.831+0000] {logging_mixin.py:190} INFO - [2024-11-08T14:51:36.830+0000] {dag.py:3239} INFO - Sync 1 DAGs
[2024-11-08T14:51:36.862+0000] {logging_mixin.py:190} INFO - [2024-11-08T14:51:36.861+0000] {dag.py:4180} INFO - Setting next_dagrun for latest_only_with_trigger to 2024-11-08 08:00:00+00:00, run_after=2024-11-08 12:00:00+00:00
[2024-11-08T14:51:36.895+0000] {processor.py:208} INFO - Processing /home/airflow/.local/lib/python3.12/site-packages/airflow/example_dags/example_latest_only_with_trigger.py took 0.113 seconds
[2024-11-08T14:52:07.113+0000] {processor.py:186} INFO - Started process (PID=2545) to work on /home/airflow/.local/lib/python3.12/site-packages/airflow/example_dags/example_latest_only_with_trigger.py
[2024-11-08T14:52:07.114+0000] {processor.py:914} INFO - Processing file /home/airflow/.local/lib/python3.12/site-packages/airflow/example_dags/example_latest_only_with_trigger.py for tasks to queue
[2024-11-08T14:52:07.117+0000] {logging_mixin.py:190} INFO - [2024-11-08T14:52:07.117+0000] {dagbag.py:588} INFO - Filling up the DagBag from /home/airflow/.local/lib/python3.12/site-packages/airflow/example_dags/example_latest_only_with_trigger.py
[2024-11-08T14:52:07.125+0000] {processor.py:925} INFO - DAG(s) 'latest_only_with_trigger' retrieved from /home/airflow/.local/lib/python3.12/site-packages/airflow/example_dags/example_latest_only_with_trigger.py
[2024-11-08T14:52:07.149+0000] {logging_mixin.py:190} INFO - [2024-11-08T14:52:07.149+0000] {dag.py:3239} INFO - Sync 1 DAGs
[2024-11-08T14:52:07.175+0000] {logging_mixin.py:190} INFO - [2024-11-08T14:52:07.175+0000] {dag.py:4180} INFO - Setting next_dagrun for latest_only_with_trigger to 2024-11-08 08:00:00+00:00, run_after=2024-11-08 12:00:00+00:00
[2024-11-08T14:52:07.208+0000] {processor.py:208} INFO - Processing /home/airflow/.local/lib/python3.12/site-packages/airflow/example_dags/example_latest_only_with_trigger.py took 0.101 seconds
[2024-11-08T14:52:39.024+0000] {processor.py:186} INFO - Started process (PID=2609) to work on /home/airflow/.local/lib/python3.12/site-packages/airflow/example_dags/example_latest_only_with_trigger.py
[2024-11-08T14:52:39.026+0000] {processor.py:914} INFO - Processing file /home/airflow/.local/lib/python3.12/site-packages/airflow/example_dags/example_latest_only_with_trigger.py for tasks to queue
[2024-11-08T14:52:39.029+0000] {logging_mixin.py:190} INFO - [2024-11-08T14:52:39.028+0000] {dagbag.py:588} INFO - Filling up the DagBag from /home/airflow/.local/lib/python3.12/site-packages/airflow/example_dags/example_latest_only_with_trigger.py
[2024-11-08T14:52:39.039+0000] {processor.py:925} INFO - DAG(s) 'latest_only_with_trigger' retrieved from /home/airflow/.local/lib/python3.12/site-packages/airflow/example_dags/example_latest_only_with_trigger.py
[2024-11-08T14:52:39.071+0000] {logging_mixin.py:190} INFO - [2024-11-08T14:52:39.071+0000] {dag.py:3239} INFO - Sync 1 DAGs
[2024-11-08T14:52:39.109+0000] {logging_mixin.py:190} INFO - [2024-11-08T14:52:39.109+0000] {dag.py:4180} INFO - Setting next_dagrun for latest_only_with_trigger to 2024-11-08 08:00:00+00:00, run_after=2024-11-08 12:00:00+00:00
[2024-11-08T14:52:39.139+0000] {processor.py:208} INFO - Processing /home/airflow/.local/lib/python3.12/site-packages/airflow/example_dags/example_latest_only_with_trigger.py took 0.125 seconds
[2024-11-08T14:53:10.461+0000] {processor.py:186} INFO - Started process (PID=2672) to work on /home/airflow/.local/lib/python3.12/site-packages/airflow/example_dags/example_latest_only_with_trigger.py
[2024-11-08T14:53:10.462+0000] {processor.py:914} INFO - Processing file /home/airflow/.local/lib/python3.12/site-packages/airflow/example_dags/example_latest_only_with_trigger.py for tasks to queue
[2024-11-08T14:53:10.465+0000] {logging_mixin.py:190} INFO - [2024-11-08T14:53:10.465+0000] {dagbag.py:588} INFO - Filling up the DagBag from /home/airflow/.local/lib/python3.12/site-packages/airflow/example_dags/example_latest_only_with_trigger.py
[2024-11-08T14:53:10.472+0000] {processor.py:925} INFO - DAG(s) 'latest_only_with_trigger' retrieved from /home/airflow/.local/lib/python3.12/site-packages/airflow/example_dags/example_latest_only_with_trigger.py
[2024-11-08T14:53:10.494+0000] {logging_mixin.py:190} INFO - [2024-11-08T14:53:10.494+0000] {dag.py:3239} INFO - Sync 1 DAGs
[2024-11-08T14:53:10.519+0000] {logging_mixin.py:190} INFO - [2024-11-08T14:53:10.518+0000] {dag.py:4180} INFO - Setting next_dagrun for latest_only_with_trigger to 2024-11-08 08:00:00+00:00, run_after=2024-11-08 12:00:00+00:00
[2024-11-08T14:53:10.588+0000] {processor.py:208} INFO - Processing /home/airflow/.local/lib/python3.12/site-packages/airflow/example_dags/example_latest_only_with_trigger.py took 0.133 seconds
[2024-11-08T14:53:41.327+0000] {processor.py:186} INFO - Started process (PID=2735) to work on /home/airflow/.local/lib/python3.12/site-packages/airflow/example_dags/example_latest_only_with_trigger.py
[2024-11-08T14:53:41.328+0000] {processor.py:914} INFO - Processing file /home/airflow/.local/lib/python3.12/site-packages/airflow/example_dags/example_latest_only_with_trigger.py for tasks to queue
[2024-11-08T14:53:41.330+0000] {logging_mixin.py:190} INFO - [2024-11-08T14:53:41.330+0000] {dagbag.py:588} INFO - Filling up the DagBag from /home/airflow/.local/lib/python3.12/site-packages/airflow/example_dags/example_latest_only_with_trigger.py
[2024-11-08T14:53:41.338+0000] {processor.py:925} INFO - DAG(s) 'latest_only_with_trigger' retrieved from /home/airflow/.local/lib/python3.12/site-packages/airflow/example_dags/example_latest_only_with_trigger.py
[2024-11-08T14:53:41.359+0000] {logging_mixin.py:190} INFO - [2024-11-08T14:53:41.358+0000] {dag.py:3239} INFO - Sync 1 DAGs
[2024-11-08T14:53:41.383+0000] {logging_mixin.py:190} INFO - [2024-11-08T14:53:41.383+0000] {dag.py:4180} INFO - Setting next_dagrun for latest_only_with_trigger to 2024-11-08 08:00:00+00:00, run_after=2024-11-08 12:00:00+00:00
[2024-11-08T14:53:41.413+0000] {processor.py:208} INFO - Processing /home/airflow/.local/lib/python3.12/site-packages/airflow/example_dags/example_latest_only_with_trigger.py took 0.092 seconds
[2024-11-08T14:54:12.770+0000] {processor.py:186} INFO - Started process (PID=2793) to work on /home/airflow/.local/lib/python3.12/site-packages/airflow/example_dags/example_latest_only_with_trigger.py
[2024-11-08T14:54:12.771+0000] {processor.py:914} INFO - Processing file /home/airflow/.local/lib/python3.12/site-packages/airflow/example_dags/example_latest_only_with_trigger.py for tasks to queue
[2024-11-08T14:54:12.774+0000] {logging_mixin.py:190} INFO - [2024-11-08T14:54:12.773+0000] {dagbag.py:588} INFO - Filling up the DagBag from /home/airflow/.local/lib/python3.12/site-packages/airflow/example_dags/example_latest_only_with_trigger.py
[2024-11-08T14:54:12.781+0000] {processor.py:925} INFO - DAG(s) 'latest_only_with_trigger' retrieved from /home/airflow/.local/lib/python3.12/site-packages/airflow/example_dags/example_latest_only_with_trigger.py
[2024-11-08T14:54:12.801+0000] {logging_mixin.py:190} INFO - [2024-11-08T14:54:12.800+0000] {dag.py:3239} INFO - Sync 1 DAGs
[2024-11-08T14:54:12.823+0000] {logging_mixin.py:190} INFO - [2024-11-08T14:54:12.823+0000] {dag.py:4180} INFO - Setting next_dagrun for latest_only_with_trigger to 2024-11-08 08:00:00+00:00, run_after=2024-11-08 12:00:00+00:00
[2024-11-08T14:54:12.872+0000] {processor.py:208} INFO - Processing /home/airflow/.local/lib/python3.12/site-packages/airflow/example_dags/example_latest_only_with_trigger.py took 0.108 seconds
[2024-11-08T14:54:43.387+0000] {processor.py:186} INFO - Started process (PID=2851) to work on /home/airflow/.local/lib/python3.12/site-packages/airflow/example_dags/example_latest_only_with_trigger.py
[2024-11-08T14:54:43.388+0000] {processor.py:914} INFO - Processing file /home/airflow/.local/lib/python3.12/site-packages/airflow/example_dags/example_latest_only_with_trigger.py for tasks to queue
[2024-11-08T14:54:43.391+0000] {logging_mixin.py:190} INFO - [2024-11-08T14:54:43.390+0000] {dagbag.py:588} INFO - Filling up the DagBag from /home/airflow/.local/lib/python3.12/site-packages/airflow/example_dags/example_latest_only_with_trigger.py
[2024-11-08T14:54:43.402+0000] {processor.py:925} INFO - DAG(s) 'latest_only_with_trigger' retrieved from /home/airflow/.local/lib/python3.12/site-packages/airflow/example_dags/example_latest_only_with_trigger.py
[2024-11-08T14:54:43.425+0000] {logging_mixin.py:190} INFO - [2024-11-08T14:54:43.424+0000] {dag.py:3239} INFO - Sync 1 DAGs
[2024-11-08T14:54:43.456+0000] {logging_mixin.py:190} INFO - [2024-11-08T14:54:43.455+0000] {dag.py:4180} INFO - Setting next_dagrun for latest_only_with_trigger to 2024-11-08 08:00:00+00:00, run_after=2024-11-08 12:00:00+00:00
[2024-11-08T14:54:43.519+0000] {processor.py:208} INFO - Processing /home/airflow/.local/lib/python3.12/site-packages/airflow/example_dags/example_latest_only_with_trigger.py took 0.140 seconds
[2024-11-08T14:55:13.865+0000] {processor.py:186} INFO - Started process (PID=2911) to work on /home/airflow/.local/lib/python3.12/site-packages/airflow/example_dags/example_latest_only_with_trigger.py
[2024-11-08T14:55:13.866+0000] {processor.py:914} INFO - Processing file /home/airflow/.local/lib/python3.12/site-packages/airflow/example_dags/example_latest_only_with_trigger.py for tasks to queue
[2024-11-08T14:55:13.869+0000] {logging_mixin.py:190} INFO - [2024-11-08T14:55:13.869+0000] {dagbag.py:588} INFO - Filling up the DagBag from /home/airflow/.local/lib/python3.12/site-packages/airflow/example_dags/example_latest_only_with_trigger.py
[2024-11-08T14:55:13.877+0000] {processor.py:925} INFO - DAG(s) 'latest_only_with_trigger' retrieved from /home/airflow/.local/lib/python3.12/site-packages/airflow/example_dags/example_latest_only_with_trigger.py
[2024-11-08T14:55:13.899+0000] {logging_mixin.py:190} INFO - [2024-11-08T14:55:13.899+0000] {dag.py:3239} INFO - Sync 1 DAGs
[2024-11-08T14:55:13.924+0000] {logging_mixin.py:190} INFO - [2024-11-08T14:55:13.924+0000] {dag.py:4180} INFO - Setting next_dagrun for latest_only_with_trigger to 2024-11-08 08:00:00+00:00, run_after=2024-11-08 12:00:00+00:00
[2024-11-08T14:55:14.013+0000] {processor.py:208} INFO - Processing /home/airflow/.local/lib/python3.12/site-packages/airflow/example_dags/example_latest_only_with_trigger.py took 0.154 seconds
[2024-11-08T14:55:45.685+0000] {processor.py:186} INFO - Started process (PID=2974) to work on /home/airflow/.local/lib/python3.12/site-packages/airflow/example_dags/example_latest_only_with_trigger.py
[2024-11-08T14:55:45.686+0000] {processor.py:914} INFO - Processing file /home/airflow/.local/lib/python3.12/site-packages/airflow/example_dags/example_latest_only_with_trigger.py for tasks to queue
[2024-11-08T14:55:45.691+0000] {logging_mixin.py:190} INFO - [2024-11-08T14:55:45.691+0000] {dagbag.py:588} INFO - Filling up the DagBag from /home/airflow/.local/lib/python3.12/site-packages/airflow/example_dags/example_latest_only_with_trigger.py
[2024-11-08T14:55:45.707+0000] {processor.py:925} INFO - DAG(s) 'latest_only_with_trigger' retrieved from /home/airflow/.local/lib/python3.12/site-packages/airflow/example_dags/example_latest_only_with_trigger.py
[2024-11-08T14:55:45.748+0000] {logging_mixin.py:190} INFO - [2024-11-08T14:55:45.748+0000] {dag.py:3239} INFO - Sync 1 DAGs
[2024-11-08T14:55:46.060+0000] {logging_mixin.py:190} INFO - [2024-11-08T14:55:46.059+0000] {dag.py:4180} INFO - Setting next_dagrun for latest_only_with_trigger to 2024-11-08 08:00:00+00:00, run_after=2024-11-08 12:00:00+00:00
[2024-11-08T14:55:46.107+0000] {processor.py:208} INFO - Processing /home/airflow/.local/lib/python3.12/site-packages/airflow/example_dags/example_latest_only_with_trigger.py took 0.438 seconds
[2024-11-08T14:56:16.387+0000] {processor.py:186} INFO - Started process (PID=3037) to work on /home/airflow/.local/lib/python3.12/site-packages/airflow/example_dags/example_latest_only_with_trigger.py
[2024-11-08T14:56:16.388+0000] {processor.py:914} INFO - Processing file /home/airflow/.local/lib/python3.12/site-packages/airflow/example_dags/example_latest_only_with_trigger.py for tasks to queue
[2024-11-08T14:56:16.394+0000] {logging_mixin.py:190} INFO - [2024-11-08T14:56:16.394+0000] {dagbag.py:588} INFO - Filling up the DagBag from /home/airflow/.local/lib/python3.12/site-packages/airflow/example_dags/example_latest_only_with_trigger.py
[2024-11-08T14:56:16.405+0000] {processor.py:925} INFO - DAG(s) 'latest_only_with_trigger' retrieved from /home/airflow/.local/lib/python3.12/site-packages/airflow/example_dags/example_latest_only_with_trigger.py
[2024-11-08T14:56:16.436+0000] {logging_mixin.py:190} INFO - [2024-11-08T14:56:16.435+0000] {dag.py:3239} INFO - Sync 1 DAGs
[2024-11-08T14:56:16.467+0000] {logging_mixin.py:190} INFO - [2024-11-08T14:56:16.467+0000] {dag.py:4180} INFO - Setting next_dagrun for latest_only_with_trigger to 2024-11-08 08:00:00+00:00, run_after=2024-11-08 12:00:00+00:00
[2024-11-08T14:56:16.756+0000] {processor.py:208} INFO - Processing /home/airflow/.local/lib/python3.12/site-packages/airflow/example_dags/example_latest_only_with_trigger.py took 0.377 seconds
[2024-11-08T14:56:46.823+0000] {processor.py:186} INFO - Started process (PID=3099) to work on /home/airflow/.local/lib/python3.12/site-packages/airflow/example_dags/example_latest_only_with_trigger.py
[2024-11-08T14:56:46.827+0000] {processor.py:914} INFO - Processing file /home/airflow/.local/lib/python3.12/site-packages/airflow/example_dags/example_latest_only_with_trigger.py for tasks to queue
[2024-11-08T14:56:46.831+0000] {logging_mixin.py:190} INFO - [2024-11-08T14:56:46.830+0000] {dagbag.py:588} INFO - Filling up the DagBag from /home/airflow/.local/lib/python3.12/site-packages/airflow/example_dags/example_latest_only_with_trigger.py
[2024-11-08T14:56:46.839+0000] {processor.py:925} INFO - DAG(s) 'latest_only_with_trigger' retrieved from /home/airflow/.local/lib/python3.12/site-packages/airflow/example_dags/example_latest_only_with_trigger.py
[2024-11-08T14:56:46.890+0000] {logging_mixin.py:190} INFO - [2024-11-08T14:56:46.890+0000] {dag.py:3239} INFO - Sync 1 DAGs
[2024-11-08T14:56:46.930+0000] {logging_mixin.py:190} INFO - [2024-11-08T14:56:46.930+0000] {dag.py:4180} INFO - Setting next_dagrun for latest_only_with_trigger to 2024-11-08 08:00:00+00:00, run_after=2024-11-08 12:00:00+00:00
[2024-11-08T14:56:46.971+0000] {processor.py:208} INFO - Processing /home/airflow/.local/lib/python3.12/site-packages/airflow/example_dags/example_latest_only_with_trigger.py took 0.155 seconds
[2024-11-08T14:57:18.542+0000] {processor.py:186} INFO - Started process (PID=3162) to work on /home/airflow/.local/lib/python3.12/site-packages/airflow/example_dags/example_latest_only_with_trigger.py
[2024-11-08T14:57:18.544+0000] {processor.py:914} INFO - Processing file /home/airflow/.local/lib/python3.12/site-packages/airflow/example_dags/example_latest_only_with_trigger.py for tasks to queue
[2024-11-08T14:57:18.547+0000] {logging_mixin.py:190} INFO - [2024-11-08T14:57:18.546+0000] {dagbag.py:588} INFO - Filling up the DagBag from /home/airflow/.local/lib/python3.12/site-packages/airflow/example_dags/example_latest_only_with_trigger.py
[2024-11-08T14:57:18.555+0000] {processor.py:925} INFO - DAG(s) 'latest_only_with_trigger' retrieved from /home/airflow/.local/lib/python3.12/site-packages/airflow/example_dags/example_latest_only_with_trigger.py
[2024-11-08T14:57:18.800+0000] {logging_mixin.py:190} INFO - [2024-11-08T14:57:18.799+0000] {dag.py:3239} INFO - Sync 1 DAGs
[2024-11-08T14:57:18.827+0000] {logging_mixin.py:190} INFO - [2024-11-08T14:57:18.827+0000] {dag.py:4180} INFO - Setting next_dagrun for latest_only_with_trigger to 2024-11-08 08:00:00+00:00, run_after=2024-11-08 12:00:00+00:00
[2024-11-08T14:57:18.892+0000] {processor.py:208} INFO - Processing /home/airflow/.local/lib/python3.12/site-packages/airflow/example_dags/example_latest_only_with_trigger.py took 0.358 seconds
[2024-11-08T14:57:49.944+0000] {processor.py:186} INFO - Started process (PID=3225) to work on /home/airflow/.local/lib/python3.12/site-packages/airflow/example_dags/example_latest_only_with_trigger.py
[2024-11-08T14:57:49.946+0000] {processor.py:914} INFO - Processing file /home/airflow/.local/lib/python3.12/site-packages/airflow/example_dags/example_latest_only_with_trigger.py for tasks to queue
[2024-11-08T14:57:49.949+0000] {logging_mixin.py:190} INFO - [2024-11-08T14:57:49.948+0000] {dagbag.py:588} INFO - Filling up the DagBag from /home/airflow/.local/lib/python3.12/site-packages/airflow/example_dags/example_latest_only_with_trigger.py
[2024-11-08T14:57:49.956+0000] {processor.py:925} INFO - DAG(s) 'latest_only_with_trigger' retrieved from /home/airflow/.local/lib/python3.12/site-packages/airflow/example_dags/example_latest_only_with_trigger.py
[2024-11-08T14:57:49.977+0000] {logging_mixin.py:190} INFO - [2024-11-08T14:57:49.977+0000] {dag.py:3239} INFO - Sync 1 DAGs
[2024-11-08T14:57:50.000+0000] {logging_mixin.py:190} INFO - [2024-11-08T14:57:50.000+0000] {dag.py:4180} INFO - Setting next_dagrun for latest_only_with_trigger to 2024-11-08 08:00:00+00:00, run_after=2024-11-08 12:00:00+00:00
[2024-11-08T14:57:50.040+0000] {processor.py:208} INFO - Processing /home/airflow/.local/lib/python3.12/site-packages/airflow/example_dags/example_latest_only_with_trigger.py took 0.105 seconds
[2024-11-08T14:58:20.291+0000] {processor.py:186} INFO - Started process (PID=3289) to work on /home/airflow/.local/lib/python3.12/site-packages/airflow/example_dags/example_latest_only_with_trigger.py
[2024-11-08T14:58:20.293+0000] {processor.py:914} INFO - Processing file /home/airflow/.local/lib/python3.12/site-packages/airflow/example_dags/example_latest_only_with_trigger.py for tasks to queue
[2024-11-08T14:58:20.295+0000] {logging_mixin.py:190} INFO - [2024-11-08T14:58:20.295+0000] {dagbag.py:588} INFO - Filling up the DagBag from /home/airflow/.local/lib/python3.12/site-packages/airflow/example_dags/example_latest_only_with_trigger.py
[2024-11-08T14:58:20.303+0000] {processor.py:925} INFO - DAG(s) 'latest_only_with_trigger' retrieved from /home/airflow/.local/lib/python3.12/site-packages/airflow/example_dags/example_latest_only_with_trigger.py
[2024-11-08T14:58:20.325+0000] {logging_mixin.py:190} INFO - [2024-11-08T14:58:20.325+0000] {dag.py:3239} INFO - Sync 1 DAGs
[2024-11-08T14:58:20.349+0000] {logging_mixin.py:190} INFO - [2024-11-08T14:58:20.349+0000] {dag.py:4180} INFO - Setting next_dagrun for latest_only_with_trigger to 2024-11-08 08:00:00+00:00, run_after=2024-11-08 12:00:00+00:00
[2024-11-08T14:58:20.408+0000] {processor.py:208} INFO - Processing /home/airflow/.local/lib/python3.12/site-packages/airflow/example_dags/example_latest_only_with_trigger.py took 0.123 seconds
[2024-11-08T14:58:50.702+0000] {processor.py:186} INFO - Started process (PID=3352) to work on /home/airflow/.local/lib/python3.12/site-packages/airflow/example_dags/example_latest_only_with_trigger.py
[2024-11-08T14:58:50.703+0000] {processor.py:914} INFO - Processing file /home/airflow/.local/lib/python3.12/site-packages/airflow/example_dags/example_latest_only_with_trigger.py for tasks to queue
[2024-11-08T14:58:50.706+0000] {logging_mixin.py:190} INFO - [2024-11-08T14:58:50.706+0000] {dagbag.py:588} INFO - Filling up the DagBag from /home/airflow/.local/lib/python3.12/site-packages/airflow/example_dags/example_latest_only_with_trigger.py
[2024-11-08T14:58:50.715+0000] {processor.py:925} INFO - DAG(s) 'latest_only_with_trigger' retrieved from /home/airflow/.local/lib/python3.12/site-packages/airflow/example_dags/example_latest_only_with_trigger.py
[2024-11-08T14:58:50.737+0000] {logging_mixin.py:190} INFO - [2024-11-08T14:58:50.737+0000] {dag.py:3239} INFO - Sync 1 DAGs
[2024-11-08T14:58:50.763+0000] {logging_mixin.py:190} INFO - [2024-11-08T14:58:50.763+0000] {dag.py:4180} INFO - Setting next_dagrun for latest_only_with_trigger to 2024-11-08 08:00:00+00:00, run_after=2024-11-08 12:00:00+00:00
[2024-11-08T14:58:50.817+0000] {processor.py:208} INFO - Processing /home/airflow/.local/lib/python3.12/site-packages/airflow/example_dags/example_latest_only_with_trigger.py took 0.123 seconds
[2024-11-08T14:59:21.382+0000] {processor.py:186} INFO - Started process (PID=3415) to work on /home/airflow/.local/lib/python3.12/site-packages/airflow/example_dags/example_latest_only_with_trigger.py
[2024-11-08T14:59:21.383+0000] {processor.py:914} INFO - Processing file /home/airflow/.local/lib/python3.12/site-packages/airflow/example_dags/example_latest_only_with_trigger.py for tasks to queue
[2024-11-08T14:59:21.386+0000] {logging_mixin.py:190} INFO - [2024-11-08T14:59:21.385+0000] {dagbag.py:588} INFO - Filling up the DagBag from /home/airflow/.local/lib/python3.12/site-packages/airflow/example_dags/example_latest_only_with_trigger.py
[2024-11-08T14:59:21.393+0000] {processor.py:925} INFO - DAG(s) 'latest_only_with_trigger' retrieved from /home/airflow/.local/lib/python3.12/site-packages/airflow/example_dags/example_latest_only_with_trigger.py
[2024-11-08T14:59:21.413+0000] {logging_mixin.py:190} INFO - [2024-11-08T14:59:21.413+0000] {dag.py:3239} INFO - Sync 1 DAGs
[2024-11-08T14:59:21.436+0000] {logging_mixin.py:190} INFO - [2024-11-08T14:59:21.436+0000] {dag.py:4180} INFO - Setting next_dagrun for latest_only_with_trigger to 2024-11-08 08:00:00+00:00, run_after=2024-11-08 12:00:00+00:00
[2024-11-08T14:59:21.485+0000] {processor.py:208} INFO - Processing /home/airflow/.local/lib/python3.12/site-packages/airflow/example_dags/example_latest_only_with_trigger.py took 0.109 seconds
[2024-11-08T14:59:52.125+0000] {processor.py:186} INFO - Started process (PID=3477) to work on /home/airflow/.local/lib/python3.12/site-packages/airflow/example_dags/example_latest_only_with_trigger.py
[2024-11-08T14:59:52.127+0000] {processor.py:914} INFO - Processing file /home/airflow/.local/lib/python3.12/site-packages/airflow/example_dags/example_latest_only_with_trigger.py for tasks to queue
[2024-11-08T14:59:52.129+0000] {logging_mixin.py:190} INFO - [2024-11-08T14:59:52.129+0000] {dagbag.py:588} INFO - Filling up the DagBag from /home/airflow/.local/lib/python3.12/site-packages/airflow/example_dags/example_latest_only_with_trigger.py
[2024-11-08T14:59:52.137+0000] {processor.py:925} INFO - DAG(s) 'latest_only_with_trigger' retrieved from /home/airflow/.local/lib/python3.12/site-packages/airflow/example_dags/example_latest_only_with_trigger.py
[2024-11-08T14:59:52.160+0000] {logging_mixin.py:190} INFO - [2024-11-08T14:59:52.159+0000] {dag.py:3239} INFO - Sync 1 DAGs
[2024-11-08T14:59:52.183+0000] {logging_mixin.py:190} INFO - [2024-11-08T14:59:52.183+0000] {dag.py:4180} INFO - Setting next_dagrun for latest_only_with_trigger to 2024-11-08 08:00:00+00:00, run_after=2024-11-08 12:00:00+00:00
[2024-11-08T14:59:52.213+0000] {processor.py:208} INFO - Processing /home/airflow/.local/lib/python3.12/site-packages/airflow/example_dags/example_latest_only_with_trigger.py took 0.094 seconds
[2024-11-08T15:00:22.265+0000] {processor.py:186} INFO - Started process (PID=3540) to work on /home/airflow/.local/lib/python3.12/site-packages/airflow/example_dags/example_latest_only_with_trigger.py
[2024-11-08T15:00:22.266+0000] {processor.py:914} INFO - Processing file /home/airflow/.local/lib/python3.12/site-packages/airflow/example_dags/example_latest_only_with_trigger.py for tasks to queue
[2024-11-08T15:00:22.269+0000] {logging_mixin.py:190} INFO - [2024-11-08T15:00:22.268+0000] {dagbag.py:588} INFO - Filling up the DagBag from /home/airflow/.local/lib/python3.12/site-packages/airflow/example_dags/example_latest_only_with_trigger.py
[2024-11-08T15:00:22.276+0000] {processor.py:925} INFO - DAG(s) 'latest_only_with_trigger' retrieved from /home/airflow/.local/lib/python3.12/site-packages/airflow/example_dags/example_latest_only_with_trigger.py
[2024-11-08T15:00:22.298+0000] {logging_mixin.py:190} INFO - [2024-11-08T15:00:22.297+0000] {dag.py:3239} INFO - Sync 1 DAGs
[2024-11-08T15:00:22.324+0000] {logging_mixin.py:190} INFO - [2024-11-08T15:00:22.324+0000] {dag.py:4180} INFO - Setting next_dagrun for latest_only_with_trigger to 2024-11-08 08:00:00+00:00, run_after=2024-11-08 12:00:00+00:00
[2024-11-08T15:00:22.346+0000] {processor.py:208} INFO - Processing /home/airflow/.local/lib/python3.12/site-packages/airflow/example_dags/example_latest_only_with_trigger.py took 0.087 seconds
[2024-11-08T15:00:52.811+0000] {processor.py:186} INFO - Started process (PID=3602) to work on /home/airflow/.local/lib/python3.12/site-packages/airflow/example_dags/example_latest_only_with_trigger.py
[2024-11-08T15:00:52.813+0000] {processor.py:914} INFO - Processing file /home/airflow/.local/lib/python3.12/site-packages/airflow/example_dags/example_latest_only_with_trigger.py for tasks to queue
[2024-11-08T15:00:52.815+0000] {logging_mixin.py:190} INFO - [2024-11-08T15:00:52.815+0000] {dagbag.py:588} INFO - Filling up the DagBag from /home/airflow/.local/lib/python3.12/site-packages/airflow/example_dags/example_latest_only_with_trigger.py
[2024-11-08T15:00:52.824+0000] {processor.py:925} INFO - DAG(s) 'latest_only_with_trigger' retrieved from /home/airflow/.local/lib/python3.12/site-packages/airflow/example_dags/example_latest_only_with_trigger.py
[2024-11-08T15:00:52.845+0000] {logging_mixin.py:190} INFO - [2024-11-08T15:00:52.845+0000] {dag.py:3239} INFO - Sync 1 DAGs
[2024-11-08T15:00:52.881+0000] {logging_mixin.py:190} INFO - [2024-11-08T15:00:52.880+0000] {dag.py:4180} INFO - Setting next_dagrun for latest_only_with_trigger to 2024-11-08 08:00:00+00:00, run_after=2024-11-08 12:00:00+00:00
[2024-11-08T15:00:52.916+0000] {processor.py:208} INFO - Processing /home/airflow/.local/lib/python3.12/site-packages/airflow/example_dags/example_latest_only_with_trigger.py took 0.113 seconds
[2024-11-08T15:01:23.900+0000] {processor.py:186} INFO - Started process (PID=3664) to work on /home/airflow/.local/lib/python3.12/site-packages/airflow/example_dags/example_latest_only_with_trigger.py
[2024-11-08T15:01:24.247+0000] {processor.py:914} INFO - Processing file /home/airflow/.local/lib/python3.12/site-packages/airflow/example_dags/example_latest_only_with_trigger.py for tasks to queue
[2024-11-08T15:01:24.250+0000] {logging_mixin.py:190} INFO - [2024-11-08T15:01:24.250+0000] {dagbag.py:588} INFO - Filling up the DagBag from /home/airflow/.local/lib/python3.12/site-packages/airflow/example_dags/example_latest_only_with_trigger.py
[2024-11-08T15:01:24.269+0000] {processor.py:925} INFO - DAG(s) 'latest_only_with_trigger' retrieved from /home/airflow/.local/lib/python3.12/site-packages/airflow/example_dags/example_latest_only_with_trigger.py
[2024-11-08T15:01:24.301+0000] {logging_mixin.py:190} INFO - [2024-11-08T15:01:24.301+0000] {dag.py:3239} INFO - Sync 1 DAGs
[2024-11-08T15:01:24.332+0000] {logging_mixin.py:190} INFO - [2024-11-08T15:01:24.332+0000] {dag.py:4180} INFO - Setting next_dagrun for latest_only_with_trigger to 2024-11-08 08:00:00+00:00, run_after=2024-11-08 12:00:00+00:00
[2024-11-08T15:01:24.359+0000] {processor.py:208} INFO - Processing /home/airflow/.local/lib/python3.12/site-packages/airflow/example_dags/example_latest_only_with_trigger.py took 0.468 seconds
