[2024-11-08T14:32:09.451+0000] {processor.py:186} INFO - Started process (PID=98) to work on /home/airflow/.local/lib/python3.12/site-packages/airflow/example_dags/example_setup_teardown.py
[2024-11-08T14:32:09.452+0000] {processor.py:914} INFO - Processing file /home/airflow/.local/lib/python3.12/site-packages/airflow/example_dags/example_setup_teardown.py for tasks to queue
[2024-11-08T14:32:09.455+0000] {logging_mixin.py:190} INFO - [2024-11-08T14:32:09.454+0000] {dagbag.py:588} INFO - Filling up the DagBag from /home/airflow/.local/lib/python3.12/site-packages/airflow/example_dags/example_setup_teardown.py
[2024-11-08T14:32:09.465+0000] {processor.py:925} INFO - DAG(s) 'example_setup_teardown' retrieved from /home/airflow/.local/lib/python3.12/site-packages/airflow/example_dags/example_setup_teardown.py
[2024-11-08T14:32:09.585+0000] {logging_mixin.py:190} INFO - [2024-11-08T14:32:09.584+0000] {override.py:1911} INFO - Created Permission View: can delete on DAG:example_setup_teardown
[2024-11-08T14:32:09.601+0000] {logging_mixin.py:190} INFO - [2024-11-08T14:32:09.601+0000] {override.py:1911} INFO - Created Permission View: can edit on DAG:example_setup_teardown
[2024-11-08T14:32:09.611+0000] {logging_mixin.py:190} INFO - [2024-11-08T14:32:09.611+0000] {override.py:1911} INFO - Created Permission View: can read on DAG:example_setup_teardown
[2024-11-08T14:32:09.628+0000] {logging_mixin.py:190} INFO - [2024-11-08T14:32:09.627+0000] {override.py:1911} INFO - Created Permission View: can create on DAG Run:example_setup_teardown
[2024-11-08T14:32:09.639+0000] {logging_mixin.py:190} INFO - [2024-11-08T14:32:09.639+0000] {override.py:1911} INFO - Created Permission View: menu access on DAG Run:example_setup_teardown
[2024-11-08T14:32:09.652+0000] {logging_mixin.py:190} INFO - [2024-11-08T14:32:09.651+0000] {override.py:1911} INFO - Created Permission View: can delete on DAG Run:example_setup_teardown
[2024-11-08T14:32:09.662+0000] {logging_mixin.py:190} INFO - [2024-11-08T14:32:09.662+0000] {override.py:1911} INFO - Created Permission View: can read on DAG Run:example_setup_teardown
[2024-11-08T14:32:09.663+0000] {logging_mixin.py:190} INFO - [2024-11-08T14:32:09.663+0000] {dag.py:3239} INFO - Sync 1 DAGs
[2024-11-08T14:32:09.678+0000] {logging_mixin.py:190} INFO - [2024-11-08T14:32:09.678+0000] {dag.py:3262} INFO - Creating ORM DAG for example_setup_teardown
[2024-11-08T14:32:09.679+0000] {logging_mixin.py:190} INFO - [2024-11-08T14:32:09.679+0000] {dag.py:4180} INFO - Setting next_dagrun for example_setup_teardown to None, run_after=None
[2024-11-08T14:32:09.699+0000] {processor.py:208} INFO - Processing /home/airflow/.local/lib/python3.12/site-packages/airflow/example_dags/example_setup_teardown.py took 0.255 seconds
[2024-11-08T14:32:40.620+0000] {processor.py:186} INFO - Started process (PID=161) to work on /home/airflow/.local/lib/python3.12/site-packages/airflow/example_dags/example_setup_teardown.py
[2024-11-08T14:32:40.622+0000] {processor.py:914} INFO - Processing file /home/airflow/.local/lib/python3.12/site-packages/airflow/example_dags/example_setup_teardown.py for tasks to queue
[2024-11-08T14:32:40.624+0000] {logging_mixin.py:190} INFO - [2024-11-08T14:32:40.624+0000] {dagbag.py:588} INFO - Filling up the DagBag from /home/airflow/.local/lib/python3.12/site-packages/airflow/example_dags/example_setup_teardown.py
[2024-11-08T14:32:40.632+0000] {processor.py:925} INFO - DAG(s) 'example_setup_teardown' retrieved from /home/airflow/.local/lib/python3.12/site-packages/airflow/example_dags/example_setup_teardown.py
[2024-11-08T14:32:40.656+0000] {logging_mixin.py:190} INFO - [2024-11-08T14:32:40.656+0000] {dag.py:3239} INFO - Sync 1 DAGs
[2024-11-08T14:32:40.671+0000] {logging_mixin.py:190} INFO - [2024-11-08T14:32:40.671+0000] {dag.py:4180} INFO - Setting next_dagrun for example_setup_teardown to None, run_after=None
[2024-11-08T14:32:40.694+0000] {processor.py:208} INFO - Processing /home/airflow/.local/lib/python3.12/site-packages/airflow/example_dags/example_setup_teardown.py took 0.080 seconds
[2024-11-08T14:33:12.535+0000] {processor.py:186} INFO - Started process (PID=224) to work on /home/airflow/.local/lib/python3.12/site-packages/airflow/example_dags/example_setup_teardown.py
[2024-11-08T14:33:12.536+0000] {processor.py:914} INFO - Processing file /home/airflow/.local/lib/python3.12/site-packages/airflow/example_dags/example_setup_teardown.py for tasks to queue
[2024-11-08T14:33:12.538+0000] {logging_mixin.py:190} INFO - [2024-11-08T14:33:12.538+0000] {dagbag.py:588} INFO - Filling up the DagBag from /home/airflow/.local/lib/python3.12/site-packages/airflow/example_dags/example_setup_teardown.py
[2024-11-08T14:33:12.548+0000] {processor.py:925} INFO - DAG(s) 'example_setup_teardown' retrieved from /home/airflow/.local/lib/python3.12/site-packages/airflow/example_dags/example_setup_teardown.py
[2024-11-08T14:33:12.569+0000] {logging_mixin.py:190} INFO - [2024-11-08T14:33:12.569+0000] {dag.py:3239} INFO - Sync 1 DAGs
[2024-11-08T14:33:12.585+0000] {logging_mixin.py:190} INFO - [2024-11-08T14:33:12.585+0000] {dag.py:4180} INFO - Setting next_dagrun for example_setup_teardown to None, run_after=None
[2024-11-08T14:33:12.661+0000] {processor.py:208} INFO - Processing /home/airflow/.local/lib/python3.12/site-packages/airflow/example_dags/example_setup_teardown.py took 0.134 seconds
[2024-11-08T14:33:44.662+0000] {processor.py:186} INFO - Started process (PID=287) to work on /home/airflow/.local/lib/python3.12/site-packages/airflow/example_dags/example_setup_teardown.py
[2024-11-08T14:33:44.663+0000] {processor.py:914} INFO - Processing file /home/airflow/.local/lib/python3.12/site-packages/airflow/example_dags/example_setup_teardown.py for tasks to queue
[2024-11-08T14:33:44.666+0000] {logging_mixin.py:190} INFO - [2024-11-08T14:33:44.665+0000] {dagbag.py:588} INFO - Filling up the DagBag from /home/airflow/.local/lib/python3.12/site-packages/airflow/example_dags/example_setup_teardown.py
[2024-11-08T14:33:44.675+0000] {processor.py:925} INFO - DAG(s) 'example_setup_teardown' retrieved from /home/airflow/.local/lib/python3.12/site-packages/airflow/example_dags/example_setup_teardown.py
[2024-11-08T14:33:44.696+0000] {logging_mixin.py:190} INFO - [2024-11-08T14:33:44.695+0000] {dag.py:3239} INFO - Sync 1 DAGs
[2024-11-08T14:33:44.710+0000] {logging_mixin.py:190} INFO - [2024-11-08T14:33:44.710+0000] {dag.py:4180} INFO - Setting next_dagrun for example_setup_teardown to None, run_after=None
[2024-11-08T14:33:44.735+0000] {processor.py:208} INFO - Processing /home/airflow/.local/lib/python3.12/site-packages/airflow/example_dags/example_setup_teardown.py took 0.079 seconds
[2024-11-08T14:34:15.783+0000] {processor.py:186} INFO - Started process (PID=350) to work on /home/airflow/.local/lib/python3.12/site-packages/airflow/example_dags/example_setup_teardown.py
[2024-11-08T14:34:15.785+0000] {processor.py:914} INFO - Processing file /home/airflow/.local/lib/python3.12/site-packages/airflow/example_dags/example_setup_teardown.py for tasks to queue
[2024-11-08T14:34:15.788+0000] {logging_mixin.py:190} INFO - [2024-11-08T14:34:15.788+0000] {dagbag.py:588} INFO - Filling up the DagBag from /home/airflow/.local/lib/python3.12/site-packages/airflow/example_dags/example_setup_teardown.py
[2024-11-08T14:34:15.803+0000] {processor.py:925} INFO - DAG(s) 'example_setup_teardown' retrieved from /home/airflow/.local/lib/python3.12/site-packages/airflow/example_dags/example_setup_teardown.py
[2024-11-08T14:34:15.830+0000] {logging_mixin.py:190} INFO - [2024-11-08T14:34:15.829+0000] {dag.py:3239} INFO - Sync 1 DAGs
[2024-11-08T14:34:15.848+0000] {logging_mixin.py:190} INFO - [2024-11-08T14:34:15.847+0000] {dag.py:4180} INFO - Setting next_dagrun for example_setup_teardown to None, run_after=None
[2024-11-08T14:34:15.943+0000] {processor.py:208} INFO - Processing /home/airflow/.local/lib/python3.12/site-packages/airflow/example_dags/example_setup_teardown.py took 0.166 seconds
[2024-11-08T14:34:47.196+0000] {processor.py:186} INFO - Started process (PID=413) to work on /home/airflow/.local/lib/python3.12/site-packages/airflow/example_dags/example_setup_teardown.py
[2024-11-08T14:34:47.198+0000] {processor.py:914} INFO - Processing file /home/airflow/.local/lib/python3.12/site-packages/airflow/example_dags/example_setup_teardown.py for tasks to queue
[2024-11-08T14:34:47.201+0000] {logging_mixin.py:190} INFO - [2024-11-08T14:34:47.201+0000] {dagbag.py:588} INFO - Filling up the DagBag from /home/airflow/.local/lib/python3.12/site-packages/airflow/example_dags/example_setup_teardown.py
[2024-11-08T14:34:47.212+0000] {processor.py:925} INFO - DAG(s) 'example_setup_teardown' retrieved from /home/airflow/.local/lib/python3.12/site-packages/airflow/example_dags/example_setup_teardown.py
[2024-11-08T14:34:47.240+0000] {logging_mixin.py:190} INFO - [2024-11-08T14:34:47.240+0000] {dag.py:3239} INFO - Sync 1 DAGs
[2024-11-08T14:34:47.258+0000] {logging_mixin.py:190} INFO - [2024-11-08T14:34:47.257+0000] {dag.py:4180} INFO - Setting next_dagrun for example_setup_teardown to None, run_after=None
[2024-11-08T14:34:47.287+0000] {processor.py:208} INFO - Processing /home/airflow/.local/lib/python3.12/site-packages/airflow/example_dags/example_setup_teardown.py took 0.098 seconds
[2024-11-08T14:35:23.256+0000] {processor.py:186} INFO - Started process (PID=476) to work on /home/airflow/.local/lib/python3.12/site-packages/airflow/example_dags/example_setup_teardown.py
[2024-11-08T14:35:23.290+0000] {processor.py:914} INFO - Processing file /home/airflow/.local/lib/python3.12/site-packages/airflow/example_dags/example_setup_teardown.py for tasks to queue
[2024-11-08T14:35:23.293+0000] {logging_mixin.py:190} INFO - [2024-11-08T14:35:23.293+0000] {dagbag.py:588} INFO - Filling up the DagBag from /home/airflow/.local/lib/python3.12/site-packages/airflow/example_dags/example_setup_teardown.py
[2024-11-08T14:35:23.308+0000] {processor.py:925} INFO - DAG(s) 'example_setup_teardown' retrieved from /home/airflow/.local/lib/python3.12/site-packages/airflow/example_dags/example_setup_teardown.py
[2024-11-08T14:35:23.343+0000] {logging_mixin.py:190} INFO - [2024-11-08T14:35:23.343+0000] {dag.py:3239} INFO - Sync 1 DAGs
[2024-11-08T14:35:23.371+0000] {logging_mixin.py:190} INFO - [2024-11-08T14:35:23.371+0000] {dag.py:4180} INFO - Setting next_dagrun for example_setup_teardown to None, run_after=None
[2024-11-08T14:35:23.407+0000] {processor.py:208} INFO - Processing /home/airflow/.local/lib/python3.12/site-packages/airflow/example_dags/example_setup_teardown.py took 0.166 seconds
[2024-11-08T14:35:54.203+0000] {processor.py:186} INFO - Started process (PID=538) to work on /home/airflow/.local/lib/python3.12/site-packages/airflow/example_dags/example_setup_teardown.py
[2024-11-08T14:35:54.206+0000] {processor.py:914} INFO - Processing file /home/airflow/.local/lib/python3.12/site-packages/airflow/example_dags/example_setup_teardown.py for tasks to queue
[2024-11-08T14:35:54.210+0000] {logging_mixin.py:190} INFO - [2024-11-08T14:35:54.209+0000] {dagbag.py:588} INFO - Filling up the DagBag from /home/airflow/.local/lib/python3.12/site-packages/airflow/example_dags/example_setup_teardown.py
[2024-11-08T14:35:54.223+0000] {processor.py:925} INFO - DAG(s) 'example_setup_teardown' retrieved from /home/airflow/.local/lib/python3.12/site-packages/airflow/example_dags/example_setup_teardown.py
[2024-11-08T14:35:54.251+0000] {logging_mixin.py:190} INFO - [2024-11-08T14:35:54.251+0000] {dag.py:3239} INFO - Sync 1 DAGs
[2024-11-08T14:35:54.272+0000] {logging_mixin.py:190} INFO - [2024-11-08T14:35:54.272+0000] {dag.py:4180} INFO - Setting next_dagrun for example_setup_teardown to None, run_after=None
[2024-11-08T14:35:54.306+0000] {processor.py:208} INFO - Processing /home/airflow/.local/lib/python3.12/site-packages/airflow/example_dags/example_setup_teardown.py took 0.111 seconds
[2024-11-08T14:36:24.492+0000] {processor.py:186} INFO - Started process (PID=601) to work on /home/airflow/.local/lib/python3.12/site-packages/airflow/example_dags/example_setup_teardown.py
[2024-11-08T14:36:24.493+0000] {processor.py:914} INFO - Processing file /home/airflow/.local/lib/python3.12/site-packages/airflow/example_dags/example_setup_teardown.py for tasks to queue
[2024-11-08T14:36:24.496+0000] {logging_mixin.py:190} INFO - [2024-11-08T14:36:24.495+0000] {dagbag.py:588} INFO - Filling up the DagBag from /home/airflow/.local/lib/python3.12/site-packages/airflow/example_dags/example_setup_teardown.py
[2024-11-08T14:36:24.504+0000] {processor.py:925} INFO - DAG(s) 'example_setup_teardown' retrieved from /home/airflow/.local/lib/python3.12/site-packages/airflow/example_dags/example_setup_teardown.py
[2024-11-08T14:36:24.524+0000] {logging_mixin.py:190} INFO - [2024-11-08T14:36:24.524+0000] {dag.py:3239} INFO - Sync 1 DAGs
[2024-11-08T14:36:24.540+0000] {logging_mixin.py:190} INFO - [2024-11-08T14:36:24.540+0000] {dag.py:4180} INFO - Setting next_dagrun for example_setup_teardown to None, run_after=None
[2024-11-08T14:36:24.600+0000] {processor.py:208} INFO - Processing /home/airflow/.local/lib/python3.12/site-packages/airflow/example_dags/example_setup_teardown.py took 0.113 seconds
[2024-11-08T14:36:54.711+0000] {processor.py:186} INFO - Started process (PID=664) to work on /home/airflow/.local/lib/python3.12/site-packages/airflow/example_dags/example_setup_teardown.py
[2024-11-08T14:36:54.712+0000] {processor.py:914} INFO - Processing file /home/airflow/.local/lib/python3.12/site-packages/airflow/example_dags/example_setup_teardown.py for tasks to queue
[2024-11-08T14:36:54.715+0000] {logging_mixin.py:190} INFO - [2024-11-08T14:36:54.714+0000] {dagbag.py:588} INFO - Filling up the DagBag from /home/airflow/.local/lib/python3.12/site-packages/airflow/example_dags/example_setup_teardown.py
[2024-11-08T14:36:54.723+0000] {processor.py:925} INFO - DAG(s) 'example_setup_teardown' retrieved from /home/airflow/.local/lib/python3.12/site-packages/airflow/example_dags/example_setup_teardown.py
[2024-11-08T14:36:54.743+0000] {logging_mixin.py:190} INFO - [2024-11-08T14:36:54.742+0000] {dag.py:3239} INFO - Sync 1 DAGs
[2024-11-08T14:36:54.757+0000] {logging_mixin.py:190} INFO - [2024-11-08T14:36:54.757+0000] {dag.py:4180} INFO - Setting next_dagrun for example_setup_teardown to None, run_after=None
[2024-11-08T14:36:54.780+0000] {processor.py:208} INFO - Processing /home/airflow/.local/lib/python3.12/site-packages/airflow/example_dags/example_setup_teardown.py took 0.075 seconds
[2024-11-08T14:37:25.469+0000] {processor.py:186} INFO - Started process (PID=727) to work on /home/airflow/.local/lib/python3.12/site-packages/airflow/example_dags/example_setup_teardown.py
[2024-11-08T14:37:25.470+0000] {processor.py:914} INFO - Processing file /home/airflow/.local/lib/python3.12/site-packages/airflow/example_dags/example_setup_teardown.py for tasks to queue
[2024-11-08T14:37:25.473+0000] {logging_mixin.py:190} INFO - [2024-11-08T14:37:25.473+0000] {dagbag.py:588} INFO - Filling up the DagBag from /home/airflow/.local/lib/python3.12/site-packages/airflow/example_dags/example_setup_teardown.py
[2024-11-08T14:37:25.491+0000] {processor.py:925} INFO - DAG(s) 'example_setup_teardown' retrieved from /home/airflow/.local/lib/python3.12/site-packages/airflow/example_dags/example_setup_teardown.py
[2024-11-08T14:37:25.532+0000] {logging_mixin.py:190} INFO - [2024-11-08T14:37:25.532+0000] {dag.py:3239} INFO - Sync 1 DAGs
[2024-11-08T14:37:25.561+0000] {logging_mixin.py:190} INFO - [2024-11-08T14:37:25.559+0000] {dag.py:4180} INFO - Setting next_dagrun for example_setup_teardown to None, run_after=None
[2024-11-08T14:37:25.629+0000] {processor.py:208} INFO - Processing /home/airflow/.local/lib/python3.12/site-packages/airflow/example_dags/example_setup_teardown.py took 0.173 seconds
[2024-11-08T14:37:55.882+0000] {processor.py:186} INFO - Started process (PID=796) to work on /home/airflow/.local/lib/python3.12/site-packages/airflow/example_dags/example_setup_teardown.py
[2024-11-08T14:37:55.883+0000] {processor.py:914} INFO - Processing file /home/airflow/.local/lib/python3.12/site-packages/airflow/example_dags/example_setup_teardown.py for tasks to queue
[2024-11-08T14:37:55.885+0000] {logging_mixin.py:190} INFO - [2024-11-08T14:37:55.885+0000] {dagbag.py:588} INFO - Filling up the DagBag from /home/airflow/.local/lib/python3.12/site-packages/airflow/example_dags/example_setup_teardown.py
[2024-11-08T14:37:55.895+0000] {processor.py:925} INFO - DAG(s) 'example_setup_teardown' retrieved from /home/airflow/.local/lib/python3.12/site-packages/airflow/example_dags/example_setup_teardown.py
[2024-11-08T14:37:55.917+0000] {logging_mixin.py:190} INFO - [2024-11-08T14:37:55.917+0000] {dag.py:3239} INFO - Sync 1 DAGs
[2024-11-08T14:37:55.934+0000] {logging_mixin.py:190} INFO - [2024-11-08T14:37:55.934+0000] {dag.py:4180} INFO - Setting next_dagrun for example_setup_teardown to None, run_after=None
[2024-11-08T14:37:56.068+0000] {processor.py:208} INFO - Processing /home/airflow/.local/lib/python3.12/site-packages/airflow/example_dags/example_setup_teardown.py took 0.192 seconds
[2024-11-08T14:38:26.956+0000] {processor.py:186} INFO - Started process (PID=859) to work on /home/airflow/.local/lib/python3.12/site-packages/airflow/example_dags/example_setup_teardown.py
[2024-11-08T14:38:26.958+0000] {processor.py:914} INFO - Processing file /home/airflow/.local/lib/python3.12/site-packages/airflow/example_dags/example_setup_teardown.py for tasks to queue
[2024-11-08T14:38:26.961+0000] {logging_mixin.py:190} INFO - [2024-11-08T14:38:26.960+0000] {dagbag.py:588} INFO - Filling up the DagBag from /home/airflow/.local/lib/python3.12/site-packages/airflow/example_dags/example_setup_teardown.py
[2024-11-08T14:38:26.969+0000] {processor.py:925} INFO - DAG(s) 'example_setup_teardown' retrieved from /home/airflow/.local/lib/python3.12/site-packages/airflow/example_dags/example_setup_teardown.py
[2024-11-08T14:38:26.996+0000] {logging_mixin.py:190} INFO - [2024-11-08T14:38:26.995+0000] {dag.py:3239} INFO - Sync 1 DAGs
[2024-11-08T14:38:27.013+0000] {logging_mixin.py:190} INFO - [2024-11-08T14:38:27.013+0000] {dag.py:4180} INFO - Setting next_dagrun for example_setup_teardown to None, run_after=None
[2024-11-08T14:38:27.082+0000] {processor.py:208} INFO - Processing /home/airflow/.local/lib/python3.12/site-packages/airflow/example_dags/example_setup_teardown.py took 0.132 seconds
[2024-11-08T14:38:57.540+0000] {processor.py:186} INFO - Started process (PID=922) to work on /home/airflow/.local/lib/python3.12/site-packages/airflow/example_dags/example_setup_teardown.py
[2024-11-08T14:38:57.541+0000] {processor.py:914} INFO - Processing file /home/airflow/.local/lib/python3.12/site-packages/airflow/example_dags/example_setup_teardown.py for tasks to queue
[2024-11-08T14:38:57.544+0000] {logging_mixin.py:190} INFO - [2024-11-08T14:38:57.543+0000] {dagbag.py:588} INFO - Filling up the DagBag from /home/airflow/.local/lib/python3.12/site-packages/airflow/example_dags/example_setup_teardown.py
[2024-11-08T14:38:57.552+0000] {processor.py:925} INFO - DAG(s) 'example_setup_teardown' retrieved from /home/airflow/.local/lib/python3.12/site-packages/airflow/example_dags/example_setup_teardown.py
[2024-11-08T14:38:57.574+0000] {logging_mixin.py:190} INFO - [2024-11-08T14:38:57.574+0000] {dag.py:3239} INFO - Sync 1 DAGs
[2024-11-08T14:38:57.589+0000] {logging_mixin.py:190} INFO - [2024-11-08T14:38:57.589+0000] {dag.py:4180} INFO - Setting next_dagrun for example_setup_teardown to None, run_after=None
[2024-11-08T14:38:57.758+0000] {processor.py:208} INFO - Processing /home/airflow/.local/lib/python3.12/site-packages/airflow/example_dags/example_setup_teardown.py took 0.223 seconds
[2024-11-08T14:39:28.618+0000] {processor.py:186} INFO - Started process (PID=985) to work on /home/airflow/.local/lib/python3.12/site-packages/airflow/example_dags/example_setup_teardown.py
[2024-11-08T14:39:28.619+0000] {processor.py:914} INFO - Processing file /home/airflow/.local/lib/python3.12/site-packages/airflow/example_dags/example_setup_teardown.py for tasks to queue
[2024-11-08T14:39:28.624+0000] {logging_mixin.py:190} INFO - [2024-11-08T14:39:28.624+0000] {dagbag.py:588} INFO - Filling up the DagBag from /home/airflow/.local/lib/python3.12/site-packages/airflow/example_dags/example_setup_teardown.py
[2024-11-08T14:39:28.633+0000] {processor.py:925} INFO - DAG(s) 'example_setup_teardown' retrieved from /home/airflow/.local/lib/python3.12/site-packages/airflow/example_dags/example_setup_teardown.py
[2024-11-08T14:39:28.657+0000] {logging_mixin.py:190} INFO - [2024-11-08T14:39:28.657+0000] {dag.py:3239} INFO - Sync 1 DAGs
[2024-11-08T14:39:28.675+0000] {logging_mixin.py:190} INFO - [2024-11-08T14:39:28.675+0000] {dag.py:4180} INFO - Setting next_dagrun for example_setup_teardown to None, run_after=None
[2024-11-08T14:39:28.712+0000] {processor.py:208} INFO - Processing /home/airflow/.local/lib/python3.12/site-packages/airflow/example_dags/example_setup_teardown.py took 0.100 seconds
[2024-11-08T14:39:58.804+0000] {processor.py:186} INFO - Started process (PID=1047) to work on /home/airflow/.local/lib/python3.12/site-packages/airflow/example_dags/example_setup_teardown.py
[2024-11-08T14:39:58.805+0000] {processor.py:914} INFO - Processing file /home/airflow/.local/lib/python3.12/site-packages/airflow/example_dags/example_setup_teardown.py for tasks to queue
[2024-11-08T14:39:58.808+0000] {logging_mixin.py:190} INFO - [2024-11-08T14:39:58.807+0000] {dagbag.py:588} INFO - Filling up the DagBag from /home/airflow/.local/lib/python3.12/site-packages/airflow/example_dags/example_setup_teardown.py
[2024-11-08T14:39:58.817+0000] {processor.py:925} INFO - DAG(s) 'example_setup_teardown' retrieved from /home/airflow/.local/lib/python3.12/site-packages/airflow/example_dags/example_setup_teardown.py
[2024-11-08T14:39:58.835+0000] {logging_mixin.py:190} INFO - [2024-11-08T14:39:58.835+0000] {dag.py:3239} INFO - Sync 1 DAGs
[2024-11-08T14:39:58.849+0000] {logging_mixin.py:190} INFO - [2024-11-08T14:39:58.849+0000] {dag.py:4180} INFO - Setting next_dagrun for example_setup_teardown to None, run_after=None
[2024-11-08T14:39:58.881+0000] {processor.py:208} INFO - Processing /home/airflow/.local/lib/python3.12/site-packages/airflow/example_dags/example_setup_teardown.py took 0.083 seconds
[2024-11-08T14:40:29.546+0000] {processor.py:186} INFO - Started process (PID=1110) to work on /home/airflow/.local/lib/python3.12/site-packages/airflow/example_dags/example_setup_teardown.py
[2024-11-08T14:40:29.547+0000] {processor.py:914} INFO - Processing file /home/airflow/.local/lib/python3.12/site-packages/airflow/example_dags/example_setup_teardown.py for tasks to queue
[2024-11-08T14:40:29.550+0000] {logging_mixin.py:190} INFO - [2024-11-08T14:40:29.549+0000] {dagbag.py:588} INFO - Filling up the DagBag from /home/airflow/.local/lib/python3.12/site-packages/airflow/example_dags/example_setup_teardown.py
[2024-11-08T14:40:29.559+0000] {processor.py:925} INFO - DAG(s) 'example_setup_teardown' retrieved from /home/airflow/.local/lib/python3.12/site-packages/airflow/example_dags/example_setup_teardown.py
[2024-11-08T14:40:29.580+0000] {logging_mixin.py:190} INFO - [2024-11-08T14:40:29.579+0000] {dag.py:3239} INFO - Sync 1 DAGs
[2024-11-08T14:40:29.593+0000] {logging_mixin.py:190} INFO - [2024-11-08T14:40:29.593+0000] {dag.py:4180} INFO - Setting next_dagrun for example_setup_teardown to None, run_after=None
[2024-11-08T14:40:29.642+0000] {processor.py:208} INFO - Processing /home/airflow/.local/lib/python3.12/site-packages/airflow/example_dags/example_setup_teardown.py took 0.102 seconds
[2024-11-08T14:41:00.117+0000] {processor.py:186} INFO - Started process (PID=1173) to work on /home/airflow/.local/lib/python3.12/site-packages/airflow/example_dags/example_setup_teardown.py
[2024-11-08T14:41:00.121+0000] {processor.py:914} INFO - Processing file /home/airflow/.local/lib/python3.12/site-packages/airflow/example_dags/example_setup_teardown.py for tasks to queue
[2024-11-08T14:41:00.132+0000] {logging_mixin.py:190} INFO - [2024-11-08T14:41:00.131+0000] {dagbag.py:588} INFO - Filling up the DagBag from /home/airflow/.local/lib/python3.12/site-packages/airflow/example_dags/example_setup_teardown.py
[2024-11-08T14:41:00.142+0000] {processor.py:925} INFO - DAG(s) 'example_setup_teardown' retrieved from /home/airflow/.local/lib/python3.12/site-packages/airflow/example_dags/example_setup_teardown.py
[2024-11-08T14:41:00.169+0000] {logging_mixin.py:190} INFO - [2024-11-08T14:41:00.169+0000] {dag.py:3239} INFO - Sync 1 DAGs
[2024-11-08T14:41:00.190+0000] {logging_mixin.py:190} INFO - [2024-11-08T14:41:00.190+0000] {dag.py:4180} INFO - Setting next_dagrun for example_setup_teardown to None, run_after=None
[2024-11-08T14:41:00.378+0000] {processor.py:208} INFO - Processing /home/airflow/.local/lib/python3.12/site-packages/airflow/example_dags/example_setup_teardown.py took 0.267 seconds
[2024-11-08T14:41:31.468+0000] {processor.py:186} INFO - Started process (PID=1236) to work on /home/airflow/.local/lib/python3.12/site-packages/airflow/example_dags/example_setup_teardown.py
[2024-11-08T14:41:31.469+0000] {processor.py:914} INFO - Processing file /home/airflow/.local/lib/python3.12/site-packages/airflow/example_dags/example_setup_teardown.py for tasks to queue
[2024-11-08T14:41:31.472+0000] {logging_mixin.py:190} INFO - [2024-11-08T14:41:31.472+0000] {dagbag.py:588} INFO - Filling up the DagBag from /home/airflow/.local/lib/python3.12/site-packages/airflow/example_dags/example_setup_teardown.py
[2024-11-08T14:41:31.489+0000] {processor.py:925} INFO - DAG(s) 'example_setup_teardown' retrieved from /home/airflow/.local/lib/python3.12/site-packages/airflow/example_dags/example_setup_teardown.py
[2024-11-08T14:41:31.519+0000] {logging_mixin.py:190} INFO - [2024-11-08T14:41:31.518+0000] {dag.py:3239} INFO - Sync 1 DAGs
[2024-11-08T14:41:31.541+0000] {logging_mixin.py:190} INFO - [2024-11-08T14:41:31.540+0000] {dag.py:4180} INFO - Setting next_dagrun for example_setup_teardown to None, run_after=None
[2024-11-08T14:41:31.730+0000] {processor.py:208} INFO - Processing /home/airflow/.local/lib/python3.12/site-packages/airflow/example_dags/example_setup_teardown.py took 0.271 seconds
[2024-11-08T14:42:01.968+0000] {processor.py:186} INFO - Started process (PID=1298) to work on /home/airflow/.local/lib/python3.12/site-packages/airflow/example_dags/example_setup_teardown.py
[2024-11-08T14:42:01.969+0000] {processor.py:914} INFO - Processing file /home/airflow/.local/lib/python3.12/site-packages/airflow/example_dags/example_setup_teardown.py for tasks to queue
[2024-11-08T14:42:01.971+0000] {logging_mixin.py:190} INFO - [2024-11-08T14:42:01.971+0000] {dagbag.py:588} INFO - Filling up the DagBag from /home/airflow/.local/lib/python3.12/site-packages/airflow/example_dags/example_setup_teardown.py
[2024-11-08T14:42:01.980+0000] {processor.py:925} INFO - DAG(s) 'example_setup_teardown' retrieved from /home/airflow/.local/lib/python3.12/site-packages/airflow/example_dags/example_setup_teardown.py
[2024-11-08T14:42:02.003+0000] {logging_mixin.py:190} INFO - [2024-11-08T14:42:02.003+0000] {dag.py:3239} INFO - Sync 1 DAGs
[2024-11-08T14:42:02.022+0000] {logging_mixin.py:190} INFO - [2024-11-08T14:42:02.021+0000] {dag.py:4180} INFO - Setting next_dagrun for example_setup_teardown to None, run_after=None
[2024-11-08T14:42:02.361+0000] {processor.py:208} INFO - Processing /home/airflow/.local/lib/python3.12/site-packages/airflow/example_dags/example_setup_teardown.py took 0.399 seconds
[2024-11-08T14:42:33.049+0000] {processor.py:186} INFO - Started process (PID=1361) to work on /home/airflow/.local/lib/python3.12/site-packages/airflow/example_dags/example_setup_teardown.py
[2024-11-08T14:42:33.051+0000] {processor.py:914} INFO - Processing file /home/airflow/.local/lib/python3.12/site-packages/airflow/example_dags/example_setup_teardown.py for tasks to queue
[2024-11-08T14:42:33.053+0000] {logging_mixin.py:190} INFO - [2024-11-08T14:42:33.053+0000] {dagbag.py:588} INFO - Filling up the DagBag from /home/airflow/.local/lib/python3.12/site-packages/airflow/example_dags/example_setup_teardown.py
[2024-11-08T14:42:33.062+0000] {processor.py:925} INFO - DAG(s) 'example_setup_teardown' retrieved from /home/airflow/.local/lib/python3.12/site-packages/airflow/example_dags/example_setup_teardown.py
[2024-11-08T14:42:33.082+0000] {logging_mixin.py:190} INFO - [2024-11-08T14:42:33.082+0000] {dag.py:3239} INFO - Sync 1 DAGs
[2024-11-08T14:42:33.097+0000] {logging_mixin.py:190} INFO - [2024-11-08T14:42:33.097+0000] {dag.py:4180} INFO - Setting next_dagrun for example_setup_teardown to None, run_after=None
[2024-11-08T14:42:33.123+0000] {processor.py:208} INFO - Processing /home/airflow/.local/lib/python3.12/site-packages/airflow/example_dags/example_setup_teardown.py took 0.081 seconds
[2024-11-08T14:43:03.345+0000] {processor.py:186} INFO - Started process (PID=1423) to work on /home/airflow/.local/lib/python3.12/site-packages/airflow/example_dags/example_setup_teardown.py
[2024-11-08T14:43:03.348+0000] {processor.py:914} INFO - Processing file /home/airflow/.local/lib/python3.12/site-packages/airflow/example_dags/example_setup_teardown.py for tasks to queue
[2024-11-08T14:43:03.354+0000] {logging_mixin.py:190} INFO - [2024-11-08T14:43:03.354+0000] {dagbag.py:588} INFO - Filling up the DagBag from /home/airflow/.local/lib/python3.12/site-packages/airflow/example_dags/example_setup_teardown.py
[2024-11-08T14:43:03.372+0000] {processor.py:925} INFO - DAG(s) 'example_setup_teardown' retrieved from /home/airflow/.local/lib/python3.12/site-packages/airflow/example_dags/example_setup_teardown.py
[2024-11-08T14:43:03.397+0000] {logging_mixin.py:190} INFO - [2024-11-08T14:43:03.397+0000] {dag.py:3239} INFO - Sync 1 DAGs
[2024-11-08T14:43:03.411+0000] {logging_mixin.py:190} INFO - [2024-11-08T14:43:03.411+0000] {dag.py:4180} INFO - Setting next_dagrun for example_setup_teardown to None, run_after=None
[2024-11-08T14:43:03.470+0000] {processor.py:208} INFO - Processing /home/airflow/.local/lib/python3.12/site-packages/airflow/example_dags/example_setup_teardown.py took 0.144 seconds
[2024-11-08T14:43:34.076+0000] {processor.py:186} INFO - Started process (PID=1486) to work on /home/airflow/.local/lib/python3.12/site-packages/airflow/example_dags/example_setup_teardown.py
[2024-11-08T14:43:34.077+0000] {processor.py:914} INFO - Processing file /home/airflow/.local/lib/python3.12/site-packages/airflow/example_dags/example_setup_teardown.py for tasks to queue
[2024-11-08T14:43:34.080+0000] {logging_mixin.py:190} INFO - [2024-11-08T14:43:34.079+0000] {dagbag.py:588} INFO - Filling up the DagBag from /home/airflow/.local/lib/python3.12/site-packages/airflow/example_dags/example_setup_teardown.py
[2024-11-08T14:43:34.088+0000] {processor.py:925} INFO - DAG(s) 'example_setup_teardown' retrieved from /home/airflow/.local/lib/python3.12/site-packages/airflow/example_dags/example_setup_teardown.py
[2024-11-08T14:43:34.110+0000] {logging_mixin.py:190} INFO - [2024-11-08T14:43:34.109+0000] {dag.py:3239} INFO - Sync 1 DAGs
[2024-11-08T14:43:34.124+0000] {logging_mixin.py:190} INFO - [2024-11-08T14:43:34.124+0000] {dag.py:4180} INFO - Setting next_dagrun for example_setup_teardown to None, run_after=None
[2024-11-08T14:43:34.152+0000] {processor.py:208} INFO - Processing /home/airflow/.local/lib/python3.12/site-packages/airflow/example_dags/example_setup_teardown.py took 0.081 seconds
[2024-11-08T14:44:04.749+0000] {processor.py:186} INFO - Started process (PID=1549) to work on /home/airflow/.local/lib/python3.12/site-packages/airflow/example_dags/example_setup_teardown.py
[2024-11-08T14:44:04.750+0000] {processor.py:914} INFO - Processing file /home/airflow/.local/lib/python3.12/site-packages/airflow/example_dags/example_setup_teardown.py for tasks to queue
[2024-11-08T14:44:04.753+0000] {logging_mixin.py:190} INFO - [2024-11-08T14:44:04.752+0000] {dagbag.py:588} INFO - Filling up the DagBag from /home/airflow/.local/lib/python3.12/site-packages/airflow/example_dags/example_setup_teardown.py
[2024-11-08T14:44:04.761+0000] {processor.py:925} INFO - DAG(s) 'example_setup_teardown' retrieved from /home/airflow/.local/lib/python3.12/site-packages/airflow/example_dags/example_setup_teardown.py
[2024-11-08T14:44:04.781+0000] {logging_mixin.py:190} INFO - [2024-11-08T14:44:04.780+0000] {dag.py:3239} INFO - Sync 1 DAGs
[2024-11-08T14:44:04.794+0000] {logging_mixin.py:190} INFO - [2024-11-08T14:44:04.794+0000] {dag.py:4180} INFO - Setting next_dagrun for example_setup_teardown to None, run_after=None
[2024-11-08T14:44:04.902+0000] {processor.py:208} INFO - Processing /home/airflow/.local/lib/python3.12/site-packages/airflow/example_dags/example_setup_teardown.py took 0.160 seconds
[2024-11-08T14:44:35.283+0000] {processor.py:186} INFO - Started process (PID=1612) to work on /home/airflow/.local/lib/python3.12/site-packages/airflow/example_dags/example_setup_teardown.py
[2024-11-08T14:44:35.285+0000] {processor.py:914} INFO - Processing file /home/airflow/.local/lib/python3.12/site-packages/airflow/example_dags/example_setup_teardown.py for tasks to queue
[2024-11-08T14:44:35.287+0000] {logging_mixin.py:190} INFO - [2024-11-08T14:44:35.287+0000] {dagbag.py:588} INFO - Filling up the DagBag from /home/airflow/.local/lib/python3.12/site-packages/airflow/example_dags/example_setup_teardown.py
[2024-11-08T14:44:35.295+0000] {processor.py:925} INFO - DAG(s) 'example_setup_teardown' retrieved from /home/airflow/.local/lib/python3.12/site-packages/airflow/example_dags/example_setup_teardown.py
[2024-11-08T14:44:35.315+0000] {logging_mixin.py:190} INFO - [2024-11-08T14:44:35.315+0000] {dag.py:3239} INFO - Sync 1 DAGs
[2024-11-08T14:44:35.329+0000] {logging_mixin.py:190} INFO - [2024-11-08T14:44:35.329+0000] {dag.py:4180} INFO - Setting next_dagrun for example_setup_teardown to None, run_after=None
[2024-11-08T14:44:35.388+0000] {processor.py:208} INFO - Processing /home/airflow/.local/lib/python3.12/site-packages/airflow/example_dags/example_setup_teardown.py took 0.113 seconds
[2024-11-08T14:45:05.611+0000] {processor.py:186} INFO - Started process (PID=1675) to work on /home/airflow/.local/lib/python3.12/site-packages/airflow/example_dags/example_setup_teardown.py
[2024-11-08T14:45:05.613+0000] {processor.py:914} INFO - Processing file /home/airflow/.local/lib/python3.12/site-packages/airflow/example_dags/example_setup_teardown.py for tasks to queue
[2024-11-08T14:45:05.616+0000] {logging_mixin.py:190} INFO - [2024-11-08T14:45:05.616+0000] {dagbag.py:588} INFO - Filling up the DagBag from /home/airflow/.local/lib/python3.12/site-packages/airflow/example_dags/example_setup_teardown.py
[2024-11-08T14:45:05.627+0000] {processor.py:925} INFO - DAG(s) 'example_setup_teardown' retrieved from /home/airflow/.local/lib/python3.12/site-packages/airflow/example_dags/example_setup_teardown.py
[2024-11-08T14:45:05.653+0000] {logging_mixin.py:190} INFO - [2024-11-08T14:45:05.652+0000] {dag.py:3239} INFO - Sync 1 DAGs
[2024-11-08T14:45:05.675+0000] {logging_mixin.py:190} INFO - [2024-11-08T14:45:05.672+0000] {dag.py:4180} INFO - Setting next_dagrun for example_setup_teardown to None, run_after=None
[2024-11-08T14:45:05.778+0000] {processor.py:208} INFO - Processing /home/airflow/.local/lib/python3.12/site-packages/airflow/example_dags/example_setup_teardown.py took 0.175 seconds
[2024-11-08T14:45:36.358+0000] {processor.py:186} INFO - Started process (PID=1738) to work on /home/airflow/.local/lib/python3.12/site-packages/airflow/example_dags/example_setup_teardown.py
[2024-11-08T14:45:36.360+0000] {processor.py:914} INFO - Processing file /home/airflow/.local/lib/python3.12/site-packages/airflow/example_dags/example_setup_teardown.py for tasks to queue
[2024-11-08T14:45:36.364+0000] {logging_mixin.py:190} INFO - [2024-11-08T14:45:36.363+0000] {dagbag.py:588} INFO - Filling up the DagBag from /home/airflow/.local/lib/python3.12/site-packages/airflow/example_dags/example_setup_teardown.py
[2024-11-08T14:45:36.373+0000] {processor.py:925} INFO - DAG(s) 'example_setup_teardown' retrieved from /home/airflow/.local/lib/python3.12/site-packages/airflow/example_dags/example_setup_teardown.py
[2024-11-08T14:45:36.396+0000] {logging_mixin.py:190} INFO - [2024-11-08T14:45:36.395+0000] {dag.py:3239} INFO - Sync 1 DAGs
[2024-11-08T14:45:36.410+0000] {logging_mixin.py:190} INFO - [2024-11-08T14:45:36.410+0000] {dag.py:4180} INFO - Setting next_dagrun for example_setup_teardown to None, run_after=None
[2024-11-08T14:45:36.433+0000] {processor.py:208} INFO - Processing /home/airflow/.local/lib/python3.12/site-packages/airflow/example_dags/example_setup_teardown.py took 0.087 seconds
[2024-11-08T14:46:06.891+0000] {processor.py:186} INFO - Started process (PID=1801) to work on /home/airflow/.local/lib/python3.12/site-packages/airflow/example_dags/example_setup_teardown.py
[2024-11-08T14:46:06.892+0000] {processor.py:914} INFO - Processing file /home/airflow/.local/lib/python3.12/site-packages/airflow/example_dags/example_setup_teardown.py for tasks to queue
[2024-11-08T14:46:06.895+0000] {logging_mixin.py:190} INFO - [2024-11-08T14:46:06.895+0000] {dagbag.py:588} INFO - Filling up the DagBag from /home/airflow/.local/lib/python3.12/site-packages/airflow/example_dags/example_setup_teardown.py
[2024-11-08T14:46:06.903+0000] {processor.py:925} INFO - DAG(s) 'example_setup_teardown' retrieved from /home/airflow/.local/lib/python3.12/site-packages/airflow/example_dags/example_setup_teardown.py
[2024-11-08T14:46:06.923+0000] {logging_mixin.py:190} INFO - [2024-11-08T14:46:06.923+0000] {dag.py:3239} INFO - Sync 1 DAGs
[2024-11-08T14:46:06.937+0000] {logging_mixin.py:190} INFO - [2024-11-08T14:46:06.937+0000] {dag.py:4180} INFO - Setting next_dagrun for example_setup_teardown to None, run_after=None
[2024-11-08T14:46:06.973+0000] {processor.py:208} INFO - Processing /home/airflow/.local/lib/python3.12/site-packages/airflow/example_dags/example_setup_teardown.py took 0.088 seconds
[2024-11-08T14:46:37.459+0000] {processor.py:186} INFO - Started process (PID=1865) to work on /home/airflow/.local/lib/python3.12/site-packages/airflow/example_dags/example_setup_teardown.py
[2024-11-08T14:46:37.460+0000] {processor.py:914} INFO - Processing file /home/airflow/.local/lib/python3.12/site-packages/airflow/example_dags/example_setup_teardown.py for tasks to queue
[2024-11-08T14:46:37.463+0000] {logging_mixin.py:190} INFO - [2024-11-08T14:46:37.463+0000] {dagbag.py:588} INFO - Filling up the DagBag from /home/airflow/.local/lib/python3.12/site-packages/airflow/example_dags/example_setup_teardown.py
[2024-11-08T14:46:37.471+0000] {processor.py:925} INFO - DAG(s) 'example_setup_teardown' retrieved from /home/airflow/.local/lib/python3.12/site-packages/airflow/example_dags/example_setup_teardown.py
[2024-11-08T14:46:37.492+0000] {logging_mixin.py:190} INFO - [2024-11-08T14:46:37.490+0000] {dag.py:3239} INFO - Sync 1 DAGs
[2024-11-08T14:46:37.507+0000] {logging_mixin.py:190} INFO - [2024-11-08T14:46:37.506+0000] {dag.py:4180} INFO - Setting next_dagrun for example_setup_teardown to None, run_after=None
[2024-11-08T14:46:37.537+0000] {processor.py:208} INFO - Processing /home/airflow/.local/lib/python3.12/site-packages/airflow/example_dags/example_setup_teardown.py took 0.087 seconds
[2024-11-08T14:47:07.758+0000] {processor.py:186} INFO - Started process (PID=1928) to work on /home/airflow/.local/lib/python3.12/site-packages/airflow/example_dags/example_setup_teardown.py
[2024-11-08T14:47:07.759+0000] {processor.py:914} INFO - Processing file /home/airflow/.local/lib/python3.12/site-packages/airflow/example_dags/example_setup_teardown.py for tasks to queue
[2024-11-08T14:47:07.762+0000] {logging_mixin.py:190} INFO - [2024-11-08T14:47:07.761+0000] {dagbag.py:588} INFO - Filling up the DagBag from /home/airflow/.local/lib/python3.12/site-packages/airflow/example_dags/example_setup_teardown.py
[2024-11-08T14:47:07.770+0000] {processor.py:925} INFO - DAG(s) 'example_setup_teardown' retrieved from /home/airflow/.local/lib/python3.12/site-packages/airflow/example_dags/example_setup_teardown.py
[2024-11-08T14:47:07.791+0000] {logging_mixin.py:190} INFO - [2024-11-08T14:47:07.791+0000] {dag.py:3239} INFO - Sync 1 DAGs
[2024-11-08T14:47:07.805+0000] {logging_mixin.py:190} INFO - [2024-11-08T14:47:07.805+0000] {dag.py:4180} INFO - Setting next_dagrun for example_setup_teardown to None, run_after=None
[2024-11-08T14:47:07.849+0000] {processor.py:208} INFO - Processing /home/airflow/.local/lib/python3.12/site-packages/airflow/example_dags/example_setup_teardown.py took 0.096 seconds
[2024-11-08T14:47:38.546+0000] {processor.py:186} INFO - Started process (PID=1991) to work on /home/airflow/.local/lib/python3.12/site-packages/airflow/example_dags/example_setup_teardown.py
[2024-11-08T14:47:38.547+0000] {processor.py:914} INFO - Processing file /home/airflow/.local/lib/python3.12/site-packages/airflow/example_dags/example_setup_teardown.py for tasks to queue
[2024-11-08T14:47:38.549+0000] {logging_mixin.py:190} INFO - [2024-11-08T14:47:38.549+0000] {dagbag.py:588} INFO - Filling up the DagBag from /home/airflow/.local/lib/python3.12/site-packages/airflow/example_dags/example_setup_teardown.py
[2024-11-08T14:47:38.557+0000] {processor.py:925} INFO - DAG(s) 'example_setup_teardown' retrieved from /home/airflow/.local/lib/python3.12/site-packages/airflow/example_dags/example_setup_teardown.py
[2024-11-08T14:47:38.577+0000] {logging_mixin.py:190} INFO - [2024-11-08T14:47:38.577+0000] {dag.py:3239} INFO - Sync 1 DAGs
[2024-11-08T14:47:38.591+0000] {logging_mixin.py:190} INFO - [2024-11-08T14:47:38.591+0000] {dag.py:4180} INFO - Setting next_dagrun for example_setup_teardown to None, run_after=None
[2024-11-08T14:47:38.869+0000] {processor.py:208} INFO - Processing /home/airflow/.local/lib/python3.12/site-packages/airflow/example_dags/example_setup_teardown.py took 0.330 seconds
[2024-11-08T14:48:09.197+0000] {processor.py:186} INFO - Started process (PID=2054) to work on /home/airflow/.local/lib/python3.12/site-packages/airflow/example_dags/example_setup_teardown.py
[2024-11-08T14:48:09.199+0000] {processor.py:914} INFO - Processing file /home/airflow/.local/lib/python3.12/site-packages/airflow/example_dags/example_setup_teardown.py for tasks to queue
[2024-11-08T14:48:09.201+0000] {logging_mixin.py:190} INFO - [2024-11-08T14:48:09.201+0000] {dagbag.py:588} INFO - Filling up the DagBag from /home/airflow/.local/lib/python3.12/site-packages/airflow/example_dags/example_setup_teardown.py
[2024-11-08T14:48:09.209+0000] {processor.py:925} INFO - DAG(s) 'example_setup_teardown' retrieved from /home/airflow/.local/lib/python3.12/site-packages/airflow/example_dags/example_setup_teardown.py
[2024-11-08T14:48:09.232+0000] {logging_mixin.py:190} INFO - [2024-11-08T14:48:09.232+0000] {dag.py:3239} INFO - Sync 1 DAGs
[2024-11-08T14:48:09.246+0000] {logging_mixin.py:190} INFO - [2024-11-08T14:48:09.245+0000] {dag.py:4180} INFO - Setting next_dagrun for example_setup_teardown to None, run_after=None
[2024-11-08T14:48:09.268+0000] {processor.py:208} INFO - Processing /home/airflow/.local/lib/python3.12/site-packages/airflow/example_dags/example_setup_teardown.py took 0.077 seconds
[2024-11-08T14:48:39.999+0000] {processor.py:186} INFO - Started process (PID=2117) to work on /home/airflow/.local/lib/python3.12/site-packages/airflow/example_dags/example_setup_teardown.py
[2024-11-08T14:48:40.013+0000] {processor.py:914} INFO - Processing file /home/airflow/.local/lib/python3.12/site-packages/airflow/example_dags/example_setup_teardown.py for tasks to queue
[2024-11-08T14:48:40.016+0000] {logging_mixin.py:190} INFO - [2024-11-08T14:48:40.015+0000] {dagbag.py:588} INFO - Filling up the DagBag from /home/airflow/.local/lib/python3.12/site-packages/airflow/example_dags/example_setup_teardown.py
[2024-11-08T14:48:40.024+0000] {processor.py:925} INFO - DAG(s) 'example_setup_teardown' retrieved from /home/airflow/.local/lib/python3.12/site-packages/airflow/example_dags/example_setup_teardown.py
[2024-11-08T14:48:40.044+0000] {logging_mixin.py:190} INFO - [2024-11-08T14:48:40.043+0000] {dag.py:3239} INFO - Sync 1 DAGs
[2024-11-08T14:48:40.058+0000] {logging_mixin.py:190} INFO - [2024-11-08T14:48:40.058+0000] {dag.py:4180} INFO - Setting next_dagrun for example_setup_teardown to None, run_after=None
[2024-11-08T14:48:40.123+0000] {processor.py:208} INFO - Processing /home/airflow/.local/lib/python3.12/site-packages/airflow/example_dags/example_setup_teardown.py took 0.129 seconds
[2024-11-08T14:49:10.635+0000] {processor.py:186} INFO - Started process (PID=2180) to work on /home/airflow/.local/lib/python3.12/site-packages/airflow/example_dags/example_setup_teardown.py
[2024-11-08T14:49:10.636+0000] {processor.py:914} INFO - Processing file /home/airflow/.local/lib/python3.12/site-packages/airflow/example_dags/example_setup_teardown.py for tasks to queue
[2024-11-08T14:49:10.639+0000] {logging_mixin.py:190} INFO - [2024-11-08T14:49:10.639+0000] {dagbag.py:588} INFO - Filling up the DagBag from /home/airflow/.local/lib/python3.12/site-packages/airflow/example_dags/example_setup_teardown.py
[2024-11-08T14:49:10.649+0000] {processor.py:925} INFO - DAG(s) 'example_setup_teardown' retrieved from /home/airflow/.local/lib/python3.12/site-packages/airflow/example_dags/example_setup_teardown.py
[2024-11-08T14:49:10.672+0000] {logging_mixin.py:190} INFO - [2024-11-08T14:49:10.672+0000] {dag.py:3239} INFO - Sync 1 DAGs
[2024-11-08T14:49:10.692+0000] {logging_mixin.py:190} INFO - [2024-11-08T14:49:10.692+0000] {dag.py:4180} INFO - Setting next_dagrun for example_setup_teardown to None, run_after=None
[2024-11-08T14:49:10.901+0000] {processor.py:208} INFO - Processing /home/airflow/.local/lib/python3.12/site-packages/airflow/example_dags/example_setup_teardown.py took 0.273 seconds
[2024-11-08T14:49:41.134+0000] {processor.py:186} INFO - Started process (PID=2243) to work on /home/airflow/.local/lib/python3.12/site-packages/airflow/example_dags/example_setup_teardown.py
[2024-11-08T14:49:41.135+0000] {processor.py:914} INFO - Processing file /home/airflow/.local/lib/python3.12/site-packages/airflow/example_dags/example_setup_teardown.py for tasks to queue
[2024-11-08T14:49:41.137+0000] {logging_mixin.py:190} INFO - [2024-11-08T14:49:41.137+0000] {dagbag.py:588} INFO - Filling up the DagBag from /home/airflow/.local/lib/python3.12/site-packages/airflow/example_dags/example_setup_teardown.py
[2024-11-08T14:49:41.145+0000] {processor.py:925} INFO - DAG(s) 'example_setup_teardown' retrieved from /home/airflow/.local/lib/python3.12/site-packages/airflow/example_dags/example_setup_teardown.py
[2024-11-08T14:49:41.165+0000] {logging_mixin.py:190} INFO - [2024-11-08T14:49:41.165+0000] {dag.py:3239} INFO - Sync 1 DAGs
[2024-11-08T14:49:41.180+0000] {logging_mixin.py:190} INFO - [2024-11-08T14:49:41.179+0000] {dag.py:4180} INFO - Setting next_dagrun for example_setup_teardown to None, run_after=None
[2024-11-08T14:49:41.217+0000] {processor.py:208} INFO - Processing /home/airflow/.local/lib/python3.12/site-packages/airflow/example_dags/example_setup_teardown.py took 0.088 seconds
[2024-11-08T14:50:11.926+0000] {processor.py:186} INFO - Started process (PID=2306) to work on /home/airflow/.local/lib/python3.12/site-packages/airflow/example_dags/example_setup_teardown.py
[2024-11-08T14:50:11.928+0000] {processor.py:914} INFO - Processing file /home/airflow/.local/lib/python3.12/site-packages/airflow/example_dags/example_setup_teardown.py for tasks to queue
[2024-11-08T14:50:11.930+0000] {logging_mixin.py:190} INFO - [2024-11-08T14:50:11.930+0000] {dagbag.py:588} INFO - Filling up the DagBag from /home/airflow/.local/lib/python3.12/site-packages/airflow/example_dags/example_setup_teardown.py
[2024-11-08T14:50:11.937+0000] {processor.py:925} INFO - DAG(s) 'example_setup_teardown' retrieved from /home/airflow/.local/lib/python3.12/site-packages/airflow/example_dags/example_setup_teardown.py
[2024-11-08T14:50:11.957+0000] {logging_mixin.py:190} INFO - [2024-11-08T14:50:11.957+0000] {dag.py:3239} INFO - Sync 1 DAGs
[2024-11-08T14:50:11.973+0000] {logging_mixin.py:190} INFO - [2024-11-08T14:50:11.973+0000] {dag.py:4180} INFO - Setting next_dagrun for example_setup_teardown to None, run_after=None
[2024-11-08T14:50:12.251+0000] {processor.py:208} INFO - Processing /home/airflow/.local/lib/python3.12/site-packages/airflow/example_dags/example_setup_teardown.py took 0.330 seconds
[2024-11-08T14:50:42.353+0000] {processor.py:186} INFO - Started process (PID=2369) to work on /home/airflow/.local/lib/python3.12/site-packages/airflow/example_dags/example_setup_teardown.py
[2024-11-08T14:50:42.354+0000] {processor.py:914} INFO - Processing file /home/airflow/.local/lib/python3.12/site-packages/airflow/example_dags/example_setup_teardown.py for tasks to queue
[2024-11-08T14:50:42.361+0000] {logging_mixin.py:190} INFO - [2024-11-08T14:50:42.360+0000] {dagbag.py:588} INFO - Filling up the DagBag from /home/airflow/.local/lib/python3.12/site-packages/airflow/example_dags/example_setup_teardown.py
[2024-11-08T14:50:42.371+0000] {processor.py:925} INFO - DAG(s) 'example_setup_teardown' retrieved from /home/airflow/.local/lib/python3.12/site-packages/airflow/example_dags/example_setup_teardown.py
[2024-11-08T14:50:42.401+0000] {logging_mixin.py:190} INFO - [2024-11-08T14:50:42.400+0000] {dag.py:3239} INFO - Sync 1 DAGs
[2024-11-08T14:50:42.420+0000] {logging_mixin.py:190} INFO - [2024-11-08T14:50:42.420+0000] {dag.py:4180} INFO - Setting next_dagrun for example_setup_teardown to None, run_after=None
[2024-11-08T14:50:42.455+0000] {processor.py:208} INFO - Processing /home/airflow/.local/lib/python3.12/site-packages/airflow/example_dags/example_setup_teardown.py took 0.109 seconds
[2024-11-08T14:51:12.932+0000] {processor.py:186} INFO - Started process (PID=2432) to work on /home/airflow/.local/lib/python3.12/site-packages/airflow/example_dags/example_setup_teardown.py
[2024-11-08T14:51:12.933+0000] {processor.py:914} INFO - Processing file /home/airflow/.local/lib/python3.12/site-packages/airflow/example_dags/example_setup_teardown.py for tasks to queue
[2024-11-08T14:51:12.935+0000] {logging_mixin.py:190} INFO - [2024-11-08T14:51:12.935+0000] {dagbag.py:588} INFO - Filling up the DagBag from /home/airflow/.local/lib/python3.12/site-packages/airflow/example_dags/example_setup_teardown.py
[2024-11-08T14:51:12.947+0000] {processor.py:925} INFO - DAG(s) 'example_setup_teardown' retrieved from /home/airflow/.local/lib/python3.12/site-packages/airflow/example_dags/example_setup_teardown.py
[2024-11-08T14:51:12.970+0000] {logging_mixin.py:190} INFO - [2024-11-08T14:51:12.970+0000] {dag.py:3239} INFO - Sync 1 DAGs
[2024-11-08T14:51:12.987+0000] {logging_mixin.py:190} INFO - [2024-11-08T14:51:12.987+0000] {dag.py:4180} INFO - Setting next_dagrun for example_setup_teardown to None, run_after=None
[2024-11-08T14:51:13.225+0000] {processor.py:208} INFO - Processing /home/airflow/.local/lib/python3.12/site-packages/airflow/example_dags/example_setup_teardown.py took 0.299 seconds
[2024-11-08T14:51:44.464+0000] {processor.py:186} INFO - Started process (PID=2495) to work on /home/airflow/.local/lib/python3.12/site-packages/airflow/example_dags/example_setup_teardown.py
[2024-11-08T14:51:44.466+0000] {processor.py:914} INFO - Processing file /home/airflow/.local/lib/python3.12/site-packages/airflow/example_dags/example_setup_teardown.py for tasks to queue
[2024-11-08T14:51:44.469+0000] {logging_mixin.py:190} INFO - [2024-11-08T14:51:44.469+0000] {dagbag.py:588} INFO - Filling up the DagBag from /home/airflow/.local/lib/python3.12/site-packages/airflow/example_dags/example_setup_teardown.py
[2024-11-08T14:51:44.481+0000] {processor.py:925} INFO - DAG(s) 'example_setup_teardown' retrieved from /home/airflow/.local/lib/python3.12/site-packages/airflow/example_dags/example_setup_teardown.py
[2024-11-08T14:51:44.512+0000] {logging_mixin.py:190} INFO - [2024-11-08T14:51:44.512+0000] {dag.py:3239} INFO - Sync 1 DAGs
[2024-11-08T14:51:44.538+0000] {logging_mixin.py:190} INFO - [2024-11-08T14:51:44.537+0000] {dag.py:4180} INFO - Setting next_dagrun for example_setup_teardown to None, run_after=None
[2024-11-08T14:51:44.617+0000] {processor.py:208} INFO - Processing /home/airflow/.local/lib/python3.12/site-packages/airflow/example_dags/example_setup_teardown.py took 0.163 seconds
[2024-11-08T14:52:15.285+0000] {processor.py:186} INFO - Started process (PID=2558) to work on /home/airflow/.local/lib/python3.12/site-packages/airflow/example_dags/example_setup_teardown.py
[2024-11-08T14:52:15.291+0000] {processor.py:914} INFO - Processing file /home/airflow/.local/lib/python3.12/site-packages/airflow/example_dags/example_setup_teardown.py for tasks to queue
[2024-11-08T14:52:15.294+0000] {logging_mixin.py:190} INFO - [2024-11-08T14:52:15.294+0000] {dagbag.py:588} INFO - Filling up the DagBag from /home/airflow/.local/lib/python3.12/site-packages/airflow/example_dags/example_setup_teardown.py
[2024-11-08T14:52:15.312+0000] {processor.py:925} INFO - DAG(s) 'example_setup_teardown' retrieved from /home/airflow/.local/lib/python3.12/site-packages/airflow/example_dags/example_setup_teardown.py
[2024-11-08T14:52:15.348+0000] {logging_mixin.py:190} INFO - [2024-11-08T14:52:15.348+0000] {dag.py:3239} INFO - Sync 1 DAGs
[2024-11-08T14:52:15.391+0000] {logging_mixin.py:190} INFO - [2024-11-08T14:52:15.391+0000] {dag.py:4180} INFO - Setting next_dagrun for example_setup_teardown to None, run_after=None
[2024-11-08T14:52:15.458+0000] {processor.py:208} INFO - Processing /home/airflow/.local/lib/python3.12/site-packages/airflow/example_dags/example_setup_teardown.py took 0.180 seconds
[2024-11-08T14:52:46.198+0000] {processor.py:186} INFO - Started process (PID=2622) to work on /home/airflow/.local/lib/python3.12/site-packages/airflow/example_dags/example_setup_teardown.py
[2024-11-08T14:52:46.200+0000] {processor.py:914} INFO - Processing file /home/airflow/.local/lib/python3.12/site-packages/airflow/example_dags/example_setup_teardown.py for tasks to queue
[2024-11-08T14:52:46.202+0000] {logging_mixin.py:190} INFO - [2024-11-08T14:52:46.202+0000] {dagbag.py:588} INFO - Filling up the DagBag from /home/airflow/.local/lib/python3.12/site-packages/airflow/example_dags/example_setup_teardown.py
[2024-11-08T14:52:46.212+0000] {processor.py:925} INFO - DAG(s) 'example_setup_teardown' retrieved from /home/airflow/.local/lib/python3.12/site-packages/airflow/example_dags/example_setup_teardown.py
[2024-11-08T14:52:46.236+0000] {logging_mixin.py:190} INFO - [2024-11-08T14:52:46.236+0000] {dag.py:3239} INFO - Sync 1 DAGs
[2024-11-08T14:52:46.255+0000] {logging_mixin.py:190} INFO - [2024-11-08T14:52:46.255+0000] {dag.py:4180} INFO - Setting next_dagrun for example_setup_teardown to None, run_after=None
[2024-11-08T14:52:46.394+0000] {processor.py:208} INFO - Processing /home/airflow/.local/lib/python3.12/site-packages/airflow/example_dags/example_setup_teardown.py took 0.203 seconds
[2024-11-08T14:53:16.685+0000] {processor.py:186} INFO - Started process (PID=2685) to work on /home/airflow/.local/lib/python3.12/site-packages/airflow/example_dags/example_setup_teardown.py
[2024-11-08T14:53:16.690+0000] {processor.py:914} INFO - Processing file /home/airflow/.local/lib/python3.12/site-packages/airflow/example_dags/example_setup_teardown.py for tasks to queue
[2024-11-08T14:53:16.706+0000] {logging_mixin.py:190} INFO - [2024-11-08T14:53:16.705+0000] {dagbag.py:588} INFO - Filling up the DagBag from /home/airflow/.local/lib/python3.12/site-packages/airflow/example_dags/example_setup_teardown.py
[2024-11-08T14:53:16.717+0000] {processor.py:925} INFO - DAG(s) 'example_setup_teardown' retrieved from /home/airflow/.local/lib/python3.12/site-packages/airflow/example_dags/example_setup_teardown.py
[2024-11-08T14:53:16.737+0000] {logging_mixin.py:190} INFO - [2024-11-08T14:53:16.737+0000] {dag.py:3239} INFO - Sync 1 DAGs
[2024-11-08T14:53:16.752+0000] {logging_mixin.py:190} INFO - [2024-11-08T14:53:16.752+0000] {dag.py:4180} INFO - Setting next_dagrun for example_setup_teardown to None, run_after=None
[2024-11-08T14:53:16.887+0000] {processor.py:208} INFO - Processing /home/airflow/.local/lib/python3.12/site-packages/airflow/example_dags/example_setup_teardown.py took 0.210 seconds
[2024-11-08T14:53:48.177+0000] {processor.py:186} INFO - Started process (PID=2748) to work on /home/airflow/.local/lib/python3.12/site-packages/airflow/example_dags/example_setup_teardown.py
[2024-11-08T14:53:48.178+0000] {processor.py:914} INFO - Processing file /home/airflow/.local/lib/python3.12/site-packages/airflow/example_dags/example_setup_teardown.py for tasks to queue
[2024-11-08T14:53:48.181+0000] {logging_mixin.py:190} INFO - [2024-11-08T14:53:48.181+0000] {dagbag.py:588} INFO - Filling up the DagBag from /home/airflow/.local/lib/python3.12/site-packages/airflow/example_dags/example_setup_teardown.py
[2024-11-08T14:53:48.191+0000] {processor.py:925} INFO - DAG(s) 'example_setup_teardown' retrieved from /home/airflow/.local/lib/python3.12/site-packages/airflow/example_dags/example_setup_teardown.py
[2024-11-08T14:53:48.213+0000] {logging_mixin.py:190} INFO - [2024-11-08T14:53:48.213+0000] {dag.py:3239} INFO - Sync 1 DAGs
[2024-11-08T14:53:48.228+0000] {logging_mixin.py:190} INFO - [2024-11-08T14:53:48.228+0000] {dag.py:4180} INFO - Setting next_dagrun for example_setup_teardown to None, run_after=None
[2024-11-08T14:53:48.312+0000] {processor.py:208} INFO - Processing /home/airflow/.local/lib/python3.12/site-packages/airflow/example_dags/example_setup_teardown.py took 0.142 seconds
[2024-11-08T14:54:19.540+0000] {processor.py:186} INFO - Started process (PID=2811) to work on /home/airflow/.local/lib/python3.12/site-packages/airflow/example_dags/example_setup_teardown.py
[2024-11-08T14:54:19.541+0000] {processor.py:914} INFO - Processing file /home/airflow/.local/lib/python3.12/site-packages/airflow/example_dags/example_setup_teardown.py for tasks to queue
[2024-11-08T14:54:19.543+0000] {logging_mixin.py:190} INFO - [2024-11-08T14:54:19.543+0000] {dagbag.py:588} INFO - Filling up the DagBag from /home/airflow/.local/lib/python3.12/site-packages/airflow/example_dags/example_setup_teardown.py
[2024-11-08T14:54:19.552+0000] {processor.py:925} INFO - DAG(s) 'example_setup_teardown' retrieved from /home/airflow/.local/lib/python3.12/site-packages/airflow/example_dags/example_setup_teardown.py
[2024-11-08T14:54:19.574+0000] {logging_mixin.py:190} INFO - [2024-11-08T14:54:19.573+0000] {dag.py:3239} INFO - Sync 1 DAGs
[2024-11-08T14:54:19.588+0000] {logging_mixin.py:190} INFO - [2024-11-08T14:54:19.588+0000] {dag.py:4180} INFO - Setting next_dagrun for example_setup_teardown to None, run_after=None
[2024-11-08T14:54:19.620+0000] {processor.py:208} INFO - Processing /home/airflow/.local/lib/python3.12/site-packages/airflow/example_dags/example_setup_teardown.py took 0.087 seconds
[2024-11-08T14:54:50.195+0000] {processor.py:186} INFO - Started process (PID=2874) to work on /home/airflow/.local/lib/python3.12/site-packages/airflow/example_dags/example_setup_teardown.py
[2024-11-08T14:54:50.196+0000] {processor.py:914} INFO - Processing file /home/airflow/.local/lib/python3.12/site-packages/airflow/example_dags/example_setup_teardown.py for tasks to queue
[2024-11-08T14:54:50.199+0000] {logging_mixin.py:190} INFO - [2024-11-08T14:54:50.199+0000] {dagbag.py:588} INFO - Filling up the DagBag from /home/airflow/.local/lib/python3.12/site-packages/airflow/example_dags/example_setup_teardown.py
[2024-11-08T14:54:50.208+0000] {processor.py:925} INFO - DAG(s) 'example_setup_teardown' retrieved from /home/airflow/.local/lib/python3.12/site-packages/airflow/example_dags/example_setup_teardown.py
[2024-11-08T14:54:50.232+0000] {logging_mixin.py:190} INFO - [2024-11-08T14:54:50.231+0000] {dag.py:3239} INFO - Sync 1 DAGs
[2024-11-08T14:54:50.249+0000] {logging_mixin.py:190} INFO - [2024-11-08T14:54:50.249+0000] {dag.py:4180} INFO - Setting next_dagrun for example_setup_teardown to None, run_after=None
[2024-11-08T14:54:50.283+0000] {processor.py:208} INFO - Processing /home/airflow/.local/lib/python3.12/site-packages/airflow/example_dags/example_setup_teardown.py took 0.094 seconds
[2024-11-08T14:55:20.536+0000] {processor.py:186} INFO - Started process (PID=2936) to work on /home/airflow/.local/lib/python3.12/site-packages/airflow/example_dags/example_setup_teardown.py
[2024-11-08T14:55:20.538+0000] {processor.py:914} INFO - Processing file /home/airflow/.local/lib/python3.12/site-packages/airflow/example_dags/example_setup_teardown.py for tasks to queue
[2024-11-08T14:55:20.540+0000] {logging_mixin.py:190} INFO - [2024-11-08T14:55:20.540+0000] {dagbag.py:588} INFO - Filling up the DagBag from /home/airflow/.local/lib/python3.12/site-packages/airflow/example_dags/example_setup_teardown.py
[2024-11-08T14:55:20.550+0000] {processor.py:925} INFO - DAG(s) 'example_setup_teardown' retrieved from /home/airflow/.local/lib/python3.12/site-packages/airflow/example_dags/example_setup_teardown.py
[2024-11-08T14:55:20.576+0000] {logging_mixin.py:190} INFO - [2024-11-08T14:55:20.575+0000] {dag.py:3239} INFO - Sync 1 DAGs
[2024-11-08T14:55:20.592+0000] {logging_mixin.py:190} INFO - [2024-11-08T14:55:20.592+0000] {dag.py:4180} INFO - Setting next_dagrun for example_setup_teardown to None, run_after=None
[2024-11-08T14:55:20.831+0000] {processor.py:208} INFO - Processing /home/airflow/.local/lib/python3.12/site-packages/airflow/example_dags/example_setup_teardown.py took 0.301 seconds
[2024-11-08T14:55:51.346+0000] {processor.py:186} INFO - Started process (PID=2999) to work on /home/airflow/.local/lib/python3.12/site-packages/airflow/example_dags/example_setup_teardown.py
[2024-11-08T14:55:51.347+0000] {processor.py:914} INFO - Processing file /home/airflow/.local/lib/python3.12/site-packages/airflow/example_dags/example_setup_teardown.py for tasks to queue
[2024-11-08T14:55:51.350+0000] {logging_mixin.py:190} INFO - [2024-11-08T14:55:51.350+0000] {dagbag.py:588} INFO - Filling up the DagBag from /home/airflow/.local/lib/python3.12/site-packages/airflow/example_dags/example_setup_teardown.py
[2024-11-08T14:55:51.360+0000] {processor.py:925} INFO - DAG(s) 'example_setup_teardown' retrieved from /home/airflow/.local/lib/python3.12/site-packages/airflow/example_dags/example_setup_teardown.py
[2024-11-08T14:55:51.385+0000] {logging_mixin.py:190} INFO - [2024-11-08T14:55:51.385+0000] {dag.py:3239} INFO - Sync 1 DAGs
[2024-11-08T14:55:51.402+0000] {logging_mixin.py:190} INFO - [2024-11-08T14:55:51.402+0000] {dag.py:4180} INFO - Setting next_dagrun for example_setup_teardown to None, run_after=None
[2024-11-08T14:55:51.432+0000] {processor.py:208} INFO - Processing /home/airflow/.local/lib/python3.12/site-packages/airflow/example_dags/example_setup_teardown.py took 0.095 seconds
[2024-11-08T14:56:23.538+0000] {processor.py:186} INFO - Started process (PID=3063) to work on /home/airflow/.local/lib/python3.12/site-packages/airflow/example_dags/example_setup_teardown.py
[2024-11-08T14:56:23.539+0000] {processor.py:914} INFO - Processing file /home/airflow/.local/lib/python3.12/site-packages/airflow/example_dags/example_setup_teardown.py for tasks to queue
[2024-11-08T14:56:23.542+0000] {logging_mixin.py:190} INFO - [2024-11-08T14:56:23.541+0000] {dagbag.py:588} INFO - Filling up the DagBag from /home/airflow/.local/lib/python3.12/site-packages/airflow/example_dags/example_setup_teardown.py
[2024-11-08T14:56:23.550+0000] {processor.py:925} INFO - DAG(s) 'example_setup_teardown' retrieved from /home/airflow/.local/lib/python3.12/site-packages/airflow/example_dags/example_setup_teardown.py
[2024-11-08T14:56:23.571+0000] {logging_mixin.py:190} INFO - [2024-11-08T14:56:23.571+0000] {dag.py:3239} INFO - Sync 1 DAGs
[2024-11-08T14:56:23.817+0000] {logging_mixin.py:190} INFO - [2024-11-08T14:56:23.817+0000] {dag.py:4180} INFO - Setting next_dagrun for example_setup_teardown to None, run_after=None
[2024-11-08T14:56:23.872+0000] {processor.py:208} INFO - Processing /home/airflow/.local/lib/python3.12/site-packages/airflow/example_dags/example_setup_teardown.py took 0.340 seconds
[2024-11-08T14:56:54.243+0000] {processor.py:186} INFO - Started process (PID=3125) to work on /home/airflow/.local/lib/python3.12/site-packages/airflow/example_dags/example_setup_teardown.py
[2024-11-08T14:56:54.245+0000] {processor.py:914} INFO - Processing file /home/airflow/.local/lib/python3.12/site-packages/airflow/example_dags/example_setup_teardown.py for tasks to queue
[2024-11-08T14:56:54.248+0000] {logging_mixin.py:190} INFO - [2024-11-08T14:56:54.248+0000] {dagbag.py:588} INFO - Filling up the DagBag from /home/airflow/.local/lib/python3.12/site-packages/airflow/example_dags/example_setup_teardown.py
[2024-11-08T14:56:54.259+0000] {processor.py:925} INFO - DAG(s) 'example_setup_teardown' retrieved from /home/airflow/.local/lib/python3.12/site-packages/airflow/example_dags/example_setup_teardown.py
[2024-11-08T14:56:54.284+0000] {logging_mixin.py:190} INFO - [2024-11-08T14:56:54.283+0000] {dag.py:3239} INFO - Sync 1 DAGs
[2024-11-08T14:56:54.301+0000] {logging_mixin.py:190} INFO - [2024-11-08T14:56:54.301+0000] {dag.py:4180} INFO - Setting next_dagrun for example_setup_teardown to None, run_after=None
[2024-11-08T14:56:54.367+0000] {processor.py:208} INFO - Processing /home/airflow/.local/lib/python3.12/site-packages/airflow/example_dags/example_setup_teardown.py took 0.132 seconds
[2024-11-08T14:57:25.803+0000] {processor.py:186} INFO - Started process (PID=3188) to work on /home/airflow/.local/lib/python3.12/site-packages/airflow/example_dags/example_setup_teardown.py
[2024-11-08T14:57:25.805+0000] {processor.py:914} INFO - Processing file /home/airflow/.local/lib/python3.12/site-packages/airflow/example_dags/example_setup_teardown.py for tasks to queue
[2024-11-08T14:57:25.811+0000] {logging_mixin.py:190} INFO - [2024-11-08T14:57:25.811+0000] {dagbag.py:588} INFO - Filling up the DagBag from /home/airflow/.local/lib/python3.12/site-packages/airflow/example_dags/example_setup_teardown.py
[2024-11-08T14:57:25.820+0000] {processor.py:925} INFO - DAG(s) 'example_setup_teardown' retrieved from /home/airflow/.local/lib/python3.12/site-packages/airflow/example_dags/example_setup_teardown.py
[2024-11-08T14:57:25.848+0000] {logging_mixin.py:190} INFO - [2024-11-08T14:57:25.848+0000] {dag.py:3239} INFO - Sync 1 DAGs
[2024-11-08T14:57:25.867+0000] {logging_mixin.py:190} INFO - [2024-11-08T14:57:25.867+0000] {dag.py:4180} INFO - Setting next_dagrun for example_setup_teardown to None, run_after=None
[2024-11-08T14:57:25.899+0000] {processor.py:208} INFO - Processing /home/airflow/.local/lib/python3.12/site-packages/airflow/example_dags/example_setup_teardown.py took 0.102 seconds
[2024-11-08T14:57:56.213+0000] {processor.py:186} INFO - Started process (PID=3248) to work on /home/airflow/.local/lib/python3.12/site-packages/airflow/example_dags/example_setup_teardown.py
[2024-11-08T14:57:56.214+0000] {processor.py:914} INFO - Processing file /home/airflow/.local/lib/python3.12/site-packages/airflow/example_dags/example_setup_teardown.py for tasks to queue
[2024-11-08T14:57:56.217+0000] {logging_mixin.py:190} INFO - [2024-11-08T14:57:56.217+0000] {dagbag.py:588} INFO - Filling up the DagBag from /home/airflow/.local/lib/python3.12/site-packages/airflow/example_dags/example_setup_teardown.py
[2024-11-08T14:57:56.225+0000] {processor.py:925} INFO - DAG(s) 'example_setup_teardown' retrieved from /home/airflow/.local/lib/python3.12/site-packages/airflow/example_dags/example_setup_teardown.py
[2024-11-08T14:57:56.245+0000] {logging_mixin.py:190} INFO - [2024-11-08T14:57:56.245+0000] {dag.py:3239} INFO - Sync 1 DAGs
[2024-11-08T14:57:56.259+0000] {logging_mixin.py:190} INFO - [2024-11-08T14:57:56.259+0000] {dag.py:4180} INFO - Setting next_dagrun for example_setup_teardown to None, run_after=None
[2024-11-08T14:57:56.287+0000] {processor.py:208} INFO - Processing /home/airflow/.local/lib/python3.12/site-packages/airflow/example_dags/example_setup_teardown.py took 0.079 seconds
[2024-11-08T14:58:27.021+0000] {processor.py:186} INFO - Started process (PID=3312) to work on /home/airflow/.local/lib/python3.12/site-packages/airflow/example_dags/example_setup_teardown.py
[2024-11-08T14:58:27.022+0000] {processor.py:914} INFO - Processing file /home/airflow/.local/lib/python3.12/site-packages/airflow/example_dags/example_setup_teardown.py for tasks to queue
[2024-11-08T14:58:27.024+0000] {logging_mixin.py:190} INFO - [2024-11-08T14:58:27.023+0000] {dagbag.py:588} INFO - Filling up the DagBag from /home/airflow/.local/lib/python3.12/site-packages/airflow/example_dags/example_setup_teardown.py
[2024-11-08T14:58:27.041+0000] {processor.py:925} INFO - DAG(s) 'example_setup_teardown' retrieved from /home/airflow/.local/lib/python3.12/site-packages/airflow/example_dags/example_setup_teardown.py
[2024-11-08T14:58:27.065+0000] {logging_mixin.py:190} INFO - [2024-11-08T14:58:27.064+0000] {dag.py:3239} INFO - Sync 1 DAGs
[2024-11-08T14:58:27.080+0000] {logging_mixin.py:190} INFO - [2024-11-08T14:58:27.080+0000] {dag.py:4180} INFO - Setting next_dagrun for example_setup_teardown to None, run_after=None
[2024-11-08T14:58:27.146+0000] {processor.py:208} INFO - Processing /home/airflow/.local/lib/python3.12/site-packages/airflow/example_dags/example_setup_teardown.py took 0.132 seconds
[2024-11-08T14:58:58.459+0000] {processor.py:186} INFO - Started process (PID=3381) to work on /home/airflow/.local/lib/python3.12/site-packages/airflow/example_dags/example_setup_teardown.py
[2024-11-08T14:58:58.461+0000] {processor.py:914} INFO - Processing file /home/airflow/.local/lib/python3.12/site-packages/airflow/example_dags/example_setup_teardown.py for tasks to queue
[2024-11-08T14:58:58.463+0000] {logging_mixin.py:190} INFO - [2024-11-08T14:58:58.463+0000] {dagbag.py:588} INFO - Filling up the DagBag from /home/airflow/.local/lib/python3.12/site-packages/airflow/example_dags/example_setup_teardown.py
[2024-11-08T14:58:58.474+0000] {processor.py:925} INFO - DAG(s) 'example_setup_teardown' retrieved from /home/airflow/.local/lib/python3.12/site-packages/airflow/example_dags/example_setup_teardown.py
[2024-11-08T14:58:58.498+0000] {logging_mixin.py:190} INFO - [2024-11-08T14:58:58.498+0000] {dag.py:3239} INFO - Sync 1 DAGs
[2024-11-08T14:58:58.516+0000] {logging_mixin.py:190} INFO - [2024-11-08T14:58:58.516+0000] {dag.py:4180} INFO - Setting next_dagrun for example_setup_teardown to None, run_after=None
[2024-11-08T14:58:58.571+0000] {processor.py:208} INFO - Processing /home/airflow/.local/lib/python3.12/site-packages/airflow/example_dags/example_setup_teardown.py took 0.118 seconds
[2024-11-08T14:59:28.940+0000] {processor.py:186} INFO - Started process (PID=3444) to work on /home/airflow/.local/lib/python3.12/site-packages/airflow/example_dags/example_setup_teardown.py
[2024-11-08T14:59:28.941+0000] {processor.py:914} INFO - Processing file /home/airflow/.local/lib/python3.12/site-packages/airflow/example_dags/example_setup_teardown.py for tasks to queue
[2024-11-08T14:59:28.945+0000] {logging_mixin.py:190} INFO - [2024-11-08T14:59:28.945+0000] {dagbag.py:588} INFO - Filling up the DagBag from /home/airflow/.local/lib/python3.12/site-packages/airflow/example_dags/example_setup_teardown.py
[2024-11-08T14:59:28.957+0000] {processor.py:925} INFO - DAG(s) 'example_setup_teardown' retrieved from /home/airflow/.local/lib/python3.12/site-packages/airflow/example_dags/example_setup_teardown.py
[2024-11-08T14:59:28.987+0000] {logging_mixin.py:190} INFO - [2024-11-08T14:59:28.987+0000] {dag.py:3239} INFO - Sync 1 DAGs
[2024-11-08T14:59:29.005+0000] {logging_mixin.py:190} INFO - [2024-11-08T14:59:29.005+0000] {dag.py:4180} INFO - Setting next_dagrun for example_setup_teardown to None, run_after=None
[2024-11-08T14:59:29.077+0000] {processor.py:208} INFO - Processing /home/airflow/.local/lib/python3.12/site-packages/airflow/example_dags/example_setup_teardown.py took 0.144 seconds
[2024-11-08T14:59:59.782+0000] {processor.py:186} INFO - Started process (PID=3507) to work on /home/airflow/.local/lib/python3.12/site-packages/airflow/example_dags/example_setup_teardown.py
[2024-11-08T14:59:59.784+0000] {processor.py:914} INFO - Processing file /home/airflow/.local/lib/python3.12/site-packages/airflow/example_dags/example_setup_teardown.py for tasks to queue
[2024-11-08T14:59:59.787+0000] {logging_mixin.py:190} INFO - [2024-11-08T14:59:59.787+0000] {dagbag.py:588} INFO - Filling up the DagBag from /home/airflow/.local/lib/python3.12/site-packages/airflow/example_dags/example_setup_teardown.py
[2024-11-08T14:59:59.797+0000] {processor.py:925} INFO - DAG(s) 'example_setup_teardown' retrieved from /home/airflow/.local/lib/python3.12/site-packages/airflow/example_dags/example_setup_teardown.py
[2024-11-08T14:59:59.823+0000] {logging_mixin.py:190} INFO - [2024-11-08T14:59:59.822+0000] {dag.py:3239} INFO - Sync 1 DAGs
[2024-11-08T14:59:59.841+0000] {logging_mixin.py:190} INFO - [2024-11-08T14:59:59.841+0000] {dag.py:4180} INFO - Setting next_dagrun for example_setup_teardown to None, run_after=None
[2024-11-08T14:59:59.895+0000] {processor.py:208} INFO - Processing /home/airflow/.local/lib/python3.12/site-packages/airflow/example_dags/example_setup_teardown.py took 0.119 seconds
[2024-11-08T15:00:30.006+0000] {processor.py:186} INFO - Started process (PID=3572) to work on /home/airflow/.local/lib/python3.12/site-packages/airflow/example_dags/example_setup_teardown.py
[2024-11-08T15:00:30.007+0000] {processor.py:914} INFO - Processing file /home/airflow/.local/lib/python3.12/site-packages/airflow/example_dags/example_setup_teardown.py for tasks to queue
[2024-11-08T15:00:30.010+0000] {logging_mixin.py:190} INFO - [2024-11-08T15:00:30.009+0000] {dagbag.py:588} INFO - Filling up the DagBag from /home/airflow/.local/lib/python3.12/site-packages/airflow/example_dags/example_setup_teardown.py
[2024-11-08T15:00:30.017+0000] {processor.py:925} INFO - DAG(s) 'example_setup_teardown' retrieved from /home/airflow/.local/lib/python3.12/site-packages/airflow/example_dags/example_setup_teardown.py
[2024-11-08T15:00:30.037+0000] {logging_mixin.py:190} INFO - [2024-11-08T15:00:30.036+0000] {dag.py:3239} INFO - Sync 1 DAGs
[2024-11-08T15:00:30.051+0000] {logging_mixin.py:190} INFO - [2024-11-08T15:00:30.050+0000] {dag.py:4180} INFO - Setting next_dagrun for example_setup_teardown to None, run_after=None
[2024-11-08T15:00:30.073+0000] {processor.py:208} INFO - Processing /home/airflow/.local/lib/python3.12/site-packages/airflow/example_dags/example_setup_teardown.py took 0.072 seconds
[2024-11-08T15:01:00.187+0000] {processor.py:186} INFO - Started process (PID=3632) to work on /home/airflow/.local/lib/python3.12/site-packages/airflow/example_dags/example_setup_teardown.py
[2024-11-08T15:01:00.188+0000] {processor.py:914} INFO - Processing file /home/airflow/.local/lib/python3.12/site-packages/airflow/example_dags/example_setup_teardown.py for tasks to queue
[2024-11-08T15:01:00.191+0000] {logging_mixin.py:190} INFO - [2024-11-08T15:01:00.190+0000] {dagbag.py:588} INFO - Filling up the DagBag from /home/airflow/.local/lib/python3.12/site-packages/airflow/example_dags/example_setup_teardown.py
[2024-11-08T15:01:00.201+0000] {processor.py:925} INFO - DAG(s) 'example_setup_teardown' retrieved from /home/airflow/.local/lib/python3.12/site-packages/airflow/example_dags/example_setup_teardown.py
[2024-11-08T15:01:00.224+0000] {logging_mixin.py:190} INFO - [2024-11-08T15:01:00.224+0000] {dag.py:3239} INFO - Sync 1 DAGs
[2024-11-08T15:01:00.242+0000] {logging_mixin.py:190} INFO - [2024-11-08T15:01:00.242+0000] {dag.py:4180} INFO - Setting next_dagrun for example_setup_teardown to None, run_after=None
[2024-11-08T15:01:00.273+0000] {processor.py:208} INFO - Processing /home/airflow/.local/lib/python3.12/site-packages/airflow/example_dags/example_setup_teardown.py took 0.093 seconds
[2024-11-08T15:01:30.920+0000] {processor.py:186} INFO - Started process (PID=3696) to work on /home/airflow/.local/lib/python3.12/site-packages/airflow/example_dags/example_setup_teardown.py
[2024-11-08T15:01:30.922+0000] {processor.py:914} INFO - Processing file /home/airflow/.local/lib/python3.12/site-packages/airflow/example_dags/example_setup_teardown.py for tasks to queue
[2024-11-08T15:01:30.926+0000] {logging_mixin.py:190} INFO - [2024-11-08T15:01:30.926+0000] {dagbag.py:588} INFO - Filling up the DagBag from /home/airflow/.local/lib/python3.12/site-packages/airflow/example_dags/example_setup_teardown.py
[2024-11-08T15:01:30.944+0000] {processor.py:925} INFO - DAG(s) 'example_setup_teardown' retrieved from /home/airflow/.local/lib/python3.12/site-packages/airflow/example_dags/example_setup_teardown.py
[2024-11-08T15:01:30.968+0000] {logging_mixin.py:190} INFO - [2024-11-08T15:01:30.968+0000] {dag.py:3239} INFO - Sync 1 DAGs
[2024-11-08T15:01:30.986+0000] {logging_mixin.py:190} INFO - [2024-11-08T15:01:30.986+0000] {dag.py:4180} INFO - Setting next_dagrun for example_setup_teardown to None, run_after=None
[2024-11-08T15:01:31.023+0000] {processor.py:208} INFO - Processing /home/airflow/.local/lib/python3.12/site-packages/airflow/example_dags/example_setup_teardown.py took 0.118 seconds
