[2024-11-08T14:32:00.620+0000] {processor.py:186} INFO - Started process (PID=71) to work on /home/airflow/.local/lib/python3.12/site-packages/airflow/example_dags/example_python_decorator.py
[2024-11-08T14:32:00.622+0000] {processor.py:914} INFO - Processing file /home/airflow/.local/lib/python3.12/site-packages/airflow/example_dags/example_python_decorator.py for tasks to queue
[2024-11-08T14:32:00.631+0000] {logging_mixin.py:190} INFO - [2024-11-08T14:32:00.630+0000] {dagbag.py:588} INFO - Filling up the DagBag from /home/airflow/.local/lib/python3.12/site-packages/airflow/example_dags/example_python_decorator.py
[2024-11-08T14:32:00.676+0000] {processor.py:925} INFO - DAG(s) 'example_python_decorator' retrieved from /home/airflow/.local/lib/python3.12/site-packages/airflow/example_dags/example_python_decorator.py
[2024-11-08T14:32:01.140+0000] {logging_mixin.py:190} INFO - [2024-11-08T14:32:01.131+0000] {override.py:1911} INFO - Created Permission View: can delete on DAG:example_python_decorator
[2024-11-08T14:32:01.198+0000] {logging_mixin.py:190} INFO - [2024-11-08T14:32:01.195+0000] {override.py:1911} INFO - Created Permission View: can edit on DAG:example_python_decorator
[2024-11-08T14:32:01.222+0000] {logging_mixin.py:190} INFO - [2024-11-08T14:32:01.222+0000] {override.py:1911} INFO - Created Permission View: can read on DAG:example_python_decorator
[2024-11-08T14:32:01.247+0000] {logging_mixin.py:190} INFO - [2024-11-08T14:32:01.246+0000] {override.py:1911} INFO - Created Permission View: can create on DAG Run:example_python_decorator
[2024-11-08T14:32:01.257+0000] {logging_mixin.py:190} INFO - [2024-11-08T14:32:01.257+0000] {override.py:1911} INFO - Created Permission View: menu access on DAG Run:example_python_decorator
[2024-11-08T14:32:01.275+0000] {logging_mixin.py:190} INFO - [2024-11-08T14:32:01.274+0000] {override.py:1911} INFO - Created Permission View: can delete on DAG Run:example_python_decorator
[2024-11-08T14:32:01.288+0000] {logging_mixin.py:190} INFO - [2024-11-08T14:32:01.288+0000] {override.py:1911} INFO - Created Permission View: can read on DAG Run:example_python_decorator
[2024-11-08T14:32:01.289+0000] {logging_mixin.py:190} INFO - [2024-11-08T14:32:01.289+0000] {dag.py:3239} INFO - Sync 1 DAGs
[2024-11-08T14:32:01.325+0000] {logging_mixin.py:190} INFO - [2024-11-08T14:32:01.324+0000] {dag.py:3262} INFO - Creating ORM DAG for example_python_decorator
[2024-11-08T14:32:01.325+0000] {logging_mixin.py:190} INFO - [2024-11-08T14:32:01.325+0000] {dag.py:4180} INFO - Setting next_dagrun for example_python_decorator to None, run_after=None
[2024-11-08T14:32:01.349+0000] {processor.py:208} INFO - Processing /home/airflow/.local/lib/python3.12/site-packages/airflow/example_dags/example_python_decorator.py took 0.736 seconds
[2024-11-08T14:32:31.410+0000] {processor.py:186} INFO - Started process (PID=133) to work on /home/airflow/.local/lib/python3.12/site-packages/airflow/example_dags/example_python_decorator.py
[2024-11-08T14:32:31.412+0000] {processor.py:914} INFO - Processing file /home/airflow/.local/lib/python3.12/site-packages/airflow/example_dags/example_python_decorator.py for tasks to queue
[2024-11-08T14:32:31.415+0000] {logging_mixin.py:190} INFO - [2024-11-08T14:32:31.415+0000] {dagbag.py:588} INFO - Filling up the DagBag from /home/airflow/.local/lib/python3.12/site-packages/airflow/example_dags/example_python_decorator.py
[2024-11-08T14:32:31.437+0000] {processor.py:925} INFO - DAG(s) 'example_python_decorator' retrieved from /home/airflow/.local/lib/python3.12/site-packages/airflow/example_dags/example_python_decorator.py
[2024-11-08T14:32:31.461+0000] {logging_mixin.py:190} INFO - [2024-11-08T14:32:31.461+0000] {dag.py:3239} INFO - Sync 1 DAGs
[2024-11-08T14:32:31.477+0000] {logging_mixin.py:190} INFO - [2024-11-08T14:32:31.477+0000] {dag.py:4180} INFO - Setting next_dagrun for example_python_decorator to None, run_after=None
[2024-11-08T14:32:31.504+0000] {processor.py:208} INFO - Processing /home/airflow/.local/lib/python3.12/site-packages/airflow/example_dags/example_python_decorator.py took 0.100 seconds
[2024-11-08T14:33:01.609+0000] {processor.py:186} INFO - Started process (PID=196) to work on /home/airflow/.local/lib/python3.12/site-packages/airflow/example_dags/example_python_decorator.py
[2024-11-08T14:33:01.610+0000] {processor.py:914} INFO - Processing file /home/airflow/.local/lib/python3.12/site-packages/airflow/example_dags/example_python_decorator.py for tasks to queue
[2024-11-08T14:33:01.613+0000] {logging_mixin.py:190} INFO - [2024-11-08T14:33:01.613+0000] {dagbag.py:588} INFO - Filling up the DagBag from /home/airflow/.local/lib/python3.12/site-packages/airflow/example_dags/example_python_decorator.py
[2024-11-08T14:33:01.629+0000] {processor.py:925} INFO - DAG(s) 'example_python_decorator' retrieved from /home/airflow/.local/lib/python3.12/site-packages/airflow/example_dags/example_python_decorator.py
[2024-11-08T14:33:01.653+0000] {logging_mixin.py:190} INFO - [2024-11-08T14:33:01.652+0000] {dag.py:3239} INFO - Sync 1 DAGs
[2024-11-08T14:33:01.668+0000] {logging_mixin.py:190} INFO - [2024-11-08T14:33:01.668+0000] {dag.py:4180} INFO - Setting next_dagrun for example_python_decorator to None, run_after=None
[2024-11-08T14:33:01.698+0000] {processor.py:208} INFO - Processing /home/airflow/.local/lib/python3.12/site-packages/airflow/example_dags/example_python_decorator.py took 0.095 seconds
[2024-11-08T14:33:32.197+0000] {processor.py:186} INFO - Started process (PID=260) to work on /home/airflow/.local/lib/python3.12/site-packages/airflow/example_dags/example_python_decorator.py
[2024-11-08T14:33:32.198+0000] {processor.py:914} INFO - Processing file /home/airflow/.local/lib/python3.12/site-packages/airflow/example_dags/example_python_decorator.py for tasks to queue
[2024-11-08T14:33:32.201+0000] {logging_mixin.py:190} INFO - [2024-11-08T14:33:32.200+0000] {dagbag.py:588} INFO - Filling up the DagBag from /home/airflow/.local/lib/python3.12/site-packages/airflow/example_dags/example_python_decorator.py
[2024-11-08T14:33:32.216+0000] {processor.py:925} INFO - DAG(s) 'example_python_decorator' retrieved from /home/airflow/.local/lib/python3.12/site-packages/airflow/example_dags/example_python_decorator.py
[2024-11-08T14:33:32.241+0000] {logging_mixin.py:190} INFO - [2024-11-08T14:33:32.241+0000] {dag.py:3239} INFO - Sync 1 DAGs
[2024-11-08T14:33:32.256+0000] {logging_mixin.py:190} INFO - [2024-11-08T14:33:32.256+0000] {dag.py:4180} INFO - Setting next_dagrun for example_python_decorator to None, run_after=None
[2024-11-08T14:33:32.448+0000] {processor.py:208} INFO - Processing /home/airflow/.local/lib/python3.12/site-packages/airflow/example_dags/example_python_decorator.py took 0.256 seconds
[2024-11-08T14:34:03.924+0000] {processor.py:186} INFO - Started process (PID=323) to work on /home/airflow/.local/lib/python3.12/site-packages/airflow/example_dags/example_python_decorator.py
[2024-11-08T14:34:03.934+0000] {processor.py:914} INFO - Processing file /home/airflow/.local/lib/python3.12/site-packages/airflow/example_dags/example_python_decorator.py for tasks to queue
[2024-11-08T14:34:03.939+0000] {logging_mixin.py:190} INFO - [2024-11-08T14:34:03.937+0000] {dagbag.py:588} INFO - Filling up the DagBag from /home/airflow/.local/lib/python3.12/site-packages/airflow/example_dags/example_python_decorator.py
[2024-11-08T14:34:04.001+0000] {processor.py:925} INFO - DAG(s) 'example_python_decorator' retrieved from /home/airflow/.local/lib/python3.12/site-packages/airflow/example_dags/example_python_decorator.py
[2024-11-08T14:34:04.052+0000] {logging_mixin.py:190} INFO - [2024-11-08T14:34:04.051+0000] {dag.py:3239} INFO - Sync 1 DAGs
[2024-11-08T14:34:04.095+0000] {logging_mixin.py:190} INFO - [2024-11-08T14:34:04.094+0000] {dag.py:4180} INFO - Setting next_dagrun for example_python_decorator to None, run_after=None
[2024-11-08T14:34:04.697+0000] {processor.py:208} INFO - Processing /home/airflow/.local/lib/python3.12/site-packages/airflow/example_dags/example_python_decorator.py took 0.783 seconds
[2024-11-08T14:34:34.798+0000] {processor.py:186} INFO - Started process (PID=386) to work on /home/airflow/.local/lib/python3.12/site-packages/airflow/example_dags/example_python_decorator.py
[2024-11-08T14:34:34.799+0000] {processor.py:914} INFO - Processing file /home/airflow/.local/lib/python3.12/site-packages/airflow/example_dags/example_python_decorator.py for tasks to queue
[2024-11-08T14:34:34.803+0000] {logging_mixin.py:190} INFO - [2024-11-08T14:34:34.802+0000] {dagbag.py:588} INFO - Filling up the DagBag from /home/airflow/.local/lib/python3.12/site-packages/airflow/example_dags/example_python_decorator.py
[2024-11-08T14:34:34.820+0000] {processor.py:925} INFO - DAG(s) 'example_python_decorator' retrieved from /home/airflow/.local/lib/python3.12/site-packages/airflow/example_dags/example_python_decorator.py
[2024-11-08T14:34:34.844+0000] {logging_mixin.py:190} INFO - [2024-11-08T14:34:34.844+0000] {dag.py:3239} INFO - Sync 1 DAGs
[2024-11-08T14:34:34.861+0000] {logging_mixin.py:190} INFO - [2024-11-08T14:34:34.860+0000] {dag.py:4180} INFO - Setting next_dagrun for example_python_decorator to None, run_after=None
[2024-11-08T14:34:34.884+0000] {processor.py:208} INFO - Processing /home/airflow/.local/lib/python3.12/site-packages/airflow/example_dags/example_python_decorator.py took 0.095 seconds
[2024-11-08T14:35:05.766+0000] {processor.py:186} INFO - Started process (PID=449) to work on /home/airflow/.local/lib/python3.12/site-packages/airflow/example_dags/example_python_decorator.py
[2024-11-08T14:35:05.767+0000] {processor.py:914} INFO - Processing file /home/airflow/.local/lib/python3.12/site-packages/airflow/example_dags/example_python_decorator.py for tasks to queue
[2024-11-08T14:35:05.772+0000] {logging_mixin.py:190} INFO - [2024-11-08T14:35:05.772+0000] {dagbag.py:588} INFO - Filling up the DagBag from /home/airflow/.local/lib/python3.12/site-packages/airflow/example_dags/example_python_decorator.py
[2024-11-08T14:35:05.792+0000] {processor.py:925} INFO - DAG(s) 'example_python_decorator' retrieved from /home/airflow/.local/lib/python3.12/site-packages/airflow/example_dags/example_python_decorator.py
[2024-11-08T14:35:05.832+0000] {logging_mixin.py:190} INFO - [2024-11-08T14:35:05.832+0000] {dag.py:3239} INFO - Sync 1 DAGs
[2024-11-08T14:35:05.849+0000] {logging_mixin.py:190} INFO - [2024-11-08T14:35:05.849+0000] {dag.py:4180} INFO - Setting next_dagrun for example_python_decorator to None, run_after=None
[2024-11-08T14:35:05.882+0000] {processor.py:208} INFO - Processing /home/airflow/.local/lib/python3.12/site-packages/airflow/example_dags/example_python_decorator.py took 0.123 seconds
[2024-11-08T14:35:36.838+0000] {processor.py:186} INFO - Started process (PID=511) to work on /home/airflow/.local/lib/python3.12/site-packages/airflow/example_dags/example_python_decorator.py
[2024-11-08T14:35:36.840+0000] {processor.py:914} INFO - Processing file /home/airflow/.local/lib/python3.12/site-packages/airflow/example_dags/example_python_decorator.py for tasks to queue
[2024-11-08T14:35:36.842+0000] {logging_mixin.py:190} INFO - [2024-11-08T14:35:36.842+0000] {dagbag.py:588} INFO - Filling up the DagBag from /home/airflow/.local/lib/python3.12/site-packages/airflow/example_dags/example_python_decorator.py
[2024-11-08T14:35:36.862+0000] {processor.py:925} INFO - DAG(s) 'example_python_decorator' retrieved from /home/airflow/.local/lib/python3.12/site-packages/airflow/example_dags/example_python_decorator.py
[2024-11-08T14:35:36.889+0000] {logging_mixin.py:190} INFO - [2024-11-08T14:35:36.888+0000] {dag.py:3239} INFO - Sync 1 DAGs
[2024-11-08T14:35:36.905+0000] {logging_mixin.py:190} INFO - [2024-11-08T14:35:36.905+0000] {dag.py:4180} INFO - Setting next_dagrun for example_python_decorator to None, run_after=None
[2024-11-08T14:35:36.931+0000] {processor.py:208} INFO - Processing /home/airflow/.local/lib/python3.12/site-packages/airflow/example_dags/example_python_decorator.py took 0.100 seconds
[2024-11-08T14:36:07.520+0000] {processor.py:186} INFO - Started process (PID=574) to work on /home/airflow/.local/lib/python3.12/site-packages/airflow/example_dags/example_python_decorator.py
[2024-11-08T14:36:07.521+0000] {processor.py:914} INFO - Processing file /home/airflow/.local/lib/python3.12/site-packages/airflow/example_dags/example_python_decorator.py for tasks to queue
[2024-11-08T14:36:07.524+0000] {logging_mixin.py:190} INFO - [2024-11-08T14:36:07.523+0000] {dagbag.py:588} INFO - Filling up the DagBag from /home/airflow/.local/lib/python3.12/site-packages/airflow/example_dags/example_python_decorator.py
[2024-11-08T14:36:07.540+0000] {processor.py:925} INFO - DAG(s) 'example_python_decorator' retrieved from /home/airflow/.local/lib/python3.12/site-packages/airflow/example_dags/example_python_decorator.py
[2024-11-08T14:36:07.568+0000] {logging_mixin.py:190} INFO - [2024-11-08T14:36:07.568+0000] {dag.py:3239} INFO - Sync 1 DAGs
[2024-11-08T14:36:07.584+0000] {logging_mixin.py:190} INFO - [2024-11-08T14:36:07.584+0000] {dag.py:4180} INFO - Setting next_dagrun for example_python_decorator to None, run_after=None
[2024-11-08T14:36:07.660+0000] {processor.py:208} INFO - Processing /home/airflow/.local/lib/python3.12/site-packages/airflow/example_dags/example_python_decorator.py took 0.148 seconds
[2024-11-08T14:36:37.724+0000] {processor.py:186} INFO - Started process (PID=638) to work on /home/airflow/.local/lib/python3.12/site-packages/airflow/example_dags/example_python_decorator.py
[2024-11-08T14:36:37.725+0000] {processor.py:914} INFO - Processing file /home/airflow/.local/lib/python3.12/site-packages/airflow/example_dags/example_python_decorator.py for tasks to queue
[2024-11-08T14:36:37.729+0000] {logging_mixin.py:190} INFO - [2024-11-08T14:36:37.728+0000] {dagbag.py:588} INFO - Filling up the DagBag from /home/airflow/.local/lib/python3.12/site-packages/airflow/example_dags/example_python_decorator.py
[2024-11-08T14:36:37.748+0000] {processor.py:925} INFO - DAG(s) 'example_python_decorator' retrieved from /home/airflow/.local/lib/python3.12/site-packages/airflow/example_dags/example_python_decorator.py
[2024-11-08T14:36:37.775+0000] {logging_mixin.py:190} INFO - [2024-11-08T14:36:37.775+0000] {dag.py:3239} INFO - Sync 1 DAGs
[2024-11-08T14:36:37.798+0000] {logging_mixin.py:190} INFO - [2024-11-08T14:36:37.798+0000] {dag.py:4180} INFO - Setting next_dagrun for example_python_decorator to None, run_after=None
[2024-11-08T14:36:37.857+0000] {processor.py:208} INFO - Processing /home/airflow/.local/lib/python3.12/site-packages/airflow/example_dags/example_python_decorator.py took 0.138 seconds
[2024-11-08T14:37:08.018+0000] {processor.py:186} INFO - Started process (PID=701) to work on /home/airflow/.local/lib/python3.12/site-packages/airflow/example_dags/example_python_decorator.py
[2024-11-08T14:37:08.019+0000] {processor.py:914} INFO - Processing file /home/airflow/.local/lib/python3.12/site-packages/airflow/example_dags/example_python_decorator.py for tasks to queue
[2024-11-08T14:37:08.021+0000] {logging_mixin.py:190} INFO - [2024-11-08T14:37:08.021+0000] {dagbag.py:588} INFO - Filling up the DagBag from /home/airflow/.local/lib/python3.12/site-packages/airflow/example_dags/example_python_decorator.py
[2024-11-08T14:37:08.035+0000] {processor.py:925} INFO - DAG(s) 'example_python_decorator' retrieved from /home/airflow/.local/lib/python3.12/site-packages/airflow/example_dags/example_python_decorator.py
[2024-11-08T14:37:08.056+0000] {logging_mixin.py:190} INFO - [2024-11-08T14:37:08.055+0000] {dag.py:3239} INFO - Sync 1 DAGs
[2024-11-08T14:37:08.070+0000] {logging_mixin.py:190} INFO - [2024-11-08T14:37:08.069+0000] {dag.py:4180} INFO - Setting next_dagrun for example_python_decorator to None, run_after=None
[2024-11-08T14:37:08.228+0000] {processor.py:208} INFO - Processing /home/airflow/.local/lib/python3.12/site-packages/airflow/example_dags/example_python_decorator.py took 0.216 seconds
[2024-11-08T14:37:38.465+0000] {processor.py:186} INFO - Started process (PID=765) to work on /home/airflow/.local/lib/python3.12/site-packages/airflow/example_dags/example_python_decorator.py
[2024-11-08T14:37:38.471+0000] {processor.py:914} INFO - Processing file /home/airflow/.local/lib/python3.12/site-packages/airflow/example_dags/example_python_decorator.py for tasks to queue
[2024-11-08T14:37:38.483+0000] {logging_mixin.py:190} INFO - [2024-11-08T14:37:38.482+0000] {dagbag.py:588} INFO - Filling up the DagBag from /home/airflow/.local/lib/python3.12/site-packages/airflow/example_dags/example_python_decorator.py
[2024-11-08T14:37:38.504+0000] {processor.py:925} INFO - DAG(s) 'example_python_decorator' retrieved from /home/airflow/.local/lib/python3.12/site-packages/airflow/example_dags/example_python_decorator.py
[2024-11-08T14:37:38.530+0000] {logging_mixin.py:190} INFO - [2024-11-08T14:37:38.530+0000] {dag.py:3239} INFO - Sync 1 DAGs
[2024-11-08T14:37:38.545+0000] {logging_mixin.py:190} INFO - [2024-11-08T14:37:38.545+0000] {dag.py:4180} INFO - Setting next_dagrun for example_python_decorator to None, run_after=None
[2024-11-08T14:37:38.569+0000] {processor.py:208} INFO - Processing /home/airflow/.local/lib/python3.12/site-packages/airflow/example_dags/example_python_decorator.py took 0.110 seconds
[2024-11-08T14:38:08.853+0000] {processor.py:186} INFO - Started process (PID=827) to work on /home/airflow/.local/lib/python3.12/site-packages/airflow/example_dags/example_python_decorator.py
[2024-11-08T14:38:08.854+0000] {processor.py:914} INFO - Processing file /home/airflow/.local/lib/python3.12/site-packages/airflow/example_dags/example_python_decorator.py for tasks to queue
[2024-11-08T14:38:08.856+0000] {logging_mixin.py:190} INFO - [2024-11-08T14:38:08.856+0000] {dagbag.py:588} INFO - Filling up the DagBag from /home/airflow/.local/lib/python3.12/site-packages/airflow/example_dags/example_python_decorator.py
[2024-11-08T14:38:08.870+0000] {processor.py:925} INFO - DAG(s) 'example_python_decorator' retrieved from /home/airflow/.local/lib/python3.12/site-packages/airflow/example_dags/example_python_decorator.py
[2024-11-08T14:38:08.892+0000] {logging_mixin.py:190} INFO - [2024-11-08T14:38:08.892+0000] {dag.py:3239} INFO - Sync 1 DAGs
[2024-11-08T14:38:08.907+0000] {logging_mixin.py:190} INFO - [2024-11-08T14:38:08.907+0000] {dag.py:4180} INFO - Setting next_dagrun for example_python_decorator to None, run_after=None
[2024-11-08T14:38:08.984+0000] {processor.py:208} INFO - Processing /home/airflow/.local/lib/python3.12/site-packages/airflow/example_dags/example_python_decorator.py took 0.136 seconds
[2024-11-08T14:38:39.068+0000] {processor.py:186} INFO - Started process (PID=890) to work on /home/airflow/.local/lib/python3.12/site-packages/airflow/example_dags/example_python_decorator.py
[2024-11-08T14:38:39.115+0000] {processor.py:914} INFO - Processing file /home/airflow/.local/lib/python3.12/site-packages/airflow/example_dags/example_python_decorator.py for tasks to queue
[2024-11-08T14:38:39.122+0000] {logging_mixin.py:190} INFO - [2024-11-08T14:38:39.121+0000] {dagbag.py:588} INFO - Filling up the DagBag from /home/airflow/.local/lib/python3.12/site-packages/airflow/example_dags/example_python_decorator.py
[2024-11-08T14:38:39.160+0000] {processor.py:925} INFO - DAG(s) 'example_python_decorator' retrieved from /home/airflow/.local/lib/python3.12/site-packages/airflow/example_dags/example_python_decorator.py
[2024-11-08T14:38:39.189+0000] {logging_mixin.py:190} INFO - [2024-11-08T14:38:39.189+0000] {dag.py:3239} INFO - Sync 1 DAGs
[2024-11-08T14:38:39.204+0000] {logging_mixin.py:190} INFO - [2024-11-08T14:38:39.204+0000] {dag.py:4180} INFO - Setting next_dagrun for example_python_decorator to None, run_after=None
[2024-11-08T14:38:39.375+0000] {processor.py:208} INFO - Processing /home/airflow/.local/lib/python3.12/site-packages/airflow/example_dags/example_python_decorator.py took 0.312 seconds
[2024-11-08T14:39:09.476+0000] {processor.py:186} INFO - Started process (PID=953) to work on /home/airflow/.local/lib/python3.12/site-packages/airflow/example_dags/example_python_decorator.py
[2024-11-08T14:39:09.477+0000] {processor.py:914} INFO - Processing file /home/airflow/.local/lib/python3.12/site-packages/airflow/example_dags/example_python_decorator.py for tasks to queue
[2024-11-08T14:39:09.480+0000] {logging_mixin.py:190} INFO - [2024-11-08T14:39:09.480+0000] {dagbag.py:588} INFO - Filling up the DagBag from /home/airflow/.local/lib/python3.12/site-packages/airflow/example_dags/example_python_decorator.py
[2024-11-08T14:39:09.497+0000] {processor.py:925} INFO - DAG(s) 'example_python_decorator' retrieved from /home/airflow/.local/lib/python3.12/site-packages/airflow/example_dags/example_python_decorator.py
[2024-11-08T14:39:09.524+0000] {logging_mixin.py:190} INFO - [2024-11-08T14:39:09.523+0000] {dag.py:3239} INFO - Sync 1 DAGs
[2024-11-08T14:39:09.541+0000] {logging_mixin.py:190} INFO - [2024-11-08T14:39:09.541+0000] {dag.py:4180} INFO - Setting next_dagrun for example_python_decorator to None, run_after=None
[2024-11-08T14:39:09.605+0000] {processor.py:208} INFO - Processing /home/airflow/.local/lib/python3.12/site-packages/airflow/example_dags/example_python_decorator.py took 0.136 seconds
[2024-11-08T14:39:39.733+0000] {processor.py:186} INFO - Started process (PID=1016) to work on /home/airflow/.local/lib/python3.12/site-packages/airflow/example_dags/example_python_decorator.py
[2024-11-08T14:39:39.734+0000] {processor.py:914} INFO - Processing file /home/airflow/.local/lib/python3.12/site-packages/airflow/example_dags/example_python_decorator.py for tasks to queue
[2024-11-08T14:39:39.737+0000] {logging_mixin.py:190} INFO - [2024-11-08T14:39:39.737+0000] {dagbag.py:588} INFO - Filling up the DagBag from /home/airflow/.local/lib/python3.12/site-packages/airflow/example_dags/example_python_decorator.py
[2024-11-08T14:39:39.751+0000] {processor.py:925} INFO - DAG(s) 'example_python_decorator' retrieved from /home/airflow/.local/lib/python3.12/site-packages/airflow/example_dags/example_python_decorator.py
[2024-11-08T14:39:39.774+0000] {logging_mixin.py:190} INFO - [2024-11-08T14:39:39.773+0000] {dag.py:3239} INFO - Sync 1 DAGs
[2024-11-08T14:39:39.789+0000] {logging_mixin.py:190} INFO - [2024-11-08T14:39:39.789+0000] {dag.py:4180} INFO - Setting next_dagrun for example_python_decorator to None, run_after=None
[2024-11-08T14:39:40.024+0000] {processor.py:208} INFO - Processing /home/airflow/.local/lib/python3.12/site-packages/airflow/example_dags/example_python_decorator.py took 0.297 seconds
[2024-11-08T14:40:10.836+0000] {processor.py:186} INFO - Started process (PID=1079) to work on /home/airflow/.local/lib/python3.12/site-packages/airflow/example_dags/example_python_decorator.py
[2024-11-08T14:40:10.837+0000] {processor.py:914} INFO - Processing file /home/airflow/.local/lib/python3.12/site-packages/airflow/example_dags/example_python_decorator.py for tasks to queue
[2024-11-08T14:40:10.840+0000] {logging_mixin.py:190} INFO - [2024-11-08T14:40:10.839+0000] {dagbag.py:588} INFO - Filling up the DagBag from /home/airflow/.local/lib/python3.12/site-packages/airflow/example_dags/example_python_decorator.py
[2024-11-08T14:40:10.853+0000] {processor.py:925} INFO - DAG(s) 'example_python_decorator' retrieved from /home/airflow/.local/lib/python3.12/site-packages/airflow/example_dags/example_python_decorator.py
[2024-11-08T14:40:10.875+0000] {logging_mixin.py:190} INFO - [2024-11-08T14:40:10.874+0000] {dag.py:3239} INFO - Sync 1 DAGs
[2024-11-08T14:40:10.889+0000] {logging_mixin.py:190} INFO - [2024-11-08T14:40:10.889+0000] {dag.py:4180} INFO - Setting next_dagrun for example_python_decorator to None, run_after=None
[2024-11-08T14:40:10.911+0000] {processor.py:208} INFO - Processing /home/airflow/.local/lib/python3.12/site-packages/airflow/example_dags/example_python_decorator.py took 0.080 seconds
[2024-11-08T14:40:41.197+0000] {processor.py:186} INFO - Started process (PID=1142) to work on /home/airflow/.local/lib/python3.12/site-packages/airflow/example_dags/example_python_decorator.py
[2024-11-08T14:40:41.199+0000] {processor.py:914} INFO - Processing file /home/airflow/.local/lib/python3.12/site-packages/airflow/example_dags/example_python_decorator.py for tasks to queue
[2024-11-08T14:40:41.201+0000] {logging_mixin.py:190} INFO - [2024-11-08T14:40:41.201+0000] {dagbag.py:588} INFO - Filling up the DagBag from /home/airflow/.local/lib/python3.12/site-packages/airflow/example_dags/example_python_decorator.py
[2024-11-08T14:40:41.217+0000] {processor.py:925} INFO - DAG(s) 'example_python_decorator' retrieved from /home/airflow/.local/lib/python3.12/site-packages/airflow/example_dags/example_python_decorator.py
[2024-11-08T14:40:41.239+0000] {logging_mixin.py:190} INFO - [2024-11-08T14:40:41.238+0000] {dag.py:3239} INFO - Sync 1 DAGs
[2024-11-08T14:40:41.253+0000] {logging_mixin.py:190} INFO - [2024-11-08T14:40:41.253+0000] {dag.py:4180} INFO - Setting next_dagrun for example_python_decorator to None, run_after=None
[2024-11-08T14:40:41.273+0000] {processor.py:208} INFO - Processing /home/airflow/.local/lib/python3.12/site-packages/airflow/example_dags/example_python_decorator.py took 0.081 seconds
[2024-11-08T14:41:12.171+0000] {processor.py:186} INFO - Started process (PID=1205) to work on /home/airflow/.local/lib/python3.12/site-packages/airflow/example_dags/example_python_decorator.py
[2024-11-08T14:41:12.172+0000] {processor.py:914} INFO - Processing file /home/airflow/.local/lib/python3.12/site-packages/airflow/example_dags/example_python_decorator.py for tasks to queue
[2024-11-08T14:41:12.174+0000] {logging_mixin.py:190} INFO - [2024-11-08T14:41:12.174+0000] {dagbag.py:588} INFO - Filling up the DagBag from /home/airflow/.local/lib/python3.12/site-packages/airflow/example_dags/example_python_decorator.py
[2024-11-08T14:41:12.187+0000] {processor.py:925} INFO - DAG(s) 'example_python_decorator' retrieved from /home/airflow/.local/lib/python3.12/site-packages/airflow/example_dags/example_python_decorator.py
[2024-11-08T14:41:12.208+0000] {logging_mixin.py:190} INFO - [2024-11-08T14:41:12.208+0000] {dag.py:3239} INFO - Sync 1 DAGs
[2024-11-08T14:41:12.222+0000] {logging_mixin.py:190} INFO - [2024-11-08T14:41:12.222+0000] {dag.py:4180} INFO - Setting next_dagrun for example_python_decorator to None, run_after=None
[2024-11-08T14:41:12.462+0000] {processor.py:208} INFO - Processing /home/airflow/.local/lib/python3.12/site-packages/airflow/example_dags/example_python_decorator.py took 0.297 seconds
[2024-11-08T14:41:43.012+0000] {processor.py:186} INFO - Started process (PID=1268) to work on /home/airflow/.local/lib/python3.12/site-packages/airflow/example_dags/example_python_decorator.py
[2024-11-08T14:41:43.013+0000] {processor.py:914} INFO - Processing file /home/airflow/.local/lib/python3.12/site-packages/airflow/example_dags/example_python_decorator.py for tasks to queue
[2024-11-08T14:41:43.016+0000] {logging_mixin.py:190} INFO - [2024-11-08T14:41:43.015+0000] {dagbag.py:588} INFO - Filling up the DagBag from /home/airflow/.local/lib/python3.12/site-packages/airflow/example_dags/example_python_decorator.py
[2024-11-08T14:41:43.030+0000] {processor.py:925} INFO - DAG(s) 'example_python_decorator' retrieved from /home/airflow/.local/lib/python3.12/site-packages/airflow/example_dags/example_python_decorator.py
[2024-11-08T14:41:43.052+0000] {logging_mixin.py:190} INFO - [2024-11-08T14:41:43.052+0000] {dag.py:3239} INFO - Sync 1 DAGs
[2024-11-08T14:41:43.067+0000] {logging_mixin.py:190} INFO - [2024-11-08T14:41:43.067+0000] {dag.py:4180} INFO - Setting next_dagrun for example_python_decorator to None, run_after=None
[2024-11-08T14:41:43.112+0000] {processor.py:208} INFO - Processing /home/airflow/.local/lib/python3.12/site-packages/airflow/example_dags/example_python_decorator.py took 0.105 seconds
[2024-11-08T14:42:13.616+0000] {processor.py:186} INFO - Started process (PID=1331) to work on /home/airflow/.local/lib/python3.12/site-packages/airflow/example_dags/example_python_decorator.py
[2024-11-08T14:42:13.617+0000] {processor.py:914} INFO - Processing file /home/airflow/.local/lib/python3.12/site-packages/airflow/example_dags/example_python_decorator.py for tasks to queue
[2024-11-08T14:42:13.620+0000] {logging_mixin.py:190} INFO - [2024-11-08T14:42:13.620+0000] {dagbag.py:588} INFO - Filling up the DagBag from /home/airflow/.local/lib/python3.12/site-packages/airflow/example_dags/example_python_decorator.py
[2024-11-08T14:42:13.636+0000] {processor.py:925} INFO - DAG(s) 'example_python_decorator' retrieved from /home/airflow/.local/lib/python3.12/site-packages/airflow/example_dags/example_python_decorator.py
[2024-11-08T14:42:13.658+0000] {logging_mixin.py:190} INFO - [2024-11-08T14:42:13.658+0000] {dag.py:3239} INFO - Sync 1 DAGs
[2024-11-08T14:42:13.671+0000] {logging_mixin.py:190} INFO - [2024-11-08T14:42:13.671+0000] {dag.py:4180} INFO - Setting next_dagrun for example_python_decorator to None, run_after=None
[2024-11-08T14:42:14.042+0000] {processor.py:208} INFO - Processing /home/airflow/.local/lib/python3.12/site-packages/airflow/example_dags/example_python_decorator.py took 0.432 seconds
[2024-11-08T14:42:44.401+0000] {processor.py:186} INFO - Started process (PID=1393) to work on /home/airflow/.local/lib/python3.12/site-packages/airflow/example_dags/example_python_decorator.py
[2024-11-08T14:42:44.402+0000] {processor.py:914} INFO - Processing file /home/airflow/.local/lib/python3.12/site-packages/airflow/example_dags/example_python_decorator.py for tasks to queue
[2024-11-08T14:42:44.404+0000] {logging_mixin.py:190} INFO - [2024-11-08T14:42:44.404+0000] {dagbag.py:588} INFO - Filling up the DagBag from /home/airflow/.local/lib/python3.12/site-packages/airflow/example_dags/example_python_decorator.py
[2024-11-08T14:42:44.417+0000] {processor.py:925} INFO - DAG(s) 'example_python_decorator' retrieved from /home/airflow/.local/lib/python3.12/site-packages/airflow/example_dags/example_python_decorator.py
[2024-11-08T14:42:44.440+0000] {logging_mixin.py:190} INFO - [2024-11-08T14:42:44.440+0000] {dag.py:3239} INFO - Sync 1 DAGs
[2024-11-08T14:42:44.453+0000] {logging_mixin.py:190} INFO - [2024-11-08T14:42:44.453+0000] {dag.py:4180} INFO - Setting next_dagrun for example_python_decorator to None, run_after=None
[2024-11-08T14:42:44.689+0000] {processor.py:208} INFO - Processing /home/airflow/.local/lib/python3.12/site-packages/airflow/example_dags/example_python_decorator.py took 0.294 seconds
[2024-11-08T14:43:14.906+0000] {processor.py:186} INFO - Started process (PID=1456) to work on /home/airflow/.local/lib/python3.12/site-packages/airflow/example_dags/example_python_decorator.py
[2024-11-08T14:43:14.907+0000] {processor.py:914} INFO - Processing file /home/airflow/.local/lib/python3.12/site-packages/airflow/example_dags/example_python_decorator.py for tasks to queue
[2024-11-08T14:43:14.909+0000] {logging_mixin.py:190} INFO - [2024-11-08T14:43:14.909+0000] {dagbag.py:588} INFO - Filling up the DagBag from /home/airflow/.local/lib/python3.12/site-packages/airflow/example_dags/example_python_decorator.py
[2024-11-08T14:43:14.924+0000] {processor.py:925} INFO - DAG(s) 'example_python_decorator' retrieved from /home/airflow/.local/lib/python3.12/site-packages/airflow/example_dags/example_python_decorator.py
[2024-11-08T14:43:14.950+0000] {logging_mixin.py:190} INFO - [2024-11-08T14:43:14.950+0000] {dag.py:3239} INFO - Sync 1 DAGs
[2024-11-08T14:43:14.965+0000] {logging_mixin.py:190} INFO - [2024-11-08T14:43:14.965+0000] {dag.py:4180} INFO - Setting next_dagrun for example_python_decorator to None, run_after=None
[2024-11-08T14:43:15.049+0000] {processor.py:208} INFO - Processing /home/airflow/.local/lib/python3.12/site-packages/airflow/example_dags/example_python_decorator.py took 0.149 seconds
[2024-11-08T14:43:46.100+0000] {processor.py:186} INFO - Started process (PID=1519) to work on /home/airflow/.local/lib/python3.12/site-packages/airflow/example_dags/example_python_decorator.py
[2024-11-08T14:43:46.101+0000] {processor.py:914} INFO - Processing file /home/airflow/.local/lib/python3.12/site-packages/airflow/example_dags/example_python_decorator.py for tasks to queue
[2024-11-08T14:43:46.104+0000] {logging_mixin.py:190} INFO - [2024-11-08T14:43:46.103+0000] {dagbag.py:588} INFO - Filling up the DagBag from /home/airflow/.local/lib/python3.12/site-packages/airflow/example_dags/example_python_decorator.py
[2024-11-08T14:43:46.125+0000] {processor.py:925} INFO - DAG(s) 'example_python_decorator' retrieved from /home/airflow/.local/lib/python3.12/site-packages/airflow/example_dags/example_python_decorator.py
[2024-11-08T14:43:46.159+0000] {logging_mixin.py:190} INFO - [2024-11-08T14:43:46.158+0000] {dag.py:3239} INFO - Sync 1 DAGs
[2024-11-08T14:43:46.185+0000] {logging_mixin.py:190} INFO - [2024-11-08T14:43:46.185+0000] {dag.py:4180} INFO - Setting next_dagrun for example_python_decorator to None, run_after=None
[2024-11-08T14:43:46.218+0000] {processor.py:208} INFO - Processing /home/airflow/.local/lib/python3.12/site-packages/airflow/example_dags/example_python_decorator.py took 0.125 seconds
[2024-11-08T14:44:16.683+0000] {processor.py:186} INFO - Started process (PID=1582) to work on /home/airflow/.local/lib/python3.12/site-packages/airflow/example_dags/example_python_decorator.py
[2024-11-08T14:44:16.684+0000] {processor.py:914} INFO - Processing file /home/airflow/.local/lib/python3.12/site-packages/airflow/example_dags/example_python_decorator.py for tasks to queue
[2024-11-08T14:44:16.687+0000] {logging_mixin.py:190} INFO - [2024-11-08T14:44:16.686+0000] {dagbag.py:588} INFO - Filling up the DagBag from /home/airflow/.local/lib/python3.12/site-packages/airflow/example_dags/example_python_decorator.py
[2024-11-08T14:44:16.700+0000] {processor.py:925} INFO - DAG(s) 'example_python_decorator' retrieved from /home/airflow/.local/lib/python3.12/site-packages/airflow/example_dags/example_python_decorator.py
[2024-11-08T14:44:16.721+0000] {logging_mixin.py:190} INFO - [2024-11-08T14:44:16.721+0000] {dag.py:3239} INFO - Sync 1 DAGs
[2024-11-08T14:44:16.734+0000] {logging_mixin.py:190} INFO - [2024-11-08T14:44:16.734+0000] {dag.py:4180} INFO - Setting next_dagrun for example_python_decorator to None, run_after=None
[2024-11-08T14:44:16.997+0000] {processor.py:208} INFO - Processing /home/airflow/.local/lib/python3.12/site-packages/airflow/example_dags/example_python_decorator.py took 0.319 seconds
[2024-11-08T14:44:47.828+0000] {processor.py:186} INFO - Started process (PID=1645) to work on /home/airflow/.local/lib/python3.12/site-packages/airflow/example_dags/example_python_decorator.py
[2024-11-08T14:44:47.829+0000] {processor.py:914} INFO - Processing file /home/airflow/.local/lib/python3.12/site-packages/airflow/example_dags/example_python_decorator.py for tasks to queue
[2024-11-08T14:44:47.831+0000] {logging_mixin.py:190} INFO - [2024-11-08T14:44:47.831+0000] {dagbag.py:588} INFO - Filling up the DagBag from /home/airflow/.local/lib/python3.12/site-packages/airflow/example_dags/example_python_decorator.py
[2024-11-08T14:44:47.844+0000] {processor.py:925} INFO - DAG(s) 'example_python_decorator' retrieved from /home/airflow/.local/lib/python3.12/site-packages/airflow/example_dags/example_python_decorator.py
[2024-11-08T14:44:47.866+0000] {logging_mixin.py:190} INFO - [2024-11-08T14:44:47.866+0000] {dag.py:3239} INFO - Sync 1 DAGs
[2024-11-08T14:44:47.880+0000] {logging_mixin.py:190} INFO - [2024-11-08T14:44:47.880+0000] {dag.py:4180} INFO - Setting next_dagrun for example_python_decorator to None, run_after=None
[2024-11-08T14:44:48.082+0000] {processor.py:208} INFO - Processing /home/airflow/.local/lib/python3.12/site-packages/airflow/example_dags/example_python_decorator.py took 0.260 seconds
[2024-11-08T14:45:18.227+0000] {processor.py:186} INFO - Started process (PID=1708) to work on /home/airflow/.local/lib/python3.12/site-packages/airflow/example_dags/example_python_decorator.py
[2024-11-08T14:45:18.277+0000] {processor.py:914} INFO - Processing file /home/airflow/.local/lib/python3.12/site-packages/airflow/example_dags/example_python_decorator.py for tasks to queue
[2024-11-08T14:45:18.342+0000] {logging_mixin.py:190} INFO - [2024-11-08T14:45:18.342+0000] {dagbag.py:588} INFO - Filling up the DagBag from /home/airflow/.local/lib/python3.12/site-packages/airflow/example_dags/example_python_decorator.py
[2024-11-08T14:45:18.405+0000] {processor.py:925} INFO - DAG(s) 'example_python_decorator' retrieved from /home/airflow/.local/lib/python3.12/site-packages/airflow/example_dags/example_python_decorator.py
[2024-11-08T14:45:18.468+0000] {logging_mixin.py:190} INFO - [2024-11-08T14:45:18.467+0000] {dag.py:3239} INFO - Sync 1 DAGs
[2024-11-08T14:45:18.492+0000] {logging_mixin.py:190} INFO - [2024-11-08T14:45:18.489+0000] {dag.py:4180} INFO - Setting next_dagrun for example_python_decorator to None, run_after=None
[2024-11-08T14:45:18.558+0000] {processor.py:208} INFO - Processing /home/airflow/.local/lib/python3.12/site-packages/airflow/example_dags/example_python_decorator.py took 0.348 seconds
[2024-11-08T14:45:49.515+0000] {processor.py:186} INFO - Started process (PID=1771) to work on /home/airflow/.local/lib/python3.12/site-packages/airflow/example_dags/example_python_decorator.py
[2024-11-08T14:45:49.517+0000] {processor.py:914} INFO - Processing file /home/airflow/.local/lib/python3.12/site-packages/airflow/example_dags/example_python_decorator.py for tasks to queue
[2024-11-08T14:45:49.522+0000] {logging_mixin.py:190} INFO - [2024-11-08T14:45:49.521+0000] {dagbag.py:588} INFO - Filling up the DagBag from /home/airflow/.local/lib/python3.12/site-packages/airflow/example_dags/example_python_decorator.py
[2024-11-08T14:45:49.537+0000] {processor.py:925} INFO - DAG(s) 'example_python_decorator' retrieved from /home/airflow/.local/lib/python3.12/site-packages/airflow/example_dags/example_python_decorator.py
[2024-11-08T14:45:49.568+0000] {logging_mixin.py:190} INFO - [2024-11-08T14:45:49.567+0000] {dag.py:3239} INFO - Sync 1 DAGs
[2024-11-08T14:45:49.584+0000] {logging_mixin.py:190} INFO - [2024-11-08T14:45:49.583+0000] {dag.py:4180} INFO - Setting next_dagrun for example_python_decorator to None, run_after=None
[2024-11-08T14:45:49.617+0000] {processor.py:208} INFO - Processing /home/airflow/.local/lib/python3.12/site-packages/airflow/example_dags/example_python_decorator.py took 0.109 seconds
[2024-11-08T14:46:19.866+0000] {processor.py:186} INFO - Started process (PID=1834) to work on /home/airflow/.local/lib/python3.12/site-packages/airflow/example_dags/example_python_decorator.py
[2024-11-08T14:46:19.867+0000] {processor.py:914} INFO - Processing file /home/airflow/.local/lib/python3.12/site-packages/airflow/example_dags/example_python_decorator.py for tasks to queue
[2024-11-08T14:46:19.870+0000] {logging_mixin.py:190} INFO - [2024-11-08T14:46:19.869+0000] {dagbag.py:588} INFO - Filling up the DagBag from /home/airflow/.local/lib/python3.12/site-packages/airflow/example_dags/example_python_decorator.py
[2024-11-08T14:46:19.885+0000] {processor.py:925} INFO - DAG(s) 'example_python_decorator' retrieved from /home/airflow/.local/lib/python3.12/site-packages/airflow/example_dags/example_python_decorator.py
[2024-11-08T14:46:19.909+0000] {logging_mixin.py:190} INFO - [2024-11-08T14:46:19.909+0000] {dag.py:3239} INFO - Sync 1 DAGs
[2024-11-08T14:46:19.925+0000] {logging_mixin.py:190} INFO - [2024-11-08T14:46:19.925+0000] {dag.py:4180} INFO - Setting next_dagrun for example_python_decorator to None, run_after=None
[2024-11-08T14:46:20.374+0000] {processor.py:208} INFO - Processing /home/airflow/.local/lib/python3.12/site-packages/airflow/example_dags/example_python_decorator.py took 0.514 seconds
[2024-11-08T14:46:50.947+0000] {processor.py:186} INFO - Started process (PID=1898) to work on /home/airflow/.local/lib/python3.12/site-packages/airflow/example_dags/example_python_decorator.py
[2024-11-08T14:46:50.948+0000] {processor.py:914} INFO - Processing file /home/airflow/.local/lib/python3.12/site-packages/airflow/example_dags/example_python_decorator.py for tasks to queue
[2024-11-08T14:46:50.951+0000] {logging_mixin.py:190} INFO - [2024-11-08T14:46:50.950+0000] {dagbag.py:588} INFO - Filling up the DagBag from /home/airflow/.local/lib/python3.12/site-packages/airflow/example_dags/example_python_decorator.py
[2024-11-08T14:46:50.964+0000] {processor.py:925} INFO - DAG(s) 'example_python_decorator' retrieved from /home/airflow/.local/lib/python3.12/site-packages/airflow/example_dags/example_python_decorator.py
[2024-11-08T14:46:50.989+0000] {logging_mixin.py:190} INFO - [2024-11-08T14:46:50.989+0000] {dag.py:3239} INFO - Sync 1 DAGs
[2024-11-08T14:46:51.003+0000] {logging_mixin.py:190} INFO - [2024-11-08T14:46:51.003+0000] {dag.py:4180} INFO - Setting next_dagrun for example_python_decorator to None, run_after=None
[2024-11-08T14:46:51.037+0000] {processor.py:208} INFO - Processing /home/airflow/.local/lib/python3.12/site-packages/airflow/example_dags/example_python_decorator.py took 0.100 seconds
[2024-11-08T14:47:21.804+0000] {processor.py:186} INFO - Started process (PID=1961) to work on /home/airflow/.local/lib/python3.12/site-packages/airflow/example_dags/example_python_decorator.py
[2024-11-08T14:47:21.805+0000] {processor.py:914} INFO - Processing file /home/airflow/.local/lib/python3.12/site-packages/airflow/example_dags/example_python_decorator.py for tasks to queue
[2024-11-08T14:47:21.808+0000] {logging_mixin.py:190} INFO - [2024-11-08T14:47:21.807+0000] {dagbag.py:588} INFO - Filling up the DagBag from /home/airflow/.local/lib/python3.12/site-packages/airflow/example_dags/example_python_decorator.py
[2024-11-08T14:47:21.821+0000] {processor.py:925} INFO - DAG(s) 'example_python_decorator' retrieved from /home/airflow/.local/lib/python3.12/site-packages/airflow/example_dags/example_python_decorator.py
[2024-11-08T14:47:21.846+0000] {logging_mixin.py:190} INFO - [2024-11-08T14:47:21.846+0000] {dag.py:3239} INFO - Sync 1 DAGs
[2024-11-08T14:47:21.860+0000] {logging_mixin.py:190} INFO - [2024-11-08T14:47:21.860+0000] {dag.py:4180} INFO - Setting next_dagrun for example_python_decorator to None, run_after=None
[2024-11-08T14:47:21.887+0000] {processor.py:208} INFO - Processing /home/airflow/.local/lib/python3.12/site-packages/airflow/example_dags/example_python_decorator.py took 0.092 seconds
[2024-11-08T14:47:53.251+0000] {processor.py:186} INFO - Started process (PID=2024) to work on /home/airflow/.local/lib/python3.12/site-packages/airflow/example_dags/example_python_decorator.py
[2024-11-08T14:47:53.252+0000] {processor.py:914} INFO - Processing file /home/airflow/.local/lib/python3.12/site-packages/airflow/example_dags/example_python_decorator.py for tasks to queue
[2024-11-08T14:47:53.254+0000] {logging_mixin.py:190} INFO - [2024-11-08T14:47:53.254+0000] {dagbag.py:588} INFO - Filling up the DagBag from /home/airflow/.local/lib/python3.12/site-packages/airflow/example_dags/example_python_decorator.py
[2024-11-08T14:47:53.269+0000] {processor.py:925} INFO - DAG(s) 'example_python_decorator' retrieved from /home/airflow/.local/lib/python3.12/site-packages/airflow/example_dags/example_python_decorator.py
[2024-11-08T14:47:53.296+0000] {logging_mixin.py:190} INFO - [2024-11-08T14:47:53.296+0000] {dag.py:3239} INFO - Sync 1 DAGs
[2024-11-08T14:47:53.311+0000] {logging_mixin.py:190} INFO - [2024-11-08T14:47:53.311+0000] {dag.py:4180} INFO - Setting next_dagrun for example_python_decorator to None, run_after=None
[2024-11-08T14:47:53.403+0000] {processor.py:208} INFO - Processing /home/airflow/.local/lib/python3.12/site-packages/airflow/example_dags/example_python_decorator.py took 0.158 seconds
[2024-11-08T14:48:24.642+0000] {processor.py:186} INFO - Started process (PID=2087) to work on /home/airflow/.local/lib/python3.12/site-packages/airflow/example_dags/example_python_decorator.py
[2024-11-08T14:48:24.643+0000] {processor.py:914} INFO - Processing file /home/airflow/.local/lib/python3.12/site-packages/airflow/example_dags/example_python_decorator.py for tasks to queue
[2024-11-08T14:48:24.645+0000] {logging_mixin.py:190} INFO - [2024-11-08T14:48:24.645+0000] {dagbag.py:588} INFO - Filling up the DagBag from /home/airflow/.local/lib/python3.12/site-packages/airflow/example_dags/example_python_decorator.py
[2024-11-08T14:48:24.663+0000] {processor.py:925} INFO - DAG(s) 'example_python_decorator' retrieved from /home/airflow/.local/lib/python3.12/site-packages/airflow/example_dags/example_python_decorator.py
[2024-11-08T14:48:24.685+0000] {logging_mixin.py:190} INFO - [2024-11-08T14:48:24.685+0000] {dag.py:3239} INFO - Sync 1 DAGs
[2024-11-08T14:48:24.700+0000] {logging_mixin.py:190} INFO - [2024-11-08T14:48:24.700+0000] {dag.py:4180} INFO - Setting next_dagrun for example_python_decorator to None, run_after=None
[2024-11-08T14:48:24.763+0000] {processor.py:208} INFO - Processing /home/airflow/.local/lib/python3.12/site-packages/airflow/example_dags/example_python_decorator.py took 0.127 seconds
[2024-11-08T14:48:55.240+0000] {processor.py:186} INFO - Started process (PID=2143) to work on /home/airflow/.local/lib/python3.12/site-packages/airflow/example_dags/example_python_decorator.py
[2024-11-08T14:48:55.243+0000] {processor.py:914} INFO - Processing file /home/airflow/.local/lib/python3.12/site-packages/airflow/example_dags/example_python_decorator.py for tasks to queue
[2024-11-08T14:48:55.246+0000] {logging_mixin.py:190} INFO - [2024-11-08T14:48:55.245+0000] {dagbag.py:588} INFO - Filling up the DagBag from /home/airflow/.local/lib/python3.12/site-packages/airflow/example_dags/example_python_decorator.py
[2024-11-08T14:48:55.263+0000] {processor.py:925} INFO - DAG(s) 'example_python_decorator' retrieved from /home/airflow/.local/lib/python3.12/site-packages/airflow/example_dags/example_python_decorator.py
[2024-11-08T14:48:55.288+0000] {logging_mixin.py:190} INFO - [2024-11-08T14:48:55.288+0000] {dag.py:3239} INFO - Sync 1 DAGs
[2024-11-08T14:48:55.302+0000] {logging_mixin.py:190} INFO - [2024-11-08T14:48:55.302+0000] {dag.py:4180} INFO - Setting next_dagrun for example_python_decorator to None, run_after=None
[2024-11-08T14:48:55.359+0000] {processor.py:208} INFO - Processing /home/airflow/.local/lib/python3.12/site-packages/airflow/example_dags/example_python_decorator.py took 0.125 seconds
[2024-11-08T14:49:25.405+0000] {processor.py:186} INFO - Started process (PID=2202) to work on /home/airflow/.local/lib/python3.12/site-packages/airflow/example_dags/example_python_decorator.py
[2024-11-08T14:49:25.406+0000] {processor.py:914} INFO - Processing file /home/airflow/.local/lib/python3.12/site-packages/airflow/example_dags/example_python_decorator.py for tasks to queue
[2024-11-08T14:49:25.409+0000] {logging_mixin.py:190} INFO - [2024-11-08T14:49:25.409+0000] {dagbag.py:588} INFO - Filling up the DagBag from /home/airflow/.local/lib/python3.12/site-packages/airflow/example_dags/example_python_decorator.py
[2024-11-08T14:49:25.423+0000] {processor.py:925} INFO - DAG(s) 'example_python_decorator' retrieved from /home/airflow/.local/lib/python3.12/site-packages/airflow/example_dags/example_python_decorator.py
[2024-11-08T14:49:25.448+0000] {logging_mixin.py:190} INFO - [2024-11-08T14:49:25.448+0000] {dag.py:3239} INFO - Sync 1 DAGs
[2024-11-08T14:49:25.463+0000] {logging_mixin.py:190} INFO - [2024-11-08T14:49:25.463+0000] {dag.py:4180} INFO - Setting next_dagrun for example_python_decorator to None, run_after=None
[2024-11-08T14:49:25.496+0000] {processor.py:208} INFO - Processing /home/airflow/.local/lib/python3.12/site-packages/airflow/example_dags/example_python_decorator.py took 0.097 seconds
[2024-11-08T14:49:56.014+0000] {processor.py:186} INFO - Started process (PID=2260) to work on /home/airflow/.local/lib/python3.12/site-packages/airflow/example_dags/example_python_decorator.py
[2024-11-08T14:49:56.015+0000] {processor.py:914} INFO - Processing file /home/airflow/.local/lib/python3.12/site-packages/airflow/example_dags/example_python_decorator.py for tasks to queue
[2024-11-08T14:49:56.019+0000] {logging_mixin.py:190} INFO - [2024-11-08T14:49:56.018+0000] {dagbag.py:588} INFO - Filling up the DagBag from /home/airflow/.local/lib/python3.12/site-packages/airflow/example_dags/example_python_decorator.py
[2024-11-08T14:49:56.040+0000] {processor.py:925} INFO - DAG(s) 'example_python_decorator' retrieved from /home/airflow/.local/lib/python3.12/site-packages/airflow/example_dags/example_python_decorator.py
[2024-11-08T14:49:56.074+0000] {logging_mixin.py:190} INFO - [2024-11-08T14:49:56.073+0000] {dag.py:3239} INFO - Sync 1 DAGs
[2024-11-08T14:49:56.100+0000] {logging_mixin.py:190} INFO - [2024-11-08T14:49:56.098+0000] {dag.py:4180} INFO - Setting next_dagrun for example_python_decorator to None, run_after=None
[2024-11-08T14:49:56.324+0000] {processor.py:208} INFO - Processing /home/airflow/.local/lib/python3.12/site-packages/airflow/example_dags/example_python_decorator.py took 0.320 seconds
[2024-11-08T14:50:26.789+0000] {processor.py:186} INFO - Started process (PID=2322) to work on /home/airflow/.local/lib/python3.12/site-packages/airflow/example_dags/example_python_decorator.py
[2024-11-08T14:50:26.790+0000] {processor.py:914} INFO - Processing file /home/airflow/.local/lib/python3.12/site-packages/airflow/example_dags/example_python_decorator.py for tasks to queue
[2024-11-08T14:50:26.793+0000] {logging_mixin.py:190} INFO - [2024-11-08T14:50:26.793+0000] {dagbag.py:588} INFO - Filling up the DagBag from /home/airflow/.local/lib/python3.12/site-packages/airflow/example_dags/example_python_decorator.py
[2024-11-08T14:50:26.807+0000] {processor.py:925} INFO - DAG(s) 'example_python_decorator' retrieved from /home/airflow/.local/lib/python3.12/site-packages/airflow/example_dags/example_python_decorator.py
[2024-11-08T14:50:26.829+0000] {logging_mixin.py:190} INFO - [2024-11-08T14:50:26.829+0000] {dag.py:3239} INFO - Sync 1 DAGs
[2024-11-08T14:50:26.843+0000] {logging_mixin.py:190} INFO - [2024-11-08T14:50:26.843+0000] {dag.py:4180} INFO - Setting next_dagrun for example_python_decorator to None, run_after=None
[2024-11-08T14:50:27.000+0000] {processor.py:208} INFO - Processing /home/airflow/.local/lib/python3.12/site-packages/airflow/example_dags/example_python_decorator.py took 0.216 seconds
[2024-11-08T14:50:57.961+0000] {processor.py:186} INFO - Started process (PID=2391) to work on /home/airflow/.local/lib/python3.12/site-packages/airflow/example_dags/example_python_decorator.py
[2024-11-08T14:50:57.963+0000] {processor.py:914} INFO - Processing file /home/airflow/.local/lib/python3.12/site-packages/airflow/example_dags/example_python_decorator.py for tasks to queue
[2024-11-08T14:50:57.965+0000] {logging_mixin.py:190} INFO - [2024-11-08T14:50:57.965+0000] {dagbag.py:588} INFO - Filling up the DagBag from /home/airflow/.local/lib/python3.12/site-packages/airflow/example_dags/example_python_decorator.py
[2024-11-08T14:50:57.988+0000] {processor.py:925} INFO - DAG(s) 'example_python_decorator' retrieved from /home/airflow/.local/lib/python3.12/site-packages/airflow/example_dags/example_python_decorator.py
[2024-11-08T14:50:58.019+0000] {logging_mixin.py:190} INFO - [2024-11-08T14:50:58.019+0000] {dag.py:3239} INFO - Sync 1 DAGs
[2024-11-08T14:50:58.051+0000] {logging_mixin.py:190} INFO - [2024-11-08T14:50:58.051+0000] {dag.py:4180} INFO - Setting next_dagrun for example_python_decorator to None, run_after=None
[2024-11-08T14:50:58.257+0000] {processor.py:208} INFO - Processing /home/airflow/.local/lib/python3.12/site-packages/airflow/example_dags/example_python_decorator.py took 0.303 seconds
[2024-11-08T14:51:29.646+0000] {processor.py:186} INFO - Started process (PID=2452) to work on /home/airflow/.local/lib/python3.12/site-packages/airflow/example_dags/example_python_decorator.py
[2024-11-08T14:51:29.647+0000] {processor.py:914} INFO - Processing file /home/airflow/.local/lib/python3.12/site-packages/airflow/example_dags/example_python_decorator.py for tasks to queue
[2024-11-08T14:51:29.649+0000] {logging_mixin.py:190} INFO - [2024-11-08T14:51:29.649+0000] {dagbag.py:588} INFO - Filling up the DagBag from /home/airflow/.local/lib/python3.12/site-packages/airflow/example_dags/example_python_decorator.py
[2024-11-08T14:51:29.664+0000] {processor.py:925} INFO - DAG(s) 'example_python_decorator' retrieved from /home/airflow/.local/lib/python3.12/site-packages/airflow/example_dags/example_python_decorator.py
[2024-11-08T14:51:29.688+0000] {logging_mixin.py:190} INFO - [2024-11-08T14:51:29.687+0000] {dag.py:3239} INFO - Sync 1 DAGs
[2024-11-08T14:51:29.704+0000] {logging_mixin.py:190} INFO - [2024-11-08T14:51:29.704+0000] {dag.py:4180} INFO - Setting next_dagrun for example_python_decorator to None, run_after=None
[2024-11-08T14:51:29.781+0000] {processor.py:208} INFO - Processing /home/airflow/.local/lib/python3.12/site-packages/airflow/example_dags/example_python_decorator.py took 0.141 seconds
[2024-11-08T14:52:00.731+0000] {processor.py:186} INFO - Started process (PID=2513) to work on /home/airflow/.local/lib/python3.12/site-packages/airflow/example_dags/example_python_decorator.py
[2024-11-08T14:52:00.732+0000] {processor.py:914} INFO - Processing file /home/airflow/.local/lib/python3.12/site-packages/airflow/example_dags/example_python_decorator.py for tasks to queue
[2024-11-08T14:52:00.735+0000] {logging_mixin.py:190} INFO - [2024-11-08T14:52:00.734+0000] {dagbag.py:588} INFO - Filling up the DagBag from /home/airflow/.local/lib/python3.12/site-packages/airflow/example_dags/example_python_decorator.py
[2024-11-08T14:52:00.771+0000] {processor.py:925} INFO - DAG(s) 'example_python_decorator' retrieved from /home/airflow/.local/lib/python3.12/site-packages/airflow/example_dags/example_python_decorator.py
[2024-11-08T14:52:00.799+0000] {logging_mixin.py:190} INFO - [2024-11-08T14:52:00.799+0000] {dag.py:3239} INFO - Sync 1 DAGs
[2024-11-08T14:52:00.819+0000] {logging_mixin.py:190} INFO - [2024-11-08T14:52:00.819+0000] {dag.py:4180} INFO - Setting next_dagrun for example_python_decorator to None, run_after=None
[2024-11-08T14:52:00.861+0000] {processor.py:208} INFO - Processing /home/airflow/.local/lib/python3.12/site-packages/airflow/example_dags/example_python_decorator.py took 0.137 seconds
[2024-11-08T14:52:31.129+0000] {processor.py:186} INFO - Started process (PID=2572) to work on /home/airflow/.local/lib/python3.12/site-packages/airflow/example_dags/example_python_decorator.py
[2024-11-08T14:52:31.131+0000] {processor.py:914} INFO - Processing file /home/airflow/.local/lib/python3.12/site-packages/airflow/example_dags/example_python_decorator.py for tasks to queue
[2024-11-08T14:52:31.133+0000] {logging_mixin.py:190} INFO - [2024-11-08T14:52:31.133+0000] {dagbag.py:588} INFO - Filling up the DagBag from /home/airflow/.local/lib/python3.12/site-packages/airflow/example_dags/example_python_decorator.py
[2024-11-08T14:52:31.149+0000] {processor.py:925} INFO - DAG(s) 'example_python_decorator' retrieved from /home/airflow/.local/lib/python3.12/site-packages/airflow/example_dags/example_python_decorator.py
[2024-11-08T14:52:31.173+0000] {logging_mixin.py:190} INFO - [2024-11-08T14:52:31.173+0000] {dag.py:3239} INFO - Sync 1 DAGs
[2024-11-08T14:52:31.189+0000] {logging_mixin.py:190} INFO - [2024-11-08T14:52:31.189+0000] {dag.py:4180} INFO - Setting next_dagrun for example_python_decorator to None, run_after=None
[2024-11-08T14:52:31.223+0000] {processor.py:208} INFO - Processing /home/airflow/.local/lib/python3.12/site-packages/airflow/example_dags/example_python_decorator.py took 0.101 seconds
[2024-11-08T14:53:01.725+0000] {processor.py:186} INFO - Started process (PID=2635) to work on /home/airflow/.local/lib/python3.12/site-packages/airflow/example_dags/example_python_decorator.py
[2024-11-08T14:53:01.726+0000] {processor.py:914} INFO - Processing file /home/airflow/.local/lib/python3.12/site-packages/airflow/example_dags/example_python_decorator.py for tasks to queue
[2024-11-08T14:53:01.729+0000] {logging_mixin.py:190} INFO - [2024-11-08T14:53:01.728+0000] {dagbag.py:588} INFO - Filling up the DagBag from /home/airflow/.local/lib/python3.12/site-packages/airflow/example_dags/example_python_decorator.py
[2024-11-08T14:53:01.745+0000] {processor.py:925} INFO - DAG(s) 'example_python_decorator' retrieved from /home/airflow/.local/lib/python3.12/site-packages/airflow/example_dags/example_python_decorator.py
[2024-11-08T14:53:01.769+0000] {logging_mixin.py:190} INFO - [2024-11-08T14:53:01.769+0000] {dag.py:3239} INFO - Sync 1 DAGs
[2024-11-08T14:53:01.784+0000] {logging_mixin.py:190} INFO - [2024-11-08T14:53:01.783+0000] {dag.py:4180} INFO - Setting next_dagrun for example_python_decorator to None, run_after=None
[2024-11-08T14:53:01.982+0000] {processor.py:208} INFO - Processing /home/airflow/.local/lib/python3.12/site-packages/airflow/example_dags/example_python_decorator.py took 0.263 seconds
[2024-11-08T14:53:32.585+0000] {processor.py:186} INFO - Started process (PID=2698) to work on /home/airflow/.local/lib/python3.12/site-packages/airflow/example_dags/example_python_decorator.py
[2024-11-08T14:53:32.587+0000] {processor.py:914} INFO - Processing file /home/airflow/.local/lib/python3.12/site-packages/airflow/example_dags/example_python_decorator.py for tasks to queue
[2024-11-08T14:53:32.589+0000] {logging_mixin.py:190} INFO - [2024-11-08T14:53:32.589+0000] {dagbag.py:588} INFO - Filling up the DagBag from /home/airflow/.local/lib/python3.12/site-packages/airflow/example_dags/example_python_decorator.py
[2024-11-08T14:53:32.602+0000] {processor.py:925} INFO - DAG(s) 'example_python_decorator' retrieved from /home/airflow/.local/lib/python3.12/site-packages/airflow/example_dags/example_python_decorator.py
[2024-11-08T14:53:32.626+0000] {logging_mixin.py:190} INFO - [2024-11-08T14:53:32.625+0000] {dag.py:3239} INFO - Sync 1 DAGs
[2024-11-08T14:53:32.640+0000] {logging_mixin.py:190} INFO - [2024-11-08T14:53:32.640+0000] {dag.py:4180} INFO - Setting next_dagrun for example_python_decorator to None, run_after=None
[2024-11-08T14:53:33.299+0000] {processor.py:208} INFO - Processing /home/airflow/.local/lib/python3.12/site-packages/airflow/example_dags/example_python_decorator.py took 0.719 seconds
[2024-11-08T14:54:04.061+0000] {processor.py:186} INFO - Started process (PID=2761) to work on /home/airflow/.local/lib/python3.12/site-packages/airflow/example_dags/example_python_decorator.py
[2024-11-08T14:54:04.062+0000] {processor.py:914} INFO - Processing file /home/airflow/.local/lib/python3.12/site-packages/airflow/example_dags/example_python_decorator.py for tasks to queue
[2024-11-08T14:54:04.065+0000] {logging_mixin.py:190} INFO - [2024-11-08T14:54:04.065+0000] {dagbag.py:588} INFO - Filling up the DagBag from /home/airflow/.local/lib/python3.12/site-packages/airflow/example_dags/example_python_decorator.py
[2024-11-08T14:54:04.083+0000] {processor.py:925} INFO - DAG(s) 'example_python_decorator' retrieved from /home/airflow/.local/lib/python3.12/site-packages/airflow/example_dags/example_python_decorator.py
[2024-11-08T14:54:04.105+0000] {logging_mixin.py:190} INFO - [2024-11-08T14:54:04.105+0000] {dag.py:3239} INFO - Sync 1 DAGs
[2024-11-08T14:54:04.120+0000] {logging_mixin.py:190} INFO - [2024-11-08T14:54:04.120+0000] {dag.py:4180} INFO - Setting next_dagrun for example_python_decorator to None, run_after=None
[2024-11-08T14:54:04.146+0000] {processor.py:208} INFO - Processing /home/airflow/.local/lib/python3.12/site-packages/airflow/example_dags/example_python_decorator.py took 0.092 seconds
[2024-11-08T14:54:34.200+0000] {processor.py:186} INFO - Started process (PID=2824) to work on /home/airflow/.local/lib/python3.12/site-packages/airflow/example_dags/example_python_decorator.py
[2024-11-08T14:54:34.201+0000] {processor.py:914} INFO - Processing file /home/airflow/.local/lib/python3.12/site-packages/airflow/example_dags/example_python_decorator.py for tasks to queue
[2024-11-08T14:54:34.204+0000] {logging_mixin.py:190} INFO - [2024-11-08T14:54:34.204+0000] {dagbag.py:588} INFO - Filling up the DagBag from /home/airflow/.local/lib/python3.12/site-packages/airflow/example_dags/example_python_decorator.py
[2024-11-08T14:54:34.219+0000] {processor.py:925} INFO - DAG(s) 'example_python_decorator' retrieved from /home/airflow/.local/lib/python3.12/site-packages/airflow/example_dags/example_python_decorator.py
[2024-11-08T14:54:34.244+0000] {logging_mixin.py:190} INFO - [2024-11-08T14:54:34.243+0000] {dag.py:3239} INFO - Sync 1 DAGs
[2024-11-08T14:54:34.259+0000] {logging_mixin.py:190} INFO - [2024-11-08T14:54:34.259+0000] {dag.py:4180} INFO - Setting next_dagrun for example_python_decorator to None, run_after=None
[2024-11-08T14:54:34.430+0000] {processor.py:208} INFO - Processing /home/airflow/.local/lib/python3.12/site-packages/airflow/example_dags/example_python_decorator.py took 0.237 seconds
[2024-11-08T14:55:05.380+0000] {processor.py:186} INFO - Started process (PID=2887) to work on /home/airflow/.local/lib/python3.12/site-packages/airflow/example_dags/example_python_decorator.py
[2024-11-08T14:55:05.381+0000] {processor.py:914} INFO - Processing file /home/airflow/.local/lib/python3.12/site-packages/airflow/example_dags/example_python_decorator.py for tasks to queue
[2024-11-08T14:55:05.384+0000] {logging_mixin.py:190} INFO - [2024-11-08T14:55:05.384+0000] {dagbag.py:588} INFO - Filling up the DagBag from /home/airflow/.local/lib/python3.12/site-packages/airflow/example_dags/example_python_decorator.py
[2024-11-08T14:55:05.403+0000] {processor.py:925} INFO - DAG(s) 'example_python_decorator' retrieved from /home/airflow/.local/lib/python3.12/site-packages/airflow/example_dags/example_python_decorator.py
[2024-11-08T14:55:05.427+0000] {logging_mixin.py:190} INFO - [2024-11-08T14:55:05.427+0000] {dag.py:3239} INFO - Sync 1 DAGs
[2024-11-08T14:55:05.446+0000] {logging_mixin.py:190} INFO - [2024-11-08T14:55:05.445+0000] {dag.py:4180} INFO - Setting next_dagrun for example_python_decorator to None, run_after=None
[2024-11-08T14:55:06.045+0000] {processor.py:208} INFO - Processing /home/airflow/.local/lib/python3.12/site-packages/airflow/example_dags/example_python_decorator.py took 0.678 seconds
[2024-11-08T14:55:36.723+0000] {processor.py:186} INFO - Started process (PID=2950) to work on /home/airflow/.local/lib/python3.12/site-packages/airflow/example_dags/example_python_decorator.py
[2024-11-08T14:55:36.725+0000] {processor.py:914} INFO - Processing file /home/airflow/.local/lib/python3.12/site-packages/airflow/example_dags/example_python_decorator.py for tasks to queue
[2024-11-08T14:55:36.728+0000] {logging_mixin.py:190} INFO - [2024-11-08T14:55:36.727+0000] {dagbag.py:588} INFO - Filling up the DagBag from /home/airflow/.local/lib/python3.12/site-packages/airflow/example_dags/example_python_decorator.py
[2024-11-08T14:55:36.744+0000] {processor.py:925} INFO - DAG(s) 'example_python_decorator' retrieved from /home/airflow/.local/lib/python3.12/site-packages/airflow/example_dags/example_python_decorator.py
[2024-11-08T14:55:36.767+0000] {logging_mixin.py:190} INFO - [2024-11-08T14:55:36.767+0000] {dag.py:3239} INFO - Sync 1 DAGs
[2024-11-08T14:55:36.783+0000] {logging_mixin.py:190} INFO - [2024-11-08T14:55:36.783+0000] {dag.py:4180} INFO - Setting next_dagrun for example_python_decorator to None, run_after=None
[2024-11-08T14:55:36.958+0000] {processor.py:208} INFO - Processing /home/airflow/.local/lib/python3.12/site-packages/airflow/example_dags/example_python_decorator.py took 0.242 seconds
[2024-11-08T14:56:07.420+0000] {processor.py:186} INFO - Started process (PID=3013) to work on /home/airflow/.local/lib/python3.12/site-packages/airflow/example_dags/example_python_decorator.py
[2024-11-08T14:56:07.421+0000] {processor.py:914} INFO - Processing file /home/airflow/.local/lib/python3.12/site-packages/airflow/example_dags/example_python_decorator.py for tasks to queue
[2024-11-08T14:56:07.424+0000] {logging_mixin.py:190} INFO - [2024-11-08T14:56:07.424+0000] {dagbag.py:588} INFO - Filling up the DagBag from /home/airflow/.local/lib/python3.12/site-packages/airflow/example_dags/example_python_decorator.py
[2024-11-08T14:56:07.439+0000] {processor.py:925} INFO - DAG(s) 'example_python_decorator' retrieved from /home/airflow/.local/lib/python3.12/site-packages/airflow/example_dags/example_python_decorator.py
[2024-11-08T14:56:07.464+0000] {logging_mixin.py:190} INFO - [2024-11-08T14:56:07.464+0000] {dag.py:3239} INFO - Sync 1 DAGs
[2024-11-08T14:56:07.478+0000] {logging_mixin.py:190} INFO - [2024-11-08T14:56:07.478+0000] {dag.py:4180} INFO - Setting next_dagrun for example_python_decorator to None, run_after=None
[2024-11-08T14:56:07.501+0000] {processor.py:208} INFO - Processing /home/airflow/.local/lib/python3.12/site-packages/airflow/example_dags/example_python_decorator.py took 0.088 seconds
[2024-11-08T14:56:37.677+0000] {processor.py:186} INFO - Started process (PID=3076) to work on /home/airflow/.local/lib/python3.12/site-packages/airflow/example_dags/example_python_decorator.py
[2024-11-08T14:56:37.678+0000] {processor.py:914} INFO - Processing file /home/airflow/.local/lib/python3.12/site-packages/airflow/example_dags/example_python_decorator.py for tasks to queue
[2024-11-08T14:56:37.681+0000] {logging_mixin.py:190} INFO - [2024-11-08T14:56:37.680+0000] {dagbag.py:588} INFO - Filling up the DagBag from /home/airflow/.local/lib/python3.12/site-packages/airflow/example_dags/example_python_decorator.py
[2024-11-08T14:56:37.698+0000] {processor.py:925} INFO - DAG(s) 'example_python_decorator' retrieved from /home/airflow/.local/lib/python3.12/site-packages/airflow/example_dags/example_python_decorator.py
[2024-11-08T14:56:37.720+0000] {logging_mixin.py:190} INFO - [2024-11-08T14:56:37.720+0000] {dag.py:3239} INFO - Sync 1 DAGs
[2024-11-08T14:56:37.914+0000] {logging_mixin.py:190} INFO - [2024-11-08T14:56:37.914+0000] {dag.py:4180} INFO - Setting next_dagrun for example_python_decorator to None, run_after=None
[2024-11-08T14:56:38.026+0000] {processor.py:208} INFO - Processing /home/airflow/.local/lib/python3.12/site-packages/airflow/example_dags/example_python_decorator.py took 0.358 seconds
[2024-11-08T14:57:08.519+0000] {processor.py:186} INFO - Started process (PID=3139) to work on /home/airflow/.local/lib/python3.12/site-packages/airflow/example_dags/example_python_decorator.py
[2024-11-08T14:57:08.520+0000] {processor.py:914} INFO - Processing file /home/airflow/.local/lib/python3.12/site-packages/airflow/example_dags/example_python_decorator.py for tasks to queue
[2024-11-08T14:57:08.523+0000] {logging_mixin.py:190} INFO - [2024-11-08T14:57:08.522+0000] {dagbag.py:588} INFO - Filling up the DagBag from /home/airflow/.local/lib/python3.12/site-packages/airflow/example_dags/example_python_decorator.py
[2024-11-08T14:57:08.536+0000] {processor.py:925} INFO - DAG(s) 'example_python_decorator' retrieved from /home/airflow/.local/lib/python3.12/site-packages/airflow/example_dags/example_python_decorator.py
[2024-11-08T14:57:08.558+0000] {logging_mixin.py:190} INFO - [2024-11-08T14:57:08.558+0000] {dag.py:3239} INFO - Sync 1 DAGs
[2024-11-08T14:57:08.573+0000] {logging_mixin.py:190} INFO - [2024-11-08T14:57:08.573+0000] {dag.py:4180} INFO - Setting next_dagrun for example_python_decorator to None, run_after=None
[2024-11-08T14:57:08.787+0000] {processor.py:208} INFO - Processing /home/airflow/.local/lib/python3.12/site-packages/airflow/example_dags/example_python_decorator.py took 0.274 seconds
[2024-11-08T14:57:39.618+0000] {processor.py:186} INFO - Started process (PID=3202) to work on /home/airflow/.local/lib/python3.12/site-packages/airflow/example_dags/example_python_decorator.py
[2024-11-08T14:57:39.620+0000] {processor.py:914} INFO - Processing file /home/airflow/.local/lib/python3.12/site-packages/airflow/example_dags/example_python_decorator.py for tasks to queue
[2024-11-08T14:57:39.624+0000] {logging_mixin.py:190} INFO - [2024-11-08T14:57:39.623+0000] {dagbag.py:588} INFO - Filling up the DagBag from /home/airflow/.local/lib/python3.12/site-packages/airflow/example_dags/example_python_decorator.py
[2024-11-08T14:57:39.639+0000] {processor.py:925} INFO - DAG(s) 'example_python_decorator' retrieved from /home/airflow/.local/lib/python3.12/site-packages/airflow/example_dags/example_python_decorator.py
[2024-11-08T14:57:39.661+0000] {logging_mixin.py:190} INFO - [2024-11-08T14:57:39.661+0000] {dag.py:3239} INFO - Sync 1 DAGs
[2024-11-08T14:57:39.675+0000] {logging_mixin.py:190} INFO - [2024-11-08T14:57:39.675+0000] {dag.py:4180} INFO - Setting next_dagrun for example_python_decorator to None, run_after=None
[2024-11-08T14:57:39.709+0000] {processor.py:208} INFO - Processing /home/airflow/.local/lib/python3.12/site-packages/airflow/example_dags/example_python_decorator.py took 0.104 seconds
[2024-11-08T14:58:09.849+0000] {processor.py:186} INFO - Started process (PID=3266) to work on /home/airflow/.local/lib/python3.12/site-packages/airflow/example_dags/example_python_decorator.py
[2024-11-08T14:58:09.851+0000] {processor.py:914} INFO - Processing file /home/airflow/.local/lib/python3.12/site-packages/airflow/example_dags/example_python_decorator.py for tasks to queue
[2024-11-08T14:58:09.856+0000] {logging_mixin.py:190} INFO - [2024-11-08T14:58:09.856+0000] {dagbag.py:588} INFO - Filling up the DagBag from /home/airflow/.local/lib/python3.12/site-packages/airflow/example_dags/example_python_decorator.py
[2024-11-08T14:58:09.878+0000] {processor.py:925} INFO - DAG(s) 'example_python_decorator' retrieved from /home/airflow/.local/lib/python3.12/site-packages/airflow/example_dags/example_python_decorator.py
[2024-11-08T14:58:09.905+0000] {logging_mixin.py:190} INFO - [2024-11-08T14:58:09.904+0000] {dag.py:3239} INFO - Sync 1 DAGs
[2024-11-08T14:58:09.924+0000] {logging_mixin.py:190} INFO - [2024-11-08T14:58:09.923+0000] {dag.py:4180} INFO - Setting next_dagrun for example_python_decorator to None, run_after=None
[2024-11-08T14:58:09.997+0000] {processor.py:208} INFO - Processing /home/airflow/.local/lib/python3.12/site-packages/airflow/example_dags/example_python_decorator.py took 0.163 seconds
[2024-11-08T14:58:40.743+0000] {processor.py:186} INFO - Started process (PID=3329) to work on /home/airflow/.local/lib/python3.12/site-packages/airflow/example_dags/example_python_decorator.py
[2024-11-08T14:58:40.744+0000] {processor.py:914} INFO - Processing file /home/airflow/.local/lib/python3.12/site-packages/airflow/example_dags/example_python_decorator.py for tasks to queue
[2024-11-08T14:58:40.747+0000] {logging_mixin.py:190} INFO - [2024-11-08T14:58:40.747+0000] {dagbag.py:588} INFO - Filling up the DagBag from /home/airflow/.local/lib/python3.12/site-packages/airflow/example_dags/example_python_decorator.py
[2024-11-08T14:58:40.769+0000] {processor.py:925} INFO - DAG(s) 'example_python_decorator' retrieved from /home/airflow/.local/lib/python3.12/site-packages/airflow/example_dags/example_python_decorator.py
[2024-11-08T14:58:40.804+0000] {logging_mixin.py:190} INFO - [2024-11-08T14:58:40.803+0000] {dag.py:3239} INFO - Sync 1 DAGs
[2024-11-08T14:58:40.825+0000] {logging_mixin.py:190} INFO - [2024-11-08T14:58:40.824+0000] {dag.py:4180} INFO - Setting next_dagrun for example_python_decorator to None, run_after=None
[2024-11-08T14:58:40.932+0000] {processor.py:208} INFO - Processing /home/airflow/.local/lib/python3.12/site-packages/airflow/example_dags/example_python_decorator.py took 0.199 seconds
[2024-11-08T14:59:11.235+0000] {processor.py:186} INFO - Started process (PID=3392) to work on /home/airflow/.local/lib/python3.12/site-packages/airflow/example_dags/example_python_decorator.py
[2024-11-08T14:59:11.236+0000] {processor.py:914} INFO - Processing file /home/airflow/.local/lib/python3.12/site-packages/airflow/example_dags/example_python_decorator.py for tasks to queue
[2024-11-08T14:59:11.239+0000] {logging_mixin.py:190} INFO - [2024-11-08T14:59:11.238+0000] {dagbag.py:588} INFO - Filling up the DagBag from /home/airflow/.local/lib/python3.12/site-packages/airflow/example_dags/example_python_decorator.py
[2024-11-08T14:59:11.252+0000] {processor.py:925} INFO - DAG(s) 'example_python_decorator' retrieved from /home/airflow/.local/lib/python3.12/site-packages/airflow/example_dags/example_python_decorator.py
[2024-11-08T14:59:11.273+0000] {logging_mixin.py:190} INFO - [2024-11-08T14:59:11.273+0000] {dag.py:3239} INFO - Sync 1 DAGs
[2024-11-08T14:59:11.286+0000] {logging_mixin.py:190} INFO - [2024-11-08T14:59:11.286+0000] {dag.py:4180} INFO - Setting next_dagrun for example_python_decorator to None, run_after=None
[2024-11-08T14:59:11.340+0000] {processor.py:208} INFO - Processing /home/airflow/.local/lib/python3.12/site-packages/airflow/example_dags/example_python_decorator.py took 0.113 seconds
[2024-11-08T14:59:41.638+0000] {processor.py:186} INFO - Started process (PID=3455) to work on /home/airflow/.local/lib/python3.12/site-packages/airflow/example_dags/example_python_decorator.py
[2024-11-08T14:59:41.640+0000] {processor.py:914} INFO - Processing file /home/airflow/.local/lib/python3.12/site-packages/airflow/example_dags/example_python_decorator.py for tasks to queue
[2024-11-08T14:59:41.642+0000] {logging_mixin.py:190} INFO - [2024-11-08T14:59:41.641+0000] {dagbag.py:588} INFO - Filling up the DagBag from /home/airflow/.local/lib/python3.12/site-packages/airflow/example_dags/example_python_decorator.py
[2024-11-08T14:59:41.656+0000] {processor.py:925} INFO - DAG(s) 'example_python_decorator' retrieved from /home/airflow/.local/lib/python3.12/site-packages/airflow/example_dags/example_python_decorator.py
[2024-11-08T14:59:41.676+0000] {logging_mixin.py:190} INFO - [2024-11-08T14:59:41.676+0000] {dag.py:3239} INFO - Sync 1 DAGs
[2024-11-08T14:59:41.689+0000] {logging_mixin.py:190} INFO - [2024-11-08T14:59:41.689+0000] {dag.py:4180} INFO - Setting next_dagrun for example_python_decorator to None, run_after=None
[2024-11-08T14:59:41.829+0000] {processor.py:208} INFO - Processing /home/airflow/.local/lib/python3.12/site-packages/airflow/example_dags/example_python_decorator.py took 0.195 seconds
[2024-11-08T15:00:12.104+0000] {processor.py:186} INFO - Started process (PID=3518) to work on /home/airflow/.local/lib/python3.12/site-packages/airflow/example_dags/example_python_decorator.py
[2024-11-08T15:00:12.105+0000] {processor.py:914} INFO - Processing file /home/airflow/.local/lib/python3.12/site-packages/airflow/example_dags/example_python_decorator.py for tasks to queue
[2024-11-08T15:00:12.107+0000] {logging_mixin.py:190} INFO - [2024-11-08T15:00:12.107+0000] {dagbag.py:588} INFO - Filling up the DagBag from /home/airflow/.local/lib/python3.12/site-packages/airflow/example_dags/example_python_decorator.py
[2024-11-08T15:00:12.121+0000] {processor.py:925} INFO - DAG(s) 'example_python_decorator' retrieved from /home/airflow/.local/lib/python3.12/site-packages/airflow/example_dags/example_python_decorator.py
[2024-11-08T15:00:12.142+0000] {logging_mixin.py:190} INFO - [2024-11-08T15:00:12.141+0000] {dag.py:3239} INFO - Sync 1 DAGs
[2024-11-08T15:00:12.155+0000] {logging_mixin.py:190} INFO - [2024-11-08T15:00:12.155+0000] {dag.py:4180} INFO - Setting next_dagrun for example_python_decorator to None, run_after=None
[2024-11-08T15:00:12.293+0000] {processor.py:208} INFO - Processing /home/airflow/.local/lib/python3.12/site-packages/airflow/example_dags/example_python_decorator.py took 0.195 seconds
[2024-11-08T15:00:42.647+0000] {processor.py:186} INFO - Started process (PID=3581) to work on /home/airflow/.local/lib/python3.12/site-packages/airflow/example_dags/example_python_decorator.py
[2024-11-08T15:00:42.648+0000] {processor.py:914} INFO - Processing file /home/airflow/.local/lib/python3.12/site-packages/airflow/example_dags/example_python_decorator.py for tasks to queue
[2024-11-08T15:00:42.652+0000] {logging_mixin.py:190} INFO - [2024-11-08T15:00:42.651+0000] {dagbag.py:588} INFO - Filling up the DagBag from /home/airflow/.local/lib/python3.12/site-packages/airflow/example_dags/example_python_decorator.py
[2024-11-08T15:00:42.673+0000] {processor.py:925} INFO - DAG(s) 'example_python_decorator' retrieved from /home/airflow/.local/lib/python3.12/site-packages/airflow/example_dags/example_python_decorator.py
[2024-11-08T15:00:42.705+0000] {logging_mixin.py:190} INFO - [2024-11-08T15:00:42.704+0000] {dag.py:3239} INFO - Sync 1 DAGs
[2024-11-08T15:00:42.723+0000] {logging_mixin.py:190} INFO - [2024-11-08T15:00:42.723+0000] {dag.py:4180} INFO - Setting next_dagrun for example_python_decorator to None, run_after=None
[2024-11-08T15:00:42.752+0000] {processor.py:208} INFO - Processing /home/airflow/.local/lib/python3.12/site-packages/airflow/example_dags/example_python_decorator.py took 0.112 seconds
[2024-11-08T15:01:12.897+0000] {processor.py:186} INFO - Started process (PID=3643) to work on /home/airflow/.local/lib/python3.12/site-packages/airflow/example_dags/example_python_decorator.py
[2024-11-08T15:01:12.898+0000] {processor.py:914} INFO - Processing file /home/airflow/.local/lib/python3.12/site-packages/airflow/example_dags/example_python_decorator.py for tasks to queue
[2024-11-08T15:01:12.900+0000] {logging_mixin.py:190} INFO - [2024-11-08T15:01:12.900+0000] {dagbag.py:588} INFO - Filling up the DagBag from /home/airflow/.local/lib/python3.12/site-packages/airflow/example_dags/example_python_decorator.py
[2024-11-08T15:01:12.914+0000] {processor.py:925} INFO - DAG(s) 'example_python_decorator' retrieved from /home/airflow/.local/lib/python3.12/site-packages/airflow/example_dags/example_python_decorator.py
[2024-11-08T15:01:12.935+0000] {logging_mixin.py:190} INFO - [2024-11-08T15:01:12.935+0000] {dag.py:3239} INFO - Sync 1 DAGs
[2024-11-08T15:01:12.949+0000] {logging_mixin.py:190} INFO - [2024-11-08T15:01:12.948+0000] {dag.py:4180} INFO - Setting next_dagrun for example_python_decorator to None, run_after=None
[2024-11-08T15:01:13.026+0000] {processor.py:208} INFO - Processing /home/airflow/.local/lib/python3.12/site-packages/airflow/example_dags/example_python_decorator.py took 0.135 seconds
