[2024-11-08T14:32:11.848+0000] {processor.py:186} INFO - Started process (PID=110) to work on /home/airflow/.local/lib/python3.12/site-packages/airflow/example_dags/example_xcomargs.py
[2024-11-08T14:32:11.849+0000] {processor.py:914} INFO - Processing file /home/airflow/.local/lib/python3.12/site-packages/airflow/example_dags/example_xcomargs.py for tasks to queue
[2024-11-08T14:32:11.852+0000] {logging_mixin.py:190} INFO - [2024-11-08T14:32:11.851+0000] {dagbag.py:588} INFO - Filling up the DagBag from /home/airflow/.local/lib/python3.12/site-packages/airflow/example_dags/example_xcomargs.py
[2024-11-08T14:32:11.863+0000] {processor.py:925} INFO - DAG(s) 'example_xcom_args_with_operators', 'example_xcom_args' retrieved from /home/airflow/.local/lib/python3.12/site-packages/airflow/example_dags/example_xcomargs.py
[2024-11-08T14:32:11.977+0000] {logging_mixin.py:190} INFO - [2024-11-08T14:32:11.976+0000] {override.py:1911} INFO - Created Permission View: can delete on DAG:example_xcom_args_with_operators
[2024-11-08T14:32:11.995+0000] {logging_mixin.py:190} INFO - [2024-11-08T14:32:11.994+0000] {override.py:1911} INFO - Created Permission View: can edit on DAG:example_xcom_args_with_operators
[2024-11-08T14:32:12.006+0000] {logging_mixin.py:190} INFO - [2024-11-08T14:32:12.005+0000] {override.py:1911} INFO - Created Permission View: can read on DAG:example_xcom_args_with_operators
[2024-11-08T14:32:12.024+0000] {logging_mixin.py:190} INFO - [2024-11-08T14:32:12.023+0000] {override.py:1911} INFO - Created Permission View: can create on DAG Run:example_xcom_args_with_operators
[2024-11-08T14:32:12.035+0000] {logging_mixin.py:190} INFO - [2024-11-08T14:32:12.034+0000] {override.py:1911} INFO - Created Permission View: menu access on DAG Run:example_xcom_args_with_operators
[2024-11-08T14:32:12.047+0000] {logging_mixin.py:190} INFO - [2024-11-08T14:32:12.047+0000] {override.py:1911} INFO - Created Permission View: can delete on DAG Run:example_xcom_args_with_operators
[2024-11-08T14:32:12.058+0000] {logging_mixin.py:190} INFO - [2024-11-08T14:32:12.058+0000] {override.py:1911} INFO - Created Permission View: can read on DAG Run:example_xcom_args_with_operators
[2024-11-08T14:32:12.082+0000] {logging_mixin.py:190} INFO - [2024-11-08T14:32:12.081+0000] {override.py:1911} INFO - Created Permission View: can delete on DAG:example_xcom_args
[2024-11-08T14:32:12.098+0000] {logging_mixin.py:190} INFO - [2024-11-08T14:32:12.098+0000] {override.py:1911} INFO - Created Permission View: can edit on DAG:example_xcom_args
[2024-11-08T14:32:12.109+0000] {logging_mixin.py:190} INFO - [2024-11-08T14:32:12.109+0000] {override.py:1911} INFO - Created Permission View: can read on DAG:example_xcom_args
[2024-11-08T14:32:12.126+0000] {logging_mixin.py:190} INFO - [2024-11-08T14:32:12.126+0000] {override.py:1911} INFO - Created Permission View: can create on DAG Run:example_xcom_args
[2024-11-08T14:32:12.135+0000] {logging_mixin.py:190} INFO - [2024-11-08T14:32:12.135+0000] {override.py:1911} INFO - Created Permission View: menu access on DAG Run:example_xcom_args
[2024-11-08T14:32:12.147+0000] {logging_mixin.py:190} INFO - [2024-11-08T14:32:12.146+0000] {override.py:1911} INFO - Created Permission View: can delete on DAG Run:example_xcom_args
[2024-11-08T14:32:12.159+0000] {logging_mixin.py:190} INFO - [2024-11-08T14:32:12.159+0000] {override.py:1911} INFO - Created Permission View: can read on DAG Run:example_xcom_args
[2024-11-08T14:32:12.160+0000] {logging_mixin.py:190} INFO - [2024-11-08T14:32:12.160+0000] {dag.py:3239} INFO - Sync 2 DAGs
[2024-11-08T14:32:12.174+0000] {logging_mixin.py:190} INFO - [2024-11-08T14:32:12.174+0000] {dag.py:3262} INFO - Creating ORM DAG for example_xcom_args_with_operators
[2024-11-08T14:32:12.175+0000] {logging_mixin.py:190} INFO - [2024-11-08T14:32:12.175+0000] {dag.py:3262} INFO - Creating ORM DAG for example_xcom_args
[2024-11-08T14:32:12.176+0000] {logging_mixin.py:190} INFO - [2024-11-08T14:32:12.176+0000] {dag.py:4180} INFO - Setting next_dagrun for example_xcom_args to None, run_after=None
[2024-11-08T14:32:12.177+0000] {logging_mixin.py:190} INFO - [2024-11-08T14:32:12.176+0000] {dag.py:4180} INFO - Setting next_dagrun for example_xcom_args_with_operators to None, run_after=None
[2024-11-08T14:32:12.199+0000] {processor.py:208} INFO - Processing /home/airflow/.local/lib/python3.12/site-packages/airflow/example_dags/example_xcomargs.py took 0.357 seconds
[2024-11-08T14:32:42.886+0000] {processor.py:186} INFO - Started process (PID=173) to work on /home/airflow/.local/lib/python3.12/site-packages/airflow/example_dags/example_xcomargs.py
[2024-11-08T14:32:42.888+0000] {processor.py:914} INFO - Processing file /home/airflow/.local/lib/python3.12/site-packages/airflow/example_dags/example_xcomargs.py for tasks to queue
[2024-11-08T14:32:42.891+0000] {logging_mixin.py:190} INFO - [2024-11-08T14:32:42.890+0000] {dagbag.py:588} INFO - Filling up the DagBag from /home/airflow/.local/lib/python3.12/site-packages/airflow/example_dags/example_xcomargs.py
[2024-11-08T14:32:42.902+0000] {processor.py:925} INFO - DAG(s) 'example_xcom_args_with_operators', 'example_xcom_args' retrieved from /home/airflow/.local/lib/python3.12/site-packages/airflow/example_dags/example_xcomargs.py
[2024-11-08T14:32:42.925+0000] {logging_mixin.py:190} INFO - [2024-11-08T14:32:42.925+0000] {dag.py:3239} INFO - Sync 2 DAGs
[2024-11-08T14:32:42.941+0000] {logging_mixin.py:190} INFO - [2024-11-08T14:32:42.941+0000] {dag.py:4180} INFO - Setting next_dagrun for example_xcom_args to None, run_after=None
[2024-11-08T14:32:42.945+0000] {logging_mixin.py:190} INFO - [2024-11-08T14:32:42.945+0000] {dag.py:4180} INFO - Setting next_dagrun for example_xcom_args_with_operators to None, run_after=None
[2024-11-08T14:32:42.968+0000] {processor.py:208} INFO - Processing /home/airflow/.local/lib/python3.12/site-packages/airflow/example_dags/example_xcomargs.py took 0.087 seconds
[2024-11-08T14:33:14.309+0000] {processor.py:186} INFO - Started process (PID=236) to work on /home/airflow/.local/lib/python3.12/site-packages/airflow/example_dags/example_xcomargs.py
[2024-11-08T14:33:14.311+0000] {processor.py:914} INFO - Processing file /home/airflow/.local/lib/python3.12/site-packages/airflow/example_dags/example_xcomargs.py for tasks to queue
[2024-11-08T14:33:14.313+0000] {logging_mixin.py:190} INFO - [2024-11-08T14:33:14.313+0000] {dagbag.py:588} INFO - Filling up the DagBag from /home/airflow/.local/lib/python3.12/site-packages/airflow/example_dags/example_xcomargs.py
[2024-11-08T14:33:14.323+0000] {processor.py:925} INFO - DAG(s) 'example_xcom_args', 'example_xcom_args_with_operators' retrieved from /home/airflow/.local/lib/python3.12/site-packages/airflow/example_dags/example_xcomargs.py
[2024-11-08T14:33:14.350+0000] {logging_mixin.py:190} INFO - [2024-11-08T14:33:14.350+0000] {dag.py:3239} INFO - Sync 2 DAGs
[2024-11-08T14:33:14.366+0000] {logging_mixin.py:190} INFO - [2024-11-08T14:33:14.365+0000] {dag.py:4180} INFO - Setting next_dagrun for example_xcom_args to None, run_after=None
[2024-11-08T14:33:14.372+0000] {logging_mixin.py:190} INFO - [2024-11-08T14:33:14.371+0000] {dag.py:4180} INFO - Setting next_dagrun for example_xcom_args_with_operators to None, run_after=None
[2024-11-08T14:33:14.396+0000] {processor.py:208} INFO - Processing /home/airflow/.local/lib/python3.12/site-packages/airflow/example_dags/example_xcomargs.py took 0.092 seconds
[2024-11-08T14:33:46.325+0000] {processor.py:186} INFO - Started process (PID=299) to work on /home/airflow/.local/lib/python3.12/site-packages/airflow/example_dags/example_xcomargs.py
[2024-11-08T14:33:46.326+0000] {processor.py:914} INFO - Processing file /home/airflow/.local/lib/python3.12/site-packages/airflow/example_dags/example_xcomargs.py for tasks to queue
[2024-11-08T14:33:46.329+0000] {logging_mixin.py:190} INFO - [2024-11-08T14:33:46.329+0000] {dagbag.py:588} INFO - Filling up the DagBag from /home/airflow/.local/lib/python3.12/site-packages/airflow/example_dags/example_xcomargs.py
[2024-11-08T14:33:46.340+0000] {processor.py:925} INFO - DAG(s) 'example_xcom_args', 'example_xcom_args_with_operators' retrieved from /home/airflow/.local/lib/python3.12/site-packages/airflow/example_dags/example_xcomargs.py
[2024-11-08T14:33:46.369+0000] {logging_mixin.py:190} INFO - [2024-11-08T14:33:46.369+0000] {dag.py:3239} INFO - Sync 2 DAGs
[2024-11-08T14:33:46.390+0000] {logging_mixin.py:190} INFO - [2024-11-08T14:33:46.390+0000] {dag.py:4180} INFO - Setting next_dagrun for example_xcom_args to None, run_after=None
[2024-11-08T14:33:46.396+0000] {logging_mixin.py:190} INFO - [2024-11-08T14:33:46.396+0000] {dag.py:4180} INFO - Setting next_dagrun for example_xcom_args_with_operators to None, run_after=None
[2024-11-08T14:33:46.425+0000] {processor.py:208} INFO - Processing /home/airflow/.local/lib/python3.12/site-packages/airflow/example_dags/example_xcomargs.py took 0.106 seconds
[2024-11-08T14:34:17.178+0000] {processor.py:186} INFO - Started process (PID=362) to work on /home/airflow/.local/lib/python3.12/site-packages/airflow/example_dags/example_xcomargs.py
[2024-11-08T14:34:17.180+0000] {processor.py:914} INFO - Processing file /home/airflow/.local/lib/python3.12/site-packages/airflow/example_dags/example_xcomargs.py for tasks to queue
[2024-11-08T14:34:17.182+0000] {logging_mixin.py:190} INFO - [2024-11-08T14:34:17.182+0000] {dagbag.py:588} INFO - Filling up the DagBag from /home/airflow/.local/lib/python3.12/site-packages/airflow/example_dags/example_xcomargs.py
[2024-11-08T14:34:17.192+0000] {processor.py:925} INFO - DAG(s) 'example_xcom_args_with_operators', 'example_xcom_args' retrieved from /home/airflow/.local/lib/python3.12/site-packages/airflow/example_dags/example_xcomargs.py
[2024-11-08T14:34:17.216+0000] {logging_mixin.py:190} INFO - [2024-11-08T14:34:17.216+0000] {dag.py:3239} INFO - Sync 2 DAGs
[2024-11-08T14:34:17.233+0000] {logging_mixin.py:190} INFO - [2024-11-08T14:34:17.232+0000] {dag.py:4180} INFO - Setting next_dagrun for example_xcom_args to None, run_after=None
[2024-11-08T14:34:17.237+0000] {logging_mixin.py:190} INFO - [2024-11-08T14:34:17.237+0000] {dag.py:4180} INFO - Setting next_dagrun for example_xcom_args_with_operators to None, run_after=None
[2024-11-08T14:34:17.297+0000] {processor.py:208} INFO - Processing /home/airflow/.local/lib/python3.12/site-packages/airflow/example_dags/example_xcomargs.py took 0.125 seconds
[2024-11-08T14:34:49.427+0000] {processor.py:186} INFO - Started process (PID=425) to work on /home/airflow/.local/lib/python3.12/site-packages/airflow/example_dags/example_xcomargs.py
[2024-11-08T14:34:49.429+0000] {processor.py:914} INFO - Processing file /home/airflow/.local/lib/python3.12/site-packages/airflow/example_dags/example_xcomargs.py for tasks to queue
[2024-11-08T14:34:49.432+0000] {logging_mixin.py:190} INFO - [2024-11-08T14:34:49.431+0000] {dagbag.py:588} INFO - Filling up the DagBag from /home/airflow/.local/lib/python3.12/site-packages/airflow/example_dags/example_xcomargs.py
[2024-11-08T14:34:49.445+0000] {processor.py:925} INFO - DAG(s) 'example_xcom_args_with_operators', 'example_xcom_args' retrieved from /home/airflow/.local/lib/python3.12/site-packages/airflow/example_dags/example_xcomargs.py
[2024-11-08T14:34:49.472+0000] {logging_mixin.py:190} INFO - [2024-11-08T14:34:49.472+0000] {dag.py:3239} INFO - Sync 2 DAGs
[2024-11-08T14:34:49.491+0000] {logging_mixin.py:190} INFO - [2024-11-08T14:34:49.491+0000] {dag.py:4180} INFO - Setting next_dagrun for example_xcom_args to None, run_after=None
[2024-11-08T14:34:49.496+0000] {logging_mixin.py:190} INFO - [2024-11-08T14:34:49.496+0000] {dag.py:4180} INFO - Setting next_dagrun for example_xcom_args_with_operators to None, run_after=None
[2024-11-08T14:34:49.521+0000] {processor.py:208} INFO - Processing /home/airflow/.local/lib/python3.12/site-packages/airflow/example_dags/example_xcomargs.py took 0.100 seconds
[2024-11-08T14:35:26.461+0000] {processor.py:186} INFO - Started process (PID=493) to work on /home/airflow/.local/lib/python3.12/site-packages/airflow/example_dags/example_xcomargs.py
[2024-11-08T14:35:26.468+0000] {processor.py:914} INFO - Processing file /home/airflow/.local/lib/python3.12/site-packages/airflow/example_dags/example_xcomargs.py for tasks to queue
[2024-11-08T14:35:26.474+0000] {logging_mixin.py:190} INFO - [2024-11-08T14:35:26.474+0000] {dagbag.py:588} INFO - Filling up the DagBag from /home/airflow/.local/lib/python3.12/site-packages/airflow/example_dags/example_xcomargs.py
[2024-11-08T14:35:26.493+0000] {processor.py:925} INFO - DAG(s) 'example_xcom_args_with_operators', 'example_xcom_args' retrieved from /home/airflow/.local/lib/python3.12/site-packages/airflow/example_dags/example_xcomargs.py
[2024-11-08T14:35:26.534+0000] {logging_mixin.py:190} INFO - [2024-11-08T14:35:26.534+0000] {dag.py:3239} INFO - Sync 2 DAGs
[2024-11-08T14:35:26.557+0000] {logging_mixin.py:190} INFO - [2024-11-08T14:35:26.557+0000] {dag.py:4180} INFO - Setting next_dagrun for example_xcom_args to None, run_after=None
[2024-11-08T14:35:26.563+0000] {logging_mixin.py:190} INFO - [2024-11-08T14:35:26.562+0000] {dag.py:4180} INFO - Setting next_dagrun for example_xcom_args_with_operators to None, run_after=None
[2024-11-08T14:35:26.676+0000] {processor.py:208} INFO - Processing /home/airflow/.local/lib/python3.12/site-packages/airflow/example_dags/example_xcomargs.py took 0.222 seconds
[2024-11-08T14:35:57.779+0000] {processor.py:186} INFO - Started process (PID=556) to work on /home/airflow/.local/lib/python3.12/site-packages/airflow/example_dags/example_xcomargs.py
[2024-11-08T14:35:57.781+0000] {processor.py:914} INFO - Processing file /home/airflow/.local/lib/python3.12/site-packages/airflow/example_dags/example_xcomargs.py for tasks to queue
[2024-11-08T14:35:57.785+0000] {logging_mixin.py:190} INFO - [2024-11-08T14:35:57.784+0000] {dagbag.py:588} INFO - Filling up the DagBag from /home/airflow/.local/lib/python3.12/site-packages/airflow/example_dags/example_xcomargs.py
[2024-11-08T14:35:57.800+0000] {processor.py:925} INFO - DAG(s) 'example_xcom_args_with_operators', 'example_xcom_args' retrieved from /home/airflow/.local/lib/python3.12/site-packages/airflow/example_dags/example_xcomargs.py
[2024-11-08T14:35:57.829+0000] {logging_mixin.py:190} INFO - [2024-11-08T14:35:57.829+0000] {dag.py:3239} INFO - Sync 2 DAGs
[2024-11-08T14:35:57.852+0000] {logging_mixin.py:190} INFO - [2024-11-08T14:35:57.852+0000] {dag.py:4180} INFO - Setting next_dagrun for example_xcom_args to None, run_after=None
[2024-11-08T14:35:57.857+0000] {logging_mixin.py:190} INFO - [2024-11-08T14:35:57.857+0000] {dag.py:4180} INFO - Setting next_dagrun for example_xcom_args_with_operators to None, run_after=None
[2024-11-08T14:35:57.894+0000] {processor.py:208} INFO - Processing /home/airflow/.local/lib/python3.12/site-packages/airflow/example_dags/example_xcomargs.py took 0.122 seconds
[2024-11-08T14:36:28.601+0000] {processor.py:186} INFO - Started process (PID=620) to work on /home/airflow/.local/lib/python3.12/site-packages/airflow/example_dags/example_xcomargs.py
[2024-11-08T14:36:28.604+0000] {processor.py:914} INFO - Processing file /home/airflow/.local/lib/python3.12/site-packages/airflow/example_dags/example_xcomargs.py for tasks to queue
[2024-11-08T14:36:28.606+0000] {logging_mixin.py:190} INFO - [2024-11-08T14:36:28.606+0000] {dagbag.py:588} INFO - Filling up the DagBag from /home/airflow/.local/lib/python3.12/site-packages/airflow/example_dags/example_xcomargs.py
[2024-11-08T14:36:28.621+0000] {processor.py:925} INFO - DAG(s) 'example_xcom_args', 'example_xcom_args_with_operators' retrieved from /home/airflow/.local/lib/python3.12/site-packages/airflow/example_dags/example_xcomargs.py
[2024-11-08T14:36:28.650+0000] {logging_mixin.py:190} INFO - [2024-11-08T14:36:28.649+0000] {dag.py:3239} INFO - Sync 2 DAGs
[2024-11-08T14:36:28.669+0000] {logging_mixin.py:190} INFO - [2024-11-08T14:36:28.669+0000] {dag.py:4180} INFO - Setting next_dagrun for example_xcom_args to None, run_after=None
[2024-11-08T14:36:28.673+0000] {logging_mixin.py:190} INFO - [2024-11-08T14:36:28.673+0000] {dag.py:4180} INFO - Setting next_dagrun for example_xcom_args_with_operators to None, run_after=None
[2024-11-08T14:36:28.699+0000] {processor.py:208} INFO - Processing /home/airflow/.local/lib/python3.12/site-packages/airflow/example_dags/example_xcomargs.py took 0.108 seconds
[2024-11-08T14:36:59.803+0000] {processor.py:186} INFO - Started process (PID=683) to work on /home/airflow/.local/lib/python3.12/site-packages/airflow/example_dags/example_xcomargs.py
[2024-11-08T14:36:59.804+0000] {processor.py:914} INFO - Processing file /home/airflow/.local/lib/python3.12/site-packages/airflow/example_dags/example_xcomargs.py for tasks to queue
[2024-11-08T14:36:59.807+0000] {logging_mixin.py:190} INFO - [2024-11-08T14:36:59.807+0000] {dagbag.py:588} INFO - Filling up the DagBag from /home/airflow/.local/lib/python3.12/site-packages/airflow/example_dags/example_xcomargs.py
[2024-11-08T14:36:59.818+0000] {processor.py:925} INFO - DAG(s) 'example_xcom_args_with_operators', 'example_xcom_args' retrieved from /home/airflow/.local/lib/python3.12/site-packages/airflow/example_dags/example_xcomargs.py
[2024-11-08T14:36:59.843+0000] {logging_mixin.py:190} INFO - [2024-11-08T14:36:59.843+0000] {dag.py:3239} INFO - Sync 2 DAGs
[2024-11-08T14:36:59.860+0000] {logging_mixin.py:190} INFO - [2024-11-08T14:36:59.859+0000] {dag.py:4180} INFO - Setting next_dagrun for example_xcom_args to None, run_after=None
[2024-11-08T14:36:59.865+0000] {logging_mixin.py:190} INFO - [2024-11-08T14:36:59.864+0000] {dag.py:4180} INFO - Setting next_dagrun for example_xcom_args_with_operators to None, run_after=None
[2024-11-08T14:36:59.923+0000] {processor.py:208} INFO - Processing /home/airflow/.local/lib/python3.12/site-packages/airflow/example_dags/example_xcomargs.py took 0.126 seconds
[2024-11-08T14:37:30.858+0000] {processor.py:186} INFO - Started process (PID=747) to work on /home/airflow/.local/lib/python3.12/site-packages/airflow/example_dags/example_xcomargs.py
[2024-11-08T14:37:30.859+0000] {processor.py:914} INFO - Processing file /home/airflow/.local/lib/python3.12/site-packages/airflow/example_dags/example_xcomargs.py for tasks to queue
[2024-11-08T14:37:30.862+0000] {logging_mixin.py:190} INFO - [2024-11-08T14:37:30.862+0000] {dagbag.py:588} INFO - Filling up the DagBag from /home/airflow/.local/lib/python3.12/site-packages/airflow/example_dags/example_xcomargs.py
[2024-11-08T14:37:30.873+0000] {processor.py:925} INFO - DAG(s) 'example_xcom_args_with_operators', 'example_xcom_args' retrieved from /home/airflow/.local/lib/python3.12/site-packages/airflow/example_dags/example_xcomargs.py
[2024-11-08T14:37:30.899+0000] {logging_mixin.py:190} INFO - [2024-11-08T14:37:30.899+0000] {dag.py:3239} INFO - Sync 2 DAGs
[2024-11-08T14:37:30.915+0000] {logging_mixin.py:190} INFO - [2024-11-08T14:37:30.915+0000] {dag.py:4180} INFO - Setting next_dagrun for example_xcom_args to None, run_after=None
[2024-11-08T14:37:30.920+0000] {logging_mixin.py:190} INFO - [2024-11-08T14:37:30.920+0000] {dag.py:4180} INFO - Setting next_dagrun for example_xcom_args_with_operators to None, run_after=None
[2024-11-08T14:37:30.973+0000] {processor.py:208} INFO - Processing /home/airflow/.local/lib/python3.12/site-packages/airflow/example_dags/example_xcomargs.py took 0.121 seconds
[2024-11-08T14:38:01.317+0000] {processor.py:186} INFO - Started process (PID=808) to work on /home/airflow/.local/lib/python3.12/site-packages/airflow/example_dags/example_xcomargs.py
[2024-11-08T14:38:01.318+0000] {processor.py:914} INFO - Processing file /home/airflow/.local/lib/python3.12/site-packages/airflow/example_dags/example_xcomargs.py for tasks to queue
[2024-11-08T14:38:01.320+0000] {logging_mixin.py:190} INFO - [2024-11-08T14:38:01.320+0000] {dagbag.py:588} INFO - Filling up the DagBag from /home/airflow/.local/lib/python3.12/site-packages/airflow/example_dags/example_xcomargs.py
[2024-11-08T14:38:01.330+0000] {processor.py:925} INFO - DAG(s) 'example_xcom_args', 'example_xcom_args_with_operators' retrieved from /home/airflow/.local/lib/python3.12/site-packages/airflow/example_dags/example_xcomargs.py
[2024-11-08T14:38:01.353+0000] {logging_mixin.py:190} INFO - [2024-11-08T14:38:01.353+0000] {dag.py:3239} INFO - Sync 2 DAGs
[2024-11-08T14:38:01.367+0000] {logging_mixin.py:190} INFO - [2024-11-08T14:38:01.367+0000] {dag.py:4180} INFO - Setting next_dagrun for example_xcom_args to None, run_after=None
[2024-11-08T14:38:01.371+0000] {logging_mixin.py:190} INFO - [2024-11-08T14:38:01.371+0000] {dag.py:4180} INFO - Setting next_dagrun for example_xcom_args_with_operators to None, run_after=None
[2024-11-08T14:38:01.545+0000] {processor.py:208} INFO - Processing /home/airflow/.local/lib/python3.12/site-packages/airflow/example_dags/example_xcomargs.py took 0.234 seconds
[2024-11-08T14:38:32.569+0000] {processor.py:186} INFO - Started process (PID=872) to work on /home/airflow/.local/lib/python3.12/site-packages/airflow/example_dags/example_xcomargs.py
[2024-11-08T14:38:32.570+0000] {processor.py:914} INFO - Processing file /home/airflow/.local/lib/python3.12/site-packages/airflow/example_dags/example_xcomargs.py for tasks to queue
[2024-11-08T14:38:32.573+0000] {logging_mixin.py:190} INFO - [2024-11-08T14:38:32.573+0000] {dagbag.py:588} INFO - Filling up the DagBag from /home/airflow/.local/lib/python3.12/site-packages/airflow/example_dags/example_xcomargs.py
[2024-11-08T14:38:32.585+0000] {processor.py:925} INFO - DAG(s) 'example_xcom_args', 'example_xcom_args_with_operators' retrieved from /home/airflow/.local/lib/python3.12/site-packages/airflow/example_dags/example_xcomargs.py
[2024-11-08T14:38:32.611+0000] {logging_mixin.py:190} INFO - [2024-11-08T14:38:32.611+0000] {dag.py:3239} INFO - Sync 2 DAGs
[2024-11-08T14:38:32.630+0000] {logging_mixin.py:190} INFO - [2024-11-08T14:38:32.630+0000] {dag.py:4180} INFO - Setting next_dagrun for example_xcom_args to None, run_after=None
[2024-11-08T14:38:32.634+0000] {logging_mixin.py:190} INFO - [2024-11-08T14:38:32.634+0000] {dag.py:4180} INFO - Setting next_dagrun for example_xcom_args_with_operators to None, run_after=None
[2024-11-08T14:38:32.779+0000] {processor.py:208} INFO - Processing /home/airflow/.local/lib/python3.12/site-packages/airflow/example_dags/example_xcomargs.py took 0.216 seconds
[2024-11-08T14:39:02.854+0000] {processor.py:186} INFO - Started process (PID=934) to work on /home/airflow/.local/lib/python3.12/site-packages/airflow/example_dags/example_xcomargs.py
[2024-11-08T14:39:02.855+0000] {processor.py:914} INFO - Processing file /home/airflow/.local/lib/python3.12/site-packages/airflow/example_dags/example_xcomargs.py for tasks to queue
[2024-11-08T14:39:02.857+0000] {logging_mixin.py:190} INFO - [2024-11-08T14:39:02.857+0000] {dagbag.py:588} INFO - Filling up the DagBag from /home/airflow/.local/lib/python3.12/site-packages/airflow/example_dags/example_xcomargs.py
[2024-11-08T14:39:02.867+0000] {processor.py:925} INFO - DAG(s) 'example_xcom_args_with_operators', 'example_xcom_args' retrieved from /home/airflow/.local/lib/python3.12/site-packages/airflow/example_dags/example_xcomargs.py
[2024-11-08T14:39:02.893+0000] {logging_mixin.py:190} INFO - [2024-11-08T14:39:02.893+0000] {dag.py:3239} INFO - Sync 2 DAGs
[2024-11-08T14:39:02.907+0000] {logging_mixin.py:190} INFO - [2024-11-08T14:39:02.907+0000] {dag.py:4180} INFO - Setting next_dagrun for example_xcom_args to None, run_after=None
[2024-11-08T14:39:02.911+0000] {logging_mixin.py:190} INFO - [2024-11-08T14:39:02.911+0000] {dag.py:4180} INFO - Setting next_dagrun for example_xcom_args_with_operators to None, run_after=None
[2024-11-08T14:39:02.931+0000] {processor.py:208} INFO - Processing /home/airflow/.local/lib/python3.12/site-packages/airflow/example_dags/example_xcomargs.py took 0.083 seconds
[2024-11-08T14:39:33.502+0000] {processor.py:186} INFO - Started process (PID=997) to work on /home/airflow/.local/lib/python3.12/site-packages/airflow/example_dags/example_xcomargs.py
[2024-11-08T14:39:33.503+0000] {processor.py:914} INFO - Processing file /home/airflow/.local/lib/python3.12/site-packages/airflow/example_dags/example_xcomargs.py for tasks to queue
[2024-11-08T14:39:33.509+0000] {logging_mixin.py:190} INFO - [2024-11-08T14:39:33.508+0000] {dagbag.py:588} INFO - Filling up the DagBag from /home/airflow/.local/lib/python3.12/site-packages/airflow/example_dags/example_xcomargs.py
[2024-11-08T14:39:33.520+0000] {processor.py:925} INFO - DAG(s) 'example_xcom_args_with_operators', 'example_xcom_args' retrieved from /home/airflow/.local/lib/python3.12/site-packages/airflow/example_dags/example_xcomargs.py
[2024-11-08T14:39:33.552+0000] {logging_mixin.py:190} INFO - [2024-11-08T14:39:33.552+0000] {dag.py:3239} INFO - Sync 2 DAGs
[2024-11-08T14:39:33.577+0000] {logging_mixin.py:190} INFO - [2024-11-08T14:39:33.577+0000] {dag.py:4180} INFO - Setting next_dagrun for example_xcom_args to None, run_after=None
[2024-11-08T14:39:33.582+0000] {logging_mixin.py:190} INFO - [2024-11-08T14:39:33.582+0000] {dag.py:4180} INFO - Setting next_dagrun for example_xcom_args_with_operators to None, run_after=None
[2024-11-08T14:39:33.613+0000] {processor.py:208} INFO - Processing /home/airflow/.local/lib/python3.12/site-packages/airflow/example_dags/example_xcomargs.py took 0.116 seconds
[2024-11-08T14:40:04.487+0000] {processor.py:186} INFO - Started process (PID=1060) to work on /home/airflow/.local/lib/python3.12/site-packages/airflow/example_dags/example_xcomargs.py
[2024-11-08T14:40:04.489+0000] {processor.py:914} INFO - Processing file /home/airflow/.local/lib/python3.12/site-packages/airflow/example_dags/example_xcomargs.py for tasks to queue
[2024-11-08T14:40:04.494+0000] {logging_mixin.py:190} INFO - [2024-11-08T14:40:04.493+0000] {dagbag.py:588} INFO - Filling up the DagBag from /home/airflow/.local/lib/python3.12/site-packages/airflow/example_dags/example_xcomargs.py
[2024-11-08T14:40:04.511+0000] {processor.py:925} INFO - DAG(s) 'example_xcom_args_with_operators', 'example_xcom_args' retrieved from /home/airflow/.local/lib/python3.12/site-packages/airflow/example_dags/example_xcomargs.py
[2024-11-08T14:40:04.535+0000] {logging_mixin.py:190} INFO - [2024-11-08T14:40:04.534+0000] {dag.py:3239} INFO - Sync 2 DAGs
[2024-11-08T14:40:04.549+0000] {logging_mixin.py:190} INFO - [2024-11-08T14:40:04.549+0000] {dag.py:4180} INFO - Setting next_dagrun for example_xcom_args to None, run_after=None
[2024-11-08T14:40:04.553+0000] {logging_mixin.py:190} INFO - [2024-11-08T14:40:04.553+0000] {dag.py:4180} INFO - Setting next_dagrun for example_xcom_args_with_operators to None, run_after=None
[2024-11-08T14:40:04.683+0000] {processor.py:208} INFO - Processing /home/airflow/.local/lib/python3.12/site-packages/airflow/example_dags/example_xcomargs.py took 0.206 seconds
[2024-11-08T14:40:34.823+0000] {processor.py:186} INFO - Started process (PID=1123) to work on /home/airflow/.local/lib/python3.12/site-packages/airflow/example_dags/example_xcomargs.py
[2024-11-08T14:40:34.824+0000] {processor.py:914} INFO - Processing file /home/airflow/.local/lib/python3.12/site-packages/airflow/example_dags/example_xcomargs.py for tasks to queue
[2024-11-08T14:40:34.826+0000] {logging_mixin.py:190} INFO - [2024-11-08T14:40:34.826+0000] {dagbag.py:588} INFO - Filling up the DagBag from /home/airflow/.local/lib/python3.12/site-packages/airflow/example_dags/example_xcomargs.py
[2024-11-08T14:40:34.836+0000] {processor.py:925} INFO - DAG(s) 'example_xcom_args', 'example_xcom_args_with_operators' retrieved from /home/airflow/.local/lib/python3.12/site-packages/airflow/example_dags/example_xcomargs.py
[2024-11-08T14:40:34.859+0000] {logging_mixin.py:190} INFO - [2024-11-08T14:40:34.859+0000] {dag.py:3239} INFO - Sync 2 DAGs
[2024-11-08T14:40:34.873+0000] {logging_mixin.py:190} INFO - [2024-11-08T14:40:34.873+0000] {dag.py:4180} INFO - Setting next_dagrun for example_xcom_args to None, run_after=None
[2024-11-08T14:40:34.877+0000] {logging_mixin.py:190} INFO - [2024-11-08T14:40:34.877+0000] {dag.py:4180} INFO - Setting next_dagrun for example_xcom_args_with_operators to None, run_after=None
[2024-11-08T14:40:34.966+0000] {processor.py:208} INFO - Processing /home/airflow/.local/lib/python3.12/site-packages/airflow/example_dags/example_xcomargs.py took 0.149 seconds
[2024-11-08T14:41:05.732+0000] {processor.py:186} INFO - Started process (PID=1186) to work on /home/airflow/.local/lib/python3.12/site-packages/airflow/example_dags/example_xcomargs.py
[2024-11-08T14:41:05.734+0000] {processor.py:914} INFO - Processing file /home/airflow/.local/lib/python3.12/site-packages/airflow/example_dags/example_xcomargs.py for tasks to queue
[2024-11-08T14:41:05.737+0000] {logging_mixin.py:190} INFO - [2024-11-08T14:41:05.736+0000] {dagbag.py:588} INFO - Filling up the DagBag from /home/airflow/.local/lib/python3.12/site-packages/airflow/example_dags/example_xcomargs.py
[2024-11-08T14:41:05.747+0000] {processor.py:925} INFO - DAG(s) 'example_xcom_args_with_operators', 'example_xcom_args' retrieved from /home/airflow/.local/lib/python3.12/site-packages/airflow/example_dags/example_xcomargs.py
[2024-11-08T14:41:05.773+0000] {logging_mixin.py:190} INFO - [2024-11-08T14:41:05.773+0000] {dag.py:3239} INFO - Sync 2 DAGs
[2024-11-08T14:41:05.790+0000] {logging_mixin.py:190} INFO - [2024-11-08T14:41:05.790+0000] {dag.py:4180} INFO - Setting next_dagrun for example_xcom_args to None, run_after=None
[2024-11-08T14:41:05.794+0000] {logging_mixin.py:190} INFO - [2024-11-08T14:41:05.794+0000] {dag.py:4180} INFO - Setting next_dagrun for example_xcom_args_with_operators to None, run_after=None
[2024-11-08T14:41:05.856+0000] {processor.py:208} INFO - Processing /home/airflow/.local/lib/python3.12/site-packages/airflow/example_dags/example_xcomargs.py took 0.132 seconds
[2024-11-08T14:41:36.043+0000] {processor.py:186} INFO - Started process (PID=1249) to work on /home/airflow/.local/lib/python3.12/site-packages/airflow/example_dags/example_xcomargs.py
[2024-11-08T14:41:36.045+0000] {processor.py:914} INFO - Processing file /home/airflow/.local/lib/python3.12/site-packages/airflow/example_dags/example_xcomargs.py for tasks to queue
[2024-11-08T14:41:36.048+0000] {logging_mixin.py:190} INFO - [2024-11-08T14:41:36.048+0000] {dagbag.py:588} INFO - Filling up the DagBag from /home/airflow/.local/lib/python3.12/site-packages/airflow/example_dags/example_xcomargs.py
[2024-11-08T14:41:36.064+0000] {processor.py:925} INFO - DAG(s) 'example_xcom_args_with_operators', 'example_xcom_args' retrieved from /home/airflow/.local/lib/python3.12/site-packages/airflow/example_dags/example_xcomargs.py
[2024-11-08T14:41:36.103+0000] {logging_mixin.py:190} INFO - [2024-11-08T14:41:36.102+0000] {dag.py:3239} INFO - Sync 2 DAGs
[2024-11-08T14:41:36.123+0000] {logging_mixin.py:190} INFO - [2024-11-08T14:41:36.123+0000] {dag.py:4180} INFO - Setting next_dagrun for example_xcom_args to None, run_after=None
[2024-11-08T14:41:36.127+0000] {logging_mixin.py:190} INFO - [2024-11-08T14:41:36.127+0000] {dag.py:4180} INFO - Setting next_dagrun for example_xcom_args_with_operators to None, run_after=None
[2024-11-08T14:41:36.197+0000] {processor.py:208} INFO - Processing /home/airflow/.local/lib/python3.12/site-packages/airflow/example_dags/example_xcomargs.py took 0.162 seconds
[2024-11-08T14:42:06.288+0000] {processor.py:186} INFO - Started process (PID=1311) to work on /home/airflow/.local/lib/python3.12/site-packages/airflow/example_dags/example_xcomargs.py
[2024-11-08T14:42:06.289+0000] {processor.py:914} INFO - Processing file /home/airflow/.local/lib/python3.12/site-packages/airflow/example_dags/example_xcomargs.py for tasks to queue
[2024-11-08T14:42:06.291+0000] {logging_mixin.py:190} INFO - [2024-11-08T14:42:06.291+0000] {dagbag.py:588} INFO - Filling up the DagBag from /home/airflow/.local/lib/python3.12/site-packages/airflow/example_dags/example_xcomargs.py
[2024-11-08T14:42:06.302+0000] {processor.py:925} INFO - DAG(s) 'example_xcom_args', 'example_xcom_args_with_operators' retrieved from /home/airflow/.local/lib/python3.12/site-packages/airflow/example_dags/example_xcomargs.py
[2024-11-08T14:42:06.325+0000] {logging_mixin.py:190} INFO - [2024-11-08T14:42:06.325+0000] {dag.py:3239} INFO - Sync 2 DAGs
[2024-11-08T14:42:06.340+0000] {logging_mixin.py:190} INFO - [2024-11-08T14:42:06.340+0000] {dag.py:4180} INFO - Setting next_dagrun for example_xcom_args to None, run_after=None
[2024-11-08T14:42:06.344+0000] {logging_mixin.py:190} INFO - [2024-11-08T14:42:06.344+0000] {dag.py:4180} INFO - Setting next_dagrun for example_xcom_args_with_operators to None, run_after=None
[2024-11-08T14:42:06.416+0000] {processor.py:208} INFO - Processing /home/airflow/.local/lib/python3.12/site-packages/airflow/example_dags/example_xcomargs.py took 0.134 seconds
[2024-11-08T14:42:36.738+0000] {processor.py:186} INFO - Started process (PID=1374) to work on /home/airflow/.local/lib/python3.12/site-packages/airflow/example_dags/example_xcomargs.py
[2024-11-08T14:42:36.739+0000] {processor.py:914} INFO - Processing file /home/airflow/.local/lib/python3.12/site-packages/airflow/example_dags/example_xcomargs.py for tasks to queue
[2024-11-08T14:42:36.741+0000] {logging_mixin.py:190} INFO - [2024-11-08T14:42:36.741+0000] {dagbag.py:588} INFO - Filling up the DagBag from /home/airflow/.local/lib/python3.12/site-packages/airflow/example_dags/example_xcomargs.py
[2024-11-08T14:42:36.751+0000] {processor.py:925} INFO - DAG(s) 'example_xcom_args_with_operators', 'example_xcom_args' retrieved from /home/airflow/.local/lib/python3.12/site-packages/airflow/example_dags/example_xcomargs.py
[2024-11-08T14:42:36.774+0000] {logging_mixin.py:190} INFO - [2024-11-08T14:42:36.774+0000] {dag.py:3239} INFO - Sync 2 DAGs
[2024-11-08T14:42:36.789+0000] {logging_mixin.py:190} INFO - [2024-11-08T14:42:36.789+0000] {dag.py:4180} INFO - Setting next_dagrun for example_xcom_args to None, run_after=None
[2024-11-08T14:42:36.794+0000] {logging_mixin.py:190} INFO - [2024-11-08T14:42:36.794+0000] {dag.py:4180} INFO - Setting next_dagrun for example_xcom_args_with_operators to None, run_after=None
[2024-11-08T14:42:36.954+0000] {processor.py:208} INFO - Processing /home/airflow/.local/lib/python3.12/site-packages/airflow/example_dags/example_xcomargs.py took 0.225 seconds
[2024-11-08T14:43:07.819+0000] {processor.py:186} INFO - Started process (PID=1437) to work on /home/airflow/.local/lib/python3.12/site-packages/airflow/example_dags/example_xcomargs.py
[2024-11-08T14:43:07.820+0000] {processor.py:914} INFO - Processing file /home/airflow/.local/lib/python3.12/site-packages/airflow/example_dags/example_xcomargs.py for tasks to queue
[2024-11-08T14:43:07.822+0000] {logging_mixin.py:190} INFO - [2024-11-08T14:43:07.822+0000] {dagbag.py:588} INFO - Filling up the DagBag from /home/airflow/.local/lib/python3.12/site-packages/airflow/example_dags/example_xcomargs.py
[2024-11-08T14:43:07.832+0000] {processor.py:925} INFO - DAG(s) 'example_xcom_args', 'example_xcom_args_with_operators' retrieved from /home/airflow/.local/lib/python3.12/site-packages/airflow/example_dags/example_xcomargs.py
[2024-11-08T14:43:07.859+0000] {logging_mixin.py:190} INFO - [2024-11-08T14:43:07.859+0000] {dag.py:3239} INFO - Sync 2 DAGs
[2024-11-08T14:43:07.874+0000] {logging_mixin.py:190} INFO - [2024-11-08T14:43:07.874+0000] {dag.py:4180} INFO - Setting next_dagrun for example_xcom_args to None, run_after=None
[2024-11-08T14:43:07.879+0000] {logging_mixin.py:190} INFO - [2024-11-08T14:43:07.879+0000] {dag.py:4180} INFO - Setting next_dagrun for example_xcom_args_with_operators to None, run_after=None
[2024-11-08T14:43:08.133+0000] {processor.py:208} INFO - Processing /home/airflow/.local/lib/python3.12/site-packages/airflow/example_dags/example_xcomargs.py took 0.320 seconds
[2024-11-08T14:43:38.273+0000] {processor.py:186} INFO - Started process (PID=1499) to work on /home/airflow/.local/lib/python3.12/site-packages/airflow/example_dags/example_xcomargs.py
[2024-11-08T14:43:38.319+0000] {processor.py:914} INFO - Processing file /home/airflow/.local/lib/python3.12/site-packages/airflow/example_dags/example_xcomargs.py for tasks to queue
[2024-11-08T14:43:38.362+0000] {logging_mixin.py:190} INFO - [2024-11-08T14:43:38.362+0000] {dagbag.py:588} INFO - Filling up the DagBag from /home/airflow/.local/lib/python3.12/site-packages/airflow/example_dags/example_xcomargs.py
[2024-11-08T14:43:38.381+0000] {processor.py:925} INFO - DAG(s) 'example_xcom_args_with_operators', 'example_xcom_args' retrieved from /home/airflow/.local/lib/python3.12/site-packages/airflow/example_dags/example_xcomargs.py
[2024-11-08T14:43:38.423+0000] {logging_mixin.py:190} INFO - [2024-11-08T14:43:38.423+0000] {dag.py:3239} INFO - Sync 2 DAGs
[2024-11-08T14:43:38.440+0000] {logging_mixin.py:190} INFO - [2024-11-08T14:43:38.440+0000] {dag.py:4180} INFO - Setting next_dagrun for example_xcom_args to None, run_after=None
[2024-11-08T14:43:38.445+0000] {logging_mixin.py:190} INFO - [2024-11-08T14:43:38.444+0000] {dag.py:4180} INFO - Setting next_dagrun for example_xcom_args_with_operators to None, run_after=None
[2024-11-08T14:43:38.467+0000] {processor.py:208} INFO - Processing /home/airflow/.local/lib/python3.12/site-packages/airflow/example_dags/example_xcomargs.py took 0.200 seconds
[2024-11-08T14:44:09.541+0000] {processor.py:186} INFO - Started process (PID=1562) to work on /home/airflow/.local/lib/python3.12/site-packages/airflow/example_dags/example_xcomargs.py
[2024-11-08T14:44:09.542+0000] {processor.py:914} INFO - Processing file /home/airflow/.local/lib/python3.12/site-packages/airflow/example_dags/example_xcomargs.py for tasks to queue
[2024-11-08T14:44:09.545+0000] {logging_mixin.py:190} INFO - [2024-11-08T14:44:09.545+0000] {dagbag.py:588} INFO - Filling up the DagBag from /home/airflow/.local/lib/python3.12/site-packages/airflow/example_dags/example_xcomargs.py
[2024-11-08T14:44:09.555+0000] {processor.py:925} INFO - DAG(s) 'example_xcom_args_with_operators', 'example_xcom_args' retrieved from /home/airflow/.local/lib/python3.12/site-packages/airflow/example_dags/example_xcomargs.py
[2024-11-08T14:44:09.581+0000] {logging_mixin.py:190} INFO - [2024-11-08T14:44:09.581+0000] {dag.py:3239} INFO - Sync 2 DAGs
[2024-11-08T14:44:09.595+0000] {logging_mixin.py:190} INFO - [2024-11-08T14:44:09.595+0000] {dag.py:4180} INFO - Setting next_dagrun for example_xcom_args to None, run_after=None
[2024-11-08T14:44:09.600+0000] {logging_mixin.py:190} INFO - [2024-11-08T14:44:09.600+0000] {dag.py:4180} INFO - Setting next_dagrun for example_xcom_args_with_operators to None, run_after=None
[2024-11-08T14:44:09.637+0000] {processor.py:208} INFO - Processing /home/airflow/.local/lib/python3.12/site-packages/airflow/example_dags/example_xcomargs.py took 0.101 seconds
[2024-11-08T14:44:40.227+0000] {processor.py:186} INFO - Started process (PID=1625) to work on /home/airflow/.local/lib/python3.12/site-packages/airflow/example_dags/example_xcomargs.py
[2024-11-08T14:44:40.228+0000] {processor.py:914} INFO - Processing file /home/airflow/.local/lib/python3.12/site-packages/airflow/example_dags/example_xcomargs.py for tasks to queue
[2024-11-08T14:44:40.232+0000] {logging_mixin.py:190} INFO - [2024-11-08T14:44:40.231+0000] {dagbag.py:588} INFO - Filling up the DagBag from /home/airflow/.local/lib/python3.12/site-packages/airflow/example_dags/example_xcomargs.py
[2024-11-08T14:44:40.243+0000] {processor.py:925} INFO - DAG(s) 'example_xcom_args_with_operators', 'example_xcom_args' retrieved from /home/airflow/.local/lib/python3.12/site-packages/airflow/example_dags/example_xcomargs.py
[2024-11-08T14:44:40.276+0000] {logging_mixin.py:190} INFO - [2024-11-08T14:44:40.276+0000] {dag.py:3239} INFO - Sync 2 DAGs
[2024-11-08T14:44:40.292+0000] {logging_mixin.py:190} INFO - [2024-11-08T14:44:40.291+0000] {dag.py:4180} INFO - Setting next_dagrun for example_xcom_args to None, run_after=None
[2024-11-08T14:44:40.296+0000] {logging_mixin.py:190} INFO - [2024-11-08T14:44:40.296+0000] {dag.py:4180} INFO - Setting next_dagrun for example_xcom_args_with_operators to None, run_after=None
[2024-11-08T14:44:40.318+0000] {processor.py:208} INFO - Processing /home/airflow/.local/lib/python3.12/site-packages/airflow/example_dags/example_xcomargs.py took 0.098 seconds
[2024-11-08T14:45:11.784+0000] {processor.py:186} INFO - Started process (PID=1688) to work on /home/airflow/.local/lib/python3.12/site-packages/airflow/example_dags/example_xcomargs.py
[2024-11-08T14:45:11.785+0000] {processor.py:914} INFO - Processing file /home/airflow/.local/lib/python3.12/site-packages/airflow/example_dags/example_xcomargs.py for tasks to queue
[2024-11-08T14:45:11.787+0000] {logging_mixin.py:190} INFO - [2024-11-08T14:45:11.787+0000] {dagbag.py:588} INFO - Filling up the DagBag from /home/airflow/.local/lib/python3.12/site-packages/airflow/example_dags/example_xcomargs.py
[2024-11-08T14:45:11.803+0000] {processor.py:925} INFO - DAG(s) 'example_xcom_args', 'example_xcom_args_with_operators' retrieved from /home/airflow/.local/lib/python3.12/site-packages/airflow/example_dags/example_xcomargs.py
[2024-11-08T14:45:11.833+0000] {logging_mixin.py:190} INFO - [2024-11-08T14:45:11.832+0000] {dag.py:3239} INFO - Sync 2 DAGs
[2024-11-08T14:45:11.854+0000] {logging_mixin.py:190} INFO - [2024-11-08T14:45:11.853+0000] {dag.py:4180} INFO - Setting next_dagrun for example_xcom_args to None, run_after=None
[2024-11-08T14:45:11.861+0000] {logging_mixin.py:190} INFO - [2024-11-08T14:45:11.860+0000] {dag.py:4180} INFO - Setting next_dagrun for example_xcom_args_with_operators to None, run_after=None
[2024-11-08T14:45:11.954+0000] {processor.py:208} INFO - Processing /home/airflow/.local/lib/python3.12/site-packages/airflow/example_dags/example_xcomargs.py took 0.177 seconds
[2024-11-08T14:45:43.787+0000] {processor.py:186} INFO - Started process (PID=1751) to work on /home/airflow/.local/lib/python3.12/site-packages/airflow/example_dags/example_xcomargs.py
[2024-11-08T14:45:43.788+0000] {processor.py:914} INFO - Processing file /home/airflow/.local/lib/python3.12/site-packages/airflow/example_dags/example_xcomargs.py for tasks to queue
[2024-11-08T14:45:43.791+0000] {logging_mixin.py:190} INFO - [2024-11-08T14:45:43.790+0000] {dagbag.py:588} INFO - Filling up the DagBag from /home/airflow/.local/lib/python3.12/site-packages/airflow/example_dags/example_xcomargs.py
[2024-11-08T14:45:43.803+0000] {processor.py:925} INFO - DAG(s) 'example_xcom_args_with_operators', 'example_xcom_args' retrieved from /home/airflow/.local/lib/python3.12/site-packages/airflow/example_dags/example_xcomargs.py
[2024-11-08T14:45:43.832+0000] {logging_mixin.py:190} INFO - [2024-11-08T14:45:43.832+0000] {dag.py:3239} INFO - Sync 2 DAGs
[2024-11-08T14:45:43.848+0000] {logging_mixin.py:190} INFO - [2024-11-08T14:45:43.848+0000] {dag.py:4180} INFO - Setting next_dagrun for example_xcom_args to None, run_after=None
[2024-11-08T14:45:43.853+0000] {logging_mixin.py:190} INFO - [2024-11-08T14:45:43.853+0000] {dag.py:4180} INFO - Setting next_dagrun for example_xcom_args_with_operators to None, run_after=None
[2024-11-08T14:45:43.898+0000] {processor.py:208} INFO - Processing /home/airflow/.local/lib/python3.12/site-packages/airflow/example_dags/example_xcomargs.py took 0.119 seconds
[2024-11-08T14:46:14.609+0000] {processor.py:186} INFO - Started process (PID=1814) to work on /home/airflow/.local/lib/python3.12/site-packages/airflow/example_dags/example_xcomargs.py
[2024-11-08T14:46:14.610+0000] {processor.py:914} INFO - Processing file /home/airflow/.local/lib/python3.12/site-packages/airflow/example_dags/example_xcomargs.py for tasks to queue
[2024-11-08T14:46:14.613+0000] {logging_mixin.py:190} INFO - [2024-11-08T14:46:14.613+0000] {dagbag.py:588} INFO - Filling up the DagBag from /home/airflow/.local/lib/python3.12/site-packages/airflow/example_dags/example_xcomargs.py
[2024-11-08T14:46:14.624+0000] {processor.py:925} INFO - DAG(s) 'example_xcom_args_with_operators', 'example_xcom_args' retrieved from /home/airflow/.local/lib/python3.12/site-packages/airflow/example_dags/example_xcomargs.py
[2024-11-08T14:46:14.649+0000] {logging_mixin.py:190} INFO - [2024-11-08T14:46:14.648+0000] {dag.py:3239} INFO - Sync 2 DAGs
[2024-11-08T14:46:14.664+0000] {logging_mixin.py:190} INFO - [2024-11-08T14:46:14.664+0000] {dag.py:4180} INFO - Setting next_dagrun for example_xcom_args to None, run_after=None
[2024-11-08T14:46:14.668+0000] {logging_mixin.py:190} INFO - [2024-11-08T14:46:14.668+0000] {dag.py:4180} INFO - Setting next_dagrun for example_xcom_args_with_operators to None, run_after=None
[2024-11-08T14:46:14.692+0000] {processor.py:208} INFO - Processing /home/airflow/.local/lib/python3.12/site-packages/airflow/example_dags/example_xcomargs.py took 0.089 seconds
[2024-11-08T14:46:46.696+0000] {processor.py:186} INFO - Started process (PID=1878) to work on /home/airflow/.local/lib/python3.12/site-packages/airflow/example_dags/example_xcomargs.py
[2024-11-08T14:46:46.698+0000] {processor.py:914} INFO - Processing file /home/airflow/.local/lib/python3.12/site-packages/airflow/example_dags/example_xcomargs.py for tasks to queue
[2024-11-08T14:46:46.700+0000] {logging_mixin.py:190} INFO - [2024-11-08T14:46:46.700+0000] {dagbag.py:588} INFO - Filling up the DagBag from /home/airflow/.local/lib/python3.12/site-packages/airflow/example_dags/example_xcomargs.py
[2024-11-08T14:46:46.711+0000] {processor.py:925} INFO - DAG(s) 'example_xcom_args_with_operators', 'example_xcom_args' retrieved from /home/airflow/.local/lib/python3.12/site-packages/airflow/example_dags/example_xcomargs.py
[2024-11-08T14:46:46.737+0000] {logging_mixin.py:190} INFO - [2024-11-08T14:46:46.737+0000] {dag.py:3239} INFO - Sync 2 DAGs
[2024-11-08T14:46:46.755+0000] {logging_mixin.py:190} INFO - [2024-11-08T14:46:46.754+0000] {dag.py:4180} INFO - Setting next_dagrun for example_xcom_args to None, run_after=None
[2024-11-08T14:46:46.759+0000] {logging_mixin.py:190} INFO - [2024-11-08T14:46:46.759+0000] {dag.py:4180} INFO - Setting next_dagrun for example_xcom_args_with_operators to None, run_after=None
[2024-11-08T14:46:46.780+0000] {processor.py:208} INFO - Processing /home/airflow/.local/lib/python3.12/site-packages/airflow/example_dags/example_xcomargs.py took 0.089 seconds
[2024-11-08T14:47:17.916+0000] {processor.py:186} INFO - Started process (PID=1942) to work on /home/airflow/.local/lib/python3.12/site-packages/airflow/example_dags/example_xcomargs.py
[2024-11-08T14:47:17.917+0000] {processor.py:914} INFO - Processing file /home/airflow/.local/lib/python3.12/site-packages/airflow/example_dags/example_xcomargs.py for tasks to queue
[2024-11-08T14:47:17.920+0000] {logging_mixin.py:190} INFO - [2024-11-08T14:47:17.919+0000] {dagbag.py:588} INFO - Filling up the DagBag from /home/airflow/.local/lib/python3.12/site-packages/airflow/example_dags/example_xcomargs.py
[2024-11-08T14:47:17.930+0000] {processor.py:925} INFO - DAG(s) 'example_xcom_args', 'example_xcom_args_with_operators' retrieved from /home/airflow/.local/lib/python3.12/site-packages/airflow/example_dags/example_xcomargs.py
[2024-11-08T14:47:17.957+0000] {logging_mixin.py:190} INFO - [2024-11-08T14:47:17.957+0000] {dag.py:3239} INFO - Sync 2 DAGs
[2024-11-08T14:47:17.973+0000] {logging_mixin.py:190} INFO - [2024-11-08T14:47:17.973+0000] {dag.py:4180} INFO - Setting next_dagrun for example_xcom_args to None, run_after=None
[2024-11-08T14:47:17.978+0000] {logging_mixin.py:190} INFO - [2024-11-08T14:47:17.978+0000] {dag.py:4180} INFO - Setting next_dagrun for example_xcom_args_with_operators to None, run_after=None
[2024-11-08T14:47:18.003+0000] {processor.py:208} INFO - Processing /home/airflow/.local/lib/python3.12/site-packages/airflow/example_dags/example_xcomargs.py took 0.093 seconds
[2024-11-08T14:47:49.962+0000] {processor.py:186} INFO - Started process (PID=2006) to work on /home/airflow/.local/lib/python3.12/site-packages/airflow/example_dags/example_xcomargs.py
[2024-11-08T14:47:49.963+0000] {processor.py:914} INFO - Processing file /home/airflow/.local/lib/python3.12/site-packages/airflow/example_dags/example_xcomargs.py for tasks to queue
[2024-11-08T14:47:49.966+0000] {logging_mixin.py:190} INFO - [2024-11-08T14:47:49.965+0000] {dagbag.py:588} INFO - Filling up the DagBag from /home/airflow/.local/lib/python3.12/site-packages/airflow/example_dags/example_xcomargs.py
[2024-11-08T14:47:49.975+0000] {processor.py:925} INFO - DAG(s) 'example_xcom_args_with_operators', 'example_xcom_args' retrieved from /home/airflow/.local/lib/python3.12/site-packages/airflow/example_dags/example_xcomargs.py
[2024-11-08T14:47:49.998+0000] {logging_mixin.py:190} INFO - [2024-11-08T14:47:49.998+0000] {dag.py:3239} INFO - Sync 2 DAGs
[2024-11-08T14:47:50.013+0000] {logging_mixin.py:190} INFO - [2024-11-08T14:47:50.013+0000] {dag.py:4180} INFO - Setting next_dagrun for example_xcom_args to None, run_after=None
[2024-11-08T14:47:50.017+0000] {logging_mixin.py:190} INFO - [2024-11-08T14:47:50.017+0000] {dag.py:4180} INFO - Setting next_dagrun for example_xcom_args_with_operators to None, run_after=None
[2024-11-08T14:47:50.096+0000] {processor.py:208} INFO - Processing /home/airflow/.local/lib/python3.12/site-packages/airflow/example_dags/example_xcomargs.py took 0.139 seconds
[2024-11-08T14:48:21.697+0000] {processor.py:186} INFO - Started process (PID=2069) to work on /home/airflow/.local/lib/python3.12/site-packages/airflow/example_dags/example_xcomargs.py
[2024-11-08T14:48:21.698+0000] {processor.py:914} INFO - Processing file /home/airflow/.local/lib/python3.12/site-packages/airflow/example_dags/example_xcomargs.py for tasks to queue
[2024-11-08T14:48:21.701+0000] {logging_mixin.py:190} INFO - [2024-11-08T14:48:21.700+0000] {dagbag.py:588} INFO - Filling up the DagBag from /home/airflow/.local/lib/python3.12/site-packages/airflow/example_dags/example_xcomargs.py
[2024-11-08T14:48:21.711+0000] {processor.py:925} INFO - DAG(s) 'example_xcom_args', 'example_xcom_args_with_operators' retrieved from /home/airflow/.local/lib/python3.12/site-packages/airflow/example_dags/example_xcomargs.py
[2024-11-08T14:48:21.736+0000] {logging_mixin.py:190} INFO - [2024-11-08T14:48:21.735+0000] {dag.py:3239} INFO - Sync 2 DAGs
[2024-11-08T14:48:21.751+0000] {logging_mixin.py:190} INFO - [2024-11-08T14:48:21.751+0000] {dag.py:4180} INFO - Setting next_dagrun for example_xcom_args to None, run_after=None
[2024-11-08T14:48:21.755+0000] {logging_mixin.py:190} INFO - [2024-11-08T14:48:21.755+0000] {dag.py:4180} INFO - Setting next_dagrun for example_xcom_args_with_operators to None, run_after=None
[2024-11-08T14:48:22.069+0000] {processor.py:208} INFO - Processing /home/airflow/.local/lib/python3.12/site-packages/airflow/example_dags/example_xcomargs.py took 0.378 seconds
[2024-11-08T14:48:52.989+0000] {processor.py:186} INFO - Started process (PID=2132) to work on /home/airflow/.local/lib/python3.12/site-packages/airflow/example_dags/example_xcomargs.py
[2024-11-08T14:48:52.990+0000] {processor.py:914} INFO - Processing file /home/airflow/.local/lib/python3.12/site-packages/airflow/example_dags/example_xcomargs.py for tasks to queue
[2024-11-08T14:48:52.992+0000] {logging_mixin.py:190} INFO - [2024-11-08T14:48:52.992+0000] {dagbag.py:588} INFO - Filling up the DagBag from /home/airflow/.local/lib/python3.12/site-packages/airflow/example_dags/example_xcomargs.py
[2024-11-08T14:48:53.002+0000] {processor.py:925} INFO - DAG(s) 'example_xcom_args_with_operators', 'example_xcom_args' retrieved from /home/airflow/.local/lib/python3.12/site-packages/airflow/example_dags/example_xcomargs.py
[2024-11-08T14:48:53.026+0000] {logging_mixin.py:190} INFO - [2024-11-08T14:48:53.026+0000] {dag.py:3239} INFO - Sync 2 DAGs
[2024-11-08T14:48:53.041+0000] {logging_mixin.py:190} INFO - [2024-11-08T14:48:53.041+0000] {dag.py:4180} INFO - Setting next_dagrun for example_xcom_args to None, run_after=None
[2024-11-08T14:48:53.046+0000] {logging_mixin.py:190} INFO - [2024-11-08T14:48:53.045+0000] {dag.py:4180} INFO - Setting next_dagrun for example_xcom_args_with_operators to None, run_after=None
[2024-11-08T14:48:53.254+0000] {processor.py:208} INFO - Processing /home/airflow/.local/lib/python3.12/site-packages/airflow/example_dags/example_xcomargs.py took 0.271 seconds
[2024-11-08T14:49:24.224+0000] {processor.py:186} INFO - Started process (PID=2197) to work on /home/airflow/.local/lib/python3.12/site-packages/airflow/example_dags/example_xcomargs.py
[2024-11-08T14:49:24.225+0000] {processor.py:914} INFO - Processing file /home/airflow/.local/lib/python3.12/site-packages/airflow/example_dags/example_xcomargs.py for tasks to queue
[2024-11-08T14:49:24.228+0000] {logging_mixin.py:190} INFO - [2024-11-08T14:49:24.227+0000] {dagbag.py:588} INFO - Filling up the DagBag from /home/airflow/.local/lib/python3.12/site-packages/airflow/example_dags/example_xcomargs.py
[2024-11-08T14:49:24.238+0000] {processor.py:925} INFO - DAG(s) 'example_xcom_args', 'example_xcom_args_with_operators' retrieved from /home/airflow/.local/lib/python3.12/site-packages/airflow/example_dags/example_xcomargs.py
[2024-11-08T14:49:24.262+0000] {logging_mixin.py:190} INFO - [2024-11-08T14:49:24.262+0000] {dag.py:3239} INFO - Sync 2 DAGs
[2024-11-08T14:49:24.286+0000] {logging_mixin.py:190} INFO - [2024-11-08T14:49:24.277+0000] {dag.py:4180} INFO - Setting next_dagrun for example_xcom_args to None, run_after=None
[2024-11-08T14:49:24.320+0000] {logging_mixin.py:190} INFO - [2024-11-08T14:49:24.320+0000] {dag.py:4180} INFO - Setting next_dagrun for example_xcom_args_with_operators to None, run_after=None
[2024-11-08T14:49:24.582+0000] {processor.py:208} INFO - Processing /home/airflow/.local/lib/python3.12/site-packages/airflow/example_dags/example_xcomargs.py took 0.364 seconds
[2024-11-08T14:49:56.032+0000] {processor.py:186} INFO - Started process (PID=2261) to work on /home/airflow/.local/lib/python3.12/site-packages/airflow/example_dags/example_xcomargs.py
[2024-11-08T14:49:56.034+0000] {processor.py:914} INFO - Processing file /home/airflow/.local/lib/python3.12/site-packages/airflow/example_dags/example_xcomargs.py for tasks to queue
[2024-11-08T14:49:56.037+0000] {logging_mixin.py:190} INFO - [2024-11-08T14:49:56.036+0000] {dagbag.py:588} INFO - Filling up the DagBag from /home/airflow/.local/lib/python3.12/site-packages/airflow/example_dags/example_xcomargs.py
[2024-11-08T14:49:56.300+0000] {processor.py:925} INFO - DAG(s) 'example_xcom_args', 'example_xcom_args_with_operators' retrieved from /home/airflow/.local/lib/python3.12/site-packages/airflow/example_dags/example_xcomargs.py
[2024-11-08T14:49:56.358+0000] {logging_mixin.py:190} INFO - [2024-11-08T14:49:56.349+0000] {dag.py:3239} INFO - Sync 2 DAGs
[2024-11-08T14:49:56.390+0000] {logging_mixin.py:190} INFO - [2024-11-08T14:49:56.390+0000] {dag.py:4180} INFO - Setting next_dagrun for example_xcom_args to None, run_after=None
[2024-11-08T14:49:56.401+0000] {logging_mixin.py:190} INFO - [2024-11-08T14:49:56.401+0000] {dag.py:4180} INFO - Setting next_dagrun for example_xcom_args_with_operators to None, run_after=None
[2024-11-08T14:49:56.441+0000] {processor.py:208} INFO - Processing /home/airflow/.local/lib/python3.12/site-packages/airflow/example_dags/example_xcomargs.py took 0.422 seconds
[2024-11-08T14:50:27.049+0000] {processor.py:186} INFO - Started process (PID=2324) to work on /home/airflow/.local/lib/python3.12/site-packages/airflow/example_dags/example_xcomargs.py
[2024-11-08T14:50:27.050+0000] {processor.py:914} INFO - Processing file /home/airflow/.local/lib/python3.12/site-packages/airflow/example_dags/example_xcomargs.py for tasks to queue
[2024-11-08T14:50:27.053+0000] {logging_mixin.py:190} INFO - [2024-11-08T14:50:27.053+0000] {dagbag.py:588} INFO - Filling up the DagBag from /home/airflow/.local/lib/python3.12/site-packages/airflow/example_dags/example_xcomargs.py
[2024-11-08T14:50:27.067+0000] {processor.py:925} INFO - DAG(s) 'example_xcom_args_with_operators', 'example_xcom_args' retrieved from /home/airflow/.local/lib/python3.12/site-packages/airflow/example_dags/example_xcomargs.py
[2024-11-08T14:50:27.092+0000] {logging_mixin.py:190} INFO - [2024-11-08T14:50:27.092+0000] {dag.py:3239} INFO - Sync 2 DAGs
[2024-11-08T14:50:27.109+0000] {logging_mixin.py:190} INFO - [2024-11-08T14:50:27.108+0000] {dag.py:4180} INFO - Setting next_dagrun for example_xcom_args to None, run_after=None
[2024-11-08T14:50:27.113+0000] {logging_mixin.py:190} INFO - [2024-11-08T14:50:27.113+0000] {dag.py:4180} INFO - Setting next_dagrun for example_xcom_args_with_operators to None, run_after=None
[2024-11-08T14:50:27.359+0000] {processor.py:208} INFO - Processing /home/airflow/.local/lib/python3.12/site-packages/airflow/example_dags/example_xcomargs.py took 0.315 seconds
[2024-11-08T14:50:58.310+0000] {processor.py:186} INFO - Started process (PID=2393) to work on /home/airflow/.local/lib/python3.12/site-packages/airflow/example_dags/example_xcomargs.py
[2024-11-08T14:50:58.311+0000] {processor.py:914} INFO - Processing file /home/airflow/.local/lib/python3.12/site-packages/airflow/example_dags/example_xcomargs.py for tasks to queue
[2024-11-08T14:50:58.314+0000] {logging_mixin.py:190} INFO - [2024-11-08T14:50:58.313+0000] {dagbag.py:588} INFO - Filling up the DagBag from /home/airflow/.local/lib/python3.12/site-packages/airflow/example_dags/example_xcomargs.py
[2024-11-08T14:50:58.326+0000] {processor.py:925} INFO - DAG(s) 'example_xcom_args_with_operators', 'example_xcom_args' retrieved from /home/airflow/.local/lib/python3.12/site-packages/airflow/example_dags/example_xcomargs.py
[2024-11-08T14:50:58.355+0000] {logging_mixin.py:190} INFO - [2024-11-08T14:50:58.355+0000] {dag.py:3239} INFO - Sync 2 DAGs
[2024-11-08T14:50:58.377+0000] {logging_mixin.py:190} INFO - [2024-11-08T14:50:58.377+0000] {dag.py:4180} INFO - Setting next_dagrun for example_xcom_args to None, run_after=None
[2024-11-08T14:50:58.382+0000] {logging_mixin.py:190} INFO - [2024-11-08T14:50:58.381+0000] {dag.py:4180} INFO - Setting next_dagrun for example_xcom_args_with_operators to None, run_after=None
[2024-11-08T14:50:58.535+0000] {processor.py:208} INFO - Processing /home/airflow/.local/lib/python3.12/site-packages/airflow/example_dags/example_xcomargs.py took 0.232 seconds
[2024-11-08T14:51:30.713+0000] {processor.py:186} INFO - Started process (PID=2458) to work on /home/airflow/.local/lib/python3.12/site-packages/airflow/example_dags/example_xcomargs.py
[2024-11-08T14:51:30.714+0000] {processor.py:914} INFO - Processing file /home/airflow/.local/lib/python3.12/site-packages/airflow/example_dags/example_xcomargs.py for tasks to queue
[2024-11-08T14:51:30.717+0000] {logging_mixin.py:190} INFO - [2024-11-08T14:51:30.716+0000] {dagbag.py:588} INFO - Filling up the DagBag from /home/airflow/.local/lib/python3.12/site-packages/airflow/example_dags/example_xcomargs.py
[2024-11-08T14:51:30.727+0000] {processor.py:925} INFO - DAG(s) 'example_xcom_args', 'example_xcom_args_with_operators' retrieved from /home/airflow/.local/lib/python3.12/site-packages/airflow/example_dags/example_xcomargs.py
[2024-11-08T14:51:30.749+0000] {logging_mixin.py:190} INFO - [2024-11-08T14:51:30.749+0000] {dag.py:3239} INFO - Sync 2 DAGs
[2024-11-08T14:51:30.764+0000] {logging_mixin.py:190} INFO - [2024-11-08T14:51:30.763+0000] {dag.py:4180} INFO - Setting next_dagrun for example_xcom_args to None, run_after=None
[2024-11-08T14:51:30.768+0000] {logging_mixin.py:190} INFO - [2024-11-08T14:51:30.767+0000] {dag.py:4180} INFO - Setting next_dagrun for example_xcom_args_with_operators to None, run_after=None
[2024-11-08T14:51:31.008+0000] {processor.py:208} INFO - Processing /home/airflow/.local/lib/python3.12/site-packages/airflow/example_dags/example_xcomargs.py took 0.301 seconds
[2024-11-08T14:52:01.754+0000] {processor.py:186} INFO - Started process (PID=2521) to work on /home/airflow/.local/lib/python3.12/site-packages/airflow/example_dags/example_xcomargs.py
[2024-11-08T14:52:01.755+0000] {processor.py:914} INFO - Processing file /home/airflow/.local/lib/python3.12/site-packages/airflow/example_dags/example_xcomargs.py for tasks to queue
[2024-11-08T14:52:01.758+0000] {logging_mixin.py:190} INFO - [2024-11-08T14:52:01.758+0000] {dagbag.py:588} INFO - Filling up the DagBag from /home/airflow/.local/lib/python3.12/site-packages/airflow/example_dags/example_xcomargs.py
[2024-11-08T14:52:01.768+0000] {processor.py:925} INFO - DAG(s) 'example_xcom_args_with_operators', 'example_xcom_args' retrieved from /home/airflow/.local/lib/python3.12/site-packages/airflow/example_dags/example_xcomargs.py
[2024-11-08T14:52:01.795+0000] {logging_mixin.py:190} INFO - [2024-11-08T14:52:01.795+0000] {dag.py:3239} INFO - Sync 2 DAGs
[2024-11-08T14:52:01.811+0000] {logging_mixin.py:190} INFO - [2024-11-08T14:52:01.810+0000] {dag.py:4180} INFO - Setting next_dagrun for example_xcom_args to None, run_after=None
[2024-11-08T14:52:01.815+0000] {logging_mixin.py:190} INFO - [2024-11-08T14:52:01.815+0000] {dag.py:4180} INFO - Setting next_dagrun for example_xcom_args_with_operators to None, run_after=None
[2024-11-08T14:52:02.348+0000] {processor.py:208} INFO - Processing /home/airflow/.local/lib/python3.12/site-packages/airflow/example_dags/example_xcomargs.py took 0.600 seconds
[2024-11-08T14:52:35.029+0000] {processor.py:186} INFO - Started process (PID=2585) to work on /home/airflow/.local/lib/python3.12/site-packages/airflow/example_dags/example_xcomargs.py
[2024-11-08T14:52:35.108+0000] {processor.py:914} INFO - Processing file /home/airflow/.local/lib/python3.12/site-packages/airflow/example_dags/example_xcomargs.py for tasks to queue
[2024-11-08T14:52:35.115+0000] {logging_mixin.py:190} INFO - [2024-11-08T14:52:35.114+0000] {dagbag.py:588} INFO - Filling up the DagBag from /home/airflow/.local/lib/python3.12/site-packages/airflow/example_dags/example_xcomargs.py
[2024-11-08T14:52:35.140+0000] {processor.py:925} INFO - DAG(s) 'example_xcom_args', 'example_xcom_args_with_operators' retrieved from /home/airflow/.local/lib/python3.12/site-packages/airflow/example_dags/example_xcomargs.py
[2024-11-08T14:52:35.166+0000] {logging_mixin.py:190} INFO - [2024-11-08T14:52:35.166+0000] {dag.py:3239} INFO - Sync 2 DAGs
[2024-11-08T14:52:35.182+0000] {logging_mixin.py:190} INFO - [2024-11-08T14:52:35.182+0000] {dag.py:4180} INFO - Setting next_dagrun for example_xcom_args to None, run_after=None
[2024-11-08T14:52:35.187+0000] {logging_mixin.py:190} INFO - [2024-11-08T14:52:35.187+0000] {dag.py:4180} INFO - Setting next_dagrun for example_xcom_args_with_operators to None, run_after=None
[2024-11-08T14:52:35.380+0000] {processor.py:208} INFO - Processing /home/airflow/.local/lib/python3.12/site-packages/airflow/example_dags/example_xcomargs.py took 0.356 seconds
[2024-11-08T14:53:06.161+0000] {processor.py:186} INFO - Started process (PID=2648) to work on /home/airflow/.local/lib/python3.12/site-packages/airflow/example_dags/example_xcomargs.py
[2024-11-08T14:53:06.162+0000] {processor.py:914} INFO - Processing file /home/airflow/.local/lib/python3.12/site-packages/airflow/example_dags/example_xcomargs.py for tasks to queue
[2024-11-08T14:53:06.165+0000] {logging_mixin.py:190} INFO - [2024-11-08T14:53:06.164+0000] {dagbag.py:588} INFO - Filling up the DagBag from /home/airflow/.local/lib/python3.12/site-packages/airflow/example_dags/example_xcomargs.py
[2024-11-08T14:53:06.175+0000] {processor.py:925} INFO - DAG(s) 'example_xcom_args_with_operators', 'example_xcom_args' retrieved from /home/airflow/.local/lib/python3.12/site-packages/airflow/example_dags/example_xcomargs.py
[2024-11-08T14:53:06.199+0000] {logging_mixin.py:190} INFO - [2024-11-08T14:53:06.199+0000] {dag.py:3239} INFO - Sync 2 DAGs
[2024-11-08T14:53:06.213+0000] {logging_mixin.py:190} INFO - [2024-11-08T14:53:06.213+0000] {dag.py:4180} INFO - Setting next_dagrun for example_xcom_args to None, run_after=None
[2024-11-08T14:53:06.218+0000] {logging_mixin.py:190} INFO - [2024-11-08T14:53:06.217+0000] {dag.py:4180} INFO - Setting next_dagrun for example_xcom_args_with_operators to None, run_after=None
[2024-11-08T14:53:06.407+0000] {processor.py:208} INFO - Processing /home/airflow/.local/lib/python3.12/site-packages/airflow/example_dags/example_xcomargs.py took 0.251 seconds
[2024-11-08T14:53:36.449+0000] {processor.py:186} INFO - Started process (PID=2711) to work on /home/airflow/.local/lib/python3.12/site-packages/airflow/example_dags/example_xcomargs.py
[2024-11-08T14:53:36.450+0000] {processor.py:914} INFO - Processing file /home/airflow/.local/lib/python3.12/site-packages/airflow/example_dags/example_xcomargs.py for tasks to queue
[2024-11-08T14:53:36.453+0000] {logging_mixin.py:190} INFO - [2024-11-08T14:53:36.453+0000] {dagbag.py:588} INFO - Filling up the DagBag from /home/airflow/.local/lib/python3.12/site-packages/airflow/example_dags/example_xcomargs.py
[2024-11-08T14:53:36.463+0000] {processor.py:925} INFO - DAG(s) 'example_xcom_args', 'example_xcom_args_with_operators' retrieved from /home/airflow/.local/lib/python3.12/site-packages/airflow/example_dags/example_xcomargs.py
[2024-11-08T14:53:36.485+0000] {logging_mixin.py:190} INFO - [2024-11-08T14:53:36.485+0000] {dag.py:3239} INFO - Sync 2 DAGs
[2024-11-08T14:53:36.499+0000] {logging_mixin.py:190} INFO - [2024-11-08T14:53:36.499+0000] {dag.py:4180} INFO - Setting next_dagrun for example_xcom_args to None, run_after=None
[2024-11-08T14:53:36.503+0000] {logging_mixin.py:190} INFO - [2024-11-08T14:53:36.502+0000] {dag.py:4180} INFO - Setting next_dagrun for example_xcom_args_with_operators to None, run_after=None
[2024-11-08T14:53:36.535+0000] {processor.py:208} INFO - Processing /home/airflow/.local/lib/python3.12/site-packages/airflow/example_dags/example_xcomargs.py took 0.092 seconds
[2024-11-08T14:54:07.394+0000] {processor.py:186} INFO - Started process (PID=2774) to work on /home/airflow/.local/lib/python3.12/site-packages/airflow/example_dags/example_xcomargs.py
[2024-11-08T14:54:07.395+0000] {processor.py:914} INFO - Processing file /home/airflow/.local/lib/python3.12/site-packages/airflow/example_dags/example_xcomargs.py for tasks to queue
[2024-11-08T14:54:07.398+0000] {logging_mixin.py:190} INFO - [2024-11-08T14:54:07.397+0000] {dagbag.py:588} INFO - Filling up the DagBag from /home/airflow/.local/lib/python3.12/site-packages/airflow/example_dags/example_xcomargs.py
[2024-11-08T14:54:07.407+0000] {processor.py:925} INFO - DAG(s) 'example_xcom_args', 'example_xcom_args_with_operators' retrieved from /home/airflow/.local/lib/python3.12/site-packages/airflow/example_dags/example_xcomargs.py
[2024-11-08T14:54:07.430+0000] {logging_mixin.py:190} INFO - [2024-11-08T14:54:07.430+0000] {dag.py:3239} INFO - Sync 2 DAGs
[2024-11-08T14:54:07.443+0000] {logging_mixin.py:190} INFO - [2024-11-08T14:54:07.443+0000] {dag.py:4180} INFO - Setting next_dagrun for example_xcom_args to None, run_after=None
[2024-11-08T14:54:07.447+0000] {logging_mixin.py:190} INFO - [2024-11-08T14:54:07.447+0000] {dag.py:4180} INFO - Setting next_dagrun for example_xcom_args_with_operators to None, run_after=None
[2024-11-08T14:54:07.486+0000] {processor.py:208} INFO - Processing /home/airflow/.local/lib/python3.12/site-packages/airflow/example_dags/example_xcomargs.py took 0.098 seconds
[2024-11-08T14:54:40.109+0000] {processor.py:186} INFO - Started process (PID=2841) to work on /home/airflow/.local/lib/python3.12/site-packages/airflow/example_dags/example_xcomargs.py
[2024-11-08T14:54:40.110+0000] {processor.py:914} INFO - Processing file /home/airflow/.local/lib/python3.12/site-packages/airflow/example_dags/example_xcomargs.py for tasks to queue
[2024-11-08T14:54:40.114+0000] {logging_mixin.py:190} INFO - [2024-11-08T14:54:40.112+0000] {dagbag.py:588} INFO - Filling up the DagBag from /home/airflow/.local/lib/python3.12/site-packages/airflow/example_dags/example_xcomargs.py
[2024-11-08T14:54:40.129+0000] {processor.py:925} INFO - DAG(s) 'example_xcom_args', 'example_xcom_args_with_operators' retrieved from /home/airflow/.local/lib/python3.12/site-packages/airflow/example_dags/example_xcomargs.py
[2024-11-08T14:54:40.165+0000] {logging_mixin.py:190} INFO - [2024-11-08T14:54:40.165+0000] {dag.py:3239} INFO - Sync 2 DAGs
[2024-11-08T14:54:40.183+0000] {logging_mixin.py:190} INFO - [2024-11-08T14:54:40.183+0000] {dag.py:4180} INFO - Setting next_dagrun for example_xcom_args to None, run_after=None
[2024-11-08T14:54:40.187+0000] {logging_mixin.py:190} INFO - [2024-11-08T14:54:40.187+0000] {dag.py:4180} INFO - Setting next_dagrun for example_xcom_args_with_operators to None, run_after=None
[2024-11-08T14:54:40.242+0000] {processor.py:208} INFO - Processing /home/airflow/.local/lib/python3.12/site-packages/airflow/example_dags/example_xcomargs.py took 0.140 seconds
[2024-11-08T14:55:11.734+0000] {processor.py:186} INFO - Started process (PID=2904) to work on /home/airflow/.local/lib/python3.12/site-packages/airflow/example_dags/example_xcomargs.py
[2024-11-08T14:55:11.735+0000] {processor.py:914} INFO - Processing file /home/airflow/.local/lib/python3.12/site-packages/airflow/example_dags/example_xcomargs.py for tasks to queue
[2024-11-08T14:55:11.737+0000] {logging_mixin.py:190} INFO - [2024-11-08T14:55:11.737+0000] {dagbag.py:588} INFO - Filling up the DagBag from /home/airflow/.local/lib/python3.12/site-packages/airflow/example_dags/example_xcomargs.py
[2024-11-08T14:55:11.748+0000] {processor.py:925} INFO - DAG(s) 'example_xcom_args_with_operators', 'example_xcom_args' retrieved from /home/airflow/.local/lib/python3.12/site-packages/airflow/example_dags/example_xcomargs.py
[2024-11-08T14:55:11.775+0000] {logging_mixin.py:190} INFO - [2024-11-08T14:55:11.775+0000] {dag.py:3239} INFO - Sync 2 DAGs
[2024-11-08T14:55:11.791+0000] {logging_mixin.py:190} INFO - [2024-11-08T14:55:11.791+0000] {dag.py:4180} INFO - Setting next_dagrun for example_xcom_args to None, run_after=None
[2024-11-08T14:55:11.796+0000] {logging_mixin.py:190} INFO - [2024-11-08T14:55:11.795+0000] {dag.py:4180} INFO - Setting next_dagrun for example_xcom_args_with_operators to None, run_after=None
[2024-11-08T14:55:11.827+0000] {processor.py:208} INFO - Processing /home/airflow/.local/lib/python3.12/site-packages/airflow/example_dags/example_xcomargs.py took 0.100 seconds
[2024-11-08T14:55:43.084+0000] {processor.py:186} INFO - Started process (PID=2967) to work on /home/airflow/.local/lib/python3.12/site-packages/airflow/example_dags/example_xcomargs.py
[2024-11-08T14:55:43.085+0000] {processor.py:914} INFO - Processing file /home/airflow/.local/lib/python3.12/site-packages/airflow/example_dags/example_xcomargs.py for tasks to queue
[2024-11-08T14:55:43.088+0000] {logging_mixin.py:190} INFO - [2024-11-08T14:55:43.088+0000] {dagbag.py:588} INFO - Filling up the DagBag from /home/airflow/.local/lib/python3.12/site-packages/airflow/example_dags/example_xcomargs.py
[2024-11-08T14:55:43.101+0000] {processor.py:925} INFO - DAG(s) 'example_xcom_args', 'example_xcom_args_with_operators' retrieved from /home/airflow/.local/lib/python3.12/site-packages/airflow/example_dags/example_xcomargs.py
[2024-11-08T14:55:43.133+0000] {logging_mixin.py:190} INFO - [2024-11-08T14:55:43.133+0000] {dag.py:3239} INFO - Sync 2 DAGs
[2024-11-08T14:55:43.357+0000] {logging_mixin.py:190} INFO - [2024-11-08T14:55:43.357+0000] {dag.py:4180} INFO - Setting next_dagrun for example_xcom_args to None, run_after=None
[2024-11-08T14:55:43.364+0000] {logging_mixin.py:190} INFO - [2024-11-08T14:55:43.364+0000] {dag.py:4180} INFO - Setting next_dagrun for example_xcom_args_with_operators to None, run_after=None
[2024-11-08T14:55:43.518+0000] {processor.py:208} INFO - Processing /home/airflow/.local/lib/python3.12/site-packages/airflow/example_dags/example_xcomargs.py took 0.442 seconds
[2024-11-08T14:56:13.680+0000] {processor.py:186} INFO - Started process (PID=3029) to work on /home/airflow/.local/lib/python3.12/site-packages/airflow/example_dags/example_xcomargs.py
[2024-11-08T14:56:13.692+0000] {processor.py:914} INFO - Processing file /home/airflow/.local/lib/python3.12/site-packages/airflow/example_dags/example_xcomargs.py for tasks to queue
[2024-11-08T14:56:13.700+0000] {logging_mixin.py:190} INFO - [2024-11-08T14:56:13.699+0000] {dagbag.py:588} INFO - Filling up the DagBag from /home/airflow/.local/lib/python3.12/site-packages/airflow/example_dags/example_xcomargs.py
[2024-11-08T14:56:13.722+0000] {processor.py:925} INFO - DAG(s) 'example_xcom_args_with_operators', 'example_xcom_args' retrieved from /home/airflow/.local/lib/python3.12/site-packages/airflow/example_dags/example_xcomargs.py
[2024-11-08T14:56:13.773+0000] {logging_mixin.py:190} INFO - [2024-11-08T14:56:13.772+0000] {dag.py:3239} INFO - Sync 2 DAGs
[2024-11-08T14:56:13.801+0000] {logging_mixin.py:190} INFO - [2024-11-08T14:56:13.801+0000] {dag.py:4180} INFO - Setting next_dagrun for example_xcom_args to None, run_after=None
[2024-11-08T14:56:13.811+0000] {logging_mixin.py:190} INFO - [2024-11-08T14:56:13.810+0000] {dag.py:4180} INFO - Setting next_dagrun for example_xcom_args_with_operators to None, run_after=None
[2024-11-08T14:56:13.846+0000] {processor.py:208} INFO - Processing /home/airflow/.local/lib/python3.12/site-packages/airflow/example_dags/example_xcomargs.py took 0.174 seconds
[2024-11-08T14:56:45.318+0000] {processor.py:186} INFO - Started process (PID=3093) to work on /home/airflow/.local/lib/python3.12/site-packages/airflow/example_dags/example_xcomargs.py
[2024-11-08T14:56:45.320+0000] {processor.py:914} INFO - Processing file /home/airflow/.local/lib/python3.12/site-packages/airflow/example_dags/example_xcomargs.py for tasks to queue
[2024-11-08T14:56:45.322+0000] {logging_mixin.py:190} INFO - [2024-11-08T14:56:45.322+0000] {dagbag.py:588} INFO - Filling up the DagBag from /home/airflow/.local/lib/python3.12/site-packages/airflow/example_dags/example_xcomargs.py
[2024-11-08T14:56:45.341+0000] {processor.py:925} INFO - DAG(s) 'example_xcom_args', 'example_xcom_args_with_operators' retrieved from /home/airflow/.local/lib/python3.12/site-packages/airflow/example_dags/example_xcomargs.py
[2024-11-08T14:56:45.381+0000] {logging_mixin.py:190} INFO - [2024-11-08T14:56:45.380+0000] {dag.py:3239} INFO - Sync 2 DAGs
[2024-11-08T14:56:45.403+0000] {logging_mixin.py:190} INFO - [2024-11-08T14:56:45.403+0000] {dag.py:4180} INFO - Setting next_dagrun for example_xcom_args to None, run_after=None
[2024-11-08T14:56:45.409+0000] {logging_mixin.py:190} INFO - [2024-11-08T14:56:45.408+0000] {dag.py:4180} INFO - Setting next_dagrun for example_xcom_args_with_operators to None, run_after=None
[2024-11-08T14:56:45.495+0000] {processor.py:208} INFO - Processing /home/airflow/.local/lib/python3.12/site-packages/airflow/example_dags/example_xcomargs.py took 0.184 seconds
[2024-11-08T14:57:16.044+0000] {processor.py:186} INFO - Started process (PID=3155) to work on /home/airflow/.local/lib/python3.12/site-packages/airflow/example_dags/example_xcomargs.py
[2024-11-08T14:57:16.046+0000] {processor.py:914} INFO - Processing file /home/airflow/.local/lib/python3.12/site-packages/airflow/example_dags/example_xcomargs.py for tasks to queue
[2024-11-08T14:57:16.049+0000] {logging_mixin.py:190} INFO - [2024-11-08T14:57:16.048+0000] {dagbag.py:588} INFO - Filling up the DagBag from /home/airflow/.local/lib/python3.12/site-packages/airflow/example_dags/example_xcomargs.py
[2024-11-08T14:57:16.061+0000] {processor.py:925} INFO - DAG(s) 'example_xcom_args_with_operators', 'example_xcom_args' retrieved from /home/airflow/.local/lib/python3.12/site-packages/airflow/example_dags/example_xcomargs.py
[2024-11-08T14:57:16.381+0000] {logging_mixin.py:190} INFO - [2024-11-08T14:57:16.381+0000] {dag.py:3239} INFO - Sync 2 DAGs
[2024-11-08T14:57:16.403+0000] {logging_mixin.py:190} INFO - [2024-11-08T14:57:16.402+0000] {dag.py:4180} INFO - Setting next_dagrun for example_xcom_args to None, run_after=None
[2024-11-08T14:57:16.409+0000] {logging_mixin.py:190} INFO - [2024-11-08T14:57:16.409+0000] {dag.py:4180} INFO - Setting next_dagrun for example_xcom_args_with_operators to None, run_after=None
[2024-11-08T14:57:16.778+0000] {processor.py:208} INFO - Processing /home/airflow/.local/lib/python3.12/site-packages/airflow/example_dags/example_xcomargs.py took 0.743 seconds
[2024-11-08T14:57:47.286+0000] {processor.py:186} INFO - Started process (PID=3219) to work on /home/airflow/.local/lib/python3.12/site-packages/airflow/example_dags/example_xcomargs.py
[2024-11-08T14:57:47.288+0000] {processor.py:914} INFO - Processing file /home/airflow/.local/lib/python3.12/site-packages/airflow/example_dags/example_xcomargs.py for tasks to queue
[2024-11-08T14:57:47.291+0000] {logging_mixin.py:190} INFO - [2024-11-08T14:57:47.291+0000] {dagbag.py:588} INFO - Filling up the DagBag from /home/airflow/.local/lib/python3.12/site-packages/airflow/example_dags/example_xcomargs.py
[2024-11-08T14:57:47.301+0000] {processor.py:925} INFO - DAG(s) 'example_xcom_args', 'example_xcom_args_with_operators' retrieved from /home/airflow/.local/lib/python3.12/site-packages/airflow/example_dags/example_xcomargs.py
[2024-11-08T14:57:47.326+0000] {logging_mixin.py:190} INFO - [2024-11-08T14:57:47.326+0000] {dag.py:3239} INFO - Sync 2 DAGs
[2024-11-08T14:57:47.342+0000] {logging_mixin.py:190} INFO - [2024-11-08T14:57:47.341+0000] {dag.py:4180} INFO - Setting next_dagrun for example_xcom_args to None, run_after=None
[2024-11-08T14:57:47.346+0000] {logging_mixin.py:190} INFO - [2024-11-08T14:57:47.346+0000] {dag.py:4180} INFO - Setting next_dagrun for example_xcom_args_with_operators to None, run_after=None
[2024-11-08T14:57:47.467+0000] {processor.py:208} INFO - Processing /home/airflow/.local/lib/python3.12/site-packages/airflow/example_dags/example_xcomargs.py took 0.191 seconds
[2024-11-08T14:58:17.968+0000] {processor.py:186} INFO - Started process (PID=3283) to work on /home/airflow/.local/lib/python3.12/site-packages/airflow/example_dags/example_xcomargs.py
[2024-11-08T14:58:17.969+0000] {processor.py:914} INFO - Processing file /home/airflow/.local/lib/python3.12/site-packages/airflow/example_dags/example_xcomargs.py for tasks to queue
[2024-11-08T14:58:17.972+0000] {logging_mixin.py:190} INFO - [2024-11-08T14:58:17.971+0000] {dagbag.py:588} INFO - Filling up the DagBag from /home/airflow/.local/lib/python3.12/site-packages/airflow/example_dags/example_xcomargs.py
[2024-11-08T14:58:17.982+0000] {processor.py:925} INFO - DAG(s) 'example_xcom_args_with_operators', 'example_xcom_args' retrieved from /home/airflow/.local/lib/python3.12/site-packages/airflow/example_dags/example_xcomargs.py
[2024-11-08T14:58:18.008+0000] {logging_mixin.py:190} INFO - [2024-11-08T14:58:18.007+0000] {dag.py:3239} INFO - Sync 2 DAGs
[2024-11-08T14:58:18.023+0000] {logging_mixin.py:190} INFO - [2024-11-08T14:58:18.023+0000] {dag.py:4180} INFO - Setting next_dagrun for example_xcom_args to None, run_after=None
[2024-11-08T14:58:18.029+0000] {logging_mixin.py:190} INFO - [2024-11-08T14:58:18.029+0000] {dag.py:4180} INFO - Setting next_dagrun for example_xcom_args_with_operators to None, run_after=None
[2024-11-08T14:58:18.587+0000] {processor.py:208} INFO - Processing /home/airflow/.local/lib/python3.12/site-packages/airflow/example_dags/example_xcomargs.py took 0.626 seconds
[2024-11-08T14:58:48.700+0000] {processor.py:186} INFO - Started process (PID=3346) to work on /home/airflow/.local/lib/python3.12/site-packages/airflow/example_dags/example_xcomargs.py
[2024-11-08T14:58:48.701+0000] {processor.py:914} INFO - Processing file /home/airflow/.local/lib/python3.12/site-packages/airflow/example_dags/example_xcomargs.py for tasks to queue
[2024-11-08T14:58:48.704+0000] {logging_mixin.py:190} INFO - [2024-11-08T14:58:48.704+0000] {dagbag.py:588} INFO - Filling up the DagBag from /home/airflow/.local/lib/python3.12/site-packages/airflow/example_dags/example_xcomargs.py
[2024-11-08T14:58:48.715+0000] {processor.py:925} INFO - DAG(s) 'example_xcom_args', 'example_xcom_args_with_operators' retrieved from /home/airflow/.local/lib/python3.12/site-packages/airflow/example_dags/example_xcomargs.py
[2024-11-08T14:58:48.740+0000] {logging_mixin.py:190} INFO - [2024-11-08T14:58:48.740+0000] {dag.py:3239} INFO - Sync 2 DAGs
[2024-11-08T14:58:48.755+0000] {logging_mixin.py:190} INFO - [2024-11-08T14:58:48.755+0000] {dag.py:4180} INFO - Setting next_dagrun for example_xcom_args to None, run_after=None
[2024-11-08T14:58:48.759+0000] {logging_mixin.py:190} INFO - [2024-11-08T14:58:48.759+0000] {dag.py:4180} INFO - Setting next_dagrun for example_xcom_args_with_operators to None, run_after=None
[2024-11-08T14:58:48.989+0000] {processor.py:208} INFO - Processing /home/airflow/.local/lib/python3.12/site-packages/airflow/example_dags/example_xcomargs.py took 0.295 seconds
[2024-11-08T14:59:19.467+0000] {processor.py:186} INFO - Started process (PID=3410) to work on /home/airflow/.local/lib/python3.12/site-packages/airflow/example_dags/example_xcomargs.py
[2024-11-08T14:59:19.468+0000] {processor.py:914} INFO - Processing file /home/airflow/.local/lib/python3.12/site-packages/airflow/example_dags/example_xcomargs.py for tasks to queue
[2024-11-08T14:59:19.471+0000] {logging_mixin.py:190} INFO - [2024-11-08T14:59:19.470+0000] {dagbag.py:588} INFO - Filling up the DagBag from /home/airflow/.local/lib/python3.12/site-packages/airflow/example_dags/example_xcomargs.py
[2024-11-08T14:59:19.480+0000] {processor.py:925} INFO - DAG(s) 'example_xcom_args', 'example_xcom_args_with_operators' retrieved from /home/airflow/.local/lib/python3.12/site-packages/airflow/example_dags/example_xcomargs.py
[2024-11-08T14:59:19.503+0000] {logging_mixin.py:190} INFO - [2024-11-08T14:59:19.503+0000] {dag.py:3239} INFO - Sync 2 DAGs
[2024-11-08T14:59:19.518+0000] {logging_mixin.py:190} INFO - [2024-11-08T14:59:19.518+0000] {dag.py:4180} INFO - Setting next_dagrun for example_xcom_args to None, run_after=None
[2024-11-08T14:59:19.522+0000] {logging_mixin.py:190} INFO - [2024-11-08T14:59:19.522+0000] {dag.py:4180} INFO - Setting next_dagrun for example_xcom_args_with_operators to None, run_after=None
[2024-11-08T14:59:19.573+0000] {processor.py:208} INFO - Processing /home/airflow/.local/lib/python3.12/site-packages/airflow/example_dags/example_xcomargs.py took 0.111 seconds
[2024-11-08T14:59:50.043+0000] {processor.py:186} INFO - Started process (PID=3474) to work on /home/airflow/.local/lib/python3.12/site-packages/airflow/example_dags/example_xcomargs.py
[2024-11-08T14:59:50.044+0000] {processor.py:914} INFO - Processing file /home/airflow/.local/lib/python3.12/site-packages/airflow/example_dags/example_xcomargs.py for tasks to queue
[2024-11-08T14:59:50.046+0000] {logging_mixin.py:190} INFO - [2024-11-08T14:59:50.046+0000] {dagbag.py:588} INFO - Filling up the DagBag from /home/airflow/.local/lib/python3.12/site-packages/airflow/example_dags/example_xcomargs.py
[2024-11-08T14:59:50.056+0000] {processor.py:925} INFO - DAG(s) 'example_xcom_args_with_operators', 'example_xcom_args' retrieved from /home/airflow/.local/lib/python3.12/site-packages/airflow/example_dags/example_xcomargs.py
[2024-11-08T14:59:50.079+0000] {logging_mixin.py:190} INFO - [2024-11-08T14:59:50.079+0000] {dag.py:3239} INFO - Sync 2 DAGs
[2024-11-08T14:59:50.094+0000] {logging_mixin.py:190} INFO - [2024-11-08T14:59:50.094+0000] {dag.py:4180} INFO - Setting next_dagrun for example_xcom_args to None, run_after=None
[2024-11-08T14:59:50.099+0000] {logging_mixin.py:190} INFO - [2024-11-08T14:59:50.099+0000] {dag.py:4180} INFO - Setting next_dagrun for example_xcom_args_with_operators to None, run_after=None
[2024-11-08T14:59:50.276+0000] {processor.py:208} INFO - Processing /home/airflow/.local/lib/python3.12/site-packages/airflow/example_dags/example_xcomargs.py took 0.239 seconds
[2024-11-08T15:00:21.040+0000] {processor.py:186} INFO - Started process (PID=3537) to work on /home/airflow/.local/lib/python3.12/site-packages/airflow/example_dags/example_xcomargs.py
[2024-11-08T15:00:21.041+0000] {processor.py:914} INFO - Processing file /home/airflow/.local/lib/python3.12/site-packages/airflow/example_dags/example_xcomargs.py for tasks to queue
[2024-11-08T15:00:21.043+0000] {logging_mixin.py:190} INFO - [2024-11-08T15:00:21.043+0000] {dagbag.py:588} INFO - Filling up the DagBag from /home/airflow/.local/lib/python3.12/site-packages/airflow/example_dags/example_xcomargs.py
[2024-11-08T15:00:21.053+0000] {processor.py:925} INFO - DAG(s) 'example_xcom_args_with_operators', 'example_xcom_args' retrieved from /home/airflow/.local/lib/python3.12/site-packages/airflow/example_dags/example_xcomargs.py
[2024-11-08T15:00:21.076+0000] {logging_mixin.py:190} INFO - [2024-11-08T15:00:21.075+0000] {dag.py:3239} INFO - Sync 2 DAGs
[2024-11-08T15:00:21.093+0000] {logging_mixin.py:190} INFO - [2024-11-08T15:00:21.093+0000] {dag.py:4180} INFO - Setting next_dagrun for example_xcom_args to None, run_after=None
[2024-11-08T15:00:21.099+0000] {logging_mixin.py:190} INFO - [2024-11-08T15:00:21.099+0000] {dag.py:4180} INFO - Setting next_dagrun for example_xcom_args_with_operators to None, run_after=None
[2024-11-08T15:00:21.120+0000] {processor.py:208} INFO - Processing /home/airflow/.local/lib/python3.12/site-packages/airflow/example_dags/example_xcomargs.py took 0.087 seconds
[2024-11-08T15:00:51.680+0000] {processor.py:186} INFO - Started process (PID=3600) to work on /home/airflow/.local/lib/python3.12/site-packages/airflow/example_dags/example_xcomargs.py
[2024-11-08T15:00:51.681+0000] {processor.py:914} INFO - Processing file /home/airflow/.local/lib/python3.12/site-packages/airflow/example_dags/example_xcomargs.py for tasks to queue
[2024-11-08T15:00:51.684+0000] {logging_mixin.py:190} INFO - [2024-11-08T15:00:51.683+0000] {dagbag.py:588} INFO - Filling up the DagBag from /home/airflow/.local/lib/python3.12/site-packages/airflow/example_dags/example_xcomargs.py
[2024-11-08T15:00:51.694+0000] {processor.py:925} INFO - DAG(s) 'example_xcom_args', 'example_xcom_args_with_operators' retrieved from /home/airflow/.local/lib/python3.12/site-packages/airflow/example_dags/example_xcomargs.py
[2024-11-08T15:00:51.719+0000] {logging_mixin.py:190} INFO - [2024-11-08T15:00:51.718+0000] {dag.py:3239} INFO - Sync 2 DAGs
[2024-11-08T15:00:51.733+0000] {logging_mixin.py:190} INFO - [2024-11-08T15:00:51.733+0000] {dag.py:4180} INFO - Setting next_dagrun for example_xcom_args to None, run_after=None
[2024-11-08T15:00:51.737+0000] {logging_mixin.py:190} INFO - [2024-11-08T15:00:51.737+0000] {dag.py:4180} INFO - Setting next_dagrun for example_xcom_args_with_operators to None, run_after=None
[2024-11-08T15:00:51.758+0000] {processor.py:208} INFO - Processing /home/airflow/.local/lib/python3.12/site-packages/airflow/example_dags/example_xcomargs.py took 0.085 seconds
[2024-11-08T15:01:22.792+0000] {processor.py:186} INFO - Started process (PID=3662) to work on /home/airflow/.local/lib/python3.12/site-packages/airflow/example_dags/example_xcomargs.py
[2024-11-08T15:01:22.794+0000] {processor.py:914} INFO - Processing file /home/airflow/.local/lib/python3.12/site-packages/airflow/example_dags/example_xcomargs.py for tasks to queue
[2024-11-08T15:01:22.796+0000] {logging_mixin.py:190} INFO - [2024-11-08T15:01:22.796+0000] {dagbag.py:588} INFO - Filling up the DagBag from /home/airflow/.local/lib/python3.12/site-packages/airflow/example_dags/example_xcomargs.py
[2024-11-08T15:01:22.806+0000] {processor.py:925} INFO - DAG(s) 'example_xcom_args', 'example_xcom_args_with_operators' retrieved from /home/airflow/.local/lib/python3.12/site-packages/airflow/example_dags/example_xcomargs.py
[2024-11-08T15:01:22.829+0000] {logging_mixin.py:190} INFO - [2024-11-08T15:01:22.829+0000] {dag.py:3239} INFO - Sync 2 DAGs
[2024-11-08T15:01:22.845+0000] {logging_mixin.py:190} INFO - [2024-11-08T15:01:22.845+0000] {dag.py:4180} INFO - Setting next_dagrun for example_xcom_args to None, run_after=None
[2024-11-08T15:01:22.851+0000] {logging_mixin.py:190} INFO - [2024-11-08T15:01:22.850+0000] {dag.py:4180} INFO - Setting next_dagrun for example_xcom_args_with_operators to None, run_after=None
[2024-11-08T15:01:22.870+0000] {processor.py:208} INFO - Processing /home/airflow/.local/lib/python3.12/site-packages/airflow/example_dags/example_xcomargs.py took 0.084 seconds
