[2024-11-08T14:32:02.782+0000] {processor.py:186} INFO - Started process (PID=77) to work on /home/airflow/.local/lib/python3.12/site-packages/airflow/example_dags/example_sensors.py
[2024-11-08T14:32:02.783+0000] {processor.py:914} INFO - Processing file /home/airflow/.local/lib/python3.12/site-packages/airflow/example_dags/example_sensors.py for tasks to queue
[2024-11-08T14:32:02.786+0000] {logging_mixin.py:190} INFO - [2024-11-08T14:32:02.786+0000] {dagbag.py:588} INFO - Filling up the DagBag from /home/airflow/.local/lib/python3.12/site-packages/airflow/example_dags/example_sensors.py
[2024-11-08T14:32:02.799+0000] {processor.py:925} INFO - DAG(s) 'example_sensors' retrieved from /home/airflow/.local/lib/python3.12/site-packages/airflow/example_dags/example_sensors.py
[2024-11-08T14:32:02.921+0000] {logging_mixin.py:190} INFO - [2024-11-08T14:32:02.920+0000] {override.py:1911} INFO - Created Permission View: can delete on DAG:example_sensors
[2024-11-08T14:32:02.936+0000] {logging_mixin.py:190} INFO - [2024-11-08T14:32:02.935+0000] {override.py:1911} INFO - Created Permission View: can edit on DAG:example_sensors
[2024-11-08T14:32:02.947+0000] {logging_mixin.py:190} INFO - [2024-11-08T14:32:02.947+0000] {override.py:1911} INFO - Created Permission View: can read on DAG:example_sensors
[2024-11-08T14:32:02.961+0000] {logging_mixin.py:190} INFO - [2024-11-08T14:32:02.961+0000] {override.py:1911} INFO - Created Permission View: can create on DAG Run:example_sensors
[2024-11-08T14:32:02.972+0000] {logging_mixin.py:190} INFO - [2024-11-08T14:32:02.972+0000] {override.py:1911} INFO - Created Permission View: menu access on DAG Run:example_sensors
[2024-11-08T14:32:02.983+0000] {logging_mixin.py:190} INFO - [2024-11-08T14:32:02.982+0000] {override.py:1911} INFO - Created Permission View: can delete on DAG Run:example_sensors
[2024-11-08T14:32:02.994+0000] {logging_mixin.py:190} INFO - [2024-11-08T14:32:02.994+0000] {override.py:1911} INFO - Created Permission View: can read on DAG Run:example_sensors
[2024-11-08T14:32:02.995+0000] {logging_mixin.py:190} INFO - [2024-11-08T14:32:02.995+0000] {dag.py:3239} INFO - Sync 1 DAGs
[2024-11-08T14:32:03.014+0000] {logging_mixin.py:190} INFO - [2024-11-08T14:32:03.014+0000] {dag.py:3262} INFO - Creating ORM DAG for example_sensors
[2024-11-08T14:32:03.015+0000] {logging_mixin.py:190} INFO - [2024-11-08T14:32:03.015+0000] {dag.py:4180} INFO - Setting next_dagrun for example_sensors to None, run_after=None
[2024-11-08T14:32:03.040+0000] {processor.py:208} INFO - Processing /home/airflow/.local/lib/python3.12/site-packages/airflow/example_dags/example_sensors.py took 0.265 seconds
[2024-11-08T14:32:33.952+0000] {processor.py:186} INFO - Started process (PID=139) to work on /home/airflow/.local/lib/python3.12/site-packages/airflow/example_dags/example_sensors.py
[2024-11-08T14:32:33.954+0000] {processor.py:914} INFO - Processing file /home/airflow/.local/lib/python3.12/site-packages/airflow/example_dags/example_sensors.py for tasks to queue
[2024-11-08T14:32:33.956+0000] {logging_mixin.py:190} INFO - [2024-11-08T14:32:33.956+0000] {dagbag.py:588} INFO - Filling up the DagBag from /home/airflow/.local/lib/python3.12/site-packages/airflow/example_dags/example_sensors.py
[2024-11-08T14:32:33.968+0000] {processor.py:925} INFO - DAG(s) 'example_sensors' retrieved from /home/airflow/.local/lib/python3.12/site-packages/airflow/example_dags/example_sensors.py
[2024-11-08T14:32:33.995+0000] {logging_mixin.py:190} INFO - [2024-11-08T14:32:33.995+0000] {dag.py:3239} INFO - Sync 1 DAGs
[2024-11-08T14:32:34.009+0000] {logging_mixin.py:190} INFO - [2024-11-08T14:32:34.008+0000] {dag.py:4180} INFO - Setting next_dagrun for example_sensors to None, run_after=None
[2024-11-08T14:32:34.031+0000] {processor.py:208} INFO - Processing /home/airflow/.local/lib/python3.12/site-packages/airflow/example_dags/example_sensors.py took 0.085 seconds
[2024-11-08T14:33:04.096+0000] {processor.py:186} INFO - Started process (PID=202) to work on /home/airflow/.local/lib/python3.12/site-packages/airflow/example_dags/example_sensors.py
[2024-11-08T14:33:04.099+0000] {processor.py:914} INFO - Processing file /home/airflow/.local/lib/python3.12/site-packages/airflow/example_dags/example_sensors.py for tasks to queue
[2024-11-08T14:33:04.102+0000] {logging_mixin.py:190} INFO - [2024-11-08T14:33:04.102+0000] {dagbag.py:588} INFO - Filling up the DagBag from /home/airflow/.local/lib/python3.12/site-packages/airflow/example_dags/example_sensors.py
[2024-11-08T14:33:04.123+0000] {processor.py:925} INFO - DAG(s) 'example_sensors' retrieved from /home/airflow/.local/lib/python3.12/site-packages/airflow/example_dags/example_sensors.py
[2024-11-08T14:33:04.175+0000] {logging_mixin.py:190} INFO - [2024-11-08T14:33:04.175+0000] {dag.py:3239} INFO - Sync 1 DAGs
[2024-11-08T14:33:04.198+0000] {logging_mixin.py:190} INFO - [2024-11-08T14:33:04.197+0000] {dag.py:4180} INFO - Setting next_dagrun for example_sensors to None, run_after=None
[2024-11-08T14:33:04.247+0000] {processor.py:208} INFO - Processing /home/airflow/.local/lib/python3.12/site-packages/airflow/example_dags/example_sensors.py took 0.161 seconds
[2024-11-08T14:33:34.418+0000] {processor.py:186} INFO - Started process (PID=265) to work on /home/airflow/.local/lib/python3.12/site-packages/airflow/example_dags/example_sensors.py
[2024-11-08T14:33:34.420+0000] {processor.py:914} INFO - Processing file /home/airflow/.local/lib/python3.12/site-packages/airflow/example_dags/example_sensors.py for tasks to queue
[2024-11-08T14:33:34.422+0000] {logging_mixin.py:190} INFO - [2024-11-08T14:33:34.422+0000] {dagbag.py:588} INFO - Filling up the DagBag from /home/airflow/.local/lib/python3.12/site-packages/airflow/example_dags/example_sensors.py
[2024-11-08T14:33:34.433+0000] {processor.py:925} INFO - DAG(s) 'example_sensors' retrieved from /home/airflow/.local/lib/python3.12/site-packages/airflow/example_dags/example_sensors.py
[2024-11-08T14:33:34.460+0000] {logging_mixin.py:190} INFO - [2024-11-08T14:33:34.460+0000] {dag.py:3239} INFO - Sync 1 DAGs
[2024-11-08T14:33:34.475+0000] {logging_mixin.py:190} INFO - [2024-11-08T14:33:34.475+0000] {dag.py:4180} INFO - Setting next_dagrun for example_sensors to None, run_after=None
[2024-11-08T14:33:34.515+0000] {processor.py:208} INFO - Processing /home/airflow/.local/lib/python3.12/site-packages/airflow/example_dags/example_sensors.py took 0.103 seconds
[2024-11-08T14:34:05.375+0000] {processor.py:186} INFO - Started process (PID=328) to work on /home/airflow/.local/lib/python3.12/site-packages/airflow/example_dags/example_sensors.py
[2024-11-08T14:34:05.386+0000] {processor.py:914} INFO - Processing file /home/airflow/.local/lib/python3.12/site-packages/airflow/example_dags/example_sensors.py for tasks to queue
[2024-11-08T14:34:05.389+0000] {logging_mixin.py:190} INFO - [2024-11-08T14:34:05.388+0000] {dagbag.py:588} INFO - Filling up the DagBag from /home/airflow/.local/lib/python3.12/site-packages/airflow/example_dags/example_sensors.py
[2024-11-08T14:34:05.409+0000] {processor.py:925} INFO - DAG(s) 'example_sensors' retrieved from /home/airflow/.local/lib/python3.12/site-packages/airflow/example_dags/example_sensors.py
[2024-11-08T14:34:05.441+0000] {logging_mixin.py:190} INFO - [2024-11-08T14:34:05.441+0000] {dag.py:3239} INFO - Sync 1 DAGs
[2024-11-08T14:34:05.457+0000] {logging_mixin.py:190} INFO - [2024-11-08T14:34:05.457+0000] {dag.py:4180} INFO - Setting next_dagrun for example_sensors to None, run_after=None
[2024-11-08T14:34:05.540+0000] {processor.py:208} INFO - Processing /home/airflow/.local/lib/python3.12/site-packages/airflow/example_dags/example_sensors.py took 0.191 seconds
[2024-11-08T14:34:36.236+0000] {processor.py:186} INFO - Started process (PID=391) to work on /home/airflow/.local/lib/python3.12/site-packages/airflow/example_dags/example_sensors.py
[2024-11-08T14:34:36.237+0000] {processor.py:914} INFO - Processing file /home/airflow/.local/lib/python3.12/site-packages/airflow/example_dags/example_sensors.py for tasks to queue
[2024-11-08T14:34:36.239+0000] {logging_mixin.py:190} INFO - [2024-11-08T14:34:36.239+0000] {dagbag.py:588} INFO - Filling up the DagBag from /home/airflow/.local/lib/python3.12/site-packages/airflow/example_dags/example_sensors.py
[2024-11-08T14:34:36.250+0000] {processor.py:925} INFO - DAG(s) 'example_sensors' retrieved from /home/airflow/.local/lib/python3.12/site-packages/airflow/example_dags/example_sensors.py
[2024-11-08T14:34:36.276+0000] {logging_mixin.py:190} INFO - [2024-11-08T14:34:36.276+0000] {dag.py:3239} INFO - Sync 1 DAGs
[2024-11-08T14:34:36.290+0000] {logging_mixin.py:190} INFO - [2024-11-08T14:34:36.290+0000] {dag.py:4180} INFO - Setting next_dagrun for example_sensors to None, run_after=None
[2024-11-08T14:34:36.574+0000] {processor.py:208} INFO - Processing /home/airflow/.local/lib/python3.12/site-packages/airflow/example_dags/example_sensors.py took 0.346 seconds
[2024-11-08T14:35:06.703+0000] {processor.py:186} INFO - Started process (PID=454) to work on /home/airflow/.local/lib/python3.12/site-packages/airflow/example_dags/example_sensors.py
[2024-11-08T14:35:06.704+0000] {processor.py:914} INFO - Processing file /home/airflow/.local/lib/python3.12/site-packages/airflow/example_dags/example_sensors.py for tasks to queue
[2024-11-08T14:35:06.706+0000] {logging_mixin.py:190} INFO - [2024-11-08T14:35:06.706+0000] {dagbag.py:588} INFO - Filling up the DagBag from /home/airflow/.local/lib/python3.12/site-packages/airflow/example_dags/example_sensors.py
[2024-11-08T14:35:06.720+0000] {processor.py:925} INFO - DAG(s) 'example_sensors' retrieved from /home/airflow/.local/lib/python3.12/site-packages/airflow/example_dags/example_sensors.py
[2024-11-08T14:35:06.753+0000] {logging_mixin.py:190} INFO - [2024-11-08T14:35:06.752+0000] {dag.py:3239} INFO - Sync 1 DAGs
[2024-11-08T14:35:06.772+0000] {logging_mixin.py:190} INFO - [2024-11-08T14:35:06.772+0000] {dag.py:4180} INFO - Setting next_dagrun for example_sensors to None, run_after=None
[2024-11-08T14:35:06.805+0000] {processor.py:208} INFO - Processing /home/airflow/.local/lib/python3.12/site-packages/airflow/example_dags/example_sensors.py took 0.114 seconds
[2024-11-08T14:35:37.426+0000] {processor.py:186} INFO - Started process (PID=516) to work on /home/airflow/.local/lib/python3.12/site-packages/airflow/example_dags/example_sensors.py
[2024-11-08T14:35:37.428+0000] {processor.py:914} INFO - Processing file /home/airflow/.local/lib/python3.12/site-packages/airflow/example_dags/example_sensors.py for tasks to queue
[2024-11-08T14:35:37.432+0000] {logging_mixin.py:190} INFO - [2024-11-08T14:35:37.431+0000] {dagbag.py:588} INFO - Filling up the DagBag from /home/airflow/.local/lib/python3.12/site-packages/airflow/example_dags/example_sensors.py
[2024-11-08T14:35:37.445+0000] {processor.py:925} INFO - DAG(s) 'example_sensors' retrieved from /home/airflow/.local/lib/python3.12/site-packages/airflow/example_dags/example_sensors.py
[2024-11-08T14:35:37.477+0000] {logging_mixin.py:190} INFO - [2024-11-08T14:35:37.476+0000] {dag.py:3239} INFO - Sync 1 DAGs
[2024-11-08T14:35:37.493+0000] {logging_mixin.py:190} INFO - [2024-11-08T14:35:37.493+0000] {dag.py:4180} INFO - Setting next_dagrun for example_sensors to None, run_after=None
[2024-11-08T14:35:37.521+0000] {processor.py:208} INFO - Processing /home/airflow/.local/lib/python3.12/site-packages/airflow/example_dags/example_sensors.py took 0.101 seconds
[2024-11-08T14:36:08.276+0000] {processor.py:186} INFO - Started process (PID=579) to work on /home/airflow/.local/lib/python3.12/site-packages/airflow/example_dags/example_sensors.py
[2024-11-08T14:36:08.277+0000] {processor.py:914} INFO - Processing file /home/airflow/.local/lib/python3.12/site-packages/airflow/example_dags/example_sensors.py for tasks to queue
[2024-11-08T14:36:08.282+0000] {logging_mixin.py:190} INFO - [2024-11-08T14:36:08.281+0000] {dagbag.py:588} INFO - Filling up the DagBag from /home/airflow/.local/lib/python3.12/site-packages/airflow/example_dags/example_sensors.py
[2024-11-08T14:36:08.295+0000] {processor.py:925} INFO - DAG(s) 'example_sensors' retrieved from /home/airflow/.local/lib/python3.12/site-packages/airflow/example_dags/example_sensors.py
[2024-11-08T14:36:08.328+0000] {logging_mixin.py:190} INFO - [2024-11-08T14:36:08.328+0000] {dag.py:3239} INFO - Sync 1 DAGs
[2024-11-08T14:36:08.344+0000] {logging_mixin.py:190} INFO - [2024-11-08T14:36:08.344+0000] {dag.py:4180} INFO - Setting next_dagrun for example_sensors to None, run_after=None
[2024-11-08T14:36:08.532+0000] {processor.py:208} INFO - Processing /home/airflow/.local/lib/python3.12/site-packages/airflow/example_dags/example_sensors.py took 0.262 seconds
[2024-11-08T14:36:39.745+0000] {processor.py:186} INFO - Started process (PID=643) to work on /home/airflow/.local/lib/python3.12/site-packages/airflow/example_dags/example_sensors.py
[2024-11-08T14:36:39.747+0000] {processor.py:914} INFO - Processing file /home/airflow/.local/lib/python3.12/site-packages/airflow/example_dags/example_sensors.py for tasks to queue
[2024-11-08T14:36:39.749+0000] {logging_mixin.py:190} INFO - [2024-11-08T14:36:39.749+0000] {dagbag.py:588} INFO - Filling up the DagBag from /home/airflow/.local/lib/python3.12/site-packages/airflow/example_dags/example_sensors.py
[2024-11-08T14:36:39.764+0000] {processor.py:925} INFO - DAG(s) 'example_sensors' retrieved from /home/airflow/.local/lib/python3.12/site-packages/airflow/example_dags/example_sensors.py
[2024-11-08T14:36:39.794+0000] {logging_mixin.py:190} INFO - [2024-11-08T14:36:39.794+0000] {dag.py:3239} INFO - Sync 1 DAGs
[2024-11-08T14:36:39.813+0000] {logging_mixin.py:190} INFO - [2024-11-08T14:36:39.813+0000] {dag.py:4180} INFO - Setting next_dagrun for example_sensors to None, run_after=None
[2024-11-08T14:36:39.875+0000] {processor.py:208} INFO - Processing /home/airflow/.local/lib/python3.12/site-packages/airflow/example_dags/example_sensors.py took 0.137 seconds
[2024-11-08T14:37:10.714+0000] {processor.py:186} INFO - Started process (PID=706) to work on /home/airflow/.local/lib/python3.12/site-packages/airflow/example_dags/example_sensors.py
[2024-11-08T14:37:10.716+0000] {processor.py:914} INFO - Processing file /home/airflow/.local/lib/python3.12/site-packages/airflow/example_dags/example_sensors.py for tasks to queue
[2024-11-08T14:37:10.719+0000] {logging_mixin.py:190} INFO - [2024-11-08T14:37:10.718+0000] {dagbag.py:588} INFO - Filling up the DagBag from /home/airflow/.local/lib/python3.12/site-packages/airflow/example_dags/example_sensors.py
[2024-11-08T14:37:10.731+0000] {processor.py:925} INFO - DAG(s) 'example_sensors' retrieved from /home/airflow/.local/lib/python3.12/site-packages/airflow/example_dags/example_sensors.py
[2024-11-08T14:37:10.755+0000] {logging_mixin.py:190} INFO - [2024-11-08T14:37:10.755+0000] {dag.py:3239} INFO - Sync 1 DAGs
[2024-11-08T14:37:10.768+0000] {logging_mixin.py:190} INFO - [2024-11-08T14:37:10.768+0000] {dag.py:4180} INFO - Setting next_dagrun for example_sensors to None, run_after=None
[2024-11-08T14:37:10.797+0000] {processor.py:208} INFO - Processing /home/airflow/.local/lib/python3.12/site-packages/airflow/example_dags/example_sensors.py took 0.089 seconds
[2024-11-08T14:37:40.930+0000] {processor.py:186} INFO - Started process (PID=770) to work on /home/airflow/.local/lib/python3.12/site-packages/airflow/example_dags/example_sensors.py
[2024-11-08T14:37:40.931+0000] {processor.py:914} INFO - Processing file /home/airflow/.local/lib/python3.12/site-packages/airflow/example_dags/example_sensors.py for tasks to queue
[2024-11-08T14:37:40.934+0000] {logging_mixin.py:190} INFO - [2024-11-08T14:37:40.933+0000] {dagbag.py:588} INFO - Filling up the DagBag from /home/airflow/.local/lib/python3.12/site-packages/airflow/example_dags/example_sensors.py
[2024-11-08T14:37:40.945+0000] {processor.py:925} INFO - DAG(s) 'example_sensors' retrieved from /home/airflow/.local/lib/python3.12/site-packages/airflow/example_dags/example_sensors.py
[2024-11-08T14:37:40.972+0000] {logging_mixin.py:190} INFO - [2024-11-08T14:37:40.972+0000] {dag.py:3239} INFO - Sync 1 DAGs
[2024-11-08T14:37:40.988+0000] {logging_mixin.py:190} INFO - [2024-11-08T14:37:40.988+0000] {dag.py:4180} INFO - Setting next_dagrun for example_sensors to None, run_after=None
[2024-11-08T14:37:41.024+0000] {processor.py:208} INFO - Processing /home/airflow/.local/lib/python3.12/site-packages/airflow/example_dags/example_sensors.py took 0.101 seconds
[2024-11-08T14:38:11.389+0000] {processor.py:186} INFO - Started process (PID=832) to work on /home/airflow/.local/lib/python3.12/site-packages/airflow/example_dags/example_sensors.py
[2024-11-08T14:38:11.390+0000] {processor.py:914} INFO - Processing file /home/airflow/.local/lib/python3.12/site-packages/airflow/example_dags/example_sensors.py for tasks to queue
[2024-11-08T14:38:11.392+0000] {logging_mixin.py:190} INFO - [2024-11-08T14:38:11.392+0000] {dagbag.py:588} INFO - Filling up the DagBag from /home/airflow/.local/lib/python3.12/site-packages/airflow/example_dags/example_sensors.py
[2024-11-08T14:38:11.403+0000] {processor.py:925} INFO - DAG(s) 'example_sensors' retrieved from /home/airflow/.local/lib/python3.12/site-packages/airflow/example_dags/example_sensors.py
[2024-11-08T14:38:11.430+0000] {logging_mixin.py:190} INFO - [2024-11-08T14:38:11.430+0000] {dag.py:3239} INFO - Sync 1 DAGs
[2024-11-08T14:38:11.445+0000] {logging_mixin.py:190} INFO - [2024-11-08T14:38:11.444+0000] {dag.py:4180} INFO - Setting next_dagrun for example_sensors to None, run_after=None
[2024-11-08T14:38:11.680+0000] {processor.py:208} INFO - Processing /home/airflow/.local/lib/python3.12/site-packages/airflow/example_dags/example_sensors.py took 0.297 seconds
[2024-11-08T14:38:42.034+0000] {processor.py:186} INFO - Started process (PID=895) to work on /home/airflow/.local/lib/python3.12/site-packages/airflow/example_dags/example_sensors.py
[2024-11-08T14:38:42.036+0000] {processor.py:914} INFO - Processing file /home/airflow/.local/lib/python3.12/site-packages/airflow/example_dags/example_sensors.py for tasks to queue
[2024-11-08T14:38:42.038+0000] {logging_mixin.py:190} INFO - [2024-11-08T14:38:42.038+0000] {dagbag.py:588} INFO - Filling up the DagBag from /home/airflow/.local/lib/python3.12/site-packages/airflow/example_dags/example_sensors.py
[2024-11-08T14:38:42.050+0000] {processor.py:925} INFO - DAG(s) 'example_sensors' retrieved from /home/airflow/.local/lib/python3.12/site-packages/airflow/example_dags/example_sensors.py
[2024-11-08T14:38:42.077+0000] {logging_mixin.py:190} INFO - [2024-11-08T14:38:42.077+0000] {dag.py:3239} INFO - Sync 1 DAGs
[2024-11-08T14:38:42.093+0000] {logging_mixin.py:190} INFO - [2024-11-08T14:38:42.092+0000] {dag.py:4180} INFO - Setting next_dagrun for example_sensors to None, run_after=None
[2024-11-08T14:38:42.237+0000] {processor.py:208} INFO - Processing /home/airflow/.local/lib/python3.12/site-packages/airflow/example_dags/example_sensors.py took 0.209 seconds
[2024-11-08T14:39:12.478+0000] {processor.py:186} INFO - Started process (PID=958) to work on /home/airflow/.local/lib/python3.12/site-packages/airflow/example_dags/example_sensors.py
[2024-11-08T14:39:12.479+0000] {processor.py:914} INFO - Processing file /home/airflow/.local/lib/python3.12/site-packages/airflow/example_dags/example_sensors.py for tasks to queue
[2024-11-08T14:39:12.481+0000] {logging_mixin.py:190} INFO - [2024-11-08T14:39:12.481+0000] {dagbag.py:588} INFO - Filling up the DagBag from /home/airflow/.local/lib/python3.12/site-packages/airflow/example_dags/example_sensors.py
[2024-11-08T14:39:12.496+0000] {processor.py:925} INFO - DAG(s) 'example_sensors' retrieved from /home/airflow/.local/lib/python3.12/site-packages/airflow/example_dags/example_sensors.py
[2024-11-08T14:39:12.526+0000] {logging_mixin.py:190} INFO - [2024-11-08T14:39:12.525+0000] {dag.py:3239} INFO - Sync 1 DAGs
[2024-11-08T14:39:12.542+0000] {logging_mixin.py:190} INFO - [2024-11-08T14:39:12.542+0000] {dag.py:4180} INFO - Setting next_dagrun for example_sensors to None, run_after=None
[2024-11-08T14:39:12.713+0000] {processor.py:208} INFO - Processing /home/airflow/.local/lib/python3.12/site-packages/airflow/example_dags/example_sensors.py took 0.241 seconds
[2024-11-08T14:39:43.610+0000] {processor.py:186} INFO - Started process (PID=1021) to work on /home/airflow/.local/lib/python3.12/site-packages/airflow/example_dags/example_sensors.py
[2024-11-08T14:39:43.611+0000] {processor.py:914} INFO - Processing file /home/airflow/.local/lib/python3.12/site-packages/airflow/example_dags/example_sensors.py for tasks to queue
[2024-11-08T14:39:43.614+0000] {logging_mixin.py:190} INFO - [2024-11-08T14:39:43.614+0000] {dagbag.py:588} INFO - Filling up the DagBag from /home/airflow/.local/lib/python3.12/site-packages/airflow/example_dags/example_sensors.py
[2024-11-08T14:39:43.625+0000] {processor.py:925} INFO - DAG(s) 'example_sensors' retrieved from /home/airflow/.local/lib/python3.12/site-packages/airflow/example_dags/example_sensors.py
[2024-11-08T14:39:43.650+0000] {logging_mixin.py:190} INFO - [2024-11-08T14:39:43.650+0000] {dag.py:3239} INFO - Sync 1 DAGs
[2024-11-08T14:39:43.665+0000] {logging_mixin.py:190} INFO - [2024-11-08T14:39:43.664+0000] {dag.py:4180} INFO - Setting next_dagrun for example_sensors to None, run_after=None
[2024-11-08T14:39:43.925+0000] {processor.py:208} INFO - Processing /home/airflow/.local/lib/python3.12/site-packages/airflow/example_dags/example_sensors.py took 0.321 seconds
[2024-11-08T14:40:14.740+0000] {processor.py:186} INFO - Started process (PID=1084) to work on /home/airflow/.local/lib/python3.12/site-packages/airflow/example_dags/example_sensors.py
[2024-11-08T14:40:14.742+0000] {processor.py:914} INFO - Processing file /home/airflow/.local/lib/python3.12/site-packages/airflow/example_dags/example_sensors.py for tasks to queue
[2024-11-08T14:40:14.744+0000] {logging_mixin.py:190} INFO - [2024-11-08T14:40:14.744+0000] {dagbag.py:588} INFO - Filling up the DagBag from /home/airflow/.local/lib/python3.12/site-packages/airflow/example_dags/example_sensors.py
[2024-11-08T14:40:14.754+0000] {processor.py:925} INFO - DAG(s) 'example_sensors' retrieved from /home/airflow/.local/lib/python3.12/site-packages/airflow/example_dags/example_sensors.py
[2024-11-08T14:40:14.779+0000] {logging_mixin.py:190} INFO - [2024-11-08T14:40:14.779+0000] {dag.py:3239} INFO - Sync 1 DAGs
[2024-11-08T14:40:14.792+0000] {logging_mixin.py:190} INFO - [2024-11-08T14:40:14.792+0000] {dag.py:4180} INFO - Setting next_dagrun for example_sensors to None, run_after=None
[2024-11-08T14:40:15.032+0000] {processor.py:208} INFO - Processing /home/airflow/.local/lib/python3.12/site-packages/airflow/example_dags/example_sensors.py took 0.297 seconds
[2024-11-08T14:40:45.492+0000] {processor.py:186} INFO - Started process (PID=1147) to work on /home/airflow/.local/lib/python3.12/site-packages/airflow/example_dags/example_sensors.py
[2024-11-08T14:40:45.494+0000] {processor.py:914} INFO - Processing file /home/airflow/.local/lib/python3.12/site-packages/airflow/example_dags/example_sensors.py for tasks to queue
[2024-11-08T14:40:45.496+0000] {logging_mixin.py:190} INFO - [2024-11-08T14:40:45.496+0000] {dagbag.py:588} INFO - Filling up the DagBag from /home/airflow/.local/lib/python3.12/site-packages/airflow/example_dags/example_sensors.py
[2024-11-08T14:40:45.508+0000] {processor.py:925} INFO - DAG(s) 'example_sensors' retrieved from /home/airflow/.local/lib/python3.12/site-packages/airflow/example_dags/example_sensors.py
[2024-11-08T14:40:45.536+0000] {logging_mixin.py:190} INFO - [2024-11-08T14:40:45.535+0000] {dag.py:3239} INFO - Sync 1 DAGs
[2024-11-08T14:40:45.550+0000] {logging_mixin.py:190} INFO - [2024-11-08T14:40:45.550+0000] {dag.py:4180} INFO - Setting next_dagrun for example_sensors to None, run_after=None
[2024-11-08T14:40:45.585+0000] {processor.py:208} INFO - Processing /home/airflow/.local/lib/python3.12/site-packages/airflow/example_dags/example_sensors.py took 0.099 seconds
[2024-11-08T14:41:15.898+0000] {processor.py:186} INFO - Started process (PID=1210) to work on /home/airflow/.local/lib/python3.12/site-packages/airflow/example_dags/example_sensors.py
[2024-11-08T14:41:15.899+0000] {processor.py:914} INFO - Processing file /home/airflow/.local/lib/python3.12/site-packages/airflow/example_dags/example_sensors.py for tasks to queue
[2024-11-08T14:41:15.902+0000] {logging_mixin.py:190} INFO - [2024-11-08T14:41:15.902+0000] {dagbag.py:588} INFO - Filling up the DagBag from /home/airflow/.local/lib/python3.12/site-packages/airflow/example_dags/example_sensors.py
[2024-11-08T14:41:15.915+0000] {processor.py:925} INFO - DAG(s) 'example_sensors' retrieved from /home/airflow/.local/lib/python3.12/site-packages/airflow/example_dags/example_sensors.py
[2024-11-08T14:41:15.943+0000] {logging_mixin.py:190} INFO - [2024-11-08T14:41:15.943+0000] {dag.py:3239} INFO - Sync 1 DAGs
[2024-11-08T14:41:15.959+0000] {logging_mixin.py:190} INFO - [2024-11-08T14:41:15.959+0000] {dag.py:4180} INFO - Setting next_dagrun for example_sensors to None, run_after=None
[2024-11-08T14:41:16.014+0000] {processor.py:208} INFO - Processing /home/airflow/.local/lib/python3.12/site-packages/airflow/example_dags/example_sensors.py took 0.122 seconds
[2024-11-08T14:41:46.491+0000] {processor.py:186} INFO - Started process (PID=1273) to work on /home/airflow/.local/lib/python3.12/site-packages/airflow/example_dags/example_sensors.py
[2024-11-08T14:41:46.492+0000] {processor.py:914} INFO - Processing file /home/airflow/.local/lib/python3.12/site-packages/airflow/example_dags/example_sensors.py for tasks to queue
[2024-11-08T14:41:46.495+0000] {logging_mixin.py:190} INFO - [2024-11-08T14:41:46.494+0000] {dagbag.py:588} INFO - Filling up the DagBag from /home/airflow/.local/lib/python3.12/site-packages/airflow/example_dags/example_sensors.py
[2024-11-08T14:41:46.507+0000] {processor.py:925} INFO - DAG(s) 'example_sensors' retrieved from /home/airflow/.local/lib/python3.12/site-packages/airflow/example_dags/example_sensors.py
[2024-11-08T14:41:46.538+0000] {logging_mixin.py:190} INFO - [2024-11-08T14:41:46.538+0000] {dag.py:3239} INFO - Sync 1 DAGs
[2024-11-08T14:41:46.554+0000] {logging_mixin.py:190} INFO - [2024-11-08T14:41:46.553+0000] {dag.py:4180} INFO - Setting next_dagrun for example_sensors to None, run_after=None
[2024-11-08T14:41:46.582+0000] {processor.py:208} INFO - Processing /home/airflow/.local/lib/python3.12/site-packages/airflow/example_dags/example_sensors.py took 0.098 seconds
[2024-11-08T14:42:17.403+0000] {processor.py:186} INFO - Started process (PID=1336) to work on /home/airflow/.local/lib/python3.12/site-packages/airflow/example_dags/example_sensors.py
[2024-11-08T14:42:17.405+0000] {processor.py:914} INFO - Processing file /home/airflow/.local/lib/python3.12/site-packages/airflow/example_dags/example_sensors.py for tasks to queue
[2024-11-08T14:42:17.407+0000] {logging_mixin.py:190} INFO - [2024-11-08T14:42:17.407+0000] {dagbag.py:588} INFO - Filling up the DagBag from /home/airflow/.local/lib/python3.12/site-packages/airflow/example_dags/example_sensors.py
[2024-11-08T14:42:17.419+0000] {processor.py:925} INFO - DAG(s) 'example_sensors' retrieved from /home/airflow/.local/lib/python3.12/site-packages/airflow/example_dags/example_sensors.py
[2024-11-08T14:42:17.446+0000] {logging_mixin.py:190} INFO - [2024-11-08T14:42:17.445+0000] {dag.py:3239} INFO - Sync 1 DAGs
[2024-11-08T14:42:17.460+0000] {logging_mixin.py:190} INFO - [2024-11-08T14:42:17.460+0000] {dag.py:4180} INFO - Setting next_dagrun for example_sensors to None, run_after=None
[2024-11-08T14:42:17.499+0000] {processor.py:208} INFO - Processing /home/airflow/.local/lib/python3.12/site-packages/airflow/example_dags/example_sensors.py took 0.102 seconds
[2024-11-08T14:42:47.618+0000] {processor.py:186} INFO - Started process (PID=1399) to work on /home/airflow/.local/lib/python3.12/site-packages/airflow/example_dags/example_sensors.py
[2024-11-08T14:42:47.619+0000] {processor.py:914} INFO - Processing file /home/airflow/.local/lib/python3.12/site-packages/airflow/example_dags/example_sensors.py for tasks to queue
[2024-11-08T14:42:47.622+0000] {logging_mixin.py:190} INFO - [2024-11-08T14:42:47.621+0000] {dagbag.py:588} INFO - Filling up the DagBag from /home/airflow/.local/lib/python3.12/site-packages/airflow/example_dags/example_sensors.py
[2024-11-08T14:42:47.633+0000] {processor.py:925} INFO - DAG(s) 'example_sensors' retrieved from /home/airflow/.local/lib/python3.12/site-packages/airflow/example_dags/example_sensors.py
[2024-11-08T14:42:47.661+0000] {logging_mixin.py:190} INFO - [2024-11-08T14:42:47.661+0000] {dag.py:3239} INFO - Sync 1 DAGs
[2024-11-08T14:42:47.676+0000] {logging_mixin.py:190} INFO - [2024-11-08T14:42:47.676+0000] {dag.py:4180} INFO - Setting next_dagrun for example_sensors to None, run_after=None
[2024-11-08T14:42:47.744+0000] {processor.py:208} INFO - Processing /home/airflow/.local/lib/python3.12/site-packages/airflow/example_dags/example_sensors.py took 0.132 seconds
[2024-11-08T14:43:18.206+0000] {processor.py:186} INFO - Started process (PID=1462) to work on /home/airflow/.local/lib/python3.12/site-packages/airflow/example_dags/example_sensors.py
[2024-11-08T14:43:18.208+0000] {processor.py:914} INFO - Processing file /home/airflow/.local/lib/python3.12/site-packages/airflow/example_dags/example_sensors.py for tasks to queue
[2024-11-08T14:43:18.210+0000] {logging_mixin.py:190} INFO - [2024-11-08T14:43:18.210+0000] {dagbag.py:588} INFO - Filling up the DagBag from /home/airflow/.local/lib/python3.12/site-packages/airflow/example_dags/example_sensors.py
[2024-11-08T14:43:18.222+0000] {processor.py:925} INFO - DAG(s) 'example_sensors' retrieved from /home/airflow/.local/lib/python3.12/site-packages/airflow/example_dags/example_sensors.py
[2024-11-08T14:43:18.249+0000] {logging_mixin.py:190} INFO - [2024-11-08T14:43:18.249+0000] {dag.py:3239} INFO - Sync 1 DAGs
[2024-11-08T14:43:18.264+0000] {logging_mixin.py:190} INFO - [2024-11-08T14:43:18.264+0000] {dag.py:4180} INFO - Setting next_dagrun for example_sensors to None, run_after=None
[2024-11-08T14:43:18.353+0000] {processor.py:208} INFO - Processing /home/airflow/.local/lib/python3.12/site-packages/airflow/example_dags/example_sensors.py took 0.154 seconds
[2024-11-08T14:43:48.630+0000] {processor.py:186} INFO - Started process (PID=1525) to work on /home/airflow/.local/lib/python3.12/site-packages/airflow/example_dags/example_sensors.py
[2024-11-08T14:43:48.632+0000] {processor.py:914} INFO - Processing file /home/airflow/.local/lib/python3.12/site-packages/airflow/example_dags/example_sensors.py for tasks to queue
[2024-11-08T14:43:48.635+0000] {logging_mixin.py:190} INFO - [2024-11-08T14:43:48.634+0000] {dagbag.py:588} INFO - Filling up the DagBag from /home/airflow/.local/lib/python3.12/site-packages/airflow/example_dags/example_sensors.py
[2024-11-08T14:43:48.650+0000] {processor.py:925} INFO - DAG(s) 'example_sensors' retrieved from /home/airflow/.local/lib/python3.12/site-packages/airflow/example_dags/example_sensors.py
[2024-11-08T14:43:48.680+0000] {logging_mixin.py:190} INFO - [2024-11-08T14:43:48.680+0000] {dag.py:3239} INFO - Sync 1 DAGs
[2024-11-08T14:43:48.696+0000] {logging_mixin.py:190} INFO - [2024-11-08T14:43:48.696+0000] {dag.py:4180} INFO - Setting next_dagrun for example_sensors to None, run_after=None
[2024-11-08T14:43:48.728+0000] {processor.py:208} INFO - Processing /home/airflow/.local/lib/python3.12/site-packages/airflow/example_dags/example_sensors.py took 0.105 seconds
[2024-11-08T14:44:18.973+0000] {processor.py:186} INFO - Started process (PID=1588) to work on /home/airflow/.local/lib/python3.12/site-packages/airflow/example_dags/example_sensors.py
[2024-11-08T14:44:18.974+0000] {processor.py:914} INFO - Processing file /home/airflow/.local/lib/python3.12/site-packages/airflow/example_dags/example_sensors.py for tasks to queue
[2024-11-08T14:44:18.977+0000] {logging_mixin.py:190} INFO - [2024-11-08T14:44:18.976+0000] {dagbag.py:588} INFO - Filling up the DagBag from /home/airflow/.local/lib/python3.12/site-packages/airflow/example_dags/example_sensors.py
[2024-11-08T14:44:18.989+0000] {processor.py:925} INFO - DAG(s) 'example_sensors' retrieved from /home/airflow/.local/lib/python3.12/site-packages/airflow/example_dags/example_sensors.py
[2024-11-08T14:44:19.034+0000] {logging_mixin.py:190} INFO - [2024-11-08T14:44:19.034+0000] {dag.py:3239} INFO - Sync 1 DAGs
[2024-11-08T14:44:19.049+0000] {logging_mixin.py:190} INFO - [2024-11-08T14:44:19.049+0000] {dag.py:4180} INFO - Setting next_dagrun for example_sensors to None, run_after=None
[2024-11-08T14:44:19.075+0000] {processor.py:208} INFO - Processing /home/airflow/.local/lib/python3.12/site-packages/airflow/example_dags/example_sensors.py took 0.108 seconds
[2024-11-08T14:44:49.468+0000] {processor.py:186} INFO - Started process (PID=1650) to work on /home/airflow/.local/lib/python3.12/site-packages/airflow/example_dags/example_sensors.py
[2024-11-08T14:44:49.469+0000] {processor.py:914} INFO - Processing file /home/airflow/.local/lib/python3.12/site-packages/airflow/example_dags/example_sensors.py for tasks to queue
[2024-11-08T14:44:49.471+0000] {logging_mixin.py:190} INFO - [2024-11-08T14:44:49.471+0000] {dagbag.py:588} INFO - Filling up the DagBag from /home/airflow/.local/lib/python3.12/site-packages/airflow/example_dags/example_sensors.py
[2024-11-08T14:44:49.484+0000] {processor.py:925} INFO - DAG(s) 'example_sensors' retrieved from /home/airflow/.local/lib/python3.12/site-packages/airflow/example_dags/example_sensors.py
[2024-11-08T14:44:49.513+0000] {logging_mixin.py:190} INFO - [2024-11-08T14:44:49.513+0000] {dag.py:3239} INFO - Sync 1 DAGs
[2024-11-08T14:44:49.531+0000] {logging_mixin.py:190} INFO - [2024-11-08T14:44:49.531+0000] {dag.py:4180} INFO - Setting next_dagrun for example_sensors to None, run_after=None
[2024-11-08T14:44:50.076+0000] {processor.py:208} INFO - Processing /home/airflow/.local/lib/python3.12/site-packages/airflow/example_dags/example_sensors.py took 0.614 seconds
[2024-11-08T14:45:20.258+0000] {processor.py:186} INFO - Started process (PID=1713) to work on /home/airflow/.local/lib/python3.12/site-packages/airflow/example_dags/example_sensors.py
[2024-11-08T14:45:20.259+0000] {processor.py:914} INFO - Processing file /home/airflow/.local/lib/python3.12/site-packages/airflow/example_dags/example_sensors.py for tasks to queue
[2024-11-08T14:45:20.262+0000] {logging_mixin.py:190} INFO - [2024-11-08T14:45:20.262+0000] {dagbag.py:588} INFO - Filling up the DagBag from /home/airflow/.local/lib/python3.12/site-packages/airflow/example_dags/example_sensors.py
[2024-11-08T14:45:20.275+0000] {processor.py:925} INFO - DAG(s) 'example_sensors' retrieved from /home/airflow/.local/lib/python3.12/site-packages/airflow/example_dags/example_sensors.py
[2024-11-08T14:45:20.308+0000] {logging_mixin.py:190} INFO - [2024-11-08T14:45:20.308+0000] {dag.py:3239} INFO - Sync 1 DAGs
[2024-11-08T14:45:20.325+0000] {logging_mixin.py:190} INFO - [2024-11-08T14:45:20.325+0000] {dag.py:4180} INFO - Setting next_dagrun for example_sensors to None, run_after=None
[2024-11-08T14:45:20.355+0000] {processor.py:208} INFO - Processing /home/airflow/.local/lib/python3.12/site-packages/airflow/example_dags/example_sensors.py took 0.103 seconds
[2024-11-08T14:45:50.820+0000] {processor.py:186} INFO - Started process (PID=1776) to work on /home/airflow/.local/lib/python3.12/site-packages/airflow/example_dags/example_sensors.py
[2024-11-08T14:45:50.822+0000] {processor.py:914} INFO - Processing file /home/airflow/.local/lib/python3.12/site-packages/airflow/example_dags/example_sensors.py for tasks to queue
[2024-11-08T14:45:50.825+0000] {logging_mixin.py:190} INFO - [2024-11-08T14:45:50.824+0000] {dagbag.py:588} INFO - Filling up the DagBag from /home/airflow/.local/lib/python3.12/site-packages/airflow/example_dags/example_sensors.py
[2024-11-08T14:45:50.840+0000] {processor.py:925} INFO - DAG(s) 'example_sensors' retrieved from /home/airflow/.local/lib/python3.12/site-packages/airflow/example_dags/example_sensors.py
[2024-11-08T14:45:50.871+0000] {logging_mixin.py:190} INFO - [2024-11-08T14:45:50.871+0000] {dag.py:3239} INFO - Sync 1 DAGs
[2024-11-08T14:45:50.889+0000] {logging_mixin.py:190} INFO - [2024-11-08T14:45:50.889+0000] {dag.py:4180} INFO - Setting next_dagrun for example_sensors to None, run_after=None
[2024-11-08T14:45:50.918+0000] {processor.py:208} INFO - Processing /home/airflow/.local/lib/python3.12/site-packages/airflow/example_dags/example_sensors.py took 0.105 seconds
[2024-11-08T14:46:21.581+0000] {processor.py:186} INFO - Started process (PID=1839) to work on /home/airflow/.local/lib/python3.12/site-packages/airflow/example_dags/example_sensors.py
[2024-11-08T14:46:21.583+0000] {processor.py:914} INFO - Processing file /home/airflow/.local/lib/python3.12/site-packages/airflow/example_dags/example_sensors.py for tasks to queue
[2024-11-08T14:46:21.585+0000] {logging_mixin.py:190} INFO - [2024-11-08T14:46:21.585+0000] {dagbag.py:588} INFO - Filling up the DagBag from /home/airflow/.local/lib/python3.12/site-packages/airflow/example_dags/example_sensors.py
[2024-11-08T14:46:21.597+0000] {processor.py:925} INFO - DAG(s) 'example_sensors' retrieved from /home/airflow/.local/lib/python3.12/site-packages/airflow/example_dags/example_sensors.py
[2024-11-08T14:46:21.625+0000] {logging_mixin.py:190} INFO - [2024-11-08T14:46:21.624+0000] {dag.py:3239} INFO - Sync 1 DAGs
[2024-11-08T14:46:21.639+0000] {logging_mixin.py:190} INFO - [2024-11-08T14:46:21.639+0000] {dag.py:4180} INFO - Setting next_dagrun for example_sensors to None, run_after=None
[2024-11-08T14:46:21.708+0000] {processor.py:208} INFO - Processing /home/airflow/.local/lib/python3.12/site-packages/airflow/example_dags/example_sensors.py took 0.133 seconds
[2024-11-08T14:46:52.244+0000] {processor.py:186} INFO - Started process (PID=1903) to work on /home/airflow/.local/lib/python3.12/site-packages/airflow/example_dags/example_sensors.py
[2024-11-08T14:46:52.245+0000] {processor.py:914} INFO - Processing file /home/airflow/.local/lib/python3.12/site-packages/airflow/example_dags/example_sensors.py for tasks to queue
[2024-11-08T14:46:52.247+0000] {logging_mixin.py:190} INFO - [2024-11-08T14:46:52.247+0000] {dagbag.py:588} INFO - Filling up the DagBag from /home/airflow/.local/lib/python3.12/site-packages/airflow/example_dags/example_sensors.py
[2024-11-08T14:46:52.259+0000] {processor.py:925} INFO - DAG(s) 'example_sensors' retrieved from /home/airflow/.local/lib/python3.12/site-packages/airflow/example_dags/example_sensors.py
[2024-11-08T14:46:52.286+0000] {logging_mixin.py:190} INFO - [2024-11-08T14:46:52.285+0000] {dag.py:3239} INFO - Sync 1 DAGs
[2024-11-08T14:46:52.301+0000] {logging_mixin.py:190} INFO - [2024-11-08T14:46:52.301+0000] {dag.py:4180} INFO - Setting next_dagrun for example_sensors to None, run_after=None
[2024-11-08T14:46:52.337+0000] {processor.py:208} INFO - Processing /home/airflow/.local/lib/python3.12/site-packages/airflow/example_dags/example_sensors.py took 0.098 seconds
[2024-11-08T14:47:23.060+0000] {processor.py:186} INFO - Started process (PID=1966) to work on /home/airflow/.local/lib/python3.12/site-packages/airflow/example_dags/example_sensors.py
[2024-11-08T14:47:23.062+0000] {processor.py:914} INFO - Processing file /home/airflow/.local/lib/python3.12/site-packages/airflow/example_dags/example_sensors.py for tasks to queue
[2024-11-08T14:47:23.064+0000] {logging_mixin.py:190} INFO - [2024-11-08T14:47:23.064+0000] {dagbag.py:588} INFO - Filling up the DagBag from /home/airflow/.local/lib/python3.12/site-packages/airflow/example_dags/example_sensors.py
[2024-11-08T14:47:23.076+0000] {processor.py:925} INFO - DAG(s) 'example_sensors' retrieved from /home/airflow/.local/lib/python3.12/site-packages/airflow/example_dags/example_sensors.py
[2024-11-08T14:47:23.104+0000] {logging_mixin.py:190} INFO - [2024-11-08T14:47:23.104+0000] {dag.py:3239} INFO - Sync 1 DAGs
[2024-11-08T14:47:23.119+0000] {logging_mixin.py:190} INFO - [2024-11-08T14:47:23.119+0000] {dag.py:4180} INFO - Setting next_dagrun for example_sensors to None, run_after=None
[2024-11-08T14:47:23.305+0000] {processor.py:208} INFO - Processing /home/airflow/.local/lib/python3.12/site-packages/airflow/example_dags/example_sensors.py took 0.250 seconds
[2024-11-08T14:47:54.013+0000] {processor.py:186} INFO - Started process (PID=2029) to work on /home/airflow/.local/lib/python3.12/site-packages/airflow/example_dags/example_sensors.py
[2024-11-08T14:47:54.015+0000] {processor.py:914} INFO - Processing file /home/airflow/.local/lib/python3.12/site-packages/airflow/example_dags/example_sensors.py for tasks to queue
[2024-11-08T14:47:54.017+0000] {logging_mixin.py:190} INFO - [2024-11-08T14:47:54.017+0000] {dagbag.py:588} INFO - Filling up the DagBag from /home/airflow/.local/lib/python3.12/site-packages/airflow/example_dags/example_sensors.py
[2024-11-08T14:47:54.029+0000] {processor.py:925} INFO - DAG(s) 'example_sensors' retrieved from /home/airflow/.local/lib/python3.12/site-packages/airflow/example_dags/example_sensors.py
[2024-11-08T14:47:54.056+0000] {logging_mixin.py:190} INFO - [2024-11-08T14:47:54.056+0000] {dag.py:3239} INFO - Sync 1 DAGs
[2024-11-08T14:47:54.071+0000] {logging_mixin.py:190} INFO - [2024-11-08T14:47:54.071+0000] {dag.py:4180} INFO - Setting next_dagrun for example_sensors to None, run_after=None
[2024-11-08T14:47:54.279+0000] {processor.py:208} INFO - Processing /home/airflow/.local/lib/python3.12/site-packages/airflow/example_dags/example_sensors.py took 0.272 seconds
[2024-11-08T14:48:25.453+0000] {processor.py:186} INFO - Started process (PID=2092) to work on /home/airflow/.local/lib/python3.12/site-packages/airflow/example_dags/example_sensors.py
[2024-11-08T14:48:25.454+0000] {processor.py:914} INFO - Processing file /home/airflow/.local/lib/python3.12/site-packages/airflow/example_dags/example_sensors.py for tasks to queue
[2024-11-08T14:48:25.460+0000] {logging_mixin.py:190} INFO - [2024-11-08T14:48:25.460+0000] {dagbag.py:588} INFO - Filling up the DagBag from /home/airflow/.local/lib/python3.12/site-packages/airflow/example_dags/example_sensors.py
[2024-11-08T14:48:25.475+0000] {processor.py:925} INFO - DAG(s) 'example_sensors' retrieved from /home/airflow/.local/lib/python3.12/site-packages/airflow/example_dags/example_sensors.py
[2024-11-08T14:48:25.502+0000] {logging_mixin.py:190} INFO - [2024-11-08T14:48:25.502+0000] {dag.py:3239} INFO - Sync 1 DAGs
[2024-11-08T14:48:25.517+0000] {logging_mixin.py:190} INFO - [2024-11-08T14:48:25.517+0000] {dag.py:4180} INFO - Setting next_dagrun for example_sensors to None, run_after=None
[2024-11-08T14:48:25.672+0000] {processor.py:208} INFO - Processing /home/airflow/.local/lib/python3.12/site-packages/airflow/example_dags/example_sensors.py took 0.225 seconds
[2024-11-08T14:48:56.283+0000] {processor.py:186} INFO - Started process (PID=2155) to work on /home/airflow/.local/lib/python3.12/site-packages/airflow/example_dags/example_sensors.py
[2024-11-08T14:48:56.284+0000] {processor.py:914} INFO - Processing file /home/airflow/.local/lib/python3.12/site-packages/airflow/example_dags/example_sensors.py for tasks to queue
[2024-11-08T14:48:56.287+0000] {logging_mixin.py:190} INFO - [2024-11-08T14:48:56.287+0000] {dagbag.py:588} INFO - Filling up the DagBag from /home/airflow/.local/lib/python3.12/site-packages/airflow/example_dags/example_sensors.py
[2024-11-08T14:48:56.299+0000] {processor.py:925} INFO - DAG(s) 'example_sensors' retrieved from /home/airflow/.local/lib/python3.12/site-packages/airflow/example_dags/example_sensors.py
[2024-11-08T14:48:56.327+0000] {logging_mixin.py:190} INFO - [2024-11-08T14:48:56.326+0000] {dag.py:3239} INFO - Sync 1 DAGs
[2024-11-08T14:48:56.343+0000] {logging_mixin.py:190} INFO - [2024-11-08T14:48:56.343+0000] {dag.py:4180} INFO - Setting next_dagrun for example_sensors to None, run_after=None
[2024-11-08T14:48:56.369+0000] {processor.py:208} INFO - Processing /home/airflow/.local/lib/python3.12/site-packages/airflow/example_dags/example_sensors.py took 0.093 seconds
[2024-11-08T14:49:27.225+0000] {processor.py:186} INFO - Started process (PID=2217) to work on /home/airflow/.local/lib/python3.12/site-packages/airflow/example_dags/example_sensors.py
[2024-11-08T14:49:27.226+0000] {processor.py:914} INFO - Processing file /home/airflow/.local/lib/python3.12/site-packages/airflow/example_dags/example_sensors.py for tasks to queue
[2024-11-08T14:49:27.230+0000] {logging_mixin.py:190} INFO - [2024-11-08T14:49:27.229+0000] {dagbag.py:588} INFO - Filling up the DagBag from /home/airflow/.local/lib/python3.12/site-packages/airflow/example_dags/example_sensors.py
[2024-11-08T14:49:27.242+0000] {processor.py:925} INFO - DAG(s) 'example_sensors' retrieved from /home/airflow/.local/lib/python3.12/site-packages/airflow/example_dags/example_sensors.py
[2024-11-08T14:49:27.271+0000] {logging_mixin.py:190} INFO - [2024-11-08T14:49:27.271+0000] {dag.py:3239} INFO - Sync 1 DAGs
[2024-11-08T14:49:27.290+0000] {logging_mixin.py:190} INFO - [2024-11-08T14:49:27.290+0000] {dag.py:4180} INFO - Setting next_dagrun for example_sensors to None, run_after=None
[2024-11-08T14:49:27.318+0000] {processor.py:208} INFO - Processing /home/airflow/.local/lib/python3.12/site-packages/airflow/example_dags/example_sensors.py took 0.107 seconds
[2024-11-08T14:49:59.085+0000] {processor.py:186} INFO - Started process (PID=2286) to work on /home/airflow/.local/lib/python3.12/site-packages/airflow/example_dags/example_sensors.py
[2024-11-08T14:49:59.086+0000] {processor.py:914} INFO - Processing file /home/airflow/.local/lib/python3.12/site-packages/airflow/example_dags/example_sensors.py for tasks to queue
[2024-11-08T14:49:59.088+0000] {logging_mixin.py:190} INFO - [2024-11-08T14:49:59.088+0000] {dagbag.py:588} INFO - Filling up the DagBag from /home/airflow/.local/lib/python3.12/site-packages/airflow/example_dags/example_sensors.py
[2024-11-08T14:49:59.099+0000] {processor.py:925} INFO - DAG(s) 'example_sensors' retrieved from /home/airflow/.local/lib/python3.12/site-packages/airflow/example_dags/example_sensors.py
[2024-11-08T14:49:59.126+0000] {logging_mixin.py:190} INFO - [2024-11-08T14:49:59.125+0000] {dag.py:3239} INFO - Sync 1 DAGs
[2024-11-08T14:49:59.139+0000] {logging_mixin.py:190} INFO - [2024-11-08T14:49:59.139+0000] {dag.py:4180} INFO - Setting next_dagrun for example_sensors to None, run_after=None
[2024-11-08T14:49:59.162+0000] {processor.py:208} INFO - Processing /home/airflow/.local/lib/python3.12/site-packages/airflow/example_dags/example_sensors.py took 0.083 seconds
[2024-11-08T14:50:29.521+0000] {processor.py:186} INFO - Started process (PID=2345) to work on /home/airflow/.local/lib/python3.12/site-packages/airflow/example_dags/example_sensors.py
[2024-11-08T14:50:29.522+0000] {processor.py:914} INFO - Processing file /home/airflow/.local/lib/python3.12/site-packages/airflow/example_dags/example_sensors.py for tasks to queue
[2024-11-08T14:50:29.525+0000] {logging_mixin.py:190} INFO - [2024-11-08T14:50:29.524+0000] {dagbag.py:588} INFO - Filling up the DagBag from /home/airflow/.local/lib/python3.12/site-packages/airflow/example_dags/example_sensors.py
[2024-11-08T14:50:29.537+0000] {processor.py:925} INFO - DAG(s) 'example_sensors' retrieved from /home/airflow/.local/lib/python3.12/site-packages/airflow/example_dags/example_sensors.py
[2024-11-08T14:50:29.564+0000] {logging_mixin.py:190} INFO - [2024-11-08T14:50:29.564+0000] {dag.py:3239} INFO - Sync 1 DAGs
[2024-11-08T14:50:29.580+0000] {logging_mixin.py:190} INFO - [2024-11-08T14:50:29.579+0000] {dag.py:4180} INFO - Setting next_dagrun for example_sensors to None, run_after=None
[2024-11-08T14:50:29.652+0000] {processor.py:208} INFO - Processing /home/airflow/.local/lib/python3.12/site-packages/airflow/example_dags/example_sensors.py took 0.138 seconds
[2024-11-08T14:51:00.452+0000] {processor.py:186} INFO - Started process (PID=2405) to work on /home/airflow/.local/lib/python3.12/site-packages/airflow/example_dags/example_sensors.py
[2024-11-08T14:51:00.453+0000] {processor.py:914} INFO - Processing file /home/airflow/.local/lib/python3.12/site-packages/airflow/example_dags/example_sensors.py for tasks to queue
[2024-11-08T14:51:00.456+0000] {logging_mixin.py:190} INFO - [2024-11-08T14:51:00.456+0000] {dagbag.py:588} INFO - Filling up the DagBag from /home/airflow/.local/lib/python3.12/site-packages/airflow/example_dags/example_sensors.py
[2024-11-08T14:51:00.473+0000] {processor.py:925} INFO - DAG(s) 'example_sensors' retrieved from /home/airflow/.local/lib/python3.12/site-packages/airflow/example_dags/example_sensors.py
[2024-11-08T14:51:00.516+0000] {logging_mixin.py:190} INFO - [2024-11-08T14:51:00.516+0000] {dag.py:3239} INFO - Sync 1 DAGs
[2024-11-08T14:51:00.537+0000] {logging_mixin.py:190} INFO - [2024-11-08T14:51:00.537+0000] {dag.py:4180} INFO - Setting next_dagrun for example_sensors to None, run_after=None
[2024-11-08T14:51:00.676+0000] {processor.py:208} INFO - Processing /home/airflow/.local/lib/python3.12/site-packages/airflow/example_dags/example_sensors.py took 0.236 seconds
[2024-11-08T14:51:32.084+0000] {processor.py:186} INFO - Started process (PID=2466) to work on /home/airflow/.local/lib/python3.12/site-packages/airflow/example_dags/example_sensors.py
[2024-11-08T14:51:32.085+0000] {processor.py:914} INFO - Processing file /home/airflow/.local/lib/python3.12/site-packages/airflow/example_dags/example_sensors.py for tasks to queue
[2024-11-08T14:51:32.088+0000] {logging_mixin.py:190} INFO - [2024-11-08T14:51:32.088+0000] {dagbag.py:588} INFO - Filling up the DagBag from /home/airflow/.local/lib/python3.12/site-packages/airflow/example_dags/example_sensors.py
[2024-11-08T14:51:32.098+0000] {processor.py:925} INFO - DAG(s) 'example_sensors' retrieved from /home/airflow/.local/lib/python3.12/site-packages/airflow/example_dags/example_sensors.py
[2024-11-08T14:51:32.123+0000] {logging_mixin.py:190} INFO - [2024-11-08T14:51:32.123+0000] {dag.py:3239} INFO - Sync 1 DAGs
[2024-11-08T14:51:32.139+0000] {logging_mixin.py:190} INFO - [2024-11-08T14:51:32.139+0000] {dag.py:4180} INFO - Setting next_dagrun for example_sensors to None, run_after=None
[2024-11-08T14:51:32.233+0000] {processor.py:208} INFO - Processing /home/airflow/.local/lib/python3.12/site-packages/airflow/example_dags/example_sensors.py took 0.154 seconds
[2024-11-08T14:52:03.201+0000] {processor.py:186} INFO - Started process (PID=2528) to work on /home/airflow/.local/lib/python3.12/site-packages/airflow/example_dags/example_sensors.py
[2024-11-08T14:52:03.202+0000] {processor.py:914} INFO - Processing file /home/airflow/.local/lib/python3.12/site-packages/airflow/example_dags/example_sensors.py for tasks to queue
[2024-11-08T14:52:03.205+0000] {logging_mixin.py:190} INFO - [2024-11-08T14:52:03.205+0000] {dagbag.py:588} INFO - Filling up the DagBag from /home/airflow/.local/lib/python3.12/site-packages/airflow/example_dags/example_sensors.py
[2024-11-08T14:52:03.218+0000] {processor.py:925} INFO - DAG(s) 'example_sensors' retrieved from /home/airflow/.local/lib/python3.12/site-packages/airflow/example_dags/example_sensors.py
[2024-11-08T14:52:03.248+0000] {logging_mixin.py:190} INFO - [2024-11-08T14:52:03.248+0000] {dag.py:3239} INFO - Sync 1 DAGs
[2024-11-08T14:52:03.267+0000] {logging_mixin.py:190} INFO - [2024-11-08T14:52:03.267+0000] {dag.py:4180} INFO - Setting next_dagrun for example_sensors to None, run_after=None
[2024-11-08T14:52:03.300+0000] {processor.py:208} INFO - Processing /home/airflow/.local/lib/python3.12/site-packages/airflow/example_dags/example_sensors.py took 0.105 seconds
[2024-11-08T14:52:36.351+0000] {processor.py:186} INFO - Started process (PID=2589) to work on /home/airflow/.local/lib/python3.12/site-packages/airflow/example_dags/example_sensors.py
[2024-11-08T14:52:36.362+0000] {processor.py:914} INFO - Processing file /home/airflow/.local/lib/python3.12/site-packages/airflow/example_dags/example_sensors.py for tasks to queue
[2024-11-08T14:52:36.365+0000] {logging_mixin.py:190} INFO - [2024-11-08T14:52:36.365+0000] {dagbag.py:588} INFO - Filling up the DagBag from /home/airflow/.local/lib/python3.12/site-packages/airflow/example_dags/example_sensors.py
[2024-11-08T14:52:36.393+0000] {processor.py:925} INFO - DAG(s) 'example_sensors' retrieved from /home/airflow/.local/lib/python3.12/site-packages/airflow/example_dags/example_sensors.py
[2024-11-08T14:52:36.428+0000] {logging_mixin.py:190} INFO - [2024-11-08T14:52:36.428+0000] {dag.py:3239} INFO - Sync 1 DAGs
[2024-11-08T14:52:36.444+0000] {logging_mixin.py:190} INFO - [2024-11-08T14:52:36.444+0000] {dag.py:4180} INFO - Setting next_dagrun for example_sensors to None, run_after=None
[2024-11-08T14:52:36.484+0000] {processor.py:208} INFO - Processing /home/airflow/.local/lib/python3.12/site-packages/airflow/example_dags/example_sensors.py took 0.150 seconds
[2024-11-08T14:53:06.629+0000] {processor.py:186} INFO - Started process (PID=2652) to work on /home/airflow/.local/lib/python3.12/site-packages/airflow/example_dags/example_sensors.py
[2024-11-08T14:53:06.630+0000] {processor.py:914} INFO - Processing file /home/airflow/.local/lib/python3.12/site-packages/airflow/example_dags/example_sensors.py for tasks to queue
[2024-11-08T14:53:06.633+0000] {logging_mixin.py:190} INFO - [2024-11-08T14:53:06.632+0000] {dagbag.py:588} INFO - Filling up the DagBag from /home/airflow/.local/lib/python3.12/site-packages/airflow/example_dags/example_sensors.py
[2024-11-08T14:53:06.646+0000] {processor.py:925} INFO - DAG(s) 'example_sensors' retrieved from /home/airflow/.local/lib/python3.12/site-packages/airflow/example_dags/example_sensors.py
[2024-11-08T14:53:06.679+0000] {logging_mixin.py:190} INFO - [2024-11-08T14:53:06.679+0000] {dag.py:3239} INFO - Sync 1 DAGs
[2024-11-08T14:53:06.704+0000] {logging_mixin.py:190} INFO - [2024-11-08T14:53:06.704+0000] {dag.py:4180} INFO - Setting next_dagrun for example_sensors to None, run_after=None
[2024-11-08T14:53:06.728+0000] {processor.py:208} INFO - Processing /home/airflow/.local/lib/python3.12/site-packages/airflow/example_dags/example_sensors.py took 0.115 seconds
[2024-11-08T14:53:36.855+0000] {processor.py:186} INFO - Started process (PID=2714) to work on /home/airflow/.local/lib/python3.12/site-packages/airflow/example_dags/example_sensors.py
[2024-11-08T14:53:36.856+0000] {processor.py:914} INFO - Processing file /home/airflow/.local/lib/python3.12/site-packages/airflow/example_dags/example_sensors.py for tasks to queue
[2024-11-08T14:53:36.859+0000] {logging_mixin.py:190} INFO - [2024-11-08T14:53:36.858+0000] {dagbag.py:588} INFO - Filling up the DagBag from /home/airflow/.local/lib/python3.12/site-packages/airflow/example_dags/example_sensors.py
[2024-11-08T14:53:36.869+0000] {processor.py:925} INFO - DAG(s) 'example_sensors' retrieved from /home/airflow/.local/lib/python3.12/site-packages/airflow/example_dags/example_sensors.py
[2024-11-08T14:53:36.897+0000] {logging_mixin.py:190} INFO - [2024-11-08T14:53:36.897+0000] {dag.py:3239} INFO - Sync 1 DAGs
[2024-11-08T14:53:36.911+0000] {logging_mixin.py:190} INFO - [2024-11-08T14:53:36.911+0000] {dag.py:4180} INFO - Setting next_dagrun for example_sensors to None, run_after=None
[2024-11-08T14:53:36.940+0000] {processor.py:208} INFO - Processing /home/airflow/.local/lib/python3.12/site-packages/airflow/example_dags/example_sensors.py took 0.091 seconds
[2024-11-08T14:54:07.646+0000] {processor.py:186} INFO - Started process (PID=2777) to work on /home/airflow/.local/lib/python3.12/site-packages/airflow/example_dags/example_sensors.py
[2024-11-08T14:54:07.647+0000] {processor.py:914} INFO - Processing file /home/airflow/.local/lib/python3.12/site-packages/airflow/example_dags/example_sensors.py for tasks to queue
[2024-11-08T14:54:07.650+0000] {logging_mixin.py:190} INFO - [2024-11-08T14:54:07.649+0000] {dagbag.py:588} INFO - Filling up the DagBag from /home/airflow/.local/lib/python3.12/site-packages/airflow/example_dags/example_sensors.py
[2024-11-08T14:54:07.663+0000] {processor.py:925} INFO - DAG(s) 'example_sensors' retrieved from /home/airflow/.local/lib/python3.12/site-packages/airflow/example_dags/example_sensors.py
[2024-11-08T14:54:07.691+0000] {logging_mixin.py:190} INFO - [2024-11-08T14:54:07.691+0000] {dag.py:3239} INFO - Sync 1 DAGs
[2024-11-08T14:54:07.706+0000] {logging_mixin.py:190} INFO - [2024-11-08T14:54:07.706+0000] {dag.py:4180} INFO - Setting next_dagrun for example_sensors to None, run_after=None
[2024-11-08T14:54:07.749+0000] {processor.py:208} INFO - Processing /home/airflow/.local/lib/python3.12/site-packages/airflow/example_dags/example_sensors.py took 0.110 seconds
[2024-11-08T14:54:39.165+0000] {processor.py:186} INFO - Started process (PID=2838) to work on /home/airflow/.local/lib/python3.12/site-packages/airflow/example_dags/example_sensors.py
[2024-11-08T14:54:39.168+0000] {processor.py:914} INFO - Processing file /home/airflow/.local/lib/python3.12/site-packages/airflow/example_dags/example_sensors.py for tasks to queue
[2024-11-08T14:54:39.173+0000] {logging_mixin.py:190} INFO - [2024-11-08T14:54:39.172+0000] {dagbag.py:588} INFO - Filling up the DagBag from /home/airflow/.local/lib/python3.12/site-packages/airflow/example_dags/example_sensors.py
[2024-11-08T14:54:39.191+0000] {processor.py:925} INFO - DAG(s) 'example_sensors' retrieved from /home/airflow/.local/lib/python3.12/site-packages/airflow/example_dags/example_sensors.py
[2024-11-08T14:54:39.233+0000] {logging_mixin.py:190} INFO - [2024-11-08T14:54:39.232+0000] {dag.py:3239} INFO - Sync 1 DAGs
[2024-11-08T14:54:39.253+0000] {logging_mixin.py:190} INFO - [2024-11-08T14:54:39.252+0000] {dag.py:4180} INFO - Setting next_dagrun for example_sensors to None, run_after=None
[2024-11-08T14:54:39.663+0000] {processor.py:208} INFO - Processing /home/airflow/.local/lib/python3.12/site-packages/airflow/example_dags/example_sensors.py took 0.507 seconds
[2024-11-08T14:55:11.085+0000] {processor.py:186} INFO - Started process (PID=2901) to work on /home/airflow/.local/lib/python3.12/site-packages/airflow/example_dags/example_sensors.py
[2024-11-08T14:55:11.086+0000] {processor.py:914} INFO - Processing file /home/airflow/.local/lib/python3.12/site-packages/airflow/example_dags/example_sensors.py for tasks to queue
[2024-11-08T14:55:11.089+0000] {logging_mixin.py:190} INFO - [2024-11-08T14:55:11.088+0000] {dagbag.py:588} INFO - Filling up the DagBag from /home/airflow/.local/lib/python3.12/site-packages/airflow/example_dags/example_sensors.py
[2024-11-08T14:55:11.101+0000] {processor.py:925} INFO - DAG(s) 'example_sensors' retrieved from /home/airflow/.local/lib/python3.12/site-packages/airflow/example_dags/example_sensors.py
[2024-11-08T14:55:11.132+0000] {logging_mixin.py:190} INFO - [2024-11-08T14:55:11.132+0000] {dag.py:3239} INFO - Sync 1 DAGs
[2024-11-08T14:55:11.148+0000] {logging_mixin.py:190} INFO - [2024-11-08T14:55:11.148+0000] {dag.py:4180} INFO - Setting next_dagrun for example_sensors to None, run_after=None
[2024-11-08T14:55:11.170+0000] {processor.py:208} INFO - Processing /home/airflow/.local/lib/python3.12/site-packages/airflow/example_dags/example_sensors.py took 0.094 seconds
[2024-11-08T14:55:42.223+0000] {processor.py:186} INFO - Started process (PID=2964) to work on /home/airflow/.local/lib/python3.12/site-packages/airflow/example_dags/example_sensors.py
[2024-11-08T14:55:42.224+0000] {processor.py:914} INFO - Processing file /home/airflow/.local/lib/python3.12/site-packages/airflow/example_dags/example_sensors.py for tasks to queue
[2024-11-08T14:55:42.231+0000] {logging_mixin.py:190} INFO - [2024-11-08T14:55:42.230+0000] {dagbag.py:588} INFO - Filling up the DagBag from /home/airflow/.local/lib/python3.12/site-packages/airflow/example_dags/example_sensors.py
[2024-11-08T14:55:42.248+0000] {processor.py:925} INFO - DAG(s) 'example_sensors' retrieved from /home/airflow/.local/lib/python3.12/site-packages/airflow/example_dags/example_sensors.py
[2024-11-08T14:55:42.279+0000] {logging_mixin.py:190} INFO - [2024-11-08T14:55:42.278+0000] {dag.py:3239} INFO - Sync 1 DAGs
[2024-11-08T14:55:42.481+0000] {logging_mixin.py:190} INFO - [2024-11-08T14:55:42.480+0000] {dag.py:4180} INFO - Setting next_dagrun for example_sensors to None, run_after=None
[2024-11-08T14:55:42.621+0000] {processor.py:208} INFO - Processing /home/airflow/.local/lib/python3.12/site-packages/airflow/example_dags/example_sensors.py took 0.405 seconds
[2024-11-08T14:56:12.769+0000] {processor.py:186} INFO - Started process (PID=3027) to work on /home/airflow/.local/lib/python3.12/site-packages/airflow/example_dags/example_sensors.py
[2024-11-08T14:56:12.770+0000] {processor.py:914} INFO - Processing file /home/airflow/.local/lib/python3.12/site-packages/airflow/example_dags/example_sensors.py for tasks to queue
[2024-11-08T14:56:12.782+0000] {logging_mixin.py:190} INFO - [2024-11-08T14:56:12.778+0000] {dagbag.py:588} INFO - Filling up the DagBag from /home/airflow/.local/lib/python3.12/site-packages/airflow/example_dags/example_sensors.py
[2024-11-08T14:56:12.882+0000] {processor.py:925} INFO - DAG(s) 'example_sensors' retrieved from /home/airflow/.local/lib/python3.12/site-packages/airflow/example_dags/example_sensors.py
[2024-11-08T14:56:12.988+0000] {logging_mixin.py:190} INFO - [2024-11-08T14:56:12.988+0000] {dag.py:3239} INFO - Sync 1 DAGs
[2024-11-08T14:56:13.088+0000] {logging_mixin.py:190} INFO - [2024-11-08T14:56:13.088+0000] {dag.py:4180} INFO - Setting next_dagrun for example_sensors to None, run_after=None
[2024-11-08T14:56:13.190+0000] {processor.py:208} INFO - Processing /home/airflow/.local/lib/python3.12/site-packages/airflow/example_dags/example_sensors.py took 0.430 seconds
[2024-11-08T14:56:43.548+0000] {processor.py:186} INFO - Started process (PID=3089) to work on /home/airflow/.local/lib/python3.12/site-packages/airflow/example_dags/example_sensors.py
[2024-11-08T14:56:43.550+0000] {processor.py:914} INFO - Processing file /home/airflow/.local/lib/python3.12/site-packages/airflow/example_dags/example_sensors.py for tasks to queue
[2024-11-08T14:56:43.552+0000] {logging_mixin.py:190} INFO - [2024-11-08T14:56:43.552+0000] {dagbag.py:588} INFO - Filling up the DagBag from /home/airflow/.local/lib/python3.12/site-packages/airflow/example_dags/example_sensors.py
[2024-11-08T14:56:43.567+0000] {processor.py:925} INFO - DAG(s) 'example_sensors' retrieved from /home/airflow/.local/lib/python3.12/site-packages/airflow/example_dags/example_sensors.py
[2024-11-08T14:56:43.599+0000] {logging_mixin.py:190} INFO - [2024-11-08T14:56:43.599+0000] {dag.py:3239} INFO - Sync 1 DAGs
[2024-11-08T14:56:43.619+0000] {logging_mixin.py:190} INFO - [2024-11-08T14:56:43.619+0000] {dag.py:4180} INFO - Setting next_dagrun for example_sensors to None, run_after=None
[2024-11-08T14:56:43.819+0000] {processor.py:208} INFO - Processing /home/airflow/.local/lib/python3.12/site-packages/airflow/example_dags/example_sensors.py took 0.277 seconds
[2024-11-08T14:57:14.735+0000] {processor.py:186} INFO - Started process (PID=3152) to work on /home/airflow/.local/lib/python3.12/site-packages/airflow/example_dags/example_sensors.py
[2024-11-08T14:57:14.736+0000] {processor.py:914} INFO - Processing file /home/airflow/.local/lib/python3.12/site-packages/airflow/example_dags/example_sensors.py for tasks to queue
[2024-11-08T14:57:14.743+0000] {logging_mixin.py:190} INFO - [2024-11-08T14:57:14.742+0000] {dagbag.py:588} INFO - Filling up the DagBag from /home/airflow/.local/lib/python3.12/site-packages/airflow/example_dags/example_sensors.py
[2024-11-08T14:57:14.760+0000] {processor.py:925} INFO - DAG(s) 'example_sensors' retrieved from /home/airflow/.local/lib/python3.12/site-packages/airflow/example_dags/example_sensors.py
[2024-11-08T14:57:15.101+0000] {logging_mixin.py:190} INFO - [2024-11-08T14:57:15.101+0000] {dag.py:3239} INFO - Sync 1 DAGs
[2024-11-08T14:57:15.120+0000] {logging_mixin.py:190} INFO - [2024-11-08T14:57:15.120+0000] {dag.py:4180} INFO - Setting next_dagrun for example_sensors to None, run_after=None
[2024-11-08T14:57:15.263+0000] {processor.py:208} INFO - Processing /home/airflow/.local/lib/python3.12/site-packages/airflow/example_dags/example_sensors.py took 0.535 seconds
[2024-11-08T14:57:45.468+0000] {processor.py:186} INFO - Started process (PID=3215) to work on /home/airflow/.local/lib/python3.12/site-packages/airflow/example_dags/example_sensors.py
[2024-11-08T14:57:45.469+0000] {processor.py:914} INFO - Processing file /home/airflow/.local/lib/python3.12/site-packages/airflow/example_dags/example_sensors.py for tasks to queue
[2024-11-08T14:57:45.472+0000] {logging_mixin.py:190} INFO - [2024-11-08T14:57:45.472+0000] {dagbag.py:588} INFO - Filling up the DagBag from /home/airflow/.local/lib/python3.12/site-packages/airflow/example_dags/example_sensors.py
[2024-11-08T14:57:45.483+0000] {processor.py:925} INFO - DAG(s) 'example_sensors' retrieved from /home/airflow/.local/lib/python3.12/site-packages/airflow/example_dags/example_sensors.py
[2024-11-08T14:57:45.511+0000] {logging_mixin.py:190} INFO - [2024-11-08T14:57:45.510+0000] {dag.py:3239} INFO - Sync 1 DAGs
[2024-11-08T14:57:45.525+0000] {logging_mixin.py:190} INFO - [2024-11-08T14:57:45.525+0000] {dag.py:4180} INFO - Setting next_dagrun for example_sensors to None, run_after=None
[2024-11-08T14:57:45.590+0000] {processor.py:208} INFO - Processing /home/airflow/.local/lib/python3.12/site-packages/airflow/example_dags/example_sensors.py took 0.127 seconds
[2024-11-08T14:58:15.769+0000] {processor.py:186} INFO - Started process (PID=3278) to work on /home/airflow/.local/lib/python3.12/site-packages/airflow/example_dags/example_sensors.py
[2024-11-08T14:58:15.770+0000] {processor.py:914} INFO - Processing file /home/airflow/.local/lib/python3.12/site-packages/airflow/example_dags/example_sensors.py for tasks to queue
[2024-11-08T14:58:15.772+0000] {logging_mixin.py:190} INFO - [2024-11-08T14:58:15.772+0000] {dagbag.py:588} INFO - Filling up the DagBag from /home/airflow/.local/lib/python3.12/site-packages/airflow/example_dags/example_sensors.py
[2024-11-08T14:58:15.786+0000] {processor.py:925} INFO - DAG(s) 'example_sensors' retrieved from /home/airflow/.local/lib/python3.12/site-packages/airflow/example_dags/example_sensors.py
[2024-11-08T14:58:15.812+0000] {logging_mixin.py:190} INFO - [2024-11-08T14:58:15.812+0000] {dag.py:3239} INFO - Sync 1 DAGs
[2024-11-08T14:58:15.827+0000] {logging_mixin.py:190} INFO - [2024-11-08T14:58:15.827+0000] {dag.py:4180} INFO - Setting next_dagrun for example_sensors to None, run_after=None
[2024-11-08T14:58:15.928+0000] {processor.py:208} INFO - Processing /home/airflow/.local/lib/python3.12/site-packages/airflow/example_dags/example_sensors.py took 0.166 seconds
[2024-11-08T14:58:46.000+0000] {processor.py:186} INFO - Started process (PID=3341) to work on /home/airflow/.local/lib/python3.12/site-packages/airflow/example_dags/example_sensors.py
[2024-11-08T14:58:46.001+0000] {processor.py:914} INFO - Processing file /home/airflow/.local/lib/python3.12/site-packages/airflow/example_dags/example_sensors.py for tasks to queue
[2024-11-08T14:58:46.006+0000] {logging_mixin.py:190} INFO - [2024-11-08T14:58:46.005+0000] {dagbag.py:588} INFO - Filling up the DagBag from /home/airflow/.local/lib/python3.12/site-packages/airflow/example_dags/example_sensors.py
[2024-11-08T14:58:46.027+0000] {processor.py:925} INFO - DAG(s) 'example_sensors' retrieved from /home/airflow/.local/lib/python3.12/site-packages/airflow/example_dags/example_sensors.py
[2024-11-08T14:58:46.065+0000] {logging_mixin.py:190} INFO - [2024-11-08T14:58:46.064+0000] {dag.py:3239} INFO - Sync 1 DAGs
[2024-11-08T14:58:46.084+0000] {logging_mixin.py:190} INFO - [2024-11-08T14:58:46.084+0000] {dag.py:4180} INFO - Setting next_dagrun for example_sensors to None, run_after=None
[2024-11-08T14:58:46.116+0000] {processor.py:208} INFO - Processing /home/airflow/.local/lib/python3.12/site-packages/airflow/example_dags/example_sensors.py took 0.123 seconds
[2024-11-08T14:59:16.516+0000] {processor.py:186} INFO - Started process (PID=3404) to work on /home/airflow/.local/lib/python3.12/site-packages/airflow/example_dags/example_sensors.py
[2024-11-08T14:59:16.517+0000] {processor.py:914} INFO - Processing file /home/airflow/.local/lib/python3.12/site-packages/airflow/example_dags/example_sensors.py for tasks to queue
[2024-11-08T14:59:16.520+0000] {logging_mixin.py:190} INFO - [2024-11-08T14:59:16.519+0000] {dagbag.py:588} INFO - Filling up the DagBag from /home/airflow/.local/lib/python3.12/site-packages/airflow/example_dags/example_sensors.py
[2024-11-08T14:59:16.532+0000] {processor.py:925} INFO - DAG(s) 'example_sensors' retrieved from /home/airflow/.local/lib/python3.12/site-packages/airflow/example_dags/example_sensors.py
[2024-11-08T14:59:16.560+0000] {logging_mixin.py:190} INFO - [2024-11-08T14:59:16.560+0000] {dag.py:3239} INFO - Sync 1 DAGs
[2024-11-08T14:59:16.575+0000] {logging_mixin.py:190} INFO - [2024-11-08T14:59:16.575+0000] {dag.py:4180} INFO - Setting next_dagrun for example_sensors to None, run_after=None
[2024-11-08T14:59:16.829+0000] {processor.py:208} INFO - Processing /home/airflow/.local/lib/python3.12/site-packages/airflow/example_dags/example_sensors.py took 0.320 seconds
[2024-11-08T14:59:47.131+0000] {processor.py:186} INFO - Started process (PID=3467) to work on /home/airflow/.local/lib/python3.12/site-packages/airflow/example_dags/example_sensors.py
[2024-11-08T14:59:47.132+0000] {processor.py:914} INFO - Processing file /home/airflow/.local/lib/python3.12/site-packages/airflow/example_dags/example_sensors.py for tasks to queue
[2024-11-08T14:59:47.135+0000] {logging_mixin.py:190} INFO - [2024-11-08T14:59:47.135+0000] {dagbag.py:588} INFO - Filling up the DagBag from /home/airflow/.local/lib/python3.12/site-packages/airflow/example_dags/example_sensors.py
[2024-11-08T14:59:47.148+0000] {processor.py:925} INFO - DAG(s) 'example_sensors' retrieved from /home/airflow/.local/lib/python3.12/site-packages/airflow/example_dags/example_sensors.py
[2024-11-08T14:59:47.177+0000] {logging_mixin.py:190} INFO - [2024-11-08T14:59:47.176+0000] {dag.py:3239} INFO - Sync 1 DAGs
[2024-11-08T14:59:47.192+0000] {logging_mixin.py:190} INFO - [2024-11-08T14:59:47.192+0000] {dag.py:4180} INFO - Setting next_dagrun for example_sensors to None, run_after=None
[2024-11-08T14:59:47.255+0000] {processor.py:208} INFO - Processing /home/airflow/.local/lib/python3.12/site-packages/airflow/example_dags/example_sensors.py took 0.131 seconds
[2024-11-08T15:00:17.325+0000] {processor.py:186} INFO - Started process (PID=3530) to work on /home/airflow/.local/lib/python3.12/site-packages/airflow/example_dags/example_sensors.py
[2024-11-08T15:00:17.326+0000] {processor.py:914} INFO - Processing file /home/airflow/.local/lib/python3.12/site-packages/airflow/example_dags/example_sensors.py for tasks to queue
[2024-11-08T15:00:17.329+0000] {logging_mixin.py:190} INFO - [2024-11-08T15:00:17.328+0000] {dagbag.py:588} INFO - Filling up the DagBag from /home/airflow/.local/lib/python3.12/site-packages/airflow/example_dags/example_sensors.py
[2024-11-08T15:00:17.340+0000] {processor.py:925} INFO - DAG(s) 'example_sensors' retrieved from /home/airflow/.local/lib/python3.12/site-packages/airflow/example_dags/example_sensors.py
[2024-11-08T15:00:17.367+0000] {logging_mixin.py:190} INFO - [2024-11-08T15:00:17.367+0000] {dag.py:3239} INFO - Sync 1 DAGs
[2024-11-08T15:00:17.384+0000] {logging_mixin.py:190} INFO - [2024-11-08T15:00:17.384+0000] {dag.py:4180} INFO - Setting next_dagrun for example_sensors to None, run_after=None
[2024-11-08T15:00:17.424+0000] {processor.py:208} INFO - Processing /home/airflow/.local/lib/python3.12/site-packages/airflow/example_dags/example_sensors.py took 0.105 seconds
[2024-11-08T15:00:47.906+0000] {processor.py:186} INFO - Started process (PID=3593) to work on /home/airflow/.local/lib/python3.12/site-packages/airflow/example_dags/example_sensors.py
[2024-11-08T15:00:47.907+0000] {processor.py:914} INFO - Processing file /home/airflow/.local/lib/python3.12/site-packages/airflow/example_dags/example_sensors.py for tasks to queue
[2024-11-08T15:00:47.910+0000] {logging_mixin.py:190} INFO - [2024-11-08T15:00:47.910+0000] {dagbag.py:588} INFO - Filling up the DagBag from /home/airflow/.local/lib/python3.12/site-packages/airflow/example_dags/example_sensors.py
[2024-11-08T15:00:47.921+0000] {processor.py:925} INFO - DAG(s) 'example_sensors' retrieved from /home/airflow/.local/lib/python3.12/site-packages/airflow/example_dags/example_sensors.py
[2024-11-08T15:00:47.947+0000] {logging_mixin.py:190} INFO - [2024-11-08T15:00:47.947+0000] {dag.py:3239} INFO - Sync 1 DAGs
[2024-11-08T15:00:47.962+0000] {logging_mixin.py:190} INFO - [2024-11-08T15:00:47.961+0000] {dag.py:4180} INFO - Setting next_dagrun for example_sensors to None, run_after=None
[2024-11-08T15:00:48.121+0000] {processor.py:208} INFO - Processing /home/airflow/.local/lib/python3.12/site-packages/airflow/example_dags/example_sensors.py took 0.222 seconds
[2024-11-08T15:01:18.685+0000] {processor.py:186} INFO - Started process (PID=3655) to work on /home/airflow/.local/lib/python3.12/site-packages/airflow/example_dags/example_sensors.py
[2024-11-08T15:01:18.686+0000] {processor.py:914} INFO - Processing file /home/airflow/.local/lib/python3.12/site-packages/airflow/example_dags/example_sensors.py for tasks to queue
[2024-11-08T15:01:18.689+0000] {logging_mixin.py:190} INFO - [2024-11-08T15:01:18.688+0000] {dagbag.py:588} INFO - Filling up the DagBag from /home/airflow/.local/lib/python3.12/site-packages/airflow/example_dags/example_sensors.py
[2024-11-08T15:01:18.703+0000] {processor.py:925} INFO - DAG(s) 'example_sensors' retrieved from /home/airflow/.local/lib/python3.12/site-packages/airflow/example_dags/example_sensors.py
[2024-11-08T15:01:18.744+0000] {logging_mixin.py:190} INFO - [2024-11-08T15:01:18.744+0000] {dag.py:3239} INFO - Sync 1 DAGs
[2024-11-08T15:01:18.762+0000] {logging_mixin.py:190} INFO - [2024-11-08T15:01:18.761+0000] {dag.py:4180} INFO - Setting next_dagrun for example_sensors to None, run_after=None
[2024-11-08T15:01:18.967+0000] {processor.py:208} INFO - Processing /home/airflow/.local/lib/python3.12/site-packages/airflow/example_dags/example_sensors.py took 0.290 seconds
