[2024-11-08T14:32:12.578+0000] {processor.py:186} INFO - Started process (PID=114) to work on /home/airflow/.local/lib/python3.12/site-packages/airflow/example_dags/example_skip_dag.py
[2024-11-08T14:32:12.579+0000] {processor.py:914} INFO - Processing file /home/airflow/.local/lib/python3.12/site-packages/airflow/example_dags/example_skip_dag.py for tasks to queue
[2024-11-08T14:32:12.582+0000] {logging_mixin.py:190} INFO - [2024-11-08T14:32:12.581+0000] {dagbag.py:588} INFO - Filling up the DagBag from /home/airflow/.local/lib/python3.12/site-packages/airflow/example_dags/example_skip_dag.py
[2024-11-08T14:32:12.592+0000] {processor.py:925} INFO - DAG(s) 'example_skip_dag' retrieved from /home/airflow/.local/lib/python3.12/site-packages/airflow/example_dags/example_skip_dag.py
[2024-11-08T14:32:12.796+0000] {logging_mixin.py:190} INFO - [2024-11-08T14:32:12.796+0000] {override.py:1911} INFO - Created Permission View: can delete on DAG:example_skip_dag
[2024-11-08T14:32:12.815+0000] {logging_mixin.py:190} INFO - [2024-11-08T14:32:12.815+0000] {override.py:1911} INFO - Created Permission View: can edit on DAG:example_skip_dag
[2024-11-08T14:32:12.829+0000] {logging_mixin.py:190} INFO - [2024-11-08T14:32:12.829+0000] {override.py:1911} INFO - Created Permission View: can read on DAG:example_skip_dag
[2024-11-08T14:32:12.844+0000] {logging_mixin.py:190} INFO - [2024-11-08T14:32:12.843+0000] {override.py:1911} INFO - Created Permission View: can create on DAG Run:example_skip_dag
[2024-11-08T14:32:12.858+0000] {logging_mixin.py:190} INFO - [2024-11-08T14:32:12.857+0000] {override.py:1911} INFO - Created Permission View: menu access on DAG Run:example_skip_dag
[2024-11-08T14:32:12.872+0000] {logging_mixin.py:190} INFO - [2024-11-08T14:32:12.871+0000] {override.py:1911} INFO - Created Permission View: can delete on DAG Run:example_skip_dag
[2024-11-08T14:32:12.892+0000] {logging_mixin.py:190} INFO - [2024-11-08T14:32:12.892+0000] {override.py:1911} INFO - Created Permission View: can read on DAG Run:example_skip_dag
[2024-11-08T14:32:12.894+0000] {logging_mixin.py:190} INFO - [2024-11-08T14:32:12.893+0000] {dag.py:3239} INFO - Sync 1 DAGs
[2024-11-08T14:32:12.909+0000] {logging_mixin.py:190} INFO - [2024-11-08T14:32:12.908+0000] {dag.py:3262} INFO - Creating ORM DAG for example_skip_dag
[2024-11-08T14:32:12.921+0000] {logging_mixin.py:190} INFO - [2024-11-08T14:32:12.921+0000] {dag.py:4180} INFO - Setting next_dagrun for example_skip_dag to 2024-11-07 00:00:00+00:00, run_after=2024-11-08 00:00:00+00:00
[2024-11-08T14:32:12.945+0000] {processor.py:208} INFO - Processing /home/airflow/.local/lib/python3.12/site-packages/airflow/example_dags/example_skip_dag.py took 0.373 seconds
[2024-11-08T14:32:43.564+0000] {processor.py:186} INFO - Started process (PID=177) to work on /home/airflow/.local/lib/python3.12/site-packages/airflow/example_dags/example_skip_dag.py
[2024-11-08T14:32:43.566+0000] {processor.py:914} INFO - Processing file /home/airflow/.local/lib/python3.12/site-packages/airflow/example_dags/example_skip_dag.py for tasks to queue
[2024-11-08T14:32:43.569+0000] {logging_mixin.py:190} INFO - [2024-11-08T14:32:43.568+0000] {dagbag.py:588} INFO - Filling up the DagBag from /home/airflow/.local/lib/python3.12/site-packages/airflow/example_dags/example_skip_dag.py
[2024-11-08T14:32:43.578+0000] {processor.py:925} INFO - DAG(s) 'example_skip_dag' retrieved from /home/airflow/.local/lib/python3.12/site-packages/airflow/example_dags/example_skip_dag.py
[2024-11-08T14:32:43.601+0000] {logging_mixin.py:190} INFO - [2024-11-08T14:32:43.600+0000] {dag.py:3239} INFO - Sync 1 DAGs
[2024-11-08T14:32:43.625+0000] {logging_mixin.py:190} INFO - [2024-11-08T14:32:43.625+0000] {dag.py:4180} INFO - Setting next_dagrun for example_skip_dag to 2024-11-07 00:00:00+00:00, run_after=2024-11-08 00:00:00+00:00
[2024-11-08T14:32:43.676+0000] {processor.py:208} INFO - Processing /home/airflow/.local/lib/python3.12/site-packages/airflow/example_dags/example_skip_dag.py took 0.118 seconds
[2024-11-08T14:33:14.593+0000] {processor.py:186} INFO - Started process (PID=240) to work on /home/airflow/.local/lib/python3.12/site-packages/airflow/example_dags/example_skip_dag.py
[2024-11-08T14:33:14.594+0000] {processor.py:914} INFO - Processing file /home/airflow/.local/lib/python3.12/site-packages/airflow/example_dags/example_skip_dag.py for tasks to queue
[2024-11-08T14:33:14.596+0000] {logging_mixin.py:190} INFO - [2024-11-08T14:33:14.596+0000] {dagbag.py:588} INFO - Filling up the DagBag from /home/airflow/.local/lib/python3.12/site-packages/airflow/example_dags/example_skip_dag.py
[2024-11-08T14:33:14.604+0000] {processor.py:925} INFO - DAG(s) 'example_skip_dag' retrieved from /home/airflow/.local/lib/python3.12/site-packages/airflow/example_dags/example_skip_dag.py
[2024-11-08T14:33:14.626+0000] {logging_mixin.py:190} INFO - [2024-11-08T14:33:14.626+0000] {dag.py:3239} INFO - Sync 1 DAGs
[2024-11-08T14:33:14.650+0000] {logging_mixin.py:190} INFO - [2024-11-08T14:33:14.650+0000] {dag.py:4180} INFO - Setting next_dagrun for example_skip_dag to 2024-11-07 00:00:00+00:00, run_after=2024-11-08 00:00:00+00:00
[2024-11-08T14:33:14.675+0000] {processor.py:208} INFO - Processing /home/airflow/.local/lib/python3.12/site-packages/airflow/example_dags/example_skip_dag.py took 0.089 seconds
[2024-11-08T14:33:46.659+0000] {processor.py:186} INFO - Started process (PID=303) to work on /home/airflow/.local/lib/python3.12/site-packages/airflow/example_dags/example_skip_dag.py
[2024-11-08T14:33:46.660+0000] {processor.py:914} INFO - Processing file /home/airflow/.local/lib/python3.12/site-packages/airflow/example_dags/example_skip_dag.py for tasks to queue
[2024-11-08T14:33:46.663+0000] {logging_mixin.py:190} INFO - [2024-11-08T14:33:46.663+0000] {dagbag.py:588} INFO - Filling up the DagBag from /home/airflow/.local/lib/python3.12/site-packages/airflow/example_dags/example_skip_dag.py
[2024-11-08T14:33:46.672+0000] {processor.py:925} INFO - DAG(s) 'example_skip_dag' retrieved from /home/airflow/.local/lib/python3.12/site-packages/airflow/example_dags/example_skip_dag.py
[2024-11-08T14:33:46.695+0000] {logging_mixin.py:190} INFO - [2024-11-08T14:33:46.694+0000] {dag.py:3239} INFO - Sync 1 DAGs
[2024-11-08T14:33:46.734+0000] {logging_mixin.py:190} INFO - [2024-11-08T14:33:46.734+0000] {dag.py:4180} INFO - Setting next_dagrun for example_skip_dag to 2024-11-07 00:00:00+00:00, run_after=2024-11-08 00:00:00+00:00
[2024-11-08T14:33:46.768+0000] {processor.py:208} INFO - Processing /home/airflow/.local/lib/python3.12/site-packages/airflow/example_dags/example_skip_dag.py took 0.116 seconds
[2024-11-08T14:34:17.631+0000] {processor.py:186} INFO - Started process (PID=366) to work on /home/airflow/.local/lib/python3.12/site-packages/airflow/example_dags/example_skip_dag.py
[2024-11-08T14:34:17.632+0000] {processor.py:914} INFO - Processing file /home/airflow/.local/lib/python3.12/site-packages/airflow/example_dags/example_skip_dag.py for tasks to queue
[2024-11-08T14:34:17.635+0000] {logging_mixin.py:190} INFO - [2024-11-08T14:34:17.634+0000] {dagbag.py:588} INFO - Filling up the DagBag from /home/airflow/.local/lib/python3.12/site-packages/airflow/example_dags/example_skip_dag.py
[2024-11-08T14:34:17.642+0000] {processor.py:925} INFO - DAG(s) 'example_skip_dag' retrieved from /home/airflow/.local/lib/python3.12/site-packages/airflow/example_dags/example_skip_dag.py
[2024-11-08T14:34:17.664+0000] {logging_mixin.py:190} INFO - [2024-11-08T14:34:17.664+0000] {dag.py:3239} INFO - Sync 1 DAGs
[2024-11-08T14:34:17.688+0000] {logging_mixin.py:190} INFO - [2024-11-08T14:34:17.688+0000] {dag.py:4180} INFO - Setting next_dagrun for example_skip_dag to 2024-11-07 00:00:00+00:00, run_after=2024-11-08 00:00:00+00:00
[2024-11-08T14:34:17.734+0000] {processor.py:208} INFO - Processing /home/airflow/.local/lib/python3.12/site-packages/airflow/example_dags/example_skip_dag.py took 0.108 seconds
[2024-11-08T14:34:50.092+0000] {processor.py:186} INFO - Started process (PID=429) to work on /home/airflow/.local/lib/python3.12/site-packages/airflow/example_dags/example_skip_dag.py
[2024-11-08T14:34:50.094+0000] {processor.py:914} INFO - Processing file /home/airflow/.local/lib/python3.12/site-packages/airflow/example_dags/example_skip_dag.py for tasks to queue
[2024-11-08T14:34:50.096+0000] {logging_mixin.py:190} INFO - [2024-11-08T14:34:50.096+0000] {dagbag.py:588} INFO - Filling up the DagBag from /home/airflow/.local/lib/python3.12/site-packages/airflow/example_dags/example_skip_dag.py
[2024-11-08T14:34:50.108+0000] {processor.py:925} INFO - DAG(s) 'example_skip_dag' retrieved from /home/airflow/.local/lib/python3.12/site-packages/airflow/example_dags/example_skip_dag.py
[2024-11-08T14:34:50.136+0000] {logging_mixin.py:190} INFO - [2024-11-08T14:34:50.136+0000] {dag.py:3239} INFO - Sync 1 DAGs
[2024-11-08T14:34:50.162+0000] {logging_mixin.py:190} INFO - [2024-11-08T14:34:50.162+0000] {dag.py:4180} INFO - Setting next_dagrun for example_skip_dag to 2024-11-07 00:00:00+00:00, run_after=2024-11-08 00:00:00+00:00
[2024-11-08T14:34:50.343+0000] {processor.py:208} INFO - Processing /home/airflow/.local/lib/python3.12/site-packages/airflow/example_dags/example_skip_dag.py took 0.257 seconds
[2024-11-08T14:35:27.142+0000] {processor.py:186} INFO - Started process (PID=497) to work on /home/airflow/.local/lib/python3.12/site-packages/airflow/example_dags/example_skip_dag.py
[2024-11-08T14:35:27.192+0000] {processor.py:914} INFO - Processing file /home/airflow/.local/lib/python3.12/site-packages/airflow/example_dags/example_skip_dag.py for tasks to queue
[2024-11-08T14:35:27.198+0000] {logging_mixin.py:190} INFO - [2024-11-08T14:35:27.198+0000] {dagbag.py:588} INFO - Filling up the DagBag from /home/airflow/.local/lib/python3.12/site-packages/airflow/example_dags/example_skip_dag.py
[2024-11-08T14:35:27.210+0000] {processor.py:925} INFO - DAG(s) 'example_skip_dag' retrieved from /home/airflow/.local/lib/python3.12/site-packages/airflow/example_dags/example_skip_dag.py
[2024-11-08T14:35:27.266+0000] {logging_mixin.py:190} INFO - [2024-11-08T14:35:27.266+0000] {dag.py:3239} INFO - Sync 1 DAGs
[2024-11-08T14:35:27.302+0000] {logging_mixin.py:190} INFO - [2024-11-08T14:35:27.302+0000] {dag.py:4180} INFO - Setting next_dagrun for example_skip_dag to 2024-11-07 00:00:00+00:00, run_after=2024-11-08 00:00:00+00:00
[2024-11-08T14:35:27.332+0000] {processor.py:208} INFO - Processing /home/airflow/.local/lib/python3.12/site-packages/airflow/example_dags/example_skip_dag.py took 0.198 seconds
[2024-11-08T14:35:58.311+0000] {processor.py:186} INFO - Started process (PID=560) to work on /home/airflow/.local/lib/python3.12/site-packages/airflow/example_dags/example_skip_dag.py
[2024-11-08T14:35:58.313+0000] {processor.py:914} INFO - Processing file /home/airflow/.local/lib/python3.12/site-packages/airflow/example_dags/example_skip_dag.py for tasks to queue
[2024-11-08T14:35:58.317+0000] {logging_mixin.py:190} INFO - [2024-11-08T14:35:58.317+0000] {dagbag.py:588} INFO - Filling up the DagBag from /home/airflow/.local/lib/python3.12/site-packages/airflow/example_dags/example_skip_dag.py
[2024-11-08T14:35:58.327+0000] {processor.py:925} INFO - DAG(s) 'example_skip_dag' retrieved from /home/airflow/.local/lib/python3.12/site-packages/airflow/example_dags/example_skip_dag.py
[2024-11-08T14:35:58.359+0000] {logging_mixin.py:190} INFO - [2024-11-08T14:35:58.359+0000] {dag.py:3239} INFO - Sync 1 DAGs
[2024-11-08T14:35:58.389+0000] {logging_mixin.py:190} INFO - [2024-11-08T14:35:58.389+0000] {dag.py:4180} INFO - Setting next_dagrun for example_skip_dag to 2024-11-07 00:00:00+00:00, run_after=2024-11-08 00:00:00+00:00
[2024-11-08T14:35:58.422+0000] {processor.py:208} INFO - Processing /home/airflow/.local/lib/python3.12/site-packages/airflow/example_dags/example_skip_dag.py took 0.118 seconds
[2024-11-08T14:36:29.287+0000] {processor.py:186} INFO - Started process (PID=624) to work on /home/airflow/.local/lib/python3.12/site-packages/airflow/example_dags/example_skip_dag.py
[2024-11-08T14:36:29.288+0000] {processor.py:914} INFO - Processing file /home/airflow/.local/lib/python3.12/site-packages/airflow/example_dags/example_skip_dag.py for tasks to queue
[2024-11-08T14:36:29.291+0000] {logging_mixin.py:190} INFO - [2024-11-08T14:36:29.291+0000] {dagbag.py:588} INFO - Filling up the DagBag from /home/airflow/.local/lib/python3.12/site-packages/airflow/example_dags/example_skip_dag.py
[2024-11-08T14:36:29.300+0000] {processor.py:925} INFO - DAG(s) 'example_skip_dag' retrieved from /home/airflow/.local/lib/python3.12/site-packages/airflow/example_dags/example_skip_dag.py
[2024-11-08T14:36:29.321+0000] {logging_mixin.py:190} INFO - [2024-11-08T14:36:29.321+0000] {dag.py:3239} INFO - Sync 1 DAGs
[2024-11-08T14:36:29.346+0000] {logging_mixin.py:190} INFO - [2024-11-08T14:36:29.345+0000] {dag.py:4180} INFO - Setting next_dagrun for example_skip_dag to 2024-11-07 00:00:00+00:00, run_after=2024-11-08 00:00:00+00:00
[2024-11-08T14:36:29.392+0000] {processor.py:208} INFO - Processing /home/airflow/.local/lib/python3.12/site-packages/airflow/example_dags/example_skip_dag.py took 0.111 seconds
[2024-11-08T14:37:00.669+0000] {processor.py:186} INFO - Started process (PID=687) to work on /home/airflow/.local/lib/python3.12/site-packages/airflow/example_dags/example_skip_dag.py
[2024-11-08T14:37:00.670+0000] {processor.py:914} INFO - Processing file /home/airflow/.local/lib/python3.12/site-packages/airflow/example_dags/example_skip_dag.py for tasks to queue
[2024-11-08T14:37:00.672+0000] {logging_mixin.py:190} INFO - [2024-11-08T14:37:00.672+0000] {dagbag.py:588} INFO - Filling up the DagBag from /home/airflow/.local/lib/python3.12/site-packages/airflow/example_dags/example_skip_dag.py
[2024-11-08T14:37:00.682+0000] {processor.py:925} INFO - DAG(s) 'example_skip_dag' retrieved from /home/airflow/.local/lib/python3.12/site-packages/airflow/example_dags/example_skip_dag.py
[2024-11-08T14:37:00.706+0000] {logging_mixin.py:190} INFO - [2024-11-08T14:37:00.705+0000] {dag.py:3239} INFO - Sync 1 DAGs
[2024-11-08T14:37:00.730+0000] {logging_mixin.py:190} INFO - [2024-11-08T14:37:00.730+0000] {dag.py:4180} INFO - Setting next_dagrun for example_skip_dag to 2024-11-07 00:00:00+00:00, run_after=2024-11-08 00:00:00+00:00
[2024-11-08T14:37:00.985+0000] {processor.py:208} INFO - Processing /home/airflow/.local/lib/python3.12/site-packages/airflow/example_dags/example_skip_dag.py took 0.322 seconds
[2024-11-08T14:37:31.549+0000] {processor.py:186} INFO - Started process (PID=751) to work on /home/airflow/.local/lib/python3.12/site-packages/airflow/example_dags/example_skip_dag.py
[2024-11-08T14:37:31.550+0000] {processor.py:914} INFO - Processing file /home/airflow/.local/lib/python3.12/site-packages/airflow/example_dags/example_skip_dag.py for tasks to queue
[2024-11-08T14:37:31.552+0000] {logging_mixin.py:190} INFO - [2024-11-08T14:37:31.552+0000] {dagbag.py:588} INFO - Filling up the DagBag from /home/airflow/.local/lib/python3.12/site-packages/airflow/example_dags/example_skip_dag.py
[2024-11-08T14:37:31.561+0000] {processor.py:925} INFO - DAG(s) 'example_skip_dag' retrieved from /home/airflow/.local/lib/python3.12/site-packages/airflow/example_dags/example_skip_dag.py
[2024-11-08T14:37:31.583+0000] {logging_mixin.py:190} INFO - [2024-11-08T14:37:31.583+0000] {dag.py:3239} INFO - Sync 1 DAGs
[2024-11-08T14:37:31.607+0000] {logging_mixin.py:190} INFO - [2024-11-08T14:37:31.607+0000] {dag.py:4180} INFO - Setting next_dagrun for example_skip_dag to 2024-11-07 00:00:00+00:00, run_after=2024-11-08 00:00:00+00:00
[2024-11-08T14:37:31.655+0000] {processor.py:208} INFO - Processing /home/airflow/.local/lib/python3.12/site-packages/airflow/example_dags/example_skip_dag.py took 0.112 seconds
[2024-11-08T14:38:02.413+0000] {processor.py:186} INFO - Started process (PID=813) to work on /home/airflow/.local/lib/python3.12/site-packages/airflow/example_dags/example_skip_dag.py
[2024-11-08T14:38:02.414+0000] {processor.py:914} INFO - Processing file /home/airflow/.local/lib/python3.12/site-packages/airflow/example_dags/example_skip_dag.py for tasks to queue
[2024-11-08T14:38:02.416+0000] {logging_mixin.py:190} INFO - [2024-11-08T14:38:02.416+0000] {dagbag.py:588} INFO - Filling up the DagBag from /home/airflow/.local/lib/python3.12/site-packages/airflow/example_dags/example_skip_dag.py
[2024-11-08T14:38:02.424+0000] {processor.py:925} INFO - DAG(s) 'example_skip_dag' retrieved from /home/airflow/.local/lib/python3.12/site-packages/airflow/example_dags/example_skip_dag.py
[2024-11-08T14:38:02.445+0000] {logging_mixin.py:190} INFO - [2024-11-08T14:38:02.445+0000] {dag.py:3239} INFO - Sync 1 DAGs
[2024-11-08T14:38:02.468+0000] {logging_mixin.py:190} INFO - [2024-11-08T14:38:02.467+0000] {dag.py:4180} INFO - Setting next_dagrun for example_skip_dag to 2024-11-07 00:00:00+00:00, run_after=2024-11-08 00:00:00+00:00
[2024-11-08T14:38:02.694+0000] {processor.py:208} INFO - Processing /home/airflow/.local/lib/python3.12/site-packages/airflow/example_dags/example_skip_dag.py took 0.286 seconds
[2024-11-08T14:38:33.647+0000] {processor.py:186} INFO - Started process (PID=876) to work on /home/airflow/.local/lib/python3.12/site-packages/airflow/example_dags/example_skip_dag.py
[2024-11-08T14:38:33.648+0000] {processor.py:914} INFO - Processing file /home/airflow/.local/lib/python3.12/site-packages/airflow/example_dags/example_skip_dag.py for tasks to queue
[2024-11-08T14:38:33.650+0000] {logging_mixin.py:190} INFO - [2024-11-08T14:38:33.650+0000] {dagbag.py:588} INFO - Filling up the DagBag from /home/airflow/.local/lib/python3.12/site-packages/airflow/example_dags/example_skip_dag.py
[2024-11-08T14:38:33.658+0000] {processor.py:925} INFO - DAG(s) 'example_skip_dag' retrieved from /home/airflow/.local/lib/python3.12/site-packages/airflow/example_dags/example_skip_dag.py
[2024-11-08T14:38:33.678+0000] {logging_mixin.py:190} INFO - [2024-11-08T14:38:33.678+0000] {dag.py:3239} INFO - Sync 1 DAGs
[2024-11-08T14:38:33.700+0000] {logging_mixin.py:190} INFO - [2024-11-08T14:38:33.699+0000] {dag.py:4180} INFO - Setting next_dagrun for example_skip_dag to 2024-11-07 00:00:00+00:00, run_after=2024-11-08 00:00:00+00:00
[2024-11-08T14:38:33.865+0000] {processor.py:208} INFO - Processing /home/airflow/.local/lib/python3.12/site-packages/airflow/example_dags/example_skip_dag.py took 0.224 seconds
[2024-11-08T14:39:04.549+0000] {processor.py:186} INFO - Started process (PID=939) to work on /home/airflow/.local/lib/python3.12/site-packages/airflow/example_dags/example_skip_dag.py
[2024-11-08T14:39:04.551+0000] {processor.py:914} INFO - Processing file /home/airflow/.local/lib/python3.12/site-packages/airflow/example_dags/example_skip_dag.py for tasks to queue
[2024-11-08T14:39:04.553+0000] {logging_mixin.py:190} INFO - [2024-11-08T14:39:04.553+0000] {dagbag.py:588} INFO - Filling up the DagBag from /home/airflow/.local/lib/python3.12/site-packages/airflow/example_dags/example_skip_dag.py
[2024-11-08T14:39:04.562+0000] {processor.py:925} INFO - DAG(s) 'example_skip_dag' retrieved from /home/airflow/.local/lib/python3.12/site-packages/airflow/example_dags/example_skip_dag.py
[2024-11-08T14:39:04.585+0000] {logging_mixin.py:190} INFO - [2024-11-08T14:39:04.585+0000] {dag.py:3239} INFO - Sync 1 DAGs
[2024-11-08T14:39:04.612+0000] {logging_mixin.py:190} INFO - [2024-11-08T14:39:04.611+0000] {dag.py:4180} INFO - Setting next_dagrun for example_skip_dag to 2024-11-07 00:00:00+00:00, run_after=2024-11-08 00:00:00+00:00
[2024-11-08T14:39:04.644+0000] {processor.py:208} INFO - Processing /home/airflow/.local/lib/python3.12/site-packages/airflow/example_dags/example_skip_dag.py took 0.100 seconds
[2024-11-08T14:39:34.915+0000] {processor.py:186} INFO - Started process (PID=1002) to work on /home/airflow/.local/lib/python3.12/site-packages/airflow/example_dags/example_skip_dag.py
[2024-11-08T14:39:34.916+0000] {processor.py:914} INFO - Processing file /home/airflow/.local/lib/python3.12/site-packages/airflow/example_dags/example_skip_dag.py for tasks to queue
[2024-11-08T14:39:34.918+0000] {logging_mixin.py:190} INFO - [2024-11-08T14:39:34.918+0000] {dagbag.py:588} INFO - Filling up the DagBag from /home/airflow/.local/lib/python3.12/site-packages/airflow/example_dags/example_skip_dag.py
[2024-11-08T14:39:34.932+0000] {processor.py:925} INFO - DAG(s) 'example_skip_dag' retrieved from /home/airflow/.local/lib/python3.12/site-packages/airflow/example_dags/example_skip_dag.py
[2024-11-08T14:39:34.968+0000] {logging_mixin.py:190} INFO - [2024-11-08T14:39:34.967+0000] {dag.py:3239} INFO - Sync 1 DAGs
[2024-11-08T14:39:35.034+0000] {logging_mixin.py:190} INFO - [2024-11-08T14:39:35.034+0000] {dag.py:4180} INFO - Setting next_dagrun for example_skip_dag to 2024-11-07 00:00:00+00:00, run_after=2024-11-08 00:00:00+00:00
[2024-11-08T14:39:35.164+0000] {processor.py:208} INFO - Processing /home/airflow/.local/lib/python3.12/site-packages/airflow/example_dags/example_skip_dag.py took 0.257 seconds
[2024-11-08T14:40:05.312+0000] {processor.py:186} INFO - Started process (PID=1064) to work on /home/airflow/.local/lib/python3.12/site-packages/airflow/example_dags/example_skip_dag.py
[2024-11-08T14:40:05.313+0000] {processor.py:914} INFO - Processing file /home/airflow/.local/lib/python3.12/site-packages/airflow/example_dags/example_skip_dag.py for tasks to queue
[2024-11-08T14:40:05.315+0000] {logging_mixin.py:190} INFO - [2024-11-08T14:40:05.315+0000] {dagbag.py:588} INFO - Filling up the DagBag from /home/airflow/.local/lib/python3.12/site-packages/airflow/example_dags/example_skip_dag.py
[2024-11-08T14:40:05.322+0000] {processor.py:925} INFO - DAG(s) 'example_skip_dag' retrieved from /home/airflow/.local/lib/python3.12/site-packages/airflow/example_dags/example_skip_dag.py
[2024-11-08T14:40:05.345+0000] {logging_mixin.py:190} INFO - [2024-11-08T14:40:05.345+0000] {dag.py:3239} INFO - Sync 1 DAGs
[2024-11-08T14:40:05.367+0000] {logging_mixin.py:190} INFO - [2024-11-08T14:40:05.367+0000] {dag.py:4180} INFO - Setting next_dagrun for example_skip_dag to 2024-11-07 00:00:00+00:00, run_after=2024-11-08 00:00:00+00:00
[2024-11-08T14:40:05.468+0000] {processor.py:208} INFO - Processing /home/airflow/.local/lib/python3.12/site-packages/airflow/example_dags/example_skip_dag.py took 0.162 seconds
[2024-11-08T14:40:35.666+0000] {processor.py:186} INFO - Started process (PID=1127) to work on /home/airflow/.local/lib/python3.12/site-packages/airflow/example_dags/example_skip_dag.py
[2024-11-08T14:40:35.667+0000] {processor.py:914} INFO - Processing file /home/airflow/.local/lib/python3.12/site-packages/airflow/example_dags/example_skip_dag.py for tasks to queue
[2024-11-08T14:40:35.670+0000] {logging_mixin.py:190} INFO - [2024-11-08T14:40:35.670+0000] {dagbag.py:588} INFO - Filling up the DagBag from /home/airflow/.local/lib/python3.12/site-packages/airflow/example_dags/example_skip_dag.py
[2024-11-08T14:40:35.680+0000] {processor.py:925} INFO - DAG(s) 'example_skip_dag' retrieved from /home/airflow/.local/lib/python3.12/site-packages/airflow/example_dags/example_skip_dag.py
[2024-11-08T14:40:35.704+0000] {logging_mixin.py:190} INFO - [2024-11-08T14:40:35.704+0000] {dag.py:3239} INFO - Sync 1 DAGs
[2024-11-08T14:40:35.727+0000] {logging_mixin.py:190} INFO - [2024-11-08T14:40:35.727+0000] {dag.py:4180} INFO - Setting next_dagrun for example_skip_dag to 2024-11-07 00:00:00+00:00, run_after=2024-11-08 00:00:00+00:00
[2024-11-08T14:40:35.965+0000] {processor.py:208} INFO - Processing /home/airflow/.local/lib/python3.12/site-packages/airflow/example_dags/example_skip_dag.py took 0.305 seconds
[2024-11-08T14:41:06.033+0000] {processor.py:186} INFO - Started process (PID=1190) to work on /home/airflow/.local/lib/python3.12/site-packages/airflow/example_dags/example_skip_dag.py
[2024-11-08T14:41:06.034+0000] {processor.py:914} INFO - Processing file /home/airflow/.local/lib/python3.12/site-packages/airflow/example_dags/example_skip_dag.py for tasks to queue
[2024-11-08T14:41:06.036+0000] {logging_mixin.py:190} INFO - [2024-11-08T14:41:06.036+0000] {dagbag.py:588} INFO - Filling up the DagBag from /home/airflow/.local/lib/python3.12/site-packages/airflow/example_dags/example_skip_dag.py
[2024-11-08T14:41:06.044+0000] {processor.py:925} INFO - DAG(s) 'example_skip_dag' retrieved from /home/airflow/.local/lib/python3.12/site-packages/airflow/example_dags/example_skip_dag.py
[2024-11-08T14:41:06.064+0000] {logging_mixin.py:190} INFO - [2024-11-08T14:41:06.063+0000] {dag.py:3239} INFO - Sync 1 DAGs
[2024-11-08T14:41:06.086+0000] {logging_mixin.py:190} INFO - [2024-11-08T14:41:06.085+0000] {dag.py:4180} INFO - Setting next_dagrun for example_skip_dag to 2024-11-07 00:00:00+00:00, run_after=2024-11-08 00:00:00+00:00
[2024-11-08T14:41:06.114+0000] {processor.py:208} INFO - Processing /home/airflow/.local/lib/python3.12/site-packages/airflow/example_dags/example_skip_dag.py took 0.086 seconds
[2024-11-08T14:41:37.061+0000] {processor.py:186} INFO - Started process (PID=1253) to work on /home/airflow/.local/lib/python3.12/site-packages/airflow/example_dags/example_skip_dag.py
[2024-11-08T14:41:37.063+0000] {processor.py:914} INFO - Processing file /home/airflow/.local/lib/python3.12/site-packages/airflow/example_dags/example_skip_dag.py for tasks to queue
[2024-11-08T14:41:37.068+0000] {logging_mixin.py:190} INFO - [2024-11-08T14:41:37.067+0000] {dagbag.py:588} INFO - Filling up the DagBag from /home/airflow/.local/lib/python3.12/site-packages/airflow/example_dags/example_skip_dag.py
[2024-11-08T14:41:37.081+0000] {processor.py:925} INFO - DAG(s) 'example_skip_dag' retrieved from /home/airflow/.local/lib/python3.12/site-packages/airflow/example_dags/example_skip_dag.py
[2024-11-08T14:41:37.109+0000] {logging_mixin.py:190} INFO - [2024-11-08T14:41:37.109+0000] {dag.py:3239} INFO - Sync 1 DAGs
[2024-11-08T14:41:37.141+0000] {logging_mixin.py:190} INFO - [2024-11-08T14:41:37.141+0000] {dag.py:4180} INFO - Setting next_dagrun for example_skip_dag to 2024-11-07 00:00:00+00:00, run_after=2024-11-08 00:00:00+00:00
[2024-11-08T14:41:37.174+0000] {processor.py:208} INFO - Processing /home/airflow/.local/lib/python3.12/site-packages/airflow/example_dags/example_skip_dag.py took 0.119 seconds
[2024-11-08T14:42:07.912+0000] {processor.py:186} INFO - Started process (PID=1316) to work on /home/airflow/.local/lib/python3.12/site-packages/airflow/example_dags/example_skip_dag.py
[2024-11-08T14:42:07.913+0000] {processor.py:914} INFO - Processing file /home/airflow/.local/lib/python3.12/site-packages/airflow/example_dags/example_skip_dag.py for tasks to queue
[2024-11-08T14:42:07.915+0000] {logging_mixin.py:190} INFO - [2024-11-08T14:42:07.915+0000] {dagbag.py:588} INFO - Filling up the DagBag from /home/airflow/.local/lib/python3.12/site-packages/airflow/example_dags/example_skip_dag.py
[2024-11-08T14:42:07.923+0000] {processor.py:925} INFO - DAG(s) 'example_skip_dag' retrieved from /home/airflow/.local/lib/python3.12/site-packages/airflow/example_dags/example_skip_dag.py
[2024-11-08T14:42:07.944+0000] {logging_mixin.py:190} INFO - [2024-11-08T14:42:07.944+0000] {dag.py:3239} INFO - Sync 1 DAGs
[2024-11-08T14:42:07.970+0000] {logging_mixin.py:190} INFO - [2024-11-08T14:42:07.970+0000] {dag.py:4180} INFO - Setting next_dagrun for example_skip_dag to 2024-11-07 00:00:00+00:00, run_after=2024-11-08 00:00:00+00:00
[2024-11-08T14:42:08.017+0000] {processor.py:208} INFO - Processing /home/airflow/.local/lib/python3.12/site-packages/airflow/example_dags/example_skip_dag.py took 0.111 seconds
[2024-11-08T14:42:38.395+0000] {processor.py:186} INFO - Started process (PID=1378) to work on /home/airflow/.local/lib/python3.12/site-packages/airflow/example_dags/example_skip_dag.py
[2024-11-08T14:42:38.397+0000] {processor.py:914} INFO - Processing file /home/airflow/.local/lib/python3.12/site-packages/airflow/example_dags/example_skip_dag.py for tasks to queue
[2024-11-08T14:42:38.399+0000] {logging_mixin.py:190} INFO - [2024-11-08T14:42:38.398+0000] {dagbag.py:588} INFO - Filling up the DagBag from /home/airflow/.local/lib/python3.12/site-packages/airflow/example_dags/example_skip_dag.py
[2024-11-08T14:42:38.407+0000] {processor.py:925} INFO - DAG(s) 'example_skip_dag' retrieved from /home/airflow/.local/lib/python3.12/site-packages/airflow/example_dags/example_skip_dag.py
[2024-11-08T14:42:38.428+0000] {logging_mixin.py:190} INFO - [2024-11-08T14:42:38.427+0000] {dag.py:3239} INFO - Sync 1 DAGs
[2024-11-08T14:42:38.449+0000] {logging_mixin.py:190} INFO - [2024-11-08T14:42:38.449+0000] {dag.py:4180} INFO - Setting next_dagrun for example_skip_dag to 2024-11-07 00:00:00+00:00, run_after=2024-11-08 00:00:00+00:00
[2024-11-08T14:42:38.497+0000] {processor.py:208} INFO - Processing /home/airflow/.local/lib/python3.12/site-packages/airflow/example_dags/example_skip_dag.py took 0.108 seconds
[2024-11-08T14:43:09.156+0000] {processor.py:186} INFO - Started process (PID=1441) to work on /home/airflow/.local/lib/python3.12/site-packages/airflow/example_dags/example_skip_dag.py
[2024-11-08T14:43:09.157+0000] {processor.py:914} INFO - Processing file /home/airflow/.local/lib/python3.12/site-packages/airflow/example_dags/example_skip_dag.py for tasks to queue
[2024-11-08T14:43:09.160+0000] {logging_mixin.py:190} INFO - [2024-11-08T14:43:09.159+0000] {dagbag.py:588} INFO - Filling up the DagBag from /home/airflow/.local/lib/python3.12/site-packages/airflow/example_dags/example_skip_dag.py
[2024-11-08T14:43:09.167+0000] {processor.py:925} INFO - DAG(s) 'example_skip_dag' retrieved from /home/airflow/.local/lib/python3.12/site-packages/airflow/example_dags/example_skip_dag.py
[2024-11-08T14:43:09.188+0000] {logging_mixin.py:190} INFO - [2024-11-08T14:43:09.188+0000] {dag.py:3239} INFO - Sync 1 DAGs
[2024-11-08T14:43:09.209+0000] {logging_mixin.py:190} INFO - [2024-11-08T14:43:09.209+0000] {dag.py:4180} INFO - Setting next_dagrun for example_skip_dag to 2024-11-07 00:00:00+00:00, run_after=2024-11-08 00:00:00+00:00
[2024-11-08T14:43:09.258+0000] {processor.py:208} INFO - Processing /home/airflow/.local/lib/python3.12/site-packages/airflow/example_dags/example_skip_dag.py took 0.107 seconds
[2024-11-08T14:43:39.848+0000] {processor.py:186} INFO - Started process (PID=1504) to work on /home/airflow/.local/lib/python3.12/site-packages/airflow/example_dags/example_skip_dag.py
[2024-11-08T14:43:39.849+0000] {processor.py:914} INFO - Processing file /home/airflow/.local/lib/python3.12/site-packages/airflow/example_dags/example_skip_dag.py for tasks to queue
[2024-11-08T14:43:39.851+0000] {logging_mixin.py:190} INFO - [2024-11-08T14:43:39.851+0000] {dagbag.py:588} INFO - Filling up the DagBag from /home/airflow/.local/lib/python3.12/site-packages/airflow/example_dags/example_skip_dag.py
[2024-11-08T14:43:39.860+0000] {processor.py:925} INFO - DAG(s) 'example_skip_dag' retrieved from /home/airflow/.local/lib/python3.12/site-packages/airflow/example_dags/example_skip_dag.py
[2024-11-08T14:43:39.883+0000] {logging_mixin.py:190} INFO - [2024-11-08T14:43:39.883+0000] {dag.py:3239} INFO - Sync 1 DAGs
[2024-11-08T14:43:39.927+0000] {logging_mixin.py:190} INFO - [2024-11-08T14:43:39.926+0000] {dag.py:4180} INFO - Setting next_dagrun for example_skip_dag to 2024-11-07 00:00:00+00:00, run_after=2024-11-08 00:00:00+00:00
[2024-11-08T14:43:39.997+0000] {processor.py:208} INFO - Processing /home/airflow/.local/lib/python3.12/site-packages/airflow/example_dags/example_skip_dag.py took 0.156 seconds
[2024-11-08T14:44:10.116+0000] {processor.py:186} INFO - Started process (PID=1566) to work on /home/airflow/.local/lib/python3.12/site-packages/airflow/example_dags/example_skip_dag.py
[2024-11-08T14:44:10.117+0000] {processor.py:914} INFO - Processing file /home/airflow/.local/lib/python3.12/site-packages/airflow/example_dags/example_skip_dag.py for tasks to queue
[2024-11-08T14:44:10.120+0000] {logging_mixin.py:190} INFO - [2024-11-08T14:44:10.119+0000] {dagbag.py:588} INFO - Filling up the DagBag from /home/airflow/.local/lib/python3.12/site-packages/airflow/example_dags/example_skip_dag.py
[2024-11-08T14:44:10.127+0000] {processor.py:925} INFO - DAG(s) 'example_skip_dag' retrieved from /home/airflow/.local/lib/python3.12/site-packages/airflow/example_dags/example_skip_dag.py
[2024-11-08T14:44:10.147+0000] {logging_mixin.py:190} INFO - [2024-11-08T14:44:10.147+0000] {dag.py:3239} INFO - Sync 1 DAGs
[2024-11-08T14:44:10.169+0000] {logging_mixin.py:190} INFO - [2024-11-08T14:44:10.169+0000] {dag.py:4180} INFO - Setting next_dagrun for example_skip_dag to 2024-11-07 00:00:00+00:00, run_after=2024-11-08 00:00:00+00:00
[2024-11-08T14:44:10.735+0000] {processor.py:208} INFO - Processing /home/airflow/.local/lib/python3.12/site-packages/airflow/example_dags/example_skip_dag.py took 0.624 seconds
[2024-11-08T14:44:41.408+0000] {processor.py:186} INFO - Started process (PID=1629) to work on /home/airflow/.local/lib/python3.12/site-packages/airflow/example_dags/example_skip_dag.py
[2024-11-08T14:44:41.410+0000] {processor.py:914} INFO - Processing file /home/airflow/.local/lib/python3.12/site-packages/airflow/example_dags/example_skip_dag.py for tasks to queue
[2024-11-08T14:44:41.414+0000] {logging_mixin.py:190} INFO - [2024-11-08T14:44:41.413+0000] {dagbag.py:588} INFO - Filling up the DagBag from /home/airflow/.local/lib/python3.12/site-packages/airflow/example_dags/example_skip_dag.py
[2024-11-08T14:44:41.425+0000] {processor.py:925} INFO - DAG(s) 'example_skip_dag' retrieved from /home/airflow/.local/lib/python3.12/site-packages/airflow/example_dags/example_skip_dag.py
[2024-11-08T14:44:41.448+0000] {logging_mixin.py:190} INFO - [2024-11-08T14:44:41.447+0000] {dag.py:3239} INFO - Sync 1 DAGs
[2024-11-08T14:44:41.475+0000] {logging_mixin.py:190} INFO - [2024-11-08T14:44:41.474+0000] {dag.py:4180} INFO - Setting next_dagrun for example_skip_dag to 2024-11-07 00:00:00+00:00, run_after=2024-11-08 00:00:00+00:00
[2024-11-08T14:44:41.497+0000] {processor.py:208} INFO - Processing /home/airflow/.local/lib/python3.12/site-packages/airflow/example_dags/example_skip_dag.py took 0.100 seconds
[2024-11-08T14:45:13.227+0000] {processor.py:186} INFO - Started process (PID=1693) to work on /home/airflow/.local/lib/python3.12/site-packages/airflow/example_dags/example_skip_dag.py
[2024-11-08T14:45:13.230+0000] {processor.py:914} INFO - Processing file /home/airflow/.local/lib/python3.12/site-packages/airflow/example_dags/example_skip_dag.py for tasks to queue
[2024-11-08T14:45:13.244+0000] {logging_mixin.py:190} INFO - [2024-11-08T14:45:13.243+0000] {dagbag.py:588} INFO - Filling up the DagBag from /home/airflow/.local/lib/python3.12/site-packages/airflow/example_dags/example_skip_dag.py
[2024-11-08T14:45:13.271+0000] {processor.py:925} INFO - DAG(s) 'example_skip_dag' retrieved from /home/airflow/.local/lib/python3.12/site-packages/airflow/example_dags/example_skip_dag.py
[2024-11-08T14:45:13.315+0000] {logging_mixin.py:190} INFO - [2024-11-08T14:45:13.315+0000] {dag.py:3239} INFO - Sync 1 DAGs
[2024-11-08T14:45:13.350+0000] {logging_mixin.py:190} INFO - [2024-11-08T14:45:13.350+0000] {dag.py:4180} INFO - Setting next_dagrun for example_skip_dag to 2024-11-07 00:00:00+00:00, run_after=2024-11-08 00:00:00+00:00
[2024-11-08T14:45:13.826+0000] {processor.py:208} INFO - Processing /home/airflow/.local/lib/python3.12/site-packages/airflow/example_dags/example_skip_dag.py took 0.610 seconds
[2024-11-08T14:45:45.099+0000] {processor.py:186} INFO - Started process (PID=1756) to work on /home/airflow/.local/lib/python3.12/site-packages/airflow/example_dags/example_skip_dag.py
[2024-11-08T14:45:45.101+0000] {processor.py:914} INFO - Processing file /home/airflow/.local/lib/python3.12/site-packages/airflow/example_dags/example_skip_dag.py for tasks to queue
[2024-11-08T14:45:45.105+0000] {logging_mixin.py:190} INFO - [2024-11-08T14:45:45.104+0000] {dagbag.py:588} INFO - Filling up the DagBag from /home/airflow/.local/lib/python3.12/site-packages/airflow/example_dags/example_skip_dag.py
[2024-11-08T14:45:45.119+0000] {processor.py:925} INFO - DAG(s) 'example_skip_dag' retrieved from /home/airflow/.local/lib/python3.12/site-packages/airflow/example_dags/example_skip_dag.py
[2024-11-08T14:45:45.142+0000] {logging_mixin.py:190} INFO - [2024-11-08T14:45:45.142+0000] {dag.py:3239} INFO - Sync 1 DAGs
[2024-11-08T14:45:45.165+0000] {logging_mixin.py:190} INFO - [2024-11-08T14:45:45.164+0000] {dag.py:4180} INFO - Setting next_dagrun for example_skip_dag to 2024-11-07 00:00:00+00:00, run_after=2024-11-08 00:00:00+00:00
[2024-11-08T14:45:45.192+0000] {processor.py:208} INFO - Processing /home/airflow/.local/lib/python3.12/site-packages/airflow/example_dags/example_skip_dag.py took 0.105 seconds
[2024-11-08T14:46:15.896+0000] {processor.py:186} INFO - Started process (PID=1819) to work on /home/airflow/.local/lib/python3.12/site-packages/airflow/example_dags/example_skip_dag.py
[2024-11-08T14:46:15.897+0000] {processor.py:914} INFO - Processing file /home/airflow/.local/lib/python3.12/site-packages/airflow/example_dags/example_skip_dag.py for tasks to queue
[2024-11-08T14:46:15.899+0000] {logging_mixin.py:190} INFO - [2024-11-08T14:46:15.899+0000] {dagbag.py:588} INFO - Filling up the DagBag from /home/airflow/.local/lib/python3.12/site-packages/airflow/example_dags/example_skip_dag.py
[2024-11-08T14:46:15.907+0000] {processor.py:925} INFO - DAG(s) 'example_skip_dag' retrieved from /home/airflow/.local/lib/python3.12/site-packages/airflow/example_dags/example_skip_dag.py
[2024-11-08T14:46:15.930+0000] {logging_mixin.py:190} INFO - [2024-11-08T14:46:15.930+0000] {dag.py:3239} INFO - Sync 1 DAGs
[2024-11-08T14:46:15.953+0000] {logging_mixin.py:190} INFO - [2024-11-08T14:46:15.953+0000] {dag.py:4180} INFO - Setting next_dagrun for example_skip_dag to 2024-11-07 00:00:00+00:00, run_after=2024-11-08 00:00:00+00:00
[2024-11-08T14:46:15.976+0000] {processor.py:208} INFO - Processing /home/airflow/.local/lib/python3.12/site-packages/airflow/example_dags/example_skip_dag.py took 0.086 seconds
[2024-11-08T14:46:47.121+0000] {processor.py:186} INFO - Started process (PID=1882) to work on /home/airflow/.local/lib/python3.12/site-packages/airflow/example_dags/example_skip_dag.py
[2024-11-08T14:46:47.123+0000] {processor.py:914} INFO - Processing file /home/airflow/.local/lib/python3.12/site-packages/airflow/example_dags/example_skip_dag.py for tasks to queue
[2024-11-08T14:46:47.125+0000] {logging_mixin.py:190} INFO - [2024-11-08T14:46:47.125+0000] {dagbag.py:588} INFO - Filling up the DagBag from /home/airflow/.local/lib/python3.12/site-packages/airflow/example_dags/example_skip_dag.py
[2024-11-08T14:46:47.135+0000] {processor.py:925} INFO - DAG(s) 'example_skip_dag' retrieved from /home/airflow/.local/lib/python3.12/site-packages/airflow/example_dags/example_skip_dag.py
[2024-11-08T14:46:47.158+0000] {logging_mixin.py:190} INFO - [2024-11-08T14:46:47.158+0000] {dag.py:3239} INFO - Sync 1 DAGs
[2024-11-08T14:46:47.182+0000] {logging_mixin.py:190} INFO - [2024-11-08T14:46:47.182+0000] {dag.py:4180} INFO - Setting next_dagrun for example_skip_dag to 2024-11-07 00:00:00+00:00, run_after=2024-11-08 00:00:00+00:00
[2024-11-08T14:46:47.212+0000] {processor.py:208} INFO - Processing /home/airflow/.local/lib/python3.12/site-packages/airflow/example_dags/example_skip_dag.py took 0.096 seconds
[2024-11-08T14:47:18.225+0000] {processor.py:186} INFO - Started process (PID=1946) to work on /home/airflow/.local/lib/python3.12/site-packages/airflow/example_dags/example_skip_dag.py
[2024-11-08T14:47:18.227+0000] {processor.py:914} INFO - Processing file /home/airflow/.local/lib/python3.12/site-packages/airflow/example_dags/example_skip_dag.py for tasks to queue
[2024-11-08T14:47:18.229+0000] {logging_mixin.py:190} INFO - [2024-11-08T14:47:18.229+0000] {dagbag.py:588} INFO - Filling up the DagBag from /home/airflow/.local/lib/python3.12/site-packages/airflow/example_dags/example_skip_dag.py
[2024-11-08T14:47:18.237+0000] {processor.py:925} INFO - DAG(s) 'example_skip_dag' retrieved from /home/airflow/.local/lib/python3.12/site-packages/airflow/example_dags/example_skip_dag.py
[2024-11-08T14:47:18.260+0000] {logging_mixin.py:190} INFO - [2024-11-08T14:47:18.260+0000] {dag.py:3239} INFO - Sync 1 DAGs
[2024-11-08T14:47:18.284+0000] {logging_mixin.py:190} INFO - [2024-11-08T14:47:18.284+0000] {dag.py:4180} INFO - Setting next_dagrun for example_skip_dag to 2024-11-07 00:00:00+00:00, run_after=2024-11-08 00:00:00+00:00
[2024-11-08T14:47:18.324+0000] {processor.py:208} INFO - Processing /home/airflow/.local/lib/python3.12/site-packages/airflow/example_dags/example_skip_dag.py took 0.105 seconds
[2024-11-08T14:47:50.462+0000] {processor.py:186} INFO - Started process (PID=2010) to work on /home/airflow/.local/lib/python3.12/site-packages/airflow/example_dags/example_skip_dag.py
[2024-11-08T14:47:50.463+0000] {processor.py:914} INFO - Processing file /home/airflow/.local/lib/python3.12/site-packages/airflow/example_dags/example_skip_dag.py for tasks to queue
[2024-11-08T14:47:50.467+0000] {logging_mixin.py:190} INFO - [2024-11-08T14:47:50.467+0000] {dagbag.py:588} INFO - Filling up the DagBag from /home/airflow/.local/lib/python3.12/site-packages/airflow/example_dags/example_skip_dag.py
[2024-11-08T14:47:50.475+0000] {processor.py:925} INFO - DAG(s) 'example_skip_dag' retrieved from /home/airflow/.local/lib/python3.12/site-packages/airflow/example_dags/example_skip_dag.py
[2024-11-08T14:47:50.501+0000] {logging_mixin.py:190} INFO - [2024-11-08T14:47:50.500+0000] {dag.py:3239} INFO - Sync 1 DAGs
[2024-11-08T14:47:50.526+0000] {logging_mixin.py:190} INFO - [2024-11-08T14:47:50.526+0000] {dag.py:4180} INFO - Setting next_dagrun for example_skip_dag to 2024-11-07 00:00:00+00:00, run_after=2024-11-08 00:00:00+00:00
[2024-11-08T14:47:51.186+0000] {processor.py:208} INFO - Processing /home/airflow/.local/lib/python3.12/site-packages/airflow/example_dags/example_skip_dag.py took 0.730 seconds
[2024-11-08T14:48:23.026+0000] {processor.py:186} INFO - Started process (PID=2075) to work on /home/airflow/.local/lib/python3.12/site-packages/airflow/example_dags/example_skip_dag.py
[2024-11-08T14:48:23.027+0000] {processor.py:914} INFO - Processing file /home/airflow/.local/lib/python3.12/site-packages/airflow/example_dags/example_skip_dag.py for tasks to queue
[2024-11-08T14:48:23.030+0000] {logging_mixin.py:190} INFO - [2024-11-08T14:48:23.029+0000] {dagbag.py:588} INFO - Filling up the DagBag from /home/airflow/.local/lib/python3.12/site-packages/airflow/example_dags/example_skip_dag.py
[2024-11-08T14:48:23.038+0000] {processor.py:925} INFO - DAG(s) 'example_skip_dag' retrieved from /home/airflow/.local/lib/python3.12/site-packages/airflow/example_dags/example_skip_dag.py
[2024-11-08T14:48:23.059+0000] {logging_mixin.py:190} INFO - [2024-11-08T14:48:23.059+0000] {dag.py:3239} INFO - Sync 1 DAGs
[2024-11-08T14:48:23.082+0000] {logging_mixin.py:190} INFO - [2024-11-08T14:48:23.081+0000] {dag.py:4180} INFO - Setting next_dagrun for example_skip_dag to 2024-11-07 00:00:00+00:00, run_after=2024-11-08 00:00:00+00:00
[2024-11-08T14:48:23.154+0000] {processor.py:208} INFO - Processing /home/airflow/.local/lib/python3.12/site-packages/airflow/example_dags/example_skip_dag.py took 0.135 seconds
[2024-11-08T14:48:53.922+0000] {processor.py:186} INFO - Started process (PID=2138) to work on /home/airflow/.local/lib/python3.12/site-packages/airflow/example_dags/example_skip_dag.py
[2024-11-08T14:48:53.923+0000] {processor.py:914} INFO - Processing file /home/airflow/.local/lib/python3.12/site-packages/airflow/example_dags/example_skip_dag.py for tasks to queue
[2024-11-08T14:48:53.925+0000] {logging_mixin.py:190} INFO - [2024-11-08T14:48:53.925+0000] {dagbag.py:588} INFO - Filling up the DagBag from /home/airflow/.local/lib/python3.12/site-packages/airflow/example_dags/example_skip_dag.py
[2024-11-08T14:48:53.934+0000] {processor.py:925} INFO - DAG(s) 'example_skip_dag' retrieved from /home/airflow/.local/lib/python3.12/site-packages/airflow/example_dags/example_skip_dag.py
[2024-11-08T14:48:53.957+0000] {logging_mixin.py:190} INFO - [2024-11-08T14:48:53.957+0000] {dag.py:3239} INFO - Sync 1 DAGs
[2024-11-08T14:48:53.978+0000] {logging_mixin.py:190} INFO - [2024-11-08T14:48:53.978+0000] {dag.py:4180} INFO - Setting next_dagrun for example_skip_dag to 2024-11-07 00:00:00+00:00, run_after=2024-11-08 00:00:00+00:00
[2024-11-08T14:48:53.999+0000] {processor.py:208} INFO - Processing /home/airflow/.local/lib/python3.12/site-packages/airflow/example_dags/example_skip_dag.py took 0.083 seconds
[2024-11-08T14:49:25.176+0000] {processor.py:186} INFO - Started process (PID=2201) to work on /home/airflow/.local/lib/python3.12/site-packages/airflow/example_dags/example_skip_dag.py
[2024-11-08T14:49:25.177+0000] {processor.py:914} INFO - Processing file /home/airflow/.local/lib/python3.12/site-packages/airflow/example_dags/example_skip_dag.py for tasks to queue
[2024-11-08T14:49:25.180+0000] {logging_mixin.py:190} INFO - [2024-11-08T14:49:25.180+0000] {dagbag.py:588} INFO - Filling up the DagBag from /home/airflow/.local/lib/python3.12/site-packages/airflow/example_dags/example_skip_dag.py
[2024-11-08T14:49:25.188+0000] {processor.py:925} INFO - DAG(s) 'example_skip_dag' retrieved from /home/airflow/.local/lib/python3.12/site-packages/airflow/example_dags/example_skip_dag.py
[2024-11-08T14:49:25.211+0000] {logging_mixin.py:190} INFO - [2024-11-08T14:49:25.211+0000] {dag.py:3239} INFO - Sync 1 DAGs
[2024-11-08T14:49:25.235+0000] {logging_mixin.py:190} INFO - [2024-11-08T14:49:25.234+0000] {dag.py:4180} INFO - Setting next_dagrun for example_skip_dag to 2024-11-07 00:00:00+00:00, run_after=2024-11-08 00:00:00+00:00
[2024-11-08T14:49:25.356+0000] {processor.py:208} INFO - Processing /home/airflow/.local/lib/python3.12/site-packages/airflow/example_dags/example_skip_dag.py took 0.186 seconds
[2024-11-08T14:49:56.774+0000] {processor.py:186} INFO - Started process (PID=2265) to work on /home/airflow/.local/lib/python3.12/site-packages/airflow/example_dags/example_skip_dag.py
[2024-11-08T14:49:56.780+0000] {processor.py:914} INFO - Processing file /home/airflow/.local/lib/python3.12/site-packages/airflow/example_dags/example_skip_dag.py for tasks to queue
[2024-11-08T14:49:56.784+0000] {logging_mixin.py:190} INFO - [2024-11-08T14:49:56.783+0000] {dagbag.py:588} INFO - Filling up the DagBag from /home/airflow/.local/lib/python3.12/site-packages/airflow/example_dags/example_skip_dag.py
[2024-11-08T14:49:56.799+0000] {processor.py:925} INFO - DAG(s) 'example_skip_dag' retrieved from /home/airflow/.local/lib/python3.12/site-packages/airflow/example_dags/example_skip_dag.py
[2024-11-08T14:49:56.833+0000] {logging_mixin.py:190} INFO - [2024-11-08T14:49:56.832+0000] {dag.py:3239} INFO - Sync 1 DAGs
[2024-11-08T14:49:56.873+0000] {logging_mixin.py:190} INFO - [2024-11-08T14:49:56.873+0000] {dag.py:4180} INFO - Setting next_dagrun for example_skip_dag to 2024-11-07 00:00:00+00:00, run_after=2024-11-08 00:00:00+00:00
[2024-11-08T14:49:56.914+0000] {processor.py:208} INFO - Processing /home/airflow/.local/lib/python3.12/site-packages/airflow/example_dags/example_skip_dag.py took 0.147 seconds
[2024-11-08T14:50:28.082+0000] {processor.py:186} INFO - Started process (PID=2335) to work on /home/airflow/.local/lib/python3.12/site-packages/airflow/example_dags/example_skip_dag.py
[2024-11-08T14:50:28.083+0000] {processor.py:914} INFO - Processing file /home/airflow/.local/lib/python3.12/site-packages/airflow/example_dags/example_skip_dag.py for tasks to queue
[2024-11-08T14:50:28.085+0000] {logging_mixin.py:190} INFO - [2024-11-08T14:50:28.085+0000] {dagbag.py:588} INFO - Filling up the DagBag from /home/airflow/.local/lib/python3.12/site-packages/airflow/example_dags/example_skip_dag.py
[2024-11-08T14:50:28.094+0000] {processor.py:925} INFO - DAG(s) 'example_skip_dag' retrieved from /home/airflow/.local/lib/python3.12/site-packages/airflow/example_dags/example_skip_dag.py
[2024-11-08T14:50:28.118+0000] {logging_mixin.py:190} INFO - [2024-11-08T14:50:28.118+0000] {dag.py:3239} INFO - Sync 1 DAGs
[2024-11-08T14:50:28.146+0000] {logging_mixin.py:190} INFO - [2024-11-08T14:50:28.146+0000] {dag.py:4180} INFO - Setting next_dagrun for example_skip_dag to 2024-11-07 00:00:00+00:00, run_after=2024-11-08 00:00:00+00:00
[2024-11-08T14:50:28.346+0000] {processor.py:208} INFO - Processing /home/airflow/.local/lib/python3.12/site-packages/airflow/example_dags/example_skip_dag.py took 0.272 seconds
[2024-11-08T14:50:58.924+0000] {processor.py:186} INFO - Started process (PID=2398) to work on /home/airflow/.local/lib/python3.12/site-packages/airflow/example_dags/example_skip_dag.py
[2024-11-08T14:50:58.925+0000] {processor.py:914} INFO - Processing file /home/airflow/.local/lib/python3.12/site-packages/airflow/example_dags/example_skip_dag.py for tasks to queue
[2024-11-08T14:50:58.927+0000] {logging_mixin.py:190} INFO - [2024-11-08T14:50:58.927+0000] {dagbag.py:588} INFO - Filling up the DagBag from /home/airflow/.local/lib/python3.12/site-packages/airflow/example_dags/example_skip_dag.py
[2024-11-08T14:50:58.936+0000] {processor.py:925} INFO - DAG(s) 'example_skip_dag' retrieved from /home/airflow/.local/lib/python3.12/site-packages/airflow/example_dags/example_skip_dag.py
[2024-11-08T14:50:58.959+0000] {logging_mixin.py:190} INFO - [2024-11-08T14:50:58.959+0000] {dag.py:3239} INFO - Sync 1 DAGs
[2024-11-08T14:50:58.985+0000] {logging_mixin.py:190} INFO - [2024-11-08T14:50:58.984+0000] {dag.py:4180} INFO - Setting next_dagrun for example_skip_dag to 2024-11-07 00:00:00+00:00, run_after=2024-11-08 00:00:00+00:00
[2024-11-08T14:50:59.009+0000] {processor.py:208} INFO - Processing /home/airflow/.local/lib/python3.12/site-packages/airflow/example_dags/example_skip_dag.py took 0.091 seconds
[2024-11-08T14:51:31.208+0000] {processor.py:186} INFO - Started process (PID=2462) to work on /home/airflow/.local/lib/python3.12/site-packages/airflow/example_dags/example_skip_dag.py
[2024-11-08T14:51:31.209+0000] {processor.py:914} INFO - Processing file /home/airflow/.local/lib/python3.12/site-packages/airflow/example_dags/example_skip_dag.py for tasks to queue
[2024-11-08T14:51:31.211+0000] {logging_mixin.py:190} INFO - [2024-11-08T14:51:31.211+0000] {dagbag.py:588} INFO - Filling up the DagBag from /home/airflow/.local/lib/python3.12/site-packages/airflow/example_dags/example_skip_dag.py
[2024-11-08T14:51:31.221+0000] {processor.py:925} INFO - DAG(s) 'example_skip_dag' retrieved from /home/airflow/.local/lib/python3.12/site-packages/airflow/example_dags/example_skip_dag.py
[2024-11-08T14:51:31.246+0000] {logging_mixin.py:190} INFO - [2024-11-08T14:51:31.245+0000] {dag.py:3239} INFO - Sync 1 DAGs
[2024-11-08T14:51:31.269+0000] {logging_mixin.py:190} INFO - [2024-11-08T14:51:31.269+0000] {dag.py:4180} INFO - Setting next_dagrun for example_skip_dag to 2024-11-07 00:00:00+00:00, run_after=2024-11-08 00:00:00+00:00
[2024-11-08T14:51:31.305+0000] {processor.py:208} INFO - Processing /home/airflow/.local/lib/python3.12/site-packages/airflow/example_dags/example_skip_dag.py took 0.103 seconds
[2024-11-08T14:52:02.991+0000] {processor.py:186} INFO - Started process (PID=2525) to work on /home/airflow/.local/lib/python3.12/site-packages/airflow/example_dags/example_skip_dag.py
[2024-11-08T14:52:02.993+0000] {processor.py:914} INFO - Processing file /home/airflow/.local/lib/python3.12/site-packages/airflow/example_dags/example_skip_dag.py for tasks to queue
[2024-11-08T14:52:02.998+0000] {logging_mixin.py:190} INFO - [2024-11-08T14:52:02.997+0000] {dagbag.py:588} INFO - Filling up the DagBag from /home/airflow/.local/lib/python3.12/site-packages/airflow/example_dags/example_skip_dag.py
[2024-11-08T14:52:03.008+0000] {processor.py:925} INFO - DAG(s) 'example_skip_dag' retrieved from /home/airflow/.local/lib/python3.12/site-packages/airflow/example_dags/example_skip_dag.py
[2024-11-08T14:52:03.035+0000] {logging_mixin.py:190} INFO - [2024-11-08T14:52:03.035+0000] {dag.py:3239} INFO - Sync 1 DAGs
[2024-11-08T14:52:03.062+0000] {logging_mixin.py:190} INFO - [2024-11-08T14:52:03.061+0000] {dag.py:4180} INFO - Setting next_dagrun for example_skip_dag to 2024-11-07 00:00:00+00:00, run_after=2024-11-08 00:00:00+00:00
[2024-11-08T14:52:03.117+0000] {processor.py:208} INFO - Processing /home/airflow/.local/lib/python3.12/site-packages/airflow/example_dags/example_skip_dag.py took 0.132 seconds
[2024-11-08T14:52:37.765+0000] {processor.py:186} INFO - Started process (PID=2595) to work on /home/airflow/.local/lib/python3.12/site-packages/airflow/example_dags/example_skip_dag.py
[2024-11-08T14:52:37.767+0000] {processor.py:914} INFO - Processing file /home/airflow/.local/lib/python3.12/site-packages/airflow/example_dags/example_skip_dag.py for tasks to queue
[2024-11-08T14:52:37.770+0000] {logging_mixin.py:190} INFO - [2024-11-08T14:52:37.769+0000] {dagbag.py:588} INFO - Filling up the DagBag from /home/airflow/.local/lib/python3.12/site-packages/airflow/example_dags/example_skip_dag.py
[2024-11-08T14:52:37.781+0000] {processor.py:925} INFO - DAG(s) 'example_skip_dag' retrieved from /home/airflow/.local/lib/python3.12/site-packages/airflow/example_dags/example_skip_dag.py
[2024-11-08T14:52:37.805+0000] {logging_mixin.py:190} INFO - [2024-11-08T14:52:37.805+0000] {dag.py:3239} INFO - Sync 1 DAGs
[2024-11-08T14:52:37.830+0000] {logging_mixin.py:190} INFO - [2024-11-08T14:52:37.830+0000] {dag.py:4180} INFO - Setting next_dagrun for example_skip_dag to 2024-11-07 00:00:00+00:00, run_after=2024-11-08 00:00:00+00:00
[2024-11-08T14:52:37.863+0000] {processor.py:208} INFO - Processing /home/airflow/.local/lib/python3.12/site-packages/airflow/example_dags/example_skip_dag.py took 0.107 seconds
[2024-11-08T14:53:08.873+0000] {processor.py:186} INFO - Started process (PID=2658) to work on /home/airflow/.local/lib/python3.12/site-packages/airflow/example_dags/example_skip_dag.py
[2024-11-08T14:53:08.874+0000] {processor.py:914} INFO - Processing file /home/airflow/.local/lib/python3.12/site-packages/airflow/example_dags/example_skip_dag.py for tasks to queue
[2024-11-08T14:53:08.877+0000] {logging_mixin.py:190} INFO - [2024-11-08T14:53:08.877+0000] {dagbag.py:588} INFO - Filling up the DagBag from /home/airflow/.local/lib/python3.12/site-packages/airflow/example_dags/example_skip_dag.py
[2024-11-08T14:53:08.886+0000] {processor.py:925} INFO - DAG(s) 'example_skip_dag' retrieved from /home/airflow/.local/lib/python3.12/site-packages/airflow/example_dags/example_skip_dag.py
[2024-11-08T14:53:08.909+0000] {logging_mixin.py:190} INFO - [2024-11-08T14:53:08.909+0000] {dag.py:3239} INFO - Sync 1 DAGs
[2024-11-08T14:53:08.933+0000] {logging_mixin.py:190} INFO - [2024-11-08T14:53:08.932+0000] {dag.py:4180} INFO - Setting next_dagrun for example_skip_dag to 2024-11-07 00:00:00+00:00, run_after=2024-11-08 00:00:00+00:00
[2024-11-08T14:53:08.968+0000] {processor.py:208} INFO - Processing /home/airflow/.local/lib/python3.12/site-packages/airflow/example_dags/example_skip_dag.py took 0.101 seconds
[2024-11-08T14:53:40.185+0000] {processor.py:186} INFO - Started process (PID=2721) to work on /home/airflow/.local/lib/python3.12/site-packages/airflow/example_dags/example_skip_dag.py
[2024-11-08T14:53:40.186+0000] {processor.py:914} INFO - Processing file /home/airflow/.local/lib/python3.12/site-packages/airflow/example_dags/example_skip_dag.py for tasks to queue
[2024-11-08T14:53:40.189+0000] {logging_mixin.py:190} INFO - [2024-11-08T14:53:40.189+0000] {dagbag.py:588} INFO - Filling up the DagBag from /home/airflow/.local/lib/python3.12/site-packages/airflow/example_dags/example_skip_dag.py
[2024-11-08T14:53:40.198+0000] {processor.py:925} INFO - DAG(s) 'example_skip_dag' retrieved from /home/airflow/.local/lib/python3.12/site-packages/airflow/example_dags/example_skip_dag.py
[2024-11-08T14:53:40.223+0000] {logging_mixin.py:190} INFO - [2024-11-08T14:53:40.223+0000] {dag.py:3239} INFO - Sync 1 DAGs
[2024-11-08T14:53:40.252+0000] {logging_mixin.py:190} INFO - [2024-11-08T14:53:40.252+0000] {dag.py:4180} INFO - Setting next_dagrun for example_skip_dag to 2024-11-07 00:00:00+00:00, run_after=2024-11-08 00:00:00+00:00
[2024-11-08T14:53:40.305+0000] {processor.py:208} INFO - Processing /home/airflow/.local/lib/python3.12/site-packages/airflow/example_dags/example_skip_dag.py took 0.127 seconds
[2024-11-08T14:54:11.221+0000] {processor.py:186} INFO - Started process (PID=2784) to work on /home/airflow/.local/lib/python3.12/site-packages/airflow/example_dags/example_skip_dag.py
[2024-11-08T14:54:11.222+0000] {processor.py:914} INFO - Processing file /home/airflow/.local/lib/python3.12/site-packages/airflow/example_dags/example_skip_dag.py for tasks to queue
[2024-11-08T14:54:11.225+0000] {logging_mixin.py:190} INFO - [2024-11-08T14:54:11.224+0000] {dagbag.py:588} INFO - Filling up the DagBag from /home/airflow/.local/lib/python3.12/site-packages/airflow/example_dags/example_skip_dag.py
[2024-11-08T14:54:11.232+0000] {processor.py:925} INFO - DAG(s) 'example_skip_dag' retrieved from /home/airflow/.local/lib/python3.12/site-packages/airflow/example_dags/example_skip_dag.py
[2024-11-08T14:54:11.255+0000] {logging_mixin.py:190} INFO - [2024-11-08T14:54:11.255+0000] {dag.py:3239} INFO - Sync 1 DAGs
[2024-11-08T14:54:11.277+0000] {logging_mixin.py:190} INFO - [2024-11-08T14:54:11.277+0000] {dag.py:4180} INFO - Setting next_dagrun for example_skip_dag to 2024-11-07 00:00:00+00:00, run_after=2024-11-08 00:00:00+00:00
[2024-11-08T14:54:11.360+0000] {processor.py:208} INFO - Processing /home/airflow/.local/lib/python3.12/site-packages/airflow/example_dags/example_skip_dag.py took 0.144 seconds
[2024-11-08T14:54:43.574+0000] {processor.py:186} INFO - Started process (PID=2852) to work on /home/airflow/.local/lib/python3.12/site-packages/airflow/example_dags/example_skip_dag.py
[2024-11-08T14:54:43.575+0000] {processor.py:914} INFO - Processing file /home/airflow/.local/lib/python3.12/site-packages/airflow/example_dags/example_skip_dag.py for tasks to queue
[2024-11-08T14:54:43.578+0000] {logging_mixin.py:190} INFO - [2024-11-08T14:54:43.578+0000] {dagbag.py:588} INFO - Filling up the DagBag from /home/airflow/.local/lib/python3.12/site-packages/airflow/example_dags/example_skip_dag.py
[2024-11-08T14:54:43.590+0000] {processor.py:925} INFO - DAG(s) 'example_skip_dag' retrieved from /home/airflow/.local/lib/python3.12/site-packages/airflow/example_dags/example_skip_dag.py
[2024-11-08T14:54:43.619+0000] {logging_mixin.py:190} INFO - [2024-11-08T14:54:43.619+0000] {dag.py:3239} INFO - Sync 1 DAGs
[2024-11-08T14:54:43.655+0000] {logging_mixin.py:190} INFO - [2024-11-08T14:54:43.655+0000] {dag.py:4180} INFO - Setting next_dagrun for example_skip_dag to 2024-11-07 00:00:00+00:00, run_after=2024-11-08 00:00:00+00:00
[2024-11-08T14:54:43.888+0000] {processor.py:208} INFO - Processing /home/airflow/.local/lib/python3.12/site-packages/airflow/example_dags/example_skip_dag.py took 0.320 seconds
[2024-11-08T14:55:16.005+0000] {processor.py:186} INFO - Started process (PID=2920) to work on /home/airflow/.local/lib/python3.12/site-packages/airflow/example_dags/example_skip_dag.py
[2024-11-08T14:55:16.006+0000] {processor.py:914} INFO - Processing file /home/airflow/.local/lib/python3.12/site-packages/airflow/example_dags/example_skip_dag.py for tasks to queue
[2024-11-08T14:55:16.008+0000] {logging_mixin.py:190} INFO - [2024-11-08T14:55:16.008+0000] {dagbag.py:588} INFO - Filling up the DagBag from /home/airflow/.local/lib/python3.12/site-packages/airflow/example_dags/example_skip_dag.py
[2024-11-08T14:55:16.017+0000] {processor.py:925} INFO - DAG(s) 'example_skip_dag' retrieved from /home/airflow/.local/lib/python3.12/site-packages/airflow/example_dags/example_skip_dag.py
[2024-11-08T14:55:16.038+0000] {logging_mixin.py:190} INFO - [2024-11-08T14:55:16.038+0000] {dag.py:3239} INFO - Sync 1 DAGs
[2024-11-08T14:55:16.063+0000] {logging_mixin.py:190} INFO - [2024-11-08T14:55:16.063+0000] {dag.py:4180} INFO - Setting next_dagrun for example_skip_dag to 2024-11-07 00:00:00+00:00, run_after=2024-11-08 00:00:00+00:00
[2024-11-08T14:55:16.086+0000] {processor.py:208} INFO - Processing /home/airflow/.local/lib/python3.12/site-packages/airflow/example_dags/example_skip_dag.py took 0.088 seconds
[2024-11-08T14:55:48.123+0000] {processor.py:186} INFO - Started process (PID=2983) to work on /home/airflow/.local/lib/python3.12/site-packages/airflow/example_dags/example_skip_dag.py
[2024-11-08T14:55:48.124+0000] {processor.py:914} INFO - Processing file /home/airflow/.local/lib/python3.12/site-packages/airflow/example_dags/example_skip_dag.py for tasks to queue
[2024-11-08T14:55:48.130+0000] {logging_mixin.py:190} INFO - [2024-11-08T14:55:48.129+0000] {dagbag.py:588} INFO - Filling up the DagBag from /home/airflow/.local/lib/python3.12/site-packages/airflow/example_dags/example_skip_dag.py
[2024-11-08T14:55:48.139+0000] {processor.py:925} INFO - DAG(s) 'example_skip_dag' retrieved from /home/airflow/.local/lib/python3.12/site-packages/airflow/example_dags/example_skip_dag.py
[2024-11-08T14:55:48.169+0000] {logging_mixin.py:190} INFO - [2024-11-08T14:55:48.169+0000] {dag.py:3239} INFO - Sync 1 DAGs
[2024-11-08T14:55:48.453+0000] {logging_mixin.py:190} INFO - [2024-11-08T14:55:48.453+0000] {dag.py:4180} INFO - Setting next_dagrun for example_skip_dag to 2024-11-07 00:00:00+00:00, run_after=2024-11-08 00:00:00+00:00
[2024-11-08T14:55:48.638+0000] {processor.py:208} INFO - Processing /home/airflow/.local/lib/python3.12/site-packages/airflow/example_dags/example_skip_dag.py took 0.522 seconds
[2024-11-08T14:56:18.824+0000] {processor.py:186} INFO - Started process (PID=3046) to work on /home/airflow/.local/lib/python3.12/site-packages/airflow/example_dags/example_skip_dag.py
[2024-11-08T14:56:18.827+0000] {processor.py:914} INFO - Processing file /home/airflow/.local/lib/python3.12/site-packages/airflow/example_dags/example_skip_dag.py for tasks to queue
[2024-11-08T14:56:18.832+0000] {logging_mixin.py:190} INFO - [2024-11-08T14:56:18.832+0000] {dagbag.py:588} INFO - Filling up the DagBag from /home/airflow/.local/lib/python3.12/site-packages/airflow/example_dags/example_skip_dag.py
[2024-11-08T14:56:18.843+0000] {processor.py:925} INFO - DAG(s) 'example_skip_dag' retrieved from /home/airflow/.local/lib/python3.12/site-packages/airflow/example_dags/example_skip_dag.py
[2024-11-08T14:56:18.872+0000] {logging_mixin.py:190} INFO - [2024-11-08T14:56:18.871+0000] {dag.py:3239} INFO - Sync 1 DAGs
[2024-11-08T14:56:18.916+0000] {logging_mixin.py:190} INFO - [2024-11-08T14:56:18.915+0000] {dag.py:4180} INFO - Setting next_dagrun for example_skip_dag to 2024-11-07 00:00:00+00:00, run_after=2024-11-08 00:00:00+00:00
[2024-11-08T14:56:19.553+0000] {processor.py:208} INFO - Processing /home/airflow/.local/lib/python3.12/site-packages/airflow/example_dags/example_skip_dag.py took 0.737 seconds
[2024-11-08T14:56:50.252+0000] {processor.py:186} INFO - Started process (PID=3109) to work on /home/airflow/.local/lib/python3.12/site-packages/airflow/example_dags/example_skip_dag.py
[2024-11-08T14:56:50.253+0000] {processor.py:914} INFO - Processing file /home/airflow/.local/lib/python3.12/site-packages/airflow/example_dags/example_skip_dag.py for tasks to queue
[2024-11-08T14:56:50.264+0000] {logging_mixin.py:190} INFO - [2024-11-08T14:56:50.264+0000] {dagbag.py:588} INFO - Filling up the DagBag from /home/airflow/.local/lib/python3.12/site-packages/airflow/example_dags/example_skip_dag.py
[2024-11-08T14:56:50.277+0000] {processor.py:925} INFO - DAG(s) 'example_skip_dag' retrieved from /home/airflow/.local/lib/python3.12/site-packages/airflow/example_dags/example_skip_dag.py
[2024-11-08T14:56:50.314+0000] {logging_mixin.py:190} INFO - [2024-11-08T14:56:50.313+0000] {dag.py:3239} INFO - Sync 1 DAGs
[2024-11-08T14:56:50.350+0000] {logging_mixin.py:190} INFO - [2024-11-08T14:56:50.349+0000] {dag.py:4180} INFO - Setting next_dagrun for example_skip_dag to 2024-11-07 00:00:00+00:00, run_after=2024-11-08 00:00:00+00:00
[2024-11-08T14:56:50.494+0000] {processor.py:208} INFO - Processing /home/airflow/.local/lib/python3.12/site-packages/airflow/example_dags/example_skip_dag.py took 0.250 seconds
[2024-11-08T14:57:22.072+0000] {processor.py:186} INFO - Started process (PID=3172) to work on /home/airflow/.local/lib/python3.12/site-packages/airflow/example_dags/example_skip_dag.py
[2024-11-08T14:57:22.078+0000] {processor.py:914} INFO - Processing file /home/airflow/.local/lib/python3.12/site-packages/airflow/example_dags/example_skip_dag.py for tasks to queue
[2024-11-08T14:57:22.080+0000] {logging_mixin.py:190} INFO - [2024-11-08T14:57:22.080+0000] {dagbag.py:588} INFO - Filling up the DagBag from /home/airflow/.local/lib/python3.12/site-packages/airflow/example_dags/example_skip_dag.py
[2024-11-08T14:57:22.089+0000] {processor.py:925} INFO - DAG(s) 'example_skip_dag' retrieved from /home/airflow/.local/lib/python3.12/site-packages/airflow/example_dags/example_skip_dag.py
[2024-11-08T14:57:22.370+0000] {logging_mixin.py:190} INFO - [2024-11-08T14:57:22.369+0000] {dag.py:3239} INFO - Sync 1 DAGs
[2024-11-08T14:57:22.402+0000] {logging_mixin.py:190} INFO - [2024-11-08T14:57:22.402+0000] {dag.py:4180} INFO - Setting next_dagrun for example_skip_dag to 2024-11-07 00:00:00+00:00, run_after=2024-11-08 00:00:00+00:00
[2024-11-08T14:57:22.481+0000] {processor.py:208} INFO - Processing /home/airflow/.local/lib/python3.12/site-packages/airflow/example_dags/example_skip_dag.py took 0.416 seconds
[2024-11-08T14:57:52.990+0000] {processor.py:186} INFO - Started process (PID=3235) to work on /home/airflow/.local/lib/python3.12/site-packages/airflow/example_dags/example_skip_dag.py
[2024-11-08T14:57:52.991+0000] {processor.py:914} INFO - Processing file /home/airflow/.local/lib/python3.12/site-packages/airflow/example_dags/example_skip_dag.py for tasks to queue
[2024-11-08T14:57:52.993+0000] {logging_mixin.py:190} INFO - [2024-11-08T14:57:52.993+0000] {dagbag.py:588} INFO - Filling up the DagBag from /home/airflow/.local/lib/python3.12/site-packages/airflow/example_dags/example_skip_dag.py
[2024-11-08T14:57:53.001+0000] {processor.py:925} INFO - DAG(s) 'example_skip_dag' retrieved from /home/airflow/.local/lib/python3.12/site-packages/airflow/example_dags/example_skip_dag.py
[2024-11-08T14:57:53.021+0000] {logging_mixin.py:190} INFO - [2024-11-08T14:57:53.020+0000] {dag.py:3239} INFO - Sync 1 DAGs
[2024-11-08T14:57:53.042+0000] {logging_mixin.py:190} INFO - [2024-11-08T14:57:53.041+0000] {dag.py:4180} INFO - Setting next_dagrun for example_skip_dag to 2024-11-07 00:00:00+00:00, run_after=2024-11-08 00:00:00+00:00
[2024-11-08T14:57:53.126+0000] {processor.py:208} INFO - Processing /home/airflow/.local/lib/python3.12/site-packages/airflow/example_dags/example_skip_dag.py took 0.142 seconds
[2024-11-08T14:58:23.443+0000] {processor.py:186} INFO - Started process (PID=3299) to work on /home/airflow/.local/lib/python3.12/site-packages/airflow/example_dags/example_skip_dag.py
[2024-11-08T14:58:23.444+0000] {processor.py:914} INFO - Processing file /home/airflow/.local/lib/python3.12/site-packages/airflow/example_dags/example_skip_dag.py for tasks to queue
[2024-11-08T14:58:23.447+0000] {logging_mixin.py:190} INFO - [2024-11-08T14:58:23.446+0000] {dagbag.py:588} INFO - Filling up the DagBag from /home/airflow/.local/lib/python3.12/site-packages/airflow/example_dags/example_skip_dag.py
[2024-11-08T14:58:23.454+0000] {processor.py:925} INFO - DAG(s) 'example_skip_dag' retrieved from /home/airflow/.local/lib/python3.12/site-packages/airflow/example_dags/example_skip_dag.py
[2024-11-08T14:58:23.478+0000] {logging_mixin.py:190} INFO - [2024-11-08T14:58:23.477+0000] {dag.py:3239} INFO - Sync 1 DAGs
[2024-11-08T14:58:23.501+0000] {logging_mixin.py:190} INFO - [2024-11-08T14:58:23.501+0000] {dag.py:4180} INFO - Setting next_dagrun for example_skip_dag to 2024-11-07 00:00:00+00:00, run_after=2024-11-08 00:00:00+00:00
[2024-11-08T14:58:23.772+0000] {processor.py:208} INFO - Processing /home/airflow/.local/lib/python3.12/site-packages/airflow/example_dags/example_skip_dag.py took 0.334 seconds
[2024-11-08T14:58:54.292+0000] {processor.py:186} INFO - Started process (PID=3362) to work on /home/airflow/.local/lib/python3.12/site-packages/airflow/example_dags/example_skip_dag.py
[2024-11-08T14:58:54.293+0000] {processor.py:914} INFO - Processing file /home/airflow/.local/lib/python3.12/site-packages/airflow/example_dags/example_skip_dag.py for tasks to queue
[2024-11-08T14:58:54.296+0000] {logging_mixin.py:190} INFO - [2024-11-08T14:58:54.296+0000] {dagbag.py:588} INFO - Filling up the DagBag from /home/airflow/.local/lib/python3.12/site-packages/airflow/example_dags/example_skip_dag.py
[2024-11-08T14:58:54.304+0000] {processor.py:925} INFO - DAG(s) 'example_skip_dag' retrieved from /home/airflow/.local/lib/python3.12/site-packages/airflow/example_dags/example_skip_dag.py
[2024-11-08T14:58:54.327+0000] {logging_mixin.py:190} INFO - [2024-11-08T14:58:54.327+0000] {dag.py:3239} INFO - Sync 1 DAGs
[2024-11-08T14:58:54.351+0000] {logging_mixin.py:190} INFO - [2024-11-08T14:58:54.351+0000] {dag.py:4180} INFO - Setting next_dagrun for example_skip_dag to 2024-11-07 00:00:00+00:00, run_after=2024-11-08 00:00:00+00:00
[2024-11-08T14:58:54.533+0000] {processor.py:208} INFO - Processing /home/airflow/.local/lib/python3.12/site-packages/airflow/example_dags/example_skip_dag.py took 0.247 seconds
[2024-11-08T14:59:24.740+0000] {processor.py:186} INFO - Started process (PID=3425) to work on /home/airflow/.local/lib/python3.12/site-packages/airflow/example_dags/example_skip_dag.py
[2024-11-08T14:59:24.741+0000] {processor.py:914} INFO - Processing file /home/airflow/.local/lib/python3.12/site-packages/airflow/example_dags/example_skip_dag.py for tasks to queue
[2024-11-08T14:59:24.744+0000] {logging_mixin.py:190} INFO - [2024-11-08T14:59:24.743+0000] {dagbag.py:588} INFO - Filling up the DagBag from /home/airflow/.local/lib/python3.12/site-packages/airflow/example_dags/example_skip_dag.py
[2024-11-08T14:59:24.751+0000] {processor.py:925} INFO - DAG(s) 'example_skip_dag' retrieved from /home/airflow/.local/lib/python3.12/site-packages/airflow/example_dags/example_skip_dag.py
[2024-11-08T14:59:24.773+0000] {logging_mixin.py:190} INFO - [2024-11-08T14:59:24.773+0000] {dag.py:3239} INFO - Sync 1 DAGs
[2024-11-08T14:59:24.796+0000] {logging_mixin.py:190} INFO - [2024-11-08T14:59:24.796+0000] {dag.py:4180} INFO - Setting next_dagrun for example_skip_dag to 2024-11-07 00:00:00+00:00, run_after=2024-11-08 00:00:00+00:00
[2024-11-08T14:59:24.826+0000] {processor.py:208} INFO - Processing /home/airflow/.local/lib/python3.12/site-packages/airflow/example_dags/example_skip_dag.py took 0.092 seconds
[2024-11-08T14:59:55.065+0000] {processor.py:186} INFO - Started process (PID=3487) to work on /home/airflow/.local/lib/python3.12/site-packages/airflow/example_dags/example_skip_dag.py
[2024-11-08T14:59:55.066+0000] {processor.py:914} INFO - Processing file /home/airflow/.local/lib/python3.12/site-packages/airflow/example_dags/example_skip_dag.py for tasks to queue
[2024-11-08T14:59:55.069+0000] {logging_mixin.py:190} INFO - [2024-11-08T14:59:55.068+0000] {dagbag.py:588} INFO - Filling up the DagBag from /home/airflow/.local/lib/python3.12/site-packages/airflow/example_dags/example_skip_dag.py
[2024-11-08T14:59:55.077+0000] {processor.py:925} INFO - DAG(s) 'example_skip_dag' retrieved from /home/airflow/.local/lib/python3.12/site-packages/airflow/example_dags/example_skip_dag.py
[2024-11-08T14:59:55.101+0000] {logging_mixin.py:190} INFO - [2024-11-08T14:59:55.101+0000] {dag.py:3239} INFO - Sync 1 DAGs
[2024-11-08T14:59:55.125+0000] {logging_mixin.py:190} INFO - [2024-11-08T14:59:55.124+0000] {dag.py:4180} INFO - Setting next_dagrun for example_skip_dag to 2024-11-07 00:00:00+00:00, run_after=2024-11-08 00:00:00+00:00
[2024-11-08T14:59:55.195+0000] {processor.py:208} INFO - Processing /home/airflow/.local/lib/python3.12/site-packages/airflow/example_dags/example_skip_dag.py took 0.135 seconds
[2024-11-08T15:00:25.616+0000] {processor.py:186} INFO - Started process (PID=3550) to work on /home/airflow/.local/lib/python3.12/site-packages/airflow/example_dags/example_skip_dag.py
[2024-11-08T15:00:25.618+0000] {processor.py:914} INFO - Processing file /home/airflow/.local/lib/python3.12/site-packages/airflow/example_dags/example_skip_dag.py for tasks to queue
[2024-11-08T15:00:25.621+0000] {logging_mixin.py:190} INFO - [2024-11-08T15:00:25.620+0000] {dagbag.py:588} INFO - Filling up the DagBag from /home/airflow/.local/lib/python3.12/site-packages/airflow/example_dags/example_skip_dag.py
[2024-11-08T15:00:25.630+0000] {processor.py:925} INFO - DAG(s) 'example_skip_dag' retrieved from /home/airflow/.local/lib/python3.12/site-packages/airflow/example_dags/example_skip_dag.py
[2024-11-08T15:00:25.653+0000] {logging_mixin.py:190} INFO - [2024-11-08T15:00:25.653+0000] {dag.py:3239} INFO - Sync 1 DAGs
[2024-11-08T15:00:25.677+0000] {logging_mixin.py:190} INFO - [2024-11-08T15:00:25.677+0000] {dag.py:4180} INFO - Setting next_dagrun for example_skip_dag to 2024-11-07 00:00:00+00:00, run_after=2024-11-08 00:00:00+00:00
[2024-11-08T15:00:25.768+0000] {processor.py:208} INFO - Processing /home/airflow/.local/lib/python3.12/site-packages/airflow/example_dags/example_skip_dag.py took 0.160 seconds
[2024-11-08T15:00:56.426+0000] {processor.py:186} INFO - Started process (PID=3613) to work on /home/airflow/.local/lib/python3.12/site-packages/airflow/example_dags/example_skip_dag.py
[2024-11-08T15:00:56.427+0000] {processor.py:914} INFO - Processing file /home/airflow/.local/lib/python3.12/site-packages/airflow/example_dags/example_skip_dag.py for tasks to queue
[2024-11-08T15:00:56.430+0000] {logging_mixin.py:190} INFO - [2024-11-08T15:00:56.429+0000] {dagbag.py:588} INFO - Filling up the DagBag from /home/airflow/.local/lib/python3.12/site-packages/airflow/example_dags/example_skip_dag.py
[2024-11-08T15:00:56.438+0000] {processor.py:925} INFO - DAG(s) 'example_skip_dag' retrieved from /home/airflow/.local/lib/python3.12/site-packages/airflow/example_dags/example_skip_dag.py
[2024-11-08T15:00:56.460+0000] {logging_mixin.py:190} INFO - [2024-11-08T15:00:56.460+0000] {dag.py:3239} INFO - Sync 1 DAGs
[2024-11-08T15:00:56.484+0000] {logging_mixin.py:190} INFO - [2024-11-08T15:00:56.484+0000] {dag.py:4180} INFO - Setting next_dagrun for example_skip_dag to 2024-11-07 00:00:00+00:00, run_after=2024-11-08 00:00:00+00:00
[2024-11-08T15:00:56.593+0000] {processor.py:208} INFO - Processing /home/airflow/.local/lib/python3.12/site-packages/airflow/example_dags/example_skip_dag.py took 0.173 seconds
[2024-11-08T15:01:27.041+0000] {processor.py:186} INFO - Started process (PID=3675) to work on /home/airflow/.local/lib/python3.12/site-packages/airflow/example_dags/example_skip_dag.py
[2024-11-08T15:01:27.043+0000] {processor.py:914} INFO - Processing file /home/airflow/.local/lib/python3.12/site-packages/airflow/example_dags/example_skip_dag.py for tasks to queue
[2024-11-08T15:01:27.046+0000] {logging_mixin.py:190} INFO - [2024-11-08T15:01:27.045+0000] {dagbag.py:588} INFO - Filling up the DagBag from /home/airflow/.local/lib/python3.12/site-packages/airflow/example_dags/example_skip_dag.py
[2024-11-08T15:01:27.057+0000] {processor.py:925} INFO - DAG(s) 'example_skip_dag' retrieved from /home/airflow/.local/lib/python3.12/site-packages/airflow/example_dags/example_skip_dag.py
[2024-11-08T15:01:27.085+0000] {logging_mixin.py:190} INFO - [2024-11-08T15:01:27.085+0000] {dag.py:3239} INFO - Sync 1 DAGs
[2024-11-08T15:01:27.115+0000] {logging_mixin.py:190} INFO - [2024-11-08T15:01:27.115+0000] {dag.py:4180} INFO - Setting next_dagrun for example_skip_dag to 2024-11-07 00:00:00+00:00, run_after=2024-11-08 00:00:00+00:00
[2024-11-08T15:01:27.158+0000] {processor.py:208} INFO - Processing /home/airflow/.local/lib/python3.12/site-packages/airflow/example_dags/example_skip_dag.py took 0.123 seconds
