[2024-11-08T14:32:05.807+0000] {processor.py:186} INFO - Started process (PID=82) to work on /home/airflow/.local/lib/python3.12/site-packages/airflow/example_dags/example_external_task_marker_dag.py
[2024-11-08T14:32:05.808+0000] {processor.py:914} INFO - Processing file /home/airflow/.local/lib/python3.12/site-packages/airflow/example_dags/example_external_task_marker_dag.py for tasks to queue
[2024-11-08T14:32:05.810+0000] {logging_mixin.py:190} INFO - [2024-11-08T14:32:05.810+0000] {dagbag.py:588} INFO - Filling up the DagBag from /home/airflow/.local/lib/python3.12/site-packages/airflow/example_dags/example_external_task_marker_dag.py
[2024-11-08T14:32:05.820+0000] {processor.py:925} INFO - DAG(s) 'example_external_task_marker_child', 'example_external_task_marker_parent' retrieved from /home/airflow/.local/lib/python3.12/site-packages/airflow/example_dags/example_external_task_marker_dag.py
[2024-11-08T14:32:05.955+0000] {logging_mixin.py:190} INFO - [2024-11-08T14:32:05.954+0000] {override.py:1911} INFO - Created Permission View: can delete on DAG:example_external_task_marker_child
[2024-11-08T14:32:05.973+0000] {logging_mixin.py:190} INFO - [2024-11-08T14:32:05.973+0000] {override.py:1911} INFO - Created Permission View: can edit on DAG:example_external_task_marker_child
[2024-11-08T14:32:05.983+0000] {logging_mixin.py:190} INFO - [2024-11-08T14:32:05.983+0000] {override.py:1911} INFO - Created Permission View: can read on DAG:example_external_task_marker_child
[2024-11-08T14:32:06.003+0000] {logging_mixin.py:190} INFO - [2024-11-08T14:32:06.002+0000] {override.py:1911} INFO - Created Permission View: can create on DAG Run:example_external_task_marker_child
[2024-11-08T14:32:06.019+0000] {logging_mixin.py:190} INFO - [2024-11-08T14:32:06.018+0000] {override.py:1911} INFO - Created Permission View: menu access on DAG Run:example_external_task_marker_child
[2024-11-08T14:32:06.029+0000] {logging_mixin.py:190} INFO - [2024-11-08T14:32:06.029+0000] {override.py:1911} INFO - Created Permission View: can delete on DAG Run:example_external_task_marker_child
[2024-11-08T14:32:06.041+0000] {logging_mixin.py:190} INFO - [2024-11-08T14:32:06.041+0000] {override.py:1911} INFO - Created Permission View: can read on DAG Run:example_external_task_marker_child
[2024-11-08T14:32:06.075+0000] {logging_mixin.py:190} INFO - [2024-11-08T14:32:06.075+0000] {override.py:1911} INFO - Created Permission View: can delete on DAG:example_external_task_marker_parent
[2024-11-08T14:32:06.092+0000] {logging_mixin.py:190} INFO - [2024-11-08T14:32:06.092+0000] {override.py:1911} INFO - Created Permission View: can edit on DAG:example_external_task_marker_parent
[2024-11-08T14:32:06.102+0000] {logging_mixin.py:190} INFO - [2024-11-08T14:32:06.102+0000] {override.py:1911} INFO - Created Permission View: can read on DAG:example_external_task_marker_parent
[2024-11-08T14:32:06.117+0000] {logging_mixin.py:190} INFO - [2024-11-08T14:32:06.117+0000] {override.py:1911} INFO - Created Permission View: can create on DAG Run:example_external_task_marker_parent
[2024-11-08T14:32:06.128+0000] {logging_mixin.py:190} INFO - [2024-11-08T14:32:06.127+0000] {override.py:1911} INFO - Created Permission View: menu access on DAG Run:example_external_task_marker_parent
[2024-11-08T14:32:06.141+0000] {logging_mixin.py:190} INFO - [2024-11-08T14:32:06.140+0000] {override.py:1911} INFO - Created Permission View: can delete on DAG Run:example_external_task_marker_parent
[2024-11-08T14:32:06.151+0000] {logging_mixin.py:190} INFO - [2024-11-08T14:32:06.150+0000] {override.py:1911} INFO - Created Permission View: can read on DAG Run:example_external_task_marker_parent
[2024-11-08T14:32:06.152+0000] {logging_mixin.py:190} INFO - [2024-11-08T14:32:06.151+0000] {dag.py:3239} INFO - Sync 2 DAGs
[2024-11-08T14:32:06.167+0000] {logging_mixin.py:190} INFO - [2024-11-08T14:32:06.167+0000] {dag.py:3262} INFO - Creating ORM DAG for example_external_task_marker_child
[2024-11-08T14:32:06.169+0000] {logging_mixin.py:190} INFO - [2024-11-08T14:32:06.168+0000] {dag.py:3262} INFO - Creating ORM DAG for example_external_task_marker_parent
[2024-11-08T14:32:06.170+0000] {logging_mixin.py:190} INFO - [2024-11-08T14:32:06.169+0000] {dag.py:4180} INFO - Setting next_dagrun for example_external_task_marker_child to None, run_after=None
[2024-11-08T14:32:06.171+0000] {logging_mixin.py:190} INFO - [2024-11-08T14:32:06.170+0000] {dag.py:4180} INFO - Setting next_dagrun for example_external_task_marker_parent to None, run_after=None
[2024-11-08T14:32:06.196+0000] {processor.py:208} INFO - Processing /home/airflow/.local/lib/python3.12/site-packages/airflow/example_dags/example_external_task_marker_dag.py took 0.395 seconds
[2024-11-08T14:32:38.908+0000] {processor.py:186} INFO - Started process (PID=145) to work on /home/airflow/.local/lib/python3.12/site-packages/airflow/example_dags/example_external_task_marker_dag.py
[2024-11-08T14:32:38.910+0000] {processor.py:914} INFO - Processing file /home/airflow/.local/lib/python3.12/site-packages/airflow/example_dags/example_external_task_marker_dag.py for tasks to queue
[2024-11-08T14:32:38.913+0000] {logging_mixin.py:190} INFO - [2024-11-08T14:32:38.912+0000] {dagbag.py:588} INFO - Filling up the DagBag from /home/airflow/.local/lib/python3.12/site-packages/airflow/example_dags/example_external_task_marker_dag.py
[2024-11-08T14:32:38.922+0000] {processor.py:925} INFO - DAG(s) 'example_external_task_marker_child', 'example_external_task_marker_parent' retrieved from /home/airflow/.local/lib/python3.12/site-packages/airflow/example_dags/example_external_task_marker_dag.py
[2024-11-08T14:32:38.946+0000] {logging_mixin.py:190} INFO - [2024-11-08T14:32:38.946+0000] {dag.py:3239} INFO - Sync 2 DAGs
[2024-11-08T14:32:38.962+0000] {logging_mixin.py:190} INFO - [2024-11-08T14:32:38.962+0000] {dag.py:4180} INFO - Setting next_dagrun for example_external_task_marker_child to None, run_after=None
[2024-11-08T14:32:38.967+0000] {logging_mixin.py:190} INFO - [2024-11-08T14:32:38.966+0000] {dag.py:4180} INFO - Setting next_dagrun for example_external_task_marker_parent to None, run_after=None
[2024-11-08T14:32:38.989+0000] {processor.py:208} INFO - Processing /home/airflow/.local/lib/python3.12/site-packages/airflow/example_dags/example_external_task_marker_dag.py took 0.087 seconds
[2024-11-08T14:33:10.160+0000] {processor.py:186} INFO - Started process (PID=208) to work on /home/airflow/.local/lib/python3.12/site-packages/airflow/example_dags/example_external_task_marker_dag.py
[2024-11-08T14:33:10.161+0000] {processor.py:914} INFO - Processing file /home/airflow/.local/lib/python3.12/site-packages/airflow/example_dags/example_external_task_marker_dag.py for tasks to queue
[2024-11-08T14:33:10.164+0000] {logging_mixin.py:190} INFO - [2024-11-08T14:33:10.164+0000] {dagbag.py:588} INFO - Filling up the DagBag from /home/airflow/.local/lib/python3.12/site-packages/airflow/example_dags/example_external_task_marker_dag.py
[2024-11-08T14:33:10.173+0000] {processor.py:925} INFO - DAG(s) 'example_external_task_marker_child', 'example_external_task_marker_parent' retrieved from /home/airflow/.local/lib/python3.12/site-packages/airflow/example_dags/example_external_task_marker_dag.py
[2024-11-08T14:33:10.201+0000] {logging_mixin.py:190} INFO - [2024-11-08T14:33:10.200+0000] {dag.py:3239} INFO - Sync 2 DAGs
[2024-11-08T14:33:10.219+0000] {logging_mixin.py:190} INFO - [2024-11-08T14:33:10.219+0000] {dag.py:4180} INFO - Setting next_dagrun for example_external_task_marker_child to None, run_after=None
[2024-11-08T14:33:10.224+0000] {logging_mixin.py:190} INFO - [2024-11-08T14:33:10.224+0000] {dag.py:4180} INFO - Setting next_dagrun for example_external_task_marker_parent to None, run_after=None
[2024-11-08T14:33:10.247+0000] {processor.py:208} INFO - Processing /home/airflow/.local/lib/python3.12/site-packages/airflow/example_dags/example_external_task_marker_dag.py took 0.093 seconds
[2024-11-08T14:33:42.482+0000] {processor.py:186} INFO - Started process (PID=271) to work on /home/airflow/.local/lib/python3.12/site-packages/airflow/example_dags/example_external_task_marker_dag.py
[2024-11-08T14:33:42.484+0000] {processor.py:914} INFO - Processing file /home/airflow/.local/lib/python3.12/site-packages/airflow/example_dags/example_external_task_marker_dag.py for tasks to queue
[2024-11-08T14:33:42.486+0000] {logging_mixin.py:190} INFO - [2024-11-08T14:33:42.486+0000] {dagbag.py:588} INFO - Filling up the DagBag from /home/airflow/.local/lib/python3.12/site-packages/airflow/example_dags/example_external_task_marker_dag.py
[2024-11-08T14:33:42.495+0000] {processor.py:925} INFO - DAG(s) 'example_external_task_marker_child', 'example_external_task_marker_parent' retrieved from /home/airflow/.local/lib/python3.12/site-packages/airflow/example_dags/example_external_task_marker_dag.py
[2024-11-08T14:33:42.550+0000] {logging_mixin.py:190} INFO - [2024-11-08T14:33:42.550+0000] {dag.py:3239} INFO - Sync 2 DAGs
[2024-11-08T14:33:42.567+0000] {logging_mixin.py:190} INFO - [2024-11-08T14:33:42.567+0000] {dag.py:4180} INFO - Setting next_dagrun for example_external_task_marker_child to None, run_after=None
[2024-11-08T14:33:42.571+0000] {logging_mixin.py:190} INFO - [2024-11-08T14:33:42.571+0000] {dag.py:4180} INFO - Setting next_dagrun for example_external_task_marker_parent to None, run_after=None
[2024-11-08T14:33:42.592+0000] {processor.py:208} INFO - Processing /home/airflow/.local/lib/python3.12/site-packages/airflow/example_dags/example_external_task_marker_dag.py took 0.115 seconds
[2024-11-08T14:34:13.709+0000] {processor.py:186} INFO - Started process (PID=334) to work on /home/airflow/.local/lib/python3.12/site-packages/airflow/example_dags/example_external_task_marker_dag.py
[2024-11-08T14:34:13.711+0000] {processor.py:914} INFO - Processing file /home/airflow/.local/lib/python3.12/site-packages/airflow/example_dags/example_external_task_marker_dag.py for tasks to queue
[2024-11-08T14:34:13.714+0000] {logging_mixin.py:190} INFO - [2024-11-08T14:34:13.713+0000] {dagbag.py:588} INFO - Filling up the DagBag from /home/airflow/.local/lib/python3.12/site-packages/airflow/example_dags/example_external_task_marker_dag.py
[2024-11-08T14:34:13.725+0000] {processor.py:925} INFO - DAG(s) 'example_external_task_marker_child', 'example_external_task_marker_parent' retrieved from /home/airflow/.local/lib/python3.12/site-packages/airflow/example_dags/example_external_task_marker_dag.py
[2024-11-08T14:34:13.752+0000] {logging_mixin.py:190} INFO - [2024-11-08T14:34:13.752+0000] {dag.py:3239} INFO - Sync 2 DAGs
[2024-11-08T14:34:13.770+0000] {logging_mixin.py:190} INFO - [2024-11-08T14:34:13.770+0000] {dag.py:4180} INFO - Setting next_dagrun for example_external_task_marker_child to None, run_after=None
[2024-11-08T14:34:13.776+0000] {logging_mixin.py:190} INFO - [2024-11-08T14:34:13.775+0000] {dag.py:4180} INFO - Setting next_dagrun for example_external_task_marker_parent to None, run_after=None
[2024-11-08T14:34:13.804+0000] {processor.py:208} INFO - Processing /home/airflow/.local/lib/python3.12/site-packages/airflow/example_dags/example_external_task_marker_dag.py took 0.102 seconds
[2024-11-08T14:34:44.710+0000] {processor.py:186} INFO - Started process (PID=397) to work on /home/airflow/.local/lib/python3.12/site-packages/airflow/example_dags/example_external_task_marker_dag.py
[2024-11-08T14:34:44.711+0000] {processor.py:914} INFO - Processing file /home/airflow/.local/lib/python3.12/site-packages/airflow/example_dags/example_external_task_marker_dag.py for tasks to queue
[2024-11-08T14:34:44.714+0000] {logging_mixin.py:190} INFO - [2024-11-08T14:34:44.713+0000] {dagbag.py:588} INFO - Filling up the DagBag from /home/airflow/.local/lib/python3.12/site-packages/airflow/example_dags/example_external_task_marker_dag.py
[2024-11-08T14:34:44.722+0000] {processor.py:925} INFO - DAG(s) 'example_external_task_marker_child', 'example_external_task_marker_parent' retrieved from /home/airflow/.local/lib/python3.12/site-packages/airflow/example_dags/example_external_task_marker_dag.py
[2024-11-08T14:34:44.745+0000] {logging_mixin.py:190} INFO - [2024-11-08T14:34:44.744+0000] {dag.py:3239} INFO - Sync 2 DAGs
[2024-11-08T14:34:44.761+0000] {logging_mixin.py:190} INFO - [2024-11-08T14:34:44.760+0000] {dag.py:4180} INFO - Setting next_dagrun for example_external_task_marker_child to None, run_after=None
[2024-11-08T14:34:44.765+0000] {logging_mixin.py:190} INFO - [2024-11-08T14:34:44.765+0000] {dag.py:4180} INFO - Setting next_dagrun for example_external_task_marker_parent to None, run_after=None
[2024-11-08T14:34:44.793+0000] {processor.py:208} INFO - Processing /home/airflow/.local/lib/python3.12/site-packages/airflow/example_dags/example_external_task_marker_dag.py took 0.089 seconds
[2024-11-08T14:35:17.253+0000] {processor.py:186} INFO - Started process (PID=460) to work on /home/airflow/.local/lib/python3.12/site-packages/airflow/example_dags/example_external_task_marker_dag.py
[2024-11-08T14:35:17.255+0000] {processor.py:914} INFO - Processing file /home/airflow/.local/lib/python3.12/site-packages/airflow/example_dags/example_external_task_marker_dag.py for tasks to queue
[2024-11-08T14:35:17.258+0000] {logging_mixin.py:190} INFO - [2024-11-08T14:35:17.257+0000] {dagbag.py:588} INFO - Filling up the DagBag from /home/airflow/.local/lib/python3.12/site-packages/airflow/example_dags/example_external_task_marker_dag.py
[2024-11-08T14:35:17.270+0000] {processor.py:925} INFO - DAG(s) 'example_external_task_marker_parent', 'example_external_task_marker_child' retrieved from /home/airflow/.local/lib/python3.12/site-packages/airflow/example_dags/example_external_task_marker_dag.py
[2024-11-08T14:35:17.304+0000] {logging_mixin.py:190} INFO - [2024-11-08T14:35:17.303+0000] {dag.py:3239} INFO - Sync 2 DAGs
[2024-11-08T14:35:17.337+0000] {logging_mixin.py:190} INFO - [2024-11-08T14:35:17.337+0000] {dag.py:4180} INFO - Setting next_dagrun for example_external_task_marker_child to None, run_after=None
[2024-11-08T14:35:17.359+0000] {logging_mixin.py:190} INFO - [2024-11-08T14:35:17.347+0000] {dag.py:4180} INFO - Setting next_dagrun for example_external_task_marker_parent to None, run_after=None
[2024-11-08T14:35:17.393+0000] {processor.py:208} INFO - Processing /home/airflow/.local/lib/python3.12/site-packages/airflow/example_dags/example_external_task_marker_dag.py took 0.150 seconds
[2024-11-08T14:35:48.226+0000] {processor.py:186} INFO - Started process (PID=522) to work on /home/airflow/.local/lib/python3.12/site-packages/airflow/example_dags/example_external_task_marker_dag.py
[2024-11-08T14:35:48.228+0000] {processor.py:914} INFO - Processing file /home/airflow/.local/lib/python3.12/site-packages/airflow/example_dags/example_external_task_marker_dag.py for tasks to queue
[2024-11-08T14:35:48.234+0000] {logging_mixin.py:190} INFO - [2024-11-08T14:35:48.230+0000] {dagbag.py:588} INFO - Filling up the DagBag from /home/airflow/.local/lib/python3.12/site-packages/airflow/example_dags/example_external_task_marker_dag.py
[2024-11-08T14:35:48.244+0000] {processor.py:925} INFO - DAG(s) 'example_external_task_marker_child', 'example_external_task_marker_parent' retrieved from /home/airflow/.local/lib/python3.12/site-packages/airflow/example_dags/example_external_task_marker_dag.py
[2024-11-08T14:35:48.279+0000] {logging_mixin.py:190} INFO - [2024-11-08T14:35:48.279+0000] {dag.py:3239} INFO - Sync 2 DAGs
[2024-11-08T14:35:48.306+0000] {logging_mixin.py:190} INFO - [2024-11-08T14:35:48.306+0000] {dag.py:4180} INFO - Setting next_dagrun for example_external_task_marker_child to None, run_after=None
[2024-11-08T14:35:48.311+0000] {logging_mixin.py:190} INFO - [2024-11-08T14:35:48.310+0000] {dag.py:4180} INFO - Setting next_dagrun for example_external_task_marker_parent to None, run_after=None
[2024-11-08T14:35:48.359+0000] {processor.py:208} INFO - Processing /home/airflow/.local/lib/python3.12/site-packages/airflow/example_dags/example_external_task_marker_dag.py took 0.142 seconds
[2024-11-08T14:36:19.289+0000] {processor.py:186} INFO - Started process (PID=585) to work on /home/airflow/.local/lib/python3.12/site-packages/airflow/example_dags/example_external_task_marker_dag.py
[2024-11-08T14:36:19.290+0000] {processor.py:914} INFO - Processing file /home/airflow/.local/lib/python3.12/site-packages/airflow/example_dags/example_external_task_marker_dag.py for tasks to queue
[2024-11-08T14:36:19.293+0000] {logging_mixin.py:190} INFO - [2024-11-08T14:36:19.293+0000] {dagbag.py:588} INFO - Filling up the DagBag from /home/airflow/.local/lib/python3.12/site-packages/airflow/example_dags/example_external_task_marker_dag.py
[2024-11-08T14:36:19.305+0000] {processor.py:925} INFO - DAG(s) 'example_external_task_marker_child', 'example_external_task_marker_parent' retrieved from /home/airflow/.local/lib/python3.12/site-packages/airflow/example_dags/example_external_task_marker_dag.py
[2024-11-08T14:36:19.332+0000] {logging_mixin.py:190} INFO - [2024-11-08T14:36:19.332+0000] {dag.py:3239} INFO - Sync 2 DAGs
[2024-11-08T14:36:19.350+0000] {logging_mixin.py:190} INFO - [2024-11-08T14:36:19.350+0000] {dag.py:4180} INFO - Setting next_dagrun for example_external_task_marker_child to None, run_after=None
[2024-11-08T14:36:19.354+0000] {logging_mixin.py:190} INFO - [2024-11-08T14:36:19.354+0000] {dag.py:4180} INFO - Setting next_dagrun for example_external_task_marker_parent to None, run_after=None
[2024-11-08T14:36:19.376+0000] {processor.py:208} INFO - Processing /home/airflow/.local/lib/python3.12/site-packages/airflow/example_dags/example_external_task_marker_dag.py took 0.095 seconds
[2024-11-08T14:36:49.509+0000] {processor.py:186} INFO - Started process (PID=648) to work on /home/airflow/.local/lib/python3.12/site-packages/airflow/example_dags/example_external_task_marker_dag.py
[2024-11-08T14:36:49.510+0000] {processor.py:914} INFO - Processing file /home/airflow/.local/lib/python3.12/site-packages/airflow/example_dags/example_external_task_marker_dag.py for tasks to queue
[2024-11-08T14:36:49.513+0000] {logging_mixin.py:190} INFO - [2024-11-08T14:36:49.512+0000] {dagbag.py:588} INFO - Filling up the DagBag from /home/airflow/.local/lib/python3.12/site-packages/airflow/example_dags/example_external_task_marker_dag.py
[2024-11-08T14:36:49.522+0000] {processor.py:925} INFO - DAG(s) 'example_external_task_marker_parent', 'example_external_task_marker_child' retrieved from /home/airflow/.local/lib/python3.12/site-packages/airflow/example_dags/example_external_task_marker_dag.py
[2024-11-08T14:36:49.549+0000] {logging_mixin.py:190} INFO - [2024-11-08T14:36:49.549+0000] {dag.py:3239} INFO - Sync 2 DAGs
[2024-11-08T14:36:49.567+0000] {logging_mixin.py:190} INFO - [2024-11-08T14:36:49.567+0000] {dag.py:4180} INFO - Setting next_dagrun for example_external_task_marker_child to None, run_after=None
[2024-11-08T14:36:49.571+0000] {logging_mixin.py:190} INFO - [2024-11-08T14:36:49.571+0000] {dag.py:4180} INFO - Setting next_dagrun for example_external_task_marker_parent to None, run_after=None
[2024-11-08T14:36:49.797+0000] {processor.py:208} INFO - Processing /home/airflow/.local/lib/python3.12/site-packages/airflow/example_dags/example_external_task_marker_dag.py took 0.295 seconds
[2024-11-08T14:37:20.333+0000] {processor.py:186} INFO - Started process (PID=710) to work on /home/airflow/.local/lib/python3.12/site-packages/airflow/example_dags/example_external_task_marker_dag.py
[2024-11-08T14:37:20.334+0000] {processor.py:914} INFO - Processing file /home/airflow/.local/lib/python3.12/site-packages/airflow/example_dags/example_external_task_marker_dag.py for tasks to queue
[2024-11-08T14:37:20.336+0000] {logging_mixin.py:190} INFO - [2024-11-08T14:37:20.336+0000] {dagbag.py:588} INFO - Filling up the DagBag from /home/airflow/.local/lib/python3.12/site-packages/airflow/example_dags/example_external_task_marker_dag.py
[2024-11-08T14:37:20.344+0000] {processor.py:925} INFO - DAG(s) 'example_external_task_marker_parent', 'example_external_task_marker_child' retrieved from /home/airflow/.local/lib/python3.12/site-packages/airflow/example_dags/example_external_task_marker_dag.py
[2024-11-08T14:37:20.366+0000] {logging_mixin.py:190} INFO - [2024-11-08T14:37:20.366+0000] {dag.py:3239} INFO - Sync 2 DAGs
[2024-11-08T14:37:20.381+0000] {logging_mixin.py:190} INFO - [2024-11-08T14:37:20.380+0000] {dag.py:4180} INFO - Setting next_dagrun for example_external_task_marker_child to None, run_after=None
[2024-11-08T14:37:20.385+0000] {logging_mixin.py:190} INFO - [2024-11-08T14:37:20.384+0000] {dag.py:4180} INFO - Setting next_dagrun for example_external_task_marker_parent to None, run_after=None
[2024-11-08T14:37:20.404+0000] {processor.py:208} INFO - Processing /home/airflow/.local/lib/python3.12/site-packages/airflow/example_dags/example_external_task_marker_dag.py took 0.077 seconds
[2024-11-08T14:37:50.450+0000] {processor.py:186} INFO - Started process (PID=774) to work on /home/airflow/.local/lib/python3.12/site-packages/airflow/example_dags/example_external_task_marker_dag.py
[2024-11-08T14:37:50.451+0000] {processor.py:914} INFO - Processing file /home/airflow/.local/lib/python3.12/site-packages/airflow/example_dags/example_external_task_marker_dag.py for tasks to queue
[2024-11-08T14:37:50.454+0000] {logging_mixin.py:190} INFO - [2024-11-08T14:37:50.453+0000] {dagbag.py:588} INFO - Filling up the DagBag from /home/airflow/.local/lib/python3.12/site-packages/airflow/example_dags/example_external_task_marker_dag.py
[2024-11-08T14:37:50.461+0000] {processor.py:925} INFO - DAG(s) 'example_external_task_marker_parent', 'example_external_task_marker_child' retrieved from /home/airflow/.local/lib/python3.12/site-packages/airflow/example_dags/example_external_task_marker_dag.py
[2024-11-08T14:37:50.484+0000] {logging_mixin.py:190} INFO - [2024-11-08T14:37:50.484+0000] {dag.py:3239} INFO - Sync 2 DAGs
[2024-11-08T14:37:50.498+0000] {logging_mixin.py:190} INFO - [2024-11-08T14:37:50.497+0000] {dag.py:4180} INFO - Setting next_dagrun for example_external_task_marker_child to None, run_after=None
[2024-11-08T14:37:50.502+0000] {logging_mixin.py:190} INFO - [2024-11-08T14:37:50.502+0000] {dag.py:4180} INFO - Setting next_dagrun for example_external_task_marker_parent to None, run_after=None
[2024-11-08T14:37:50.774+0000] {processor.py:208} INFO - Processing /home/airflow/.local/lib/python3.12/site-packages/airflow/example_dags/example_external_task_marker_dag.py took 0.329 seconds
[2024-11-08T14:38:21.016+0000] {processor.py:186} INFO - Started process (PID=836) to work on /home/airflow/.local/lib/python3.12/site-packages/airflow/example_dags/example_external_task_marker_dag.py
[2024-11-08T14:38:21.018+0000] {processor.py:914} INFO - Processing file /home/airflow/.local/lib/python3.12/site-packages/airflow/example_dags/example_external_task_marker_dag.py for tasks to queue
[2024-11-08T14:38:21.020+0000] {logging_mixin.py:190} INFO - [2024-11-08T14:38:21.020+0000] {dagbag.py:588} INFO - Filling up the DagBag from /home/airflow/.local/lib/python3.12/site-packages/airflow/example_dags/example_external_task_marker_dag.py
[2024-11-08T14:38:21.027+0000] {processor.py:925} INFO - DAG(s) 'example_external_task_marker_parent', 'example_external_task_marker_child' retrieved from /home/airflow/.local/lib/python3.12/site-packages/airflow/example_dags/example_external_task_marker_dag.py
[2024-11-08T14:38:21.049+0000] {logging_mixin.py:190} INFO - [2024-11-08T14:38:21.049+0000] {dag.py:3239} INFO - Sync 2 DAGs
[2024-11-08T14:38:21.063+0000] {logging_mixin.py:190} INFO - [2024-11-08T14:38:21.063+0000] {dag.py:4180} INFO - Setting next_dagrun for example_external_task_marker_child to None, run_after=None
[2024-11-08T14:38:21.067+0000] {logging_mixin.py:190} INFO - [2024-11-08T14:38:21.067+0000] {dag.py:4180} INFO - Setting next_dagrun for example_external_task_marker_parent to None, run_after=None
[2024-11-08T14:38:21.356+0000] {processor.py:208} INFO - Processing /home/airflow/.local/lib/python3.12/site-packages/airflow/example_dags/example_external_task_marker_dag.py took 0.345 seconds
[2024-11-08T14:38:51.632+0000] {processor.py:186} INFO - Started process (PID=899) to work on /home/airflow/.local/lib/python3.12/site-packages/airflow/example_dags/example_external_task_marker_dag.py
[2024-11-08T14:38:51.633+0000] {processor.py:914} INFO - Processing file /home/airflow/.local/lib/python3.12/site-packages/airflow/example_dags/example_external_task_marker_dag.py for tasks to queue
[2024-11-08T14:38:51.636+0000] {logging_mixin.py:190} INFO - [2024-11-08T14:38:51.635+0000] {dagbag.py:588} INFO - Filling up the DagBag from /home/airflow/.local/lib/python3.12/site-packages/airflow/example_dags/example_external_task_marker_dag.py
[2024-11-08T14:38:51.643+0000] {processor.py:925} INFO - DAG(s) 'example_external_task_marker_child', 'example_external_task_marker_parent' retrieved from /home/airflow/.local/lib/python3.12/site-packages/airflow/example_dags/example_external_task_marker_dag.py
[2024-11-08T14:38:51.665+0000] {logging_mixin.py:190} INFO - [2024-11-08T14:38:51.665+0000] {dag.py:3239} INFO - Sync 2 DAGs
[2024-11-08T14:38:51.680+0000] {logging_mixin.py:190} INFO - [2024-11-08T14:38:51.679+0000] {dag.py:4180} INFO - Setting next_dagrun for example_external_task_marker_child to None, run_after=None
[2024-11-08T14:38:51.684+0000] {logging_mixin.py:190} INFO - [2024-11-08T14:38:51.683+0000] {dag.py:4180} INFO - Setting next_dagrun for example_external_task_marker_parent to None, run_after=None
[2024-11-08T14:38:51.748+0000] {processor.py:208} INFO - Processing /home/airflow/.local/lib/python3.12/site-packages/airflow/example_dags/example_external_task_marker_dag.py took 0.121 seconds
[2024-11-08T14:39:22.852+0000] {processor.py:186} INFO - Started process (PID=962) to work on /home/airflow/.local/lib/python3.12/site-packages/airflow/example_dags/example_external_task_marker_dag.py
[2024-11-08T14:39:22.924+0000] {processor.py:914} INFO - Processing file /home/airflow/.local/lib/python3.12/site-packages/airflow/example_dags/example_external_task_marker_dag.py for tasks to queue
[2024-11-08T14:39:22.928+0000] {logging_mixin.py:190} INFO - [2024-11-08T14:39:22.928+0000] {dagbag.py:588} INFO - Filling up the DagBag from /home/airflow/.local/lib/python3.12/site-packages/airflow/example_dags/example_external_task_marker_dag.py
[2024-11-08T14:39:22.944+0000] {processor.py:925} INFO - DAG(s) 'example_external_task_marker_parent', 'example_external_task_marker_child' retrieved from /home/airflow/.local/lib/python3.12/site-packages/airflow/example_dags/example_external_task_marker_dag.py
[2024-11-08T14:39:22.981+0000] {logging_mixin.py:190} INFO - [2024-11-08T14:39:22.980+0000] {dag.py:3239} INFO - Sync 2 DAGs
[2024-11-08T14:39:23.003+0000] {logging_mixin.py:190} INFO - [2024-11-08T14:39:23.003+0000] {dag.py:4180} INFO - Setting next_dagrun for example_external_task_marker_child to None, run_after=None
[2024-11-08T14:39:23.008+0000] {logging_mixin.py:190} INFO - [2024-11-08T14:39:23.008+0000] {dag.py:4180} INFO - Setting next_dagrun for example_external_task_marker_parent to None, run_after=None
[2024-11-08T14:39:23.080+0000] {processor.py:208} INFO - Processing /home/airflow/.local/lib/python3.12/site-packages/airflow/example_dags/example_external_task_marker_dag.py took 0.237 seconds
[2024-11-08T14:39:53.713+0000] {processor.py:186} INFO - Started process (PID=1025) to work on /home/airflow/.local/lib/python3.12/site-packages/airflow/example_dags/example_external_task_marker_dag.py
[2024-11-08T14:39:53.715+0000] {processor.py:914} INFO - Processing file /home/airflow/.local/lib/python3.12/site-packages/airflow/example_dags/example_external_task_marker_dag.py for tasks to queue
[2024-11-08T14:39:53.718+0000] {logging_mixin.py:190} INFO - [2024-11-08T14:39:53.717+0000] {dagbag.py:588} INFO - Filling up the DagBag from /home/airflow/.local/lib/python3.12/site-packages/airflow/example_dags/example_external_task_marker_dag.py
[2024-11-08T14:39:53.727+0000] {processor.py:925} INFO - DAG(s) 'example_external_task_marker_child', 'example_external_task_marker_parent' retrieved from /home/airflow/.local/lib/python3.12/site-packages/airflow/example_dags/example_external_task_marker_dag.py
[2024-11-08T14:39:53.759+0000] {logging_mixin.py:190} INFO - [2024-11-08T14:39:53.759+0000] {dag.py:3239} INFO - Sync 2 DAGs
[2024-11-08T14:39:53.776+0000] {logging_mixin.py:190} INFO - [2024-11-08T14:39:53.775+0000] {dag.py:4180} INFO - Setting next_dagrun for example_external_task_marker_child to None, run_after=None
[2024-11-08T14:39:53.780+0000] {logging_mixin.py:190} INFO - [2024-11-08T14:39:53.780+0000] {dag.py:4180} INFO - Setting next_dagrun for example_external_task_marker_parent to None, run_after=None
[2024-11-08T14:39:54.132+0000] {processor.py:208} INFO - Processing /home/airflow/.local/lib/python3.12/site-packages/airflow/example_dags/example_external_task_marker_dag.py took 0.425 seconds
[2024-11-08T14:40:24.197+0000] {processor.py:186} INFO - Started process (PID=1088) to work on /home/airflow/.local/lib/python3.12/site-packages/airflow/example_dags/example_external_task_marker_dag.py
[2024-11-08T14:40:24.198+0000] {processor.py:914} INFO - Processing file /home/airflow/.local/lib/python3.12/site-packages/airflow/example_dags/example_external_task_marker_dag.py for tasks to queue
[2024-11-08T14:40:24.200+0000] {logging_mixin.py:190} INFO - [2024-11-08T14:40:24.200+0000] {dagbag.py:588} INFO - Filling up the DagBag from /home/airflow/.local/lib/python3.12/site-packages/airflow/example_dags/example_external_task_marker_dag.py
[2024-11-08T14:40:24.209+0000] {processor.py:925} INFO - DAG(s) 'example_external_task_marker_child', 'example_external_task_marker_parent' retrieved from /home/airflow/.local/lib/python3.12/site-packages/airflow/example_dags/example_external_task_marker_dag.py
[2024-11-08T14:40:24.234+0000] {logging_mixin.py:190} INFO - [2024-11-08T14:40:24.234+0000] {dag.py:3239} INFO - Sync 2 DAGs
[2024-11-08T14:40:24.250+0000] {logging_mixin.py:190} INFO - [2024-11-08T14:40:24.250+0000] {dag.py:4180} INFO - Setting next_dagrun for example_external_task_marker_child to None, run_after=None
[2024-11-08T14:40:24.254+0000] {logging_mixin.py:190} INFO - [2024-11-08T14:40:24.254+0000] {dag.py:4180} INFO - Setting next_dagrun for example_external_task_marker_parent to None, run_after=None
[2024-11-08T14:40:24.289+0000] {processor.py:208} INFO - Processing /home/airflow/.local/lib/python3.12/site-packages/airflow/example_dags/example_external_task_marker_dag.py took 0.099 seconds
[2024-11-08T14:40:54.725+0000] {processor.py:186} INFO - Started process (PID=1151) to work on /home/airflow/.local/lib/python3.12/site-packages/airflow/example_dags/example_external_task_marker_dag.py
[2024-11-08T14:40:54.727+0000] {processor.py:914} INFO - Processing file /home/airflow/.local/lib/python3.12/site-packages/airflow/example_dags/example_external_task_marker_dag.py for tasks to queue
[2024-11-08T14:40:54.729+0000] {logging_mixin.py:190} INFO - [2024-11-08T14:40:54.729+0000] {dagbag.py:588} INFO - Filling up the DagBag from /home/airflow/.local/lib/python3.12/site-packages/airflow/example_dags/example_external_task_marker_dag.py
[2024-11-08T14:40:54.738+0000] {processor.py:925} INFO - DAG(s) 'example_external_task_marker_child', 'example_external_task_marker_parent' retrieved from /home/airflow/.local/lib/python3.12/site-packages/airflow/example_dags/example_external_task_marker_dag.py
[2024-11-08T14:40:54.764+0000] {logging_mixin.py:190} INFO - [2024-11-08T14:40:54.764+0000] {dag.py:3239} INFO - Sync 2 DAGs
[2024-11-08T14:40:54.780+0000] {logging_mixin.py:190} INFO - [2024-11-08T14:40:54.779+0000] {dag.py:4180} INFO - Setting next_dagrun for example_external_task_marker_child to None, run_after=None
[2024-11-08T14:40:54.785+0000] {logging_mixin.py:190} INFO - [2024-11-08T14:40:54.784+0000] {dag.py:4180} INFO - Setting next_dagrun for example_external_task_marker_parent to None, run_after=None
[2024-11-08T14:40:54.861+0000] {processor.py:208} INFO - Processing /home/airflow/.local/lib/python3.12/site-packages/airflow/example_dags/example_external_task_marker_dag.py took 0.145 seconds
[2024-11-08T14:41:25.152+0000] {processor.py:186} INFO - Started process (PID=1214) to work on /home/airflow/.local/lib/python3.12/site-packages/airflow/example_dags/example_external_task_marker_dag.py
[2024-11-08T14:41:25.153+0000] {processor.py:914} INFO - Processing file /home/airflow/.local/lib/python3.12/site-packages/airflow/example_dags/example_external_task_marker_dag.py for tasks to queue
[2024-11-08T14:41:25.157+0000] {logging_mixin.py:190} INFO - [2024-11-08T14:41:25.157+0000] {dagbag.py:588} INFO - Filling up the DagBag from /home/airflow/.local/lib/python3.12/site-packages/airflow/example_dags/example_external_task_marker_dag.py
[2024-11-08T14:41:25.165+0000] {processor.py:925} INFO - DAG(s) 'example_external_task_marker_parent', 'example_external_task_marker_child' retrieved from /home/airflow/.local/lib/python3.12/site-packages/airflow/example_dags/example_external_task_marker_dag.py
[2024-11-08T14:41:25.193+0000] {logging_mixin.py:190} INFO - [2024-11-08T14:41:25.192+0000] {dag.py:3239} INFO - Sync 2 DAGs
[2024-11-08T14:41:25.211+0000] {logging_mixin.py:190} INFO - [2024-11-08T14:41:25.211+0000] {dag.py:4180} INFO - Setting next_dagrun for example_external_task_marker_child to None, run_after=None
[2024-11-08T14:41:25.218+0000] {logging_mixin.py:190} INFO - [2024-11-08T14:41:25.217+0000] {dag.py:4180} INFO - Setting next_dagrun for example_external_task_marker_parent to None, run_after=None
[2024-11-08T14:41:25.262+0000] {processor.py:208} INFO - Processing /home/airflow/.local/lib/python3.12/site-packages/airflow/example_dags/example_external_task_marker_dag.py took 0.118 seconds
[2024-11-08T14:41:55.739+0000] {processor.py:186} INFO - Started process (PID=1277) to work on /home/airflow/.local/lib/python3.12/site-packages/airflow/example_dags/example_external_task_marker_dag.py
[2024-11-08T14:41:55.741+0000] {processor.py:914} INFO - Processing file /home/airflow/.local/lib/python3.12/site-packages/airflow/example_dags/example_external_task_marker_dag.py for tasks to queue
[2024-11-08T14:41:55.750+0000] {logging_mixin.py:190} INFO - [2024-11-08T14:41:55.750+0000] {dagbag.py:588} INFO - Filling up the DagBag from /home/airflow/.local/lib/python3.12/site-packages/airflow/example_dags/example_external_task_marker_dag.py
[2024-11-08T14:41:55.761+0000] {processor.py:925} INFO - DAG(s) 'example_external_task_marker_parent', 'example_external_task_marker_child' retrieved from /home/airflow/.local/lib/python3.12/site-packages/airflow/example_dags/example_external_task_marker_dag.py
[2024-11-08T14:41:55.787+0000] {logging_mixin.py:190} INFO - [2024-11-08T14:41:55.787+0000] {dag.py:3239} INFO - Sync 2 DAGs
[2024-11-08T14:41:55.803+0000] {logging_mixin.py:190} INFO - [2024-11-08T14:41:55.803+0000] {dag.py:4180} INFO - Setting next_dagrun for example_external_task_marker_child to None, run_after=None
[2024-11-08T14:41:55.808+0000] {logging_mixin.py:190} INFO - [2024-11-08T14:41:55.807+0000] {dag.py:4180} INFO - Setting next_dagrun for example_external_task_marker_parent to None, run_after=None
[2024-11-08T14:41:55.829+0000] {processor.py:208} INFO - Processing /home/airflow/.local/lib/python3.12/site-packages/airflow/example_dags/example_external_task_marker_dag.py took 0.100 seconds
[2024-11-08T14:42:26.676+0000] {processor.py:186} INFO - Started process (PID=1346) to work on /home/airflow/.local/lib/python3.12/site-packages/airflow/example_dags/example_external_task_marker_dag.py
[2024-11-08T14:42:26.677+0000] {processor.py:914} INFO - Processing file /home/airflow/.local/lib/python3.12/site-packages/airflow/example_dags/example_external_task_marker_dag.py for tasks to queue
[2024-11-08T14:42:26.679+0000] {logging_mixin.py:190} INFO - [2024-11-08T14:42:26.679+0000] {dagbag.py:588} INFO - Filling up the DagBag from /home/airflow/.local/lib/python3.12/site-packages/airflow/example_dags/example_external_task_marker_dag.py
[2024-11-08T14:42:26.687+0000] {processor.py:925} INFO - DAG(s) 'example_external_task_marker_child', 'example_external_task_marker_parent' retrieved from /home/airflow/.local/lib/python3.12/site-packages/airflow/example_dags/example_external_task_marker_dag.py
[2024-11-08T14:42:26.713+0000] {logging_mixin.py:190} INFO - [2024-11-08T14:42:26.713+0000] {dag.py:3239} INFO - Sync 2 DAGs
[2024-11-08T14:42:26.730+0000] {logging_mixin.py:190} INFO - [2024-11-08T14:42:26.730+0000] {dag.py:4180} INFO - Setting next_dagrun for example_external_task_marker_child to None, run_after=None
[2024-11-08T14:42:26.735+0000] {logging_mixin.py:190} INFO - [2024-11-08T14:42:26.734+0000] {dag.py:4180} INFO - Setting next_dagrun for example_external_task_marker_parent to None, run_after=None
[2024-11-08T14:42:26.758+0000] {processor.py:208} INFO - Processing /home/airflow/.local/lib/python3.12/site-packages/airflow/example_dags/example_external_task_marker_dag.py took 0.087 seconds
[2024-11-08T14:42:56.939+0000] {processor.py:186} INFO - Started process (PID=1409) to work on /home/airflow/.local/lib/python3.12/site-packages/airflow/example_dags/example_external_task_marker_dag.py
[2024-11-08T14:42:56.941+0000] {processor.py:914} INFO - Processing file /home/airflow/.local/lib/python3.12/site-packages/airflow/example_dags/example_external_task_marker_dag.py for tasks to queue
[2024-11-08T14:42:56.944+0000] {logging_mixin.py:190} INFO - [2024-11-08T14:42:56.944+0000] {dagbag.py:588} INFO - Filling up the DagBag from /home/airflow/.local/lib/python3.12/site-packages/airflow/example_dags/example_external_task_marker_dag.py
[2024-11-08T14:42:56.953+0000] {processor.py:925} INFO - DAG(s) 'example_external_task_marker_child', 'example_external_task_marker_parent' retrieved from /home/airflow/.local/lib/python3.12/site-packages/airflow/example_dags/example_external_task_marker_dag.py
[2024-11-08T14:42:56.979+0000] {logging_mixin.py:190} INFO - [2024-11-08T14:42:56.978+0000] {dag.py:3239} INFO - Sync 2 DAGs
[2024-11-08T14:42:56.993+0000] {logging_mixin.py:190} INFO - [2024-11-08T14:42:56.993+0000] {dag.py:4180} INFO - Setting next_dagrun for example_external_task_marker_child to None, run_after=None
[2024-11-08T14:42:56.998+0000] {logging_mixin.py:190} INFO - [2024-11-08T14:42:56.998+0000] {dag.py:4180} INFO - Setting next_dagrun for example_external_task_marker_parent to None, run_after=None
[2024-11-08T14:42:57.217+0000] {processor.py:208} INFO - Processing /home/airflow/.local/lib/python3.12/site-packages/airflow/example_dags/example_external_task_marker_dag.py took 0.287 seconds
[2024-11-08T14:43:27.588+0000] {processor.py:186} INFO - Started process (PID=1472) to work on /home/airflow/.local/lib/python3.12/site-packages/airflow/example_dags/example_external_task_marker_dag.py
[2024-11-08T14:43:27.590+0000] {processor.py:914} INFO - Processing file /home/airflow/.local/lib/python3.12/site-packages/airflow/example_dags/example_external_task_marker_dag.py for tasks to queue
[2024-11-08T14:43:27.592+0000] {logging_mixin.py:190} INFO - [2024-11-08T14:43:27.592+0000] {dagbag.py:588} INFO - Filling up the DagBag from /home/airflow/.local/lib/python3.12/site-packages/airflow/example_dags/example_external_task_marker_dag.py
[2024-11-08T14:43:27.601+0000] {processor.py:925} INFO - DAG(s) 'example_external_task_marker_child', 'example_external_task_marker_parent' retrieved from /home/airflow/.local/lib/python3.12/site-packages/airflow/example_dags/example_external_task_marker_dag.py
[2024-11-08T14:43:27.627+0000] {logging_mixin.py:190} INFO - [2024-11-08T14:43:27.626+0000] {dag.py:3239} INFO - Sync 2 DAGs
[2024-11-08T14:43:27.642+0000] {logging_mixin.py:190} INFO - [2024-11-08T14:43:27.642+0000] {dag.py:4180} INFO - Setting next_dagrun for example_external_task_marker_child to None, run_after=None
[2024-11-08T14:43:27.648+0000] {logging_mixin.py:190} INFO - [2024-11-08T14:43:27.647+0000] {dag.py:4180} INFO - Setting next_dagrun for example_external_task_marker_parent to None, run_after=None
[2024-11-08T14:43:27.689+0000] {processor.py:208} INFO - Processing /home/airflow/.local/lib/python3.12/site-packages/airflow/example_dags/example_external_task_marker_dag.py took 0.108 seconds
[2024-11-08T14:43:57.907+0000] {processor.py:186} INFO - Started process (PID=1535) to work on /home/airflow/.local/lib/python3.12/site-packages/airflow/example_dags/example_external_task_marker_dag.py
[2024-11-08T14:43:57.909+0000] {processor.py:914} INFO - Processing file /home/airflow/.local/lib/python3.12/site-packages/airflow/example_dags/example_external_task_marker_dag.py for tasks to queue
[2024-11-08T14:43:57.912+0000] {logging_mixin.py:190} INFO - [2024-11-08T14:43:57.912+0000] {dagbag.py:588} INFO - Filling up the DagBag from /home/airflow/.local/lib/python3.12/site-packages/airflow/example_dags/example_external_task_marker_dag.py
[2024-11-08T14:43:57.920+0000] {processor.py:925} INFO - DAG(s) 'example_external_task_marker_parent', 'example_external_task_marker_child' retrieved from /home/airflow/.local/lib/python3.12/site-packages/airflow/example_dags/example_external_task_marker_dag.py
[2024-11-08T14:43:57.946+0000] {logging_mixin.py:190} INFO - [2024-11-08T14:43:57.946+0000] {dag.py:3239} INFO - Sync 2 DAGs
[2024-11-08T14:43:57.964+0000] {logging_mixin.py:190} INFO - [2024-11-08T14:43:57.963+0000] {dag.py:4180} INFO - Setting next_dagrun for example_external_task_marker_child to None, run_after=None
[2024-11-08T14:43:57.968+0000] {logging_mixin.py:190} INFO - [2024-11-08T14:43:57.968+0000] {dag.py:4180} INFO - Setting next_dagrun for example_external_task_marker_parent to None, run_after=None
[2024-11-08T14:43:58.050+0000] {processor.py:208} INFO - Processing /home/airflow/.local/lib/python3.12/site-packages/airflow/example_dags/example_external_task_marker_dag.py took 0.149 seconds
[2024-11-08T14:44:28.237+0000] {processor.py:186} INFO - Started process (PID=1598) to work on /home/airflow/.local/lib/python3.12/site-packages/airflow/example_dags/example_external_task_marker_dag.py
[2024-11-08T14:44:28.239+0000] {processor.py:914} INFO - Processing file /home/airflow/.local/lib/python3.12/site-packages/airflow/example_dags/example_external_task_marker_dag.py for tasks to queue
[2024-11-08T14:44:28.243+0000] {logging_mixin.py:190} INFO - [2024-11-08T14:44:28.242+0000] {dagbag.py:588} INFO - Filling up the DagBag from /home/airflow/.local/lib/python3.12/site-packages/airflow/example_dags/example_external_task_marker_dag.py
[2024-11-08T14:44:28.253+0000] {processor.py:925} INFO - DAG(s) 'example_external_task_marker_parent', 'example_external_task_marker_child' retrieved from /home/airflow/.local/lib/python3.12/site-packages/airflow/example_dags/example_external_task_marker_dag.py
[2024-11-08T14:44:28.278+0000] {logging_mixin.py:190} INFO - [2024-11-08T14:44:28.278+0000] {dag.py:3239} INFO - Sync 2 DAGs
[2024-11-08T14:44:28.293+0000] {logging_mixin.py:190} INFO - [2024-11-08T14:44:28.293+0000] {dag.py:4180} INFO - Setting next_dagrun for example_external_task_marker_child to None, run_after=None
[2024-11-08T14:44:28.298+0000] {logging_mixin.py:190} INFO - [2024-11-08T14:44:28.298+0000] {dag.py:4180} INFO - Setting next_dagrun for example_external_task_marker_parent to None, run_after=None
[2024-11-08T14:44:28.321+0000] {processor.py:208} INFO - Processing /home/airflow/.local/lib/python3.12/site-packages/airflow/example_dags/example_external_task_marker_dag.py took 0.093 seconds
[2024-11-08T14:44:59.005+0000] {processor.py:186} INFO - Started process (PID=1661) to work on /home/airflow/.local/lib/python3.12/site-packages/airflow/example_dags/example_external_task_marker_dag.py
[2024-11-08T14:44:59.009+0000] {processor.py:914} INFO - Processing file /home/airflow/.local/lib/python3.12/site-packages/airflow/example_dags/example_external_task_marker_dag.py for tasks to queue
[2024-11-08T14:44:59.014+0000] {logging_mixin.py:190} INFO - [2024-11-08T14:44:59.013+0000] {dagbag.py:588} INFO - Filling up the DagBag from /home/airflow/.local/lib/python3.12/site-packages/airflow/example_dags/example_external_task_marker_dag.py
[2024-11-08T14:44:59.022+0000] {processor.py:925} INFO - DAG(s) 'example_external_task_marker_child', 'example_external_task_marker_parent' retrieved from /home/airflow/.local/lib/python3.12/site-packages/airflow/example_dags/example_external_task_marker_dag.py
[2024-11-08T14:44:59.052+0000] {logging_mixin.py:190} INFO - [2024-11-08T14:44:59.052+0000] {dag.py:3239} INFO - Sync 2 DAGs
[2024-11-08T14:44:59.078+0000] {logging_mixin.py:190} INFO - [2024-11-08T14:44:59.078+0000] {dag.py:4180} INFO - Setting next_dagrun for example_external_task_marker_child to None, run_after=None
[2024-11-08T14:44:59.085+0000] {logging_mixin.py:190} INFO - [2024-11-08T14:44:59.085+0000] {dag.py:4180} INFO - Setting next_dagrun for example_external_task_marker_parent to None, run_after=None
[2024-11-08T14:44:59.134+0000] {processor.py:208} INFO - Processing /home/airflow/.local/lib/python3.12/site-packages/airflow/example_dags/example_external_task_marker_dag.py took 0.135 seconds
[2024-11-08T14:45:29.439+0000] {processor.py:186} INFO - Started process (PID=1724) to work on /home/airflow/.local/lib/python3.12/site-packages/airflow/example_dags/example_external_task_marker_dag.py
[2024-11-08T14:45:29.441+0000] {processor.py:914} INFO - Processing file /home/airflow/.local/lib/python3.12/site-packages/airflow/example_dags/example_external_task_marker_dag.py for tasks to queue
[2024-11-08T14:45:29.444+0000] {logging_mixin.py:190} INFO - [2024-11-08T14:45:29.443+0000] {dagbag.py:588} INFO - Filling up the DagBag from /home/airflow/.local/lib/python3.12/site-packages/airflow/example_dags/example_external_task_marker_dag.py
[2024-11-08T14:45:29.451+0000] {processor.py:925} INFO - DAG(s) 'example_external_task_marker_child', 'example_external_task_marker_parent' retrieved from /home/airflow/.local/lib/python3.12/site-packages/airflow/example_dags/example_external_task_marker_dag.py
[2024-11-08T14:45:29.477+0000] {logging_mixin.py:190} INFO - [2024-11-08T14:45:29.477+0000] {dag.py:3239} INFO - Sync 2 DAGs
[2024-11-08T14:45:29.493+0000] {logging_mixin.py:190} INFO - [2024-11-08T14:45:29.492+0000] {dag.py:4180} INFO - Setting next_dagrun for example_external_task_marker_child to None, run_after=None
[2024-11-08T14:45:29.497+0000] {logging_mixin.py:190} INFO - [2024-11-08T14:45:29.497+0000] {dag.py:4180} INFO - Setting next_dagrun for example_external_task_marker_parent to None, run_after=None
[2024-11-08T14:45:29.529+0000] {processor.py:208} INFO - Processing /home/airflow/.local/lib/python3.12/site-packages/airflow/example_dags/example_external_task_marker_dag.py took 0.095 seconds
[2024-11-08T14:45:59.855+0000] {processor.py:186} INFO - Started process (PID=1787) to work on /home/airflow/.local/lib/python3.12/site-packages/airflow/example_dags/example_external_task_marker_dag.py
[2024-11-08T14:45:59.858+0000] {processor.py:914} INFO - Processing file /home/airflow/.local/lib/python3.12/site-packages/airflow/example_dags/example_external_task_marker_dag.py for tasks to queue
[2024-11-08T14:45:59.862+0000] {logging_mixin.py:190} INFO - [2024-11-08T14:45:59.861+0000] {dagbag.py:588} INFO - Filling up the DagBag from /home/airflow/.local/lib/python3.12/site-packages/airflow/example_dags/example_external_task_marker_dag.py
[2024-11-08T14:45:59.881+0000] {processor.py:925} INFO - DAG(s) 'example_external_task_marker_parent', 'example_external_task_marker_child' retrieved from /home/airflow/.local/lib/python3.12/site-packages/airflow/example_dags/example_external_task_marker_dag.py
[2024-11-08T14:45:59.926+0000] {logging_mixin.py:190} INFO - [2024-11-08T14:45:59.925+0000] {dag.py:3239} INFO - Sync 2 DAGs
[2024-11-08T14:45:59.950+0000] {logging_mixin.py:190} INFO - [2024-11-08T14:45:59.950+0000] {dag.py:4180} INFO - Setting next_dagrun for example_external_task_marker_child to None, run_after=None
[2024-11-08T14:45:59.956+0000] {logging_mixin.py:190} INFO - [2024-11-08T14:45:59.956+0000] {dag.py:4180} INFO - Setting next_dagrun for example_external_task_marker_parent to None, run_after=None
[2024-11-08T14:45:59.990+0000] {processor.py:208} INFO - Processing /home/airflow/.local/lib/python3.12/site-packages/airflow/example_dags/example_external_task_marker_dag.py took 0.140 seconds
[2024-11-08T14:46:30.121+0000] {processor.py:186} INFO - Started process (PID=1851) to work on /home/airflow/.local/lib/python3.12/site-packages/airflow/example_dags/example_external_task_marker_dag.py
[2024-11-08T14:46:30.122+0000] {processor.py:914} INFO - Processing file /home/airflow/.local/lib/python3.12/site-packages/airflow/example_dags/example_external_task_marker_dag.py for tasks to queue
[2024-11-08T14:46:30.125+0000] {logging_mixin.py:190} INFO - [2024-11-08T14:46:30.125+0000] {dagbag.py:588} INFO - Filling up the DagBag from /home/airflow/.local/lib/python3.12/site-packages/airflow/example_dags/example_external_task_marker_dag.py
[2024-11-08T14:46:30.134+0000] {processor.py:925} INFO - DAG(s) 'example_external_task_marker_child', 'example_external_task_marker_parent' retrieved from /home/airflow/.local/lib/python3.12/site-packages/airflow/example_dags/example_external_task_marker_dag.py
[2024-11-08T14:46:30.161+0000] {logging_mixin.py:190} INFO - [2024-11-08T14:46:30.160+0000] {dag.py:3239} INFO - Sync 2 DAGs
[2024-11-08T14:46:30.178+0000] {logging_mixin.py:190} INFO - [2024-11-08T14:46:30.178+0000] {dag.py:4180} INFO - Setting next_dagrun for example_external_task_marker_child to None, run_after=None
[2024-11-08T14:46:30.182+0000] {logging_mixin.py:190} INFO - [2024-11-08T14:46:30.182+0000] {dag.py:4180} INFO - Setting next_dagrun for example_external_task_marker_parent to None, run_after=None
[2024-11-08T14:46:30.202+0000] {processor.py:208} INFO - Processing /home/airflow/.local/lib/python3.12/site-packages/airflow/example_dags/example_external_task_marker_dag.py took 0.087 seconds
[2024-11-08T14:47:00.362+0000] {processor.py:186} INFO - Started process (PID=1914) to work on /home/airflow/.local/lib/python3.12/site-packages/airflow/example_dags/example_external_task_marker_dag.py
[2024-11-08T14:47:00.364+0000] {processor.py:914} INFO - Processing file /home/airflow/.local/lib/python3.12/site-packages/airflow/example_dags/example_external_task_marker_dag.py for tasks to queue
[2024-11-08T14:47:00.367+0000] {logging_mixin.py:190} INFO - [2024-11-08T14:47:00.366+0000] {dagbag.py:588} INFO - Filling up the DagBag from /home/airflow/.local/lib/python3.12/site-packages/airflow/example_dags/example_external_task_marker_dag.py
[2024-11-08T14:47:00.376+0000] {processor.py:925} INFO - DAG(s) 'example_external_task_marker_child', 'example_external_task_marker_parent' retrieved from /home/airflow/.local/lib/python3.12/site-packages/airflow/example_dags/example_external_task_marker_dag.py
[2024-11-08T14:47:00.403+0000] {logging_mixin.py:190} INFO - [2024-11-08T14:47:00.403+0000] {dag.py:3239} INFO - Sync 2 DAGs
[2024-11-08T14:47:00.421+0000] {logging_mixin.py:190} INFO - [2024-11-08T14:47:00.421+0000] {dag.py:4180} INFO - Setting next_dagrun for example_external_task_marker_child to None, run_after=None
[2024-11-08T14:47:00.425+0000] {logging_mixin.py:190} INFO - [2024-11-08T14:47:00.425+0000] {dag.py:4180} INFO - Setting next_dagrun for example_external_task_marker_parent to None, run_after=None
[2024-11-08T14:47:00.447+0000] {processor.py:208} INFO - Processing /home/airflow/.local/lib/python3.12/site-packages/airflow/example_dags/example_external_task_marker_dag.py took 0.091 seconds
[2024-11-08T14:47:30.583+0000] {processor.py:186} INFO - Started process (PID=1977) to work on /home/airflow/.local/lib/python3.12/site-packages/airflow/example_dags/example_external_task_marker_dag.py
[2024-11-08T14:47:30.585+0000] {processor.py:914} INFO - Processing file /home/airflow/.local/lib/python3.12/site-packages/airflow/example_dags/example_external_task_marker_dag.py for tasks to queue
[2024-11-08T14:47:30.588+0000] {logging_mixin.py:190} INFO - [2024-11-08T14:47:30.587+0000] {dagbag.py:588} INFO - Filling up the DagBag from /home/airflow/.local/lib/python3.12/site-packages/airflow/example_dags/example_external_task_marker_dag.py
[2024-11-08T14:47:30.596+0000] {processor.py:925} INFO - DAG(s) 'example_external_task_marker_parent', 'example_external_task_marker_child' retrieved from /home/airflow/.local/lib/python3.12/site-packages/airflow/example_dags/example_external_task_marker_dag.py
[2024-11-08T14:47:30.622+0000] {logging_mixin.py:190} INFO - [2024-11-08T14:47:30.622+0000] {dag.py:3239} INFO - Sync 2 DAGs
[2024-11-08T14:47:30.638+0000] {logging_mixin.py:190} INFO - [2024-11-08T14:47:30.638+0000] {dag.py:4180} INFO - Setting next_dagrun for example_external_task_marker_child to None, run_after=None
[2024-11-08T14:47:30.643+0000] {logging_mixin.py:190} INFO - [2024-11-08T14:47:30.643+0000] {dag.py:4180} INFO - Setting next_dagrun for example_external_task_marker_parent to None, run_after=None
[2024-11-08T14:47:30.843+0000] {processor.py:208} INFO - Processing /home/airflow/.local/lib/python3.12/site-packages/airflow/example_dags/example_external_task_marker_dag.py took 0.266 seconds
[2024-11-08T14:48:00.922+0000] {processor.py:186} INFO - Started process (PID=2040) to work on /home/airflow/.local/lib/python3.12/site-packages/airflow/example_dags/example_external_task_marker_dag.py
[2024-11-08T14:48:00.923+0000] {processor.py:914} INFO - Processing file /home/airflow/.local/lib/python3.12/site-packages/airflow/example_dags/example_external_task_marker_dag.py for tasks to queue
[2024-11-08T14:48:00.926+0000] {logging_mixin.py:190} INFO - [2024-11-08T14:48:00.926+0000] {dagbag.py:588} INFO - Filling up the DagBag from /home/airflow/.local/lib/python3.12/site-packages/airflow/example_dags/example_external_task_marker_dag.py
[2024-11-08T14:48:00.934+0000] {processor.py:925} INFO - DAG(s) 'example_external_task_marker_child', 'example_external_task_marker_parent' retrieved from /home/airflow/.local/lib/python3.12/site-packages/airflow/example_dags/example_external_task_marker_dag.py
[2024-11-08T14:48:00.959+0000] {logging_mixin.py:190} INFO - [2024-11-08T14:48:00.959+0000] {dag.py:3239} INFO - Sync 2 DAGs
[2024-11-08T14:48:00.974+0000] {logging_mixin.py:190} INFO - [2024-11-08T14:48:00.974+0000] {dag.py:4180} INFO - Setting next_dagrun for example_external_task_marker_child to None, run_after=None
[2024-11-08T14:48:00.979+0000] {logging_mixin.py:190} INFO - [2024-11-08T14:48:00.978+0000] {dag.py:4180} INFO - Setting next_dagrun for example_external_task_marker_parent to None, run_after=None
[2024-11-08T14:48:01.093+0000] {processor.py:208} INFO - Processing /home/airflow/.local/lib/python3.12/site-packages/airflow/example_dags/example_external_task_marker_dag.py took 0.178 seconds
[2024-11-08T14:48:31.340+0000] {processor.py:186} INFO - Started process (PID=2103) to work on /home/airflow/.local/lib/python3.12/site-packages/airflow/example_dags/example_external_task_marker_dag.py
[2024-11-08T14:48:31.341+0000] {processor.py:914} INFO - Processing file /home/airflow/.local/lib/python3.12/site-packages/airflow/example_dags/example_external_task_marker_dag.py for tasks to queue
[2024-11-08T14:48:31.343+0000] {logging_mixin.py:190} INFO - [2024-11-08T14:48:31.343+0000] {dagbag.py:588} INFO - Filling up the DagBag from /home/airflow/.local/lib/python3.12/site-packages/airflow/example_dags/example_external_task_marker_dag.py
[2024-11-08T14:48:31.351+0000] {processor.py:925} INFO - DAG(s) 'example_external_task_marker_child', 'example_external_task_marker_parent' retrieved from /home/airflow/.local/lib/python3.12/site-packages/airflow/example_dags/example_external_task_marker_dag.py
[2024-11-08T14:48:31.376+0000] {logging_mixin.py:190} INFO - [2024-11-08T14:48:31.376+0000] {dag.py:3239} INFO - Sync 2 DAGs
[2024-11-08T14:48:31.392+0000] {logging_mixin.py:190} INFO - [2024-11-08T14:48:31.392+0000] {dag.py:4180} INFO - Setting next_dagrun for example_external_task_marker_child to None, run_after=None
[2024-11-08T14:48:31.397+0000] {logging_mixin.py:190} INFO - [2024-11-08T14:48:31.397+0000] {dag.py:4180} INFO - Setting next_dagrun for example_external_task_marker_parent to None, run_after=None
[2024-11-08T14:48:31.441+0000] {processor.py:208} INFO - Processing /home/airflow/.local/lib/python3.12/site-packages/airflow/example_dags/example_external_task_marker_dag.py took 0.110 seconds
[2024-11-08T14:49:02.304+0000] {processor.py:186} INFO - Started process (PID=2166) to work on /home/airflow/.local/lib/python3.12/site-packages/airflow/example_dags/example_external_task_marker_dag.py
[2024-11-08T14:49:02.349+0000] {processor.py:914} INFO - Processing file /home/airflow/.local/lib/python3.12/site-packages/airflow/example_dags/example_external_task_marker_dag.py for tasks to queue
[2024-11-08T14:49:02.356+0000] {logging_mixin.py:190} INFO - [2024-11-08T14:49:02.355+0000] {dagbag.py:588} INFO - Filling up the DagBag from /home/airflow/.local/lib/python3.12/site-packages/airflow/example_dags/example_external_task_marker_dag.py
[2024-11-08T14:49:02.380+0000] {processor.py:925} INFO - DAG(s) 'example_external_task_marker_parent', 'example_external_task_marker_child' retrieved from /home/airflow/.local/lib/python3.12/site-packages/airflow/example_dags/example_external_task_marker_dag.py
[2024-11-08T14:49:02.411+0000] {logging_mixin.py:190} INFO - [2024-11-08T14:49:02.411+0000] {dag.py:3239} INFO - Sync 2 DAGs
[2024-11-08T14:49:02.427+0000] {logging_mixin.py:190} INFO - [2024-11-08T14:49:02.426+0000] {dag.py:4180} INFO - Setting next_dagrun for example_external_task_marker_child to None, run_after=None
[2024-11-08T14:49:02.432+0000] {logging_mixin.py:190} INFO - [2024-11-08T14:49:02.432+0000] {dag.py:4180} INFO - Setting next_dagrun for example_external_task_marker_parent to None, run_after=None
[2024-11-08T14:49:02.459+0000] {processor.py:208} INFO - Processing /home/airflow/.local/lib/python3.12/site-packages/airflow/example_dags/example_external_task_marker_dag.py took 0.160 seconds
[2024-11-08T14:49:33.356+0000] {processor.py:186} INFO - Started process (PID=2229) to work on /home/airflow/.local/lib/python3.12/site-packages/airflow/example_dags/example_external_task_marker_dag.py
[2024-11-08T14:49:33.358+0000] {processor.py:914} INFO - Processing file /home/airflow/.local/lib/python3.12/site-packages/airflow/example_dags/example_external_task_marker_dag.py for tasks to queue
[2024-11-08T14:49:33.361+0000] {logging_mixin.py:190} INFO - [2024-11-08T14:49:33.361+0000] {dagbag.py:588} INFO - Filling up the DagBag from /home/airflow/.local/lib/python3.12/site-packages/airflow/example_dags/example_external_task_marker_dag.py
[2024-11-08T14:49:33.371+0000] {processor.py:925} INFO - DAG(s) 'example_external_task_marker_child', 'example_external_task_marker_parent' retrieved from /home/airflow/.local/lib/python3.12/site-packages/airflow/example_dags/example_external_task_marker_dag.py
[2024-11-08T14:49:33.396+0000] {logging_mixin.py:190} INFO - [2024-11-08T14:49:33.396+0000] {dag.py:3239} INFO - Sync 2 DAGs
[2024-11-08T14:49:33.411+0000] {logging_mixin.py:190} INFO - [2024-11-08T14:49:33.411+0000] {dag.py:4180} INFO - Setting next_dagrun for example_external_task_marker_child to None, run_after=None
[2024-11-08T14:49:33.416+0000] {logging_mixin.py:190} INFO - [2024-11-08T14:49:33.415+0000] {dag.py:4180} INFO - Setting next_dagrun for example_external_task_marker_parent to None, run_after=None
[2024-11-08T14:49:33.439+0000] {processor.py:208} INFO - Processing /home/airflow/.local/lib/python3.12/site-packages/airflow/example_dags/example_external_task_marker_dag.py took 0.090 seconds
[2024-11-08T14:50:04.177+0000] {processor.py:186} INFO - Started process (PID=2292) to work on /home/airflow/.local/lib/python3.12/site-packages/airflow/example_dags/example_external_task_marker_dag.py
[2024-11-08T14:50:04.178+0000] {processor.py:914} INFO - Processing file /home/airflow/.local/lib/python3.12/site-packages/airflow/example_dags/example_external_task_marker_dag.py for tasks to queue
[2024-11-08T14:50:04.181+0000] {logging_mixin.py:190} INFO - [2024-11-08T14:50:04.180+0000] {dagbag.py:588} INFO - Filling up the DagBag from /home/airflow/.local/lib/python3.12/site-packages/airflow/example_dags/example_external_task_marker_dag.py
[2024-11-08T14:50:04.189+0000] {processor.py:925} INFO - DAG(s) 'example_external_task_marker_parent', 'example_external_task_marker_child' retrieved from /home/airflow/.local/lib/python3.12/site-packages/airflow/example_dags/example_external_task_marker_dag.py
[2024-11-08T14:50:04.216+0000] {logging_mixin.py:190} INFO - [2024-11-08T14:50:04.215+0000] {dag.py:3239} INFO - Sync 2 DAGs
[2024-11-08T14:50:04.231+0000] {logging_mixin.py:190} INFO - [2024-11-08T14:50:04.231+0000] {dag.py:4180} INFO - Setting next_dagrun for example_external_task_marker_child to None, run_after=None
[2024-11-08T14:50:04.236+0000] {logging_mixin.py:190} INFO - [2024-11-08T14:50:04.236+0000] {dag.py:4180} INFO - Setting next_dagrun for example_external_task_marker_parent to None, run_after=None
[2024-11-08T14:50:04.261+0000] {processor.py:208} INFO - Processing /home/airflow/.local/lib/python3.12/site-packages/airflow/example_dags/example_external_task_marker_dag.py took 0.091 seconds
[2024-11-08T14:50:34.677+0000] {processor.py:186} INFO - Started process (PID=2355) to work on /home/airflow/.local/lib/python3.12/site-packages/airflow/example_dags/example_external_task_marker_dag.py
[2024-11-08T14:50:34.678+0000] {processor.py:914} INFO - Processing file /home/airflow/.local/lib/python3.12/site-packages/airflow/example_dags/example_external_task_marker_dag.py for tasks to queue
[2024-11-08T14:50:34.680+0000] {logging_mixin.py:190} INFO - [2024-11-08T14:50:34.680+0000] {dagbag.py:588} INFO - Filling up the DagBag from /home/airflow/.local/lib/python3.12/site-packages/airflow/example_dags/example_external_task_marker_dag.py
[2024-11-08T14:50:34.688+0000] {processor.py:925} INFO - DAG(s) 'example_external_task_marker_parent', 'example_external_task_marker_child' retrieved from /home/airflow/.local/lib/python3.12/site-packages/airflow/example_dags/example_external_task_marker_dag.py
[2024-11-08T14:50:34.715+0000] {logging_mixin.py:190} INFO - [2024-11-08T14:50:34.715+0000] {dag.py:3239} INFO - Sync 2 DAGs
[2024-11-08T14:50:34.730+0000] {logging_mixin.py:190} INFO - [2024-11-08T14:50:34.730+0000] {dag.py:4180} INFO - Setting next_dagrun for example_external_task_marker_child to None, run_after=None
[2024-11-08T14:50:34.735+0000] {logging_mixin.py:190} INFO - [2024-11-08T14:50:34.735+0000] {dag.py:4180} INFO - Setting next_dagrun for example_external_task_marker_parent to None, run_after=None
[2024-11-08T14:50:34.787+0000] {processor.py:208} INFO - Processing /home/airflow/.local/lib/python3.12/site-packages/airflow/example_dags/example_external_task_marker_dag.py took 0.117 seconds
[2024-11-08T14:51:05.180+0000] {processor.py:186} INFO - Started process (PID=2418) to work on /home/airflow/.local/lib/python3.12/site-packages/airflow/example_dags/example_external_task_marker_dag.py
[2024-11-08T14:51:05.181+0000] {processor.py:914} INFO - Processing file /home/airflow/.local/lib/python3.12/site-packages/airflow/example_dags/example_external_task_marker_dag.py for tasks to queue
[2024-11-08T14:51:05.184+0000] {logging_mixin.py:190} INFO - [2024-11-08T14:51:05.184+0000] {dagbag.py:588} INFO - Filling up the DagBag from /home/airflow/.local/lib/python3.12/site-packages/airflow/example_dags/example_external_task_marker_dag.py
[2024-11-08T14:51:05.204+0000] {processor.py:925} INFO - DAG(s) 'example_external_task_marker_child', 'example_external_task_marker_parent' retrieved from /home/airflow/.local/lib/python3.12/site-packages/airflow/example_dags/example_external_task_marker_dag.py
[2024-11-08T14:51:05.252+0000] {logging_mixin.py:190} INFO - [2024-11-08T14:51:05.251+0000] {dag.py:3239} INFO - Sync 2 DAGs
[2024-11-08T14:51:05.297+0000] {logging_mixin.py:190} INFO - [2024-11-08T14:51:05.297+0000] {dag.py:4180} INFO - Setting next_dagrun for example_external_task_marker_child to None, run_after=None
[2024-11-08T14:51:05.312+0000] {logging_mixin.py:190} INFO - [2024-11-08T14:51:05.306+0000] {dag.py:4180} INFO - Setting next_dagrun for example_external_task_marker_parent to None, run_after=None
[2024-11-08T14:51:05.378+0000] {processor.py:208} INFO - Processing /home/airflow/.local/lib/python3.12/site-packages/airflow/example_dags/example_external_task_marker_dag.py took 0.214 seconds
[2024-11-08T14:51:35.591+0000] {processor.py:186} INFO - Started process (PID=2480) to work on /home/airflow/.local/lib/python3.12/site-packages/airflow/example_dags/example_external_task_marker_dag.py
[2024-11-08T14:51:35.593+0000] {processor.py:914} INFO - Processing file /home/airflow/.local/lib/python3.12/site-packages/airflow/example_dags/example_external_task_marker_dag.py for tasks to queue
[2024-11-08T14:51:35.595+0000] {logging_mixin.py:190} INFO - [2024-11-08T14:51:35.595+0000] {dagbag.py:588} INFO - Filling up the DagBag from /home/airflow/.local/lib/python3.12/site-packages/airflow/example_dags/example_external_task_marker_dag.py
[2024-11-08T14:51:35.603+0000] {processor.py:925} INFO - DAG(s) 'example_external_task_marker_parent', 'example_external_task_marker_child' retrieved from /home/airflow/.local/lib/python3.12/site-packages/airflow/example_dags/example_external_task_marker_dag.py
[2024-11-08T14:51:35.627+0000] {logging_mixin.py:190} INFO - [2024-11-08T14:51:35.626+0000] {dag.py:3239} INFO - Sync 2 DAGs
[2024-11-08T14:51:35.641+0000] {logging_mixin.py:190} INFO - [2024-11-08T14:51:35.641+0000] {dag.py:4180} INFO - Setting next_dagrun for example_external_task_marker_child to None, run_after=None
[2024-11-08T14:51:35.646+0000] {logging_mixin.py:190} INFO - [2024-11-08T14:51:35.646+0000] {dag.py:4180} INFO - Setting next_dagrun for example_external_task_marker_parent to None, run_after=None
[2024-11-08T14:51:35.724+0000] {processor.py:208} INFO - Processing /home/airflow/.local/lib/python3.12/site-packages/airflow/example_dags/example_external_task_marker_dag.py took 0.139 seconds
[2024-11-08T14:52:06.081+0000] {processor.py:186} INFO - Started process (PID=2543) to work on /home/airflow/.local/lib/python3.12/site-packages/airflow/example_dags/example_external_task_marker_dag.py
[2024-11-08T14:52:06.082+0000] {processor.py:914} INFO - Processing file /home/airflow/.local/lib/python3.12/site-packages/airflow/example_dags/example_external_task_marker_dag.py for tasks to queue
[2024-11-08T14:52:06.085+0000] {logging_mixin.py:190} INFO - [2024-11-08T14:52:06.084+0000] {dagbag.py:588} INFO - Filling up the DagBag from /home/airflow/.local/lib/python3.12/site-packages/airflow/example_dags/example_external_task_marker_dag.py
[2024-11-08T14:52:06.095+0000] {processor.py:925} INFO - DAG(s) 'example_external_task_marker_parent', 'example_external_task_marker_child' retrieved from /home/airflow/.local/lib/python3.12/site-packages/airflow/example_dags/example_external_task_marker_dag.py
[2024-11-08T14:52:06.122+0000] {logging_mixin.py:190} INFO - [2024-11-08T14:52:06.122+0000] {dag.py:3239} INFO - Sync 2 DAGs
[2024-11-08T14:52:06.141+0000] {logging_mixin.py:190} INFO - [2024-11-08T14:52:06.141+0000] {dag.py:4180} INFO - Setting next_dagrun for example_external_task_marker_child to None, run_after=None
[2024-11-08T14:52:06.145+0000] {logging_mixin.py:190} INFO - [2024-11-08T14:52:06.145+0000] {dag.py:4180} INFO - Setting next_dagrun for example_external_task_marker_parent to None, run_after=None
[2024-11-08T14:52:06.220+0000] {processor.py:208} INFO - Processing /home/airflow/.local/lib/python3.12/site-packages/airflow/example_dags/example_external_task_marker_dag.py took 0.145 seconds
[2024-11-08T14:52:38.881+0000] {processor.py:186} INFO - Started process (PID=2607) to work on /home/airflow/.local/lib/python3.12/site-packages/airflow/example_dags/example_external_task_marker_dag.py
[2024-11-08T14:52:38.884+0000] {processor.py:914} INFO - Processing file /home/airflow/.local/lib/python3.12/site-packages/airflow/example_dags/example_external_task_marker_dag.py for tasks to queue
[2024-11-08T14:52:38.887+0000] {logging_mixin.py:190} INFO - [2024-11-08T14:52:38.886+0000] {dagbag.py:588} INFO - Filling up the DagBag from /home/airflow/.local/lib/python3.12/site-packages/airflow/example_dags/example_external_task_marker_dag.py
[2024-11-08T14:52:38.896+0000] {processor.py:925} INFO - DAG(s) 'example_external_task_marker_parent', 'example_external_task_marker_child' retrieved from /home/airflow/.local/lib/python3.12/site-packages/airflow/example_dags/example_external_task_marker_dag.py
[2024-11-08T14:52:38.922+0000] {logging_mixin.py:190} INFO - [2024-11-08T14:52:38.921+0000] {dag.py:3239} INFO - Sync 2 DAGs
[2024-11-08T14:52:38.938+0000] {logging_mixin.py:190} INFO - [2024-11-08T14:52:38.938+0000] {dag.py:4180} INFO - Setting next_dagrun for example_external_task_marker_child to None, run_after=None
[2024-11-08T14:52:38.943+0000] {logging_mixin.py:190} INFO - [2024-11-08T14:52:38.943+0000] {dag.py:4180} INFO - Setting next_dagrun for example_external_task_marker_parent to None, run_after=None
[2024-11-08T14:52:38.972+0000] {processor.py:208} INFO - Processing /home/airflow/.local/lib/python3.12/site-packages/airflow/example_dags/example_external_task_marker_dag.py took 0.098 seconds
[2024-11-08T14:53:10.244+0000] {processor.py:186} INFO - Started process (PID=2670) to work on /home/airflow/.local/lib/python3.12/site-packages/airflow/example_dags/example_external_task_marker_dag.py
[2024-11-08T14:53:10.245+0000] {processor.py:914} INFO - Processing file /home/airflow/.local/lib/python3.12/site-packages/airflow/example_dags/example_external_task_marker_dag.py for tasks to queue
[2024-11-08T14:53:10.248+0000] {logging_mixin.py:190} INFO - [2024-11-08T14:53:10.248+0000] {dagbag.py:588} INFO - Filling up the DagBag from /home/airflow/.local/lib/python3.12/site-packages/airflow/example_dags/example_external_task_marker_dag.py
[2024-11-08T14:53:10.256+0000] {processor.py:925} INFO - DAG(s) 'example_external_task_marker_child', 'example_external_task_marker_parent' retrieved from /home/airflow/.local/lib/python3.12/site-packages/airflow/example_dags/example_external_task_marker_dag.py
[2024-11-08T14:53:10.278+0000] {logging_mixin.py:190} INFO - [2024-11-08T14:53:10.278+0000] {dag.py:3239} INFO - Sync 2 DAGs
[2024-11-08T14:53:10.295+0000] {logging_mixin.py:190} INFO - [2024-11-08T14:53:10.294+0000] {dag.py:4180} INFO - Setting next_dagrun for example_external_task_marker_child to None, run_after=None
[2024-11-08T14:53:10.300+0000] {logging_mixin.py:190} INFO - [2024-11-08T14:53:10.299+0000] {dag.py:4180} INFO - Setting next_dagrun for example_external_task_marker_parent to None, run_after=None
[2024-11-08T14:53:10.408+0000] {processor.py:208} INFO - Processing /home/airflow/.local/lib/python3.12/site-packages/airflow/example_dags/example_external_task_marker_dag.py took 0.169 seconds
[2024-11-08T14:53:41.195+0000] {processor.py:186} INFO - Started process (PID=2733) to work on /home/airflow/.local/lib/python3.12/site-packages/airflow/example_dags/example_external_task_marker_dag.py
[2024-11-08T14:53:41.196+0000] {processor.py:914} INFO - Processing file /home/airflow/.local/lib/python3.12/site-packages/airflow/example_dags/example_external_task_marker_dag.py for tasks to queue
[2024-11-08T14:53:41.198+0000] {logging_mixin.py:190} INFO - [2024-11-08T14:53:41.198+0000] {dagbag.py:588} INFO - Filling up the DagBag from /home/airflow/.local/lib/python3.12/site-packages/airflow/example_dags/example_external_task_marker_dag.py
[2024-11-08T14:53:41.206+0000] {processor.py:925} INFO - DAG(s) 'example_external_task_marker_parent', 'example_external_task_marker_child' retrieved from /home/airflow/.local/lib/python3.12/site-packages/airflow/example_dags/example_external_task_marker_dag.py
[2024-11-08T14:53:41.228+0000] {logging_mixin.py:190} INFO - [2024-11-08T14:53:41.228+0000] {dag.py:3239} INFO - Sync 2 DAGs
[2024-11-08T14:53:41.243+0000] {logging_mixin.py:190} INFO - [2024-11-08T14:53:41.243+0000] {dag.py:4180} INFO - Setting next_dagrun for example_external_task_marker_child to None, run_after=None
[2024-11-08T14:53:41.247+0000] {logging_mixin.py:190} INFO - [2024-11-08T14:53:41.247+0000] {dag.py:4180} INFO - Setting next_dagrun for example_external_task_marker_parent to None, run_after=None
[2024-11-08T14:53:41.284+0000] {processor.py:208} INFO - Processing /home/airflow/.local/lib/python3.12/site-packages/airflow/example_dags/example_external_task_marker_dag.py took 0.095 seconds
[2024-11-08T14:54:12.653+0000] {processor.py:186} INFO - Started process (PID=2791) to work on /home/airflow/.local/lib/python3.12/site-packages/airflow/example_dags/example_external_task_marker_dag.py
[2024-11-08T14:54:12.654+0000] {processor.py:914} INFO - Processing file /home/airflow/.local/lib/python3.12/site-packages/airflow/example_dags/example_external_task_marker_dag.py for tasks to queue
[2024-11-08T14:54:12.657+0000] {logging_mixin.py:190} INFO - [2024-11-08T14:54:12.656+0000] {dagbag.py:588} INFO - Filling up the DagBag from /home/airflow/.local/lib/python3.12/site-packages/airflow/example_dags/example_external_task_marker_dag.py
[2024-11-08T14:54:12.664+0000] {processor.py:925} INFO - DAG(s) 'example_external_task_marker_child', 'example_external_task_marker_parent' retrieved from /home/airflow/.local/lib/python3.12/site-packages/airflow/example_dags/example_external_task_marker_dag.py
[2024-11-08T14:54:12.689+0000] {logging_mixin.py:190} INFO - [2024-11-08T14:54:12.689+0000] {dag.py:3239} INFO - Sync 2 DAGs
[2024-11-08T14:54:12.704+0000] {logging_mixin.py:190} INFO - [2024-11-08T14:54:12.704+0000] {dag.py:4180} INFO - Setting next_dagrun for example_external_task_marker_child to None, run_after=None
[2024-11-08T14:54:12.709+0000] {logging_mixin.py:190} INFO - [2024-11-08T14:54:12.708+0000] {dag.py:4180} INFO - Setting next_dagrun for example_external_task_marker_parent to None, run_after=None
[2024-11-08T14:54:12.729+0000] {processor.py:208} INFO - Processing /home/airflow/.local/lib/python3.12/site-packages/airflow/example_dags/example_external_task_marker_dag.py took 0.082 seconds
[2024-11-08T14:54:43.241+0000] {processor.py:186} INFO - Started process (PID=2849) to work on /home/airflow/.local/lib/python3.12/site-packages/airflow/example_dags/example_external_task_marker_dag.py
[2024-11-08T14:54:43.242+0000] {processor.py:914} INFO - Processing file /home/airflow/.local/lib/python3.12/site-packages/airflow/example_dags/example_external_task_marker_dag.py for tasks to queue
[2024-11-08T14:54:43.244+0000] {logging_mixin.py:190} INFO - [2024-11-08T14:54:43.244+0000] {dagbag.py:588} INFO - Filling up the DagBag from /home/airflow/.local/lib/python3.12/site-packages/airflow/example_dags/example_external_task_marker_dag.py
[2024-11-08T14:54:43.258+0000] {processor.py:925} INFO - DAG(s) 'example_external_task_marker_parent', 'example_external_task_marker_child' retrieved from /home/airflow/.local/lib/python3.12/site-packages/airflow/example_dags/example_external_task_marker_dag.py
[2024-11-08T14:54:43.289+0000] {logging_mixin.py:190} INFO - [2024-11-08T14:54:43.288+0000] {dag.py:3239} INFO - Sync 2 DAGs
[2024-11-08T14:54:43.308+0000] {logging_mixin.py:190} INFO - [2024-11-08T14:54:43.307+0000] {dag.py:4180} INFO - Setting next_dagrun for example_external_task_marker_child to None, run_after=None
[2024-11-08T14:54:43.313+0000] {logging_mixin.py:190} INFO - [2024-11-08T14:54:43.312+0000] {dag.py:4180} INFO - Setting next_dagrun for example_external_task_marker_parent to None, run_after=None
[2024-11-08T14:54:43.340+0000] {processor.py:208} INFO - Processing /home/airflow/.local/lib/python3.12/site-packages/airflow/example_dags/example_external_task_marker_dag.py took 0.105 seconds
[2024-11-08T14:55:13.742+0000] {processor.py:186} INFO - Started process (PID=2909) to work on /home/airflow/.local/lib/python3.12/site-packages/airflow/example_dags/example_external_task_marker_dag.py
[2024-11-08T14:55:13.743+0000] {processor.py:914} INFO - Processing file /home/airflow/.local/lib/python3.12/site-packages/airflow/example_dags/example_external_task_marker_dag.py for tasks to queue
[2024-11-08T14:55:13.746+0000] {logging_mixin.py:190} INFO - [2024-11-08T14:55:13.746+0000] {dagbag.py:588} INFO - Filling up the DagBag from /home/airflow/.local/lib/python3.12/site-packages/airflow/example_dags/example_external_task_marker_dag.py
[2024-11-08T14:55:13.754+0000] {processor.py:925} INFO - DAG(s) 'example_external_task_marker_child', 'example_external_task_marker_parent' retrieved from /home/airflow/.local/lib/python3.12/site-packages/airflow/example_dags/example_external_task_marker_dag.py
[2024-11-08T14:55:13.780+0000] {logging_mixin.py:190} INFO - [2024-11-08T14:55:13.780+0000] {dag.py:3239} INFO - Sync 2 DAGs
[2024-11-08T14:55:13.795+0000] {logging_mixin.py:190} INFO - [2024-11-08T14:55:13.795+0000] {dag.py:4180} INFO - Setting next_dagrun for example_external_task_marker_child to None, run_after=None
[2024-11-08T14:55:13.799+0000] {logging_mixin.py:190} INFO - [2024-11-08T14:55:13.799+0000] {dag.py:4180} INFO - Setting next_dagrun for example_external_task_marker_parent to None, run_after=None
[2024-11-08T14:55:13.820+0000] {processor.py:208} INFO - Processing /home/airflow/.local/lib/python3.12/site-packages/airflow/example_dags/example_external_task_marker_dag.py took 0.084 seconds
[2024-11-08T14:55:44.333+0000] {processor.py:186} INFO - Started process (PID=2971) to work on /home/airflow/.local/lib/python3.12/site-packages/airflow/example_dags/example_external_task_marker_dag.py
[2024-11-08T14:55:44.334+0000] {processor.py:914} INFO - Processing file /home/airflow/.local/lib/python3.12/site-packages/airflow/example_dags/example_external_task_marker_dag.py for tasks to queue
[2024-11-08T14:55:44.337+0000] {logging_mixin.py:190} INFO - [2024-11-08T14:55:44.336+0000] {dagbag.py:588} INFO - Filling up the DagBag from /home/airflow/.local/lib/python3.12/site-packages/airflow/example_dags/example_external_task_marker_dag.py
[2024-11-08T14:55:44.347+0000] {processor.py:925} INFO - DAG(s) 'example_external_task_marker_child', 'example_external_task_marker_parent' retrieved from /home/airflow/.local/lib/python3.12/site-packages/airflow/example_dags/example_external_task_marker_dag.py
[2024-11-08T14:55:44.370+0000] {logging_mixin.py:190} INFO - [2024-11-08T14:55:44.370+0000] {dag.py:3239} INFO - Sync 2 DAGs
[2024-11-08T14:55:44.569+0000] {logging_mixin.py:190} INFO - [2024-11-08T14:55:44.569+0000] {dag.py:4180} INFO - Setting next_dagrun for example_external_task_marker_child to None, run_after=None
[2024-11-08T14:55:44.574+0000] {logging_mixin.py:190} INFO - [2024-11-08T14:55:44.573+0000] {dag.py:4180} INFO - Setting next_dagrun for example_external_task_marker_parent to None, run_after=None
[2024-11-08T14:55:44.600+0000] {processor.py:208} INFO - Processing /home/airflow/.local/lib/python3.12/site-packages/airflow/example_dags/example_external_task_marker_dag.py took 0.274 seconds
[2024-11-08T14:56:14.886+0000] {processor.py:186} INFO - Started process (PID=3034) to work on /home/airflow/.local/lib/python3.12/site-packages/airflow/example_dags/example_external_task_marker_dag.py
[2024-11-08T14:56:14.888+0000] {processor.py:914} INFO - Processing file /home/airflow/.local/lib/python3.12/site-packages/airflow/example_dags/example_external_task_marker_dag.py for tasks to queue
[2024-11-08T14:56:14.894+0000] {logging_mixin.py:190} INFO - [2024-11-08T14:56:14.894+0000] {dagbag.py:588} INFO - Filling up the DagBag from /home/airflow/.local/lib/python3.12/site-packages/airflow/example_dags/example_external_task_marker_dag.py
[2024-11-08T14:56:14.910+0000] {processor.py:925} INFO - DAG(s) 'example_external_task_marker_parent', 'example_external_task_marker_child' retrieved from /home/airflow/.local/lib/python3.12/site-packages/airflow/example_dags/example_external_task_marker_dag.py
[2024-11-08T14:56:14.944+0000] {logging_mixin.py:190} INFO - [2024-11-08T14:56:14.944+0000] {dag.py:3239} INFO - Sync 2 DAGs
[2024-11-08T14:56:14.966+0000] {logging_mixin.py:190} INFO - [2024-11-08T14:56:14.966+0000] {dag.py:4180} INFO - Setting next_dagrun for example_external_task_marker_child to None, run_after=None
[2024-11-08T14:56:14.971+0000] {logging_mixin.py:190} INFO - [2024-11-08T14:56:14.971+0000] {dag.py:4180} INFO - Setting next_dagrun for example_external_task_marker_parent to None, run_after=None
[2024-11-08T14:56:15.003+0000] {processor.py:208} INFO - Processing /home/airflow/.local/lib/python3.12/site-packages/airflow/example_dags/example_external_task_marker_dag.py took 0.127 seconds
[2024-11-08T14:56:46.478+0000] {processor.py:186} INFO - Started process (PID=3097) to work on /home/airflow/.local/lib/python3.12/site-packages/airflow/example_dags/example_external_task_marker_dag.py
[2024-11-08T14:56:46.479+0000] {processor.py:914} INFO - Processing file /home/airflow/.local/lib/python3.12/site-packages/airflow/example_dags/example_external_task_marker_dag.py for tasks to queue
[2024-11-08T14:56:46.481+0000] {logging_mixin.py:190} INFO - [2024-11-08T14:56:46.481+0000] {dagbag.py:588} INFO - Filling up the DagBag from /home/airflow/.local/lib/python3.12/site-packages/airflow/example_dags/example_external_task_marker_dag.py
[2024-11-08T14:56:46.491+0000] {processor.py:925} INFO - DAG(s) 'example_external_task_marker_child', 'example_external_task_marker_parent' retrieved from /home/airflow/.local/lib/python3.12/site-packages/airflow/example_dags/example_external_task_marker_dag.py
[2024-11-08T14:56:46.518+0000] {logging_mixin.py:190} INFO - [2024-11-08T14:56:46.517+0000] {dag.py:3239} INFO - Sync 2 DAGs
[2024-11-08T14:56:46.541+0000] {logging_mixin.py:190} INFO - [2024-11-08T14:56:46.540+0000] {dag.py:4180} INFO - Setting next_dagrun for example_external_task_marker_child to None, run_after=None
[2024-11-08T14:56:46.548+0000] {logging_mixin.py:190} INFO - [2024-11-08T14:56:46.548+0000] {dag.py:4180} INFO - Setting next_dagrun for example_external_task_marker_parent to None, run_after=None
[2024-11-08T14:56:46.617+0000] {processor.py:208} INFO - Processing /home/airflow/.local/lib/python3.12/site-packages/airflow/example_dags/example_external_task_marker_dag.py took 0.147 seconds
[2024-11-08T14:57:17.660+0000] {processor.py:186} INFO - Started process (PID=3160) to work on /home/airflow/.local/lib/python3.12/site-packages/airflow/example_dags/example_external_task_marker_dag.py
[2024-11-08T14:57:17.663+0000] {processor.py:914} INFO - Processing file /home/airflow/.local/lib/python3.12/site-packages/airflow/example_dags/example_external_task_marker_dag.py for tasks to queue
[2024-11-08T14:57:17.667+0000] {logging_mixin.py:190} INFO - [2024-11-08T14:57:17.667+0000] {dagbag.py:588} INFO - Filling up the DagBag from /home/airflow/.local/lib/python3.12/site-packages/airflow/example_dags/example_external_task_marker_dag.py
[2024-11-08T14:57:17.680+0000] {processor.py:925} INFO - DAG(s) 'example_external_task_marker_parent', 'example_external_task_marker_child' retrieved from /home/airflow/.local/lib/python3.12/site-packages/airflow/example_dags/example_external_task_marker_dag.py
[2024-11-08T14:57:17.958+0000] {logging_mixin.py:190} INFO - [2024-11-08T14:57:17.958+0000] {dag.py:3239} INFO - Sync 2 DAGs
[2024-11-08T14:57:17.976+0000] {logging_mixin.py:190} INFO - [2024-11-08T14:57:17.976+0000] {dag.py:4180} INFO - Setting next_dagrun for example_external_task_marker_child to None, run_after=None
[2024-11-08T14:57:17.980+0000] {logging_mixin.py:190} INFO - [2024-11-08T14:57:17.980+0000] {dag.py:4180} INFO - Setting next_dagrun for example_external_task_marker_parent to None, run_after=None
[2024-11-08T14:57:18.062+0000] {processor.py:208} INFO - Processing /home/airflow/.local/lib/python3.12/site-packages/airflow/example_dags/example_external_task_marker_dag.py took 0.412 seconds
[2024-11-08T14:57:48.494+0000] {processor.py:186} INFO - Started process (PID=3222) to work on /home/airflow/.local/lib/python3.12/site-packages/airflow/example_dags/example_external_task_marker_dag.py
[2024-11-08T14:57:48.495+0000] {processor.py:914} INFO - Processing file /home/airflow/.local/lib/python3.12/site-packages/airflow/example_dags/example_external_task_marker_dag.py for tasks to queue
[2024-11-08T14:57:48.497+0000] {logging_mixin.py:190} INFO - [2024-11-08T14:57:48.497+0000] {dagbag.py:588} INFO - Filling up the DagBag from /home/airflow/.local/lib/python3.12/site-packages/airflow/example_dags/example_external_task_marker_dag.py
[2024-11-08T14:57:48.505+0000] {processor.py:925} INFO - DAG(s) 'example_external_task_marker_parent', 'example_external_task_marker_child' retrieved from /home/airflow/.local/lib/python3.12/site-packages/airflow/example_dags/example_external_task_marker_dag.py
[2024-11-08T14:57:48.528+0000] {logging_mixin.py:190} INFO - [2024-11-08T14:57:48.528+0000] {dag.py:3239} INFO - Sync 2 DAGs
[2024-11-08T14:57:48.544+0000] {logging_mixin.py:190} INFO - [2024-11-08T14:57:48.544+0000] {dag.py:4180} INFO - Setting next_dagrun for example_external_task_marker_child to None, run_after=None
[2024-11-08T14:57:48.549+0000] {logging_mixin.py:190} INFO - [2024-11-08T14:57:48.549+0000] {dag.py:4180} INFO - Setting next_dagrun for example_external_task_marker_parent to None, run_after=None
[2024-11-08T14:57:48.585+0000] {processor.py:208} INFO - Processing /home/airflow/.local/lib/python3.12/site-packages/airflow/example_dags/example_external_task_marker_dag.py took 0.097 seconds
[2024-11-08T14:58:18.638+0000] {processor.py:186} INFO - Started process (PID=3285) to work on /home/airflow/.local/lib/python3.12/site-packages/airflow/example_dags/example_external_task_marker_dag.py
[2024-11-08T14:58:18.639+0000] {processor.py:914} INFO - Processing file /home/airflow/.local/lib/python3.12/site-packages/airflow/example_dags/example_external_task_marker_dag.py for tasks to queue
[2024-11-08T14:58:18.642+0000] {logging_mixin.py:190} INFO - [2024-11-08T14:58:18.642+0000] {dagbag.py:588} INFO - Filling up the DagBag from /home/airflow/.local/lib/python3.12/site-packages/airflow/example_dags/example_external_task_marker_dag.py
[2024-11-08T14:58:18.651+0000] {processor.py:925} INFO - DAG(s) 'example_external_task_marker_parent', 'example_external_task_marker_child' retrieved from /home/airflow/.local/lib/python3.12/site-packages/airflow/example_dags/example_external_task_marker_dag.py
[2024-11-08T14:58:18.678+0000] {logging_mixin.py:190} INFO - [2024-11-08T14:58:18.678+0000] {dag.py:3239} INFO - Sync 2 DAGs
[2024-11-08T14:58:18.695+0000] {logging_mixin.py:190} INFO - [2024-11-08T14:58:18.695+0000] {dag.py:4180} INFO - Setting next_dagrun for example_external_task_marker_child to None, run_after=None
[2024-11-08T14:58:18.699+0000] {logging_mixin.py:190} INFO - [2024-11-08T14:58:18.699+0000] {dag.py:4180} INFO - Setting next_dagrun for example_external_task_marker_parent to None, run_after=None
[2024-11-08T14:58:18.726+0000] {processor.py:208} INFO - Processing /home/airflow/.local/lib/python3.12/site-packages/airflow/example_dags/example_external_task_marker_dag.py took 0.093 seconds
[2024-11-08T14:58:49.151+0000] {processor.py:186} INFO - Started process (PID=3348) to work on /home/airflow/.local/lib/python3.12/site-packages/airflow/example_dags/example_external_task_marker_dag.py
[2024-11-08T14:58:49.152+0000] {processor.py:914} INFO - Processing file /home/airflow/.local/lib/python3.12/site-packages/airflow/example_dags/example_external_task_marker_dag.py for tasks to queue
[2024-11-08T14:58:49.154+0000] {logging_mixin.py:190} INFO - [2024-11-08T14:58:49.154+0000] {dagbag.py:588} INFO - Filling up the DagBag from /home/airflow/.local/lib/python3.12/site-packages/airflow/example_dags/example_external_task_marker_dag.py
[2024-11-08T14:58:49.162+0000] {processor.py:925} INFO - DAG(s) 'example_external_task_marker_parent', 'example_external_task_marker_child' retrieved from /home/airflow/.local/lib/python3.12/site-packages/airflow/example_dags/example_external_task_marker_dag.py
[2024-11-08T14:58:49.186+0000] {logging_mixin.py:190} INFO - [2024-11-08T14:58:49.185+0000] {dag.py:3239} INFO - Sync 2 DAGs
[2024-11-08T14:58:49.200+0000] {logging_mixin.py:190} INFO - [2024-11-08T14:58:49.200+0000] {dag.py:4180} INFO - Setting next_dagrun for example_external_task_marker_child to None, run_after=None
[2024-11-08T14:58:49.205+0000] {logging_mixin.py:190} INFO - [2024-11-08T14:58:49.204+0000] {dag.py:4180} INFO - Setting next_dagrun for example_external_task_marker_parent to None, run_after=None
[2024-11-08T14:58:49.358+0000] {processor.py:208} INFO - Processing /home/airflow/.local/lib/python3.12/site-packages/airflow/example_dags/example_external_task_marker_dag.py took 0.214 seconds
[2024-11-08T14:59:19.617+0000] {processor.py:186} INFO - Started process (PID=3411) to work on /home/airflow/.local/lib/python3.12/site-packages/airflow/example_dags/example_external_task_marker_dag.py
[2024-11-08T14:59:19.618+0000] {processor.py:914} INFO - Processing file /home/airflow/.local/lib/python3.12/site-packages/airflow/example_dags/example_external_task_marker_dag.py for tasks to queue
[2024-11-08T14:59:19.620+0000] {logging_mixin.py:190} INFO - [2024-11-08T14:59:19.620+0000] {dagbag.py:588} INFO - Filling up the DagBag from /home/airflow/.local/lib/python3.12/site-packages/airflow/example_dags/example_external_task_marker_dag.py
[2024-11-08T14:59:19.627+0000] {processor.py:925} INFO - DAG(s) 'example_external_task_marker_child', 'example_external_task_marker_parent' retrieved from /home/airflow/.local/lib/python3.12/site-packages/airflow/example_dags/example_external_task_marker_dag.py
[2024-11-08T14:59:19.651+0000] {logging_mixin.py:190} INFO - [2024-11-08T14:59:19.651+0000] {dag.py:3239} INFO - Sync 2 DAGs
[2024-11-08T14:59:19.664+0000] {logging_mixin.py:190} INFO - [2024-11-08T14:59:19.664+0000] {dag.py:4180} INFO - Setting next_dagrun for example_external_task_marker_child to None, run_after=None
[2024-11-08T14:59:19.668+0000] {logging_mixin.py:190} INFO - [2024-11-08T14:59:19.668+0000] {dag.py:4180} INFO - Setting next_dagrun for example_external_task_marker_parent to None, run_after=None
[2024-11-08T14:59:19.725+0000] {processor.py:208} INFO - Processing /home/airflow/.local/lib/python3.12/site-packages/airflow/example_dags/example_external_task_marker_dag.py took 0.114 seconds
[2024-11-08T14:59:49.930+0000] {processor.py:186} INFO - Started process (PID=3473) to work on /home/airflow/.local/lib/python3.12/site-packages/airflow/example_dags/example_external_task_marker_dag.py
[2024-11-08T14:59:49.931+0000] {processor.py:914} INFO - Processing file /home/airflow/.local/lib/python3.12/site-packages/airflow/example_dags/example_external_task_marker_dag.py for tasks to queue
[2024-11-08T14:59:49.934+0000] {logging_mixin.py:190} INFO - [2024-11-08T14:59:49.933+0000] {dagbag.py:588} INFO - Filling up the DagBag from /home/airflow/.local/lib/python3.12/site-packages/airflow/example_dags/example_external_task_marker_dag.py
[2024-11-08T14:59:49.942+0000] {processor.py:925} INFO - DAG(s) 'example_external_task_marker_parent', 'example_external_task_marker_child' retrieved from /home/airflow/.local/lib/python3.12/site-packages/airflow/example_dags/example_external_task_marker_dag.py
[2024-11-08T14:59:49.965+0000] {logging_mixin.py:190} INFO - [2024-11-08T14:59:49.965+0000] {dag.py:3239} INFO - Sync 2 DAGs
[2024-11-08T14:59:49.980+0000] {logging_mixin.py:190} INFO - [2024-11-08T14:59:49.980+0000] {dag.py:4180} INFO - Setting next_dagrun for example_external_task_marker_child to None, run_after=None
[2024-11-08T14:59:49.984+0000] {logging_mixin.py:190} INFO - [2024-11-08T14:59:49.984+0000] {dag.py:4180} INFO - Setting next_dagrun for example_external_task_marker_parent to None, run_after=None
[2024-11-08T14:59:50.012+0000] {processor.py:208} INFO - Processing /home/airflow/.local/lib/python3.12/site-packages/airflow/example_dags/example_external_task_marker_dag.py took 0.087 seconds
[2024-11-08T15:00:20.915+0000] {processor.py:186} INFO - Started process (PID=3536) to work on /home/airflow/.local/lib/python3.12/site-packages/airflow/example_dags/example_external_task_marker_dag.py
[2024-11-08T15:00:20.916+0000] {processor.py:914} INFO - Processing file /home/airflow/.local/lib/python3.12/site-packages/airflow/example_dags/example_external_task_marker_dag.py for tasks to queue
[2024-11-08T15:00:20.919+0000] {logging_mixin.py:190} INFO - [2024-11-08T15:00:20.918+0000] {dagbag.py:588} INFO - Filling up the DagBag from /home/airflow/.local/lib/python3.12/site-packages/airflow/example_dags/example_external_task_marker_dag.py
[2024-11-08T15:00:20.927+0000] {processor.py:925} INFO - DAG(s) 'example_external_task_marker_child', 'example_external_task_marker_parent' retrieved from /home/airflow/.local/lib/python3.12/site-packages/airflow/example_dags/example_external_task_marker_dag.py
[2024-11-08T15:00:20.951+0000] {logging_mixin.py:190} INFO - [2024-11-08T15:00:20.950+0000] {dag.py:3239} INFO - Sync 2 DAGs
[2024-11-08T15:00:20.967+0000] {logging_mixin.py:190} INFO - [2024-11-08T15:00:20.967+0000] {dag.py:4180} INFO - Setting next_dagrun for example_external_task_marker_child to None, run_after=None
[2024-11-08T15:00:20.971+0000] {logging_mixin.py:190} INFO - [2024-11-08T15:00:20.971+0000] {dag.py:4180} INFO - Setting next_dagrun for example_external_task_marker_parent to None, run_after=None
[2024-11-08T15:00:21.005+0000] {processor.py:208} INFO - Processing /home/airflow/.local/lib/python3.12/site-packages/airflow/example_dags/example_external_task_marker_dag.py took 0.096 seconds
[2024-11-08T15:00:51.528+0000] {processor.py:186} INFO - Started process (PID=3599) to work on /home/airflow/.local/lib/python3.12/site-packages/airflow/example_dags/example_external_task_marker_dag.py
[2024-11-08T15:00:51.529+0000] {processor.py:914} INFO - Processing file /home/airflow/.local/lib/python3.12/site-packages/airflow/example_dags/example_external_task_marker_dag.py for tasks to queue
[2024-11-08T15:00:51.532+0000] {logging_mixin.py:190} INFO - [2024-11-08T15:00:51.531+0000] {dagbag.py:588} INFO - Filling up the DagBag from /home/airflow/.local/lib/python3.12/site-packages/airflow/example_dags/example_external_task_marker_dag.py
[2024-11-08T15:00:51.540+0000] {processor.py:925} INFO - DAG(s) 'example_external_task_marker_parent', 'example_external_task_marker_child' retrieved from /home/airflow/.local/lib/python3.12/site-packages/airflow/example_dags/example_external_task_marker_dag.py
[2024-11-08T15:00:51.565+0000] {logging_mixin.py:190} INFO - [2024-11-08T15:00:51.564+0000] {dag.py:3239} INFO - Sync 2 DAGs
[2024-11-08T15:00:51.579+0000] {logging_mixin.py:190} INFO - [2024-11-08T15:00:51.579+0000] {dag.py:4180} INFO - Setting next_dagrun for example_external_task_marker_child to None, run_after=None
[2024-11-08T15:00:51.584+0000] {logging_mixin.py:190} INFO - [2024-11-08T15:00:51.584+0000] {dag.py:4180} INFO - Setting next_dagrun for example_external_task_marker_parent to None, run_after=None
[2024-11-08T15:00:51.642+0000] {processor.py:208} INFO - Processing /home/airflow/.local/lib/python3.12/site-packages/airflow/example_dags/example_external_task_marker_dag.py took 0.121 seconds
[2024-11-08T15:01:22.761+0000] {processor.py:186} INFO - Started process (PID=3661) to work on /home/airflow/.local/lib/python3.12/site-packages/airflow/example_dags/example_external_task_marker_dag.py
[2024-11-08T15:01:22.763+0000] {processor.py:914} INFO - Processing file /home/airflow/.local/lib/python3.12/site-packages/airflow/example_dags/example_external_task_marker_dag.py for tasks to queue
[2024-11-08T15:01:22.765+0000] {logging_mixin.py:190} INFO - [2024-11-08T15:01:22.765+0000] {dagbag.py:588} INFO - Filling up the DagBag from /home/airflow/.local/lib/python3.12/site-packages/airflow/example_dags/example_external_task_marker_dag.py
[2024-11-08T15:01:22.775+0000] {processor.py:925} INFO - DAG(s) 'example_external_task_marker_child', 'example_external_task_marker_parent' retrieved from /home/airflow/.local/lib/python3.12/site-packages/airflow/example_dags/example_external_task_marker_dag.py
[2024-11-08T15:01:22.800+0000] {logging_mixin.py:190} INFO - [2024-11-08T15:01:22.800+0000] {dag.py:3239} INFO - Sync 2 DAGs
[2024-11-08T15:01:22.815+0000] {logging_mixin.py:190} INFO - [2024-11-08T15:01:22.815+0000] {dag.py:4180} INFO - Setting next_dagrun for example_external_task_marker_child to None, run_after=None
[2024-11-08T15:01:22.819+0000] {logging_mixin.py:190} INFO - [2024-11-08T15:01:22.819+0000] {dag.py:4180} INFO - Setting next_dagrun for example_external_task_marker_parent to None, run_after=None
[2024-11-08T15:01:22.839+0000] {processor.py:208} INFO - Processing /home/airflow/.local/lib/python3.12/site-packages/airflow/example_dags/example_external_task_marker_dag.py took 0.084 seconds
