[2024-11-08T14:32:08.901+0000] {processor.py:186} INFO - Started process (PID=95) to work on /home/airflow/.local/lib/python3.12/site-packages/airflow/example_dags/example_short_circuit_decorator.py
[2024-11-08T14:32:08.903+0000] {processor.py:914} INFO - Processing file /home/airflow/.local/lib/python3.12/site-packages/airflow/example_dags/example_short_circuit_decorator.py for tasks to queue
[2024-11-08T14:32:08.905+0000] {logging_mixin.py:190} INFO - [2024-11-08T14:32:08.905+0000] {dagbag.py:588} INFO - Filling up the DagBag from /home/airflow/.local/lib/python3.12/site-packages/airflow/example_dags/example_short_circuit_decorator.py
[2024-11-08T14:32:08.922+0000] {processor.py:925} INFO - DAG(s) 'example_short_circuit_decorator' retrieved from /home/airflow/.local/lib/python3.12/site-packages/airflow/example_dags/example_short_circuit_decorator.py
[2024-11-08T14:32:09.050+0000] {logging_mixin.py:190} INFO - [2024-11-08T14:32:09.050+0000] {override.py:1911} INFO - Created Permission View: can delete on DAG:example_short_circuit_decorator
[2024-11-08T14:32:09.065+0000] {logging_mixin.py:190} INFO - [2024-11-08T14:32:09.064+0000] {override.py:1911} INFO - Created Permission View: can edit on DAG:example_short_circuit_decorator
[2024-11-08T14:32:09.076+0000] {logging_mixin.py:190} INFO - [2024-11-08T14:32:09.076+0000] {override.py:1911} INFO - Created Permission View: can read on DAG:example_short_circuit_decorator
[2024-11-08T14:32:09.091+0000] {logging_mixin.py:190} INFO - [2024-11-08T14:32:09.091+0000] {override.py:1911} INFO - Created Permission View: can create on DAG Run:example_short_circuit_decorator
[2024-11-08T14:32:09.109+0000] {logging_mixin.py:190} INFO - [2024-11-08T14:32:09.109+0000] {override.py:1911} INFO - Created Permission View: menu access on DAG Run:example_short_circuit_decorator
[2024-11-08T14:32:09.120+0000] {logging_mixin.py:190} INFO - [2024-11-08T14:32:09.120+0000] {override.py:1911} INFO - Created Permission View: can delete on DAG Run:example_short_circuit_decorator
[2024-11-08T14:32:09.131+0000] {logging_mixin.py:190} INFO - [2024-11-08T14:32:09.131+0000] {override.py:1911} INFO - Created Permission View: can read on DAG Run:example_short_circuit_decorator
[2024-11-08T14:32:09.132+0000] {logging_mixin.py:190} INFO - [2024-11-08T14:32:09.132+0000] {dag.py:3239} INFO - Sync 1 DAGs
[2024-11-08T14:32:09.150+0000] {logging_mixin.py:190} INFO - [2024-11-08T14:32:09.150+0000] {dag.py:3262} INFO - Creating ORM DAG for example_short_circuit_decorator
[2024-11-08T14:32:09.151+0000] {logging_mixin.py:190} INFO - [2024-11-08T14:32:09.151+0000] {dag.py:4180} INFO - Setting next_dagrun for example_short_circuit_decorator to None, run_after=None
[2024-11-08T14:32:09.177+0000] {processor.py:208} INFO - Processing /home/airflow/.local/lib/python3.12/site-packages/airflow/example_dags/example_short_circuit_decorator.py took 0.283 seconds
[2024-11-08T14:32:40.291+0000] {processor.py:186} INFO - Started process (PID=158) to work on /home/airflow/.local/lib/python3.12/site-packages/airflow/example_dags/example_short_circuit_decorator.py
[2024-11-08T14:32:40.293+0000] {processor.py:914} INFO - Processing file /home/airflow/.local/lib/python3.12/site-packages/airflow/example_dags/example_short_circuit_decorator.py for tasks to queue
[2024-11-08T14:32:40.295+0000] {logging_mixin.py:190} INFO - [2024-11-08T14:32:40.295+0000] {dagbag.py:588} INFO - Filling up the DagBag from /home/airflow/.local/lib/python3.12/site-packages/airflow/example_dags/example_short_circuit_decorator.py
[2024-11-08T14:32:40.306+0000] {processor.py:925} INFO - DAG(s) 'example_short_circuit_decorator' retrieved from /home/airflow/.local/lib/python3.12/site-packages/airflow/example_dags/example_short_circuit_decorator.py
[2024-11-08T14:32:40.329+0000] {logging_mixin.py:190} INFO - [2024-11-08T14:32:40.329+0000] {dag.py:3239} INFO - Sync 1 DAGs
[2024-11-08T14:32:40.344+0000] {logging_mixin.py:190} INFO - [2024-11-08T14:32:40.344+0000] {dag.py:4180} INFO - Setting next_dagrun for example_short_circuit_decorator to None, run_after=None
[2024-11-08T14:32:40.368+0000] {processor.py:208} INFO - Processing /home/airflow/.local/lib/python3.12/site-packages/airflow/example_dags/example_short_circuit_decorator.py took 0.083 seconds
[2024-11-08T14:33:11.933+0000] {processor.py:186} INFO - Started process (PID=221) to work on /home/airflow/.local/lib/python3.12/site-packages/airflow/example_dags/example_short_circuit_decorator.py
[2024-11-08T14:33:11.934+0000] {processor.py:914} INFO - Processing file /home/airflow/.local/lib/python3.12/site-packages/airflow/example_dags/example_short_circuit_decorator.py for tasks to queue
[2024-11-08T14:33:11.936+0000] {logging_mixin.py:190} INFO - [2024-11-08T14:33:11.936+0000] {dagbag.py:588} INFO - Filling up the DagBag from /home/airflow/.local/lib/python3.12/site-packages/airflow/example_dags/example_short_circuit_decorator.py
[2024-11-08T14:33:11.946+0000] {processor.py:925} INFO - DAG(s) 'example_short_circuit_decorator' retrieved from /home/airflow/.local/lib/python3.12/site-packages/airflow/example_dags/example_short_circuit_decorator.py
[2024-11-08T14:33:11.970+0000] {logging_mixin.py:190} INFO - [2024-11-08T14:33:11.969+0000] {dag.py:3239} INFO - Sync 1 DAGs
[2024-11-08T14:33:11.985+0000] {logging_mixin.py:190} INFO - [2024-11-08T14:33:11.984+0000] {dag.py:4180} INFO - Setting next_dagrun for example_short_circuit_decorator to None, run_after=None
[2024-11-08T14:33:12.265+0000] {processor.py:208} INFO - Processing /home/airflow/.local/lib/python3.12/site-packages/airflow/example_dags/example_short_circuit_decorator.py took 0.338 seconds
[2024-11-08T14:33:44.509+0000] {processor.py:186} INFO - Started process (PID=284) to work on /home/airflow/.local/lib/python3.12/site-packages/airflow/example_dags/example_short_circuit_decorator.py
[2024-11-08T14:33:44.510+0000] {processor.py:914} INFO - Processing file /home/airflow/.local/lib/python3.12/site-packages/airflow/example_dags/example_short_circuit_decorator.py for tasks to queue
[2024-11-08T14:33:44.512+0000] {logging_mixin.py:190} INFO - [2024-11-08T14:33:44.512+0000] {dagbag.py:588} INFO - Filling up the DagBag from /home/airflow/.local/lib/python3.12/site-packages/airflow/example_dags/example_short_circuit_decorator.py
[2024-11-08T14:33:44.524+0000] {processor.py:925} INFO - DAG(s) 'example_short_circuit_decorator' retrieved from /home/airflow/.local/lib/python3.12/site-packages/airflow/example_dags/example_short_circuit_decorator.py
[2024-11-08T14:33:44.550+0000] {logging_mixin.py:190} INFO - [2024-11-08T14:33:44.549+0000] {dag.py:3239} INFO - Sync 1 DAGs
[2024-11-08T14:33:44.565+0000] {logging_mixin.py:190} INFO - [2024-11-08T14:33:44.565+0000] {dag.py:4180} INFO - Setting next_dagrun for example_short_circuit_decorator to None, run_after=None
[2024-11-08T14:33:44.588+0000] {processor.py:208} INFO - Processing /home/airflow/.local/lib/python3.12/site-packages/airflow/example_dags/example_short_circuit_decorator.py took 0.086 seconds
[2024-11-08T14:34:15.292+0000] {processor.py:186} INFO - Started process (PID=347) to work on /home/airflow/.local/lib/python3.12/site-packages/airflow/example_dags/example_short_circuit_decorator.py
[2024-11-08T14:34:15.294+0000] {processor.py:914} INFO - Processing file /home/airflow/.local/lib/python3.12/site-packages/airflow/example_dags/example_short_circuit_decorator.py for tasks to queue
[2024-11-08T14:34:15.297+0000] {logging_mixin.py:190} INFO - [2024-11-08T14:34:15.297+0000] {dagbag.py:588} INFO - Filling up the DagBag from /home/airflow/.local/lib/python3.12/site-packages/airflow/example_dags/example_short_circuit_decorator.py
[2024-11-08T14:34:15.308+0000] {processor.py:925} INFO - DAG(s) 'example_short_circuit_decorator' retrieved from /home/airflow/.local/lib/python3.12/site-packages/airflow/example_dags/example_short_circuit_decorator.py
[2024-11-08T14:34:15.335+0000] {logging_mixin.py:190} INFO - [2024-11-08T14:34:15.335+0000] {dag.py:3239} INFO - Sync 1 DAGs
[2024-11-08T14:34:15.353+0000] {logging_mixin.py:190} INFO - [2024-11-08T14:34:15.353+0000] {dag.py:4180} INFO - Setting next_dagrun for example_short_circuit_decorator to None, run_after=None
[2024-11-08T14:34:15.383+0000] {processor.py:208} INFO - Processing /home/airflow/.local/lib/python3.12/site-packages/airflow/example_dags/example_short_circuit_decorator.py took 0.097 seconds
[2024-11-08T14:34:47.010+0000] {processor.py:186} INFO - Started process (PID=410) to work on /home/airflow/.local/lib/python3.12/site-packages/airflow/example_dags/example_short_circuit_decorator.py
[2024-11-08T14:34:47.011+0000] {processor.py:914} INFO - Processing file /home/airflow/.local/lib/python3.12/site-packages/airflow/example_dags/example_short_circuit_decorator.py for tasks to queue
[2024-11-08T14:34:47.014+0000] {logging_mixin.py:190} INFO - [2024-11-08T14:34:47.014+0000] {dagbag.py:588} INFO - Filling up the DagBag from /home/airflow/.local/lib/python3.12/site-packages/airflow/example_dags/example_short_circuit_decorator.py
[2024-11-08T14:34:47.027+0000] {processor.py:925} INFO - DAG(s) 'example_short_circuit_decorator' retrieved from /home/airflow/.local/lib/python3.12/site-packages/airflow/example_dags/example_short_circuit_decorator.py
[2024-11-08T14:34:47.052+0000] {logging_mixin.py:190} INFO - [2024-11-08T14:34:47.052+0000] {dag.py:3239} INFO - Sync 1 DAGs
[2024-11-08T14:34:47.068+0000] {logging_mixin.py:190} INFO - [2024-11-08T14:34:47.068+0000] {dag.py:4180} INFO - Setting next_dagrun for example_short_circuit_decorator to None, run_after=None
[2024-11-08T14:34:47.104+0000] {processor.py:208} INFO - Processing /home/airflow/.local/lib/python3.12/site-packages/airflow/example_dags/example_short_circuit_decorator.py took 0.101 seconds
[2024-11-08T14:35:22.688+0000] {processor.py:186} INFO - Started process (PID=473) to work on /home/airflow/.local/lib/python3.12/site-packages/airflow/example_dags/example_short_circuit_decorator.py
[2024-11-08T14:35:22.692+0000] {processor.py:914} INFO - Processing file /home/airflow/.local/lib/python3.12/site-packages/airflow/example_dags/example_short_circuit_decorator.py for tasks to queue
[2024-11-08T14:35:22.707+0000] {logging_mixin.py:190} INFO - [2024-11-08T14:35:22.706+0000] {dagbag.py:588} INFO - Filling up the DagBag from /home/airflow/.local/lib/python3.12/site-packages/airflow/example_dags/example_short_circuit_decorator.py
[2024-11-08T14:35:22.750+0000] {processor.py:925} INFO - DAG(s) 'example_short_circuit_decorator' retrieved from /home/airflow/.local/lib/python3.12/site-packages/airflow/example_dags/example_short_circuit_decorator.py
[2024-11-08T14:35:22.798+0000] {logging_mixin.py:190} INFO - [2024-11-08T14:35:22.798+0000] {dag.py:3239} INFO - Sync 1 DAGs
[2024-11-08T14:35:22.843+0000] {logging_mixin.py:190} INFO - [2024-11-08T14:35:22.843+0000] {dag.py:4180} INFO - Setting next_dagrun for example_short_circuit_decorator to None, run_after=None
[2024-11-08T14:35:22.926+0000] {processor.py:208} INFO - Processing /home/airflow/.local/lib/python3.12/site-packages/airflow/example_dags/example_short_circuit_decorator.py took 0.273 seconds
[2024-11-08T14:35:53.745+0000] {processor.py:186} INFO - Started process (PID=535) to work on /home/airflow/.local/lib/python3.12/site-packages/airflow/example_dags/example_short_circuit_decorator.py
[2024-11-08T14:35:53.748+0000] {processor.py:914} INFO - Processing file /home/airflow/.local/lib/python3.12/site-packages/airflow/example_dags/example_short_circuit_decorator.py for tasks to queue
[2024-11-08T14:35:53.751+0000] {logging_mixin.py:190} INFO - [2024-11-08T14:35:53.751+0000] {dagbag.py:588} INFO - Filling up the DagBag from /home/airflow/.local/lib/python3.12/site-packages/airflow/example_dags/example_short_circuit_decorator.py
[2024-11-08T14:35:53.769+0000] {processor.py:925} INFO - DAG(s) 'example_short_circuit_decorator' retrieved from /home/airflow/.local/lib/python3.12/site-packages/airflow/example_dags/example_short_circuit_decorator.py
[2024-11-08T14:35:53.803+0000] {logging_mixin.py:190} INFO - [2024-11-08T14:35:53.802+0000] {dag.py:3239} INFO - Sync 1 DAGs
[2024-11-08T14:35:53.826+0000] {logging_mixin.py:190} INFO - [2024-11-08T14:35:53.825+0000] {dag.py:4180} INFO - Setting next_dagrun for example_short_circuit_decorator to None, run_after=None
[2024-11-08T14:35:53.855+0000] {processor.py:208} INFO - Processing /home/airflow/.local/lib/python3.12/site-packages/airflow/example_dags/example_short_circuit_decorator.py took 0.117 seconds
[2024-11-08T14:36:24.005+0000] {processor.py:186} INFO - Started process (PID=597) to work on /home/airflow/.local/lib/python3.12/site-packages/airflow/example_dags/example_short_circuit_decorator.py
[2024-11-08T14:36:24.007+0000] {processor.py:914} INFO - Processing file /home/airflow/.local/lib/python3.12/site-packages/airflow/example_dags/example_short_circuit_decorator.py for tasks to queue
[2024-11-08T14:36:24.010+0000] {logging_mixin.py:190} INFO - [2024-11-08T14:36:24.009+0000] {dagbag.py:588} INFO - Filling up the DagBag from /home/airflow/.local/lib/python3.12/site-packages/airflow/example_dags/example_short_circuit_decorator.py
[2024-11-08T14:36:24.022+0000] {processor.py:925} INFO - DAG(s) 'example_short_circuit_decorator' retrieved from /home/airflow/.local/lib/python3.12/site-packages/airflow/example_dags/example_short_circuit_decorator.py
[2024-11-08T14:36:24.049+0000] {logging_mixin.py:190} INFO - [2024-11-08T14:36:24.049+0000] {dag.py:3239} INFO - Sync 1 DAGs
[2024-11-08T14:36:24.081+0000] {logging_mixin.py:190} INFO - [2024-11-08T14:36:24.080+0000] {dag.py:4180} INFO - Setting next_dagrun for example_short_circuit_decorator to None, run_after=None
[2024-11-08T14:36:24.122+0000] {processor.py:208} INFO - Processing /home/airflow/.local/lib/python3.12/site-packages/airflow/example_dags/example_short_circuit_decorator.py took 0.128 seconds
[2024-11-08T14:36:54.251+0000] {processor.py:186} INFO - Started process (PID=661) to work on /home/airflow/.local/lib/python3.12/site-packages/airflow/example_dags/example_short_circuit_decorator.py
[2024-11-08T14:36:54.252+0000] {processor.py:914} INFO - Processing file /home/airflow/.local/lib/python3.12/site-packages/airflow/example_dags/example_short_circuit_decorator.py for tasks to queue
[2024-11-08T14:36:54.255+0000] {logging_mixin.py:190} INFO - [2024-11-08T14:36:54.254+0000] {dagbag.py:588} INFO - Filling up the DagBag from /home/airflow/.local/lib/python3.12/site-packages/airflow/example_dags/example_short_circuit_decorator.py
[2024-11-08T14:36:54.266+0000] {processor.py:925} INFO - DAG(s) 'example_short_circuit_decorator' retrieved from /home/airflow/.local/lib/python3.12/site-packages/airflow/example_dags/example_short_circuit_decorator.py
[2024-11-08T14:36:54.293+0000] {logging_mixin.py:190} INFO - [2024-11-08T14:36:54.293+0000] {dag.py:3239} INFO - Sync 1 DAGs
[2024-11-08T14:36:54.319+0000] {logging_mixin.py:190} INFO - [2024-11-08T14:36:54.319+0000] {dag.py:4180} INFO - Setting next_dagrun for example_short_circuit_decorator to None, run_after=None
[2024-11-08T14:36:54.394+0000] {processor.py:208} INFO - Processing /home/airflow/.local/lib/python3.12/site-packages/airflow/example_dags/example_short_circuit_decorator.py took 0.150 seconds
[2024-11-08T14:37:24.991+0000] {processor.py:186} INFO - Started process (PID=724) to work on /home/airflow/.local/lib/python3.12/site-packages/airflow/example_dags/example_short_circuit_decorator.py
[2024-11-08T14:37:24.992+0000] {processor.py:914} INFO - Processing file /home/airflow/.local/lib/python3.12/site-packages/airflow/example_dags/example_short_circuit_decorator.py for tasks to queue
[2024-11-08T14:37:24.995+0000] {logging_mixin.py:190} INFO - [2024-11-08T14:37:24.995+0000] {dagbag.py:588} INFO - Filling up the DagBag from /home/airflow/.local/lib/python3.12/site-packages/airflow/example_dags/example_short_circuit_decorator.py
[2024-11-08T14:37:25.004+0000] {processor.py:925} INFO - DAG(s) 'example_short_circuit_decorator' retrieved from /home/airflow/.local/lib/python3.12/site-packages/airflow/example_dags/example_short_circuit_decorator.py
[2024-11-08T14:37:25.029+0000] {logging_mixin.py:190} INFO - [2024-11-08T14:37:25.029+0000] {dag.py:3239} INFO - Sync 1 DAGs
[2024-11-08T14:37:25.043+0000] {logging_mixin.py:190} INFO - [2024-11-08T14:37:25.043+0000] {dag.py:4180} INFO - Setting next_dagrun for example_short_circuit_decorator to None, run_after=None
[2024-11-08T14:37:25.222+0000] {processor.py:208} INFO - Processing /home/airflow/.local/lib/python3.12/site-packages/airflow/example_dags/example_short_circuit_decorator.py took 0.237 seconds
[2024-11-08T14:37:55.591+0000] {processor.py:186} INFO - Started process (PID=788) to work on /home/airflow/.local/lib/python3.12/site-packages/airflow/example_dags/example_short_circuit_decorator.py
[2024-11-08T14:37:55.592+0000] {processor.py:914} INFO - Processing file /home/airflow/.local/lib/python3.12/site-packages/airflow/example_dags/example_short_circuit_decorator.py for tasks to queue
[2024-11-08T14:37:55.594+0000] {logging_mixin.py:190} INFO - [2024-11-08T14:37:55.594+0000] {dagbag.py:588} INFO - Filling up the DagBag from /home/airflow/.local/lib/python3.12/site-packages/airflow/example_dags/example_short_circuit_decorator.py
[2024-11-08T14:37:55.604+0000] {processor.py:925} INFO - DAG(s) 'example_short_circuit_decorator' retrieved from /home/airflow/.local/lib/python3.12/site-packages/airflow/example_dags/example_short_circuit_decorator.py
[2024-11-08T14:37:55.629+0000] {logging_mixin.py:190} INFO - [2024-11-08T14:37:55.628+0000] {dag.py:3239} INFO - Sync 1 DAGs
[2024-11-08T14:37:55.643+0000] {logging_mixin.py:190} INFO - [2024-11-08T14:37:55.642+0000] {dag.py:4180} INFO - Setting next_dagrun for example_short_circuit_decorator to None, run_after=None
[2024-11-08T14:37:55.707+0000] {processor.py:208} INFO - Processing /home/airflow/.local/lib/python3.12/site-packages/airflow/example_dags/example_short_circuit_decorator.py took 0.124 seconds
[2024-11-08T14:38:25.775+0000] {processor.py:186} INFO - Started process (PID=850) to work on /home/airflow/.local/lib/python3.12/site-packages/airflow/example_dags/example_short_circuit_decorator.py
[2024-11-08T14:38:25.776+0000] {processor.py:914} INFO - Processing file /home/airflow/.local/lib/python3.12/site-packages/airflow/example_dags/example_short_circuit_decorator.py for tasks to queue
[2024-11-08T14:38:25.780+0000] {logging_mixin.py:190} INFO - [2024-11-08T14:38:25.779+0000] {dagbag.py:588} INFO - Filling up the DagBag from /home/airflow/.local/lib/python3.12/site-packages/airflow/example_dags/example_short_circuit_decorator.py
[2024-11-08T14:38:25.790+0000] {processor.py:925} INFO - DAG(s) 'example_short_circuit_decorator' retrieved from /home/airflow/.local/lib/python3.12/site-packages/airflow/example_dags/example_short_circuit_decorator.py
[2024-11-08T14:38:25.827+0000] {logging_mixin.py:190} INFO - [2024-11-08T14:38:25.826+0000] {dag.py:3239} INFO - Sync 1 DAGs
[2024-11-08T14:38:25.841+0000] {logging_mixin.py:190} INFO - [2024-11-08T14:38:25.841+0000] {dag.py:4180} INFO - Setting next_dagrun for example_short_circuit_decorator to None, run_after=None
[2024-11-08T14:38:25.868+0000] {processor.py:208} INFO - Processing /home/airflow/.local/lib/python3.12/site-packages/airflow/example_dags/example_short_circuit_decorator.py took 0.101 seconds
[2024-11-08T14:38:56.501+0000] {processor.py:186} INFO - Started process (PID=919) to work on /home/airflow/.local/lib/python3.12/site-packages/airflow/example_dags/example_short_circuit_decorator.py
[2024-11-08T14:38:56.503+0000] {processor.py:914} INFO - Processing file /home/airflow/.local/lib/python3.12/site-packages/airflow/example_dags/example_short_circuit_decorator.py for tasks to queue
[2024-11-08T14:38:56.505+0000] {logging_mixin.py:190} INFO - [2024-11-08T14:38:56.505+0000] {dagbag.py:588} INFO - Filling up the DagBag from /home/airflow/.local/lib/python3.12/site-packages/airflow/example_dags/example_short_circuit_decorator.py
[2024-11-08T14:38:56.516+0000] {processor.py:925} INFO - DAG(s) 'example_short_circuit_decorator' retrieved from /home/airflow/.local/lib/python3.12/site-packages/airflow/example_dags/example_short_circuit_decorator.py
[2024-11-08T14:38:56.541+0000] {logging_mixin.py:190} INFO - [2024-11-08T14:38:56.540+0000] {dag.py:3239} INFO - Sync 1 DAGs
[2024-11-08T14:38:56.555+0000] {logging_mixin.py:190} INFO - [2024-11-08T14:38:56.555+0000] {dag.py:4180} INFO - Setting next_dagrun for example_short_circuit_decorator to None, run_after=None
[2024-11-08T14:38:56.594+0000] {processor.py:208} INFO - Processing /home/airflow/.local/lib/python3.12/site-packages/airflow/example_dags/example_short_circuit_decorator.py took 0.098 seconds
[2024-11-08T14:39:27.217+0000] {processor.py:186} INFO - Started process (PID=981) to work on /home/airflow/.local/lib/python3.12/site-packages/airflow/example_dags/example_short_circuit_decorator.py
[2024-11-08T14:39:27.218+0000] {processor.py:914} INFO - Processing file /home/airflow/.local/lib/python3.12/site-packages/airflow/example_dags/example_short_circuit_decorator.py for tasks to queue
[2024-11-08T14:39:27.224+0000] {logging_mixin.py:190} INFO - [2024-11-08T14:39:27.220+0000] {dagbag.py:588} INFO - Filling up the DagBag from /home/airflow/.local/lib/python3.12/site-packages/airflow/example_dags/example_short_circuit_decorator.py
[2024-11-08T14:39:27.239+0000] {processor.py:925} INFO - DAG(s) 'example_short_circuit_decorator' retrieved from /home/airflow/.local/lib/python3.12/site-packages/airflow/example_dags/example_short_circuit_decorator.py
[2024-11-08T14:39:27.278+0000] {logging_mixin.py:190} INFO - [2024-11-08T14:39:27.278+0000] {dag.py:3239} INFO - Sync 1 DAGs
[2024-11-08T14:39:27.297+0000] {logging_mixin.py:190} INFO - [2024-11-08T14:39:27.297+0000] {dag.py:4180} INFO - Setting next_dagrun for example_short_circuit_decorator to None, run_after=None
[2024-11-08T14:39:27.321+0000] {processor.py:208} INFO - Processing /home/airflow/.local/lib/python3.12/site-packages/airflow/example_dags/example_short_circuit_decorator.py took 0.112 seconds
[2024-11-08T14:39:58.220+0000] {processor.py:186} INFO - Started process (PID=1044) to work on /home/airflow/.local/lib/python3.12/site-packages/airflow/example_dags/example_short_circuit_decorator.py
[2024-11-08T14:39:58.221+0000] {processor.py:914} INFO - Processing file /home/airflow/.local/lib/python3.12/site-packages/airflow/example_dags/example_short_circuit_decorator.py for tasks to queue
[2024-11-08T14:39:58.224+0000] {logging_mixin.py:190} INFO - [2024-11-08T14:39:58.223+0000] {dagbag.py:588} INFO - Filling up the DagBag from /home/airflow/.local/lib/python3.12/site-packages/airflow/example_dags/example_short_circuit_decorator.py
[2024-11-08T14:39:58.233+0000] {processor.py:925} INFO - DAG(s) 'example_short_circuit_decorator' retrieved from /home/airflow/.local/lib/python3.12/site-packages/airflow/example_dags/example_short_circuit_decorator.py
[2024-11-08T14:39:58.257+0000] {logging_mixin.py:190} INFO - [2024-11-08T14:39:58.256+0000] {dag.py:3239} INFO - Sync 1 DAGs
[2024-11-08T14:39:58.272+0000] {logging_mixin.py:190} INFO - [2024-11-08T14:39:58.271+0000] {dag.py:4180} INFO - Setting next_dagrun for example_short_circuit_decorator to None, run_after=None
[2024-11-08T14:39:58.519+0000] {processor.py:208} INFO - Processing /home/airflow/.local/lib/python3.12/site-packages/airflow/example_dags/example_short_circuit_decorator.py took 0.304 seconds
[2024-11-08T14:40:28.642+0000] {processor.py:186} INFO - Started process (PID=1106) to work on /home/airflow/.local/lib/python3.12/site-packages/airflow/example_dags/example_short_circuit_decorator.py
[2024-11-08T14:40:28.643+0000] {processor.py:914} INFO - Processing file /home/airflow/.local/lib/python3.12/site-packages/airflow/example_dags/example_short_circuit_decorator.py for tasks to queue
[2024-11-08T14:40:28.646+0000] {logging_mixin.py:190} INFO - [2024-11-08T14:40:28.645+0000] {dagbag.py:588} INFO - Filling up the DagBag from /home/airflow/.local/lib/python3.12/site-packages/airflow/example_dags/example_short_circuit_decorator.py
[2024-11-08T14:40:28.655+0000] {processor.py:925} INFO - DAG(s) 'example_short_circuit_decorator' retrieved from /home/airflow/.local/lib/python3.12/site-packages/airflow/example_dags/example_short_circuit_decorator.py
[2024-11-08T14:40:28.680+0000] {logging_mixin.py:190} INFO - [2024-11-08T14:40:28.680+0000] {dag.py:3239} INFO - Sync 1 DAGs
[2024-11-08T14:40:28.695+0000] {logging_mixin.py:190} INFO - [2024-11-08T14:40:28.695+0000] {dag.py:4180} INFO - Setting next_dagrun for example_short_circuit_decorator to None, run_after=None
[2024-11-08T14:40:28.727+0000] {processor.py:208} INFO - Processing /home/airflow/.local/lib/python3.12/site-packages/airflow/example_dags/example_short_circuit_decorator.py took 0.094 seconds
[2024-11-08T14:40:59.148+0000] {processor.py:186} INFO - Started process (PID=1169) to work on /home/airflow/.local/lib/python3.12/site-packages/airflow/example_dags/example_short_circuit_decorator.py
[2024-11-08T14:40:59.149+0000] {processor.py:914} INFO - Processing file /home/airflow/.local/lib/python3.12/site-packages/airflow/example_dags/example_short_circuit_decorator.py for tasks to queue
[2024-11-08T14:40:59.152+0000] {logging_mixin.py:190} INFO - [2024-11-08T14:40:59.152+0000] {dagbag.py:588} INFO - Filling up the DagBag from /home/airflow/.local/lib/python3.12/site-packages/airflow/example_dags/example_short_circuit_decorator.py
[2024-11-08T14:40:59.164+0000] {processor.py:925} INFO - DAG(s) 'example_short_circuit_decorator' retrieved from /home/airflow/.local/lib/python3.12/site-packages/airflow/example_dags/example_short_circuit_decorator.py
[2024-11-08T14:40:59.190+0000] {logging_mixin.py:190} INFO - [2024-11-08T14:40:59.190+0000] {dag.py:3239} INFO - Sync 1 DAGs
[2024-11-08T14:40:59.205+0000] {logging_mixin.py:190} INFO - [2024-11-08T14:40:59.205+0000] {dag.py:4180} INFO - Setting next_dagrun for example_short_circuit_decorator to None, run_after=None
[2024-11-08T14:40:59.248+0000] {processor.py:208} INFO - Processing /home/airflow/.local/lib/python3.12/site-packages/airflow/example_dags/example_short_circuit_decorator.py took 0.106 seconds
[2024-11-08T14:41:30.148+0000] {processor.py:186} INFO - Started process (PID=1232) to work on /home/airflow/.local/lib/python3.12/site-packages/airflow/example_dags/example_short_circuit_decorator.py
[2024-11-08T14:41:30.152+0000] {processor.py:914} INFO - Processing file /home/airflow/.local/lib/python3.12/site-packages/airflow/example_dags/example_short_circuit_decorator.py for tasks to queue
[2024-11-08T14:41:30.155+0000] {logging_mixin.py:190} INFO - [2024-11-08T14:41:30.155+0000] {dagbag.py:588} INFO - Filling up the DagBag from /home/airflow/.local/lib/python3.12/site-packages/airflow/example_dags/example_short_circuit_decorator.py
[2024-11-08T14:41:30.168+0000] {processor.py:925} INFO - DAG(s) 'example_short_circuit_decorator' retrieved from /home/airflow/.local/lib/python3.12/site-packages/airflow/example_dags/example_short_circuit_decorator.py
[2024-11-08T14:41:30.202+0000] {logging_mixin.py:190} INFO - [2024-11-08T14:41:30.202+0000] {dag.py:3239} INFO - Sync 1 DAGs
[2024-11-08T14:41:30.222+0000] {logging_mixin.py:190} INFO - [2024-11-08T14:41:30.221+0000] {dag.py:4180} INFO - Setting next_dagrun for example_short_circuit_decorator to None, run_after=None
[2024-11-08T14:41:30.260+0000] {processor.py:208} INFO - Processing /home/airflow/.local/lib/python3.12/site-packages/airflow/example_dags/example_short_circuit_decorator.py took 0.118 seconds
[2024-11-08T14:42:00.523+0000] {processor.py:186} INFO - Started process (PID=1294) to work on /home/airflow/.local/lib/python3.12/site-packages/airflow/example_dags/example_short_circuit_decorator.py
[2024-11-08T14:42:00.524+0000] {processor.py:914} INFO - Processing file /home/airflow/.local/lib/python3.12/site-packages/airflow/example_dags/example_short_circuit_decorator.py for tasks to queue
[2024-11-08T14:42:00.527+0000] {logging_mixin.py:190} INFO - [2024-11-08T14:42:00.527+0000] {dagbag.py:588} INFO - Filling up the DagBag from /home/airflow/.local/lib/python3.12/site-packages/airflow/example_dags/example_short_circuit_decorator.py
[2024-11-08T14:42:00.537+0000] {processor.py:925} INFO - DAG(s) 'example_short_circuit_decorator' retrieved from /home/airflow/.local/lib/python3.12/site-packages/airflow/example_dags/example_short_circuit_decorator.py
[2024-11-08T14:42:00.562+0000] {logging_mixin.py:190} INFO - [2024-11-08T14:42:00.562+0000] {dag.py:3239} INFO - Sync 1 DAGs
[2024-11-08T14:42:00.577+0000] {logging_mixin.py:190} INFO - [2024-11-08T14:42:00.577+0000] {dag.py:4180} INFO - Setting next_dagrun for example_short_circuit_decorator to None, run_after=None
[2024-11-08T14:42:00.647+0000] {processor.py:208} INFO - Processing /home/airflow/.local/lib/python3.12/site-packages/airflow/example_dags/example_short_circuit_decorator.py took 0.130 seconds
[2024-11-08T14:42:30.863+0000] {processor.py:186} INFO - Started process (PID=1357) to work on /home/airflow/.local/lib/python3.12/site-packages/airflow/example_dags/example_short_circuit_decorator.py
[2024-11-08T14:42:30.864+0000] {processor.py:914} INFO - Processing file /home/airflow/.local/lib/python3.12/site-packages/airflow/example_dags/example_short_circuit_decorator.py for tasks to queue
[2024-11-08T14:42:30.866+0000] {logging_mixin.py:190} INFO - [2024-11-08T14:42:30.866+0000] {dagbag.py:588} INFO - Filling up the DagBag from /home/airflow/.local/lib/python3.12/site-packages/airflow/example_dags/example_short_circuit_decorator.py
[2024-11-08T14:42:30.876+0000] {processor.py:925} INFO - DAG(s) 'example_short_circuit_decorator' retrieved from /home/airflow/.local/lib/python3.12/site-packages/airflow/example_dags/example_short_circuit_decorator.py
[2024-11-08T14:42:30.901+0000] {logging_mixin.py:190} INFO - [2024-11-08T14:42:30.900+0000] {dag.py:3239} INFO - Sync 1 DAGs
[2024-11-08T14:42:30.914+0000] {logging_mixin.py:190} INFO - [2024-11-08T14:42:30.914+0000] {dag.py:4180} INFO - Setting next_dagrun for example_short_circuit_decorator to None, run_after=None
[2024-11-08T14:42:30.986+0000] {processor.py:208} INFO - Processing /home/airflow/.local/lib/python3.12/site-packages/airflow/example_dags/example_short_circuit_decorator.py took 0.129 seconds
[2024-11-08T14:43:01.230+0000] {processor.py:186} INFO - Started process (PID=1420) to work on /home/airflow/.local/lib/python3.12/site-packages/airflow/example_dags/example_short_circuit_decorator.py
[2024-11-08T14:43:01.232+0000] {processor.py:914} INFO - Processing file /home/airflow/.local/lib/python3.12/site-packages/airflow/example_dags/example_short_circuit_decorator.py for tasks to queue
[2024-11-08T14:43:01.235+0000] {logging_mixin.py:190} INFO - [2024-11-08T14:43:01.234+0000] {dagbag.py:588} INFO - Filling up the DagBag from /home/airflow/.local/lib/python3.12/site-packages/airflow/example_dags/example_short_circuit_decorator.py
[2024-11-08T14:43:01.244+0000] {processor.py:925} INFO - DAG(s) 'example_short_circuit_decorator' retrieved from /home/airflow/.local/lib/python3.12/site-packages/airflow/example_dags/example_short_circuit_decorator.py
[2024-11-08T14:43:01.269+0000] {logging_mixin.py:190} INFO - [2024-11-08T14:43:01.269+0000] {dag.py:3239} INFO - Sync 1 DAGs
[2024-11-08T14:43:01.283+0000] {logging_mixin.py:190} INFO - [2024-11-08T14:43:01.283+0000] {dag.py:4180} INFO - Setting next_dagrun for example_short_circuit_decorator to None, run_after=None
[2024-11-08T14:43:01.392+0000] {processor.py:208} INFO - Processing /home/airflow/.local/lib/python3.12/site-packages/airflow/example_dags/example_short_circuit_decorator.py took 0.168 seconds
[2024-11-08T14:43:31.852+0000] {processor.py:186} INFO - Started process (PID=1483) to work on /home/airflow/.local/lib/python3.12/site-packages/airflow/example_dags/example_short_circuit_decorator.py
[2024-11-08T14:43:31.854+0000] {processor.py:914} INFO - Processing file /home/airflow/.local/lib/python3.12/site-packages/airflow/example_dags/example_short_circuit_decorator.py for tasks to queue
[2024-11-08T14:43:31.856+0000] {logging_mixin.py:190} INFO - [2024-11-08T14:43:31.856+0000] {dagbag.py:588} INFO - Filling up the DagBag from /home/airflow/.local/lib/python3.12/site-packages/airflow/example_dags/example_short_circuit_decorator.py
[2024-11-08T14:43:31.866+0000] {processor.py:925} INFO - DAG(s) 'example_short_circuit_decorator' retrieved from /home/airflow/.local/lib/python3.12/site-packages/airflow/example_dags/example_short_circuit_decorator.py
[2024-11-08T14:43:31.890+0000] {logging_mixin.py:190} INFO - [2024-11-08T14:43:31.890+0000] {dag.py:3239} INFO - Sync 1 DAGs
[2024-11-08T14:43:31.904+0000] {logging_mixin.py:190} INFO - [2024-11-08T14:43:31.904+0000] {dag.py:4180} INFO - Setting next_dagrun for example_short_circuit_decorator to None, run_after=None
[2024-11-08T14:43:32.264+0000] {processor.py:208} INFO - Processing /home/airflow/.local/lib/python3.12/site-packages/airflow/example_dags/example_short_circuit_decorator.py took 0.418 seconds
[2024-11-08T14:44:02.590+0000] {processor.py:186} INFO - Started process (PID=1546) to work on /home/airflow/.local/lib/python3.12/site-packages/airflow/example_dags/example_short_circuit_decorator.py
[2024-11-08T14:44:02.591+0000] {processor.py:914} INFO - Processing file /home/airflow/.local/lib/python3.12/site-packages/airflow/example_dags/example_short_circuit_decorator.py for tasks to queue
[2024-11-08T14:44:02.594+0000] {logging_mixin.py:190} INFO - [2024-11-08T14:44:02.593+0000] {dagbag.py:588} INFO - Filling up the DagBag from /home/airflow/.local/lib/python3.12/site-packages/airflow/example_dags/example_short_circuit_decorator.py
[2024-11-08T14:44:02.604+0000] {processor.py:925} INFO - DAG(s) 'example_short_circuit_decorator' retrieved from /home/airflow/.local/lib/python3.12/site-packages/airflow/example_dags/example_short_circuit_decorator.py
[2024-11-08T14:44:02.631+0000] {logging_mixin.py:190} INFO - [2024-11-08T14:44:02.631+0000] {dag.py:3239} INFO - Sync 1 DAGs
[2024-11-08T14:44:02.645+0000] {logging_mixin.py:190} INFO - [2024-11-08T14:44:02.645+0000] {dag.py:4180} INFO - Setting next_dagrun for example_short_circuit_decorator to None, run_after=None
[2024-11-08T14:44:02.666+0000] {processor.py:208} INFO - Processing /home/airflow/.local/lib/python3.12/site-packages/airflow/example_dags/example_short_circuit_decorator.py took 0.082 seconds
[2024-11-08T14:44:33.166+0000] {processor.py:186} INFO - Started process (PID=1609) to work on /home/airflow/.local/lib/python3.12/site-packages/airflow/example_dags/example_short_circuit_decorator.py
[2024-11-08T14:44:33.168+0000] {processor.py:914} INFO - Processing file /home/airflow/.local/lib/python3.12/site-packages/airflow/example_dags/example_short_circuit_decorator.py for tasks to queue
[2024-11-08T14:44:33.170+0000] {logging_mixin.py:190} INFO - [2024-11-08T14:44:33.170+0000] {dagbag.py:588} INFO - Filling up the DagBag from /home/airflow/.local/lib/python3.12/site-packages/airflow/example_dags/example_short_circuit_decorator.py
[2024-11-08T14:44:33.179+0000] {processor.py:925} INFO - DAG(s) 'example_short_circuit_decorator' retrieved from /home/airflow/.local/lib/python3.12/site-packages/airflow/example_dags/example_short_circuit_decorator.py
[2024-11-08T14:44:33.204+0000] {logging_mixin.py:190} INFO - [2024-11-08T14:44:33.204+0000] {dag.py:3239} INFO - Sync 1 DAGs
[2024-11-08T14:44:33.218+0000] {logging_mixin.py:190} INFO - [2024-11-08T14:44:33.217+0000] {dag.py:4180} INFO - Setting next_dagrun for example_short_circuit_decorator to None, run_after=None
[2024-11-08T14:44:33.291+0000] {processor.py:208} INFO - Processing /home/airflow/.local/lib/python3.12/site-packages/airflow/example_dags/example_short_circuit_decorator.py took 0.131 seconds
[2024-11-08T14:45:04.417+0000] {processor.py:186} INFO - Started process (PID=1672) to work on /home/airflow/.local/lib/python3.12/site-packages/airflow/example_dags/example_short_circuit_decorator.py
[2024-11-08T14:45:04.419+0000] {processor.py:914} INFO - Processing file /home/airflow/.local/lib/python3.12/site-packages/airflow/example_dags/example_short_circuit_decorator.py for tasks to queue
[2024-11-08T14:45:04.421+0000] {logging_mixin.py:190} INFO - [2024-11-08T14:45:04.421+0000] {dagbag.py:588} INFO - Filling up the DagBag from /home/airflow/.local/lib/python3.12/site-packages/airflow/example_dags/example_short_circuit_decorator.py
[2024-11-08T14:45:04.437+0000] {processor.py:925} INFO - DAG(s) 'example_short_circuit_decorator' retrieved from /home/airflow/.local/lib/python3.12/site-packages/airflow/example_dags/example_short_circuit_decorator.py
[2024-11-08T14:45:04.469+0000] {logging_mixin.py:190} INFO - [2024-11-08T14:45:04.468+0000] {dag.py:3239} INFO - Sync 1 DAGs
[2024-11-08T14:45:04.489+0000] {logging_mixin.py:190} INFO - [2024-11-08T14:45:04.489+0000] {dag.py:4180} INFO - Setting next_dagrun for example_short_circuit_decorator to None, run_after=None
[2024-11-08T14:45:04.530+0000] {processor.py:208} INFO - Processing /home/airflow/.local/lib/python3.12/site-packages/airflow/example_dags/example_short_circuit_decorator.py took 0.120 seconds
[2024-11-08T14:45:35.161+0000] {processor.py:186} INFO - Started process (PID=1735) to work on /home/airflow/.local/lib/python3.12/site-packages/airflow/example_dags/example_short_circuit_decorator.py
[2024-11-08T14:45:35.162+0000] {processor.py:914} INFO - Processing file /home/airflow/.local/lib/python3.12/site-packages/airflow/example_dags/example_short_circuit_decorator.py for tasks to queue
[2024-11-08T14:45:35.165+0000] {logging_mixin.py:190} INFO - [2024-11-08T14:45:35.165+0000] {dagbag.py:588} INFO - Filling up the DagBag from /home/airflow/.local/lib/python3.12/site-packages/airflow/example_dags/example_short_circuit_decorator.py
[2024-11-08T14:45:35.177+0000] {processor.py:925} INFO - DAG(s) 'example_short_circuit_decorator' retrieved from /home/airflow/.local/lib/python3.12/site-packages/airflow/example_dags/example_short_circuit_decorator.py
[2024-11-08T14:45:35.202+0000] {logging_mixin.py:190} INFO - [2024-11-08T14:45:35.202+0000] {dag.py:3239} INFO - Sync 1 DAGs
[2024-11-08T14:45:35.217+0000] {logging_mixin.py:190} INFO - [2024-11-08T14:45:35.217+0000] {dag.py:4180} INFO - Setting next_dagrun for example_short_circuit_decorator to None, run_after=None
[2024-11-08T14:45:35.266+0000] {processor.py:208} INFO - Processing /home/airflow/.local/lib/python3.12/site-packages/airflow/example_dags/example_short_circuit_decorator.py took 0.112 seconds
[2024-11-08T14:46:05.620+0000] {processor.py:186} INFO - Started process (PID=1798) to work on /home/airflow/.local/lib/python3.12/site-packages/airflow/example_dags/example_short_circuit_decorator.py
[2024-11-08T14:46:05.621+0000] {processor.py:914} INFO - Processing file /home/airflow/.local/lib/python3.12/site-packages/airflow/example_dags/example_short_circuit_decorator.py for tasks to queue
[2024-11-08T14:46:05.624+0000] {logging_mixin.py:190} INFO - [2024-11-08T14:46:05.624+0000] {dagbag.py:588} INFO - Filling up the DagBag from /home/airflow/.local/lib/python3.12/site-packages/airflow/example_dags/example_short_circuit_decorator.py
[2024-11-08T14:46:05.634+0000] {processor.py:925} INFO - DAG(s) 'example_short_circuit_decorator' retrieved from /home/airflow/.local/lib/python3.12/site-packages/airflow/example_dags/example_short_circuit_decorator.py
[2024-11-08T14:46:05.656+0000] {logging_mixin.py:190} INFO - [2024-11-08T14:46:05.656+0000] {dag.py:3239} INFO - Sync 1 DAGs
[2024-11-08T14:46:05.670+0000] {logging_mixin.py:190} INFO - [2024-11-08T14:46:05.669+0000] {dag.py:4180} INFO - Setting next_dagrun for example_short_circuit_decorator to None, run_after=None
[2024-11-08T14:46:05.699+0000] {processor.py:208} INFO - Processing /home/airflow/.local/lib/python3.12/site-packages/airflow/example_dags/example_short_circuit_decorator.py took 0.084 seconds
[2024-11-08T14:46:36.017+0000] {processor.py:186} INFO - Started process (PID=1862) to work on /home/airflow/.local/lib/python3.12/site-packages/airflow/example_dags/example_short_circuit_decorator.py
[2024-11-08T14:46:36.018+0000] {processor.py:914} INFO - Processing file /home/airflow/.local/lib/python3.12/site-packages/airflow/example_dags/example_short_circuit_decorator.py for tasks to queue
[2024-11-08T14:46:36.021+0000] {logging_mixin.py:190} INFO - [2024-11-08T14:46:36.020+0000] {dagbag.py:588} INFO - Filling up the DagBag from /home/airflow/.local/lib/python3.12/site-packages/airflow/example_dags/example_short_circuit_decorator.py
[2024-11-08T14:46:36.031+0000] {processor.py:925} INFO - DAG(s) 'example_short_circuit_decorator' retrieved from /home/airflow/.local/lib/python3.12/site-packages/airflow/example_dags/example_short_circuit_decorator.py
[2024-11-08T14:46:36.054+0000] {logging_mixin.py:190} INFO - [2024-11-08T14:46:36.054+0000] {dag.py:3239} INFO - Sync 1 DAGs
[2024-11-08T14:46:36.069+0000] {logging_mixin.py:190} INFO - [2024-11-08T14:46:36.069+0000] {dag.py:4180} INFO - Setting next_dagrun for example_short_circuit_decorator to None, run_after=None
[2024-11-08T14:46:36.378+0000] {processor.py:208} INFO - Processing /home/airflow/.local/lib/python3.12/site-packages/airflow/example_dags/example_short_circuit_decorator.py took 0.368 seconds
[2024-11-08T14:47:07.306+0000] {processor.py:186} INFO - Started process (PID=1925) to work on /home/airflow/.local/lib/python3.12/site-packages/airflow/example_dags/example_short_circuit_decorator.py
[2024-11-08T14:47:07.307+0000] {processor.py:914} INFO - Processing file /home/airflow/.local/lib/python3.12/site-packages/airflow/example_dags/example_short_circuit_decorator.py for tasks to queue
[2024-11-08T14:47:07.309+0000] {logging_mixin.py:190} INFO - [2024-11-08T14:47:07.309+0000] {dagbag.py:588} INFO - Filling up the DagBag from /home/airflow/.local/lib/python3.12/site-packages/airflow/example_dags/example_short_circuit_decorator.py
[2024-11-08T14:47:07.320+0000] {processor.py:925} INFO - DAG(s) 'example_short_circuit_decorator' retrieved from /home/airflow/.local/lib/python3.12/site-packages/airflow/example_dags/example_short_circuit_decorator.py
[2024-11-08T14:47:07.344+0000] {logging_mixin.py:190} INFO - [2024-11-08T14:47:07.344+0000] {dag.py:3239} INFO - Sync 1 DAGs
[2024-11-08T14:47:07.360+0000] {logging_mixin.py:190} INFO - [2024-11-08T14:47:07.360+0000] {dag.py:4180} INFO - Setting next_dagrun for example_short_circuit_decorator to None, run_after=None
[2024-11-08T14:47:07.602+0000] {processor.py:208} INFO - Processing /home/airflow/.local/lib/python3.12/site-packages/airflow/example_dags/example_short_circuit_decorator.py took 0.302 seconds
[2024-11-08T14:47:37.874+0000] {processor.py:186} INFO - Started process (PID=1988) to work on /home/airflow/.local/lib/python3.12/site-packages/airflow/example_dags/example_short_circuit_decorator.py
[2024-11-08T14:47:37.876+0000] {processor.py:914} INFO - Processing file /home/airflow/.local/lib/python3.12/site-packages/airflow/example_dags/example_short_circuit_decorator.py for tasks to queue
[2024-11-08T14:47:37.879+0000] {logging_mixin.py:190} INFO - [2024-11-08T14:47:37.878+0000] {dagbag.py:588} INFO - Filling up the DagBag from /home/airflow/.local/lib/python3.12/site-packages/airflow/example_dags/example_short_circuit_decorator.py
[2024-11-08T14:47:37.890+0000] {processor.py:925} INFO - DAG(s) 'example_short_circuit_decorator' retrieved from /home/airflow/.local/lib/python3.12/site-packages/airflow/example_dags/example_short_circuit_decorator.py
[2024-11-08T14:47:37.915+0000] {logging_mixin.py:190} INFO - [2024-11-08T14:47:37.915+0000] {dag.py:3239} INFO - Sync 1 DAGs
[2024-11-08T14:47:37.930+0000] {logging_mixin.py:190} INFO - [2024-11-08T14:47:37.930+0000] {dag.py:4180} INFO - Setting next_dagrun for example_short_circuit_decorator to None, run_after=None
[2024-11-08T14:47:38.385+0000] {processor.py:208} INFO - Processing /home/airflow/.local/lib/python3.12/site-packages/airflow/example_dags/example_short_circuit_decorator.py took 0.519 seconds
[2024-11-08T14:48:08.537+0000] {processor.py:186} INFO - Started process (PID=2051) to work on /home/airflow/.local/lib/python3.12/site-packages/airflow/example_dags/example_short_circuit_decorator.py
[2024-11-08T14:48:08.538+0000] {processor.py:914} INFO - Processing file /home/airflow/.local/lib/python3.12/site-packages/airflow/example_dags/example_short_circuit_decorator.py for tasks to queue
[2024-11-08T14:48:08.540+0000] {logging_mixin.py:190} INFO - [2024-11-08T14:48:08.540+0000] {dagbag.py:588} INFO - Filling up the DagBag from /home/airflow/.local/lib/python3.12/site-packages/airflow/example_dags/example_short_circuit_decorator.py
[2024-11-08T14:48:08.550+0000] {processor.py:925} INFO - DAG(s) 'example_short_circuit_decorator' retrieved from /home/airflow/.local/lib/python3.12/site-packages/airflow/example_dags/example_short_circuit_decorator.py
[2024-11-08T14:48:08.576+0000] {logging_mixin.py:190} INFO - [2024-11-08T14:48:08.575+0000] {dag.py:3239} INFO - Sync 1 DAGs
[2024-11-08T14:48:08.590+0000] {logging_mixin.py:190} INFO - [2024-11-08T14:48:08.590+0000] {dag.py:4180} INFO - Setting next_dagrun for example_short_circuit_decorator to None, run_after=None
[2024-11-08T14:48:08.793+0000] {processor.py:208} INFO - Processing /home/airflow/.local/lib/python3.12/site-packages/airflow/example_dags/example_short_circuit_decorator.py took 0.265 seconds
[2024-11-08T14:48:39.449+0000] {processor.py:186} INFO - Started process (PID=2114) to work on /home/airflow/.local/lib/python3.12/site-packages/airflow/example_dags/example_short_circuit_decorator.py
[2024-11-08T14:48:39.451+0000] {processor.py:914} INFO - Processing file /home/airflow/.local/lib/python3.12/site-packages/airflow/example_dags/example_short_circuit_decorator.py for tasks to queue
[2024-11-08T14:48:39.453+0000] {logging_mixin.py:190} INFO - [2024-11-08T14:48:39.453+0000] {dagbag.py:588} INFO - Filling up the DagBag from /home/airflow/.local/lib/python3.12/site-packages/airflow/example_dags/example_short_circuit_decorator.py
[2024-11-08T14:48:39.464+0000] {processor.py:925} INFO - DAG(s) 'example_short_circuit_decorator' retrieved from /home/airflow/.local/lib/python3.12/site-packages/airflow/example_dags/example_short_circuit_decorator.py
[2024-11-08T14:48:39.489+0000] {logging_mixin.py:190} INFO - [2024-11-08T14:48:39.489+0000] {dag.py:3239} INFO - Sync 1 DAGs
[2024-11-08T14:48:39.505+0000] {logging_mixin.py:190} INFO - [2024-11-08T14:48:39.504+0000] {dag.py:4180} INFO - Setting next_dagrun for example_short_circuit_decorator to None, run_after=None
[2024-11-08T14:48:39.601+0000] {processor.py:208} INFO - Processing /home/airflow/.local/lib/python3.12/site-packages/airflow/example_dags/example_short_circuit_decorator.py took 0.162 seconds
[2024-11-08T14:49:10.262+0000] {processor.py:186} INFO - Started process (PID=2177) to work on /home/airflow/.local/lib/python3.12/site-packages/airflow/example_dags/example_short_circuit_decorator.py
[2024-11-08T14:49:10.264+0000] {processor.py:914} INFO - Processing file /home/airflow/.local/lib/python3.12/site-packages/airflow/example_dags/example_short_circuit_decorator.py for tasks to queue
[2024-11-08T14:49:10.267+0000] {logging_mixin.py:190} INFO - [2024-11-08T14:49:10.267+0000] {dagbag.py:588} INFO - Filling up the DagBag from /home/airflow/.local/lib/python3.12/site-packages/airflow/example_dags/example_short_circuit_decorator.py
[2024-11-08T14:49:10.280+0000] {processor.py:925} INFO - DAG(s) 'example_short_circuit_decorator' retrieved from /home/airflow/.local/lib/python3.12/site-packages/airflow/example_dags/example_short_circuit_decorator.py
[2024-11-08T14:49:10.309+0000] {logging_mixin.py:190} INFO - [2024-11-08T14:49:10.309+0000] {dag.py:3239} INFO - Sync 1 DAGs
[2024-11-08T14:49:10.330+0000] {logging_mixin.py:190} INFO - [2024-11-08T14:49:10.330+0000] {dag.py:4180} INFO - Setting next_dagrun for example_short_circuit_decorator to None, run_after=None
[2024-11-08T14:49:10.470+0000] {processor.py:208} INFO - Processing /home/airflow/.local/lib/python3.12/site-packages/airflow/example_dags/example_short_circuit_decorator.py took 0.216 seconds
[2024-11-08T14:49:40.864+0000] {processor.py:186} INFO - Started process (PID=2240) to work on /home/airflow/.local/lib/python3.12/site-packages/airflow/example_dags/example_short_circuit_decorator.py
[2024-11-08T14:49:40.865+0000] {processor.py:914} INFO - Processing file /home/airflow/.local/lib/python3.12/site-packages/airflow/example_dags/example_short_circuit_decorator.py for tasks to queue
[2024-11-08T14:49:40.868+0000] {logging_mixin.py:190} INFO - [2024-11-08T14:49:40.868+0000] {dagbag.py:588} INFO - Filling up the DagBag from /home/airflow/.local/lib/python3.12/site-packages/airflow/example_dags/example_short_circuit_decorator.py
[2024-11-08T14:49:40.879+0000] {processor.py:925} INFO - DAG(s) 'example_short_circuit_decorator' retrieved from /home/airflow/.local/lib/python3.12/site-packages/airflow/example_dags/example_short_circuit_decorator.py
[2024-11-08T14:49:40.903+0000] {logging_mixin.py:190} INFO - [2024-11-08T14:49:40.903+0000] {dag.py:3239} INFO - Sync 1 DAGs
[2024-11-08T14:49:40.919+0000] {logging_mixin.py:190} INFO - [2024-11-08T14:49:40.919+0000] {dag.py:4180} INFO - Setting next_dagrun for example_short_circuit_decorator to None, run_after=None
[2024-11-08T14:49:40.984+0000] {processor.py:208} INFO - Processing /home/airflow/.local/lib/python3.12/site-packages/airflow/example_dags/example_short_circuit_decorator.py took 0.131 seconds
[2024-11-08T14:50:11.366+0000] {processor.py:186} INFO - Started process (PID=2303) to work on /home/airflow/.local/lib/python3.12/site-packages/airflow/example_dags/example_short_circuit_decorator.py
[2024-11-08T14:50:11.367+0000] {processor.py:914} INFO - Processing file /home/airflow/.local/lib/python3.12/site-packages/airflow/example_dags/example_short_circuit_decorator.py for tasks to queue
[2024-11-08T14:50:11.370+0000] {logging_mixin.py:190} INFO - [2024-11-08T14:50:11.369+0000] {dagbag.py:588} INFO - Filling up the DagBag from /home/airflow/.local/lib/python3.12/site-packages/airflow/example_dags/example_short_circuit_decorator.py
[2024-11-08T14:50:11.383+0000] {processor.py:925} INFO - DAG(s) 'example_short_circuit_decorator' retrieved from /home/airflow/.local/lib/python3.12/site-packages/airflow/example_dags/example_short_circuit_decorator.py
[2024-11-08T14:50:11.407+0000] {logging_mixin.py:190} INFO - [2024-11-08T14:50:11.407+0000] {dag.py:3239} INFO - Sync 1 DAGs
[2024-11-08T14:50:11.423+0000] {logging_mixin.py:190} INFO - [2024-11-08T14:50:11.423+0000] {dag.py:4180} INFO - Setting next_dagrun for example_short_circuit_decorator to None, run_after=None
[2024-11-08T14:50:11.448+0000] {processor.py:208} INFO - Processing /home/airflow/.local/lib/python3.12/site-packages/airflow/example_dags/example_short_circuit_decorator.py took 0.088 seconds
[2024-11-08T14:50:41.758+0000] {processor.py:186} INFO - Started process (PID=2366) to work on /home/airflow/.local/lib/python3.12/site-packages/airflow/example_dags/example_short_circuit_decorator.py
[2024-11-08T14:50:41.760+0000] {processor.py:914} INFO - Processing file /home/airflow/.local/lib/python3.12/site-packages/airflow/example_dags/example_short_circuit_decorator.py for tasks to queue
[2024-11-08T14:50:41.764+0000] {logging_mixin.py:190} INFO - [2024-11-08T14:50:41.763+0000] {dagbag.py:588} INFO - Filling up the DagBag from /home/airflow/.local/lib/python3.12/site-packages/airflow/example_dags/example_short_circuit_decorator.py
[2024-11-08T14:50:41.781+0000] {processor.py:925} INFO - DAG(s) 'example_short_circuit_decorator' retrieved from /home/airflow/.local/lib/python3.12/site-packages/airflow/example_dags/example_short_circuit_decorator.py
[2024-11-08T14:50:41.813+0000] {logging_mixin.py:190} INFO - [2024-11-08T14:50:41.812+0000] {dag.py:3239} INFO - Sync 1 DAGs
[2024-11-08T14:50:41.834+0000] {logging_mixin.py:190} INFO - [2024-11-08T14:50:41.834+0000] {dag.py:4180} INFO - Setting next_dagrun for example_short_circuit_decorator to None, run_after=None
[2024-11-08T14:50:42.147+0000] {processor.py:208} INFO - Processing /home/airflow/.local/lib/python3.12/site-packages/airflow/example_dags/example_short_circuit_decorator.py took 0.397 seconds
[2024-11-08T14:51:12.472+0000] {processor.py:186} INFO - Started process (PID=2429) to work on /home/airflow/.local/lib/python3.12/site-packages/airflow/example_dags/example_short_circuit_decorator.py
[2024-11-08T14:51:12.475+0000] {processor.py:914} INFO - Processing file /home/airflow/.local/lib/python3.12/site-packages/airflow/example_dags/example_short_circuit_decorator.py for tasks to queue
[2024-11-08T14:51:12.478+0000] {logging_mixin.py:190} INFO - [2024-11-08T14:51:12.478+0000] {dagbag.py:588} INFO - Filling up the DagBag from /home/airflow/.local/lib/python3.12/site-packages/airflow/example_dags/example_short_circuit_decorator.py
[2024-11-08T14:51:12.492+0000] {processor.py:925} INFO - DAG(s) 'example_short_circuit_decorator' retrieved from /home/airflow/.local/lib/python3.12/site-packages/airflow/example_dags/example_short_circuit_decorator.py
[2024-11-08T14:51:12.525+0000] {logging_mixin.py:190} INFO - [2024-11-08T14:51:12.525+0000] {dag.py:3239} INFO - Sync 1 DAGs
[2024-11-08T14:51:12.546+0000] {logging_mixin.py:190} INFO - [2024-11-08T14:51:12.546+0000] {dag.py:4180} INFO - Setting next_dagrun for example_short_circuit_decorator to None, run_after=None
[2024-11-08T14:51:12.581+0000] {processor.py:208} INFO - Processing /home/airflow/.local/lib/python3.12/site-packages/airflow/example_dags/example_short_circuit_decorator.py took 0.116 seconds
[2024-11-08T14:51:43.536+0000] {processor.py:186} INFO - Started process (PID=2492) to work on /home/airflow/.local/lib/python3.12/site-packages/airflow/example_dags/example_short_circuit_decorator.py
[2024-11-08T14:51:43.563+0000] {processor.py:914} INFO - Processing file /home/airflow/.local/lib/python3.12/site-packages/airflow/example_dags/example_short_circuit_decorator.py for tasks to queue
[2024-11-08T14:51:43.570+0000] {logging_mixin.py:190} INFO - [2024-11-08T14:51:43.570+0000] {dagbag.py:588} INFO - Filling up the DagBag from /home/airflow/.local/lib/python3.12/site-packages/airflow/example_dags/example_short_circuit_decorator.py
[2024-11-08T14:51:43.588+0000] {processor.py:925} INFO - DAG(s) 'example_short_circuit_decorator' retrieved from /home/airflow/.local/lib/python3.12/site-packages/airflow/example_dags/example_short_circuit_decorator.py
[2024-11-08T14:51:43.641+0000] {logging_mixin.py:190} INFO - [2024-11-08T14:51:43.641+0000] {dag.py:3239} INFO - Sync 1 DAGs
[2024-11-08T14:51:43.670+0000] {logging_mixin.py:190} INFO - [2024-11-08T14:51:43.670+0000] {dag.py:4180} INFO - Setting next_dagrun for example_short_circuit_decorator to None, run_after=None
[2024-11-08T14:51:44.173+0000] {processor.py:208} INFO - Processing /home/airflow/.local/lib/python3.12/site-packages/airflow/example_dags/example_short_circuit_decorator.py took 0.645 seconds
[2024-11-08T14:52:14.230+0000] {processor.py:186} INFO - Started process (PID=2554) to work on /home/airflow/.local/lib/python3.12/site-packages/airflow/example_dags/example_short_circuit_decorator.py
[2024-11-08T14:52:14.241+0000] {processor.py:914} INFO - Processing file /home/airflow/.local/lib/python3.12/site-packages/airflow/example_dags/example_short_circuit_decorator.py for tasks to queue
[2024-11-08T14:52:14.244+0000] {logging_mixin.py:190} INFO - [2024-11-08T14:52:14.244+0000] {dagbag.py:588} INFO - Filling up the DagBag from /home/airflow/.local/lib/python3.12/site-packages/airflow/example_dags/example_short_circuit_decorator.py
[2024-11-08T14:52:14.260+0000] {processor.py:925} INFO - DAG(s) 'example_short_circuit_decorator' retrieved from /home/airflow/.local/lib/python3.12/site-packages/airflow/example_dags/example_short_circuit_decorator.py
[2024-11-08T14:52:14.305+0000] {logging_mixin.py:190} INFO - [2024-11-08T14:52:14.305+0000] {dag.py:3239} INFO - Sync 1 DAGs
[2024-11-08T14:52:14.345+0000] {logging_mixin.py:190} INFO - [2024-11-08T14:52:14.344+0000] {dag.py:4180} INFO - Setting next_dagrun for example_short_circuit_decorator to None, run_after=None
[2024-11-08T14:52:14.401+0000] {processor.py:208} INFO - Processing /home/airflow/.local/lib/python3.12/site-packages/airflow/example_dags/example_short_circuit_decorator.py took 0.180 seconds
[2024-11-08T14:52:44.650+0000] {processor.py:186} INFO - Started process (PID=2618) to work on /home/airflow/.local/lib/python3.12/site-packages/airflow/example_dags/example_short_circuit_decorator.py
[2024-11-08T14:52:44.653+0000] {processor.py:914} INFO - Processing file /home/airflow/.local/lib/python3.12/site-packages/airflow/example_dags/example_short_circuit_decorator.py for tasks to queue
[2024-11-08T14:52:44.657+0000] {logging_mixin.py:190} INFO - [2024-11-08T14:52:44.656+0000] {dagbag.py:588} INFO - Filling up the DagBag from /home/airflow/.local/lib/python3.12/site-packages/airflow/example_dags/example_short_circuit_decorator.py
[2024-11-08T14:52:44.673+0000] {processor.py:925} INFO - DAG(s) 'example_short_circuit_decorator' retrieved from /home/airflow/.local/lib/python3.12/site-packages/airflow/example_dags/example_short_circuit_decorator.py
[2024-11-08T14:52:44.706+0000] {logging_mixin.py:190} INFO - [2024-11-08T14:52:44.706+0000] {dag.py:3239} INFO - Sync 1 DAGs
[2024-11-08T14:52:44.728+0000] {logging_mixin.py:190} INFO - [2024-11-08T14:52:44.727+0000] {dag.py:4180} INFO - Setting next_dagrun for example_short_circuit_decorator to None, run_after=None
[2024-11-08T14:52:44.890+0000] {processor.py:208} INFO - Processing /home/airflow/.local/lib/python3.12/site-packages/airflow/example_dags/example_short_circuit_decorator.py took 0.249 seconds
[2024-11-08T14:53:15.231+0000] {processor.py:186} INFO - Started process (PID=2681) to work on /home/airflow/.local/lib/python3.12/site-packages/airflow/example_dags/example_short_circuit_decorator.py
[2024-11-08T14:53:15.232+0000] {processor.py:914} INFO - Processing file /home/airflow/.local/lib/python3.12/site-packages/airflow/example_dags/example_short_circuit_decorator.py for tasks to queue
[2024-11-08T14:53:15.235+0000] {logging_mixin.py:190} INFO - [2024-11-08T14:53:15.234+0000] {dagbag.py:588} INFO - Filling up the DagBag from /home/airflow/.local/lib/python3.12/site-packages/airflow/example_dags/example_short_circuit_decorator.py
[2024-11-08T14:53:15.245+0000] {processor.py:925} INFO - DAG(s) 'example_short_circuit_decorator' retrieved from /home/airflow/.local/lib/python3.12/site-packages/airflow/example_dags/example_short_circuit_decorator.py
[2024-11-08T14:53:15.271+0000] {logging_mixin.py:190} INFO - [2024-11-08T14:53:15.271+0000] {dag.py:3239} INFO - Sync 1 DAGs
[2024-11-08T14:53:15.287+0000] {logging_mixin.py:190} INFO - [2024-11-08T14:53:15.286+0000] {dag.py:4180} INFO - Setting next_dagrun for example_short_circuit_decorator to None, run_after=None
[2024-11-08T14:53:15.316+0000] {processor.py:208} INFO - Processing /home/airflow/.local/lib/python3.12/site-packages/airflow/example_dags/example_short_circuit_decorator.py took 0.090 seconds
[2024-11-08T14:53:46.192+0000] {processor.py:186} INFO - Started process (PID=2744) to work on /home/airflow/.local/lib/python3.12/site-packages/airflow/example_dags/example_short_circuit_decorator.py
[2024-11-08T14:53:46.193+0000] {processor.py:914} INFO - Processing file /home/airflow/.local/lib/python3.12/site-packages/airflow/example_dags/example_short_circuit_decorator.py for tasks to queue
[2024-11-08T14:53:46.196+0000] {logging_mixin.py:190} INFO - [2024-11-08T14:53:46.196+0000] {dagbag.py:588} INFO - Filling up the DagBag from /home/airflow/.local/lib/python3.12/site-packages/airflow/example_dags/example_short_circuit_decorator.py
[2024-11-08T14:53:46.206+0000] {processor.py:925} INFO - DAG(s) 'example_short_circuit_decorator' retrieved from /home/airflow/.local/lib/python3.12/site-packages/airflow/example_dags/example_short_circuit_decorator.py
[2024-11-08T14:53:46.230+0000] {logging_mixin.py:190} INFO - [2024-11-08T14:53:46.230+0000] {dag.py:3239} INFO - Sync 1 DAGs
[2024-11-08T14:53:46.245+0000] {logging_mixin.py:190} INFO - [2024-11-08T14:53:46.245+0000] {dag.py:4180} INFO - Setting next_dagrun for example_short_circuit_decorator to None, run_after=None
[2024-11-08T14:53:46.417+0000] {processor.py:208} INFO - Processing /home/airflow/.local/lib/python3.12/site-packages/airflow/example_dags/example_short_circuit_decorator.py took 0.234 seconds
[2024-11-08T14:54:16.968+0000] {processor.py:186} INFO - Started process (PID=2807) to work on /home/airflow/.local/lib/python3.12/site-packages/airflow/example_dags/example_short_circuit_decorator.py
[2024-11-08T14:54:16.969+0000] {processor.py:914} INFO - Processing file /home/airflow/.local/lib/python3.12/site-packages/airflow/example_dags/example_short_circuit_decorator.py for tasks to queue
[2024-11-08T14:54:16.972+0000] {logging_mixin.py:190} INFO - [2024-11-08T14:54:16.971+0000] {dagbag.py:588} INFO - Filling up the DagBag from /home/airflow/.local/lib/python3.12/site-packages/airflow/example_dags/example_short_circuit_decorator.py
[2024-11-08T14:54:16.982+0000] {processor.py:925} INFO - DAG(s) 'example_short_circuit_decorator' retrieved from /home/airflow/.local/lib/python3.12/site-packages/airflow/example_dags/example_short_circuit_decorator.py
[2024-11-08T14:54:17.008+0000] {logging_mixin.py:190} INFO - [2024-11-08T14:54:17.008+0000] {dag.py:3239} INFO - Sync 1 DAGs
[2024-11-08T14:54:17.024+0000] {logging_mixin.py:190} INFO - [2024-11-08T14:54:17.024+0000] {dag.py:4180} INFO - Setting next_dagrun for example_short_circuit_decorator to None, run_after=None
[2024-11-08T14:54:17.056+0000] {processor.py:208} INFO - Processing /home/airflow/.local/lib/python3.12/site-packages/airflow/example_dags/example_short_circuit_decorator.py took 0.095 seconds
[2024-11-08T14:54:47.714+0000] {processor.py:186} INFO - Started process (PID=2870) to work on /home/airflow/.local/lib/python3.12/site-packages/airflow/example_dags/example_short_circuit_decorator.py
[2024-11-08T14:54:47.725+0000] {processor.py:914} INFO - Processing file /home/airflow/.local/lib/python3.12/site-packages/airflow/example_dags/example_short_circuit_decorator.py for tasks to queue
[2024-11-08T14:54:47.743+0000] {logging_mixin.py:190} INFO - [2024-11-08T14:54:47.740+0000] {dagbag.py:588} INFO - Filling up the DagBag from /home/airflow/.local/lib/python3.12/site-packages/airflow/example_dags/example_short_circuit_decorator.py
[2024-11-08T14:54:47.762+0000] {processor.py:925} INFO - DAG(s) 'example_short_circuit_decorator' retrieved from /home/airflow/.local/lib/python3.12/site-packages/airflow/example_dags/example_short_circuit_decorator.py
[2024-11-08T14:54:47.808+0000] {logging_mixin.py:190} INFO - [2024-11-08T14:54:47.807+0000] {dag.py:3239} INFO - Sync 1 DAGs
[2024-11-08T14:54:47.832+0000] {logging_mixin.py:190} INFO - [2024-11-08T14:54:47.831+0000] {dag.py:4180} INFO - Setting next_dagrun for example_short_circuit_decorator to None, run_after=None
[2024-11-08T14:54:48.019+0000] {processor.py:208} INFO - Processing /home/airflow/.local/lib/python3.12/site-packages/airflow/example_dags/example_short_circuit_decorator.py took 0.312 seconds
[2024-11-08T14:55:18.506+0000] {processor.py:186} INFO - Started process (PID=2933) to work on /home/airflow/.local/lib/python3.12/site-packages/airflow/example_dags/example_short_circuit_decorator.py
[2024-11-08T14:55:18.508+0000] {processor.py:914} INFO - Processing file /home/airflow/.local/lib/python3.12/site-packages/airflow/example_dags/example_short_circuit_decorator.py for tasks to queue
[2024-11-08T14:55:18.510+0000] {logging_mixin.py:190} INFO - [2024-11-08T14:55:18.510+0000] {dagbag.py:588} INFO - Filling up the DagBag from /home/airflow/.local/lib/python3.12/site-packages/airflow/example_dags/example_short_circuit_decorator.py
[2024-11-08T14:55:18.521+0000] {processor.py:925} INFO - DAG(s) 'example_short_circuit_decorator' retrieved from /home/airflow/.local/lib/python3.12/site-packages/airflow/example_dags/example_short_circuit_decorator.py
[2024-11-08T14:55:18.547+0000] {logging_mixin.py:190} INFO - [2024-11-08T14:55:18.547+0000] {dag.py:3239} INFO - Sync 1 DAGs
[2024-11-08T14:55:18.564+0000] {logging_mixin.py:190} INFO - [2024-11-08T14:55:18.563+0000] {dag.py:4180} INFO - Setting next_dagrun for example_short_circuit_decorator to None, run_after=None
[2024-11-08T14:55:18.590+0000] {processor.py:208} INFO - Processing /home/airflow/.local/lib/python3.12/site-packages/airflow/example_dags/example_short_circuit_decorator.py took 0.090 seconds
[2024-11-08T14:55:50.231+0000] {processor.py:186} INFO - Started process (PID=2995) to work on /home/airflow/.local/lib/python3.12/site-packages/airflow/example_dags/example_short_circuit_decorator.py
[2024-11-08T14:55:50.232+0000] {processor.py:914} INFO - Processing file /home/airflow/.local/lib/python3.12/site-packages/airflow/example_dags/example_short_circuit_decorator.py for tasks to queue
[2024-11-08T14:55:50.235+0000] {logging_mixin.py:190} INFO - [2024-11-08T14:55:50.234+0000] {dagbag.py:588} INFO - Filling up the DagBag from /home/airflow/.local/lib/python3.12/site-packages/airflow/example_dags/example_short_circuit_decorator.py
[2024-11-08T14:55:50.245+0000] {processor.py:925} INFO - DAG(s) 'example_short_circuit_decorator' retrieved from /home/airflow/.local/lib/python3.12/site-packages/airflow/example_dags/example_short_circuit_decorator.py
[2024-11-08T14:55:50.271+0000] {logging_mixin.py:190} INFO - [2024-11-08T14:55:50.270+0000] {dag.py:3239} INFO - Sync 1 DAGs
[2024-11-08T14:55:50.286+0000] {logging_mixin.py:190} INFO - [2024-11-08T14:55:50.286+0000] {dag.py:4180} INFO - Setting next_dagrun for example_short_circuit_decorator to None, run_after=None
[2024-11-08T14:55:50.462+0000] {processor.py:208} INFO - Processing /home/airflow/.local/lib/python3.12/site-packages/airflow/example_dags/example_short_circuit_decorator.py took 0.237 seconds
[2024-11-08T14:56:21.724+0000] {processor.py:186} INFO - Started process (PID=3058) to work on /home/airflow/.local/lib/python3.12/site-packages/airflow/example_dags/example_short_circuit_decorator.py
[2024-11-08T14:56:21.729+0000] {processor.py:914} INFO - Processing file /home/airflow/.local/lib/python3.12/site-packages/airflow/example_dags/example_short_circuit_decorator.py for tasks to queue
[2024-11-08T14:56:21.732+0000] {logging_mixin.py:190} INFO - [2024-11-08T14:56:21.732+0000] {dagbag.py:588} INFO - Filling up the DagBag from /home/airflow/.local/lib/python3.12/site-packages/airflow/example_dags/example_short_circuit_decorator.py
[2024-11-08T14:56:21.748+0000] {processor.py:925} INFO - DAG(s) 'example_short_circuit_decorator' retrieved from /home/airflow/.local/lib/python3.12/site-packages/airflow/example_dags/example_short_circuit_decorator.py
[2024-11-08T14:56:21.779+0000] {logging_mixin.py:190} INFO - [2024-11-08T14:56:21.778+0000] {dag.py:3239} INFO - Sync 1 DAGs
[2024-11-08T14:56:22.016+0000] {logging_mixin.py:190} INFO - [2024-11-08T14:56:22.016+0000] {dag.py:4180} INFO - Setting next_dagrun for example_short_circuit_decorator to None, run_after=None
[2024-11-08T14:56:22.063+0000] {processor.py:208} INFO - Processing /home/airflow/.local/lib/python3.12/site-packages/airflow/example_dags/example_short_circuit_decorator.py took 0.348 seconds
[2024-11-08T14:56:52.378+0000] {processor.py:186} INFO - Started process (PID=3121) to work on /home/airflow/.local/lib/python3.12/site-packages/airflow/example_dags/example_short_circuit_decorator.py
[2024-11-08T14:56:52.379+0000] {processor.py:914} INFO - Processing file /home/airflow/.local/lib/python3.12/site-packages/airflow/example_dags/example_short_circuit_decorator.py for tasks to queue
[2024-11-08T14:56:52.381+0000] {logging_mixin.py:190} INFO - [2024-11-08T14:56:52.381+0000] {dagbag.py:588} INFO - Filling up the DagBag from /home/airflow/.local/lib/python3.12/site-packages/airflow/example_dags/example_short_circuit_decorator.py
[2024-11-08T14:56:52.393+0000] {processor.py:925} INFO - DAG(s) 'example_short_circuit_decorator' retrieved from /home/airflow/.local/lib/python3.12/site-packages/airflow/example_dags/example_short_circuit_decorator.py
[2024-11-08T14:56:52.420+0000] {logging_mixin.py:190} INFO - [2024-11-08T14:56:52.420+0000] {dag.py:3239} INFO - Sync 1 DAGs
[2024-11-08T14:56:52.436+0000] {logging_mixin.py:190} INFO - [2024-11-08T14:56:52.435+0000] {dag.py:4180} INFO - Setting next_dagrun for example_short_circuit_decorator to None, run_after=None
[2024-11-08T14:56:52.954+0000] {processor.py:208} INFO - Processing /home/airflow/.local/lib/python3.12/site-packages/airflow/example_dags/example_short_circuit_decorator.py took 0.584 seconds
[2024-11-08T14:57:23.935+0000] {processor.py:186} INFO - Started process (PID=3178) to work on /home/airflow/.local/lib/python3.12/site-packages/airflow/example_dags/example_short_circuit_decorator.py
[2024-11-08T14:57:23.937+0000] {processor.py:914} INFO - Processing file /home/airflow/.local/lib/python3.12/site-packages/airflow/example_dags/example_short_circuit_decorator.py for tasks to queue
[2024-11-08T14:57:23.943+0000] {logging_mixin.py:190} INFO - [2024-11-08T14:57:23.943+0000] {dagbag.py:588} INFO - Filling up the DagBag from /home/airflow/.local/lib/python3.12/site-packages/airflow/example_dags/example_short_circuit_decorator.py
[2024-11-08T14:57:24.396+0000] {processor.py:925} INFO - DAG(s) 'example_short_circuit_decorator' retrieved from /home/airflow/.local/lib/python3.12/site-packages/airflow/example_dags/example_short_circuit_decorator.py
[2024-11-08T14:57:24.442+0000] {logging_mixin.py:190} INFO - [2024-11-08T14:57:24.441+0000] {dag.py:3239} INFO - Sync 1 DAGs
[2024-11-08T14:57:24.492+0000] {logging_mixin.py:190} INFO - [2024-11-08T14:57:24.490+0000] {dag.py:4180} INFO - Setting next_dagrun for example_short_circuit_decorator to None, run_after=None
[2024-11-08T14:57:24.544+0000] {processor.py:208} INFO - Processing /home/airflow/.local/lib/python3.12/site-packages/airflow/example_dags/example_short_circuit_decorator.py took 0.617 seconds
[2024-11-08T14:57:54.801+0000] {processor.py:186} INFO - Started process (PID=3241) to work on /home/airflow/.local/lib/python3.12/site-packages/airflow/example_dags/example_short_circuit_decorator.py
[2024-11-08T14:57:54.803+0000] {processor.py:914} INFO - Processing file /home/airflow/.local/lib/python3.12/site-packages/airflow/example_dags/example_short_circuit_decorator.py for tasks to queue
[2024-11-08T14:57:54.806+0000] {logging_mixin.py:190} INFO - [2024-11-08T14:57:54.805+0000] {dagbag.py:588} INFO - Filling up the DagBag from /home/airflow/.local/lib/python3.12/site-packages/airflow/example_dags/example_short_circuit_decorator.py
[2024-11-08T14:57:54.817+0000] {processor.py:925} INFO - DAG(s) 'example_short_circuit_decorator' retrieved from /home/airflow/.local/lib/python3.12/site-packages/airflow/example_dags/example_short_circuit_decorator.py
[2024-11-08T14:57:54.844+0000] {logging_mixin.py:190} INFO - [2024-11-08T14:57:54.843+0000] {dag.py:3239} INFO - Sync 1 DAGs
[2024-11-08T14:57:54.860+0000] {logging_mixin.py:190} INFO - [2024-11-08T14:57:54.860+0000] {dag.py:4180} INFO - Setting next_dagrun for example_short_circuit_decorator to None, run_after=None
[2024-11-08T14:57:54.910+0000] {processor.py:208} INFO - Processing /home/airflow/.local/lib/python3.12/site-packages/airflow/example_dags/example_short_circuit_decorator.py took 0.115 seconds
[2024-11-08T14:58:25.316+0000] {processor.py:186} INFO - Started process (PID=3304) to work on /home/airflow/.local/lib/python3.12/site-packages/airflow/example_dags/example_short_circuit_decorator.py
[2024-11-08T14:58:25.317+0000] {processor.py:914} INFO - Processing file /home/airflow/.local/lib/python3.12/site-packages/airflow/example_dags/example_short_circuit_decorator.py for tasks to queue
[2024-11-08T14:58:25.319+0000] {logging_mixin.py:190} INFO - [2024-11-08T14:58:25.319+0000] {dagbag.py:588} INFO - Filling up the DagBag from /home/airflow/.local/lib/python3.12/site-packages/airflow/example_dags/example_short_circuit_decorator.py
[2024-11-08T14:58:25.328+0000] {processor.py:925} INFO - DAG(s) 'example_short_circuit_decorator' retrieved from /home/airflow/.local/lib/python3.12/site-packages/airflow/example_dags/example_short_circuit_decorator.py
[2024-11-08T14:58:25.352+0000] {logging_mixin.py:190} INFO - [2024-11-08T14:58:25.351+0000] {dag.py:3239} INFO - Sync 1 DAGs
[2024-11-08T14:58:25.365+0000] {logging_mixin.py:190} INFO - [2024-11-08T14:58:25.365+0000] {dag.py:4180} INFO - Setting next_dagrun for example_short_circuit_decorator to None, run_after=None
[2024-11-08T14:58:25.451+0000] {processor.py:208} INFO - Processing /home/airflow/.local/lib/python3.12/site-packages/airflow/example_dags/example_short_circuit_decorator.py took 0.141 seconds
[2024-11-08T14:58:55.853+0000] {processor.py:186} INFO - Started process (PID=3367) to work on /home/airflow/.local/lib/python3.12/site-packages/airflow/example_dags/example_short_circuit_decorator.py
[2024-11-08T14:58:55.855+0000] {processor.py:914} INFO - Processing file /home/airflow/.local/lib/python3.12/site-packages/airflow/example_dags/example_short_circuit_decorator.py for tasks to queue
[2024-11-08T14:58:55.857+0000] {logging_mixin.py:190} INFO - [2024-11-08T14:58:55.857+0000] {dagbag.py:588} INFO - Filling up the DagBag from /home/airflow/.local/lib/python3.12/site-packages/airflow/example_dags/example_short_circuit_decorator.py
[2024-11-08T14:58:55.871+0000] {processor.py:925} INFO - DAG(s) 'example_short_circuit_decorator' retrieved from /home/airflow/.local/lib/python3.12/site-packages/airflow/example_dags/example_short_circuit_decorator.py
[2024-11-08T14:58:55.894+0000] {logging_mixin.py:190} INFO - [2024-11-08T14:58:55.894+0000] {dag.py:3239} INFO - Sync 1 DAGs
[2024-11-08T14:58:55.910+0000] {logging_mixin.py:190} INFO - [2024-11-08T14:58:55.910+0000] {dag.py:4180} INFO - Setting next_dagrun for example_short_circuit_decorator to None, run_after=None
[2024-11-08T14:58:55.950+0000] {processor.py:208} INFO - Processing /home/airflow/.local/lib/python3.12/site-packages/airflow/example_dags/example_short_circuit_decorator.py took 0.103 seconds
[2024-11-08T14:59:26.339+0000] {processor.py:186} INFO - Started process (PID=3430) to work on /home/airflow/.local/lib/python3.12/site-packages/airflow/example_dags/example_short_circuit_decorator.py
[2024-11-08T14:59:26.340+0000] {processor.py:914} INFO - Processing file /home/airflow/.local/lib/python3.12/site-packages/airflow/example_dags/example_short_circuit_decorator.py for tasks to queue
[2024-11-08T14:59:26.343+0000] {logging_mixin.py:190} INFO - [2024-11-08T14:59:26.342+0000] {dagbag.py:588} INFO - Filling up the DagBag from /home/airflow/.local/lib/python3.12/site-packages/airflow/example_dags/example_short_circuit_decorator.py
[2024-11-08T14:59:26.352+0000] {processor.py:925} INFO - DAG(s) 'example_short_circuit_decorator' retrieved from /home/airflow/.local/lib/python3.12/site-packages/airflow/example_dags/example_short_circuit_decorator.py
[2024-11-08T14:59:26.374+0000] {logging_mixin.py:190} INFO - [2024-11-08T14:59:26.374+0000] {dag.py:3239} INFO - Sync 1 DAGs
[2024-11-08T14:59:26.388+0000] {logging_mixin.py:190} INFO - [2024-11-08T14:59:26.387+0000] {dag.py:4180} INFO - Setting next_dagrun for example_short_circuit_decorator to None, run_after=None
[2024-11-08T14:59:26.422+0000] {processor.py:208} INFO - Processing /home/airflow/.local/lib/python3.12/site-packages/airflow/example_dags/example_short_circuit_decorator.py took 0.088 seconds
[2024-11-08T14:59:56.862+0000] {processor.py:186} INFO - Started process (PID=3493) to work on /home/airflow/.local/lib/python3.12/site-packages/airflow/example_dags/example_short_circuit_decorator.py
[2024-11-08T14:59:56.863+0000] {processor.py:914} INFO - Processing file /home/airflow/.local/lib/python3.12/site-packages/airflow/example_dags/example_short_circuit_decorator.py for tasks to queue
[2024-11-08T14:59:56.867+0000] {logging_mixin.py:190} INFO - [2024-11-08T14:59:56.867+0000] {dagbag.py:588} INFO - Filling up the DagBag from /home/airflow/.local/lib/python3.12/site-packages/airflow/example_dags/example_short_circuit_decorator.py
[2024-11-08T14:59:56.879+0000] {processor.py:925} INFO - DAG(s) 'example_short_circuit_decorator' retrieved from /home/airflow/.local/lib/python3.12/site-packages/airflow/example_dags/example_short_circuit_decorator.py
[2024-11-08T14:59:56.905+0000] {logging_mixin.py:190} INFO - [2024-11-08T14:59:56.904+0000] {dag.py:3239} INFO - Sync 1 DAGs
[2024-11-08T14:59:56.920+0000] {logging_mixin.py:190} INFO - [2024-11-08T14:59:56.919+0000] {dag.py:4180} INFO - Setting next_dagrun for example_short_circuit_decorator to None, run_after=None
[2024-11-08T14:59:56.942+0000] {processor.py:208} INFO - Processing /home/airflow/.local/lib/python3.12/site-packages/airflow/example_dags/example_short_circuit_decorator.py took 0.086 seconds
[2024-11-08T15:00:27.890+0000] {processor.py:186} INFO - Started process (PID=3556) to work on /home/airflow/.local/lib/python3.12/site-packages/airflow/example_dags/example_short_circuit_decorator.py
[2024-11-08T15:00:27.891+0000] {processor.py:914} INFO - Processing file /home/airflow/.local/lib/python3.12/site-packages/airflow/example_dags/example_short_circuit_decorator.py for tasks to queue
[2024-11-08T15:00:27.894+0000] {logging_mixin.py:190} INFO - [2024-11-08T15:00:27.894+0000] {dagbag.py:588} INFO - Filling up the DagBag from /home/airflow/.local/lib/python3.12/site-packages/airflow/example_dags/example_short_circuit_decorator.py
[2024-11-08T15:00:27.905+0000] {processor.py:925} INFO - DAG(s) 'example_short_circuit_decorator' retrieved from /home/airflow/.local/lib/python3.12/site-packages/airflow/example_dags/example_short_circuit_decorator.py
[2024-11-08T15:00:27.932+0000] {logging_mixin.py:190} INFO - [2024-11-08T15:00:27.931+0000] {dag.py:3239} INFO - Sync 1 DAGs
[2024-11-08T15:00:27.957+0000] {logging_mixin.py:190} INFO - [2024-11-08T15:00:27.957+0000] {dag.py:4180} INFO - Setting next_dagrun for example_short_circuit_decorator to None, run_after=None
[2024-11-08T15:00:27.986+0000] {processor.py:208} INFO - Processing /home/airflow/.local/lib/python3.12/site-packages/airflow/example_dags/example_short_circuit_decorator.py took 0.101 seconds
[2024-11-08T15:00:58.597+0000] {processor.py:186} INFO - Started process (PID=3624) to work on /home/airflow/.local/lib/python3.12/site-packages/airflow/example_dags/example_short_circuit_decorator.py
[2024-11-08T15:00:58.599+0000] {processor.py:914} INFO - Processing file /home/airflow/.local/lib/python3.12/site-packages/airflow/example_dags/example_short_circuit_decorator.py for tasks to queue
[2024-11-08T15:00:58.602+0000] {logging_mixin.py:190} INFO - [2024-11-08T15:00:58.601+0000] {dagbag.py:588} INFO - Filling up the DagBag from /home/airflow/.local/lib/python3.12/site-packages/airflow/example_dags/example_short_circuit_decorator.py
[2024-11-08T15:00:58.625+0000] {processor.py:925} INFO - DAG(s) 'example_short_circuit_decorator' retrieved from /home/airflow/.local/lib/python3.12/site-packages/airflow/example_dags/example_short_circuit_decorator.py
[2024-11-08T15:00:58.653+0000] {logging_mixin.py:190} INFO - [2024-11-08T15:00:58.653+0000] {dag.py:3239} INFO - Sync 1 DAGs
[2024-11-08T15:00:58.670+0000] {logging_mixin.py:190} INFO - [2024-11-08T15:00:58.669+0000] {dag.py:4180} INFO - Setting next_dagrun for example_short_circuit_decorator to None, run_after=None
[2024-11-08T15:00:58.768+0000] {processor.py:208} INFO - Processing /home/airflow/.local/lib/python3.12/site-packages/airflow/example_dags/example_short_circuit_decorator.py took 0.178 seconds
[2024-11-08T15:01:29.282+0000] {processor.py:186} INFO - Started process (PID=3688) to work on /home/airflow/.local/lib/python3.12/site-packages/airflow/example_dags/example_short_circuit_decorator.py
[2024-11-08T15:01:29.287+0000] {processor.py:914} INFO - Processing file /home/airflow/.local/lib/python3.12/site-packages/airflow/example_dags/example_short_circuit_decorator.py for tasks to queue
[2024-11-08T15:01:29.292+0000] {logging_mixin.py:190} INFO - [2024-11-08T15:01:29.291+0000] {dagbag.py:588} INFO - Filling up the DagBag from /home/airflow/.local/lib/python3.12/site-packages/airflow/example_dags/example_short_circuit_decorator.py
[2024-11-08T15:01:29.304+0000] {processor.py:925} INFO - DAG(s) 'example_short_circuit_decorator' retrieved from /home/airflow/.local/lib/python3.12/site-packages/airflow/example_dags/example_short_circuit_decorator.py
[2024-11-08T15:01:29.332+0000] {logging_mixin.py:190} INFO - [2024-11-08T15:01:29.332+0000] {dag.py:3239} INFO - Sync 1 DAGs
[2024-11-08T15:01:29.349+0000] {logging_mixin.py:190} INFO - [2024-11-08T15:01:29.349+0000] {dag.py:4180} INFO - Setting next_dagrun for example_short_circuit_decorator to None, run_after=None
[2024-11-08T15:01:29.375+0000] {processor.py:208} INFO - Processing /home/airflow/.local/lib/python3.12/site-packages/airflow/example_dags/example_short_circuit_decorator.py took 0.103 seconds
