[2024-11-08T14:32:05.766+0000] {processor.py:186} INFO - Started process (PID=81) to work on /home/airflow/.local/lib/python3.12/site-packages/airflow/example_dags/tutorial_objectstorage.py
[2024-11-08T14:32:05.767+0000] {processor.py:914} INFO - Processing file /home/airflow/.local/lib/python3.12/site-packages/airflow/example_dags/tutorial_objectstorage.py for tasks to queue
[2024-11-08T14:32:05.770+0000] {logging_mixin.py:190} INFO - [2024-11-08T14:32:05.769+0000] {dagbag.py:588} INFO - Filling up the DagBag from /home/airflow/.local/lib/python3.12/site-packages/airflow/example_dags/tutorial_objectstorage.py
[2024-11-08T14:32:05.782+0000] {processor.py:925} INFO - DAG(s) 'tutorial_objectstorage' retrieved from /home/airflow/.local/lib/python3.12/site-packages/airflow/example_dags/tutorial_objectstorage.py
[2024-11-08T14:32:05.910+0000] {logging_mixin.py:190} INFO - [2024-11-08T14:32:05.910+0000] {override.py:1911} INFO - Created Permission View: can delete on DAG:tutorial_objectstorage
[2024-11-08T14:32:05.924+0000] {logging_mixin.py:190} INFO - [2024-11-08T14:32:05.924+0000] {override.py:1911} INFO - Created Permission View: can edit on DAG:tutorial_objectstorage
[2024-11-08T14:32:05.938+0000] {logging_mixin.py:190} INFO - [2024-11-08T14:32:05.937+0000] {override.py:1911} INFO - Created Permission View: can read on DAG:tutorial_objectstorage
[2024-11-08T14:32:05.959+0000] {logging_mixin.py:190} INFO - [2024-11-08T14:32:05.958+0000] {override.py:1911} INFO - Created Permission View: can create on DAG Run:tutorial_objectstorage
[2024-11-08T14:32:05.969+0000] {logging_mixin.py:190} INFO - [2024-11-08T14:32:05.969+0000] {override.py:1911} INFO - Created Permission View: menu access on DAG Run:tutorial_objectstorage
[2024-11-08T14:32:05.979+0000] {logging_mixin.py:190} INFO - [2024-11-08T14:32:05.979+0000] {override.py:1911} INFO - Created Permission View: can delete on DAG Run:tutorial_objectstorage
[2024-11-08T14:32:05.989+0000] {logging_mixin.py:190} INFO - [2024-11-08T14:32:05.989+0000] {override.py:1911} INFO - Created Permission View: can read on DAG Run:tutorial_objectstorage
[2024-11-08T14:32:05.990+0000] {logging_mixin.py:190} INFO - [2024-11-08T14:32:05.990+0000] {dag.py:3239} INFO - Sync 1 DAGs
[2024-11-08T14:32:06.005+0000] {logging_mixin.py:190} INFO - [2024-11-08T14:32:06.004+0000] {dag.py:3262} INFO - Creating ORM DAG for tutorial_objectstorage
[2024-11-08T14:32:06.006+0000] {logging_mixin.py:190} INFO - [2024-11-08T14:32:06.005+0000] {dag.py:4180} INFO - Setting next_dagrun for tutorial_objectstorage to None, run_after=None
[2024-11-08T14:32:06.032+0000] {processor.py:208} INFO - Processing /home/airflow/.local/lib/python3.12/site-packages/airflow/example_dags/tutorial_objectstorage.py took 0.272 seconds
[2024-11-08T14:32:38.792+0000] {processor.py:186} INFO - Started process (PID=144) to work on /home/airflow/.local/lib/python3.12/site-packages/airflow/example_dags/tutorial_objectstorage.py
[2024-11-08T14:32:38.794+0000] {processor.py:914} INFO - Processing file /home/airflow/.local/lib/python3.12/site-packages/airflow/example_dags/tutorial_objectstorage.py for tasks to queue
[2024-11-08T14:32:38.796+0000] {logging_mixin.py:190} INFO - [2024-11-08T14:32:38.796+0000] {dagbag.py:588} INFO - Filling up the DagBag from /home/airflow/.local/lib/python3.12/site-packages/airflow/example_dags/tutorial_objectstorage.py
[2024-11-08T14:32:38.809+0000] {processor.py:925} INFO - DAG(s) 'tutorial_objectstorage' retrieved from /home/airflow/.local/lib/python3.12/site-packages/airflow/example_dags/tutorial_objectstorage.py
[2024-11-08T14:32:38.828+0000] {logging_mixin.py:190} INFO - [2024-11-08T14:32:38.827+0000] {dag.py:3239} INFO - Sync 1 DAGs
[2024-11-08T14:32:38.843+0000] {logging_mixin.py:190} INFO - [2024-11-08T14:32:38.843+0000] {dag.py:4180} INFO - Setting next_dagrun for tutorial_objectstorage to None, run_after=None
[2024-11-08T14:32:38.865+0000] {processor.py:208} INFO - Processing /home/airflow/.local/lib/python3.12/site-packages/airflow/example_dags/tutorial_objectstorage.py took 0.079 seconds
[2024-11-08T14:33:10.131+0000] {processor.py:186} INFO - Started process (PID=207) to work on /home/airflow/.local/lib/python3.12/site-packages/airflow/example_dags/tutorial_objectstorage.py
[2024-11-08T14:33:10.133+0000] {processor.py:914} INFO - Processing file /home/airflow/.local/lib/python3.12/site-packages/airflow/example_dags/tutorial_objectstorage.py for tasks to queue
[2024-11-08T14:33:10.136+0000] {logging_mixin.py:190} INFO - [2024-11-08T14:33:10.135+0000] {dagbag.py:588} INFO - Filling up the DagBag from /home/airflow/.local/lib/python3.12/site-packages/airflow/example_dags/tutorial_objectstorage.py
[2024-11-08T14:33:10.147+0000] {processor.py:925} INFO - DAG(s) 'tutorial_objectstorage' retrieved from /home/airflow/.local/lib/python3.12/site-packages/airflow/example_dags/tutorial_objectstorage.py
[2024-11-08T14:33:10.167+0000] {logging_mixin.py:190} INFO - [2024-11-08T14:33:10.166+0000] {dag.py:3239} INFO - Sync 1 DAGs
[2024-11-08T14:33:10.183+0000] {logging_mixin.py:190} INFO - [2024-11-08T14:33:10.183+0000] {dag.py:4180} INFO - Setting next_dagrun for tutorial_objectstorage to None, run_after=None
[2024-11-08T14:33:10.209+0000] {processor.py:208} INFO - Processing /home/airflow/.local/lib/python3.12/site-packages/airflow/example_dags/tutorial_objectstorage.py took 0.084 seconds
[2024-11-08T14:33:42.334+0000] {processor.py:186} INFO - Started process (PID=270) to work on /home/airflow/.local/lib/python3.12/site-packages/airflow/example_dags/tutorial_objectstorage.py
[2024-11-08T14:33:42.335+0000] {processor.py:914} INFO - Processing file /home/airflow/.local/lib/python3.12/site-packages/airflow/example_dags/tutorial_objectstorage.py for tasks to queue
[2024-11-08T14:33:42.338+0000] {logging_mixin.py:190} INFO - [2024-11-08T14:33:42.338+0000] {dagbag.py:588} INFO - Filling up the DagBag from /home/airflow/.local/lib/python3.12/site-packages/airflow/example_dags/tutorial_objectstorage.py
[2024-11-08T14:33:42.380+0000] {processor.py:925} INFO - DAG(s) 'tutorial_objectstorage' retrieved from /home/airflow/.local/lib/python3.12/site-packages/airflow/example_dags/tutorial_objectstorage.py
[2024-11-08T14:33:42.402+0000] {logging_mixin.py:190} INFO - [2024-11-08T14:33:42.402+0000] {dag.py:3239} INFO - Sync 1 DAGs
[2024-11-08T14:33:42.418+0000] {logging_mixin.py:190} INFO - [2024-11-08T14:33:42.417+0000] {dag.py:4180} INFO - Setting next_dagrun for tutorial_objectstorage to None, run_after=None
[2024-11-08T14:33:42.442+0000] {processor.py:208} INFO - Processing /home/airflow/.local/lib/python3.12/site-packages/airflow/example_dags/tutorial_objectstorage.py took 0.114 seconds
[2024-11-08T14:34:13.611+0000] {processor.py:186} INFO - Started process (PID=333) to work on /home/airflow/.local/lib/python3.12/site-packages/airflow/example_dags/tutorial_objectstorage.py
[2024-11-08T14:34:13.613+0000] {processor.py:914} INFO - Processing file /home/airflow/.local/lib/python3.12/site-packages/airflow/example_dags/tutorial_objectstorage.py for tasks to queue
[2024-11-08T14:34:13.616+0000] {logging_mixin.py:190} INFO - [2024-11-08T14:34:13.615+0000] {dagbag.py:588} INFO - Filling up the DagBag from /home/airflow/.local/lib/python3.12/site-packages/airflow/example_dags/tutorial_objectstorage.py
[2024-11-08T14:34:13.627+0000] {processor.py:925} INFO - DAG(s) 'tutorial_objectstorage' retrieved from /home/airflow/.local/lib/python3.12/site-packages/airflow/example_dags/tutorial_objectstorage.py
[2024-11-08T14:34:13.648+0000] {logging_mixin.py:190} INFO - [2024-11-08T14:34:13.648+0000] {dag.py:3239} INFO - Sync 1 DAGs
[2024-11-08T14:34:13.665+0000] {logging_mixin.py:190} INFO - [2024-11-08T14:34:13.665+0000] {dag.py:4180} INFO - Setting next_dagrun for tutorial_objectstorage to None, run_after=None
[2024-11-08T14:34:13.701+0000] {processor.py:208} INFO - Processing /home/airflow/.local/lib/python3.12/site-packages/airflow/example_dags/tutorial_objectstorage.py took 0.097 seconds
[2024-11-08T14:34:44.602+0000] {processor.py:186} INFO - Started process (PID=396) to work on /home/airflow/.local/lib/python3.12/site-packages/airflow/example_dags/tutorial_objectstorage.py
[2024-11-08T14:34:44.603+0000] {processor.py:914} INFO - Processing file /home/airflow/.local/lib/python3.12/site-packages/airflow/example_dags/tutorial_objectstorage.py for tasks to queue
[2024-11-08T14:34:44.606+0000] {logging_mixin.py:190} INFO - [2024-11-08T14:34:44.606+0000] {dagbag.py:588} INFO - Filling up the DagBag from /home/airflow/.local/lib/python3.12/site-packages/airflow/example_dags/tutorial_objectstorage.py
[2024-11-08T14:34:44.616+0000] {processor.py:925} INFO - DAG(s) 'tutorial_objectstorage' retrieved from /home/airflow/.local/lib/python3.12/site-packages/airflow/example_dags/tutorial_objectstorage.py
[2024-11-08T14:34:44.635+0000] {logging_mixin.py:190} INFO - [2024-11-08T14:34:44.635+0000] {dag.py:3239} INFO - Sync 1 DAGs
[2024-11-08T14:34:44.650+0000] {logging_mixin.py:190} INFO - [2024-11-08T14:34:44.650+0000] {dag.py:4180} INFO - Setting next_dagrun for tutorial_objectstorage to None, run_after=None
[2024-11-08T14:34:44.674+0000] {processor.py:208} INFO - Processing /home/airflow/.local/lib/python3.12/site-packages/airflow/example_dags/tutorial_objectstorage.py took 0.078 seconds
[2024-11-08T14:35:17.016+0000] {processor.py:186} INFO - Started process (PID=459) to work on /home/airflow/.local/lib/python3.12/site-packages/airflow/example_dags/tutorial_objectstorage.py
[2024-11-08T14:35:17.018+0000] {processor.py:914} INFO - Processing file /home/airflow/.local/lib/python3.12/site-packages/airflow/example_dags/tutorial_objectstorage.py for tasks to queue
[2024-11-08T14:35:17.021+0000] {logging_mixin.py:190} INFO - [2024-11-08T14:35:17.021+0000] {dagbag.py:588} INFO - Filling up the DagBag from /home/airflow/.local/lib/python3.12/site-packages/airflow/example_dags/tutorial_objectstorage.py
[2024-11-08T14:35:17.057+0000] {processor.py:925} INFO - DAG(s) 'tutorial_objectstorage' retrieved from /home/airflow/.local/lib/python3.12/site-packages/airflow/example_dags/tutorial_objectstorage.py
[2024-11-08T14:35:17.101+0000] {logging_mixin.py:190} INFO - [2024-11-08T14:35:17.100+0000] {dag.py:3239} INFO - Sync 1 DAGs
[2024-11-08T14:35:17.131+0000] {logging_mixin.py:190} INFO - [2024-11-08T14:35:17.131+0000] {dag.py:4180} INFO - Setting next_dagrun for tutorial_objectstorage to None, run_after=None
[2024-11-08T14:35:17.201+0000] {processor.py:208} INFO - Processing /home/airflow/.local/lib/python3.12/site-packages/airflow/example_dags/tutorial_objectstorage.py took 0.203 seconds
[2024-11-08T14:35:48.040+0000] {processor.py:186} INFO - Started process (PID=521) to work on /home/airflow/.local/lib/python3.12/site-packages/airflow/example_dags/tutorial_objectstorage.py
[2024-11-08T14:35:48.042+0000] {processor.py:914} INFO - Processing file /home/airflow/.local/lib/python3.12/site-packages/airflow/example_dags/tutorial_objectstorage.py for tasks to queue
[2024-11-08T14:35:48.045+0000] {logging_mixin.py:190} INFO - [2024-11-08T14:35:48.045+0000] {dagbag.py:588} INFO - Filling up the DagBag from /home/airflow/.local/lib/python3.12/site-packages/airflow/example_dags/tutorial_objectstorage.py
[2024-11-08T14:35:48.056+0000] {processor.py:925} INFO - DAG(s) 'tutorial_objectstorage' retrieved from /home/airflow/.local/lib/python3.12/site-packages/airflow/example_dags/tutorial_objectstorage.py
[2024-11-08T14:35:48.079+0000] {logging_mixin.py:190} INFO - [2024-11-08T14:35:48.078+0000] {dag.py:3239} INFO - Sync 1 DAGs
[2024-11-08T14:35:48.101+0000] {logging_mixin.py:190} INFO - [2024-11-08T14:35:48.101+0000] {dag.py:4180} INFO - Setting next_dagrun for tutorial_objectstorage to None, run_after=None
[2024-11-08T14:35:48.188+0000] {processor.py:208} INFO - Processing /home/airflow/.local/lib/python3.12/site-packages/airflow/example_dags/tutorial_objectstorage.py took 0.154 seconds
[2024-11-08T14:36:18.695+0000] {processor.py:186} INFO - Started process (PID=583) to work on /home/airflow/.local/lib/python3.12/site-packages/airflow/example_dags/tutorial_objectstorage.py
[2024-11-08T14:36:18.696+0000] {processor.py:914} INFO - Processing file /home/airflow/.local/lib/python3.12/site-packages/airflow/example_dags/tutorial_objectstorage.py for tasks to queue
[2024-11-08T14:36:18.699+0000] {logging_mixin.py:190} INFO - [2024-11-08T14:36:18.698+0000] {dagbag.py:588} INFO - Filling up the DagBag from /home/airflow/.local/lib/python3.12/site-packages/airflow/example_dags/tutorial_objectstorage.py
[2024-11-08T14:36:18.709+0000] {processor.py:925} INFO - DAG(s) 'tutorial_objectstorage' retrieved from /home/airflow/.local/lib/python3.12/site-packages/airflow/example_dags/tutorial_objectstorage.py
[2024-11-08T14:36:18.730+0000] {logging_mixin.py:190} INFO - [2024-11-08T14:36:18.730+0000] {dag.py:3239} INFO - Sync 1 DAGs
[2024-11-08T14:36:18.749+0000] {logging_mixin.py:190} INFO - [2024-11-08T14:36:18.748+0000] {dag.py:4180} INFO - Setting next_dagrun for tutorial_objectstorage to None, run_after=None
[2024-11-08T14:36:18.775+0000] {processor.py:208} INFO - Processing /home/airflow/.local/lib/python3.12/site-packages/airflow/example_dags/tutorial_objectstorage.py took 0.087 seconds
[2024-11-08T14:36:49.013+0000] {processor.py:186} INFO - Started process (PID=646) to work on /home/airflow/.local/lib/python3.12/site-packages/airflow/example_dags/tutorial_objectstorage.py
[2024-11-08T14:36:49.014+0000] {processor.py:914} INFO - Processing file /home/airflow/.local/lib/python3.12/site-packages/airflow/example_dags/tutorial_objectstorage.py for tasks to queue
[2024-11-08T14:36:49.017+0000] {logging_mixin.py:190} INFO - [2024-11-08T14:36:49.017+0000] {dagbag.py:588} INFO - Filling up the DagBag from /home/airflow/.local/lib/python3.12/site-packages/airflow/example_dags/tutorial_objectstorage.py
[2024-11-08T14:36:49.026+0000] {processor.py:925} INFO - DAG(s) 'tutorial_objectstorage' retrieved from /home/airflow/.local/lib/python3.12/site-packages/airflow/example_dags/tutorial_objectstorage.py
[2024-11-08T14:36:49.051+0000] {logging_mixin.py:190} INFO - [2024-11-08T14:36:49.051+0000] {dag.py:3239} INFO - Sync 1 DAGs
[2024-11-08T14:36:49.067+0000] {logging_mixin.py:190} INFO - [2024-11-08T14:36:49.067+0000] {dag.py:4180} INFO - Setting next_dagrun for tutorial_objectstorage to None, run_after=None
[2024-11-08T14:36:49.462+0000] {processor.py:208} INFO - Processing /home/airflow/.local/lib/python3.12/site-packages/airflow/example_dags/tutorial_objectstorage.py took 0.455 seconds
[2024-11-08T14:37:20.161+0000] {processor.py:186} INFO - Started process (PID=709) to work on /home/airflow/.local/lib/python3.12/site-packages/airflow/example_dags/tutorial_objectstorage.py
[2024-11-08T14:37:20.162+0000] {processor.py:914} INFO - Processing file /home/airflow/.local/lib/python3.12/site-packages/airflow/example_dags/tutorial_objectstorage.py for tasks to queue
[2024-11-08T14:37:20.164+0000] {logging_mixin.py:190} INFO - [2024-11-08T14:37:20.164+0000] {dagbag.py:588} INFO - Filling up the DagBag from /home/airflow/.local/lib/python3.12/site-packages/airflow/example_dags/tutorial_objectstorage.py
[2024-11-08T14:37:20.173+0000] {processor.py:925} INFO - DAG(s) 'tutorial_objectstorage' retrieved from /home/airflow/.local/lib/python3.12/site-packages/airflow/example_dags/tutorial_objectstorage.py
[2024-11-08T14:37:20.192+0000] {logging_mixin.py:190} INFO - [2024-11-08T14:37:20.192+0000] {dag.py:3239} INFO - Sync 1 DAGs
[2024-11-08T14:37:20.206+0000] {logging_mixin.py:190} INFO - [2024-11-08T14:37:20.206+0000] {dag.py:4180} INFO - Setting next_dagrun for tutorial_objectstorage to None, run_after=None
[2024-11-08T14:37:20.289+0000] {processor.py:208} INFO - Processing /home/airflow/.local/lib/python3.12/site-packages/airflow/example_dags/tutorial_objectstorage.py took 0.134 seconds
[2024-11-08T14:37:50.342+0000] {processor.py:186} INFO - Started process (PID=773) to work on /home/airflow/.local/lib/python3.12/site-packages/airflow/example_dags/tutorial_objectstorage.py
[2024-11-08T14:37:50.344+0000] {processor.py:914} INFO - Processing file /home/airflow/.local/lib/python3.12/site-packages/airflow/example_dags/tutorial_objectstorage.py for tasks to queue
[2024-11-08T14:37:50.346+0000] {logging_mixin.py:190} INFO - [2024-11-08T14:37:50.346+0000] {dagbag.py:588} INFO - Filling up the DagBag from /home/airflow/.local/lib/python3.12/site-packages/airflow/example_dags/tutorial_objectstorage.py
[2024-11-08T14:37:50.355+0000] {processor.py:925} INFO - DAG(s) 'tutorial_objectstorage' retrieved from /home/airflow/.local/lib/python3.12/site-packages/airflow/example_dags/tutorial_objectstorage.py
[2024-11-08T14:37:50.376+0000] {logging_mixin.py:190} INFO - [2024-11-08T14:37:50.376+0000] {dag.py:3239} INFO - Sync 1 DAGs
[2024-11-08T14:37:50.392+0000] {logging_mixin.py:190} INFO - [2024-11-08T14:37:50.392+0000] {dag.py:4180} INFO - Setting next_dagrun for tutorial_objectstorage to None, run_after=None
[2024-11-08T14:37:50.414+0000] {processor.py:208} INFO - Processing /home/airflow/.local/lib/python3.12/site-packages/airflow/example_dags/tutorial_objectstorage.py took 0.077 seconds
[2024-11-08T14:38:20.683+0000] {processor.py:186} INFO - Started process (PID=835) to work on /home/airflow/.local/lib/python3.12/site-packages/airflow/example_dags/tutorial_objectstorage.py
[2024-11-08T14:38:20.685+0000] {processor.py:914} INFO - Processing file /home/airflow/.local/lib/python3.12/site-packages/airflow/example_dags/tutorial_objectstorage.py for tasks to queue
[2024-11-08T14:38:20.688+0000] {logging_mixin.py:190} INFO - [2024-11-08T14:38:20.687+0000] {dagbag.py:588} INFO - Filling up the DagBag from /home/airflow/.local/lib/python3.12/site-packages/airflow/example_dags/tutorial_objectstorage.py
[2024-11-08T14:38:20.698+0000] {processor.py:925} INFO - DAG(s) 'tutorial_objectstorage' retrieved from /home/airflow/.local/lib/python3.12/site-packages/airflow/example_dags/tutorial_objectstorage.py
[2024-11-08T14:38:20.718+0000] {logging_mixin.py:190} INFO - [2024-11-08T14:38:20.717+0000] {dag.py:3239} INFO - Sync 1 DAGs
[2024-11-08T14:38:20.731+0000] {logging_mixin.py:190} INFO - [2024-11-08T14:38:20.731+0000] {dag.py:4180} INFO - Setting next_dagrun for tutorial_objectstorage to None, run_after=None
[2024-11-08T14:38:20.964+0000] {processor.py:208} INFO - Processing /home/airflow/.local/lib/python3.12/site-packages/airflow/example_dags/tutorial_objectstorage.py took 0.288 seconds
[2024-11-08T14:38:51.525+0000] {processor.py:186} INFO - Started process (PID=898) to work on /home/airflow/.local/lib/python3.12/site-packages/airflow/example_dags/tutorial_objectstorage.py
[2024-11-08T14:38:51.526+0000] {processor.py:914} INFO - Processing file /home/airflow/.local/lib/python3.12/site-packages/airflow/example_dags/tutorial_objectstorage.py for tasks to queue
[2024-11-08T14:38:51.529+0000] {logging_mixin.py:190} INFO - [2024-11-08T14:38:51.528+0000] {dagbag.py:588} INFO - Filling up the DagBag from /home/airflow/.local/lib/python3.12/site-packages/airflow/example_dags/tutorial_objectstorage.py
[2024-11-08T14:38:51.538+0000] {processor.py:925} INFO - DAG(s) 'tutorial_objectstorage' retrieved from /home/airflow/.local/lib/python3.12/site-packages/airflow/example_dags/tutorial_objectstorage.py
[2024-11-08T14:38:51.555+0000] {logging_mixin.py:190} INFO - [2024-11-08T14:38:51.555+0000] {dag.py:3239} INFO - Sync 1 DAGs
[2024-11-08T14:38:51.569+0000] {logging_mixin.py:190} INFO - [2024-11-08T14:38:51.569+0000] {dag.py:4180} INFO - Setting next_dagrun for tutorial_objectstorage to None, run_after=None
[2024-11-08T14:38:51.592+0000] {processor.py:208} INFO - Processing /home/airflow/.local/lib/python3.12/site-packages/airflow/example_dags/tutorial_objectstorage.py took 0.072 seconds
[2024-11-08T14:39:22.096+0000] {processor.py:186} INFO - Started process (PID=961) to work on /home/airflow/.local/lib/python3.12/site-packages/airflow/example_dags/tutorial_objectstorage.py
[2024-11-08T14:39:22.097+0000] {processor.py:914} INFO - Processing file /home/airflow/.local/lib/python3.12/site-packages/airflow/example_dags/tutorial_objectstorage.py for tasks to queue
[2024-11-08T14:39:22.100+0000] {logging_mixin.py:190} INFO - [2024-11-08T14:39:22.099+0000] {dagbag.py:588} INFO - Filling up the DagBag from /home/airflow/.local/lib/python3.12/site-packages/airflow/example_dags/tutorial_objectstorage.py
[2024-11-08T14:39:22.110+0000] {processor.py:925} INFO - DAG(s) 'tutorial_objectstorage' retrieved from /home/airflow/.local/lib/python3.12/site-packages/airflow/example_dags/tutorial_objectstorage.py
[2024-11-08T14:39:22.131+0000] {logging_mixin.py:190} INFO - [2024-11-08T14:39:22.131+0000] {dag.py:3239} INFO - Sync 1 DAGs
[2024-11-08T14:39:22.148+0000] {logging_mixin.py:190} INFO - [2024-11-08T14:39:22.148+0000] {dag.py:4180} INFO - Setting next_dagrun for tutorial_objectstorage to None, run_after=None
[2024-11-08T14:39:22.950+0000] {processor.py:208} INFO - Processing /home/airflow/.local/lib/python3.12/site-packages/airflow/example_dags/tutorial_objectstorage.py took 0.860 seconds
[2024-11-08T14:39:53.713+0000] {processor.py:186} INFO - Started process (PID=1024) to work on /home/airflow/.local/lib/python3.12/site-packages/airflow/example_dags/tutorial_objectstorage.py
[2024-11-08T14:39:53.715+0000] {processor.py:914} INFO - Processing file /home/airflow/.local/lib/python3.12/site-packages/airflow/example_dags/tutorial_objectstorage.py for tasks to queue
[2024-11-08T14:39:53.718+0000] {logging_mixin.py:190} INFO - [2024-11-08T14:39:53.717+0000] {dagbag.py:588} INFO - Filling up the DagBag from /home/airflow/.local/lib/python3.12/site-packages/airflow/example_dags/tutorial_objectstorage.py
[2024-11-08T14:39:53.728+0000] {processor.py:925} INFO - DAG(s) 'tutorial_objectstorage' retrieved from /home/airflow/.local/lib/python3.12/site-packages/airflow/example_dags/tutorial_objectstorage.py
[2024-11-08T14:39:53.748+0000] {logging_mixin.py:190} INFO - [2024-11-08T14:39:53.748+0000] {dag.py:3239} INFO - Sync 1 DAGs
[2024-11-08T14:39:53.763+0000] {logging_mixin.py:190} INFO - [2024-11-08T14:39:53.763+0000] {dag.py:4180} INFO - Setting next_dagrun for tutorial_objectstorage to None, run_after=None
[2024-11-08T14:39:54.129+0000] {processor.py:208} INFO - Processing /home/airflow/.local/lib/python3.12/site-packages/airflow/example_dags/tutorial_objectstorage.py took 0.422 seconds
[2024-11-08T14:40:24.195+0000] {processor.py:186} INFO - Started process (PID=1087) to work on /home/airflow/.local/lib/python3.12/site-packages/airflow/example_dags/tutorial_objectstorage.py
[2024-11-08T14:40:24.196+0000] {processor.py:914} INFO - Processing file /home/airflow/.local/lib/python3.12/site-packages/airflow/example_dags/tutorial_objectstorage.py for tasks to queue
[2024-11-08T14:40:24.199+0000] {logging_mixin.py:190} INFO - [2024-11-08T14:40:24.198+0000] {dagbag.py:588} INFO - Filling up the DagBag from /home/airflow/.local/lib/python3.12/site-packages/airflow/example_dags/tutorial_objectstorage.py
[2024-11-08T14:40:24.209+0000] {processor.py:925} INFO - DAG(s) 'tutorial_objectstorage' retrieved from /home/airflow/.local/lib/python3.12/site-packages/airflow/example_dags/tutorial_objectstorage.py
[2024-11-08T14:40:24.231+0000] {logging_mixin.py:190} INFO - [2024-11-08T14:40:24.230+0000] {dag.py:3239} INFO - Sync 1 DAGs
[2024-11-08T14:40:24.246+0000] {logging_mixin.py:190} INFO - [2024-11-08T14:40:24.246+0000] {dag.py:4180} INFO - Setting next_dagrun for tutorial_objectstorage to None, run_after=None
[2024-11-08T14:40:24.287+0000] {processor.py:208} INFO - Processing /home/airflow/.local/lib/python3.12/site-packages/airflow/example_dags/tutorial_objectstorage.py took 0.099 seconds
[2024-11-08T14:40:54.725+0000] {processor.py:186} INFO - Started process (PID=1150) to work on /home/airflow/.local/lib/python3.12/site-packages/airflow/example_dags/tutorial_objectstorage.py
[2024-11-08T14:40:54.727+0000] {processor.py:914} INFO - Processing file /home/airflow/.local/lib/python3.12/site-packages/airflow/example_dags/tutorial_objectstorage.py for tasks to queue
[2024-11-08T14:40:54.729+0000] {logging_mixin.py:190} INFO - [2024-11-08T14:40:54.729+0000] {dagbag.py:588} INFO - Filling up the DagBag from /home/airflow/.local/lib/python3.12/site-packages/airflow/example_dags/tutorial_objectstorage.py
[2024-11-08T14:40:54.739+0000] {processor.py:925} INFO - DAG(s) 'tutorial_objectstorage' retrieved from /home/airflow/.local/lib/python3.12/site-packages/airflow/example_dags/tutorial_objectstorage.py
[2024-11-08T14:40:54.761+0000] {logging_mixin.py:190} INFO - [2024-11-08T14:40:54.760+0000] {dag.py:3239} INFO - Sync 1 DAGs
[2024-11-08T14:40:54.777+0000] {logging_mixin.py:190} INFO - [2024-11-08T14:40:54.777+0000] {dag.py:4180} INFO - Setting next_dagrun for tutorial_objectstorage to None, run_after=None
[2024-11-08T14:40:54.855+0000] {processor.py:208} INFO - Processing /home/airflow/.local/lib/python3.12/site-packages/airflow/example_dags/tutorial_objectstorage.py took 0.138 seconds
[2024-11-08T14:41:25.150+0000] {processor.py:186} INFO - Started process (PID=1213) to work on /home/airflow/.local/lib/python3.12/site-packages/airflow/example_dags/tutorial_objectstorage.py
[2024-11-08T14:41:25.152+0000] {processor.py:914} INFO - Processing file /home/airflow/.local/lib/python3.12/site-packages/airflow/example_dags/tutorial_objectstorage.py for tasks to queue
[2024-11-08T14:41:25.155+0000] {logging_mixin.py:190} INFO - [2024-11-08T14:41:25.154+0000] {dagbag.py:588} INFO - Filling up the DagBag from /home/airflow/.local/lib/python3.12/site-packages/airflow/example_dags/tutorial_objectstorage.py
[2024-11-08T14:41:25.167+0000] {processor.py:925} INFO - DAG(s) 'tutorial_objectstorage' retrieved from /home/airflow/.local/lib/python3.12/site-packages/airflow/example_dags/tutorial_objectstorage.py
[2024-11-08T14:41:25.189+0000] {logging_mixin.py:190} INFO - [2024-11-08T14:41:25.188+0000] {dag.py:3239} INFO - Sync 1 DAGs
[2024-11-08T14:41:25.206+0000] {logging_mixin.py:190} INFO - [2024-11-08T14:41:25.206+0000] {dag.py:4180} INFO - Setting next_dagrun for tutorial_objectstorage to None, run_after=None
[2024-11-08T14:41:25.258+0000] {processor.py:208} INFO - Processing /home/airflow/.local/lib/python3.12/site-packages/airflow/example_dags/tutorial_objectstorage.py took 0.114 seconds
[2024-11-08T14:41:55.737+0000] {processor.py:186} INFO - Started process (PID=1276) to work on /home/airflow/.local/lib/python3.12/site-packages/airflow/example_dags/tutorial_objectstorage.py
[2024-11-08T14:41:55.739+0000] {processor.py:914} INFO - Processing file /home/airflow/.local/lib/python3.12/site-packages/airflow/example_dags/tutorial_objectstorage.py for tasks to queue
[2024-11-08T14:41:55.742+0000] {logging_mixin.py:190} INFO - [2024-11-08T14:41:55.742+0000] {dagbag.py:588} INFO - Filling up the DagBag from /home/airflow/.local/lib/python3.12/site-packages/airflow/example_dags/tutorial_objectstorage.py
[2024-11-08T14:41:55.758+0000] {processor.py:925} INFO - DAG(s) 'tutorial_objectstorage' retrieved from /home/airflow/.local/lib/python3.12/site-packages/airflow/example_dags/tutorial_objectstorage.py
[2024-11-08T14:41:55.780+0000] {logging_mixin.py:190} INFO - [2024-11-08T14:41:55.780+0000] {dag.py:3239} INFO - Sync 1 DAGs
[2024-11-08T14:41:55.796+0000] {logging_mixin.py:190} INFO - [2024-11-08T14:41:55.796+0000] {dag.py:4180} INFO - Setting next_dagrun for tutorial_objectstorage to None, run_after=None
[2024-11-08T14:41:55.818+0000] {processor.py:208} INFO - Processing /home/airflow/.local/lib/python3.12/site-packages/airflow/example_dags/tutorial_objectstorage.py took 0.089 seconds
[2024-11-08T14:42:26.676+0000] {processor.py:186} INFO - Started process (PID=1345) to work on /home/airflow/.local/lib/python3.12/site-packages/airflow/example_dags/tutorial_objectstorage.py
[2024-11-08T14:42:26.677+0000] {processor.py:914} INFO - Processing file /home/airflow/.local/lib/python3.12/site-packages/airflow/example_dags/tutorial_objectstorage.py for tasks to queue
[2024-11-08T14:42:26.679+0000] {logging_mixin.py:190} INFO - [2024-11-08T14:42:26.679+0000] {dagbag.py:588} INFO - Filling up the DagBag from /home/airflow/.local/lib/python3.12/site-packages/airflow/example_dags/tutorial_objectstorage.py
[2024-11-08T14:42:26.688+0000] {processor.py:925} INFO - DAG(s) 'tutorial_objectstorage' retrieved from /home/airflow/.local/lib/python3.12/site-packages/airflow/example_dags/tutorial_objectstorage.py
[2024-11-08T14:42:26.709+0000] {logging_mixin.py:190} INFO - [2024-11-08T14:42:26.708+0000] {dag.py:3239} INFO - Sync 1 DAGs
[2024-11-08T14:42:26.725+0000] {logging_mixin.py:190} INFO - [2024-11-08T14:42:26.725+0000] {dag.py:4180} INFO - Setting next_dagrun for tutorial_objectstorage to None, run_after=None
[2024-11-08T14:42:26.749+0000] {processor.py:208} INFO - Processing /home/airflow/.local/lib/python3.12/site-packages/airflow/example_dags/tutorial_objectstorage.py took 0.079 seconds
[2024-11-08T14:42:56.939+0000] {processor.py:186} INFO - Started process (PID=1408) to work on /home/airflow/.local/lib/python3.12/site-packages/airflow/example_dags/tutorial_objectstorage.py
[2024-11-08T14:42:56.941+0000] {processor.py:914} INFO - Processing file /home/airflow/.local/lib/python3.12/site-packages/airflow/example_dags/tutorial_objectstorage.py for tasks to queue
[2024-11-08T14:42:56.944+0000] {logging_mixin.py:190} INFO - [2024-11-08T14:42:56.944+0000] {dagbag.py:588} INFO - Filling up the DagBag from /home/airflow/.local/lib/python3.12/site-packages/airflow/example_dags/tutorial_objectstorage.py
[2024-11-08T14:42:56.954+0000] {processor.py:925} INFO - DAG(s) 'tutorial_objectstorage' retrieved from /home/airflow/.local/lib/python3.12/site-packages/airflow/example_dags/tutorial_objectstorage.py
[2024-11-08T14:42:56.975+0000] {logging_mixin.py:190} INFO - [2024-11-08T14:42:56.974+0000] {dag.py:3239} INFO - Sync 1 DAGs
[2024-11-08T14:42:56.989+0000] {logging_mixin.py:190} INFO - [2024-11-08T14:42:56.989+0000] {dag.py:4180} INFO - Setting next_dagrun for tutorial_objectstorage to None, run_after=None
[2024-11-08T14:42:57.213+0000] {processor.py:208} INFO - Processing /home/airflow/.local/lib/python3.12/site-packages/airflow/example_dags/tutorial_objectstorage.py took 0.283 seconds
[2024-11-08T14:43:27.588+0000] {processor.py:186} INFO - Started process (PID=1471) to work on /home/airflow/.local/lib/python3.12/site-packages/airflow/example_dags/tutorial_objectstorage.py
[2024-11-08T14:43:27.590+0000] {processor.py:914} INFO - Processing file /home/airflow/.local/lib/python3.12/site-packages/airflow/example_dags/tutorial_objectstorage.py for tasks to queue
[2024-11-08T14:43:27.593+0000] {logging_mixin.py:190} INFO - [2024-11-08T14:43:27.592+0000] {dagbag.py:588} INFO - Filling up the DagBag from /home/airflow/.local/lib/python3.12/site-packages/airflow/example_dags/tutorial_objectstorage.py
[2024-11-08T14:43:27.602+0000] {processor.py:925} INFO - DAG(s) 'tutorial_objectstorage' retrieved from /home/airflow/.local/lib/python3.12/site-packages/airflow/example_dags/tutorial_objectstorage.py
[2024-11-08T14:43:27.623+0000] {logging_mixin.py:190} INFO - [2024-11-08T14:43:27.622+0000] {dag.py:3239} INFO - Sync 1 DAGs
[2024-11-08T14:43:27.639+0000] {logging_mixin.py:190} INFO - [2024-11-08T14:43:27.638+0000] {dag.py:4180} INFO - Setting next_dagrun for tutorial_objectstorage to None, run_after=None
[2024-11-08T14:43:27.689+0000] {processor.py:208} INFO - Processing /home/airflow/.local/lib/python3.12/site-packages/airflow/example_dags/tutorial_objectstorage.py took 0.108 seconds
[2024-11-08T14:43:57.907+0000] {processor.py:186} INFO - Started process (PID=1534) to work on /home/airflow/.local/lib/python3.12/site-packages/airflow/example_dags/tutorial_objectstorage.py
[2024-11-08T14:43:57.909+0000] {processor.py:914} INFO - Processing file /home/airflow/.local/lib/python3.12/site-packages/airflow/example_dags/tutorial_objectstorage.py for tasks to queue
[2024-11-08T14:43:57.912+0000] {logging_mixin.py:190} INFO - [2024-11-08T14:43:57.912+0000] {dagbag.py:588} INFO - Filling up the DagBag from /home/airflow/.local/lib/python3.12/site-packages/airflow/example_dags/tutorial_objectstorage.py
[2024-11-08T14:43:57.921+0000] {processor.py:925} INFO - DAG(s) 'tutorial_objectstorage' retrieved from /home/airflow/.local/lib/python3.12/site-packages/airflow/example_dags/tutorial_objectstorage.py
[2024-11-08T14:43:57.942+0000] {logging_mixin.py:190} INFO - [2024-11-08T14:43:57.941+0000] {dag.py:3239} INFO - Sync 1 DAGs
[2024-11-08T14:43:57.958+0000] {logging_mixin.py:190} INFO - [2024-11-08T14:43:57.958+0000] {dag.py:4180} INFO - Setting next_dagrun for tutorial_objectstorage to None, run_after=None
[2024-11-08T14:43:58.043+0000] {processor.py:208} INFO - Processing /home/airflow/.local/lib/python3.12/site-packages/airflow/example_dags/tutorial_objectstorage.py took 0.141 seconds
[2024-11-08T14:44:28.237+0000] {processor.py:186} INFO - Started process (PID=1597) to work on /home/airflow/.local/lib/python3.12/site-packages/airflow/example_dags/tutorial_objectstorage.py
[2024-11-08T14:44:28.239+0000] {processor.py:914} INFO - Processing file /home/airflow/.local/lib/python3.12/site-packages/airflow/example_dags/tutorial_objectstorage.py for tasks to queue
[2024-11-08T14:44:28.243+0000] {logging_mixin.py:190} INFO - [2024-11-08T14:44:28.242+0000] {dagbag.py:588} INFO - Filling up the DagBag from /home/airflow/.local/lib/python3.12/site-packages/airflow/example_dags/tutorial_objectstorage.py
[2024-11-08T14:44:28.254+0000] {processor.py:925} INFO - DAG(s) 'tutorial_objectstorage' retrieved from /home/airflow/.local/lib/python3.12/site-packages/airflow/example_dags/tutorial_objectstorage.py
[2024-11-08T14:44:28.273+0000] {logging_mixin.py:190} INFO - [2024-11-08T14:44:28.273+0000] {dag.py:3239} INFO - Sync 1 DAGs
[2024-11-08T14:44:28.288+0000] {logging_mixin.py:190} INFO - [2024-11-08T14:44:28.288+0000] {dag.py:4180} INFO - Setting next_dagrun for tutorial_objectstorage to None, run_after=None
[2024-11-08T14:44:28.315+0000] {processor.py:208} INFO - Processing /home/airflow/.local/lib/python3.12/site-packages/airflow/example_dags/tutorial_objectstorage.py took 0.087 seconds
[2024-11-08T14:44:59.005+0000] {processor.py:186} INFO - Started process (PID=1660) to work on /home/airflow/.local/lib/python3.12/site-packages/airflow/example_dags/tutorial_objectstorage.py
[2024-11-08T14:44:59.008+0000] {processor.py:914} INFO - Processing file /home/airflow/.local/lib/python3.12/site-packages/airflow/example_dags/tutorial_objectstorage.py for tasks to queue
[2024-11-08T14:44:59.011+0000] {logging_mixin.py:190} INFO - [2024-11-08T14:44:59.011+0000] {dagbag.py:588} INFO - Filling up the DagBag from /home/airflow/.local/lib/python3.12/site-packages/airflow/example_dags/tutorial_objectstorage.py
[2024-11-08T14:44:59.022+0000] {processor.py:925} INFO - DAG(s) 'tutorial_objectstorage' retrieved from /home/airflow/.local/lib/python3.12/site-packages/airflow/example_dags/tutorial_objectstorage.py
[2024-11-08T14:44:59.047+0000] {logging_mixin.py:190} INFO - [2024-11-08T14:44:59.047+0000] {dag.py:3239} INFO - Sync 1 DAGs
[2024-11-08T14:44:59.066+0000] {logging_mixin.py:190} INFO - [2024-11-08T14:44:59.065+0000] {dag.py:4180} INFO - Setting next_dagrun for tutorial_objectstorage to None, run_after=None
[2024-11-08T14:44:59.130+0000] {processor.py:208} INFO - Processing /home/airflow/.local/lib/python3.12/site-packages/airflow/example_dags/tutorial_objectstorage.py took 0.131 seconds
[2024-11-08T14:45:29.439+0000] {processor.py:186} INFO - Started process (PID=1723) to work on /home/airflow/.local/lib/python3.12/site-packages/airflow/example_dags/tutorial_objectstorage.py
[2024-11-08T14:45:29.441+0000] {processor.py:914} INFO - Processing file /home/airflow/.local/lib/python3.12/site-packages/airflow/example_dags/tutorial_objectstorage.py for tasks to queue
[2024-11-08T14:45:29.443+0000] {logging_mixin.py:190} INFO - [2024-11-08T14:45:29.443+0000] {dagbag.py:588} INFO - Filling up the DagBag from /home/airflow/.local/lib/python3.12/site-packages/airflow/example_dags/tutorial_objectstorage.py
[2024-11-08T14:45:29.453+0000] {processor.py:925} INFO - DAG(s) 'tutorial_objectstorage' retrieved from /home/airflow/.local/lib/python3.12/site-packages/airflow/example_dags/tutorial_objectstorage.py
[2024-11-08T14:45:29.473+0000] {logging_mixin.py:190} INFO - [2024-11-08T14:45:29.472+0000] {dag.py:3239} INFO - Sync 1 DAGs
[2024-11-08T14:45:29.488+0000] {logging_mixin.py:190} INFO - [2024-11-08T14:45:29.487+0000] {dag.py:4180} INFO - Setting next_dagrun for tutorial_objectstorage to None, run_after=None
[2024-11-08T14:45:29.529+0000] {processor.py:208} INFO - Processing /home/airflow/.local/lib/python3.12/site-packages/airflow/example_dags/tutorial_objectstorage.py took 0.095 seconds
[2024-11-08T14:45:59.847+0000] {processor.py:186} INFO - Started process (PID=1786) to work on /home/airflow/.local/lib/python3.12/site-packages/airflow/example_dags/tutorial_objectstorage.py
[2024-11-08T14:45:59.849+0000] {processor.py:914} INFO - Processing file /home/airflow/.local/lib/python3.12/site-packages/airflow/example_dags/tutorial_objectstorage.py for tasks to queue
[2024-11-08T14:45:59.860+0000] {logging_mixin.py:190} INFO - [2024-11-08T14:45:59.860+0000] {dagbag.py:588} INFO - Filling up the DagBag from /home/airflow/.local/lib/python3.12/site-packages/airflow/example_dags/tutorial_objectstorage.py
[2024-11-08T14:45:59.882+0000] {processor.py:925} INFO - DAG(s) 'tutorial_objectstorage' retrieved from /home/airflow/.local/lib/python3.12/site-packages/airflow/example_dags/tutorial_objectstorage.py
[2024-11-08T14:45:59.924+0000] {logging_mixin.py:190} INFO - [2024-11-08T14:45:59.923+0000] {dag.py:3239} INFO - Sync 1 DAGs
[2024-11-08T14:45:59.952+0000] {logging_mixin.py:190} INFO - [2024-11-08T14:45:59.951+0000] {dag.py:4180} INFO - Setting next_dagrun for tutorial_objectstorage to None, run_after=None
[2024-11-08T14:45:59.982+0000] {processor.py:208} INFO - Processing /home/airflow/.local/lib/python3.12/site-packages/airflow/example_dags/tutorial_objectstorage.py took 0.141 seconds
[2024-11-08T14:46:30.060+0000] {processor.py:186} INFO - Started process (PID=1850) to work on /home/airflow/.local/lib/python3.12/site-packages/airflow/example_dags/tutorial_objectstorage.py
[2024-11-08T14:46:30.061+0000] {processor.py:914} INFO - Processing file /home/airflow/.local/lib/python3.12/site-packages/airflow/example_dags/tutorial_objectstorage.py for tasks to queue
[2024-11-08T14:46:30.064+0000] {logging_mixin.py:190} INFO - [2024-11-08T14:46:30.064+0000] {dagbag.py:588} INFO - Filling up the DagBag from /home/airflow/.local/lib/python3.12/site-packages/airflow/example_dags/tutorial_objectstorage.py
[2024-11-08T14:46:30.073+0000] {processor.py:925} INFO - DAG(s) 'tutorial_objectstorage' retrieved from /home/airflow/.local/lib/python3.12/site-packages/airflow/example_dags/tutorial_objectstorage.py
[2024-11-08T14:46:30.092+0000] {logging_mixin.py:190} INFO - [2024-11-08T14:46:30.092+0000] {dag.py:3239} INFO - Sync 1 DAGs
[2024-11-08T14:46:30.108+0000] {logging_mixin.py:190} INFO - [2024-11-08T14:46:30.107+0000] {dag.py:4180} INFO - Setting next_dagrun for tutorial_objectstorage to None, run_after=None
[2024-11-08T14:46:30.154+0000] {processor.py:208} INFO - Processing /home/airflow/.local/lib/python3.12/site-packages/airflow/example_dags/tutorial_objectstorage.py took 0.100 seconds
[2024-11-08T14:47:00.361+0000] {processor.py:186} INFO - Started process (PID=1913) to work on /home/airflow/.local/lib/python3.12/site-packages/airflow/example_dags/tutorial_objectstorage.py
[2024-11-08T14:47:00.362+0000] {processor.py:914} INFO - Processing file /home/airflow/.local/lib/python3.12/site-packages/airflow/example_dags/tutorial_objectstorage.py for tasks to queue
[2024-11-08T14:47:00.365+0000] {logging_mixin.py:190} INFO - [2024-11-08T14:47:00.365+0000] {dagbag.py:588} INFO - Filling up the DagBag from /home/airflow/.local/lib/python3.12/site-packages/airflow/example_dags/tutorial_objectstorage.py
[2024-11-08T14:47:00.375+0000] {processor.py:925} INFO - DAG(s) 'tutorial_objectstorage' retrieved from /home/airflow/.local/lib/python3.12/site-packages/airflow/example_dags/tutorial_objectstorage.py
[2024-11-08T14:47:00.397+0000] {logging_mixin.py:190} INFO - [2024-11-08T14:47:00.397+0000] {dag.py:3239} INFO - Sync 1 DAGs
[2024-11-08T14:47:00.414+0000] {logging_mixin.py:190} INFO - [2024-11-08T14:47:00.414+0000] {dag.py:4180} INFO - Setting next_dagrun for tutorial_objectstorage to None, run_after=None
[2024-11-08T14:47:00.439+0000] {processor.py:208} INFO - Processing /home/airflow/.local/lib/python3.12/site-packages/airflow/example_dags/tutorial_objectstorage.py took 0.084 seconds
[2024-11-08T14:47:30.582+0000] {processor.py:186} INFO - Started process (PID=1976) to work on /home/airflow/.local/lib/python3.12/site-packages/airflow/example_dags/tutorial_objectstorage.py
[2024-11-08T14:47:30.584+0000] {processor.py:914} INFO - Processing file /home/airflow/.local/lib/python3.12/site-packages/airflow/example_dags/tutorial_objectstorage.py for tasks to queue
[2024-11-08T14:47:30.587+0000] {logging_mixin.py:190} INFO - [2024-11-08T14:47:30.586+0000] {dagbag.py:588} INFO - Filling up the DagBag from /home/airflow/.local/lib/python3.12/site-packages/airflow/example_dags/tutorial_objectstorage.py
[2024-11-08T14:47:30.596+0000] {processor.py:925} INFO - DAG(s) 'tutorial_objectstorage' retrieved from /home/airflow/.local/lib/python3.12/site-packages/airflow/example_dags/tutorial_objectstorage.py
[2024-11-08T14:47:30.617+0000] {logging_mixin.py:190} INFO - [2024-11-08T14:47:30.617+0000] {dag.py:3239} INFO - Sync 1 DAGs
[2024-11-08T14:47:30.632+0000] {logging_mixin.py:190} INFO - [2024-11-08T14:47:30.632+0000] {dag.py:4180} INFO - Setting next_dagrun for tutorial_objectstorage to None, run_after=None
[2024-11-08T14:47:30.838+0000] {processor.py:208} INFO - Processing /home/airflow/.local/lib/python3.12/site-packages/airflow/example_dags/tutorial_objectstorage.py took 0.262 seconds
[2024-11-08T14:48:00.922+0000] {processor.py:186} INFO - Started process (PID=2039) to work on /home/airflow/.local/lib/python3.12/site-packages/airflow/example_dags/tutorial_objectstorage.py
[2024-11-08T14:48:00.923+0000] {processor.py:914} INFO - Processing file /home/airflow/.local/lib/python3.12/site-packages/airflow/example_dags/tutorial_objectstorage.py for tasks to queue
[2024-11-08T14:48:00.926+0000] {logging_mixin.py:190} INFO - [2024-11-08T14:48:00.926+0000] {dagbag.py:588} INFO - Filling up the DagBag from /home/airflow/.local/lib/python3.12/site-packages/airflow/example_dags/tutorial_objectstorage.py
[2024-11-08T14:48:00.935+0000] {processor.py:925} INFO - DAG(s) 'tutorial_objectstorage' retrieved from /home/airflow/.local/lib/python3.12/site-packages/airflow/example_dags/tutorial_objectstorage.py
[2024-11-08T14:48:00.955+0000] {logging_mixin.py:190} INFO - [2024-11-08T14:48:00.955+0000] {dag.py:3239} INFO - Sync 1 DAGs
[2024-11-08T14:48:00.970+0000] {logging_mixin.py:190} INFO - [2024-11-08T14:48:00.969+0000] {dag.py:4180} INFO - Setting next_dagrun for tutorial_objectstorage to None, run_after=None
[2024-11-08T14:48:01.088+0000] {processor.py:208} INFO - Processing /home/airflow/.local/lib/python3.12/site-packages/airflow/example_dags/tutorial_objectstorage.py took 0.173 seconds
[2024-11-08T14:48:31.339+0000] {processor.py:186} INFO - Started process (PID=2102) to work on /home/airflow/.local/lib/python3.12/site-packages/airflow/example_dags/tutorial_objectstorage.py
[2024-11-08T14:48:31.341+0000] {processor.py:914} INFO - Processing file /home/airflow/.local/lib/python3.12/site-packages/airflow/example_dags/tutorial_objectstorage.py for tasks to queue
[2024-11-08T14:48:31.343+0000] {logging_mixin.py:190} INFO - [2024-11-08T14:48:31.343+0000] {dagbag.py:588} INFO - Filling up the DagBag from /home/airflow/.local/lib/python3.12/site-packages/airflow/example_dags/tutorial_objectstorage.py
[2024-11-08T14:48:31.353+0000] {processor.py:925} INFO - DAG(s) 'tutorial_objectstorage' retrieved from /home/airflow/.local/lib/python3.12/site-packages/airflow/example_dags/tutorial_objectstorage.py
[2024-11-08T14:48:31.372+0000] {logging_mixin.py:190} INFO - [2024-11-08T14:48:31.372+0000] {dag.py:3239} INFO - Sync 1 DAGs
[2024-11-08T14:48:31.388+0000] {logging_mixin.py:190} INFO - [2024-11-08T14:48:31.388+0000] {dag.py:4180} INFO - Setting next_dagrun for tutorial_objectstorage to None, run_after=None
[2024-11-08T14:48:31.436+0000] {processor.py:208} INFO - Processing /home/airflow/.local/lib/python3.12/site-packages/airflow/example_dags/tutorial_objectstorage.py took 0.105 seconds
[2024-11-08T14:49:02.304+0000] {processor.py:186} INFO - Started process (PID=2165) to work on /home/airflow/.local/lib/python3.12/site-packages/airflow/example_dags/tutorial_objectstorage.py
[2024-11-08T14:49:02.349+0000] {processor.py:914} INFO - Processing file /home/airflow/.local/lib/python3.12/site-packages/airflow/example_dags/tutorial_objectstorage.py for tasks to queue
[2024-11-08T14:49:02.356+0000] {logging_mixin.py:190} INFO - [2024-11-08T14:49:02.355+0000] {dagbag.py:588} INFO - Filling up the DagBag from /home/airflow/.local/lib/python3.12/site-packages/airflow/example_dags/tutorial_objectstorage.py
[2024-11-08T14:49:02.383+0000] {processor.py:925} INFO - DAG(s) 'tutorial_objectstorage' retrieved from /home/airflow/.local/lib/python3.12/site-packages/airflow/example_dags/tutorial_objectstorage.py
[2024-11-08T14:49:02.407+0000] {logging_mixin.py:190} INFO - [2024-11-08T14:49:02.406+0000] {dag.py:3239} INFO - Sync 1 DAGs
[2024-11-08T14:49:02.423+0000] {logging_mixin.py:190} INFO - [2024-11-08T14:49:02.423+0000] {dag.py:4180} INFO - Setting next_dagrun for tutorial_objectstorage to None, run_after=None
[2024-11-08T14:49:02.455+0000] {processor.py:208} INFO - Processing /home/airflow/.local/lib/python3.12/site-packages/airflow/example_dags/tutorial_objectstorage.py took 0.158 seconds
[2024-11-08T14:49:33.356+0000] {processor.py:186} INFO - Started process (PID=2228) to work on /home/airflow/.local/lib/python3.12/site-packages/airflow/example_dags/tutorial_objectstorage.py
[2024-11-08T14:49:33.358+0000] {processor.py:914} INFO - Processing file /home/airflow/.local/lib/python3.12/site-packages/airflow/example_dags/tutorial_objectstorage.py for tasks to queue
[2024-11-08T14:49:33.361+0000] {logging_mixin.py:190} INFO - [2024-11-08T14:49:33.361+0000] {dagbag.py:588} INFO - Filling up the DagBag from /home/airflow/.local/lib/python3.12/site-packages/airflow/example_dags/tutorial_objectstorage.py
[2024-11-08T14:49:33.372+0000] {processor.py:925} INFO - DAG(s) 'tutorial_objectstorage' retrieved from /home/airflow/.local/lib/python3.12/site-packages/airflow/example_dags/tutorial_objectstorage.py
[2024-11-08T14:49:33.392+0000] {logging_mixin.py:190} INFO - [2024-11-08T14:49:33.392+0000] {dag.py:3239} INFO - Sync 1 DAGs
[2024-11-08T14:49:33.407+0000] {logging_mixin.py:190} INFO - [2024-11-08T14:49:33.407+0000] {dag.py:4180} INFO - Setting next_dagrun for tutorial_objectstorage to None, run_after=None
[2024-11-08T14:49:33.433+0000] {processor.py:208} INFO - Processing /home/airflow/.local/lib/python3.12/site-packages/airflow/example_dags/tutorial_objectstorage.py took 0.085 seconds
[2024-11-08T14:50:04.177+0000] {processor.py:186} INFO - Started process (PID=2291) to work on /home/airflow/.local/lib/python3.12/site-packages/airflow/example_dags/tutorial_objectstorage.py
[2024-11-08T14:50:04.178+0000] {processor.py:914} INFO - Processing file /home/airflow/.local/lib/python3.12/site-packages/airflow/example_dags/tutorial_objectstorage.py for tasks to queue
[2024-11-08T14:50:04.181+0000] {logging_mixin.py:190} INFO - [2024-11-08T14:50:04.180+0000] {dagbag.py:588} INFO - Filling up the DagBag from /home/airflow/.local/lib/python3.12/site-packages/airflow/example_dags/tutorial_objectstorage.py
[2024-11-08T14:50:04.190+0000] {processor.py:925} INFO - DAG(s) 'tutorial_objectstorage' retrieved from /home/airflow/.local/lib/python3.12/site-packages/airflow/example_dags/tutorial_objectstorage.py
[2024-11-08T14:50:04.210+0000] {logging_mixin.py:190} INFO - [2024-11-08T14:50:04.210+0000] {dag.py:3239} INFO - Sync 1 DAGs
[2024-11-08T14:50:04.225+0000] {logging_mixin.py:190} INFO - [2024-11-08T14:50:04.225+0000] {dag.py:4180} INFO - Setting next_dagrun for tutorial_objectstorage to None, run_after=None
[2024-11-08T14:50:04.256+0000] {processor.py:208} INFO - Processing /home/airflow/.local/lib/python3.12/site-packages/airflow/example_dags/tutorial_objectstorage.py took 0.086 seconds
[2024-11-08T14:50:34.676+0000] {processor.py:186} INFO - Started process (PID=2354) to work on /home/airflow/.local/lib/python3.12/site-packages/airflow/example_dags/tutorial_objectstorage.py
[2024-11-08T14:50:34.677+0000] {processor.py:914} INFO - Processing file /home/airflow/.local/lib/python3.12/site-packages/airflow/example_dags/tutorial_objectstorage.py for tasks to queue
[2024-11-08T14:50:34.679+0000] {logging_mixin.py:190} INFO - [2024-11-08T14:50:34.679+0000] {dagbag.py:588} INFO - Filling up the DagBag from /home/airflow/.local/lib/python3.12/site-packages/airflow/example_dags/tutorial_objectstorage.py
[2024-11-08T14:50:34.689+0000] {processor.py:925} INFO - DAG(s) 'tutorial_objectstorage' retrieved from /home/airflow/.local/lib/python3.12/site-packages/airflow/example_dags/tutorial_objectstorage.py
[2024-11-08T14:50:34.711+0000] {logging_mixin.py:190} INFO - [2024-11-08T14:50:34.711+0000] {dag.py:3239} INFO - Sync 1 DAGs
[2024-11-08T14:50:34.726+0000] {logging_mixin.py:190} INFO - [2024-11-08T14:50:34.725+0000] {dag.py:4180} INFO - Setting next_dagrun for tutorial_objectstorage to None, run_after=None
[2024-11-08T14:50:34.782+0000] {processor.py:208} INFO - Processing /home/airflow/.local/lib/python3.12/site-packages/airflow/example_dags/tutorial_objectstorage.py took 0.114 seconds
[2024-11-08T14:51:05.160+0000] {processor.py:186} INFO - Started process (PID=2417) to work on /home/airflow/.local/lib/python3.12/site-packages/airflow/example_dags/tutorial_objectstorage.py
[2024-11-08T14:51:05.163+0000] {processor.py:914} INFO - Processing file /home/airflow/.local/lib/python3.12/site-packages/airflow/example_dags/tutorial_objectstorage.py for tasks to queue
[2024-11-08T14:51:05.166+0000] {logging_mixin.py:190} INFO - [2024-11-08T14:51:05.166+0000] {dagbag.py:588} INFO - Filling up the DagBag from /home/airflow/.local/lib/python3.12/site-packages/airflow/example_dags/tutorial_objectstorage.py
[2024-11-08T14:51:05.190+0000] {processor.py:925} INFO - DAG(s) 'tutorial_objectstorage' retrieved from /home/airflow/.local/lib/python3.12/site-packages/airflow/example_dags/tutorial_objectstorage.py
[2024-11-08T14:51:05.228+0000] {logging_mixin.py:190} INFO - [2024-11-08T14:51:05.228+0000] {dag.py:3239} INFO - Sync 1 DAGs
[2024-11-08T14:51:05.253+0000] {logging_mixin.py:190} INFO - [2024-11-08T14:51:05.253+0000] {dag.py:4180} INFO - Setting next_dagrun for tutorial_objectstorage to None, run_after=None
[2024-11-08T14:51:05.331+0000] {processor.py:208} INFO - Processing /home/airflow/.local/lib/python3.12/site-packages/airflow/example_dags/tutorial_objectstorage.py took 0.182 seconds
[2024-11-08T14:51:35.457+0000] {processor.py:186} INFO - Started process (PID=2479) to work on /home/airflow/.local/lib/python3.12/site-packages/airflow/example_dags/tutorial_objectstorage.py
[2024-11-08T14:51:35.458+0000] {processor.py:914} INFO - Processing file /home/airflow/.local/lib/python3.12/site-packages/airflow/example_dags/tutorial_objectstorage.py for tasks to queue
[2024-11-08T14:51:35.461+0000] {logging_mixin.py:190} INFO - [2024-11-08T14:51:35.461+0000] {dagbag.py:588} INFO - Filling up the DagBag from /home/airflow/.local/lib/python3.12/site-packages/airflow/example_dags/tutorial_objectstorage.py
[2024-11-08T14:51:35.470+0000] {processor.py:925} INFO - DAG(s) 'tutorial_objectstorage' retrieved from /home/airflow/.local/lib/python3.12/site-packages/airflow/example_dags/tutorial_objectstorage.py
[2024-11-08T14:51:35.492+0000] {logging_mixin.py:190} INFO - [2024-11-08T14:51:35.491+0000] {dag.py:3239} INFO - Sync 1 DAGs
[2024-11-08T14:51:35.507+0000] {logging_mixin.py:190} INFO - [2024-11-08T14:51:35.507+0000] {dag.py:4180} INFO - Setting next_dagrun for tutorial_objectstorage to None, run_after=None
[2024-11-08T14:51:35.548+0000] {processor.py:208} INFO - Processing /home/airflow/.local/lib/python3.12/site-packages/airflow/example_dags/tutorial_objectstorage.py took 0.097 seconds
[2024-11-08T14:52:05.906+0000] {processor.py:186} INFO - Started process (PID=2542) to work on /home/airflow/.local/lib/python3.12/site-packages/airflow/example_dags/tutorial_objectstorage.py
[2024-11-08T14:52:05.907+0000] {processor.py:914} INFO - Processing file /home/airflow/.local/lib/python3.12/site-packages/airflow/example_dags/tutorial_objectstorage.py for tasks to queue
[2024-11-08T14:52:05.910+0000] {logging_mixin.py:190} INFO - [2024-11-08T14:52:05.909+0000] {dagbag.py:588} INFO - Filling up the DagBag from /home/airflow/.local/lib/python3.12/site-packages/airflow/example_dags/tutorial_objectstorage.py
[2024-11-08T14:52:05.918+0000] {processor.py:925} INFO - DAG(s) 'tutorial_objectstorage' retrieved from /home/airflow/.local/lib/python3.12/site-packages/airflow/example_dags/tutorial_objectstorage.py
[2024-11-08T14:52:05.941+0000] {logging_mixin.py:190} INFO - [2024-11-08T14:52:05.941+0000] {dag.py:3239} INFO - Sync 1 DAGs
[2024-11-08T14:52:05.957+0000] {logging_mixin.py:190} INFO - [2024-11-08T14:52:05.957+0000] {dag.py:4180} INFO - Setting next_dagrun for tutorial_objectstorage to None, run_after=None
[2024-11-08T14:52:06.023+0000] {processor.py:208} INFO - Processing /home/airflow/.local/lib/python3.12/site-packages/airflow/example_dags/tutorial_objectstorage.py took 0.124 seconds
[2024-11-08T14:52:38.734+0000] {processor.py:186} INFO - Started process (PID=2606) to work on /home/airflow/.local/lib/python3.12/site-packages/airflow/example_dags/tutorial_objectstorage.py
[2024-11-08T14:52:38.743+0000] {processor.py:914} INFO - Processing file /home/airflow/.local/lib/python3.12/site-packages/airflow/example_dags/tutorial_objectstorage.py for tasks to queue
[2024-11-08T14:52:38.745+0000] {logging_mixin.py:190} INFO - [2024-11-08T14:52:38.745+0000] {dagbag.py:588} INFO - Filling up the DagBag from /home/airflow/.local/lib/python3.12/site-packages/airflow/example_dags/tutorial_objectstorage.py
[2024-11-08T14:52:38.759+0000] {processor.py:925} INFO - DAG(s) 'tutorial_objectstorage' retrieved from /home/airflow/.local/lib/python3.12/site-packages/airflow/example_dags/tutorial_objectstorage.py
[2024-11-08T14:52:38.785+0000] {logging_mixin.py:190} INFO - [2024-11-08T14:52:38.784+0000] {dag.py:3239} INFO - Sync 1 DAGs
[2024-11-08T14:52:38.807+0000] {logging_mixin.py:190} INFO - [2024-11-08T14:52:38.806+0000] {dag.py:4180} INFO - Setting next_dagrun for tutorial_objectstorage to None, run_after=None
[2024-11-08T14:52:38.834+0000] {processor.py:208} INFO - Processing /home/airflow/.local/lib/python3.12/site-packages/airflow/example_dags/tutorial_objectstorage.py took 0.106 seconds
[2024-11-08T14:53:10.099+0000] {processor.py:186} INFO - Started process (PID=2669) to work on /home/airflow/.local/lib/python3.12/site-packages/airflow/example_dags/tutorial_objectstorage.py
[2024-11-08T14:53:10.100+0000] {processor.py:914} INFO - Processing file /home/airflow/.local/lib/python3.12/site-packages/airflow/example_dags/tutorial_objectstorage.py for tasks to queue
[2024-11-08T14:53:10.102+0000] {logging_mixin.py:190} INFO - [2024-11-08T14:53:10.102+0000] {dagbag.py:588} INFO - Filling up the DagBag from /home/airflow/.local/lib/python3.12/site-packages/airflow/example_dags/tutorial_objectstorage.py
[2024-11-08T14:53:10.111+0000] {processor.py:925} INFO - DAG(s) 'tutorial_objectstorage' retrieved from /home/airflow/.local/lib/python3.12/site-packages/airflow/example_dags/tutorial_objectstorage.py
[2024-11-08T14:53:10.132+0000] {logging_mixin.py:190} INFO - [2024-11-08T14:53:10.131+0000] {dag.py:3239} INFO - Sync 1 DAGs
[2024-11-08T14:53:10.147+0000] {logging_mixin.py:190} INFO - [2024-11-08T14:53:10.146+0000] {dag.py:4180} INFO - Setting next_dagrun for tutorial_objectstorage to None, run_after=None
[2024-11-08T14:53:10.199+0000] {processor.py:208} INFO - Processing /home/airflow/.local/lib/python3.12/site-packages/airflow/example_dags/tutorial_objectstorage.py took 0.106 seconds
[2024-11-08T14:53:40.921+0000] {processor.py:186} INFO - Started process (PID=2732) to work on /home/airflow/.local/lib/python3.12/site-packages/airflow/example_dags/tutorial_objectstorage.py
[2024-11-08T14:53:40.926+0000] {processor.py:914} INFO - Processing file /home/airflow/.local/lib/python3.12/site-packages/airflow/example_dags/tutorial_objectstorage.py for tasks to queue
[2024-11-08T14:53:40.928+0000] {logging_mixin.py:190} INFO - [2024-11-08T14:53:40.928+0000] {dagbag.py:588} INFO - Filling up the DagBag from /home/airflow/.local/lib/python3.12/site-packages/airflow/example_dags/tutorial_objectstorage.py
[2024-11-08T14:53:40.939+0000] {processor.py:925} INFO - DAG(s) 'tutorial_objectstorage' retrieved from /home/airflow/.local/lib/python3.12/site-packages/airflow/example_dags/tutorial_objectstorage.py
[2024-11-08T14:53:40.960+0000] {logging_mixin.py:190} INFO - [2024-11-08T14:53:40.960+0000] {dag.py:3239} INFO - Sync 1 DAGs
[2024-11-08T14:53:40.975+0000] {logging_mixin.py:190} INFO - [2024-11-08T14:53:40.974+0000] {dag.py:4180} INFO - Setting next_dagrun for tutorial_objectstorage to None, run_after=None
[2024-11-08T14:53:41.152+0000] {processor.py:208} INFO - Processing /home/airflow/.local/lib/python3.12/site-packages/airflow/example_dags/tutorial_objectstorage.py took 0.238 seconds
[2024-11-08T14:54:12.357+0000] {processor.py:186} INFO - Started process (PID=2790) to work on /home/airflow/.local/lib/python3.12/site-packages/airflow/example_dags/tutorial_objectstorage.py
[2024-11-08T14:54:12.358+0000] {processor.py:914} INFO - Processing file /home/airflow/.local/lib/python3.12/site-packages/airflow/example_dags/tutorial_objectstorage.py for tasks to queue
[2024-11-08T14:54:12.360+0000] {logging_mixin.py:190} INFO - [2024-11-08T14:54:12.360+0000] {dagbag.py:588} INFO - Filling up the DagBag from /home/airflow/.local/lib/python3.12/site-packages/airflow/example_dags/tutorial_objectstorage.py
[2024-11-08T14:54:12.370+0000] {processor.py:925} INFO - DAG(s) 'tutorial_objectstorage' retrieved from /home/airflow/.local/lib/python3.12/site-packages/airflow/example_dags/tutorial_objectstorage.py
[2024-11-08T14:54:12.393+0000] {logging_mixin.py:190} INFO - [2024-11-08T14:54:12.393+0000] {dag.py:3239} INFO - Sync 1 DAGs
[2024-11-08T14:54:12.408+0000] {logging_mixin.py:190} INFO - [2024-11-08T14:54:12.408+0000] {dag.py:4180} INFO - Setting next_dagrun for tutorial_objectstorage to None, run_after=None
[2024-11-08T14:54:12.597+0000] {processor.py:208} INFO - Processing /home/airflow/.local/lib/python3.12/site-packages/airflow/example_dags/tutorial_objectstorage.py took 0.246 seconds
[2024-11-08T14:54:43.076+0000] {processor.py:186} INFO - Started process (PID=2848) to work on /home/airflow/.local/lib/python3.12/site-packages/airflow/example_dags/tutorial_objectstorage.py
[2024-11-08T14:54:43.077+0000] {processor.py:914} INFO - Processing file /home/airflow/.local/lib/python3.12/site-packages/airflow/example_dags/tutorial_objectstorage.py for tasks to queue
[2024-11-08T14:54:43.079+0000] {logging_mixin.py:190} INFO - [2024-11-08T14:54:43.079+0000] {dagbag.py:588} INFO - Filling up the DagBag from /home/airflow/.local/lib/python3.12/site-packages/airflow/example_dags/tutorial_objectstorage.py
[2024-11-08T14:54:43.100+0000] {processor.py:925} INFO - DAG(s) 'tutorial_objectstorage' retrieved from /home/airflow/.local/lib/python3.12/site-packages/airflow/example_dags/tutorial_objectstorage.py
[2024-11-08T14:54:43.128+0000] {logging_mixin.py:190} INFO - [2024-11-08T14:54:43.127+0000] {dag.py:3239} INFO - Sync 1 DAGs
[2024-11-08T14:54:43.151+0000] {logging_mixin.py:190} INFO - [2024-11-08T14:54:43.151+0000] {dag.py:4180} INFO - Setting next_dagrun for tutorial_objectstorage to None, run_after=None
[2024-11-08T14:54:43.188+0000] {processor.py:208} INFO - Processing /home/airflow/.local/lib/python3.12/site-packages/airflow/example_dags/tutorial_objectstorage.py took 0.119 seconds
[2024-11-08T14:55:13.609+0000] {processor.py:186} INFO - Started process (PID=2908) to work on /home/airflow/.local/lib/python3.12/site-packages/airflow/example_dags/tutorial_objectstorage.py
[2024-11-08T14:55:13.610+0000] {processor.py:914} INFO - Processing file /home/airflow/.local/lib/python3.12/site-packages/airflow/example_dags/tutorial_objectstorage.py for tasks to queue
[2024-11-08T14:55:13.614+0000] {logging_mixin.py:190} INFO - [2024-11-08T14:55:13.613+0000] {dagbag.py:588} INFO - Filling up the DagBag from /home/airflow/.local/lib/python3.12/site-packages/airflow/example_dags/tutorial_objectstorage.py
[2024-11-08T14:55:13.623+0000] {processor.py:925} INFO - DAG(s) 'tutorial_objectstorage' retrieved from /home/airflow/.local/lib/python3.12/site-packages/airflow/example_dags/tutorial_objectstorage.py
[2024-11-08T14:55:13.645+0000] {logging_mixin.py:190} INFO - [2024-11-08T14:55:13.645+0000] {dag.py:3239} INFO - Sync 1 DAGs
[2024-11-08T14:55:13.661+0000] {logging_mixin.py:190} INFO - [2024-11-08T14:55:13.660+0000] {dag.py:4180} INFO - Setting next_dagrun for tutorial_objectstorage to None, run_after=None
[2024-11-08T14:55:13.697+0000] {processor.py:208} INFO - Processing /home/airflow/.local/lib/python3.12/site-packages/airflow/example_dags/tutorial_objectstorage.py took 0.093 seconds
[2024-11-08T14:55:43.988+0000] {processor.py:186} INFO - Started process (PID=2970) to work on /home/airflow/.local/lib/python3.12/site-packages/airflow/example_dags/tutorial_objectstorage.py
[2024-11-08T14:55:43.989+0000] {processor.py:914} INFO - Processing file /home/airflow/.local/lib/python3.12/site-packages/airflow/example_dags/tutorial_objectstorage.py for tasks to queue
[2024-11-08T14:55:43.994+0000] {logging_mixin.py:190} INFO - [2024-11-08T14:55:43.993+0000] {dagbag.py:588} INFO - Filling up the DagBag from /home/airflow/.local/lib/python3.12/site-packages/airflow/example_dags/tutorial_objectstorage.py
[2024-11-08T14:55:44.004+0000] {processor.py:925} INFO - DAG(s) 'tutorial_objectstorage' retrieved from /home/airflow/.local/lib/python3.12/site-packages/airflow/example_dags/tutorial_objectstorage.py
[2024-11-08T14:55:44.029+0000] {logging_mixin.py:190} INFO - [2024-11-08T14:55:44.028+0000] {dag.py:3239} INFO - Sync 1 DAGs
[2024-11-08T14:55:44.251+0000] {logging_mixin.py:190} INFO - [2024-11-08T14:55:44.251+0000] {dag.py:4180} INFO - Setting next_dagrun for tutorial_objectstorage to None, run_after=None
[2024-11-08T14:55:44.282+0000] {processor.py:208} INFO - Processing /home/airflow/.local/lib/python3.12/site-packages/airflow/example_dags/tutorial_objectstorage.py took 0.302 seconds
[2024-11-08T14:56:14.346+0000] {processor.py:186} INFO - Started process (PID=3032) to work on /home/airflow/.local/lib/python3.12/site-packages/airflow/example_dags/tutorial_objectstorage.py
[2024-11-08T14:56:14.347+0000] {processor.py:914} INFO - Processing file /home/airflow/.local/lib/python3.12/site-packages/airflow/example_dags/tutorial_objectstorage.py for tasks to queue
[2024-11-08T14:56:14.350+0000] {logging_mixin.py:190} INFO - [2024-11-08T14:56:14.350+0000] {dagbag.py:588} INFO - Filling up the DagBag from /home/airflow/.local/lib/python3.12/site-packages/airflow/example_dags/tutorial_objectstorage.py
[2024-11-08T14:56:14.365+0000] {processor.py:925} INFO - DAG(s) 'tutorial_objectstorage' retrieved from /home/airflow/.local/lib/python3.12/site-packages/airflow/example_dags/tutorial_objectstorage.py
[2024-11-08T14:56:14.389+0000] {logging_mixin.py:190} INFO - [2024-11-08T14:56:14.388+0000] {dag.py:3239} INFO - Sync 1 DAGs
[2024-11-08T14:56:14.409+0000] {logging_mixin.py:190} INFO - [2024-11-08T14:56:14.409+0000] {dag.py:4180} INFO - Setting next_dagrun for tutorial_objectstorage to None, run_after=None
[2024-11-08T14:56:14.824+0000] {processor.py:208} INFO - Processing /home/airflow/.local/lib/python3.12/site-packages/airflow/example_dags/tutorial_objectstorage.py took 0.488 seconds
[2024-11-08T14:56:46.144+0000] {processor.py:186} INFO - Started process (PID=3096) to work on /home/airflow/.local/lib/python3.12/site-packages/airflow/example_dags/tutorial_objectstorage.py
[2024-11-08T14:56:46.146+0000] {processor.py:914} INFO - Processing file /home/airflow/.local/lib/python3.12/site-packages/airflow/example_dags/tutorial_objectstorage.py for tasks to queue
[2024-11-08T14:56:46.149+0000] {logging_mixin.py:190} INFO - [2024-11-08T14:56:46.149+0000] {dagbag.py:588} INFO - Filling up the DagBag from /home/airflow/.local/lib/python3.12/site-packages/airflow/example_dags/tutorial_objectstorage.py
[2024-11-08T14:56:46.166+0000] {processor.py:925} INFO - DAG(s) 'tutorial_objectstorage' retrieved from /home/airflow/.local/lib/python3.12/site-packages/airflow/example_dags/tutorial_objectstorage.py
[2024-11-08T14:56:46.199+0000] {logging_mixin.py:190} INFO - [2024-11-08T14:56:46.195+0000] {dag.py:3239} INFO - Sync 1 DAGs
[2024-11-08T14:56:46.218+0000] {logging_mixin.py:190} INFO - [2024-11-08T14:56:46.218+0000] {dag.py:4180} INFO - Setting next_dagrun for tutorial_objectstorage to None, run_after=None
[2024-11-08T14:56:46.420+0000] {processor.py:208} INFO - Processing /home/airflow/.local/lib/python3.12/site-packages/airflow/example_dags/tutorial_objectstorage.py took 0.289 seconds
[2024-11-08T14:57:16.837+0000] {processor.py:186} INFO - Started process (PID=3157) to work on /home/airflow/.local/lib/python3.12/site-packages/airflow/example_dags/tutorial_objectstorage.py
[2024-11-08T14:57:16.841+0000] {processor.py:914} INFO - Processing file /home/airflow/.local/lib/python3.12/site-packages/airflow/example_dags/tutorial_objectstorage.py for tasks to queue
[2024-11-08T14:57:16.844+0000] {logging_mixin.py:190} INFO - [2024-11-08T14:57:16.844+0000] {dagbag.py:588} INFO - Filling up the DagBag from /home/airflow/.local/lib/python3.12/site-packages/airflow/example_dags/tutorial_objectstorage.py
[2024-11-08T14:57:16.855+0000] {processor.py:925} INFO - DAG(s) 'tutorial_objectstorage' retrieved from /home/airflow/.local/lib/python3.12/site-packages/airflow/example_dags/tutorial_objectstorage.py
[2024-11-08T14:57:17.136+0000] {logging_mixin.py:190} INFO - [2024-11-08T14:57:17.135+0000] {dag.py:3239} INFO - Sync 1 DAGs
[2024-11-08T14:57:17.154+0000] {logging_mixin.py:190} INFO - [2024-11-08T14:57:17.154+0000] {dag.py:4180} INFO - Setting next_dagrun for tutorial_objectstorage to None, run_after=None
[2024-11-08T14:57:17.187+0000] {processor.py:208} INFO - Processing /home/airflow/.local/lib/python3.12/site-packages/airflow/example_dags/tutorial_objectstorage.py took 0.357 seconds
[2024-11-08T14:57:47.286+0000] {processor.py:186} INFO - Started process (PID=3218) to work on /home/airflow/.local/lib/python3.12/site-packages/airflow/example_dags/tutorial_objectstorage.py
[2024-11-08T14:57:47.288+0000] {processor.py:914} INFO - Processing file /home/airflow/.local/lib/python3.12/site-packages/airflow/example_dags/tutorial_objectstorage.py for tasks to queue
[2024-11-08T14:57:47.291+0000] {logging_mixin.py:190} INFO - [2024-11-08T14:57:47.291+0000] {dagbag.py:588} INFO - Filling up the DagBag from /home/airflow/.local/lib/python3.12/site-packages/airflow/example_dags/tutorial_objectstorage.py
[2024-11-08T14:57:47.300+0000] {processor.py:925} INFO - DAG(s) 'tutorial_objectstorage' retrieved from /home/airflow/.local/lib/python3.12/site-packages/airflow/example_dags/tutorial_objectstorage.py
[2024-11-08T14:57:47.321+0000] {logging_mixin.py:190} INFO - [2024-11-08T14:57:47.321+0000] {dag.py:3239} INFO - Sync 1 DAGs
[2024-11-08T14:57:47.336+0000] {logging_mixin.py:190} INFO - [2024-11-08T14:57:47.336+0000] {dag.py:4180} INFO - Setting next_dagrun for tutorial_objectstorage to None, run_after=None
[2024-11-08T14:57:47.464+0000] {processor.py:208} INFO - Processing /home/airflow/.local/lib/python3.12/site-packages/airflow/example_dags/tutorial_objectstorage.py took 0.188 seconds
[2024-11-08T14:58:17.968+0000] {processor.py:186} INFO - Started process (PID=3282) to work on /home/airflow/.local/lib/python3.12/site-packages/airflow/example_dags/tutorial_objectstorage.py
[2024-11-08T14:58:17.969+0000] {processor.py:914} INFO - Processing file /home/airflow/.local/lib/python3.12/site-packages/airflow/example_dags/tutorial_objectstorage.py for tasks to queue
[2024-11-08T14:58:17.972+0000] {logging_mixin.py:190} INFO - [2024-11-08T14:58:17.971+0000] {dagbag.py:588} INFO - Filling up the DagBag from /home/airflow/.local/lib/python3.12/site-packages/airflow/example_dags/tutorial_objectstorage.py
[2024-11-08T14:58:17.981+0000] {processor.py:925} INFO - DAG(s) 'tutorial_objectstorage' retrieved from /home/airflow/.local/lib/python3.12/site-packages/airflow/example_dags/tutorial_objectstorage.py
[2024-11-08T14:58:18.003+0000] {logging_mixin.py:190} INFO - [2024-11-08T14:58:18.002+0000] {dag.py:3239} INFO - Sync 1 DAGs
[2024-11-08T14:58:18.018+0000] {logging_mixin.py:190} INFO - [2024-11-08T14:58:18.018+0000] {dag.py:4180} INFO - Setting next_dagrun for tutorial_objectstorage to None, run_after=None
[2024-11-08T14:58:18.587+0000] {processor.py:208} INFO - Processing /home/airflow/.local/lib/python3.12/site-packages/airflow/example_dags/tutorial_objectstorage.py took 0.626 seconds
[2024-11-08T14:58:48.700+0000] {processor.py:186} INFO - Started process (PID=3345) to work on /home/airflow/.local/lib/python3.12/site-packages/airflow/example_dags/tutorial_objectstorage.py
[2024-11-08T14:58:48.701+0000] {processor.py:914} INFO - Processing file /home/airflow/.local/lib/python3.12/site-packages/airflow/example_dags/tutorial_objectstorage.py for tasks to queue
[2024-11-08T14:58:48.704+0000] {logging_mixin.py:190} INFO - [2024-11-08T14:58:48.704+0000] {dagbag.py:588} INFO - Filling up the DagBag from /home/airflow/.local/lib/python3.12/site-packages/airflow/example_dags/tutorial_objectstorage.py
[2024-11-08T14:58:48.714+0000] {processor.py:925} INFO - DAG(s) 'tutorial_objectstorage' retrieved from /home/airflow/.local/lib/python3.12/site-packages/airflow/example_dags/tutorial_objectstorage.py
[2024-11-08T14:58:48.735+0000] {logging_mixin.py:190} INFO - [2024-11-08T14:58:48.734+0000] {dag.py:3239} INFO - Sync 1 DAGs
[2024-11-08T14:58:48.749+0000] {logging_mixin.py:190} INFO - [2024-11-08T14:58:48.749+0000] {dag.py:4180} INFO - Setting next_dagrun for tutorial_objectstorage to None, run_after=None
[2024-11-08T14:58:48.988+0000] {processor.py:208} INFO - Processing /home/airflow/.local/lib/python3.12/site-packages/airflow/example_dags/tutorial_objectstorage.py took 0.295 seconds
[2024-11-08T14:59:19.335+0000] {processor.py:186} INFO - Started process (PID=3409) to work on /home/airflow/.local/lib/python3.12/site-packages/airflow/example_dags/tutorial_objectstorage.py
[2024-11-08T14:59:19.336+0000] {processor.py:914} INFO - Processing file /home/airflow/.local/lib/python3.12/site-packages/airflow/example_dags/tutorial_objectstorage.py for tasks to queue
[2024-11-08T14:59:19.339+0000] {logging_mixin.py:190} INFO - [2024-11-08T14:59:19.338+0000] {dagbag.py:588} INFO - Filling up the DagBag from /home/airflow/.local/lib/python3.12/site-packages/airflow/example_dags/tutorial_objectstorage.py
[2024-11-08T14:59:19.347+0000] {processor.py:925} INFO - DAG(s) 'tutorial_objectstorage' retrieved from /home/airflow/.local/lib/python3.12/site-packages/airflow/example_dags/tutorial_objectstorage.py
[2024-11-08T14:59:19.368+0000] {logging_mixin.py:190} INFO - [2024-11-08T14:59:19.368+0000] {dag.py:3239} INFO - Sync 1 DAGs
[2024-11-08T14:59:19.383+0000] {logging_mixin.py:190} INFO - [2024-11-08T14:59:19.382+0000] {dag.py:4180} INFO - Setting next_dagrun for tutorial_objectstorage to None, run_after=None
[2024-11-08T14:59:19.419+0000] {processor.py:208} INFO - Processing /home/airflow/.local/lib/python3.12/site-packages/airflow/example_dags/tutorial_objectstorage.py took 0.091 seconds
[2024-11-08T14:59:49.815+0000] {processor.py:186} INFO - Started process (PID=3472) to work on /home/airflow/.local/lib/python3.12/site-packages/airflow/example_dags/tutorial_objectstorage.py
[2024-11-08T14:59:49.816+0000] {processor.py:914} INFO - Processing file /home/airflow/.local/lib/python3.12/site-packages/airflow/example_dags/tutorial_objectstorage.py for tasks to queue
[2024-11-08T14:59:49.819+0000] {logging_mixin.py:190} INFO - [2024-11-08T14:59:49.818+0000] {dagbag.py:588} INFO - Filling up the DagBag from /home/airflow/.local/lib/python3.12/site-packages/airflow/example_dags/tutorial_objectstorage.py
[2024-11-08T14:59:49.829+0000] {processor.py:925} INFO - DAG(s) 'tutorial_objectstorage' retrieved from /home/airflow/.local/lib/python3.12/site-packages/airflow/example_dags/tutorial_objectstorage.py
[2024-11-08T14:59:49.849+0000] {logging_mixin.py:190} INFO - [2024-11-08T14:59:49.849+0000] {dag.py:3239} INFO - Sync 1 DAGs
[2024-11-08T14:59:49.872+0000] {logging_mixin.py:190} INFO - [2024-11-08T14:59:49.872+0000] {dag.py:4180} INFO - Setting next_dagrun for tutorial_objectstorage to None, run_after=None
[2024-11-08T14:59:49.898+0000] {processor.py:208} INFO - Processing /home/airflow/.local/lib/python3.12/site-packages/airflow/example_dags/tutorial_objectstorage.py took 0.090 seconds
[2024-11-08T15:00:20.650+0000] {processor.py:186} INFO - Started process (PID=3535) to work on /home/airflow/.local/lib/python3.12/site-packages/airflow/example_dags/tutorial_objectstorage.py
[2024-11-08T15:00:20.651+0000] {processor.py:914} INFO - Processing file /home/airflow/.local/lib/python3.12/site-packages/airflow/example_dags/tutorial_objectstorage.py for tasks to queue
[2024-11-08T15:00:20.653+0000] {logging_mixin.py:190} INFO - [2024-11-08T15:00:20.653+0000] {dagbag.py:588} INFO - Filling up the DagBag from /home/airflow/.local/lib/python3.12/site-packages/airflow/example_dags/tutorial_objectstorage.py
[2024-11-08T15:00:20.663+0000] {processor.py:925} INFO - DAG(s) 'tutorial_objectstorage' retrieved from /home/airflow/.local/lib/python3.12/site-packages/airflow/example_dags/tutorial_objectstorage.py
[2024-11-08T15:00:20.682+0000] {logging_mixin.py:190} INFO - [2024-11-08T15:00:20.682+0000] {dag.py:3239} INFO - Sync 1 DAGs
[2024-11-08T15:00:20.703+0000] {logging_mixin.py:190} INFO - [2024-11-08T15:00:20.703+0000] {dag.py:4180} INFO - Setting next_dagrun for tutorial_objectstorage to None, run_after=None
[2024-11-08T15:00:20.878+0000] {processor.py:208} INFO - Processing /home/airflow/.local/lib/python3.12/site-packages/airflow/example_dags/tutorial_objectstorage.py took 0.234 seconds
[2024-11-08T15:00:51.392+0000] {processor.py:186} INFO - Started process (PID=3598) to work on /home/airflow/.local/lib/python3.12/site-packages/airflow/example_dags/tutorial_objectstorage.py
[2024-11-08T15:00:51.393+0000] {processor.py:914} INFO - Processing file /home/airflow/.local/lib/python3.12/site-packages/airflow/example_dags/tutorial_objectstorage.py for tasks to queue
[2024-11-08T15:00:51.396+0000] {logging_mixin.py:190} INFO - [2024-11-08T15:00:51.395+0000] {dagbag.py:588} INFO - Filling up the DagBag from /home/airflow/.local/lib/python3.12/site-packages/airflow/example_dags/tutorial_objectstorage.py
[2024-11-08T15:00:51.406+0000] {processor.py:925} INFO - DAG(s) 'tutorial_objectstorage' retrieved from /home/airflow/.local/lib/python3.12/site-packages/airflow/example_dags/tutorial_objectstorage.py
[2024-11-08T15:00:51.427+0000] {logging_mixin.py:190} INFO - [2024-11-08T15:00:51.426+0000] {dag.py:3239} INFO - Sync 1 DAGs
[2024-11-08T15:00:51.442+0000] {logging_mixin.py:190} INFO - [2024-11-08T15:00:51.442+0000] {dag.py:4180} INFO - Setting next_dagrun for tutorial_objectstorage to None, run_after=None
[2024-11-08T15:00:51.490+0000] {processor.py:208} INFO - Processing /home/airflow/.local/lib/python3.12/site-packages/airflow/example_dags/tutorial_objectstorage.py took 0.104 seconds
[2024-11-08T15:01:22.644+0000] {processor.py:186} INFO - Started process (PID=3660) to work on /home/airflow/.local/lib/python3.12/site-packages/airflow/example_dags/tutorial_objectstorage.py
[2024-11-08T15:01:22.646+0000] {processor.py:914} INFO - Processing file /home/airflow/.local/lib/python3.12/site-packages/airflow/example_dags/tutorial_objectstorage.py for tasks to queue
[2024-11-08T15:01:22.650+0000] {logging_mixin.py:190} INFO - [2024-11-08T15:01:22.650+0000] {dagbag.py:588} INFO - Filling up the DagBag from /home/airflow/.local/lib/python3.12/site-packages/airflow/example_dags/tutorial_objectstorage.py
[2024-11-08T15:01:22.668+0000] {processor.py:925} INFO - DAG(s) 'tutorial_objectstorage' retrieved from /home/airflow/.local/lib/python3.12/site-packages/airflow/example_dags/tutorial_objectstorage.py
[2024-11-08T15:01:22.687+0000] {logging_mixin.py:190} INFO - [2024-11-08T15:01:22.687+0000] {dag.py:3239} INFO - Sync 1 DAGs
[2024-11-08T15:01:22.703+0000] {logging_mixin.py:190} INFO - [2024-11-08T15:01:22.703+0000] {dag.py:4180} INFO - Setting next_dagrun for tutorial_objectstorage to None, run_after=None
[2024-11-08T15:01:22.725+0000] {processor.py:208} INFO - Processing /home/airflow/.local/lib/python3.12/site-packages/airflow/example_dags/tutorial_objectstorage.py took 0.093 seconds
