[2024-11-08T14:32:13.156+0000] {processor.py:186} INFO - Started process (PID=117) to work on /home/airflow/.local/lib/python3.12/site-packages/airflow/example_dags/tutorial.py
[2024-11-08T14:32:13.157+0000] {processor.py:914} INFO - Processing file /home/airflow/.local/lib/python3.12/site-packages/airflow/example_dags/tutorial.py for tasks to queue
[2024-11-08T14:32:13.160+0000] {logging_mixin.py:190} INFO - [2024-11-08T14:32:13.159+0000] {dagbag.py:588} INFO - Filling up the DagBag from /home/airflow/.local/lib/python3.12/site-packages/airflow/example_dags/tutorial.py
[2024-11-08T14:32:13.169+0000] {processor.py:925} INFO - DAG(s) 'tutorial' retrieved from /home/airflow/.local/lib/python3.12/site-packages/airflow/example_dags/tutorial.py
[2024-11-08T14:32:13.301+0000] {logging_mixin.py:190} INFO - [2024-11-08T14:32:13.300+0000] {override.py:1911} INFO - Created Permission View: can delete on DAG:tutorial
[2024-11-08T14:32:13.319+0000] {logging_mixin.py:190} INFO - [2024-11-08T14:32:13.318+0000] {override.py:1911} INFO - Created Permission View: can edit on DAG:tutorial
[2024-11-08T14:32:13.330+0000] {logging_mixin.py:190} INFO - [2024-11-08T14:32:13.329+0000] {override.py:1911} INFO - Created Permission View: can read on DAG:tutorial
[2024-11-08T14:32:13.350+0000] {logging_mixin.py:190} INFO - [2024-11-08T14:32:13.350+0000] {override.py:1911} INFO - Created Permission View: can create on DAG Run:tutorial
[2024-11-08T14:32:13.364+0000] {logging_mixin.py:190} INFO - [2024-11-08T14:32:13.363+0000] {override.py:1911} INFO - Created Permission View: menu access on DAG Run:tutorial
[2024-11-08T14:32:13.385+0000] {logging_mixin.py:190} INFO - [2024-11-08T14:32:13.385+0000] {override.py:1911} INFO - Created Permission View: can delete on DAG Run:tutorial
[2024-11-08T14:32:13.396+0000] {logging_mixin.py:190} INFO - [2024-11-08T14:32:13.396+0000] {override.py:1911} INFO - Created Permission View: can read on DAG Run:tutorial
[2024-11-08T14:32:13.397+0000] {logging_mixin.py:190} INFO - [2024-11-08T14:32:13.397+0000] {dag.py:3239} INFO - Sync 1 DAGs
[2024-11-08T14:32:13.409+0000] {logging_mixin.py:190} INFO - [2024-11-08T14:32:13.409+0000] {dag.py:3262} INFO - Creating ORM DAG for tutorial
[2024-11-08T14:32:13.419+0000] {logging_mixin.py:190} INFO - [2024-11-08T14:32:13.419+0000] {dag.py:4180} INFO - Setting next_dagrun for tutorial to 2024-11-07 00:00:00+00:00, run_after=2024-11-08 00:00:00+00:00
[2024-11-08T14:32:13.441+0000] {processor.py:208} INFO - Processing /home/airflow/.local/lib/python3.12/site-packages/airflow/example_dags/tutorial.py took 0.293 seconds
[2024-11-08T14:32:43.858+0000] {processor.py:186} INFO - Started process (PID=180) to work on /home/airflow/.local/lib/python3.12/site-packages/airflow/example_dags/tutorial.py
[2024-11-08T14:32:43.860+0000] {processor.py:914} INFO - Processing file /home/airflow/.local/lib/python3.12/site-packages/airflow/example_dags/tutorial.py for tasks to queue
[2024-11-08T14:32:43.863+0000] {logging_mixin.py:190} INFO - [2024-11-08T14:32:43.862+0000] {dagbag.py:588} INFO - Filling up the DagBag from /home/airflow/.local/lib/python3.12/site-packages/airflow/example_dags/tutorial.py
[2024-11-08T14:32:43.877+0000] {processor.py:925} INFO - DAG(s) 'tutorial' retrieved from /home/airflow/.local/lib/python3.12/site-packages/airflow/example_dags/tutorial.py
[2024-11-08T14:32:43.901+0000] {logging_mixin.py:190} INFO - [2024-11-08T14:32:43.900+0000] {dag.py:3239} INFO - Sync 1 DAGs
[2024-11-08T14:32:43.926+0000] {logging_mixin.py:190} INFO - [2024-11-08T14:32:43.926+0000] {dag.py:4180} INFO - Setting next_dagrun for tutorial to 2024-11-07 00:00:00+00:00, run_after=2024-11-08 00:00:00+00:00
[2024-11-08T14:32:43.947+0000] {processor.py:208} INFO - Processing /home/airflow/.local/lib/python3.12/site-packages/airflow/example_dags/tutorial.py took 0.097 seconds
[2024-11-08T14:33:14.857+0000] {processor.py:186} INFO - Started process (PID=243) to work on /home/airflow/.local/lib/python3.12/site-packages/airflow/example_dags/tutorial.py
[2024-11-08T14:33:14.858+0000] {processor.py:914} INFO - Processing file /home/airflow/.local/lib/python3.12/site-packages/airflow/example_dags/tutorial.py for tasks to queue
[2024-11-08T14:33:14.861+0000] {logging_mixin.py:190} INFO - [2024-11-08T14:33:14.861+0000] {dagbag.py:588} INFO - Filling up the DagBag from /home/airflow/.local/lib/python3.12/site-packages/airflow/example_dags/tutorial.py
[2024-11-08T14:33:14.871+0000] {processor.py:925} INFO - DAG(s) 'tutorial' retrieved from /home/airflow/.local/lib/python3.12/site-packages/airflow/example_dags/tutorial.py
[2024-11-08T14:33:14.891+0000] {logging_mixin.py:190} INFO - [2024-11-08T14:33:14.891+0000] {dag.py:3239} INFO - Sync 1 DAGs
[2024-11-08T14:33:14.917+0000] {logging_mixin.py:190} INFO - [2024-11-08T14:33:14.917+0000] {dag.py:4180} INFO - Setting next_dagrun for tutorial to 2024-11-07 00:00:00+00:00, run_after=2024-11-08 00:00:00+00:00
[2024-11-08T14:33:15.127+0000] {processor.py:208} INFO - Processing /home/airflow/.local/lib/python3.12/site-packages/airflow/example_dags/tutorial.py took 0.276 seconds
[2024-11-08T14:33:47.178+0000] {processor.py:186} INFO - Started process (PID=306) to work on /home/airflow/.local/lib/python3.12/site-packages/airflow/example_dags/tutorial.py
[2024-11-08T14:33:47.180+0000] {processor.py:914} INFO - Processing file /home/airflow/.local/lib/python3.12/site-packages/airflow/example_dags/tutorial.py for tasks to queue
[2024-11-08T14:33:47.182+0000] {logging_mixin.py:190} INFO - [2024-11-08T14:33:47.182+0000] {dagbag.py:588} INFO - Filling up the DagBag from /home/airflow/.local/lib/python3.12/site-packages/airflow/example_dags/tutorial.py
[2024-11-08T14:33:47.192+0000] {processor.py:925} INFO - DAG(s) 'tutorial' retrieved from /home/airflow/.local/lib/python3.12/site-packages/airflow/example_dags/tutorial.py
[2024-11-08T14:33:47.213+0000] {logging_mixin.py:190} INFO - [2024-11-08T14:33:47.213+0000] {dag.py:3239} INFO - Sync 1 DAGs
[2024-11-08T14:33:47.238+0000] {logging_mixin.py:190} INFO - [2024-11-08T14:33:47.238+0000] {dag.py:4180} INFO - Setting next_dagrun for tutorial to 2024-11-07 00:00:00+00:00, run_after=2024-11-08 00:00:00+00:00
[2024-11-08T14:33:47.296+0000] {processor.py:208} INFO - Processing /home/airflow/.local/lib/python3.12/site-packages/airflow/example_dags/tutorial.py took 0.127 seconds
[2024-11-08T14:34:17.932+0000] {processor.py:186} INFO - Started process (PID=369) to work on /home/airflow/.local/lib/python3.12/site-packages/airflow/example_dags/tutorial.py
[2024-11-08T14:34:17.934+0000] {processor.py:914} INFO - Processing file /home/airflow/.local/lib/python3.12/site-packages/airflow/example_dags/tutorial.py for tasks to queue
[2024-11-08T14:34:17.937+0000] {logging_mixin.py:190} INFO - [2024-11-08T14:34:17.937+0000] {dagbag.py:588} INFO - Filling up the DagBag from /home/airflow/.local/lib/python3.12/site-packages/airflow/example_dags/tutorial.py
[2024-11-08T14:34:17.947+0000] {processor.py:925} INFO - DAG(s) 'tutorial' retrieved from /home/airflow/.local/lib/python3.12/site-packages/airflow/example_dags/tutorial.py
[2024-11-08T14:34:17.970+0000] {logging_mixin.py:190} INFO - [2024-11-08T14:34:17.970+0000] {dag.py:3239} INFO - Sync 1 DAGs
[2024-11-08T14:34:18.001+0000] {logging_mixin.py:190} INFO - [2024-11-08T14:34:18.001+0000] {dag.py:4180} INFO - Setting next_dagrun for tutorial to 2024-11-07 00:00:00+00:00, run_after=2024-11-08 00:00:00+00:00
[2024-11-08T14:34:18.028+0000] {processor.py:208} INFO - Processing /home/airflow/.local/lib/python3.12/site-packages/airflow/example_dags/tutorial.py took 0.102 seconds
[2024-11-08T14:34:50.734+0000] {processor.py:186} INFO - Started process (PID=432) to work on /home/airflow/.local/lib/python3.12/site-packages/airflow/example_dags/tutorial.py
[2024-11-08T14:34:50.736+0000] {processor.py:914} INFO - Processing file /home/airflow/.local/lib/python3.12/site-packages/airflow/example_dags/tutorial.py for tasks to queue
[2024-11-08T14:34:50.739+0000] {logging_mixin.py:190} INFO - [2024-11-08T14:34:50.738+0000] {dagbag.py:588} INFO - Filling up the DagBag from /home/airflow/.local/lib/python3.12/site-packages/airflow/example_dags/tutorial.py
[2024-11-08T14:34:50.748+0000] {processor.py:925} INFO - DAG(s) 'tutorial' retrieved from /home/airflow/.local/lib/python3.12/site-packages/airflow/example_dags/tutorial.py
[2024-11-08T14:34:50.769+0000] {logging_mixin.py:190} INFO - [2024-11-08T14:34:50.769+0000] {dag.py:3239} INFO - Sync 1 DAGs
[2024-11-08T14:34:50.796+0000] {logging_mixin.py:190} INFO - [2024-11-08T14:34:50.796+0000] {dag.py:4180} INFO - Setting next_dagrun for tutorial to 2024-11-07 00:00:00+00:00, run_after=2024-11-08 00:00:00+00:00
[2024-11-08T14:34:50.818+0000] {processor.py:208} INFO - Processing /home/airflow/.local/lib/python3.12/site-packages/airflow/example_dags/tutorial.py took 0.090 seconds
[2024-11-08T14:35:27.789+0000] {processor.py:186} INFO - Started process (PID=500) to work on /home/airflow/.local/lib/python3.12/site-packages/airflow/example_dags/tutorial.py
[2024-11-08T14:35:27.791+0000] {processor.py:914} INFO - Processing file /home/airflow/.local/lib/python3.12/site-packages/airflow/example_dags/tutorial.py for tasks to queue
[2024-11-08T14:35:27.794+0000] {logging_mixin.py:190} INFO - [2024-11-08T14:35:27.794+0000] {dagbag.py:588} INFO - Filling up the DagBag from /home/airflow/.local/lib/python3.12/site-packages/airflow/example_dags/tutorial.py
[2024-11-08T14:35:27.808+0000] {processor.py:925} INFO - DAG(s) 'tutorial' retrieved from /home/airflow/.local/lib/python3.12/site-packages/airflow/example_dags/tutorial.py
[2024-11-08T14:35:27.844+0000] {logging_mixin.py:190} INFO - [2024-11-08T14:35:27.844+0000] {dag.py:3239} INFO - Sync 1 DAGs
[2024-11-08T14:35:27.883+0000] {logging_mixin.py:190} INFO - [2024-11-08T14:35:27.883+0000] {dag.py:4180} INFO - Setting next_dagrun for tutorial to 2024-11-07 00:00:00+00:00, run_after=2024-11-08 00:00:00+00:00
[2024-11-08T14:35:27.915+0000] {processor.py:208} INFO - Processing /home/airflow/.local/lib/python3.12/site-packages/airflow/example_dags/tutorial.py took 0.133 seconds
[2024-11-08T14:35:58.627+0000] {processor.py:186} INFO - Started process (PID=563) to work on /home/airflow/.local/lib/python3.12/site-packages/airflow/example_dags/tutorial.py
[2024-11-08T14:35:58.629+0000] {processor.py:914} INFO - Processing file /home/airflow/.local/lib/python3.12/site-packages/airflow/example_dags/tutorial.py for tasks to queue
[2024-11-08T14:35:58.634+0000] {logging_mixin.py:190} INFO - [2024-11-08T14:35:58.634+0000] {dagbag.py:588} INFO - Filling up the DagBag from /home/airflow/.local/lib/python3.12/site-packages/airflow/example_dags/tutorial.py
[2024-11-08T14:35:58.644+0000] {processor.py:925} INFO - DAG(s) 'tutorial' retrieved from /home/airflow/.local/lib/python3.12/site-packages/airflow/example_dags/tutorial.py
[2024-11-08T14:35:58.668+0000] {logging_mixin.py:190} INFO - [2024-11-08T14:35:58.668+0000] {dag.py:3239} INFO - Sync 1 DAGs
[2024-11-08T14:35:58.696+0000] {logging_mixin.py:190} INFO - [2024-11-08T14:35:58.696+0000] {dag.py:4180} INFO - Setting next_dagrun for tutorial to 2024-11-07 00:00:00+00:00, run_after=2024-11-08 00:00:00+00:00
[2024-11-08T14:35:58.724+0000] {processor.py:208} INFO - Processing /home/airflow/.local/lib/python3.12/site-packages/airflow/example_dags/tutorial.py took 0.104 seconds
[2024-11-08T14:36:29.588+0000] {processor.py:186} INFO - Started process (PID=627) to work on /home/airflow/.local/lib/python3.12/site-packages/airflow/example_dags/tutorial.py
[2024-11-08T14:36:29.591+0000] {processor.py:914} INFO - Processing file /home/airflow/.local/lib/python3.12/site-packages/airflow/example_dags/tutorial.py for tasks to queue
[2024-11-08T14:36:29.593+0000] {logging_mixin.py:190} INFO - [2024-11-08T14:36:29.593+0000] {dagbag.py:588} INFO - Filling up the DagBag from /home/airflow/.local/lib/python3.12/site-packages/airflow/example_dags/tutorial.py
[2024-11-08T14:36:29.602+0000] {processor.py:925} INFO - DAG(s) 'tutorial' retrieved from /home/airflow/.local/lib/python3.12/site-packages/airflow/example_dags/tutorial.py
[2024-11-08T14:36:29.624+0000] {logging_mixin.py:190} INFO - [2024-11-08T14:36:29.623+0000] {dag.py:3239} INFO - Sync 1 DAGs
[2024-11-08T14:36:29.649+0000] {logging_mixin.py:190} INFO - [2024-11-08T14:36:29.649+0000] {dag.py:4180} INFO - Setting next_dagrun for tutorial to 2024-11-07 00:00:00+00:00, run_after=2024-11-08 00:00:00+00:00
[2024-11-08T14:36:29.900+0000] {processor.py:208} INFO - Processing /home/airflow/.local/lib/python3.12/site-packages/airflow/example_dags/tutorial.py took 0.318 seconds
[2024-11-08T14:37:01.205+0000] {processor.py:186} INFO - Started process (PID=690) to work on /home/airflow/.local/lib/python3.12/site-packages/airflow/example_dags/tutorial.py
[2024-11-08T14:37:01.206+0000] {processor.py:914} INFO - Processing file /home/airflow/.local/lib/python3.12/site-packages/airflow/example_dags/tutorial.py for tasks to queue
[2024-11-08T14:37:01.208+0000] {logging_mixin.py:190} INFO - [2024-11-08T14:37:01.208+0000] {dagbag.py:588} INFO - Filling up the DagBag from /home/airflow/.local/lib/python3.12/site-packages/airflow/example_dags/tutorial.py
[2024-11-08T14:37:01.216+0000] {processor.py:925} INFO - DAG(s) 'tutorial' retrieved from /home/airflow/.local/lib/python3.12/site-packages/airflow/example_dags/tutorial.py
[2024-11-08T14:37:01.237+0000] {logging_mixin.py:190} INFO - [2024-11-08T14:37:01.236+0000] {dag.py:3239} INFO - Sync 1 DAGs
[2024-11-08T14:37:01.262+0000] {logging_mixin.py:190} INFO - [2024-11-08T14:37:01.262+0000] {dag.py:4180} INFO - Setting next_dagrun for tutorial to 2024-11-07 00:00:00+00:00, run_after=2024-11-08 00:00:00+00:00
[2024-11-08T14:37:01.316+0000] {processor.py:208} INFO - Processing /home/airflow/.local/lib/python3.12/site-packages/airflow/example_dags/tutorial.py took 0.116 seconds
[2024-11-08T14:37:31.712+0000] {processor.py:186} INFO - Started process (PID=754) to work on /home/airflow/.local/lib/python3.12/site-packages/airflow/example_dags/tutorial.py
[2024-11-08T14:37:31.713+0000] {processor.py:914} INFO - Processing file /home/airflow/.local/lib/python3.12/site-packages/airflow/example_dags/tutorial.py for tasks to queue
[2024-11-08T14:37:31.716+0000] {logging_mixin.py:190} INFO - [2024-11-08T14:37:31.715+0000] {dagbag.py:588} INFO - Filling up the DagBag from /home/airflow/.local/lib/python3.12/site-packages/airflow/example_dags/tutorial.py
[2024-11-08T14:37:31.724+0000] {processor.py:925} INFO - DAG(s) 'tutorial' retrieved from /home/airflow/.local/lib/python3.12/site-packages/airflow/example_dags/tutorial.py
[2024-11-08T14:37:31.743+0000] {logging_mixin.py:190} INFO - [2024-11-08T14:37:31.743+0000] {dag.py:3239} INFO - Sync 1 DAGs
[2024-11-08T14:37:31.767+0000] {logging_mixin.py:190} INFO - [2024-11-08T14:37:31.767+0000] {dag.py:4180} INFO - Setting next_dagrun for tutorial to 2024-11-07 00:00:00+00:00, run_after=2024-11-08 00:00:00+00:00
[2024-11-08T14:37:31.817+0000] {processor.py:208} INFO - Processing /home/airflow/.local/lib/python3.12/site-packages/airflow/example_dags/tutorial.py took 0.111 seconds
[2024-11-08T14:38:03.064+0000] {processor.py:186} INFO - Started process (PID=816) to work on /home/airflow/.local/lib/python3.12/site-packages/airflow/example_dags/tutorial.py
[2024-11-08T14:38:03.065+0000] {processor.py:914} INFO - Processing file /home/airflow/.local/lib/python3.12/site-packages/airflow/example_dags/tutorial.py for tasks to queue
[2024-11-08T14:38:03.068+0000] {logging_mixin.py:190} INFO - [2024-11-08T14:38:03.067+0000] {dagbag.py:588} INFO - Filling up the DagBag from /home/airflow/.local/lib/python3.12/site-packages/airflow/example_dags/tutorial.py
[2024-11-08T14:38:03.076+0000] {processor.py:925} INFO - DAG(s) 'tutorial' retrieved from /home/airflow/.local/lib/python3.12/site-packages/airflow/example_dags/tutorial.py
[2024-11-08T14:38:03.096+0000] {logging_mixin.py:190} INFO - [2024-11-08T14:38:03.096+0000] {dag.py:3239} INFO - Sync 1 DAGs
[2024-11-08T14:38:03.118+0000] {logging_mixin.py:190} INFO - [2024-11-08T14:38:03.118+0000] {dag.py:4180} INFO - Setting next_dagrun for tutorial to 2024-11-07 00:00:00+00:00, run_after=2024-11-08 00:00:00+00:00
[2024-11-08T14:38:03.200+0000] {processor.py:208} INFO - Processing /home/airflow/.local/lib/python3.12/site-packages/airflow/example_dags/tutorial.py took 0.141 seconds
[2024-11-08T14:38:34.216+0000] {processor.py:186} INFO - Started process (PID=879) to work on /home/airflow/.local/lib/python3.12/site-packages/airflow/example_dags/tutorial.py
[2024-11-08T14:38:34.217+0000] {processor.py:914} INFO - Processing file /home/airflow/.local/lib/python3.12/site-packages/airflow/example_dags/tutorial.py for tasks to queue
[2024-11-08T14:38:34.220+0000] {logging_mixin.py:190} INFO - [2024-11-08T14:38:34.219+0000] {dagbag.py:588} INFO - Filling up the DagBag from /home/airflow/.local/lib/python3.12/site-packages/airflow/example_dags/tutorial.py
[2024-11-08T14:38:34.227+0000] {processor.py:925} INFO - DAG(s) 'tutorial' retrieved from /home/airflow/.local/lib/python3.12/site-packages/airflow/example_dags/tutorial.py
[2024-11-08T14:38:34.247+0000] {logging_mixin.py:190} INFO - [2024-11-08T14:38:34.246+0000] {dag.py:3239} INFO - Sync 1 DAGs
[2024-11-08T14:38:34.268+0000] {logging_mixin.py:190} INFO - [2024-11-08T14:38:34.268+0000] {dag.py:4180} INFO - Setting next_dagrun for tutorial to 2024-11-07 00:00:00+00:00, run_after=2024-11-08 00:00:00+00:00
[2024-11-08T14:38:34.476+0000] {processor.py:208} INFO - Processing /home/airflow/.local/lib/python3.12/site-packages/airflow/example_dags/tutorial.py took 0.265 seconds
[2024-11-08T14:39:04.770+0000] {processor.py:186} INFO - Started process (PID=942) to work on /home/airflow/.local/lib/python3.12/site-packages/airflow/example_dags/tutorial.py
[2024-11-08T14:39:04.771+0000] {processor.py:914} INFO - Processing file /home/airflow/.local/lib/python3.12/site-packages/airflow/example_dags/tutorial.py for tasks to queue
[2024-11-08T14:39:04.775+0000] {logging_mixin.py:190} INFO - [2024-11-08T14:39:04.774+0000] {dagbag.py:588} INFO - Filling up the DagBag from /home/airflow/.local/lib/python3.12/site-packages/airflow/example_dags/tutorial.py
[2024-11-08T14:39:04.784+0000] {processor.py:925} INFO - DAG(s) 'tutorial' retrieved from /home/airflow/.local/lib/python3.12/site-packages/airflow/example_dags/tutorial.py
[2024-11-08T14:39:04.805+0000] {logging_mixin.py:190} INFO - [2024-11-08T14:39:04.805+0000] {dag.py:3239} INFO - Sync 1 DAGs
[2024-11-08T14:39:04.831+0000] {logging_mixin.py:190} INFO - [2024-11-08T14:39:04.831+0000] {dag.py:4180} INFO - Setting next_dagrun for tutorial to 2024-11-07 00:00:00+00:00, run_after=2024-11-08 00:00:00+00:00
[2024-11-08T14:39:04.868+0000] {processor.py:208} INFO - Processing /home/airflow/.local/lib/python3.12/site-packages/airflow/example_dags/tutorial.py took 0.104 seconds
[2024-11-08T14:39:35.797+0000] {processor.py:186} INFO - Started process (PID=1005) to work on /home/airflow/.local/lib/python3.12/site-packages/airflow/example_dags/tutorial.py
[2024-11-08T14:39:35.798+0000] {processor.py:914} INFO - Processing file /home/airflow/.local/lib/python3.12/site-packages/airflow/example_dags/tutorial.py for tasks to queue
[2024-11-08T14:39:35.801+0000] {logging_mixin.py:190} INFO - [2024-11-08T14:39:35.801+0000] {dagbag.py:588} INFO - Filling up the DagBag from /home/airflow/.local/lib/python3.12/site-packages/airflow/example_dags/tutorial.py
[2024-11-08T14:39:35.812+0000] {processor.py:925} INFO - DAG(s) 'tutorial' retrieved from /home/airflow/.local/lib/python3.12/site-packages/airflow/example_dags/tutorial.py
[2024-11-08T14:39:35.835+0000] {logging_mixin.py:190} INFO - [2024-11-08T14:39:35.835+0000] {dag.py:3239} INFO - Sync 1 DAGs
[2024-11-08T14:39:35.862+0000] {logging_mixin.py:190} INFO - [2024-11-08T14:39:35.862+0000] {dag.py:4180} INFO - Setting next_dagrun for tutorial to 2024-11-07 00:00:00+00:00, run_after=2024-11-08 00:00:00+00:00
[2024-11-08T14:39:36.051+0000] {processor.py:208} INFO - Processing /home/airflow/.local/lib/python3.12/site-packages/airflow/example_dags/tutorial.py took 0.265 seconds
[2024-11-08T14:40:06.734+0000] {processor.py:186} INFO - Started process (PID=1068) to work on /home/airflow/.local/lib/python3.12/site-packages/airflow/example_dags/tutorial.py
[2024-11-08T14:40:06.735+0000] {processor.py:914} INFO - Processing file /home/airflow/.local/lib/python3.12/site-packages/airflow/example_dags/tutorial.py for tasks to queue
[2024-11-08T14:40:06.738+0000] {logging_mixin.py:190} INFO - [2024-11-08T14:40:06.737+0000] {dagbag.py:588} INFO - Filling up the DagBag from /home/airflow/.local/lib/python3.12/site-packages/airflow/example_dags/tutorial.py
[2024-11-08T14:40:06.746+0000] {processor.py:925} INFO - DAG(s) 'tutorial' retrieved from /home/airflow/.local/lib/python3.12/site-packages/airflow/example_dags/tutorial.py
[2024-11-08T14:40:06.765+0000] {logging_mixin.py:190} INFO - [2024-11-08T14:40:06.765+0000] {dag.py:3239} INFO - Sync 1 DAGs
[2024-11-08T14:40:06.791+0000] {logging_mixin.py:190} INFO - [2024-11-08T14:40:06.791+0000] {dag.py:4180} INFO - Setting next_dagrun for tutorial to 2024-11-07 00:00:00+00:00, run_after=2024-11-08 00:00:00+00:00
[2024-11-08T14:40:07.050+0000] {processor.py:208} INFO - Processing /home/airflow/.local/lib/python3.12/site-packages/airflow/example_dags/tutorial.py took 0.323 seconds
[2024-11-08T14:40:37.189+0000] {processor.py:186} INFO - Started process (PID=1130) to work on /home/airflow/.local/lib/python3.12/site-packages/airflow/example_dags/tutorial.py
[2024-11-08T14:40:37.191+0000] {processor.py:914} INFO - Processing file /home/airflow/.local/lib/python3.12/site-packages/airflow/example_dags/tutorial.py for tasks to queue
[2024-11-08T14:40:37.193+0000] {logging_mixin.py:190} INFO - [2024-11-08T14:40:37.192+0000] {dagbag.py:588} INFO - Filling up the DagBag from /home/airflow/.local/lib/python3.12/site-packages/airflow/example_dags/tutorial.py
[2024-11-08T14:40:37.201+0000] {processor.py:925} INFO - DAG(s) 'tutorial' retrieved from /home/airflow/.local/lib/python3.12/site-packages/airflow/example_dags/tutorial.py
[2024-11-08T14:40:37.220+0000] {logging_mixin.py:190} INFO - [2024-11-08T14:40:37.220+0000] {dag.py:3239} INFO - Sync 1 DAGs
[2024-11-08T14:40:37.242+0000] {logging_mixin.py:190} INFO - [2024-11-08T14:40:37.242+0000] {dag.py:4180} INFO - Setting next_dagrun for tutorial to 2024-11-07 00:00:00+00:00, run_after=2024-11-08 00:00:00+00:00
[2024-11-08T14:40:37.452+0000] {processor.py:208} INFO - Processing /home/airflow/.local/lib/python3.12/site-packages/airflow/example_dags/tutorial.py took 0.268 seconds
[2024-11-08T14:41:07.592+0000] {processor.py:186} INFO - Started process (PID=1193) to work on /home/airflow/.local/lib/python3.12/site-packages/airflow/example_dags/tutorial.py
[2024-11-08T14:41:07.593+0000] {processor.py:914} INFO - Processing file /home/airflow/.local/lib/python3.12/site-packages/airflow/example_dags/tutorial.py for tasks to queue
[2024-11-08T14:41:07.595+0000] {logging_mixin.py:190} INFO - [2024-11-08T14:41:07.595+0000] {dagbag.py:588} INFO - Filling up the DagBag from /home/airflow/.local/lib/python3.12/site-packages/airflow/example_dags/tutorial.py
[2024-11-08T14:41:07.604+0000] {processor.py:925} INFO - DAG(s) 'tutorial' retrieved from /home/airflow/.local/lib/python3.12/site-packages/airflow/example_dags/tutorial.py
[2024-11-08T14:41:07.623+0000] {logging_mixin.py:190} INFO - [2024-11-08T14:41:07.623+0000] {dag.py:3239} INFO - Sync 1 DAGs
[2024-11-08T14:41:07.645+0000] {logging_mixin.py:190} INFO - [2024-11-08T14:41:07.644+0000] {dag.py:4180} INFO - Setting next_dagrun for tutorial to 2024-11-07 00:00:00+00:00, run_after=2024-11-08 00:00:00+00:00
[2024-11-08T14:41:07.914+0000] {processor.py:208} INFO - Processing /home/airflow/.local/lib/python3.12/site-packages/airflow/example_dags/tutorial.py took 0.328 seconds
[2024-11-08T14:41:38.326+0000] {processor.py:186} INFO - Started process (PID=1256) to work on /home/airflow/.local/lib/python3.12/site-packages/airflow/example_dags/tutorial.py
[2024-11-08T14:41:38.327+0000] {processor.py:914} INFO - Processing file /home/airflow/.local/lib/python3.12/site-packages/airflow/example_dags/tutorial.py for tasks to queue
[2024-11-08T14:41:38.332+0000] {logging_mixin.py:190} INFO - [2024-11-08T14:41:38.329+0000] {dagbag.py:588} INFO - Filling up the DagBag from /home/airflow/.local/lib/python3.12/site-packages/airflow/example_dags/tutorial.py
[2024-11-08T14:41:38.343+0000] {processor.py:925} INFO - DAG(s) 'tutorial' retrieved from /home/airflow/.local/lib/python3.12/site-packages/airflow/example_dags/tutorial.py
[2024-11-08T14:41:38.370+0000] {logging_mixin.py:190} INFO - [2024-11-08T14:41:38.369+0000] {dag.py:3239} INFO - Sync 1 DAGs
[2024-11-08T14:41:38.402+0000] {logging_mixin.py:190} INFO - [2024-11-08T14:41:38.402+0000] {dag.py:4180} INFO - Setting next_dagrun for tutorial to 2024-11-07 00:00:00+00:00, run_after=2024-11-08 00:00:00+00:00
[2024-11-08T14:41:38.480+0000] {processor.py:208} INFO - Processing /home/airflow/.local/lib/python3.12/site-packages/airflow/example_dags/tutorial.py took 0.161 seconds
[2024-11-08T14:42:09.208+0000] {processor.py:186} INFO - Started process (PID=1319) to work on /home/airflow/.local/lib/python3.12/site-packages/airflow/example_dags/tutorial.py
[2024-11-08T14:42:09.210+0000] {processor.py:914} INFO - Processing file /home/airflow/.local/lib/python3.12/site-packages/airflow/example_dags/tutorial.py for tasks to queue
[2024-11-08T14:42:09.213+0000] {logging_mixin.py:190} INFO - [2024-11-08T14:42:09.213+0000] {dagbag.py:588} INFO - Filling up the DagBag from /home/airflow/.local/lib/python3.12/site-packages/airflow/example_dags/tutorial.py
[2024-11-08T14:42:09.222+0000] {processor.py:925} INFO - DAG(s) 'tutorial' retrieved from /home/airflow/.local/lib/python3.12/site-packages/airflow/example_dags/tutorial.py
[2024-11-08T14:42:09.242+0000] {logging_mixin.py:190} INFO - [2024-11-08T14:42:09.242+0000] {dag.py:3239} INFO - Sync 1 DAGs
[2024-11-08T14:42:09.269+0000] {logging_mixin.py:190} INFO - [2024-11-08T14:42:09.268+0000] {dag.py:4180} INFO - Setting next_dagrun for tutorial to 2024-11-07 00:00:00+00:00, run_after=2024-11-08 00:00:00+00:00
[2024-11-08T14:42:09.307+0000] {processor.py:208} INFO - Processing /home/airflow/.local/lib/python3.12/site-packages/airflow/example_dags/tutorial.py took 0.106 seconds
[2024-11-08T14:42:39.626+0000] {processor.py:186} INFO - Started process (PID=1382) to work on /home/airflow/.local/lib/python3.12/site-packages/airflow/example_dags/tutorial.py
[2024-11-08T14:42:39.627+0000] {processor.py:914} INFO - Processing file /home/airflow/.local/lib/python3.12/site-packages/airflow/example_dags/tutorial.py for tasks to queue
[2024-11-08T14:42:39.629+0000] {logging_mixin.py:190} INFO - [2024-11-08T14:42:39.629+0000] {dagbag.py:588} INFO - Filling up the DagBag from /home/airflow/.local/lib/python3.12/site-packages/airflow/example_dags/tutorial.py
[2024-11-08T14:42:39.637+0000] {processor.py:925} INFO - DAG(s) 'tutorial' retrieved from /home/airflow/.local/lib/python3.12/site-packages/airflow/example_dags/tutorial.py
[2024-11-08T14:42:39.658+0000] {logging_mixin.py:190} INFO - [2024-11-08T14:42:39.657+0000] {dag.py:3239} INFO - Sync 1 DAGs
[2024-11-08T14:42:39.682+0000] {logging_mixin.py:190} INFO - [2024-11-08T14:42:39.682+0000] {dag.py:4180} INFO - Setting next_dagrun for tutorial to 2024-11-07 00:00:00+00:00, run_after=2024-11-08 00:00:00+00:00
[2024-11-08T14:42:39.738+0000] {processor.py:208} INFO - Processing /home/airflow/.local/lib/python3.12/site-packages/airflow/example_dags/tutorial.py took 0.118 seconds
[2024-11-08T14:43:10.194+0000] {processor.py:186} INFO - Started process (PID=1445) to work on /home/airflow/.local/lib/python3.12/site-packages/airflow/example_dags/tutorial.py
[2024-11-08T14:43:10.195+0000] {processor.py:914} INFO - Processing file /home/airflow/.local/lib/python3.12/site-packages/airflow/example_dags/tutorial.py for tasks to queue
[2024-11-08T14:43:10.197+0000] {logging_mixin.py:190} INFO - [2024-11-08T14:43:10.197+0000] {dagbag.py:588} INFO - Filling up the DagBag from /home/airflow/.local/lib/python3.12/site-packages/airflow/example_dags/tutorial.py
[2024-11-08T14:43:10.205+0000] {processor.py:925} INFO - DAG(s) 'tutorial' retrieved from /home/airflow/.local/lib/python3.12/site-packages/airflow/example_dags/tutorial.py
[2024-11-08T14:43:10.224+0000] {logging_mixin.py:190} INFO - [2024-11-08T14:43:10.223+0000] {dag.py:3239} INFO - Sync 1 DAGs
[2024-11-08T14:43:10.245+0000] {logging_mixin.py:190} INFO - [2024-11-08T14:43:10.245+0000] {dag.py:4180} INFO - Setting next_dagrun for tutorial to 2024-11-07 00:00:00+00:00, run_after=2024-11-08 00:00:00+00:00
[2024-11-08T14:43:10.271+0000] {processor.py:208} INFO - Processing /home/airflow/.local/lib/python3.12/site-packages/airflow/example_dags/tutorial.py took 0.083 seconds
[2024-11-08T14:43:41.183+0000] {processor.py:186} INFO - Started process (PID=1508) to work on /home/airflow/.local/lib/python3.12/site-packages/airflow/example_dags/tutorial.py
[2024-11-08T14:43:41.184+0000] {processor.py:914} INFO - Processing file /home/airflow/.local/lib/python3.12/site-packages/airflow/example_dags/tutorial.py for tasks to queue
[2024-11-08T14:43:41.187+0000] {logging_mixin.py:190} INFO - [2024-11-08T14:43:41.187+0000] {dagbag.py:588} INFO - Filling up the DagBag from /home/airflow/.local/lib/python3.12/site-packages/airflow/example_dags/tutorial.py
[2024-11-08T14:43:41.198+0000] {processor.py:925} INFO - DAG(s) 'tutorial' retrieved from /home/airflow/.local/lib/python3.12/site-packages/airflow/example_dags/tutorial.py
[2024-11-08T14:43:41.219+0000] {logging_mixin.py:190} INFO - [2024-11-08T14:43:41.219+0000] {dag.py:3239} INFO - Sync 1 DAGs
[2024-11-08T14:43:41.246+0000] {logging_mixin.py:190} INFO - [2024-11-08T14:43:41.245+0000] {dag.py:4180} INFO - Setting next_dagrun for tutorial to 2024-11-07 00:00:00+00:00, run_after=2024-11-08 00:00:00+00:00
[2024-11-08T14:43:41.269+0000] {processor.py:208} INFO - Processing /home/airflow/.local/lib/python3.12/site-packages/airflow/example_dags/tutorial.py took 0.092 seconds
[2024-11-08T14:44:11.783+0000] {processor.py:186} INFO - Started process (PID=1571) to work on /home/airflow/.local/lib/python3.12/site-packages/airflow/example_dags/tutorial.py
[2024-11-08T14:44:11.785+0000] {processor.py:914} INFO - Processing file /home/airflow/.local/lib/python3.12/site-packages/airflow/example_dags/tutorial.py for tasks to queue
[2024-11-08T14:44:11.787+0000] {logging_mixin.py:190} INFO - [2024-11-08T14:44:11.787+0000] {dagbag.py:588} INFO - Filling up the DagBag from /home/airflow/.local/lib/python3.12/site-packages/airflow/example_dags/tutorial.py
[2024-11-08T14:44:11.795+0000] {processor.py:925} INFO - DAG(s) 'tutorial' retrieved from /home/airflow/.local/lib/python3.12/site-packages/airflow/example_dags/tutorial.py
[2024-11-08T14:44:11.815+0000] {logging_mixin.py:190} INFO - [2024-11-08T14:44:11.814+0000] {dag.py:3239} INFO - Sync 1 DAGs
[2024-11-08T14:44:11.840+0000] {logging_mixin.py:190} INFO - [2024-11-08T14:44:11.840+0000] {dag.py:4180} INFO - Setting next_dagrun for tutorial to 2024-11-07 00:00:00+00:00, run_after=2024-11-08 00:00:00+00:00
[2024-11-08T14:44:11.864+0000] {processor.py:208} INFO - Processing /home/airflow/.local/lib/python3.12/site-packages/airflow/example_dags/tutorial.py took 0.087 seconds
[2024-11-08T14:44:42.547+0000] {processor.py:186} INFO - Started process (PID=1634) to work on /home/airflow/.local/lib/python3.12/site-packages/airflow/example_dags/tutorial.py
[2024-11-08T14:44:42.548+0000] {processor.py:914} INFO - Processing file /home/airflow/.local/lib/python3.12/site-packages/airflow/example_dags/tutorial.py for tasks to queue
[2024-11-08T14:44:42.551+0000] {logging_mixin.py:190} INFO - [2024-11-08T14:44:42.550+0000] {dagbag.py:588} INFO - Filling up the DagBag from /home/airflow/.local/lib/python3.12/site-packages/airflow/example_dags/tutorial.py
[2024-11-08T14:44:42.560+0000] {processor.py:925} INFO - DAG(s) 'tutorial' retrieved from /home/airflow/.local/lib/python3.12/site-packages/airflow/example_dags/tutorial.py
[2024-11-08T14:44:42.582+0000] {logging_mixin.py:190} INFO - [2024-11-08T14:44:42.581+0000] {dag.py:3239} INFO - Sync 1 DAGs
[2024-11-08T14:44:42.606+0000] {logging_mixin.py:190} INFO - [2024-11-08T14:44:42.606+0000] {dag.py:4180} INFO - Setting next_dagrun for tutorial to 2024-11-07 00:00:00+00:00, run_after=2024-11-08 00:00:00+00:00
[2024-11-08T14:44:42.630+0000] {processor.py:208} INFO - Processing /home/airflow/.local/lib/python3.12/site-packages/airflow/example_dags/tutorial.py took 0.089 seconds
[2024-11-08T14:45:14.715+0000] {processor.py:186} INFO - Started process (PID=1697) to work on /home/airflow/.local/lib/python3.12/site-packages/airflow/example_dags/tutorial.py
[2024-11-08T14:45:14.716+0000] {processor.py:914} INFO - Processing file /home/airflow/.local/lib/python3.12/site-packages/airflow/example_dags/tutorial.py for tasks to queue
[2024-11-08T14:45:14.719+0000] {logging_mixin.py:190} INFO - [2024-11-08T14:45:14.718+0000] {dagbag.py:588} INFO - Filling up the DagBag from /home/airflow/.local/lib/python3.12/site-packages/airflow/example_dags/tutorial.py
[2024-11-08T14:45:14.731+0000] {processor.py:925} INFO - DAG(s) 'tutorial' retrieved from /home/airflow/.local/lib/python3.12/site-packages/airflow/example_dags/tutorial.py
[2024-11-08T14:45:14.760+0000] {logging_mixin.py:190} INFO - [2024-11-08T14:45:14.759+0000] {dag.py:3239} INFO - Sync 1 DAGs
[2024-11-08T14:45:14.807+0000] {logging_mixin.py:190} INFO - [2024-11-08T14:45:14.807+0000] {dag.py:4180} INFO - Setting next_dagrun for tutorial to 2024-11-07 00:00:00+00:00, run_after=2024-11-08 00:00:00+00:00
[2024-11-08T14:45:14.930+0000] {processor.py:208} INFO - Processing /home/airflow/.local/lib/python3.12/site-packages/airflow/example_dags/tutorial.py took 0.222 seconds
[2024-11-08T14:45:45.438+0000] {processor.py:186} INFO - Started process (PID=1759) to work on /home/airflow/.local/lib/python3.12/site-packages/airflow/example_dags/tutorial.py
[2024-11-08T14:45:45.439+0000] {processor.py:914} INFO - Processing file /home/airflow/.local/lib/python3.12/site-packages/airflow/example_dags/tutorial.py for tasks to queue
[2024-11-08T14:45:45.441+0000] {logging_mixin.py:190} INFO - [2024-11-08T14:45:45.441+0000] {dagbag.py:588} INFO - Filling up the DagBag from /home/airflow/.local/lib/python3.12/site-packages/airflow/example_dags/tutorial.py
[2024-11-08T14:45:45.450+0000] {processor.py:925} INFO - DAG(s) 'tutorial' retrieved from /home/airflow/.local/lib/python3.12/site-packages/airflow/example_dags/tutorial.py
[2024-11-08T14:45:45.471+0000] {logging_mixin.py:190} INFO - [2024-11-08T14:45:45.471+0000] {dag.py:3239} INFO - Sync 1 DAGs
[2024-11-08T14:45:45.496+0000] {logging_mixin.py:190} INFO - [2024-11-08T14:45:45.495+0000] {dag.py:4180} INFO - Setting next_dagrun for tutorial to 2024-11-07 00:00:00+00:00, run_after=2024-11-08 00:00:00+00:00
[2024-11-08T14:45:45.668+0000] {processor.py:208} INFO - Processing /home/airflow/.local/lib/python3.12/site-packages/airflow/example_dags/tutorial.py took 0.237 seconds
[2024-11-08T14:46:16.283+0000] {processor.py:186} INFO - Started process (PID=1822) to work on /home/airflow/.local/lib/python3.12/site-packages/airflow/example_dags/tutorial.py
[2024-11-08T14:46:16.284+0000] {processor.py:914} INFO - Processing file /home/airflow/.local/lib/python3.12/site-packages/airflow/example_dags/tutorial.py for tasks to queue
[2024-11-08T14:46:16.286+0000] {logging_mixin.py:190} INFO - [2024-11-08T14:46:16.286+0000] {dagbag.py:588} INFO - Filling up the DagBag from /home/airflow/.local/lib/python3.12/site-packages/airflow/example_dags/tutorial.py
[2024-11-08T14:46:16.294+0000] {processor.py:925} INFO - DAG(s) 'tutorial' retrieved from /home/airflow/.local/lib/python3.12/site-packages/airflow/example_dags/tutorial.py
[2024-11-08T14:46:16.314+0000] {logging_mixin.py:190} INFO - [2024-11-08T14:46:16.314+0000] {dag.py:3239} INFO - Sync 1 DAGs
[2024-11-08T14:46:16.338+0000] {logging_mixin.py:190} INFO - [2024-11-08T14:46:16.338+0000] {dag.py:4180} INFO - Setting next_dagrun for tutorial to 2024-11-07 00:00:00+00:00, run_after=2024-11-08 00:00:00+00:00
[2024-11-08T14:46:16.390+0000] {processor.py:208} INFO - Processing /home/airflow/.local/lib/python3.12/site-packages/airflow/example_dags/tutorial.py took 0.113 seconds
[2024-11-08T14:46:47.290+0000] {processor.py:186} INFO - Started process (PID=1885) to work on /home/airflow/.local/lib/python3.12/site-packages/airflow/example_dags/tutorial.py
[2024-11-08T14:46:47.291+0000] {processor.py:914} INFO - Processing file /home/airflow/.local/lib/python3.12/site-packages/airflow/example_dags/tutorial.py for tasks to queue
[2024-11-08T14:46:47.293+0000] {logging_mixin.py:190} INFO - [2024-11-08T14:46:47.293+0000] {dagbag.py:588} INFO - Filling up the DagBag from /home/airflow/.local/lib/python3.12/site-packages/airflow/example_dags/tutorial.py
[2024-11-08T14:46:47.301+0000] {processor.py:925} INFO - DAG(s) 'tutorial' retrieved from /home/airflow/.local/lib/python3.12/site-packages/airflow/example_dags/tutorial.py
[2024-11-08T14:46:47.321+0000] {logging_mixin.py:190} INFO - [2024-11-08T14:46:47.321+0000] {dag.py:3239} INFO - Sync 1 DAGs
[2024-11-08T14:46:47.346+0000] {logging_mixin.py:190} INFO - [2024-11-08T14:46:47.346+0000] {dag.py:4180} INFO - Setting next_dagrun for tutorial to 2024-11-07 00:00:00+00:00, run_after=2024-11-08 00:00:00+00:00
[2024-11-08T14:46:47.387+0000] {processor.py:208} INFO - Processing /home/airflow/.local/lib/python3.12/site-packages/airflow/example_dags/tutorial.py took 0.103 seconds
[2024-11-08T14:47:18.535+0000] {processor.py:186} INFO - Started process (PID=1949) to work on /home/airflow/.local/lib/python3.12/site-packages/airflow/example_dags/tutorial.py
[2024-11-08T14:47:18.536+0000] {processor.py:914} INFO - Processing file /home/airflow/.local/lib/python3.12/site-packages/airflow/example_dags/tutorial.py for tasks to queue
[2024-11-08T14:47:18.539+0000] {logging_mixin.py:190} INFO - [2024-11-08T14:47:18.539+0000] {dagbag.py:588} INFO - Filling up the DagBag from /home/airflow/.local/lib/python3.12/site-packages/airflow/example_dags/tutorial.py
[2024-11-08T14:47:18.547+0000] {processor.py:925} INFO - DAG(s) 'tutorial' retrieved from /home/airflow/.local/lib/python3.12/site-packages/airflow/example_dags/tutorial.py
[2024-11-08T14:47:18.569+0000] {logging_mixin.py:190} INFO - [2024-11-08T14:47:18.568+0000] {dag.py:3239} INFO - Sync 1 DAGs
[2024-11-08T14:47:18.592+0000] {logging_mixin.py:190} INFO - [2024-11-08T14:47:18.592+0000] {dag.py:4180} INFO - Setting next_dagrun for tutorial to 2024-11-07 00:00:00+00:00, run_after=2024-11-08 00:00:00+00:00
[2024-11-08T14:47:19.080+0000] {processor.py:208} INFO - Processing /home/airflow/.local/lib/python3.12/site-packages/airflow/example_dags/tutorial.py took 0.551 seconds
[2024-11-08T14:47:51.510+0000] {processor.py:186} INFO - Started process (PID=2013) to work on /home/airflow/.local/lib/python3.12/site-packages/airflow/example_dags/tutorial.py
[2024-11-08T14:47:51.511+0000] {processor.py:914} INFO - Processing file /home/airflow/.local/lib/python3.12/site-packages/airflow/example_dags/tutorial.py for tasks to queue
[2024-11-08T14:47:51.514+0000] {logging_mixin.py:190} INFO - [2024-11-08T14:47:51.513+0000] {dagbag.py:588} INFO - Filling up the DagBag from /home/airflow/.local/lib/python3.12/site-packages/airflow/example_dags/tutorial.py
[2024-11-08T14:47:51.523+0000] {processor.py:925} INFO - DAG(s) 'tutorial' retrieved from /home/airflow/.local/lib/python3.12/site-packages/airflow/example_dags/tutorial.py
[2024-11-08T14:47:51.545+0000] {logging_mixin.py:190} INFO - [2024-11-08T14:47:51.544+0000] {dag.py:3239} INFO - Sync 1 DAGs
[2024-11-08T14:47:51.570+0000] {logging_mixin.py:190} INFO - [2024-11-08T14:47:51.570+0000] {dag.py:4180} INFO - Setting next_dagrun for tutorial to 2024-11-07 00:00:00+00:00, run_after=2024-11-08 00:00:00+00:00
[2024-11-08T14:47:51.779+0000] {processor.py:208} INFO - Processing /home/airflow/.local/lib/python3.12/site-packages/airflow/example_dags/tutorial.py took 0.280 seconds
[2024-11-08T14:48:23.351+0000] {processor.py:186} INFO - Started process (PID=2078) to work on /home/airflow/.local/lib/python3.12/site-packages/airflow/example_dags/tutorial.py
[2024-11-08T14:48:23.352+0000] {processor.py:914} INFO - Processing file /home/airflow/.local/lib/python3.12/site-packages/airflow/example_dags/tutorial.py for tasks to queue
[2024-11-08T14:48:23.355+0000] {logging_mixin.py:190} INFO - [2024-11-08T14:48:23.354+0000] {dagbag.py:588} INFO - Filling up the DagBag from /home/airflow/.local/lib/python3.12/site-packages/airflow/example_dags/tutorial.py
[2024-11-08T14:48:23.363+0000] {processor.py:925} INFO - DAG(s) 'tutorial' retrieved from /home/airflow/.local/lib/python3.12/site-packages/airflow/example_dags/tutorial.py
[2024-11-08T14:48:23.383+0000] {logging_mixin.py:190} INFO - [2024-11-08T14:48:23.383+0000] {dag.py:3239} INFO - Sync 1 DAGs
[2024-11-08T14:48:23.407+0000] {logging_mixin.py:190} INFO - [2024-11-08T14:48:23.406+0000] {dag.py:4180} INFO - Setting next_dagrun for tutorial to 2024-11-07 00:00:00+00:00, run_after=2024-11-08 00:00:00+00:00
[2024-11-08T14:48:23.435+0000] {processor.py:208} INFO - Processing /home/airflow/.local/lib/python3.12/site-packages/airflow/example_dags/tutorial.py took 0.091 seconds
[2024-11-08T14:48:54.207+0000] {processor.py:186} INFO - Started process (PID=2141) to work on /home/airflow/.local/lib/python3.12/site-packages/airflow/example_dags/tutorial.py
[2024-11-08T14:48:54.208+0000] {processor.py:914} INFO - Processing file /home/airflow/.local/lib/python3.12/site-packages/airflow/example_dags/tutorial.py for tasks to queue
[2024-11-08T14:48:54.210+0000] {logging_mixin.py:190} INFO - [2024-11-08T14:48:54.210+0000] {dagbag.py:588} INFO - Filling up the DagBag from /home/airflow/.local/lib/python3.12/site-packages/airflow/example_dags/tutorial.py
[2024-11-08T14:48:54.219+0000] {processor.py:925} INFO - DAG(s) 'tutorial' retrieved from /home/airflow/.local/lib/python3.12/site-packages/airflow/example_dags/tutorial.py
[2024-11-08T14:48:54.241+0000] {logging_mixin.py:190} INFO - [2024-11-08T14:48:54.241+0000] {dag.py:3239} INFO - Sync 1 DAGs
[2024-11-08T14:48:54.263+0000] {logging_mixin.py:190} INFO - [2024-11-08T14:48:54.263+0000] {dag.py:4180} INFO - Setting next_dagrun for tutorial to 2024-11-07 00:00:00+00:00, run_after=2024-11-08 00:00:00+00:00
[2024-11-08T14:48:54.339+0000] {processor.py:208} INFO - Processing /home/airflow/.local/lib/python3.12/site-packages/airflow/example_dags/tutorial.py took 0.139 seconds
[2024-11-08T14:49:26.001+0000] {processor.py:186} INFO - Started process (PID=2206) to work on /home/airflow/.local/lib/python3.12/site-packages/airflow/example_dags/tutorial.py
[2024-11-08T14:49:26.002+0000] {processor.py:914} INFO - Processing file /home/airflow/.local/lib/python3.12/site-packages/airflow/example_dags/tutorial.py for tasks to queue
[2024-11-08T14:49:26.004+0000] {logging_mixin.py:190} INFO - [2024-11-08T14:49:26.004+0000] {dagbag.py:588} INFO - Filling up the DagBag from /home/airflow/.local/lib/python3.12/site-packages/airflow/example_dags/tutorial.py
[2024-11-08T14:49:26.014+0000] {processor.py:925} INFO - DAG(s) 'tutorial' retrieved from /home/airflow/.local/lib/python3.12/site-packages/airflow/example_dags/tutorial.py
[2024-11-08T14:49:26.037+0000] {logging_mixin.py:190} INFO - [2024-11-08T14:49:26.036+0000] {dag.py:3239} INFO - Sync 1 DAGs
[2024-11-08T14:49:26.066+0000] {logging_mixin.py:190} INFO - [2024-11-08T14:49:26.066+0000] {dag.py:4180} INFO - Setting next_dagrun for tutorial to 2024-11-07 00:00:00+00:00, run_after=2024-11-08 00:00:00+00:00
[2024-11-08T14:49:26.101+0000] {processor.py:208} INFO - Processing /home/airflow/.local/lib/python3.12/site-packages/airflow/example_dags/tutorial.py took 0.108 seconds
[2024-11-08T14:49:57.831+0000] {processor.py:186} INFO - Started process (PID=2277) to work on /home/airflow/.local/lib/python3.12/site-packages/airflow/example_dags/tutorial.py
[2024-11-08T14:49:57.833+0000] {processor.py:914} INFO - Processing file /home/airflow/.local/lib/python3.12/site-packages/airflow/example_dags/tutorial.py for tasks to queue
[2024-11-08T14:49:57.836+0000] {logging_mixin.py:190} INFO - [2024-11-08T14:49:57.836+0000] {dagbag.py:588} INFO - Filling up the DagBag from /home/airflow/.local/lib/python3.12/site-packages/airflow/example_dags/tutorial.py
[2024-11-08T14:49:57.847+0000] {processor.py:925} INFO - DAG(s) 'tutorial' retrieved from /home/airflow/.local/lib/python3.12/site-packages/airflow/example_dags/tutorial.py
[2024-11-08T14:49:57.884+0000] {logging_mixin.py:190} INFO - [2024-11-08T14:49:57.884+0000] {dag.py:3239} INFO - Sync 1 DAGs
[2024-11-08T14:49:57.914+0000] {logging_mixin.py:190} INFO - [2024-11-08T14:49:57.914+0000] {dag.py:4180} INFO - Setting next_dagrun for tutorial to 2024-11-07 00:00:00+00:00, run_after=2024-11-08 00:00:00+00:00
[2024-11-08T14:49:57.939+0000] {processor.py:208} INFO - Processing /home/airflow/.local/lib/python3.12/site-packages/airflow/example_dags/tutorial.py took 0.118 seconds
[2024-11-08T14:50:28.714+0000] {processor.py:186} INFO - Started process (PID=2339) to work on /home/airflow/.local/lib/python3.12/site-packages/airflow/example_dags/tutorial.py
[2024-11-08T14:50:28.715+0000] {processor.py:914} INFO - Processing file /home/airflow/.local/lib/python3.12/site-packages/airflow/example_dags/tutorial.py for tasks to queue
[2024-11-08T14:50:28.718+0000] {logging_mixin.py:190} INFO - [2024-11-08T14:50:28.717+0000] {dagbag.py:588} INFO - Filling up the DagBag from /home/airflow/.local/lib/python3.12/site-packages/airflow/example_dags/tutorial.py
[2024-11-08T14:50:28.726+0000] {processor.py:925} INFO - DAG(s) 'tutorial' retrieved from /home/airflow/.local/lib/python3.12/site-packages/airflow/example_dags/tutorial.py
[2024-11-08T14:50:28.756+0000] {logging_mixin.py:190} INFO - [2024-11-08T14:50:28.755+0000] {dag.py:3239} INFO - Sync 1 DAGs
[2024-11-08T14:50:28.781+0000] {logging_mixin.py:190} INFO - [2024-11-08T14:50:28.781+0000] {dag.py:4180} INFO - Setting next_dagrun for tutorial to 2024-11-07 00:00:00+00:00, run_after=2024-11-08 00:00:00+00:00
[2024-11-08T14:50:28.952+0000] {processor.py:208} INFO - Processing /home/airflow/.local/lib/python3.12/site-packages/airflow/example_dags/tutorial.py took 0.244 seconds
[2024-11-08T14:50:59.779+0000] {processor.py:186} INFO - Started process (PID=2402) to work on /home/airflow/.local/lib/python3.12/site-packages/airflow/example_dags/tutorial.py
[2024-11-08T14:50:59.781+0000] {processor.py:914} INFO - Processing file /home/airflow/.local/lib/python3.12/site-packages/airflow/example_dags/tutorial.py for tasks to queue
[2024-11-08T14:50:59.784+0000] {logging_mixin.py:190} INFO - [2024-11-08T14:50:59.783+0000] {dagbag.py:588} INFO - Filling up the DagBag from /home/airflow/.local/lib/python3.12/site-packages/airflow/example_dags/tutorial.py
[2024-11-08T14:50:59.795+0000] {processor.py:925} INFO - DAG(s) 'tutorial' retrieved from /home/airflow/.local/lib/python3.12/site-packages/airflow/example_dags/tutorial.py
[2024-11-08T14:50:59.816+0000] {logging_mixin.py:190} INFO - [2024-11-08T14:50:59.816+0000] {dag.py:3239} INFO - Sync 1 DAGs
[2024-11-08T14:50:59.856+0000] {logging_mixin.py:190} INFO - [2024-11-08T14:50:59.856+0000] {dag.py:4180} INFO - Setting next_dagrun for tutorial to 2024-11-07 00:00:00+00:00, run_after=2024-11-08 00:00:00+00:00
[2024-11-08T14:50:59.895+0000] {processor.py:208} INFO - Processing /home/airflow/.local/lib/python3.12/site-packages/airflow/example_dags/tutorial.py took 0.123 seconds
[2024-11-08T14:51:32.276+0000] {processor.py:186} INFO - Started process (PID=2468) to work on /home/airflow/.local/lib/python3.12/site-packages/airflow/example_dags/tutorial.py
[2024-11-08T14:51:32.278+0000] {processor.py:914} INFO - Processing file /home/airflow/.local/lib/python3.12/site-packages/airflow/example_dags/tutorial.py for tasks to queue
[2024-11-08T14:51:32.280+0000] {logging_mixin.py:190} INFO - [2024-11-08T14:51:32.280+0000] {dagbag.py:588} INFO - Filling up the DagBag from /home/airflow/.local/lib/python3.12/site-packages/airflow/example_dags/tutorial.py
[2024-11-08T14:51:32.288+0000] {processor.py:925} INFO - DAG(s) 'tutorial' retrieved from /home/airflow/.local/lib/python3.12/site-packages/airflow/example_dags/tutorial.py
[2024-11-08T14:51:32.311+0000] {logging_mixin.py:190} INFO - [2024-11-08T14:51:32.311+0000] {dag.py:3239} INFO - Sync 1 DAGs
[2024-11-08T14:51:32.337+0000] {logging_mixin.py:190} INFO - [2024-11-08T14:51:32.337+0000] {dag.py:4180} INFO - Setting next_dagrun for tutorial to 2024-11-07 00:00:00+00:00, run_after=2024-11-08 00:00:00+00:00
[2024-11-08T14:51:32.439+0000] {processor.py:208} INFO - Processing /home/airflow/.local/lib/python3.12/site-packages/airflow/example_dags/tutorial.py took 0.168 seconds
[2024-11-08T14:52:03.465+0000] {processor.py:186} INFO - Started process (PID=2531) to work on /home/airflow/.local/lib/python3.12/site-packages/airflow/example_dags/tutorial.py
[2024-11-08T14:52:03.466+0000] {processor.py:914} INFO - Processing file /home/airflow/.local/lib/python3.12/site-packages/airflow/example_dags/tutorial.py for tasks to queue
[2024-11-08T14:52:03.469+0000] {logging_mixin.py:190} INFO - [2024-11-08T14:52:03.468+0000] {dagbag.py:588} INFO - Filling up the DagBag from /home/airflow/.local/lib/python3.12/site-packages/airflow/example_dags/tutorial.py
[2024-11-08T14:52:03.479+0000] {processor.py:925} INFO - DAG(s) 'tutorial' retrieved from /home/airflow/.local/lib/python3.12/site-packages/airflow/example_dags/tutorial.py
[2024-11-08T14:52:03.498+0000] {logging_mixin.py:190} INFO - [2024-11-08T14:52:03.498+0000] {dag.py:3239} INFO - Sync 1 DAGs
[2024-11-08T14:52:03.526+0000] {logging_mixin.py:190} INFO - [2024-11-08T14:52:03.526+0000] {dag.py:4180} INFO - Setting next_dagrun for tutorial to 2024-11-07 00:00:00+00:00, run_after=2024-11-08 00:00:00+00:00
[2024-11-08T14:52:03.669+0000] {processor.py:208} INFO - Processing /home/airflow/.local/lib/python3.12/site-packages/airflow/example_dags/tutorial.py took 0.211 seconds
[2024-11-08T14:52:38.060+0000] {processor.py:186} INFO - Started process (PID=2598) to work on /home/airflow/.local/lib/python3.12/site-packages/airflow/example_dags/tutorial.py
[2024-11-08T14:52:38.062+0000] {processor.py:914} INFO - Processing file /home/airflow/.local/lib/python3.12/site-packages/airflow/example_dags/tutorial.py for tasks to queue
[2024-11-08T14:52:38.065+0000] {logging_mixin.py:190} INFO - [2024-11-08T14:52:38.065+0000] {dagbag.py:588} INFO - Filling up the DagBag from /home/airflow/.local/lib/python3.12/site-packages/airflow/example_dags/tutorial.py
[2024-11-08T14:52:38.076+0000] {processor.py:925} INFO - DAG(s) 'tutorial' retrieved from /home/airflow/.local/lib/python3.12/site-packages/airflow/example_dags/tutorial.py
[2024-11-08T14:52:38.109+0000] {logging_mixin.py:190} INFO - [2024-11-08T14:52:38.108+0000] {dag.py:3239} INFO - Sync 1 DAGs
[2024-11-08T14:52:38.159+0000] {logging_mixin.py:190} INFO - [2024-11-08T14:52:38.158+0000] {dag.py:4180} INFO - Setting next_dagrun for tutorial to 2024-11-07 00:00:00+00:00, run_after=2024-11-08 00:00:00+00:00
[2024-11-08T14:52:38.209+0000] {processor.py:208} INFO - Processing /home/airflow/.local/lib/python3.12/site-packages/airflow/example_dags/tutorial.py took 0.156 seconds
[2024-11-08T14:53:09.179+0000] {processor.py:186} INFO - Started process (PID=2661) to work on /home/airflow/.local/lib/python3.12/site-packages/airflow/example_dags/tutorial.py
[2024-11-08T14:53:09.180+0000] {processor.py:914} INFO - Processing file /home/airflow/.local/lib/python3.12/site-packages/airflow/example_dags/tutorial.py for tasks to queue
[2024-11-08T14:53:09.185+0000] {logging_mixin.py:190} INFO - [2024-11-08T14:53:09.184+0000] {dagbag.py:588} INFO - Filling up the DagBag from /home/airflow/.local/lib/python3.12/site-packages/airflow/example_dags/tutorial.py
[2024-11-08T14:53:09.194+0000] {processor.py:925} INFO - DAG(s) 'tutorial' retrieved from /home/airflow/.local/lib/python3.12/site-packages/airflow/example_dags/tutorial.py
[2024-11-08T14:53:09.215+0000] {logging_mixin.py:190} INFO - [2024-11-08T14:53:09.214+0000] {dag.py:3239} INFO - Sync 1 DAGs
[2024-11-08T14:53:09.240+0000] {logging_mixin.py:190} INFO - [2024-11-08T14:53:09.240+0000] {dag.py:4180} INFO - Setting next_dagrun for tutorial to 2024-11-07 00:00:00+00:00, run_after=2024-11-08 00:00:00+00:00
[2024-11-08T14:53:09.586+0000] {processor.py:208} INFO - Processing /home/airflow/.local/lib/python3.12/site-packages/airflow/example_dags/tutorial.py took 0.414 seconds
[2024-11-08T14:53:40.498+0000] {processor.py:186} INFO - Started process (PID=2724) to work on /home/airflow/.local/lib/python3.12/site-packages/airflow/example_dags/tutorial.py
[2024-11-08T14:53:40.500+0000] {processor.py:914} INFO - Processing file /home/airflow/.local/lib/python3.12/site-packages/airflow/example_dags/tutorial.py for tasks to queue
[2024-11-08T14:53:40.503+0000] {logging_mixin.py:190} INFO - [2024-11-08T14:53:40.502+0000] {dagbag.py:588} INFO - Filling up the DagBag from /home/airflow/.local/lib/python3.12/site-packages/airflow/example_dags/tutorial.py
[2024-11-08T14:53:40.510+0000] {processor.py:925} INFO - DAG(s) 'tutorial' retrieved from /home/airflow/.local/lib/python3.12/site-packages/airflow/example_dags/tutorial.py
[2024-11-08T14:53:40.530+0000] {logging_mixin.py:190} INFO - [2024-11-08T14:53:40.530+0000] {dag.py:3239} INFO - Sync 1 DAGs
[2024-11-08T14:53:40.554+0000] {logging_mixin.py:190} INFO - [2024-11-08T14:53:40.554+0000] {dag.py:4180} INFO - Setting next_dagrun for tutorial to 2024-11-07 00:00:00+00:00, run_after=2024-11-08 00:00:00+00:00
[2024-11-08T14:53:40.628+0000] {processor.py:208} INFO - Processing /home/airflow/.local/lib/python3.12/site-packages/airflow/example_dags/tutorial.py took 0.135 seconds
[2024-11-08T14:54:11.814+0000] {processor.py:186} INFO - Started process (PID=2787) to work on /home/airflow/.local/lib/python3.12/site-packages/airflow/example_dags/tutorial.py
[2024-11-08T14:54:11.815+0000] {processor.py:914} INFO - Processing file /home/airflow/.local/lib/python3.12/site-packages/airflow/example_dags/tutorial.py for tasks to queue
[2024-11-08T14:54:11.819+0000] {logging_mixin.py:190} INFO - [2024-11-08T14:54:11.818+0000] {dagbag.py:588} INFO - Filling up the DagBag from /home/airflow/.local/lib/python3.12/site-packages/airflow/example_dags/tutorial.py
[2024-11-08T14:54:11.827+0000] {processor.py:925} INFO - DAG(s) 'tutorial' retrieved from /home/airflow/.local/lib/python3.12/site-packages/airflow/example_dags/tutorial.py
[2024-11-08T14:54:11.846+0000] {logging_mixin.py:190} INFO - [2024-11-08T14:54:11.846+0000] {dag.py:3239} INFO - Sync 1 DAGs
[2024-11-08T14:54:11.871+0000] {logging_mixin.py:190} INFO - [2024-11-08T14:54:11.871+0000] {dag.py:4180} INFO - Setting next_dagrun for tutorial to 2024-11-07 00:00:00+00:00, run_after=2024-11-08 00:00:00+00:00
[2024-11-08T14:54:12.228+0000] {processor.py:208} INFO - Processing /home/airflow/.local/lib/python3.12/site-packages/airflow/example_dags/tutorial.py took 0.420 seconds
[2024-11-08T14:54:43.975+0000] {processor.py:186} INFO - Started process (PID=2855) to work on /home/airflow/.local/lib/python3.12/site-packages/airflow/example_dags/tutorial.py
[2024-11-08T14:54:43.976+0000] {processor.py:914} INFO - Processing file /home/airflow/.local/lib/python3.12/site-packages/airflow/example_dags/tutorial.py for tasks to queue
[2024-11-08T14:54:43.978+0000] {logging_mixin.py:190} INFO - [2024-11-08T14:54:43.978+0000] {dagbag.py:588} INFO - Filling up the DagBag from /home/airflow/.local/lib/python3.12/site-packages/airflow/example_dags/tutorial.py
[2024-11-08T14:54:43.992+0000] {processor.py:925} INFO - DAG(s) 'tutorial' retrieved from /home/airflow/.local/lib/python3.12/site-packages/airflow/example_dags/tutorial.py
[2024-11-08T14:54:44.019+0000] {logging_mixin.py:190} INFO - [2024-11-08T14:54:44.018+0000] {dag.py:3239} INFO - Sync 1 DAGs
[2024-11-08T14:54:44.054+0000] {logging_mixin.py:190} INFO - [2024-11-08T14:54:44.054+0000] {dag.py:4180} INFO - Setting next_dagrun for tutorial to 2024-11-07 00:00:00+00:00, run_after=2024-11-08 00:00:00+00:00
[2024-11-08T14:54:44.088+0000] {processor.py:208} INFO - Processing /home/airflow/.local/lib/python3.12/site-packages/airflow/example_dags/tutorial.py took 0.120 seconds
[2024-11-08T14:55:16.266+0000] {processor.py:186} INFO - Started process (PID=2923) to work on /home/airflow/.local/lib/python3.12/site-packages/airflow/example_dags/tutorial.py
[2024-11-08T14:55:16.267+0000] {processor.py:914} INFO - Processing file /home/airflow/.local/lib/python3.12/site-packages/airflow/example_dags/tutorial.py for tasks to queue
[2024-11-08T14:55:16.270+0000] {logging_mixin.py:190} INFO - [2024-11-08T14:55:16.269+0000] {dagbag.py:588} INFO - Filling up the DagBag from /home/airflow/.local/lib/python3.12/site-packages/airflow/example_dags/tutorial.py
[2024-11-08T14:55:16.279+0000] {processor.py:925} INFO - DAG(s) 'tutorial' retrieved from /home/airflow/.local/lib/python3.12/site-packages/airflow/example_dags/tutorial.py
[2024-11-08T14:55:16.302+0000] {logging_mixin.py:190} INFO - [2024-11-08T14:55:16.301+0000] {dag.py:3239} INFO - Sync 1 DAGs
[2024-11-08T14:55:16.330+0000] {logging_mixin.py:190} INFO - [2024-11-08T14:55:16.330+0000] {dag.py:4180} INFO - Setting next_dagrun for tutorial to 2024-11-07 00:00:00+00:00, run_after=2024-11-08 00:00:00+00:00
[2024-11-08T14:55:16.357+0000] {processor.py:208} INFO - Processing /home/airflow/.local/lib/python3.12/site-packages/airflow/example_dags/tutorial.py took 0.097 seconds
[2024-11-08T14:55:49.135+0000] {processor.py:186} INFO - Started process (PID=2986) to work on /home/airflow/.local/lib/python3.12/site-packages/airflow/example_dags/tutorial.py
[2024-11-08T14:55:49.136+0000] {processor.py:914} INFO - Processing file /home/airflow/.local/lib/python3.12/site-packages/airflow/example_dags/tutorial.py for tasks to queue
[2024-11-08T14:55:49.139+0000] {logging_mixin.py:190} INFO - [2024-11-08T14:55:49.139+0000] {dagbag.py:588} INFO - Filling up the DagBag from /home/airflow/.local/lib/python3.12/site-packages/airflow/example_dags/tutorial.py
[2024-11-08T14:55:49.150+0000] {processor.py:925} INFO - DAG(s) 'tutorial' retrieved from /home/airflow/.local/lib/python3.12/site-packages/airflow/example_dags/tutorial.py
[2024-11-08T14:55:49.176+0000] {logging_mixin.py:190} INFO - [2024-11-08T14:55:49.175+0000] {dag.py:3239} INFO - Sync 1 DAGs
[2024-11-08T14:55:49.415+0000] {logging_mixin.py:190} INFO - [2024-11-08T14:55:49.415+0000] {dag.py:4180} INFO - Setting next_dagrun for tutorial to 2024-11-07 00:00:00+00:00, run_after=2024-11-08 00:00:00+00:00
[2024-11-08T14:55:49.445+0000] {processor.py:208} INFO - Processing /home/airflow/.local/lib/python3.12/site-packages/airflow/example_dags/tutorial.py took 0.317 seconds
[2024-11-08T14:56:20.078+0000] {processor.py:186} INFO - Started process (PID=3049) to work on /home/airflow/.local/lib/python3.12/site-packages/airflow/example_dags/tutorial.py
[2024-11-08T14:56:20.080+0000] {processor.py:914} INFO - Processing file /home/airflow/.local/lib/python3.12/site-packages/airflow/example_dags/tutorial.py for tasks to queue
[2024-11-08T14:56:20.084+0000] {logging_mixin.py:190} INFO - [2024-11-08T14:56:20.083+0000] {dagbag.py:588} INFO - Filling up the DagBag from /home/airflow/.local/lib/python3.12/site-packages/airflow/example_dags/tutorial.py
[2024-11-08T14:56:20.095+0000] {processor.py:925} INFO - DAG(s) 'tutorial' retrieved from /home/airflow/.local/lib/python3.12/site-packages/airflow/example_dags/tutorial.py
[2024-11-08T14:56:20.139+0000] {logging_mixin.py:190} INFO - [2024-11-08T14:56:20.139+0000] {dag.py:3239} INFO - Sync 1 DAGs
[2024-11-08T14:56:20.245+0000] {logging_mixin.py:190} INFO - [2024-11-08T14:56:20.244+0000] {dag.py:4180} INFO - Setting next_dagrun for tutorial to 2024-11-07 00:00:00+00:00, run_after=2024-11-08 00:00:00+00:00
[2024-11-08T14:56:20.638+0000] {processor.py:208} INFO - Processing /home/airflow/.local/lib/python3.12/site-packages/airflow/example_dags/tutorial.py took 0.570 seconds
[2024-11-08T14:56:50.923+0000] {processor.py:186} INFO - Started process (PID=3112) to work on /home/airflow/.local/lib/python3.12/site-packages/airflow/example_dags/tutorial.py
[2024-11-08T14:56:50.928+0000] {processor.py:914} INFO - Processing file /home/airflow/.local/lib/python3.12/site-packages/airflow/example_dags/tutorial.py for tasks to queue
[2024-11-08T14:56:50.931+0000] {logging_mixin.py:190} INFO - [2024-11-08T14:56:50.930+0000] {dagbag.py:588} INFO - Filling up the DagBag from /home/airflow/.local/lib/python3.12/site-packages/airflow/example_dags/tutorial.py
[2024-11-08T14:56:50.939+0000] {processor.py:925} INFO - DAG(s) 'tutorial' retrieved from /home/airflow/.local/lib/python3.12/site-packages/airflow/example_dags/tutorial.py
[2024-11-08T14:56:50.971+0000] {logging_mixin.py:190} INFO - [2024-11-08T14:56:50.971+0000] {dag.py:3239} INFO - Sync 1 DAGs
[2024-11-08T14:56:51.006+0000] {logging_mixin.py:190} INFO - [2024-11-08T14:56:51.005+0000] {dag.py:4180} INFO - Setting next_dagrun for tutorial to 2024-11-07 00:00:00+00:00, run_after=2024-11-08 00:00:00+00:00
[2024-11-08T14:56:51.047+0000] {processor.py:208} INFO - Processing /home/airflow/.local/lib/python3.12/site-packages/airflow/example_dags/tutorial.py took 0.133 seconds
[2024-11-08T14:57:23.167+0000] {processor.py:186} INFO - Started process (PID=3175) to work on /home/airflow/.local/lib/python3.12/site-packages/airflow/example_dags/tutorial.py
[2024-11-08T14:57:23.170+0000] {processor.py:914} INFO - Processing file /home/airflow/.local/lib/python3.12/site-packages/airflow/example_dags/tutorial.py for tasks to queue
[2024-11-08T14:57:23.178+0000] {logging_mixin.py:190} INFO - [2024-11-08T14:57:23.177+0000] {dagbag.py:588} INFO - Filling up the DagBag from /home/airflow/.local/lib/python3.12/site-packages/airflow/example_dags/tutorial.py
[2024-11-08T14:57:23.505+0000] {processor.py:925} INFO - DAG(s) 'tutorial' retrieved from /home/airflow/.local/lib/python3.12/site-packages/airflow/example_dags/tutorial.py
[2024-11-08T14:57:23.551+0000] {logging_mixin.py:190} INFO - [2024-11-08T14:57:23.551+0000] {dag.py:3239} INFO - Sync 1 DAGs
[2024-11-08T14:57:23.585+0000] {logging_mixin.py:190} INFO - [2024-11-08T14:57:23.584+0000] {dag.py:4180} INFO - Setting next_dagrun for tutorial to 2024-11-07 00:00:00+00:00, run_after=2024-11-08 00:00:00+00:00
[2024-11-08T14:57:23.816+0000] {processor.py:208} INFO - Processing /home/airflow/.local/lib/python3.12/site-packages/airflow/example_dags/tutorial.py took 0.664 seconds
[2024-11-08T14:57:54.620+0000] {processor.py:186} INFO - Started process (PID=3240) to work on /home/airflow/.local/lib/python3.12/site-packages/airflow/example_dags/tutorial.py
[2024-11-08T14:57:54.622+0000] {processor.py:914} INFO - Processing file /home/airflow/.local/lib/python3.12/site-packages/airflow/example_dags/tutorial.py for tasks to queue
[2024-11-08T14:57:54.624+0000] {logging_mixin.py:190} INFO - [2024-11-08T14:57:54.624+0000] {dagbag.py:588} INFO - Filling up the DagBag from /home/airflow/.local/lib/python3.12/site-packages/airflow/example_dags/tutorial.py
[2024-11-08T14:57:54.632+0000] {processor.py:925} INFO - DAG(s) 'tutorial' retrieved from /home/airflow/.local/lib/python3.12/site-packages/airflow/example_dags/tutorial.py
[2024-11-08T14:57:54.653+0000] {logging_mixin.py:190} INFO - [2024-11-08T14:57:54.653+0000] {dag.py:3239} INFO - Sync 1 DAGs
[2024-11-08T14:57:54.676+0000] {logging_mixin.py:190} INFO - [2024-11-08T14:57:54.676+0000] {dag.py:4180} INFO - Setting next_dagrun for tutorial to 2024-11-07 00:00:00+00:00, run_after=2024-11-08 00:00:00+00:00
[2024-11-08T14:57:54.759+0000] {processor.py:208} INFO - Processing /home/airflow/.local/lib/python3.12/site-packages/airflow/example_dags/tutorial.py took 0.144 seconds
[2024-11-08T14:58:25.503+0000] {processor.py:186} INFO - Started process (PID=3305) to work on /home/airflow/.local/lib/python3.12/site-packages/airflow/example_dags/tutorial.py
[2024-11-08T14:58:25.504+0000] {processor.py:914} INFO - Processing file /home/airflow/.local/lib/python3.12/site-packages/airflow/example_dags/tutorial.py for tasks to queue
[2024-11-08T14:58:25.507+0000] {logging_mixin.py:190} INFO - [2024-11-08T14:58:25.507+0000] {dagbag.py:588} INFO - Filling up the DagBag from /home/airflow/.local/lib/python3.12/site-packages/airflow/example_dags/tutorial.py
[2024-11-08T14:58:25.515+0000] {processor.py:925} INFO - DAG(s) 'tutorial' retrieved from /home/airflow/.local/lib/python3.12/site-packages/airflow/example_dags/tutorial.py
[2024-11-08T14:58:25.537+0000] {logging_mixin.py:190} INFO - [2024-11-08T14:58:25.537+0000] {dag.py:3239} INFO - Sync 1 DAGs
[2024-11-08T14:58:25.560+0000] {logging_mixin.py:190} INFO - [2024-11-08T14:58:25.560+0000] {dag.py:4180} INFO - Setting next_dagrun for tutorial to 2024-11-07 00:00:00+00:00, run_after=2024-11-08 00:00:00+00:00
[2024-11-08T14:58:25.627+0000] {processor.py:208} INFO - Processing /home/airflow/.local/lib/python3.12/site-packages/airflow/example_dags/tutorial.py took 0.130 seconds
[2024-11-08T14:58:55.877+0000] {processor.py:186} INFO - Started process (PID=3368) to work on /home/airflow/.local/lib/python3.12/site-packages/airflow/example_dags/tutorial.py
[2024-11-08T14:58:55.878+0000] {processor.py:914} INFO - Processing file /home/airflow/.local/lib/python3.12/site-packages/airflow/example_dags/tutorial.py for tasks to queue
[2024-11-08T14:58:55.881+0000] {logging_mixin.py:190} INFO - [2024-11-08T14:58:55.880+0000] {dagbag.py:588} INFO - Filling up the DagBag from /home/airflow/.local/lib/python3.12/site-packages/airflow/example_dags/tutorial.py
[2024-11-08T14:58:55.889+0000] {processor.py:925} INFO - DAG(s) 'tutorial' retrieved from /home/airflow/.local/lib/python3.12/site-packages/airflow/example_dags/tutorial.py
[2024-11-08T14:58:55.909+0000] {logging_mixin.py:190} INFO - [2024-11-08T14:58:55.909+0000] {dag.py:3239} INFO - Sync 1 DAGs
[2024-11-08T14:58:55.933+0000] {logging_mixin.py:190} INFO - [2024-11-08T14:58:55.933+0000] {dag.py:4180} INFO - Setting next_dagrun for tutorial to 2024-11-07 00:00:00+00:00, run_after=2024-11-08 00:00:00+00:00
[2024-11-08T14:58:55.957+0000] {processor.py:208} INFO - Processing /home/airflow/.local/lib/python3.12/site-packages/airflow/example_dags/tutorial.py took 0.086 seconds
[2024-11-08T14:59:26.465+0000] {processor.py:186} INFO - Started process (PID=3431) to work on /home/airflow/.local/lib/python3.12/site-packages/airflow/example_dags/tutorial.py
[2024-11-08T14:59:26.466+0000] {processor.py:914} INFO - Processing file /home/airflow/.local/lib/python3.12/site-packages/airflow/example_dags/tutorial.py for tasks to queue
[2024-11-08T14:59:26.469+0000] {logging_mixin.py:190} INFO - [2024-11-08T14:59:26.468+0000] {dagbag.py:588} INFO - Filling up the DagBag from /home/airflow/.local/lib/python3.12/site-packages/airflow/example_dags/tutorial.py
[2024-11-08T14:59:26.477+0000] {processor.py:925} INFO - DAG(s) 'tutorial' retrieved from /home/airflow/.local/lib/python3.12/site-packages/airflow/example_dags/tutorial.py
[2024-11-08T14:59:26.496+0000] {logging_mixin.py:190} INFO - [2024-11-08T14:59:26.496+0000] {dag.py:3239} INFO - Sync 1 DAGs
[2024-11-08T14:59:26.518+0000] {logging_mixin.py:190} INFO - [2024-11-08T14:59:26.518+0000] {dag.py:4180} INFO - Setting next_dagrun for tutorial to 2024-11-07 00:00:00+00:00, run_after=2024-11-08 00:00:00+00:00
[2024-11-08T14:59:26.550+0000] {processor.py:208} INFO - Processing /home/airflow/.local/lib/python3.12/site-packages/airflow/example_dags/tutorial.py took 0.090 seconds
[2024-11-08T14:59:56.980+0000] {processor.py:186} INFO - Started process (PID=3494) to work on /home/airflow/.local/lib/python3.12/site-packages/airflow/example_dags/tutorial.py
[2024-11-08T14:59:56.981+0000] {processor.py:914} INFO - Processing file /home/airflow/.local/lib/python3.12/site-packages/airflow/example_dags/tutorial.py for tasks to queue
[2024-11-08T14:59:56.984+0000] {logging_mixin.py:190} INFO - [2024-11-08T14:59:56.983+0000] {dagbag.py:588} INFO - Filling up the DagBag from /home/airflow/.local/lib/python3.12/site-packages/airflow/example_dags/tutorial.py
[2024-11-08T14:59:56.991+0000] {processor.py:925} INFO - DAG(s) 'tutorial' retrieved from /home/airflow/.local/lib/python3.12/site-packages/airflow/example_dags/tutorial.py
[2024-11-08T14:59:57.009+0000] {logging_mixin.py:190} INFO - [2024-11-08T14:59:57.009+0000] {dag.py:3239} INFO - Sync 1 DAGs
[2024-11-08T14:59:57.035+0000] {logging_mixin.py:190} INFO - [2024-11-08T14:59:57.034+0000] {dag.py:4180} INFO - Setting next_dagrun for tutorial to 2024-11-07 00:00:00+00:00, run_after=2024-11-08 00:00:00+00:00
[2024-11-08T14:59:57.055+0000] {processor.py:208} INFO - Processing /home/airflow/.local/lib/python3.12/site-packages/airflow/example_dags/tutorial.py took 0.080 seconds
[2024-11-08T15:00:28.034+0000] {processor.py:186} INFO - Started process (PID=3557) to work on /home/airflow/.local/lib/python3.12/site-packages/airflow/example_dags/tutorial.py
[2024-11-08T15:00:28.035+0000] {processor.py:914} INFO - Processing file /home/airflow/.local/lib/python3.12/site-packages/airflow/example_dags/tutorial.py for tasks to queue
[2024-11-08T15:00:28.038+0000] {logging_mixin.py:190} INFO - [2024-11-08T15:00:28.037+0000] {dagbag.py:588} INFO - Filling up the DagBag from /home/airflow/.local/lib/python3.12/site-packages/airflow/example_dags/tutorial.py
[2024-11-08T15:00:28.046+0000] {processor.py:925} INFO - DAG(s) 'tutorial' retrieved from /home/airflow/.local/lib/python3.12/site-packages/airflow/example_dags/tutorial.py
[2024-11-08T15:00:28.064+0000] {logging_mixin.py:190} INFO - [2024-11-08T15:00:28.064+0000] {dag.py:3239} INFO - Sync 1 DAGs
[2024-11-08T15:00:28.088+0000] {logging_mixin.py:190} INFO - [2024-11-08T15:00:28.088+0000] {dag.py:4180} INFO - Setting next_dagrun for tutorial to 2024-11-07 00:00:00+00:00, run_after=2024-11-08 00:00:00+00:00
[2024-11-08T15:00:28.123+0000] {processor.py:208} INFO - Processing /home/airflow/.local/lib/python3.12/site-packages/airflow/example_dags/tutorial.py took 0.098 seconds
[2024-11-08T15:00:58.636+0000] {processor.py:186} INFO - Started process (PID=3625) to work on /home/airflow/.local/lib/python3.12/site-packages/airflow/example_dags/tutorial.py
[2024-11-08T15:00:58.637+0000] {processor.py:914} INFO - Processing file /home/airflow/.local/lib/python3.12/site-packages/airflow/example_dags/tutorial.py for tasks to queue
[2024-11-08T15:00:58.640+0000] {logging_mixin.py:190} INFO - [2024-11-08T15:00:58.639+0000] {dagbag.py:588} INFO - Filling up the DagBag from /home/airflow/.local/lib/python3.12/site-packages/airflow/example_dags/tutorial.py
[2024-11-08T15:00:58.648+0000] {processor.py:925} INFO - DAG(s) 'tutorial' retrieved from /home/airflow/.local/lib/python3.12/site-packages/airflow/example_dags/tutorial.py
[2024-11-08T15:00:58.668+0000] {logging_mixin.py:190} INFO - [2024-11-08T15:00:58.668+0000] {dag.py:3239} INFO - Sync 1 DAGs
[2024-11-08T15:00:58.692+0000] {logging_mixin.py:190} INFO - [2024-11-08T15:00:58.692+0000] {dag.py:4180} INFO - Setting next_dagrun for tutorial to 2024-11-07 00:00:00+00:00, run_after=2024-11-08 00:00:00+00:00
[2024-11-08T15:00:58.777+0000] {processor.py:208} INFO - Processing /home/airflow/.local/lib/python3.12/site-packages/airflow/example_dags/tutorial.py took 0.150 seconds
[2024-11-08T15:01:29.306+0000] {processor.py:186} INFO - Started process (PID=3689) to work on /home/airflow/.local/lib/python3.12/site-packages/airflow/example_dags/tutorial.py
[2024-11-08T15:01:29.308+0000] {processor.py:914} INFO - Processing file /home/airflow/.local/lib/python3.12/site-packages/airflow/example_dags/tutorial.py for tasks to queue
[2024-11-08T15:01:29.312+0000] {logging_mixin.py:190} INFO - [2024-11-08T15:01:29.311+0000] {dagbag.py:588} INFO - Filling up the DagBag from /home/airflow/.local/lib/python3.12/site-packages/airflow/example_dags/tutorial.py
[2024-11-08T15:01:29.322+0000] {processor.py:925} INFO - DAG(s) 'tutorial' retrieved from /home/airflow/.local/lib/python3.12/site-packages/airflow/example_dags/tutorial.py
[2024-11-08T15:01:29.347+0000] {logging_mixin.py:190} INFO - [2024-11-08T15:01:29.347+0000] {dag.py:3239} INFO - Sync 1 DAGs
[2024-11-08T15:01:29.374+0000] {logging_mixin.py:190} INFO - [2024-11-08T15:01:29.374+0000] {dag.py:4180} INFO - Setting next_dagrun for tutorial to 2024-11-07 00:00:00+00:00, run_after=2024-11-08 00:00:00+00:00
[2024-11-08T15:01:29.412+0000] {processor.py:208} INFO - Processing /home/airflow/.local/lib/python3.12/site-packages/airflow/example_dags/tutorial.py took 0.112 seconds
