[2024-11-09T08:52:34.159+0000] {processor.py:186} INFO - Started process (PID=77) to work on /home/airflow/.local/lib/python3.12/site-packages/airflow/example_dags/example_python_decorator.py
[2024-11-09T08:52:34.173+0000] {processor.py:914} INFO - Processing file /home/airflow/.local/lib/python3.12/site-packages/airflow/example_dags/example_python_decorator.py for tasks to queue
[2024-11-09T08:52:34.191+0000] {logging_mixin.py:190} INFO - [2024-11-09T08:52:34.191+0000] {dagbag.py:588} INFO - Filling up the DagBag from /home/airflow/.local/lib/python3.12/site-packages/airflow/example_dags/example_python_decorator.py
[2024-11-09T08:52:34.309+0000] {processor.py:925} INFO - DAG(s) 'example_python_decorator' retrieved from /home/airflow/.local/lib/python3.12/site-packages/airflow/example_dags/example_python_decorator.py
[2024-11-09T08:52:35.573+0000] {logging_mixin.py:190} INFO - [2024-11-09T08:52:35.572+0000] {dag.py:3239} INFO - Sync 1 DAGs
[2024-11-09T08:52:35.901+0000] {logging_mixin.py:190} INFO - [2024-11-09T08:52:35.901+0000] {dag.py:4180} INFO - Setting next_dagrun for example_python_decorator to None, run_after=None
[2024-11-09T08:52:36.123+0000] {processor.py:208} INFO - Processing /home/airflow/.local/lib/python3.12/site-packages/airflow/example_dags/example_python_decorator.py took 1.995 seconds
[2024-11-09T08:53:06.603+0000] {processor.py:186} INFO - Started process (PID=140) to work on /home/airflow/.local/lib/python3.12/site-packages/airflow/example_dags/example_python_decorator.py
[2024-11-09T08:53:06.605+0000] {processor.py:914} INFO - Processing file /home/airflow/.local/lib/python3.12/site-packages/airflow/example_dags/example_python_decorator.py for tasks to queue
[2024-11-09T08:53:06.608+0000] {logging_mixin.py:190} INFO - [2024-11-09T08:53:06.607+0000] {dagbag.py:588} INFO - Filling up the DagBag from /home/airflow/.local/lib/python3.12/site-packages/airflow/example_dags/example_python_decorator.py
[2024-11-09T08:53:06.628+0000] {processor.py:925} INFO - DAG(s) 'example_python_decorator' retrieved from /home/airflow/.local/lib/python3.12/site-packages/airflow/example_dags/example_python_decorator.py
[2024-11-09T08:53:06.671+0000] {logging_mixin.py:190} INFO - [2024-11-09T08:53:06.671+0000] {dag.py:3239} INFO - Sync 1 DAGs
[2024-11-09T08:53:06.690+0000] {logging_mixin.py:190} INFO - [2024-11-09T08:53:06.690+0000] {dag.py:4180} INFO - Setting next_dagrun for example_python_decorator to None, run_after=None
[2024-11-09T08:53:06.746+0000] {processor.py:208} INFO - Processing /home/airflow/.local/lib/python3.12/site-packages/airflow/example_dags/example_python_decorator.py took 0.150 seconds
[2024-11-09T08:53:37.431+0000] {processor.py:186} INFO - Started process (PID=204) to work on /home/airflow/.local/lib/python3.12/site-packages/airflow/example_dags/example_python_decorator.py
[2024-11-09T08:53:37.435+0000] {processor.py:914} INFO - Processing file /home/airflow/.local/lib/python3.12/site-packages/airflow/example_dags/example_python_decorator.py for tasks to queue
[2024-11-09T08:53:37.444+0000] {logging_mixin.py:190} INFO - [2024-11-09T08:53:37.442+0000] {dagbag.py:588} INFO - Filling up the DagBag from /home/airflow/.local/lib/python3.12/site-packages/airflow/example_dags/example_python_decorator.py
[2024-11-09T08:53:37.511+0000] {processor.py:925} INFO - DAG(s) 'example_python_decorator' retrieved from /home/airflow/.local/lib/python3.12/site-packages/airflow/example_dags/example_python_decorator.py
[2024-11-09T08:53:37.542+0000] {logging_mixin.py:190} INFO - [2024-11-09T08:53:37.541+0000] {dag.py:3239} INFO - Sync 1 DAGs
[2024-11-09T08:53:37.566+0000] {logging_mixin.py:190} INFO - [2024-11-09T08:53:37.566+0000] {dag.py:4180} INFO - Setting next_dagrun for example_python_decorator to None, run_after=None
[2024-11-09T08:53:37.601+0000] {processor.py:208} INFO - Processing /home/airflow/.local/lib/python3.12/site-packages/airflow/example_dags/example_python_decorator.py took 0.189 seconds
[2024-11-09T08:54:08.247+0000] {processor.py:186} INFO - Started process (PID=269) to work on /home/airflow/.local/lib/python3.12/site-packages/airflow/example_dags/example_python_decorator.py
[2024-11-09T08:54:08.271+0000] {processor.py:914} INFO - Processing file /home/airflow/.local/lib/python3.12/site-packages/airflow/example_dags/example_python_decorator.py for tasks to queue
[2024-11-09T08:54:08.276+0000] {logging_mixin.py:190} INFO - [2024-11-09T08:54:08.276+0000] {dagbag.py:588} INFO - Filling up the DagBag from /home/airflow/.local/lib/python3.12/site-packages/airflow/example_dags/example_python_decorator.py
[2024-11-09T08:54:08.343+0000] {processor.py:925} INFO - DAG(s) 'example_python_decorator' retrieved from /home/airflow/.local/lib/python3.12/site-packages/airflow/example_dags/example_python_decorator.py
[2024-11-09T08:54:08.416+0000] {logging_mixin.py:190} INFO - [2024-11-09T08:54:08.415+0000] {dag.py:3239} INFO - Sync 1 DAGs
[2024-11-09T08:54:08.462+0000] {logging_mixin.py:190} INFO - [2024-11-09T08:54:08.462+0000] {dag.py:4180} INFO - Setting next_dagrun for example_python_decorator to None, run_after=None
[2024-11-09T08:54:08.630+0000] {processor.py:208} INFO - Processing /home/airflow/.local/lib/python3.12/site-packages/airflow/example_dags/example_python_decorator.py took 0.391 seconds
[2024-11-09T08:54:39.012+0000] {processor.py:186} INFO - Started process (PID=333) to work on /home/airflow/.local/lib/python3.12/site-packages/airflow/example_dags/example_python_decorator.py
[2024-11-09T08:54:39.014+0000] {processor.py:914} INFO - Processing file /home/airflow/.local/lib/python3.12/site-packages/airflow/example_dags/example_python_decorator.py for tasks to queue
[2024-11-09T08:54:39.016+0000] {logging_mixin.py:190} INFO - [2024-11-09T08:54:39.016+0000] {dagbag.py:588} INFO - Filling up the DagBag from /home/airflow/.local/lib/python3.12/site-packages/airflow/example_dags/example_python_decorator.py
[2024-11-09T08:54:39.035+0000] {processor.py:925} INFO - DAG(s) 'example_python_decorator' retrieved from /home/airflow/.local/lib/python3.12/site-packages/airflow/example_dags/example_python_decorator.py
[2024-11-09T08:54:39.071+0000] {logging_mixin.py:190} INFO - [2024-11-09T08:54:39.070+0000] {dag.py:3239} INFO - Sync 1 DAGs
[2024-11-09T08:54:39.090+0000] {logging_mixin.py:190} INFO - [2024-11-09T08:54:39.090+0000] {dag.py:4180} INFO - Setting next_dagrun for example_python_decorator to None, run_after=None
[2024-11-09T08:54:39.164+0000] {processor.py:208} INFO - Processing /home/airflow/.local/lib/python3.12/site-packages/airflow/example_dags/example_python_decorator.py took 0.161 seconds
[2024-11-09T08:55:09.269+0000] {processor.py:186} INFO - Started process (PID=398) to work on /home/airflow/.local/lib/python3.12/site-packages/airflow/example_dags/example_python_decorator.py
[2024-11-09T08:55:09.271+0000] {processor.py:914} INFO - Processing file /home/airflow/.local/lib/python3.12/site-packages/airflow/example_dags/example_python_decorator.py for tasks to queue
[2024-11-09T08:55:09.274+0000] {logging_mixin.py:190} INFO - [2024-11-09T08:55:09.274+0000] {dagbag.py:588} INFO - Filling up the DagBag from /home/airflow/.local/lib/python3.12/site-packages/airflow/example_dags/example_python_decorator.py
[2024-11-09T08:55:09.296+0000] {processor.py:925} INFO - DAG(s) 'example_python_decorator' retrieved from /home/airflow/.local/lib/python3.12/site-packages/airflow/example_dags/example_python_decorator.py
[2024-11-09T08:55:09.326+0000] {logging_mixin.py:190} INFO - [2024-11-09T08:55:09.326+0000] {dag.py:3239} INFO - Sync 1 DAGs
[2024-11-09T08:55:09.346+0000] {logging_mixin.py:190} INFO - [2024-11-09T08:55:09.345+0000] {dag.py:4180} INFO - Setting next_dagrun for example_python_decorator to None, run_after=None
[2024-11-09T08:55:09.389+0000] {processor.py:208} INFO - Processing /home/airflow/.local/lib/python3.12/site-packages/airflow/example_dags/example_python_decorator.py took 0.127 seconds
[2024-11-09T08:55:40.125+0000] {processor.py:186} INFO - Started process (PID=457) to work on /home/airflow/.local/lib/python3.12/site-packages/airflow/example_dags/example_python_decorator.py
[2024-11-09T08:55:40.127+0000] {processor.py:914} INFO - Processing file /home/airflow/.local/lib/python3.12/site-packages/airflow/example_dags/example_python_decorator.py for tasks to queue
[2024-11-09T08:55:40.131+0000] {logging_mixin.py:190} INFO - [2024-11-09T08:55:40.130+0000] {dagbag.py:588} INFO - Filling up the DagBag from /home/airflow/.local/lib/python3.12/site-packages/airflow/example_dags/example_python_decorator.py
[2024-11-09T08:55:40.152+0000] {processor.py:925} INFO - DAG(s) 'example_python_decorator' retrieved from /home/airflow/.local/lib/python3.12/site-packages/airflow/example_dags/example_python_decorator.py
[2024-11-09T08:55:40.181+0000] {logging_mixin.py:190} INFO - [2024-11-09T08:55:40.180+0000] {dag.py:3239} INFO - Sync 1 DAGs
[2024-11-09T08:55:40.201+0000] {logging_mixin.py:190} INFO - [2024-11-09T08:55:40.200+0000] {dag.py:4180} INFO - Setting next_dagrun for example_python_decorator to None, run_after=None
[2024-11-09T08:55:40.245+0000] {processor.py:208} INFO - Processing /home/airflow/.local/lib/python3.12/site-packages/airflow/example_dags/example_python_decorator.py took 0.128 seconds
[2024-11-09T08:56:11.096+0000] {processor.py:186} INFO - Started process (PID=512) to work on /home/airflow/.local/lib/python3.12/site-packages/airflow/example_dags/example_python_decorator.py
[2024-11-09T08:56:11.097+0000] {processor.py:914} INFO - Processing file /home/airflow/.local/lib/python3.12/site-packages/airflow/example_dags/example_python_decorator.py for tasks to queue
[2024-11-09T08:56:11.100+0000] {logging_mixin.py:190} INFO - [2024-11-09T08:56:11.100+0000] {dagbag.py:588} INFO - Filling up the DagBag from /home/airflow/.local/lib/python3.12/site-packages/airflow/example_dags/example_python_decorator.py
[2024-11-09T08:56:11.121+0000] {processor.py:925} INFO - DAG(s) 'example_python_decorator' retrieved from /home/airflow/.local/lib/python3.12/site-packages/airflow/example_dags/example_python_decorator.py
[2024-11-09T08:56:11.150+0000] {logging_mixin.py:190} INFO - [2024-11-09T08:56:11.150+0000] {dag.py:3239} INFO - Sync 1 DAGs
[2024-11-09T08:56:11.170+0000] {logging_mixin.py:190} INFO - [2024-11-09T08:56:11.170+0000] {dag.py:4180} INFO - Setting next_dagrun for example_python_decorator to None, run_after=None
[2024-11-09T08:56:11.317+0000] {processor.py:208} INFO - Processing /home/airflow/.local/lib/python3.12/site-packages/airflow/example_dags/example_python_decorator.py took 0.229 seconds
[2024-11-09T08:56:42.837+0000] {processor.py:186} INFO - Started process (PID=576) to work on /home/airflow/.local/lib/python3.12/site-packages/airflow/example_dags/example_python_decorator.py
[2024-11-09T08:56:42.839+0000] {processor.py:914} INFO - Processing file /home/airflow/.local/lib/python3.12/site-packages/airflow/example_dags/example_python_decorator.py for tasks to queue
[2024-11-09T08:56:42.841+0000] {logging_mixin.py:190} INFO - [2024-11-09T08:56:42.841+0000] {dagbag.py:588} INFO - Filling up the DagBag from /home/airflow/.local/lib/python3.12/site-packages/airflow/example_dags/example_python_decorator.py
[2024-11-09T08:56:42.857+0000] {processor.py:925} INFO - DAG(s) 'example_python_decorator' retrieved from /home/airflow/.local/lib/python3.12/site-packages/airflow/example_dags/example_python_decorator.py
[2024-11-09T08:56:42.880+0000] {logging_mixin.py:190} INFO - [2024-11-09T08:56:42.880+0000] {dag.py:3239} INFO - Sync 1 DAGs
[2024-11-09T08:56:42.895+0000] {logging_mixin.py:190} INFO - [2024-11-09T08:56:42.895+0000] {dag.py:4180} INFO - Setting next_dagrun for example_python_decorator to None, run_after=None
[2024-11-09T08:56:43.076+0000] {processor.py:208} INFO - Processing /home/airflow/.local/lib/python3.12/site-packages/airflow/example_dags/example_python_decorator.py took 0.245 seconds
[2024-11-09T08:57:14.085+0000] {processor.py:186} INFO - Started process (PID=637) to work on /home/airflow/.local/lib/python3.12/site-packages/airflow/example_dags/example_python_decorator.py
[2024-11-09T08:57:14.087+0000] {processor.py:914} INFO - Processing file /home/airflow/.local/lib/python3.12/site-packages/airflow/example_dags/example_python_decorator.py for tasks to queue
[2024-11-09T08:57:14.094+0000] {logging_mixin.py:190} INFO - [2024-11-09T08:57:14.093+0000] {dagbag.py:588} INFO - Filling up the DagBag from /home/airflow/.local/lib/python3.12/site-packages/airflow/example_dags/example_python_decorator.py
[2024-11-09T08:57:14.133+0000] {processor.py:925} INFO - DAG(s) 'example_python_decorator' retrieved from /home/airflow/.local/lib/python3.12/site-packages/airflow/example_dags/example_python_decorator.py
[2024-11-09T08:57:14.191+0000] {logging_mixin.py:190} INFO - [2024-11-09T08:57:14.190+0000] {dag.py:3239} INFO - Sync 1 DAGs
[2024-11-09T08:57:14.224+0000] {logging_mixin.py:190} INFO - [2024-11-09T08:57:14.224+0000] {dag.py:4180} INFO - Setting next_dagrun for example_python_decorator to None, run_after=None
[2024-11-09T08:57:14.263+0000] {processor.py:208} INFO - Processing /home/airflow/.local/lib/python3.12/site-packages/airflow/example_dags/example_python_decorator.py took 0.193 seconds
[2024-11-09T08:57:45.652+0000] {processor.py:186} INFO - Started process (PID=701) to work on /home/airflow/.local/lib/python3.12/site-packages/airflow/example_dags/example_python_decorator.py
[2024-11-09T08:57:45.654+0000] {processor.py:914} INFO - Processing file /home/airflow/.local/lib/python3.12/site-packages/airflow/example_dags/example_python_decorator.py for tasks to queue
[2024-11-09T08:57:45.659+0000] {logging_mixin.py:190} INFO - [2024-11-09T08:57:45.658+0000] {dagbag.py:588} INFO - Filling up the DagBag from /home/airflow/.local/lib/python3.12/site-packages/airflow/example_dags/example_python_decorator.py
[2024-11-09T08:57:45.695+0000] {processor.py:925} INFO - DAG(s) 'example_python_decorator' retrieved from /home/airflow/.local/lib/python3.12/site-packages/airflow/example_dags/example_python_decorator.py
[2024-11-09T08:57:45.728+0000] {logging_mixin.py:190} INFO - [2024-11-09T08:57:45.728+0000] {dag.py:3239} INFO - Sync 1 DAGs
[2024-11-09T08:57:45.749+0000] {logging_mixin.py:190} INFO - [2024-11-09T08:57:45.749+0000] {dag.py:4180} INFO - Setting next_dagrun for example_python_decorator to None, run_after=None
[2024-11-09T08:57:45.787+0000] {processor.py:208} INFO - Processing /home/airflow/.local/lib/python3.12/site-packages/airflow/example_dags/example_python_decorator.py took 0.156 seconds
[2024-11-09T08:58:16.190+0000] {processor.py:186} INFO - Started process (PID=764) to work on /home/airflow/.local/lib/python3.12/site-packages/airflow/example_dags/example_python_decorator.py
[2024-11-09T08:58:16.191+0000] {processor.py:914} INFO - Processing file /home/airflow/.local/lib/python3.12/site-packages/airflow/example_dags/example_python_decorator.py for tasks to queue
[2024-11-09T08:58:16.196+0000] {logging_mixin.py:190} INFO - [2024-11-09T08:58:16.195+0000] {dagbag.py:588} INFO - Filling up the DagBag from /home/airflow/.local/lib/python3.12/site-packages/airflow/example_dags/example_python_decorator.py
[2024-11-09T08:58:16.228+0000] {processor.py:925} INFO - DAG(s) 'example_python_decorator' retrieved from /home/airflow/.local/lib/python3.12/site-packages/airflow/example_dags/example_python_decorator.py
[2024-11-09T08:58:16.265+0000] {logging_mixin.py:190} INFO - [2024-11-09T08:58:16.265+0000] {dag.py:3239} INFO - Sync 1 DAGs
[2024-11-09T08:58:16.284+0000] {logging_mixin.py:190} INFO - [2024-11-09T08:58:16.284+0000] {dag.py:4180} INFO - Setting next_dagrun for example_python_decorator to None, run_after=None
[2024-11-09T08:58:16.476+0000] {processor.py:208} INFO - Processing /home/airflow/.local/lib/python3.12/site-packages/airflow/example_dags/example_python_decorator.py took 0.298 seconds
[2024-11-09T10:15:34.854+0000] {processor.py:186} INFO - Started process (PID=70) to work on /home/airflow/.local/lib/python3.12/site-packages/airflow/example_dags/example_python_decorator.py
[2024-11-09T10:15:34.856+0000] {processor.py:914} INFO - Processing file /home/airflow/.local/lib/python3.12/site-packages/airflow/example_dags/example_python_decorator.py for tasks to queue
[2024-11-09T10:15:34.859+0000] {logging_mixin.py:190} INFO - [2024-11-09T10:15:34.858+0000] {dagbag.py:588} INFO - Filling up the DagBag from /home/airflow/.local/lib/python3.12/site-packages/airflow/example_dags/example_python_decorator.py
[2024-11-09T10:15:34.877+0000] {processor.py:925} INFO - DAG(s) 'example_python_decorator' retrieved from /home/airflow/.local/lib/python3.12/site-packages/airflow/example_dags/example_python_decorator.py
[2024-11-09T10:15:35.218+0000] {logging_mixin.py:190} INFO - [2024-11-09T10:15:35.217+0000] {dag.py:3239} INFO - Sync 1 DAGs
[2024-11-09T10:15:35.237+0000] {logging_mixin.py:190} INFO - [2024-11-09T10:15:35.236+0000] {dag.py:4180} INFO - Setting next_dagrun for example_python_decorator to None, run_after=None
[2024-11-09T10:15:35.267+0000] {processor.py:208} INFO - Processing /home/airflow/.local/lib/python3.12/site-packages/airflow/example_dags/example_python_decorator.py took 0.420 seconds
[2024-11-09T10:16:05.762+0000] {processor.py:186} INFO - Started process (PID=135) to work on /home/airflow/.local/lib/python3.12/site-packages/airflow/example_dags/example_python_decorator.py
[2024-11-09T10:16:05.768+0000] {processor.py:914} INFO - Processing file /home/airflow/.local/lib/python3.12/site-packages/airflow/example_dags/example_python_decorator.py for tasks to queue
[2024-11-09T10:16:05.771+0000] {logging_mixin.py:190} INFO - [2024-11-09T10:16:05.771+0000] {dagbag.py:588} INFO - Filling up the DagBag from /home/airflow/.local/lib/python3.12/site-packages/airflow/example_dags/example_python_decorator.py
[2024-11-09T10:16:05.788+0000] {processor.py:925} INFO - DAG(s) 'example_python_decorator' retrieved from /home/airflow/.local/lib/python3.12/site-packages/airflow/example_dags/example_python_decorator.py
[2024-11-09T10:16:05.812+0000] {logging_mixin.py:190} INFO - [2024-11-09T10:16:05.812+0000] {dag.py:3239} INFO - Sync 1 DAGs
[2024-11-09T10:16:05.831+0000] {logging_mixin.py:190} INFO - [2024-11-09T10:16:05.830+0000] {dag.py:4180} INFO - Setting next_dagrun for example_python_decorator to None, run_after=None
[2024-11-09T10:16:05.858+0000] {processor.py:208} INFO - Processing /home/airflow/.local/lib/python3.12/site-packages/airflow/example_dags/example_python_decorator.py took 0.103 seconds
[2024-11-09T10:16:36.476+0000] {processor.py:186} INFO - Started process (PID=199) to work on /home/airflow/.local/lib/python3.12/site-packages/airflow/example_dags/example_python_decorator.py
[2024-11-09T10:16:36.477+0000] {processor.py:914} INFO - Processing file /home/airflow/.local/lib/python3.12/site-packages/airflow/example_dags/example_python_decorator.py for tasks to queue
[2024-11-09T10:16:36.480+0000] {logging_mixin.py:190} INFO - [2024-11-09T10:16:36.480+0000] {dagbag.py:588} INFO - Filling up the DagBag from /home/airflow/.local/lib/python3.12/site-packages/airflow/example_dags/example_python_decorator.py
[2024-11-09T10:16:36.501+0000] {processor.py:925} INFO - DAG(s) 'example_python_decorator' retrieved from /home/airflow/.local/lib/python3.12/site-packages/airflow/example_dags/example_python_decorator.py
[2024-11-09T10:16:36.529+0000] {logging_mixin.py:190} INFO - [2024-11-09T10:16:36.529+0000] {dag.py:3239} INFO - Sync 1 DAGs
[2024-11-09T10:16:36.550+0000] {logging_mixin.py:190} INFO - [2024-11-09T10:16:36.549+0000] {dag.py:4180} INFO - Setting next_dagrun for example_python_decorator to None, run_after=None
[2024-11-09T10:16:36.595+0000] {processor.py:208} INFO - Processing /home/airflow/.local/lib/python3.12/site-packages/airflow/example_dags/example_python_decorator.py took 0.126 seconds
[2024-11-09T10:22:37.480+0000] {processor.py:186} INFO - Started process (PID=71) to work on /home/airflow/.local/lib/python3.12/site-packages/airflow/example_dags/example_python_decorator.py
[2024-11-09T10:22:37.496+0000] {processor.py:914} INFO - Processing file /home/airflow/.local/lib/python3.12/site-packages/airflow/example_dags/example_python_decorator.py for tasks to queue
[2024-11-09T10:22:37.504+0000] {logging_mixin.py:190} INFO - [2024-11-09T10:22:37.504+0000] {dagbag.py:588} INFO - Filling up the DagBag from /home/airflow/.local/lib/python3.12/site-packages/airflow/example_dags/example_python_decorator.py
[2024-11-09T10:22:37.682+0000] {processor.py:925} INFO - DAG(s) 'example_python_decorator' retrieved from /home/airflow/.local/lib/python3.12/site-packages/airflow/example_dags/example_python_decorator.py
[2024-11-09T10:22:39.039+0000] {logging_mixin.py:190} INFO - [2024-11-09T10:22:39.039+0000] {dag.py:3239} INFO - Sync 1 DAGs
[2024-11-09T10:22:39.296+0000] {logging_mixin.py:190} INFO - [2024-11-09T10:22:39.296+0000] {dag.py:4180} INFO - Setting next_dagrun for example_python_decorator to None, run_after=None
[2024-11-09T10:22:39.514+0000] {processor.py:208} INFO - Processing /home/airflow/.local/lib/python3.12/site-packages/airflow/example_dags/example_python_decorator.py took 2.043 seconds
[2024-11-09T10:23:10.442+0000] {processor.py:186} INFO - Started process (PID=135) to work on /home/airflow/.local/lib/python3.12/site-packages/airflow/example_dags/example_python_decorator.py
[2024-11-09T10:23:10.446+0000] {processor.py:914} INFO - Processing file /home/airflow/.local/lib/python3.12/site-packages/airflow/example_dags/example_python_decorator.py for tasks to queue
[2024-11-09T10:23:10.450+0000] {logging_mixin.py:190} INFO - [2024-11-09T10:23:10.450+0000] {dagbag.py:588} INFO - Filling up the DagBag from /home/airflow/.local/lib/python3.12/site-packages/airflow/example_dags/example_python_decorator.py
[2024-11-09T10:23:10.478+0000] {processor.py:925} INFO - DAG(s) 'example_python_decorator' retrieved from /home/airflow/.local/lib/python3.12/site-packages/airflow/example_dags/example_python_decorator.py
[2024-11-09T10:23:10.561+0000] {logging_mixin.py:190} INFO - [2024-11-09T10:23:10.561+0000] {dag.py:3239} INFO - Sync 1 DAGs
[2024-11-09T10:23:10.997+0000] {logging_mixin.py:190} INFO - [2024-11-09T10:23:10.997+0000] {dag.py:4180} INFO - Setting next_dagrun for example_python_decorator to None, run_after=None
[2024-11-09T10:23:11.084+0000] {processor.py:208} INFO - Processing /home/airflow/.local/lib/python3.12/site-packages/airflow/example_dags/example_python_decorator.py took 0.667 seconds
[2024-11-09T10:23:41.170+0000] {processor.py:186} INFO - Started process (PID=199) to work on /home/airflow/.local/lib/python3.12/site-packages/airflow/example_dags/example_python_decorator.py
[2024-11-09T10:23:41.172+0000] {processor.py:914} INFO - Processing file /home/airflow/.local/lib/python3.12/site-packages/airflow/example_dags/example_python_decorator.py for tasks to queue
[2024-11-09T10:23:41.177+0000] {logging_mixin.py:190} INFO - [2024-11-09T10:23:41.176+0000] {dagbag.py:588} INFO - Filling up the DagBag from /home/airflow/.local/lib/python3.12/site-packages/airflow/example_dags/example_python_decorator.py
[2024-11-09T10:23:41.195+0000] {processor.py:925} INFO - DAG(s) 'example_python_decorator' retrieved from /home/airflow/.local/lib/python3.12/site-packages/airflow/example_dags/example_python_decorator.py
[2024-11-09T10:23:41.219+0000] {logging_mixin.py:190} INFO - [2024-11-09T10:23:41.219+0000] {dag.py:3239} INFO - Sync 1 DAGs
[2024-11-09T10:23:41.237+0000] {logging_mixin.py:190} INFO - [2024-11-09T10:23:41.237+0000] {dag.py:4180} INFO - Setting next_dagrun for example_python_decorator to None, run_after=None
[2024-11-09T10:23:41.289+0000] {processor.py:208} INFO - Processing /home/airflow/.local/lib/python3.12/site-packages/airflow/example_dags/example_python_decorator.py took 0.125 seconds
[2024-11-09T10:24:12.095+0000] {processor.py:186} INFO - Started process (PID=263) to work on /home/airflow/.local/lib/python3.12/site-packages/airflow/example_dags/example_python_decorator.py
[2024-11-09T10:24:12.096+0000] {processor.py:914} INFO - Processing file /home/airflow/.local/lib/python3.12/site-packages/airflow/example_dags/example_python_decorator.py for tasks to queue
[2024-11-09T10:24:12.099+0000] {logging_mixin.py:190} INFO - [2024-11-09T10:24:12.099+0000] {dagbag.py:588} INFO - Filling up the DagBag from /home/airflow/.local/lib/python3.12/site-packages/airflow/example_dags/example_python_decorator.py
[2024-11-09T10:24:12.120+0000] {processor.py:925} INFO - DAG(s) 'example_python_decorator' retrieved from /home/airflow/.local/lib/python3.12/site-packages/airflow/example_dags/example_python_decorator.py
[2024-11-09T10:24:12.146+0000] {logging_mixin.py:190} INFO - [2024-11-09T10:24:12.146+0000] {dag.py:3239} INFO - Sync 1 DAGs
[2024-11-09T10:24:12.164+0000] {logging_mixin.py:190} INFO - [2024-11-09T10:24:12.164+0000] {dag.py:4180} INFO - Setting next_dagrun for example_python_decorator to None, run_after=None
[2024-11-09T10:24:12.192+0000] {processor.py:208} INFO - Processing /home/airflow/.local/lib/python3.12/site-packages/airflow/example_dags/example_python_decorator.py took 0.105 seconds
[2024-11-09T10:24:42.576+0000] {processor.py:186} INFO - Started process (PID=327) to work on /home/airflow/.local/lib/python3.12/site-packages/airflow/example_dags/example_python_decorator.py
[2024-11-09T10:24:42.599+0000] {processor.py:914} INFO - Processing file /home/airflow/.local/lib/python3.12/site-packages/airflow/example_dags/example_python_decorator.py for tasks to queue
[2024-11-09T10:24:42.602+0000] {logging_mixin.py:190} INFO - [2024-11-09T10:24:42.602+0000] {dagbag.py:588} INFO - Filling up the DagBag from /home/airflow/.local/lib/python3.12/site-packages/airflow/example_dags/example_python_decorator.py
[2024-11-09T10:24:42.623+0000] {processor.py:925} INFO - DAG(s) 'example_python_decorator' retrieved from /home/airflow/.local/lib/python3.12/site-packages/airflow/example_dags/example_python_decorator.py
[2024-11-09T10:24:42.650+0000] {logging_mixin.py:190} INFO - [2024-11-09T10:24:42.650+0000] {dag.py:3239} INFO - Sync 1 DAGs
[2024-11-09T10:24:42.668+0000] {logging_mixin.py:190} INFO - [2024-11-09T10:24:42.667+0000] {dag.py:4180} INFO - Setting next_dagrun for example_python_decorator to None, run_after=None
[2024-11-09T10:24:42.781+0000] {processor.py:208} INFO - Processing /home/airflow/.local/lib/python3.12/site-packages/airflow/example_dags/example_python_decorator.py took 0.213 seconds
[2024-11-09T10:25:13.175+0000] {processor.py:186} INFO - Started process (PID=391) to work on /home/airflow/.local/lib/python3.12/site-packages/airflow/example_dags/example_python_decorator.py
[2024-11-09T10:25:13.177+0000] {processor.py:914} INFO - Processing file /home/airflow/.local/lib/python3.12/site-packages/airflow/example_dags/example_python_decorator.py for tasks to queue
[2024-11-09T10:25:13.187+0000] {logging_mixin.py:190} INFO - [2024-11-09T10:25:13.181+0000] {dagbag.py:588} INFO - Filling up the DagBag from /home/airflow/.local/lib/python3.12/site-packages/airflow/example_dags/example_python_decorator.py
[2024-11-09T10:25:13.214+0000] {processor.py:925} INFO - DAG(s) 'example_python_decorator' retrieved from /home/airflow/.local/lib/python3.12/site-packages/airflow/example_dags/example_python_decorator.py
[2024-11-09T10:25:13.254+0000] {logging_mixin.py:190} INFO - [2024-11-09T10:25:13.254+0000] {dag.py:3239} INFO - Sync 1 DAGs
[2024-11-09T10:25:13.276+0000] {logging_mixin.py:190} INFO - [2024-11-09T10:25:13.276+0000] {dag.py:4180} INFO - Setting next_dagrun for example_python_decorator to None, run_after=None
[2024-11-09T10:25:13.314+0000] {processor.py:208} INFO - Processing /home/airflow/.local/lib/python3.12/site-packages/airflow/example_dags/example_python_decorator.py took 0.147 seconds
[2024-11-09T10:25:43.509+0000] {processor.py:186} INFO - Started process (PID=455) to work on /home/airflow/.local/lib/python3.12/site-packages/airflow/example_dags/example_python_decorator.py
[2024-11-09T10:25:43.511+0000] {processor.py:914} INFO - Processing file /home/airflow/.local/lib/python3.12/site-packages/airflow/example_dags/example_python_decorator.py for tasks to queue
[2024-11-09T10:25:43.514+0000] {logging_mixin.py:190} INFO - [2024-11-09T10:25:43.514+0000] {dagbag.py:588} INFO - Filling up the DagBag from /home/airflow/.local/lib/python3.12/site-packages/airflow/example_dags/example_python_decorator.py
[2024-11-09T10:25:43.537+0000] {processor.py:925} INFO - DAG(s) 'example_python_decorator' retrieved from /home/airflow/.local/lib/python3.12/site-packages/airflow/example_dags/example_python_decorator.py
[2024-11-09T10:25:43.564+0000] {logging_mixin.py:190} INFO - [2024-11-09T10:25:43.563+0000] {dag.py:3239} INFO - Sync 1 DAGs
[2024-11-09T10:25:43.581+0000] {logging_mixin.py:190} INFO - [2024-11-09T10:25:43.581+0000] {dag.py:4180} INFO - Setting next_dagrun for example_python_decorator to None, run_after=None
[2024-11-09T10:25:43.638+0000] {processor.py:208} INFO - Processing /home/airflow/.local/lib/python3.12/site-packages/airflow/example_dags/example_python_decorator.py took 0.137 seconds
[2024-11-09T10:26:13.913+0000] {processor.py:186} INFO - Started process (PID=519) to work on /home/airflow/.local/lib/python3.12/site-packages/airflow/example_dags/example_python_decorator.py
[2024-11-09T10:26:13.915+0000] {processor.py:914} INFO - Processing file /home/airflow/.local/lib/python3.12/site-packages/airflow/example_dags/example_python_decorator.py for tasks to queue
[2024-11-09T10:26:13.920+0000] {logging_mixin.py:190} INFO - [2024-11-09T10:26:13.920+0000] {dagbag.py:588} INFO - Filling up the DagBag from /home/airflow/.local/lib/python3.12/site-packages/airflow/example_dags/example_python_decorator.py
[2024-11-09T10:26:13.942+0000] {processor.py:925} INFO - DAG(s) 'example_python_decorator' retrieved from /home/airflow/.local/lib/python3.12/site-packages/airflow/example_dags/example_python_decorator.py
[2024-11-09T10:26:13.971+0000] {logging_mixin.py:190} INFO - [2024-11-09T10:26:13.971+0000] {dag.py:3239} INFO - Sync 1 DAGs
[2024-11-09T10:26:13.990+0000] {logging_mixin.py:190} INFO - [2024-11-09T10:26:13.990+0000] {dag.py:4180} INFO - Setting next_dagrun for example_python_decorator to None, run_after=None
[2024-11-09T10:26:14.038+0000] {processor.py:208} INFO - Processing /home/airflow/.local/lib/python3.12/site-packages/airflow/example_dags/example_python_decorator.py took 0.136 seconds
[2024-11-09T10:26:44.579+0000] {processor.py:186} INFO - Started process (PID=583) to work on /home/airflow/.local/lib/python3.12/site-packages/airflow/example_dags/example_python_decorator.py
[2024-11-09T10:26:44.581+0000] {processor.py:914} INFO - Processing file /home/airflow/.local/lib/python3.12/site-packages/airflow/example_dags/example_python_decorator.py for tasks to queue
[2024-11-09T10:26:44.584+0000] {logging_mixin.py:190} INFO - [2024-11-09T10:26:44.583+0000] {dagbag.py:588} INFO - Filling up the DagBag from /home/airflow/.local/lib/python3.12/site-packages/airflow/example_dags/example_python_decorator.py
[2024-11-09T10:26:44.601+0000] {processor.py:925} INFO - DAG(s) 'example_python_decorator' retrieved from /home/airflow/.local/lib/python3.12/site-packages/airflow/example_dags/example_python_decorator.py
[2024-11-09T10:26:44.626+0000] {logging_mixin.py:190} INFO - [2024-11-09T10:26:44.626+0000] {dag.py:3239} INFO - Sync 1 DAGs
[2024-11-09T10:26:44.642+0000] {logging_mixin.py:190} INFO - [2024-11-09T10:26:44.642+0000] {dag.py:4180} INFO - Setting next_dagrun for example_python_decorator to None, run_after=None
[2024-11-09T10:26:44.830+0000] {processor.py:208} INFO - Processing /home/airflow/.local/lib/python3.12/site-packages/airflow/example_dags/example_python_decorator.py took 0.259 seconds
[2024-11-09T10:27:15.114+0000] {processor.py:186} INFO - Started process (PID=647) to work on /home/airflow/.local/lib/python3.12/site-packages/airflow/example_dags/example_python_decorator.py
[2024-11-09T10:27:15.142+0000] {processor.py:914} INFO - Processing file /home/airflow/.local/lib/python3.12/site-packages/airflow/example_dags/example_python_decorator.py for tasks to queue
[2024-11-09T10:27:15.145+0000] {logging_mixin.py:190} INFO - [2024-11-09T10:27:15.144+0000] {dagbag.py:588} INFO - Filling up the DagBag from /home/airflow/.local/lib/python3.12/site-packages/airflow/example_dags/example_python_decorator.py
[2024-11-09T10:27:15.164+0000] {processor.py:925} INFO - DAG(s) 'example_python_decorator' retrieved from /home/airflow/.local/lib/python3.12/site-packages/airflow/example_dags/example_python_decorator.py
[2024-11-09T10:27:15.193+0000] {logging_mixin.py:190} INFO - [2024-11-09T10:27:15.192+0000] {dag.py:3239} INFO - Sync 1 DAGs
[2024-11-09T10:27:15.211+0000] {logging_mixin.py:190} INFO - [2024-11-09T10:27:15.211+0000] {dag.py:4180} INFO - Setting next_dagrun for example_python_decorator to None, run_after=None
[2024-11-09T10:27:15.249+0000] {processor.py:208} INFO - Processing /home/airflow/.local/lib/python3.12/site-packages/airflow/example_dags/example_python_decorator.py took 0.142 seconds
[2024-11-09T10:27:45.862+0000] {processor.py:186} INFO - Started process (PID=712) to work on /home/airflow/.local/lib/python3.12/site-packages/airflow/example_dags/example_python_decorator.py
[2024-11-09T10:27:45.864+0000] {processor.py:914} INFO - Processing file /home/airflow/.local/lib/python3.12/site-packages/airflow/example_dags/example_python_decorator.py for tasks to queue
[2024-11-09T10:27:45.870+0000] {logging_mixin.py:190} INFO - [2024-11-09T10:27:45.867+0000] {dagbag.py:588} INFO - Filling up the DagBag from /home/airflow/.local/lib/python3.12/site-packages/airflow/example_dags/example_python_decorator.py
[2024-11-09T10:27:45.902+0000] {processor.py:925} INFO - DAG(s) 'example_python_decorator' retrieved from /home/airflow/.local/lib/python3.12/site-packages/airflow/example_dags/example_python_decorator.py
[2024-11-09T10:27:45.950+0000] {logging_mixin.py:190} INFO - [2024-11-09T10:27:45.950+0000] {dag.py:3239} INFO - Sync 1 DAGs
[2024-11-09T10:27:45.974+0000] {logging_mixin.py:190} INFO - [2024-11-09T10:27:45.974+0000] {dag.py:4180} INFO - Setting next_dagrun for example_python_decorator to None, run_after=None
[2024-11-09T10:27:46.013+0000] {processor.py:208} INFO - Processing /home/airflow/.local/lib/python3.12/site-packages/airflow/example_dags/example_python_decorator.py took 0.160 seconds
[2024-11-09T10:28:16.516+0000] {processor.py:186} INFO - Started process (PID=776) to work on /home/airflow/.local/lib/python3.12/site-packages/airflow/example_dags/example_python_decorator.py
[2024-11-09T10:28:16.518+0000] {processor.py:914} INFO - Processing file /home/airflow/.local/lib/python3.12/site-packages/airflow/example_dags/example_python_decorator.py for tasks to queue
[2024-11-09T10:28:16.520+0000] {logging_mixin.py:190} INFO - [2024-11-09T10:28:16.520+0000] {dagbag.py:588} INFO - Filling up the DagBag from /home/airflow/.local/lib/python3.12/site-packages/airflow/example_dags/example_python_decorator.py
[2024-11-09T10:28:16.538+0000] {processor.py:925} INFO - DAG(s) 'example_python_decorator' retrieved from /home/airflow/.local/lib/python3.12/site-packages/airflow/example_dags/example_python_decorator.py
[2024-11-09T10:28:16.563+0000] {logging_mixin.py:190} INFO - [2024-11-09T10:28:16.563+0000] {dag.py:3239} INFO - Sync 1 DAGs
[2024-11-09T10:28:16.579+0000] {logging_mixin.py:190} INFO - [2024-11-09T10:28:16.578+0000] {dag.py:4180} INFO - Setting next_dagrun for example_python_decorator to None, run_after=None
[2024-11-09T10:28:16.692+0000] {processor.py:208} INFO - Processing /home/airflow/.local/lib/python3.12/site-packages/airflow/example_dags/example_python_decorator.py took 0.182 seconds
[2024-11-09T10:28:46.790+0000] {processor.py:186} INFO - Started process (PID=841) to work on /home/airflow/.local/lib/python3.12/site-packages/airflow/example_dags/example_python_decorator.py
[2024-11-09T10:28:46.791+0000] {processor.py:914} INFO - Processing file /home/airflow/.local/lib/python3.12/site-packages/airflow/example_dags/example_python_decorator.py for tasks to queue
[2024-11-09T10:28:46.794+0000] {logging_mixin.py:190} INFO - [2024-11-09T10:28:46.794+0000] {dagbag.py:588} INFO - Filling up the DagBag from /home/airflow/.local/lib/python3.12/site-packages/airflow/example_dags/example_python_decorator.py
[2024-11-09T10:28:46.809+0000] {processor.py:925} INFO - DAG(s) 'example_python_decorator' retrieved from /home/airflow/.local/lib/python3.12/site-packages/airflow/example_dags/example_python_decorator.py
[2024-11-09T10:28:46.832+0000] {logging_mixin.py:190} INFO - [2024-11-09T10:28:46.832+0000] {dag.py:3239} INFO - Sync 1 DAGs
[2024-11-09T10:28:46.848+0000] {logging_mixin.py:190} INFO - [2024-11-09T10:28:46.847+0000] {dag.py:4180} INFO - Setting next_dagrun for example_python_decorator to None, run_after=None
[2024-11-09T10:28:47.166+0000] {processor.py:208} INFO - Processing /home/airflow/.local/lib/python3.12/site-packages/airflow/example_dags/example_python_decorator.py took 0.382 seconds
[2024-11-09T10:29:17.748+0000] {processor.py:186} INFO - Started process (PID=905) to work on /home/airflow/.local/lib/python3.12/site-packages/airflow/example_dags/example_python_decorator.py
[2024-11-09T10:29:17.749+0000] {processor.py:914} INFO - Processing file /home/airflow/.local/lib/python3.12/site-packages/airflow/example_dags/example_python_decorator.py for tasks to queue
[2024-11-09T10:29:17.752+0000] {logging_mixin.py:190} INFO - [2024-11-09T10:29:17.751+0000] {dagbag.py:588} INFO - Filling up the DagBag from /home/airflow/.local/lib/python3.12/site-packages/airflow/example_dags/example_python_decorator.py
[2024-11-09T10:29:17.767+0000] {processor.py:925} INFO - DAG(s) 'example_python_decorator' retrieved from /home/airflow/.local/lib/python3.12/site-packages/airflow/example_dags/example_python_decorator.py
[2024-11-09T10:29:17.789+0000] {logging_mixin.py:190} INFO - [2024-11-09T10:29:17.789+0000] {dag.py:3239} INFO - Sync 1 DAGs
[2024-11-09T10:29:17.805+0000] {logging_mixin.py:190} INFO - [2024-11-09T10:29:17.805+0000] {dag.py:4180} INFO - Setting next_dagrun for example_python_decorator to None, run_after=None
[2024-11-09T10:29:17.843+0000] {processor.py:208} INFO - Processing /home/airflow/.local/lib/python3.12/site-packages/airflow/example_dags/example_python_decorator.py took 0.105 seconds
[2024-11-09T10:29:47.961+0000] {processor.py:186} INFO - Started process (PID=970) to work on /home/airflow/.local/lib/python3.12/site-packages/airflow/example_dags/example_python_decorator.py
[2024-11-09T10:29:47.963+0000] {processor.py:914} INFO - Processing file /home/airflow/.local/lib/python3.12/site-packages/airflow/example_dags/example_python_decorator.py for tasks to queue
[2024-11-09T10:29:47.969+0000] {logging_mixin.py:190} INFO - [2024-11-09T10:29:47.968+0000] {dagbag.py:588} INFO - Filling up the DagBag from /home/airflow/.local/lib/python3.12/site-packages/airflow/example_dags/example_python_decorator.py
[2024-11-09T10:29:47.993+0000] {processor.py:925} INFO - DAG(s) 'example_python_decorator' retrieved from /home/airflow/.local/lib/python3.12/site-packages/airflow/example_dags/example_python_decorator.py
[2024-11-09T10:29:48.022+0000] {logging_mixin.py:190} INFO - [2024-11-09T10:29:48.022+0000] {dag.py:3239} INFO - Sync 1 DAGs
[2024-11-09T10:29:48.045+0000] {logging_mixin.py:190} INFO - [2024-11-09T10:29:48.043+0000] {dag.py:4180} INFO - Setting next_dagrun for example_python_decorator to None, run_after=None
[2024-11-09T10:29:48.076+0000] {processor.py:208} INFO - Processing /home/airflow/.local/lib/python3.12/site-packages/airflow/example_dags/example_python_decorator.py took 0.124 seconds
[2024-11-09T10:30:18.674+0000] {processor.py:186} INFO - Started process (PID=1033) to work on /home/airflow/.local/lib/python3.12/site-packages/airflow/example_dags/example_python_decorator.py
[2024-11-09T10:30:18.676+0000] {processor.py:914} INFO - Processing file /home/airflow/.local/lib/python3.12/site-packages/airflow/example_dags/example_python_decorator.py for tasks to queue
[2024-11-09T10:30:18.679+0000] {logging_mixin.py:190} INFO - [2024-11-09T10:30:18.679+0000] {dagbag.py:588} INFO - Filling up the DagBag from /home/airflow/.local/lib/python3.12/site-packages/airflow/example_dags/example_python_decorator.py
[2024-11-09T10:30:18.698+0000] {processor.py:925} INFO - DAG(s) 'example_python_decorator' retrieved from /home/airflow/.local/lib/python3.12/site-packages/airflow/example_dags/example_python_decorator.py
[2024-11-09T10:30:18.726+0000] {logging_mixin.py:190} INFO - [2024-11-09T10:30:18.726+0000] {dag.py:3239} INFO - Sync 1 DAGs
[2024-11-09T10:30:18.746+0000] {logging_mixin.py:190} INFO - [2024-11-09T10:30:18.746+0000] {dag.py:4180} INFO - Setting next_dagrun for example_python_decorator to None, run_after=None
[2024-11-09T10:30:19.059+0000] {processor.py:208} INFO - Processing /home/airflow/.local/lib/python3.12/site-packages/airflow/example_dags/example_python_decorator.py took 0.398 seconds
[2024-11-09T10:30:49.264+0000] {processor.py:186} INFO - Started process (PID=1097) to work on /home/airflow/.local/lib/python3.12/site-packages/airflow/example_dags/example_python_decorator.py
[2024-11-09T10:30:49.266+0000] {processor.py:914} INFO - Processing file /home/airflow/.local/lib/python3.12/site-packages/airflow/example_dags/example_python_decorator.py for tasks to queue
[2024-11-09T10:30:49.270+0000] {logging_mixin.py:190} INFO - [2024-11-09T10:30:49.269+0000] {dagbag.py:588} INFO - Filling up the DagBag from /home/airflow/.local/lib/python3.12/site-packages/airflow/example_dags/example_python_decorator.py
[2024-11-09T10:30:49.290+0000] {processor.py:925} INFO - DAG(s) 'example_python_decorator' retrieved from /home/airflow/.local/lib/python3.12/site-packages/airflow/example_dags/example_python_decorator.py
[2024-11-09T10:30:49.313+0000] {logging_mixin.py:190} INFO - [2024-11-09T10:30:49.312+0000] {dag.py:3239} INFO - Sync 1 DAGs
[2024-11-09T10:30:49.328+0000] {logging_mixin.py:190} INFO - [2024-11-09T10:30:49.328+0000] {dag.py:4180} INFO - Setting next_dagrun for example_python_decorator to None, run_after=None
[2024-11-09T10:30:49.353+0000] {processor.py:208} INFO - Processing /home/airflow/.local/lib/python3.12/site-packages/airflow/example_dags/example_python_decorator.py took 0.100 seconds
[2024-11-09T10:31:21.059+0000] {processor.py:186} INFO - Started process (PID=1161) to work on /home/airflow/.local/lib/python3.12/site-packages/airflow/example_dags/example_python_decorator.py
[2024-11-09T10:31:21.060+0000] {processor.py:914} INFO - Processing file /home/airflow/.local/lib/python3.12/site-packages/airflow/example_dags/example_python_decorator.py for tasks to queue
[2024-11-09T10:31:21.064+0000] {logging_mixin.py:190} INFO - [2024-11-09T10:31:21.063+0000] {dagbag.py:588} INFO - Filling up the DagBag from /home/airflow/.local/lib/python3.12/site-packages/airflow/example_dags/example_python_decorator.py
[2024-11-09T10:31:21.096+0000] {processor.py:925} INFO - DAG(s) 'example_python_decorator' retrieved from /home/airflow/.local/lib/python3.12/site-packages/airflow/example_dags/example_python_decorator.py
[2024-11-09T10:31:21.132+0000] {logging_mixin.py:190} INFO - [2024-11-09T10:31:21.132+0000] {dag.py:3239} INFO - Sync 1 DAGs
[2024-11-09T10:31:21.156+0000] {logging_mixin.py:190} INFO - [2024-11-09T10:31:21.155+0000] {dag.py:4180} INFO - Setting next_dagrun for example_python_decorator to None, run_after=None
[2024-11-09T10:31:21.298+0000] {processor.py:208} INFO - Processing /home/airflow/.local/lib/python3.12/site-packages/airflow/example_dags/example_python_decorator.py took 0.250 seconds
[2024-11-09T10:31:51.819+0000] {processor.py:186} INFO - Started process (PID=1224) to work on /home/airflow/.local/lib/python3.12/site-packages/airflow/example_dags/example_python_decorator.py
[2024-11-09T10:31:51.820+0000] {processor.py:914} INFO - Processing file /home/airflow/.local/lib/python3.12/site-packages/airflow/example_dags/example_python_decorator.py for tasks to queue
[2024-11-09T10:31:51.823+0000] {logging_mixin.py:190} INFO - [2024-11-09T10:31:51.822+0000] {dagbag.py:588} INFO - Filling up the DagBag from /home/airflow/.local/lib/python3.12/site-packages/airflow/example_dags/example_python_decorator.py
[2024-11-09T10:31:51.840+0000] {processor.py:925} INFO - DAG(s) 'example_python_decorator' retrieved from /home/airflow/.local/lib/python3.12/site-packages/airflow/example_dags/example_python_decorator.py
[2024-11-09T10:31:51.865+0000] {logging_mixin.py:190} INFO - [2024-11-09T10:31:51.865+0000] {dag.py:3239} INFO - Sync 1 DAGs
[2024-11-09T10:31:51.883+0000] {logging_mixin.py:190} INFO - [2024-11-09T10:31:51.883+0000] {dag.py:4180} INFO - Setting next_dagrun for example_python_decorator to None, run_after=None
[2024-11-09T10:31:51.910+0000] {processor.py:208} INFO - Processing /home/airflow/.local/lib/python3.12/site-packages/airflow/example_dags/example_python_decorator.py took 0.098 seconds
[2024-11-09T10:32:23.203+0000] {processor.py:186} INFO - Started process (PID=1282) to work on /home/airflow/.local/lib/python3.12/site-packages/airflow/example_dags/example_python_decorator.py
[2024-11-09T10:32:23.204+0000] {processor.py:914} INFO - Processing file /home/airflow/.local/lib/python3.12/site-packages/airflow/example_dags/example_python_decorator.py for tasks to queue
[2024-11-09T10:32:23.207+0000] {logging_mixin.py:190} INFO - [2024-11-09T10:32:23.207+0000] {dagbag.py:588} INFO - Filling up the DagBag from /home/airflow/.local/lib/python3.12/site-packages/airflow/example_dags/example_python_decorator.py
[2024-11-09T10:32:23.228+0000] {processor.py:925} INFO - DAG(s) 'example_python_decorator' retrieved from /home/airflow/.local/lib/python3.12/site-packages/airflow/example_dags/example_python_decorator.py
[2024-11-09T10:32:23.256+0000] {logging_mixin.py:190} INFO - [2024-11-09T10:32:23.256+0000] {dag.py:3239} INFO - Sync 1 DAGs
[2024-11-09T10:32:23.275+0000] {logging_mixin.py:190} INFO - [2024-11-09T10:32:23.274+0000] {dag.py:4180} INFO - Setting next_dagrun for example_python_decorator to None, run_after=None
[2024-11-09T10:32:23.302+0000] {processor.py:208} INFO - Processing /home/airflow/.local/lib/python3.12/site-packages/airflow/example_dags/example_python_decorator.py took 0.107 seconds
[2024-11-09T10:32:53.800+0000] {processor.py:186} INFO - Started process (PID=1344) to work on /home/airflow/.local/lib/python3.12/site-packages/airflow/example_dags/example_python_decorator.py
[2024-11-09T10:32:53.802+0000] {processor.py:914} INFO - Processing file /home/airflow/.local/lib/python3.12/site-packages/airflow/example_dags/example_python_decorator.py for tasks to queue
[2024-11-09T10:32:53.807+0000] {logging_mixin.py:190} INFO - [2024-11-09T10:32:53.806+0000] {dagbag.py:588} INFO - Filling up the DagBag from /home/airflow/.local/lib/python3.12/site-packages/airflow/example_dags/example_python_decorator.py
[2024-11-09T10:32:53.856+0000] {processor.py:925} INFO - DAG(s) 'example_python_decorator' retrieved from /home/airflow/.local/lib/python3.12/site-packages/airflow/example_dags/example_python_decorator.py
[2024-11-09T10:32:53.906+0000] {logging_mixin.py:190} INFO - [2024-11-09T10:32:53.905+0000] {dag.py:3239} INFO - Sync 1 DAGs
[2024-11-09T10:32:53.931+0000] {logging_mixin.py:190} INFO - [2024-11-09T10:32:53.930+0000] {dag.py:4180} INFO - Setting next_dagrun for example_python_decorator to None, run_after=None
[2024-11-09T10:32:53.979+0000] {processor.py:208} INFO - Processing /home/airflow/.local/lib/python3.12/site-packages/airflow/example_dags/example_python_decorator.py took 0.212 seconds
[2024-11-09T10:53:04.625+0000] {processor.py:186} INFO - Started process (PID=67) to work on /home/airflow/.local/lib/python3.12/site-packages/airflow/example_dags/example_python_decorator.py
[2024-11-09T10:53:04.627+0000] {processor.py:914} INFO - Processing file /home/airflow/.local/lib/python3.12/site-packages/airflow/example_dags/example_python_decorator.py for tasks to queue
[2024-11-09T10:53:04.630+0000] {logging_mixin.py:190} INFO - [2024-11-09T10:53:04.629+0000] {dagbag.py:588} INFO - Filling up the DagBag from /home/airflow/.local/lib/python3.12/site-packages/airflow/example_dags/example_python_decorator.py
[2024-11-09T10:53:04.656+0000] {processor.py:925} INFO - DAG(s) 'example_python_decorator' retrieved from /home/airflow/.local/lib/python3.12/site-packages/airflow/example_dags/example_python_decorator.py
[2024-11-09T10:53:04.870+0000] {logging_mixin.py:190} INFO - [2024-11-09T10:53:04.870+0000] {dag.py:3239} INFO - Sync 1 DAGs
[2024-11-09T10:53:04.904+0000] {logging_mixin.py:190} INFO - [2024-11-09T10:53:04.903+0000] {dag.py:4180} INFO - Setting next_dagrun for example_python_decorator to None, run_after=None
[2024-11-09T10:53:04.935+0000] {processor.py:208} INFO - Processing /home/airflow/.local/lib/python3.12/site-packages/airflow/example_dags/example_python_decorator.py took 0.318 seconds
[2024-11-09T10:53:35.440+0000] {processor.py:186} INFO - Started process (PID=131) to work on /home/airflow/.local/lib/python3.12/site-packages/airflow/example_dags/example_python_decorator.py
[2024-11-09T10:53:35.441+0000] {processor.py:914} INFO - Processing file /home/airflow/.local/lib/python3.12/site-packages/airflow/example_dags/example_python_decorator.py for tasks to queue
[2024-11-09T10:53:35.444+0000] {logging_mixin.py:190} INFO - [2024-11-09T10:53:35.443+0000] {dagbag.py:588} INFO - Filling up the DagBag from /home/airflow/.local/lib/python3.12/site-packages/airflow/example_dags/example_python_decorator.py
[2024-11-09T10:53:35.536+0000] {processor.py:925} INFO - DAG(s) 'example_python_decorator' retrieved from /home/airflow/.local/lib/python3.12/site-packages/airflow/example_dags/example_python_decorator.py
[2024-11-09T10:53:35.566+0000] {logging_mixin.py:190} INFO - [2024-11-09T10:53:35.566+0000] {dag.py:3239} INFO - Sync 1 DAGs
[2024-11-09T10:53:35.582+0000] {logging_mixin.py:190} INFO - [2024-11-09T10:53:35.582+0000] {dag.py:4180} INFO - Setting next_dagrun for example_python_decorator to None, run_after=None
[2024-11-09T10:53:35.625+0000] {processor.py:208} INFO - Processing /home/airflow/.local/lib/python3.12/site-packages/airflow/example_dags/example_python_decorator.py took 0.191 seconds
