[2024-11-09T08:52:48.087+0000] {processor.py:186} INFO - Started process (PID=93) to work on /home/airflow/.local/lib/python3.12/site-packages/airflow/example_dags/example_external_task_marker_dag.py
[2024-11-09T08:52:48.090+0000] {processor.py:914} INFO - Processing file /home/airflow/.local/lib/python3.12/site-packages/airflow/example_dags/example_external_task_marker_dag.py for tasks to queue
[2024-11-09T08:52:48.093+0000] {logging_mixin.py:190} INFO - [2024-11-09T08:52:48.092+0000] {dagbag.py:588} INFO - Filling up the DagBag from /home/airflow/.local/lib/python3.12/site-packages/airflow/example_dags/example_external_task_marker_dag.py
[2024-11-09T08:52:48.109+0000] {processor.py:925} INFO - DAG(s) 'example_external_task_marker_parent', 'example_external_task_marker_child' retrieved from /home/airflow/.local/lib/python3.12/site-packages/airflow/example_dags/example_external_task_marker_dag.py
[2024-11-09T08:52:48.147+0000] {logging_mixin.py:190} INFO - [2024-11-09T08:52:48.147+0000] {dag.py:3239} INFO - Sync 2 DAGs
[2024-11-09T08:52:48.175+0000] {logging_mixin.py:190} INFO - [2024-11-09T08:52:48.174+0000] {dag.py:4180} INFO - Setting next_dagrun for example_external_task_marker_child to None, run_after=None
[2024-11-09T08:52:48.181+0000] {logging_mixin.py:190} INFO - [2024-11-09T08:52:48.181+0000] {dag.py:4180} INFO - Setting next_dagrun for example_external_task_marker_parent to None, run_after=None
[2024-11-09T08:52:48.224+0000] {processor.py:208} INFO - Processing /home/airflow/.local/lib/python3.12/site-packages/airflow/example_dags/example_external_task_marker_dag.py took 0.146 seconds
[2024-11-09T08:53:23.033+0000] {processor.py:186} INFO - Started process (PID=157) to work on /home/airflow/.local/lib/python3.12/site-packages/airflow/example_dags/example_external_task_marker_dag.py
[2024-11-09T08:53:23.044+0000] {processor.py:914} INFO - Processing file /home/airflow/.local/lib/python3.12/site-packages/airflow/example_dags/example_external_task_marker_dag.py for tasks to queue
[2024-11-09T08:53:23.048+0000] {logging_mixin.py:190} INFO - [2024-11-09T08:53:23.047+0000] {dagbag.py:588} INFO - Filling up the DagBag from /home/airflow/.local/lib/python3.12/site-packages/airflow/example_dags/example_external_task_marker_dag.py
[2024-11-09T08:53:23.077+0000] {processor.py:925} INFO - DAG(s) 'example_external_task_marker_child', 'example_external_task_marker_parent' retrieved from /home/airflow/.local/lib/python3.12/site-packages/airflow/example_dags/example_external_task_marker_dag.py
[2024-11-09T08:53:23.142+0000] {logging_mixin.py:190} INFO - [2024-11-09T08:53:23.133+0000] {dag.py:3239} INFO - Sync 2 DAGs
[2024-11-09T08:53:23.182+0000] {logging_mixin.py:190} INFO - [2024-11-09T08:53:23.182+0000] {dag.py:4180} INFO - Setting next_dagrun for example_external_task_marker_child to None, run_after=None
[2024-11-09T08:53:23.195+0000] {logging_mixin.py:190} INFO - [2024-11-09T08:53:23.195+0000] {dag.py:4180} INFO - Setting next_dagrun for example_external_task_marker_parent to None, run_after=None
[2024-11-09T08:53:23.258+0000] {processor.py:208} INFO - Processing /home/airflow/.local/lib/python3.12/site-packages/airflow/example_dags/example_external_task_marker_dag.py took 0.232 seconds
[2024-11-09T08:53:54.893+0000] {processor.py:186} INFO - Started process (PID=222) to work on /home/airflow/.local/lib/python3.12/site-packages/airflow/example_dags/example_external_task_marker_dag.py
[2024-11-09T08:53:54.894+0000] {processor.py:914} INFO - Processing file /home/airflow/.local/lib/python3.12/site-packages/airflow/example_dags/example_external_task_marker_dag.py for tasks to queue
[2024-11-09T08:53:54.897+0000] {logging_mixin.py:190} INFO - [2024-11-09T08:53:54.897+0000] {dagbag.py:588} INFO - Filling up the DagBag from /home/airflow/.local/lib/python3.12/site-packages/airflow/example_dags/example_external_task_marker_dag.py
[2024-11-09T08:53:54.909+0000] {processor.py:925} INFO - DAG(s) 'example_external_task_marker_child', 'example_external_task_marker_parent' retrieved from /home/airflow/.local/lib/python3.12/site-packages/airflow/example_dags/example_external_task_marker_dag.py
[2024-11-09T08:53:54.945+0000] {logging_mixin.py:190} INFO - [2024-11-09T08:53:54.944+0000] {dag.py:3239} INFO - Sync 2 DAGs
[2024-11-09T08:53:54.966+0000] {logging_mixin.py:190} INFO - [2024-11-09T08:53:54.966+0000] {dag.py:4180} INFO - Setting next_dagrun for example_external_task_marker_child to None, run_after=None
[2024-11-09T08:53:54.972+0000] {logging_mixin.py:190} INFO - [2024-11-09T08:53:54.972+0000] {dag.py:4180} INFO - Setting next_dagrun for example_external_task_marker_parent to None, run_after=None
[2024-11-09T08:53:54.997+0000] {processor.py:208} INFO - Processing /home/airflow/.local/lib/python3.12/site-packages/airflow/example_dags/example_external_task_marker_dag.py took 0.112 seconds
[2024-11-09T08:54:28.803+0000] {processor.py:186} INFO - Started process (PID=286) to work on /home/airflow/.local/lib/python3.12/site-packages/airflow/example_dags/example_external_task_marker_dag.py
[2024-11-09T08:54:28.805+0000] {processor.py:914} INFO - Processing file /home/airflow/.local/lib/python3.12/site-packages/airflow/example_dags/example_external_task_marker_dag.py for tasks to queue
[2024-11-09T08:54:28.809+0000] {logging_mixin.py:190} INFO - [2024-11-09T08:54:28.808+0000] {dagbag.py:588} INFO - Filling up the DagBag from /home/airflow/.local/lib/python3.12/site-packages/airflow/example_dags/example_external_task_marker_dag.py
[2024-11-09T08:54:28.823+0000] {processor.py:925} INFO - DAG(s) 'example_external_task_marker_child', 'example_external_task_marker_parent' retrieved from /home/airflow/.local/lib/python3.12/site-packages/airflow/example_dags/example_external_task_marker_dag.py
[2024-11-09T08:54:28.868+0000] {logging_mixin.py:190} INFO - [2024-11-09T08:54:28.868+0000] {dag.py:3239} INFO - Sync 2 DAGs
[2024-11-09T08:54:28.892+0000] {logging_mixin.py:190} INFO - [2024-11-09T08:54:28.892+0000] {dag.py:4180} INFO - Setting next_dagrun for example_external_task_marker_child to None, run_after=None
[2024-11-09T08:54:28.902+0000] {logging_mixin.py:190} INFO - [2024-11-09T08:54:28.902+0000] {dag.py:4180} INFO - Setting next_dagrun for example_external_task_marker_parent to None, run_after=None
[2024-11-09T08:54:28.935+0000] {processor.py:208} INFO - Processing /home/airflow/.local/lib/python3.12/site-packages/airflow/example_dags/example_external_task_marker_dag.py took 0.144 seconds
[2024-11-09T08:55:00.197+0000] {processor.py:186} INFO - Started process (PID=351) to work on /home/airflow/.local/lib/python3.12/site-packages/airflow/example_dags/example_external_task_marker_dag.py
[2024-11-09T08:55:00.198+0000] {processor.py:914} INFO - Processing file /home/airflow/.local/lib/python3.12/site-packages/airflow/example_dags/example_external_task_marker_dag.py for tasks to queue
[2024-11-09T08:55:00.202+0000] {logging_mixin.py:190} INFO - [2024-11-09T08:55:00.201+0000] {dagbag.py:588} INFO - Filling up the DagBag from /home/airflow/.local/lib/python3.12/site-packages/airflow/example_dags/example_external_task_marker_dag.py
[2024-11-09T08:55:00.213+0000] {processor.py:925} INFO - DAG(s) 'example_external_task_marker_child', 'example_external_task_marker_parent' retrieved from /home/airflow/.local/lib/python3.12/site-packages/airflow/example_dags/example_external_task_marker_dag.py
[2024-11-09T08:55:00.240+0000] {logging_mixin.py:190} INFO - [2024-11-09T08:55:00.240+0000] {dag.py:3239} INFO - Sync 2 DAGs
[2024-11-09T08:55:00.261+0000] {logging_mixin.py:190} INFO - [2024-11-09T08:55:00.261+0000] {dag.py:4180} INFO - Setting next_dagrun for example_external_task_marker_child to None, run_after=None
[2024-11-09T08:55:00.266+0000] {logging_mixin.py:190} INFO - [2024-11-09T08:55:00.265+0000] {dag.py:4180} INFO - Setting next_dagrun for example_external_task_marker_parent to None, run_after=None
[2024-11-09T08:55:00.295+0000] {processor.py:208} INFO - Processing /home/airflow/.local/lib/python3.12/site-packages/airflow/example_dags/example_external_task_marker_dag.py took 0.105 seconds
[2024-11-09T08:55:32.293+0000] {processor.py:186} INFO - Started process (PID=414) to work on /home/airflow/.local/lib/python3.12/site-packages/airflow/example_dags/example_external_task_marker_dag.py
[2024-11-09T08:55:32.295+0000] {processor.py:914} INFO - Processing file /home/airflow/.local/lib/python3.12/site-packages/airflow/example_dags/example_external_task_marker_dag.py for tasks to queue
[2024-11-09T08:55:32.299+0000] {logging_mixin.py:190} INFO - [2024-11-09T08:55:32.298+0000] {dagbag.py:588} INFO - Filling up the DagBag from /home/airflow/.local/lib/python3.12/site-packages/airflow/example_dags/example_external_task_marker_dag.py
[2024-11-09T08:55:32.313+0000] {processor.py:925} INFO - DAG(s) 'example_external_task_marker_parent', 'example_external_task_marker_child' retrieved from /home/airflow/.local/lib/python3.12/site-packages/airflow/example_dags/example_external_task_marker_dag.py
[2024-11-09T08:55:32.355+0000] {logging_mixin.py:190} INFO - [2024-11-09T08:55:32.354+0000] {dag.py:3239} INFO - Sync 2 DAGs
[2024-11-09T08:55:32.376+0000] {logging_mixin.py:190} INFO - [2024-11-09T08:55:32.376+0000] {dag.py:4180} INFO - Setting next_dagrun for example_external_task_marker_child to None, run_after=None
[2024-11-09T08:55:32.382+0000] {logging_mixin.py:190} INFO - [2024-11-09T08:55:32.382+0000] {dag.py:4180} INFO - Setting next_dagrun for example_external_task_marker_parent to None, run_after=None
[2024-11-09T08:55:32.409+0000] {processor.py:208} INFO - Processing /home/airflow/.local/lib/python3.12/site-packages/airflow/example_dags/example_external_task_marker_dag.py took 0.124 seconds
[2024-11-09T08:56:04.028+0000] {processor.py:186} INFO - Started process (PID=478) to work on /home/airflow/.local/lib/python3.12/site-packages/airflow/example_dags/example_external_task_marker_dag.py
[2024-11-09T08:56:04.029+0000] {processor.py:914} INFO - Processing file /home/airflow/.local/lib/python3.12/site-packages/airflow/example_dags/example_external_task_marker_dag.py for tasks to queue
[2024-11-09T08:56:04.032+0000] {logging_mixin.py:190} INFO - [2024-11-09T08:56:04.031+0000] {dagbag.py:588} INFO - Filling up the DagBag from /home/airflow/.local/lib/python3.12/site-packages/airflow/example_dags/example_external_task_marker_dag.py
[2024-11-09T08:56:04.043+0000] {processor.py:925} INFO - DAG(s) 'example_external_task_marker_parent', 'example_external_task_marker_child' retrieved from /home/airflow/.local/lib/python3.12/site-packages/airflow/example_dags/example_external_task_marker_dag.py
[2024-11-09T08:56:04.084+0000] {logging_mixin.py:190} INFO - [2024-11-09T08:56:04.084+0000] {dag.py:3239} INFO - Sync 2 DAGs
[2024-11-09T08:56:04.118+0000] {logging_mixin.py:190} INFO - [2024-11-09T08:56:04.117+0000] {dag.py:4180} INFO - Setting next_dagrun for example_external_task_marker_child to None, run_after=None
[2024-11-09T08:56:04.124+0000] {logging_mixin.py:190} INFO - [2024-11-09T08:56:04.124+0000] {dag.py:4180} INFO - Setting next_dagrun for example_external_task_marker_parent to None, run_after=None
[2024-11-09T08:56:04.192+0000] {processor.py:208} INFO - Processing /home/airflow/.local/lib/python3.12/site-packages/airflow/example_dags/example_external_task_marker_dag.py took 0.172 seconds
[2024-11-09T08:56:35.681+0000] {processor.py:186} INFO - Started process (PID=542) to work on /home/airflow/.local/lib/python3.12/site-packages/airflow/example_dags/example_external_task_marker_dag.py
[2024-11-09T08:56:35.682+0000] {processor.py:914} INFO - Processing file /home/airflow/.local/lib/python3.12/site-packages/airflow/example_dags/example_external_task_marker_dag.py for tasks to queue
[2024-11-09T08:56:35.687+0000] {logging_mixin.py:190} INFO - [2024-11-09T08:56:35.686+0000] {dagbag.py:588} INFO - Filling up the DagBag from /home/airflow/.local/lib/python3.12/site-packages/airflow/example_dags/example_external_task_marker_dag.py
[2024-11-09T08:56:35.701+0000] {processor.py:925} INFO - DAG(s) 'example_external_task_marker_child', 'example_external_task_marker_parent' retrieved from /home/airflow/.local/lib/python3.12/site-packages/airflow/example_dags/example_external_task_marker_dag.py
[2024-11-09T08:56:35.744+0000] {logging_mixin.py:190} INFO - [2024-11-09T08:56:35.743+0000] {dag.py:3239} INFO - Sync 2 DAGs
[2024-11-09T08:56:35.804+0000] {logging_mixin.py:190} INFO - [2024-11-09T08:56:35.804+0000] {dag.py:4180} INFO - Setting next_dagrun for example_external_task_marker_child to None, run_after=None
[2024-11-09T08:56:35.819+0000] {logging_mixin.py:190} INFO - [2024-11-09T08:56:35.819+0000] {dag.py:4180} INFO - Setting next_dagrun for example_external_task_marker_parent to None, run_after=None
[2024-11-09T08:56:36.102+0000] {processor.py:208} INFO - Processing /home/airflow/.local/lib/python3.12/site-packages/airflow/example_dags/example_external_task_marker_dag.py took 0.430 seconds
[2024-11-09T08:57:06.842+0000] {processor.py:186} INFO - Started process (PID=606) to work on /home/airflow/.local/lib/python3.12/site-packages/airflow/example_dags/example_external_task_marker_dag.py
[2024-11-09T08:57:06.844+0000] {processor.py:914} INFO - Processing file /home/airflow/.local/lib/python3.12/site-packages/airflow/example_dags/example_external_task_marker_dag.py for tasks to queue
[2024-11-09T08:57:06.849+0000] {logging_mixin.py:190} INFO - [2024-11-09T08:57:06.849+0000] {dagbag.py:588} INFO - Filling up the DagBag from /home/airflow/.local/lib/python3.12/site-packages/airflow/example_dags/example_external_task_marker_dag.py
[2024-11-09T08:57:06.865+0000] {processor.py:925} INFO - DAG(s) 'example_external_task_marker_child', 'example_external_task_marker_parent' retrieved from /home/airflow/.local/lib/python3.12/site-packages/airflow/example_dags/example_external_task_marker_dag.py
[2024-11-09T08:57:06.894+0000] {logging_mixin.py:190} INFO - [2024-11-09T08:57:06.894+0000] {dag.py:3239} INFO - Sync 2 DAGs
[2024-11-09T08:57:06.911+0000] {logging_mixin.py:190} INFO - [2024-11-09T08:57:06.911+0000] {dag.py:4180} INFO - Setting next_dagrun for example_external_task_marker_child to None, run_after=None
[2024-11-09T08:57:06.917+0000] {logging_mixin.py:190} INFO - [2024-11-09T08:57:06.916+0000] {dag.py:4180} INFO - Setting next_dagrun for example_external_task_marker_parent to None, run_after=None
[2024-11-09T08:57:07.145+0000] {processor.py:208} INFO - Processing /home/airflow/.local/lib/python3.12/site-packages/airflow/example_dags/example_external_task_marker_dag.py took 0.314 seconds
[2024-11-09T08:57:37.214+0000] {processor.py:186} INFO - Started process (PID=669) to work on /home/airflow/.local/lib/python3.12/site-packages/airflow/example_dags/example_external_task_marker_dag.py
[2024-11-09T08:57:37.216+0000] {processor.py:914} INFO - Processing file /home/airflow/.local/lib/python3.12/site-packages/airflow/example_dags/example_external_task_marker_dag.py for tasks to queue
[2024-11-09T08:57:37.219+0000] {logging_mixin.py:190} INFO - [2024-11-09T08:57:37.218+0000] {dagbag.py:588} INFO - Filling up the DagBag from /home/airflow/.local/lib/python3.12/site-packages/airflow/example_dags/example_external_task_marker_dag.py
[2024-11-09T08:57:37.231+0000] {processor.py:925} INFO - DAG(s) 'example_external_task_marker_parent', 'example_external_task_marker_child' retrieved from /home/airflow/.local/lib/python3.12/site-packages/airflow/example_dags/example_external_task_marker_dag.py
[2024-11-09T08:57:37.264+0000] {logging_mixin.py:190} INFO - [2024-11-09T08:57:37.264+0000] {dag.py:3239} INFO - Sync 2 DAGs
[2024-11-09T08:57:37.287+0000] {logging_mixin.py:190} INFO - [2024-11-09T08:57:37.286+0000] {dag.py:4180} INFO - Setting next_dagrun for example_external_task_marker_child to None, run_after=None
[2024-11-09T08:57:37.292+0000] {logging_mixin.py:190} INFO - [2024-11-09T08:57:37.292+0000] {dag.py:4180} INFO - Setting next_dagrun for example_external_task_marker_parent to None, run_after=None
[2024-11-09T08:57:37.351+0000] {processor.py:208} INFO - Processing /home/airflow/.local/lib/python3.12/site-packages/airflow/example_dags/example_external_task_marker_dag.py took 0.145 seconds
[2024-11-09T08:58:08.328+0000] {processor.py:186} INFO - Started process (PID=733) to work on /home/airflow/.local/lib/python3.12/site-packages/airflow/example_dags/example_external_task_marker_dag.py
[2024-11-09T08:58:08.330+0000] {processor.py:914} INFO - Processing file /home/airflow/.local/lib/python3.12/site-packages/airflow/example_dags/example_external_task_marker_dag.py for tasks to queue
[2024-11-09T08:58:08.334+0000] {logging_mixin.py:190} INFO - [2024-11-09T08:58:08.333+0000] {dagbag.py:588} INFO - Filling up the DagBag from /home/airflow/.local/lib/python3.12/site-packages/airflow/example_dags/example_external_task_marker_dag.py
[2024-11-09T08:58:08.347+0000] {processor.py:925} INFO - DAG(s) 'example_external_task_marker_child', 'example_external_task_marker_parent' retrieved from /home/airflow/.local/lib/python3.12/site-packages/airflow/example_dags/example_external_task_marker_dag.py
[2024-11-09T08:58:08.387+0000] {logging_mixin.py:190} INFO - [2024-11-09T08:58:08.387+0000] {dag.py:3239} INFO - Sync 2 DAGs
[2024-11-09T08:58:08.416+0000] {logging_mixin.py:190} INFO - [2024-11-09T08:58:08.415+0000] {dag.py:4180} INFO - Setting next_dagrun for example_external_task_marker_child to None, run_after=None
[2024-11-09T08:58:08.425+0000] {logging_mixin.py:190} INFO - [2024-11-09T08:58:08.425+0000] {dag.py:4180} INFO - Setting next_dagrun for example_external_task_marker_parent to None, run_after=None
[2024-11-09T08:58:08.485+0000] {processor.py:208} INFO - Processing /home/airflow/.local/lib/python3.12/site-packages/airflow/example_dags/example_external_task_marker_dag.py took 0.171 seconds
[2024-11-09T08:58:38.616+0000] {processor.py:186} INFO - Started process (PID=795) to work on /home/airflow/.local/lib/python3.12/site-packages/airflow/example_dags/example_external_task_marker_dag.py
[2024-11-09T08:58:38.617+0000] {processor.py:914} INFO - Processing file /home/airflow/.local/lib/python3.12/site-packages/airflow/example_dags/example_external_task_marker_dag.py for tasks to queue
[2024-11-09T08:58:38.620+0000] {logging_mixin.py:190} INFO - [2024-11-09T08:58:38.620+0000] {dagbag.py:588} INFO - Filling up the DagBag from /home/airflow/.local/lib/python3.12/site-packages/airflow/example_dags/example_external_task_marker_dag.py
[2024-11-09T08:58:38.644+0000] {processor.py:925} INFO - DAG(s) 'example_external_task_marker_child', 'example_external_task_marker_parent' retrieved from /home/airflow/.local/lib/python3.12/site-packages/airflow/example_dags/example_external_task_marker_dag.py
[2024-11-09T08:58:38.674+0000] {logging_mixin.py:190} INFO - [2024-11-09T08:58:38.674+0000] {dag.py:3239} INFO - Sync 2 DAGs
[2024-11-09T08:58:38.695+0000] {logging_mixin.py:190} INFO - [2024-11-09T08:58:38.694+0000] {dag.py:4180} INFO - Setting next_dagrun for example_external_task_marker_child to None, run_after=None
[2024-11-09T08:58:38.700+0000] {logging_mixin.py:190} INFO - [2024-11-09T08:58:38.700+0000] {dag.py:4180} INFO - Setting next_dagrun for example_external_task_marker_parent to None, run_after=None
[2024-11-09T08:58:38.746+0000] {processor.py:208} INFO - Processing /home/airflow/.local/lib/python3.12/site-packages/airflow/example_dags/example_external_task_marker_dag.py took 0.137 seconds
[2024-11-09T10:15:39.691+0000] {processor.py:186} INFO - Started process (PID=81) to work on /home/airflow/.local/lib/python3.12/site-packages/airflow/example_dags/example_external_task_marker_dag.py
[2024-11-09T10:15:39.697+0000] {processor.py:914} INFO - Processing file /home/airflow/.local/lib/python3.12/site-packages/airflow/example_dags/example_external_task_marker_dag.py for tasks to queue
[2024-11-09T10:15:39.701+0000] {logging_mixin.py:190} INFO - [2024-11-09T10:15:39.701+0000] {dagbag.py:588} INFO - Filling up the DagBag from /home/airflow/.local/lib/python3.12/site-packages/airflow/example_dags/example_external_task_marker_dag.py
[2024-11-09T10:15:39.719+0000] {processor.py:925} INFO - DAG(s) 'example_external_task_marker_parent', 'example_external_task_marker_child' retrieved from /home/airflow/.local/lib/python3.12/site-packages/airflow/example_dags/example_external_task_marker_dag.py
[2024-11-09T10:15:39.751+0000] {logging_mixin.py:190} INFO - [2024-11-09T10:15:39.751+0000] {dag.py:3239} INFO - Sync 2 DAGs
[2024-11-09T10:15:39.772+0000] {logging_mixin.py:190} INFO - [2024-11-09T10:15:39.771+0000] {dag.py:4180} INFO - Setting next_dagrun for example_external_task_marker_child to None, run_after=None
[2024-11-09T10:15:39.776+0000] {logging_mixin.py:190} INFO - [2024-11-09T10:15:39.776+0000] {dag.py:4180} INFO - Setting next_dagrun for example_external_task_marker_parent to None, run_after=None
[2024-11-09T10:15:39.800+0000] {processor.py:208} INFO - Processing /home/airflow/.local/lib/python3.12/site-packages/airflow/example_dags/example_external_task_marker_dag.py took 0.116 seconds
[2024-11-09T10:16:11.543+0000] {processor.py:186} INFO - Started process (PID=146) to work on /home/airflow/.local/lib/python3.12/site-packages/airflow/example_dags/example_external_task_marker_dag.py
[2024-11-09T10:16:11.545+0000] {processor.py:914} INFO - Processing file /home/airflow/.local/lib/python3.12/site-packages/airflow/example_dags/example_external_task_marker_dag.py for tasks to queue
[2024-11-09T10:16:11.548+0000] {logging_mixin.py:190} INFO - [2024-11-09T10:16:11.547+0000] {dagbag.py:588} INFO - Filling up the DagBag from /home/airflow/.local/lib/python3.12/site-packages/airflow/example_dags/example_external_task_marker_dag.py
[2024-11-09T10:16:11.558+0000] {processor.py:925} INFO - DAG(s) 'example_external_task_marker_child', 'example_external_task_marker_parent' retrieved from /home/airflow/.local/lib/python3.12/site-packages/airflow/example_dags/example_external_task_marker_dag.py
[2024-11-09T10:16:11.596+0000] {logging_mixin.py:190} INFO - [2024-11-09T10:16:11.596+0000] {dag.py:3239} INFO - Sync 2 DAGs
[2024-11-09T10:16:11.614+0000] {logging_mixin.py:190} INFO - [2024-11-09T10:16:11.614+0000] {dag.py:4180} INFO - Setting next_dagrun for example_external_task_marker_child to None, run_after=None
[2024-11-09T10:16:11.618+0000] {logging_mixin.py:190} INFO - [2024-11-09T10:16:11.618+0000] {dag.py:4180} INFO - Setting next_dagrun for example_external_task_marker_parent to None, run_after=None
[2024-11-09T10:16:11.677+0000] {processor.py:208} INFO - Processing /home/airflow/.local/lib/python3.12/site-packages/airflow/example_dags/example_external_task_marker_dag.py took 0.150 seconds
[2024-11-09T10:16:43.735+0000] {processor.py:186} INFO - Started process (PID=210) to work on /home/airflow/.local/lib/python3.12/site-packages/airflow/example_dags/example_external_task_marker_dag.py
[2024-11-09T10:16:43.737+0000] {processor.py:914} INFO - Processing file /home/airflow/.local/lib/python3.12/site-packages/airflow/example_dags/example_external_task_marker_dag.py for tasks to queue
[2024-11-09T10:16:43.740+0000] {logging_mixin.py:190} INFO - [2024-11-09T10:16:43.740+0000] {dagbag.py:588} INFO - Filling up the DagBag from /home/airflow/.local/lib/python3.12/site-packages/airflow/example_dags/example_external_task_marker_dag.py
[2024-11-09T10:16:43.752+0000] {processor.py:925} INFO - DAG(s) 'example_external_task_marker_parent', 'example_external_task_marker_child' retrieved from /home/airflow/.local/lib/python3.12/site-packages/airflow/example_dags/example_external_task_marker_dag.py
[2024-11-09T10:16:43.778+0000] {logging_mixin.py:190} INFO - [2024-11-09T10:16:43.778+0000] {dag.py:3239} INFO - Sync 2 DAGs
[2024-11-09T10:16:43.807+0000] {logging_mixin.py:190} INFO - [2024-11-09T10:16:43.807+0000] {dag.py:4180} INFO - Setting next_dagrun for example_external_task_marker_child to None, run_after=None
[2024-11-09T10:16:43.812+0000] {logging_mixin.py:190} INFO - [2024-11-09T10:16:43.812+0000] {dag.py:4180} INFO - Setting next_dagrun for example_external_task_marker_parent to None, run_after=None
[2024-11-09T10:16:43.835+0000] {processor.py:208} INFO - Processing /home/airflow/.local/lib/python3.12/site-packages/airflow/example_dags/example_external_task_marker_dag.py took 0.107 seconds
[2024-11-09T10:22:46.737+0000] {processor.py:186} INFO - Started process (PID=82) to work on /home/airflow/.local/lib/python3.12/site-packages/airflow/example_dags/example_external_task_marker_dag.py
[2024-11-09T10:22:46.747+0000] {processor.py:914} INFO - Processing file /home/airflow/.local/lib/python3.12/site-packages/airflow/example_dags/example_external_task_marker_dag.py for tasks to queue
[2024-11-09T10:22:46.751+0000] {logging_mixin.py:190} INFO - [2024-11-09T10:22:46.750+0000] {dagbag.py:588} INFO - Filling up the DagBag from /home/airflow/.local/lib/python3.12/site-packages/airflow/example_dags/example_external_task_marker_dag.py
[2024-11-09T10:22:46.772+0000] {processor.py:925} INFO - DAG(s) 'example_external_task_marker_parent', 'example_external_task_marker_child' retrieved from /home/airflow/.local/lib/python3.12/site-packages/airflow/example_dags/example_external_task_marker_dag.py
[2024-11-09T10:22:46.809+0000] {logging_mixin.py:190} INFO - [2024-11-09T10:22:46.809+0000] {dag.py:3239} INFO - Sync 2 DAGs
[2024-11-09T10:22:47.237+0000] {logging_mixin.py:190} INFO - [2024-11-09T10:22:47.237+0000] {dag.py:4180} INFO - Setting next_dagrun for example_external_task_marker_child to None, run_after=None
[2024-11-09T10:22:47.261+0000] {logging_mixin.py:190} INFO - [2024-11-09T10:22:47.261+0000] {dag.py:4180} INFO - Setting next_dagrun for example_external_task_marker_parent to None, run_after=None
[2024-11-09T10:22:47.402+0000] {processor.py:208} INFO - Processing /home/airflow/.local/lib/python3.12/site-packages/airflow/example_dags/example_external_task_marker_dag.py took 0.677 seconds
[2024-11-09T10:23:18.297+0000] {processor.py:186} INFO - Started process (PID=145) to work on /home/airflow/.local/lib/python3.12/site-packages/airflow/example_dags/example_external_task_marker_dag.py
[2024-11-09T10:23:18.311+0000] {processor.py:914} INFO - Processing file /home/airflow/.local/lib/python3.12/site-packages/airflow/example_dags/example_external_task_marker_dag.py for tasks to queue
[2024-11-09T10:23:18.315+0000] {logging_mixin.py:190} INFO - [2024-11-09T10:23:18.315+0000] {dagbag.py:588} INFO - Filling up the DagBag from /home/airflow/.local/lib/python3.12/site-packages/airflow/example_dags/example_external_task_marker_dag.py
[2024-11-09T10:23:18.331+0000] {processor.py:925} INFO - DAG(s) 'example_external_task_marker_child', 'example_external_task_marker_parent' retrieved from /home/airflow/.local/lib/python3.12/site-packages/airflow/example_dags/example_external_task_marker_dag.py
[2024-11-09T10:23:18.364+0000] {logging_mixin.py:190} INFO - [2024-11-09T10:23:18.364+0000] {dag.py:3239} INFO - Sync 2 DAGs
[2024-11-09T10:23:18.383+0000] {logging_mixin.py:190} INFO - [2024-11-09T10:23:18.383+0000] {dag.py:4180} INFO - Setting next_dagrun for example_external_task_marker_child to None, run_after=None
[2024-11-09T10:23:18.388+0000] {logging_mixin.py:190} INFO - [2024-11-09T10:23:18.387+0000] {dag.py:4180} INFO - Setting next_dagrun for example_external_task_marker_parent to None, run_after=None
[2024-11-09T10:23:18.414+0000] {processor.py:208} INFO - Processing /home/airflow/.local/lib/python3.12/site-packages/airflow/example_dags/example_external_task_marker_dag.py took 0.129 seconds
[2024-11-09T10:23:48.713+0000] {processor.py:186} INFO - Started process (PID=209) to work on /home/airflow/.local/lib/python3.12/site-packages/airflow/example_dags/example_external_task_marker_dag.py
[2024-11-09T10:23:48.714+0000] {processor.py:914} INFO - Processing file /home/airflow/.local/lib/python3.12/site-packages/airflow/example_dags/example_external_task_marker_dag.py for tasks to queue
[2024-11-09T10:23:48.717+0000] {logging_mixin.py:190} INFO - [2024-11-09T10:23:48.717+0000] {dagbag.py:588} INFO - Filling up the DagBag from /home/airflow/.local/lib/python3.12/site-packages/airflow/example_dags/example_external_task_marker_dag.py
[2024-11-09T10:23:48.727+0000] {processor.py:925} INFO - DAG(s) 'example_external_task_marker_parent', 'example_external_task_marker_child' retrieved from /home/airflow/.local/lib/python3.12/site-packages/airflow/example_dags/example_external_task_marker_dag.py
[2024-11-09T10:23:48.753+0000] {logging_mixin.py:190} INFO - [2024-11-09T10:23:48.752+0000] {dag.py:3239} INFO - Sync 2 DAGs
[2024-11-09T10:23:48.769+0000] {logging_mixin.py:190} INFO - [2024-11-09T10:23:48.769+0000] {dag.py:4180} INFO - Setting next_dagrun for example_external_task_marker_child to None, run_after=None
[2024-11-09T10:23:48.776+0000] {logging_mixin.py:190} INFO - [2024-11-09T10:23:48.776+0000] {dag.py:4180} INFO - Setting next_dagrun for example_external_task_marker_parent to None, run_after=None
[2024-11-09T10:23:48.917+0000] {processor.py:208} INFO - Processing /home/airflow/.local/lib/python3.12/site-packages/airflow/example_dags/example_external_task_marker_dag.py took 0.212 seconds
[2024-11-09T10:24:19.731+0000] {processor.py:186} INFO - Started process (PID=273) to work on /home/airflow/.local/lib/python3.12/site-packages/airflow/example_dags/example_external_task_marker_dag.py
[2024-11-09T10:24:19.732+0000] {processor.py:914} INFO - Processing file /home/airflow/.local/lib/python3.12/site-packages/airflow/example_dags/example_external_task_marker_dag.py for tasks to queue
[2024-11-09T10:24:19.735+0000] {logging_mixin.py:190} INFO - [2024-11-09T10:24:19.734+0000] {dagbag.py:588} INFO - Filling up the DagBag from /home/airflow/.local/lib/python3.12/site-packages/airflow/example_dags/example_external_task_marker_dag.py
[2024-11-09T10:24:19.880+0000] {processor.py:925} INFO - DAG(s) 'example_external_task_marker_child', 'example_external_task_marker_parent' retrieved from /home/airflow/.local/lib/python3.12/site-packages/airflow/example_dags/example_external_task_marker_dag.py
[2024-11-09T10:24:20.170+0000] {logging_mixin.py:190} INFO - [2024-11-09T10:24:20.169+0000] {dag.py:3239} INFO - Sync 2 DAGs
[2024-11-09T10:24:20.196+0000] {logging_mixin.py:190} INFO - [2024-11-09T10:24:20.195+0000] {dag.py:4180} INFO - Setting next_dagrun for example_external_task_marker_child to None, run_after=None
[2024-11-09T10:24:20.201+0000] {logging_mixin.py:190} INFO - [2024-11-09T10:24:20.200+0000] {dag.py:4180} INFO - Setting next_dagrun for example_external_task_marker_parent to None, run_after=None
[2024-11-09T10:24:20.232+0000] {processor.py:208} INFO - Processing /home/airflow/.local/lib/python3.12/site-packages/airflow/example_dags/example_external_task_marker_dag.py took 0.529 seconds
[2024-11-09T10:24:50.543+0000] {processor.py:186} INFO - Started process (PID=336) to work on /home/airflow/.local/lib/python3.12/site-packages/airflow/example_dags/example_external_task_marker_dag.py
[2024-11-09T10:24:50.544+0000] {processor.py:914} INFO - Processing file /home/airflow/.local/lib/python3.12/site-packages/airflow/example_dags/example_external_task_marker_dag.py for tasks to queue
[2024-11-09T10:24:50.547+0000] {logging_mixin.py:190} INFO - [2024-11-09T10:24:50.546+0000] {dagbag.py:588} INFO - Filling up the DagBag from /home/airflow/.local/lib/python3.12/site-packages/airflow/example_dags/example_external_task_marker_dag.py
[2024-11-09T10:24:50.558+0000] {processor.py:925} INFO - DAG(s) 'example_external_task_marker_child', 'example_external_task_marker_parent' retrieved from /home/airflow/.local/lib/python3.12/site-packages/airflow/example_dags/example_external_task_marker_dag.py
[2024-11-09T10:24:50.586+0000] {logging_mixin.py:190} INFO - [2024-11-09T10:24:50.586+0000] {dag.py:3239} INFO - Sync 2 DAGs
[2024-11-09T10:24:50.604+0000] {logging_mixin.py:190} INFO - [2024-11-09T10:24:50.603+0000] {dag.py:4180} INFO - Setting next_dagrun for example_external_task_marker_child to None, run_after=None
[2024-11-09T10:24:50.608+0000] {logging_mixin.py:190} INFO - [2024-11-09T10:24:50.608+0000] {dag.py:4180} INFO - Setting next_dagrun for example_external_task_marker_parent to None, run_after=None
[2024-11-09T10:24:50.802+0000] {processor.py:208} INFO - Processing /home/airflow/.local/lib/python3.12/site-packages/airflow/example_dags/example_external_task_marker_dag.py took 0.267 seconds
[2024-11-09T10:25:21.262+0000] {processor.py:186} INFO - Started process (PID=400) to work on /home/airflow/.local/lib/python3.12/site-packages/airflow/example_dags/example_external_task_marker_dag.py
[2024-11-09T10:25:21.264+0000] {processor.py:914} INFO - Processing file /home/airflow/.local/lib/python3.12/site-packages/airflow/example_dags/example_external_task_marker_dag.py for tasks to queue
[2024-11-09T10:25:21.273+0000] {logging_mixin.py:190} INFO - [2024-11-09T10:25:21.273+0000] {dagbag.py:588} INFO - Filling up the DagBag from /home/airflow/.local/lib/python3.12/site-packages/airflow/example_dags/example_external_task_marker_dag.py
[2024-11-09T10:25:21.302+0000] {processor.py:925} INFO - DAG(s) 'example_external_task_marker_parent', 'example_external_task_marker_child' retrieved from /home/airflow/.local/lib/python3.12/site-packages/airflow/example_dags/example_external_task_marker_dag.py
[2024-11-09T10:25:21.352+0000] {logging_mixin.py:190} INFO - [2024-11-09T10:25:21.351+0000] {dag.py:3239} INFO - Sync 2 DAGs
[2024-11-09T10:25:21.379+0000] {logging_mixin.py:190} INFO - [2024-11-09T10:25:21.379+0000] {dag.py:4180} INFO - Setting next_dagrun for example_external_task_marker_child to None, run_after=None
[2024-11-09T10:25:21.393+0000] {logging_mixin.py:190} INFO - [2024-11-09T10:25:21.392+0000] {dag.py:4180} INFO - Setting next_dagrun for example_external_task_marker_parent to None, run_after=None
[2024-11-09T10:25:21.437+0000] {processor.py:208} INFO - Processing /home/airflow/.local/lib/python3.12/site-packages/airflow/example_dags/example_external_task_marker_dag.py took 0.184 seconds
[2024-11-09T10:25:51.747+0000] {processor.py:186} INFO - Started process (PID=464) to work on /home/airflow/.local/lib/python3.12/site-packages/airflow/example_dags/example_external_task_marker_dag.py
[2024-11-09T10:25:51.749+0000] {processor.py:914} INFO - Processing file /home/airflow/.local/lib/python3.12/site-packages/airflow/example_dags/example_external_task_marker_dag.py for tasks to queue
[2024-11-09T10:25:51.753+0000] {logging_mixin.py:190} INFO - [2024-11-09T10:25:51.752+0000] {dagbag.py:588} INFO - Filling up the DagBag from /home/airflow/.local/lib/python3.12/site-packages/airflow/example_dags/example_external_task_marker_dag.py
[2024-11-09T10:25:51.763+0000] {processor.py:925} INFO - DAG(s) 'example_external_task_marker_parent', 'example_external_task_marker_child' retrieved from /home/airflow/.local/lib/python3.12/site-packages/airflow/example_dags/example_external_task_marker_dag.py
[2024-11-09T10:25:51.790+0000] {logging_mixin.py:190} INFO - [2024-11-09T10:25:51.790+0000] {dag.py:3239} INFO - Sync 2 DAGs
[2024-11-09T10:25:51.809+0000] {logging_mixin.py:190} INFO - [2024-11-09T10:25:51.808+0000] {dag.py:4180} INFO - Setting next_dagrun for example_external_task_marker_child to None, run_after=None
[2024-11-09T10:25:51.813+0000] {logging_mixin.py:190} INFO - [2024-11-09T10:25:51.813+0000] {dag.py:4180} INFO - Setting next_dagrun for example_external_task_marker_parent to None, run_after=None
[2024-11-09T10:25:51.842+0000] {processor.py:208} INFO - Processing /home/airflow/.local/lib/python3.12/site-packages/airflow/example_dags/example_external_task_marker_dag.py took 0.103 seconds
[2024-11-09T10:26:22.530+0000] {processor.py:186} INFO - Started process (PID=528) to work on /home/airflow/.local/lib/python3.12/site-packages/airflow/example_dags/example_external_task_marker_dag.py
[2024-11-09T10:26:22.534+0000] {processor.py:914} INFO - Processing file /home/airflow/.local/lib/python3.12/site-packages/airflow/example_dags/example_external_task_marker_dag.py for tasks to queue
[2024-11-09T10:26:22.539+0000] {logging_mixin.py:190} INFO - [2024-11-09T10:26:22.538+0000] {dagbag.py:588} INFO - Filling up the DagBag from /home/airflow/.local/lib/python3.12/site-packages/airflow/example_dags/example_external_task_marker_dag.py
[2024-11-09T10:26:22.557+0000] {processor.py:925} INFO - DAG(s) 'example_external_task_marker_parent', 'example_external_task_marker_child' retrieved from /home/airflow/.local/lib/python3.12/site-packages/airflow/example_dags/example_external_task_marker_dag.py
[2024-11-09T10:26:22.594+0000] {logging_mixin.py:190} INFO - [2024-11-09T10:26:22.594+0000] {dag.py:3239} INFO - Sync 2 DAGs
[2024-11-09T10:26:22.627+0000] {logging_mixin.py:190} INFO - [2024-11-09T10:26:22.627+0000] {dag.py:4180} INFO - Setting next_dagrun for example_external_task_marker_child to None, run_after=None
[2024-11-09T10:26:22.638+0000] {logging_mixin.py:190} INFO - [2024-11-09T10:26:22.638+0000] {dag.py:4180} INFO - Setting next_dagrun for example_external_task_marker_parent to None, run_after=None
[2024-11-09T10:26:22.674+0000] {processor.py:208} INFO - Processing /home/airflow/.local/lib/python3.12/site-packages/airflow/example_dags/example_external_task_marker_dag.py took 0.153 seconds
[2024-11-09T10:26:53.464+0000] {processor.py:186} INFO - Started process (PID=592) to work on /home/airflow/.local/lib/python3.12/site-packages/airflow/example_dags/example_external_task_marker_dag.py
[2024-11-09T10:26:53.466+0000] {processor.py:914} INFO - Processing file /home/airflow/.local/lib/python3.12/site-packages/airflow/example_dags/example_external_task_marker_dag.py for tasks to queue
[2024-11-09T10:26:53.468+0000] {logging_mixin.py:190} INFO - [2024-11-09T10:26:53.468+0000] {dagbag.py:588} INFO - Filling up the DagBag from /home/airflow/.local/lib/python3.12/site-packages/airflow/example_dags/example_external_task_marker_dag.py
[2024-11-09T10:26:53.477+0000] {processor.py:925} INFO - DAG(s) 'example_external_task_marker_child', 'example_external_task_marker_parent' retrieved from /home/airflow/.local/lib/python3.12/site-packages/airflow/example_dags/example_external_task_marker_dag.py
[2024-11-09T10:26:53.501+0000] {logging_mixin.py:190} INFO - [2024-11-09T10:26:53.501+0000] {dag.py:3239} INFO - Sync 2 DAGs
[2024-11-09T10:26:53.517+0000] {logging_mixin.py:190} INFO - [2024-11-09T10:26:53.517+0000] {dag.py:4180} INFO - Setting next_dagrun for example_external_task_marker_child to None, run_after=None
[2024-11-09T10:26:53.521+0000] {logging_mixin.py:190} INFO - [2024-11-09T10:26:53.521+0000] {dag.py:4180} INFO - Setting next_dagrun for example_external_task_marker_parent to None, run_after=None
[2024-11-09T10:26:53.864+0000] {processor.py:208} INFO - Processing /home/airflow/.local/lib/python3.12/site-packages/airflow/example_dags/example_external_task_marker_dag.py took 0.405 seconds
[2024-11-09T10:27:24.236+0000] {processor.py:186} INFO - Started process (PID=656) to work on /home/airflow/.local/lib/python3.12/site-packages/airflow/example_dags/example_external_task_marker_dag.py
[2024-11-09T10:27:24.237+0000] {processor.py:914} INFO - Processing file /home/airflow/.local/lib/python3.12/site-packages/airflow/example_dags/example_external_task_marker_dag.py for tasks to queue
[2024-11-09T10:27:24.240+0000] {logging_mixin.py:190} INFO - [2024-11-09T10:27:24.240+0000] {dagbag.py:588} INFO - Filling up the DagBag from /home/airflow/.local/lib/python3.12/site-packages/airflow/example_dags/example_external_task_marker_dag.py
[2024-11-09T10:27:24.252+0000] {processor.py:925} INFO - DAG(s) 'example_external_task_marker_parent', 'example_external_task_marker_child' retrieved from /home/airflow/.local/lib/python3.12/site-packages/airflow/example_dags/example_external_task_marker_dag.py
[2024-11-09T10:27:24.282+0000] {logging_mixin.py:190} INFO - [2024-11-09T10:27:24.281+0000] {dag.py:3239} INFO - Sync 2 DAGs
[2024-11-09T10:27:24.300+0000] {logging_mixin.py:190} INFO - [2024-11-09T10:27:24.299+0000] {dag.py:4180} INFO - Setting next_dagrun for example_external_task_marker_child to None, run_after=None
[2024-11-09T10:27:24.304+0000] {logging_mixin.py:190} INFO - [2024-11-09T10:27:24.304+0000] {dag.py:4180} INFO - Setting next_dagrun for example_external_task_marker_parent to None, run_after=None
[2024-11-09T10:27:24.378+0000] {processor.py:208} INFO - Processing /home/airflow/.local/lib/python3.12/site-packages/airflow/example_dags/example_external_task_marker_dag.py took 0.150 seconds
[2024-11-09T10:27:54.647+0000] {processor.py:186} INFO - Started process (PID=721) to work on /home/airflow/.local/lib/python3.12/site-packages/airflow/example_dags/example_external_task_marker_dag.py
[2024-11-09T10:27:54.649+0000] {processor.py:914} INFO - Processing file /home/airflow/.local/lib/python3.12/site-packages/airflow/example_dags/example_external_task_marker_dag.py for tasks to queue
[2024-11-09T10:27:54.651+0000] {logging_mixin.py:190} INFO - [2024-11-09T10:27:54.651+0000] {dagbag.py:588} INFO - Filling up the DagBag from /home/airflow/.local/lib/python3.12/site-packages/airflow/example_dags/example_external_task_marker_dag.py
[2024-11-09T10:27:54.660+0000] {processor.py:925} INFO - DAG(s) 'example_external_task_marker_child', 'example_external_task_marker_parent' retrieved from /home/airflow/.local/lib/python3.12/site-packages/airflow/example_dags/example_external_task_marker_dag.py
[2024-11-09T10:27:54.686+0000] {logging_mixin.py:190} INFO - [2024-11-09T10:27:54.686+0000] {dag.py:3239} INFO - Sync 2 DAGs
[2024-11-09T10:27:54.702+0000] {logging_mixin.py:190} INFO - [2024-11-09T10:27:54.702+0000] {dag.py:4180} INFO - Setting next_dagrun for example_external_task_marker_child to None, run_after=None
[2024-11-09T10:27:54.706+0000] {logging_mixin.py:190} INFO - [2024-11-09T10:27:54.706+0000] {dag.py:4180} INFO - Setting next_dagrun for example_external_task_marker_parent to None, run_after=None
[2024-11-09T10:27:54.739+0000] {processor.py:208} INFO - Processing /home/airflow/.local/lib/python3.12/site-packages/airflow/example_dags/example_external_task_marker_dag.py took 0.100 seconds
[2024-11-09T10:28:25.565+0000] {processor.py:186} INFO - Started process (PID=785) to work on /home/airflow/.local/lib/python3.12/site-packages/airflow/example_dags/example_external_task_marker_dag.py
[2024-11-09T10:28:25.566+0000] {processor.py:914} INFO - Processing file /home/airflow/.local/lib/python3.12/site-packages/airflow/example_dags/example_external_task_marker_dag.py for tasks to queue
[2024-11-09T10:28:25.568+0000] {logging_mixin.py:190} INFO - [2024-11-09T10:28:25.568+0000] {dagbag.py:588} INFO - Filling up the DagBag from /home/airflow/.local/lib/python3.12/site-packages/airflow/example_dags/example_external_task_marker_dag.py
[2024-11-09T10:28:25.579+0000] {processor.py:925} INFO - DAG(s) 'example_external_task_marker_parent', 'example_external_task_marker_child' retrieved from /home/airflow/.local/lib/python3.12/site-packages/airflow/example_dags/example_external_task_marker_dag.py
[2024-11-09T10:28:25.607+0000] {logging_mixin.py:190} INFO - [2024-11-09T10:28:25.606+0000] {dag.py:3239} INFO - Sync 2 DAGs
[2024-11-09T10:28:25.624+0000] {logging_mixin.py:190} INFO - [2024-11-09T10:28:25.624+0000] {dag.py:4180} INFO - Setting next_dagrun for example_external_task_marker_child to None, run_after=None
[2024-11-09T10:28:25.629+0000] {logging_mixin.py:190} INFO - [2024-11-09T10:28:25.629+0000] {dag.py:4180} INFO - Setting next_dagrun for example_external_task_marker_parent to None, run_after=None
[2024-11-09T10:28:25.748+0000] {processor.py:208} INFO - Processing /home/airflow/.local/lib/python3.12/site-packages/airflow/example_dags/example_external_task_marker_dag.py took 0.190 seconds
[2024-11-09T10:28:56.222+0000] {processor.py:186} INFO - Started process (PID=850) to work on /home/airflow/.local/lib/python3.12/site-packages/airflow/example_dags/example_external_task_marker_dag.py
[2024-11-09T10:28:56.224+0000] {processor.py:914} INFO - Processing file /home/airflow/.local/lib/python3.12/site-packages/airflow/example_dags/example_external_task_marker_dag.py for tasks to queue
[2024-11-09T10:28:56.227+0000] {logging_mixin.py:190} INFO - [2024-11-09T10:28:56.227+0000] {dagbag.py:588} INFO - Filling up the DagBag from /home/airflow/.local/lib/python3.12/site-packages/airflow/example_dags/example_external_task_marker_dag.py
[2024-11-09T10:28:56.236+0000] {processor.py:925} INFO - DAG(s) 'example_external_task_marker_parent', 'example_external_task_marker_child' retrieved from /home/airflow/.local/lib/python3.12/site-packages/airflow/example_dags/example_external_task_marker_dag.py
[2024-11-09T10:28:56.263+0000] {logging_mixin.py:190} INFO - [2024-11-09T10:28:56.263+0000] {dag.py:3239} INFO - Sync 2 DAGs
[2024-11-09T10:28:56.280+0000] {logging_mixin.py:190} INFO - [2024-11-09T10:28:56.280+0000] {dag.py:4180} INFO - Setting next_dagrun for example_external_task_marker_child to None, run_after=None
[2024-11-09T10:28:56.284+0000] {logging_mixin.py:190} INFO - [2024-11-09T10:28:56.284+0000] {dag.py:4180} INFO - Setting next_dagrun for example_external_task_marker_parent to None, run_after=None
[2024-11-09T10:28:56.317+0000] {processor.py:208} INFO - Processing /home/airflow/.local/lib/python3.12/site-packages/airflow/example_dags/example_external_task_marker_dag.py took 0.102 seconds
[2024-11-09T10:29:27.257+0000] {processor.py:186} INFO - Started process (PID=914) to work on /home/airflow/.local/lib/python3.12/site-packages/airflow/example_dags/example_external_task_marker_dag.py
[2024-11-09T10:29:27.258+0000] {processor.py:914} INFO - Processing file /home/airflow/.local/lib/python3.12/site-packages/airflow/example_dags/example_external_task_marker_dag.py for tasks to queue
[2024-11-09T10:29:27.261+0000] {logging_mixin.py:190} INFO - [2024-11-09T10:29:27.261+0000] {dagbag.py:588} INFO - Filling up the DagBag from /home/airflow/.local/lib/python3.12/site-packages/airflow/example_dags/example_external_task_marker_dag.py
[2024-11-09T10:29:27.274+0000] {processor.py:925} INFO - DAG(s) 'example_external_task_marker_child', 'example_external_task_marker_parent' retrieved from /home/airflow/.local/lib/python3.12/site-packages/airflow/example_dags/example_external_task_marker_dag.py
[2024-11-09T10:29:27.325+0000] {logging_mixin.py:190} INFO - [2024-11-09T10:29:27.324+0000] {dag.py:3239} INFO - Sync 2 DAGs
[2024-11-09T10:29:27.496+0000] {logging_mixin.py:190} INFO - [2024-11-09T10:29:27.496+0000] {dag.py:4180} INFO - Setting next_dagrun for example_external_task_marker_child to None, run_after=None
[2024-11-09T10:29:27.511+0000] {logging_mixin.py:190} INFO - [2024-11-09T10:29:27.511+0000] {dag.py:4180} INFO - Setting next_dagrun for example_external_task_marker_parent to None, run_after=None
[2024-11-09T10:29:27.660+0000] {processor.py:208} INFO - Processing /home/airflow/.local/lib/python3.12/site-packages/airflow/example_dags/example_external_task_marker_dag.py took 0.410 seconds
[2024-11-09T10:29:57.975+0000] {processor.py:186} INFO - Started process (PID=979) to work on /home/airflow/.local/lib/python3.12/site-packages/airflow/example_dags/example_external_task_marker_dag.py
[2024-11-09T10:29:57.976+0000] {processor.py:914} INFO - Processing file /home/airflow/.local/lib/python3.12/site-packages/airflow/example_dags/example_external_task_marker_dag.py for tasks to queue
[2024-11-09T10:29:57.979+0000] {logging_mixin.py:190} INFO - [2024-11-09T10:29:57.979+0000] {dagbag.py:588} INFO - Filling up the DagBag from /home/airflow/.local/lib/python3.12/site-packages/airflow/example_dags/example_external_task_marker_dag.py
[2024-11-09T10:29:57.988+0000] {processor.py:925} INFO - DAG(s) 'example_external_task_marker_child', 'example_external_task_marker_parent' retrieved from /home/airflow/.local/lib/python3.12/site-packages/airflow/example_dags/example_external_task_marker_dag.py
[2024-11-09T10:29:58.014+0000] {logging_mixin.py:190} INFO - [2024-11-09T10:29:58.014+0000] {dag.py:3239} INFO - Sync 2 DAGs
[2024-11-09T10:29:58.030+0000] {logging_mixin.py:190} INFO - [2024-11-09T10:29:58.030+0000] {dag.py:4180} INFO - Setting next_dagrun for example_external_task_marker_child to None, run_after=None
[2024-11-09T10:29:58.035+0000] {logging_mixin.py:190} INFO - [2024-11-09T10:29:58.034+0000] {dag.py:4180} INFO - Setting next_dagrun for example_external_task_marker_parent to None, run_after=None
[2024-11-09T10:29:58.056+0000] {processor.py:208} INFO - Processing /home/airflow/.local/lib/python3.12/site-packages/airflow/example_dags/example_external_task_marker_dag.py took 0.087 seconds
[2024-11-09T10:30:28.680+0000] {processor.py:186} INFO - Started process (PID=1042) to work on /home/airflow/.local/lib/python3.12/site-packages/airflow/example_dags/example_external_task_marker_dag.py
[2024-11-09T10:30:28.681+0000] {processor.py:914} INFO - Processing file /home/airflow/.local/lib/python3.12/site-packages/airflow/example_dags/example_external_task_marker_dag.py for tasks to queue
[2024-11-09T10:30:28.684+0000] {logging_mixin.py:190} INFO - [2024-11-09T10:30:28.683+0000] {dagbag.py:588} INFO - Filling up the DagBag from /home/airflow/.local/lib/python3.12/site-packages/airflow/example_dags/example_external_task_marker_dag.py
[2024-11-09T10:30:28.693+0000] {processor.py:925} INFO - DAG(s) 'example_external_task_marker_parent', 'example_external_task_marker_child' retrieved from /home/airflow/.local/lib/python3.12/site-packages/airflow/example_dags/example_external_task_marker_dag.py
[2024-11-09T10:30:28.721+0000] {logging_mixin.py:190} INFO - [2024-11-09T10:30:28.720+0000] {dag.py:3239} INFO - Sync 2 DAGs
[2024-11-09T10:30:28.737+0000] {logging_mixin.py:190} INFO - [2024-11-09T10:30:28.737+0000] {dag.py:4180} INFO - Setting next_dagrun for example_external_task_marker_child to None, run_after=None
[2024-11-09T10:30:28.742+0000] {logging_mixin.py:190} INFO - [2024-11-09T10:30:28.741+0000] {dag.py:4180} INFO - Setting next_dagrun for example_external_task_marker_parent to None, run_after=None
[2024-11-09T10:30:28.763+0000] {processor.py:208} INFO - Processing /home/airflow/.local/lib/python3.12/site-packages/airflow/example_dags/example_external_task_marker_dag.py took 0.090 seconds
[2024-11-09T10:30:59.407+0000] {processor.py:186} INFO - Started process (PID=1106) to work on /home/airflow/.local/lib/python3.12/site-packages/airflow/example_dags/example_external_task_marker_dag.py
[2024-11-09T10:30:59.408+0000] {processor.py:914} INFO - Processing file /home/airflow/.local/lib/python3.12/site-packages/airflow/example_dags/example_external_task_marker_dag.py for tasks to queue
[2024-11-09T10:30:59.411+0000] {logging_mixin.py:190} INFO - [2024-11-09T10:30:59.410+0000] {dagbag.py:588} INFO - Filling up the DagBag from /home/airflow/.local/lib/python3.12/site-packages/airflow/example_dags/example_external_task_marker_dag.py
[2024-11-09T10:30:59.421+0000] {processor.py:925} INFO - DAG(s) 'example_external_task_marker_parent', 'example_external_task_marker_child' retrieved from /home/airflow/.local/lib/python3.12/site-packages/airflow/example_dags/example_external_task_marker_dag.py
[2024-11-09T10:30:59.449+0000] {logging_mixin.py:190} INFO - [2024-11-09T10:30:59.448+0000] {dag.py:3239} INFO - Sync 2 DAGs
[2024-11-09T10:30:59.467+0000] {logging_mixin.py:190} INFO - [2024-11-09T10:30:59.465+0000] {dag.py:4180} INFO - Setting next_dagrun for example_external_task_marker_child to None, run_after=None
[2024-11-09T10:30:59.473+0000] {logging_mixin.py:190} INFO - [2024-11-09T10:30:59.472+0000] {dag.py:4180} INFO - Setting next_dagrun for example_external_task_marker_parent to None, run_after=None
[2024-11-09T10:30:59.505+0000] {processor.py:208} INFO - Processing /home/airflow/.local/lib/python3.12/site-packages/airflow/example_dags/example_external_task_marker_dag.py took 0.106 seconds
[2024-11-09T10:31:30.120+0000] {processor.py:186} INFO - Started process (PID=1170) to work on /home/airflow/.local/lib/python3.12/site-packages/airflow/example_dags/example_external_task_marker_dag.py
[2024-11-09T10:31:30.121+0000] {processor.py:914} INFO - Processing file /home/airflow/.local/lib/python3.12/site-packages/airflow/example_dags/example_external_task_marker_dag.py for tasks to queue
[2024-11-09T10:31:30.124+0000] {logging_mixin.py:190} INFO - [2024-11-09T10:31:30.123+0000] {dagbag.py:588} INFO - Filling up the DagBag from /home/airflow/.local/lib/python3.12/site-packages/airflow/example_dags/example_external_task_marker_dag.py
[2024-11-09T10:31:30.134+0000] {processor.py:925} INFO - DAG(s) 'example_external_task_marker_child', 'example_external_task_marker_parent' retrieved from /home/airflow/.local/lib/python3.12/site-packages/airflow/example_dags/example_external_task_marker_dag.py
[2024-11-09T10:31:30.163+0000] {logging_mixin.py:190} INFO - [2024-11-09T10:31:30.163+0000] {dag.py:3239} INFO - Sync 2 DAGs
[2024-11-09T10:31:30.181+0000] {logging_mixin.py:190} INFO - [2024-11-09T10:31:30.180+0000] {dag.py:4180} INFO - Setting next_dagrun for example_external_task_marker_child to None, run_after=None
[2024-11-09T10:31:30.186+0000] {logging_mixin.py:190} INFO - [2024-11-09T10:31:30.186+0000] {dag.py:4180} INFO - Setting next_dagrun for example_external_task_marker_parent to None, run_after=None
[2024-11-09T10:31:30.381+0000] {processor.py:208} INFO - Processing /home/airflow/.local/lib/python3.12/site-packages/airflow/example_dags/example_external_task_marker_dag.py took 0.268 seconds
[2024-11-09T10:32:00.501+0000] {processor.py:186} INFO - Started process (PID=1236) to work on /home/airflow/.local/lib/python3.12/site-packages/airflow/example_dags/example_external_task_marker_dag.py
[2024-11-09T10:32:00.503+0000] {processor.py:914} INFO - Processing file /home/airflow/.local/lib/python3.12/site-packages/airflow/example_dags/example_external_task_marker_dag.py for tasks to queue
[2024-11-09T10:32:00.511+0000] {logging_mixin.py:190} INFO - [2024-11-09T10:32:00.511+0000] {dagbag.py:588} INFO - Filling up the DagBag from /home/airflow/.local/lib/python3.12/site-packages/airflow/example_dags/example_external_task_marker_dag.py
[2024-11-09T10:32:00.547+0000] {processor.py:925} INFO - DAG(s) 'example_external_task_marker_parent', 'example_external_task_marker_child' retrieved from /home/airflow/.local/lib/python3.12/site-packages/airflow/example_dags/example_external_task_marker_dag.py
[2024-11-09T10:32:00.595+0000] {logging_mixin.py:190} INFO - [2024-11-09T10:32:00.594+0000] {dag.py:3239} INFO - Sync 2 DAGs
[2024-11-09T10:32:00.624+0000] {logging_mixin.py:190} INFO - [2024-11-09T10:32:00.624+0000] {dag.py:4180} INFO - Setting next_dagrun for example_external_task_marker_child to None, run_after=None
[2024-11-09T10:32:00.629+0000] {logging_mixin.py:190} INFO - [2024-11-09T10:32:00.629+0000] {dag.py:4180} INFO - Setting next_dagrun for example_external_task_marker_parent to None, run_after=None
[2024-11-09T10:32:00.691+0000] {processor.py:208} INFO - Processing /home/airflow/.local/lib/python3.12/site-packages/airflow/example_dags/example_external_task_marker_dag.py took 0.198 seconds
[2024-11-09T10:32:30.965+0000] {processor.py:186} INFO - Started process (PID=1300) to work on /home/airflow/.local/lib/python3.12/site-packages/airflow/example_dags/example_external_task_marker_dag.py
[2024-11-09T10:32:30.978+0000] {processor.py:914} INFO - Processing file /home/airflow/.local/lib/python3.12/site-packages/airflow/example_dags/example_external_task_marker_dag.py for tasks to queue
[2024-11-09T10:32:30.981+0000] {logging_mixin.py:190} INFO - [2024-11-09T10:32:30.981+0000] {dagbag.py:588} INFO - Filling up the DagBag from /home/airflow/.local/lib/python3.12/site-packages/airflow/example_dags/example_external_task_marker_dag.py
[2024-11-09T10:32:30.999+0000] {processor.py:925} INFO - DAG(s) 'example_external_task_marker_child', 'example_external_task_marker_parent' retrieved from /home/airflow/.local/lib/python3.12/site-packages/airflow/example_dags/example_external_task_marker_dag.py
[2024-11-09T10:32:31.051+0000] {logging_mixin.py:190} INFO - [2024-11-09T10:32:31.051+0000] {dag.py:3239} INFO - Sync 2 DAGs
[2024-11-09T10:32:31.088+0000] {logging_mixin.py:190} INFO - [2024-11-09T10:32:31.088+0000] {dag.py:4180} INFO - Setting next_dagrun for example_external_task_marker_child to None, run_after=None
[2024-11-09T10:32:31.095+0000] {logging_mixin.py:190} INFO - [2024-11-09T10:32:31.094+0000] {dag.py:4180} INFO - Setting next_dagrun for example_external_task_marker_parent to None, run_after=None
[2024-11-09T10:32:31.143+0000] {processor.py:208} INFO - Processing /home/airflow/.local/lib/python3.12/site-packages/airflow/example_dags/example_external_task_marker_dag.py took 0.189 seconds
[2024-11-09T10:53:07.812+0000] {processor.py:186} INFO - Started process (PID=78) to work on /home/airflow/.local/lib/python3.12/site-packages/airflow/example_dags/example_external_task_marker_dag.py
[2024-11-09T10:53:07.814+0000] {processor.py:914} INFO - Processing file /home/airflow/.local/lib/python3.12/site-packages/airflow/example_dags/example_external_task_marker_dag.py for tasks to queue
[2024-11-09T10:53:07.820+0000] {logging_mixin.py:190} INFO - [2024-11-09T10:53:07.818+0000] {dagbag.py:588} INFO - Filling up the DagBag from /home/airflow/.local/lib/python3.12/site-packages/airflow/example_dags/example_external_task_marker_dag.py
[2024-11-09T10:53:07.839+0000] {processor.py:925} INFO - DAG(s) 'example_external_task_marker_parent', 'example_external_task_marker_child' retrieved from /home/airflow/.local/lib/python3.12/site-packages/airflow/example_dags/example_external_task_marker_dag.py
[2024-11-09T10:53:07.912+0000] {logging_mixin.py:190} INFO - [2024-11-09T10:53:07.912+0000] {dag.py:3239} INFO - Sync 2 DAGs
[2024-11-09T10:53:07.948+0000] {logging_mixin.py:190} INFO - [2024-11-09T10:53:07.948+0000] {dag.py:4180} INFO - Setting next_dagrun for example_external_task_marker_child to None, run_after=None
[2024-11-09T10:53:07.962+0000] {logging_mixin.py:190} INFO - [2024-11-09T10:53:07.961+0000] {dag.py:4180} INFO - Setting next_dagrun for example_external_task_marker_parent to None, run_after=None
[2024-11-09T10:53:08.103+0000] {processor.py:208} INFO - Processing /home/airflow/.local/lib/python3.12/site-packages/airflow/example_dags/example_external_task_marker_dag.py took 0.299 seconds
