[2024-11-09T08:52:56.871+0000] {processor.py:186} INFO - Started process (PID=123) to work on /home/airflow/.local/lib/python3.12/site-packages/airflow/example_dags/example_bash_operator.py
[2024-11-09T08:52:56.872+0000] {processor.py:914} INFO - Processing file /home/airflow/.local/lib/python3.12/site-packages/airflow/example_dags/example_bash_operator.py for tasks to queue
[2024-11-09T08:52:56.876+0000] {logging_mixin.py:190} INFO - [2024-11-09T08:52:56.876+0000] {dagbag.py:588} INFO - Filling up the DagBag from /home/airflow/.local/lib/python3.12/site-packages/airflow/example_dags/example_bash_operator.py
[2024-11-09T08:52:56.904+0000] {processor.py:925} INFO - DAG(s) 'example_bash_operator' retrieved from /home/airflow/.local/lib/python3.12/site-packages/airflow/example_dags/example_bash_operator.py
[2024-11-09T08:52:56.974+0000] {logging_mixin.py:190} INFO - [2024-11-09T08:52:56.974+0000] {dag.py:3239} INFO - Sync 1 DAGs
[2024-11-09T08:52:57.018+0000] {logging_mixin.py:190} INFO - [2024-11-09T08:52:57.017+0000] {dag.py:4180} INFO - Setting next_dagrun for example_bash_operator to 2024-11-08 00:00:00+00:00, run_after=2024-11-09 00:00:00+00:00
[2024-11-09T08:52:57.070+0000] {processor.py:208} INFO - Processing /home/airflow/.local/lib/python3.12/site-packages/airflow/example_dags/example_bash_operator.py took 0.207 seconds
[2024-11-09T08:53:33.391+0000] {processor.py:186} INFO - Started process (PID=187) to work on /home/airflow/.local/lib/python3.12/site-packages/airflow/example_dags/example_bash_operator.py
[2024-11-09T08:53:33.394+0000] {processor.py:914} INFO - Processing file /home/airflow/.local/lib/python3.12/site-packages/airflow/example_dags/example_bash_operator.py for tasks to queue
[2024-11-09T08:53:33.400+0000] {logging_mixin.py:190} INFO - [2024-11-09T08:53:33.399+0000] {dagbag.py:588} INFO - Filling up the DagBag from /home/airflow/.local/lib/python3.12/site-packages/airflow/example_dags/example_bash_operator.py
[2024-11-09T08:53:33.442+0000] {processor.py:925} INFO - DAG(s) 'example_bash_operator' retrieved from /home/airflow/.local/lib/python3.12/site-packages/airflow/example_dags/example_bash_operator.py
[2024-11-09T08:53:33.563+0000] {logging_mixin.py:190} INFO - [2024-11-09T08:53:33.562+0000] {dag.py:3239} INFO - Sync 1 DAGs
[2024-11-09T08:53:33.643+0000] {logging_mixin.py:190} INFO - [2024-11-09T08:53:33.643+0000] {dag.py:4180} INFO - Setting next_dagrun for example_bash_operator to 2024-11-08 00:00:00+00:00, run_after=2024-11-09 00:00:00+00:00
[2024-11-09T08:53:33.726+0000] {processor.py:208} INFO - Processing /home/airflow/.local/lib/python3.12/site-packages/airflow/example_dags/example_bash_operator.py took 0.348 seconds
[2024-11-09T08:54:04.622+0000] {processor.py:186} INFO - Started process (PID=252) to work on /home/airflow/.local/lib/python3.12/site-packages/airflow/example_dags/example_bash_operator.py
[2024-11-09T08:54:04.625+0000] {processor.py:914} INFO - Processing file /home/airflow/.local/lib/python3.12/site-packages/airflow/example_dags/example_bash_operator.py for tasks to queue
[2024-11-09T08:54:04.635+0000] {logging_mixin.py:190} INFO - [2024-11-09T08:54:04.634+0000] {dagbag.py:588} INFO - Filling up the DagBag from /home/airflow/.local/lib/python3.12/site-packages/airflow/example_dags/example_bash_operator.py
[2024-11-09T08:54:04.658+0000] {processor.py:925} INFO - DAG(s) 'example_bash_operator' retrieved from /home/airflow/.local/lib/python3.12/site-packages/airflow/example_dags/example_bash_operator.py
[2024-11-09T08:54:04.701+0000] {logging_mixin.py:190} INFO - [2024-11-09T08:54:04.701+0000] {dag.py:3239} INFO - Sync 1 DAGs
[2024-11-09T08:54:04.732+0000] {logging_mixin.py:190} INFO - [2024-11-09T08:54:04.731+0000] {dag.py:4180} INFO - Setting next_dagrun for example_bash_operator to 2024-11-08 00:00:00+00:00, run_after=2024-11-09 00:00:00+00:00
[2024-11-09T08:54:04.773+0000] {processor.py:208} INFO - Processing /home/airflow/.local/lib/python3.12/site-packages/airflow/example_dags/example_bash_operator.py took 0.165 seconds
[2024-11-09T08:54:35.395+0000] {processor.py:186} INFO - Started process (PID=316) to work on /home/airflow/.local/lib/python3.12/site-packages/airflow/example_dags/example_bash_operator.py
[2024-11-09T08:54:35.397+0000] {processor.py:914} INFO - Processing file /home/airflow/.local/lib/python3.12/site-packages/airflow/example_dags/example_bash_operator.py for tasks to queue
[2024-11-09T08:54:35.401+0000] {logging_mixin.py:190} INFO - [2024-11-09T08:54:35.400+0000] {dagbag.py:588} INFO - Filling up the DagBag from /home/airflow/.local/lib/python3.12/site-packages/airflow/example_dags/example_bash_operator.py
[2024-11-09T08:54:35.425+0000] {processor.py:925} INFO - DAG(s) 'example_bash_operator' retrieved from /home/airflow/.local/lib/python3.12/site-packages/airflow/example_dags/example_bash_operator.py
[2024-11-09T08:54:35.471+0000] {logging_mixin.py:190} INFO - [2024-11-09T08:54:35.471+0000] {dag.py:3239} INFO - Sync 1 DAGs
[2024-11-09T08:54:35.503+0000] {logging_mixin.py:190} INFO - [2024-11-09T08:54:35.503+0000] {dag.py:4180} INFO - Setting next_dagrun for example_bash_operator to 2024-11-08 00:00:00+00:00, run_after=2024-11-09 00:00:00+00:00
[2024-11-09T08:54:35.540+0000] {processor.py:208} INFO - Processing /home/airflow/.local/lib/python3.12/site-packages/airflow/example_dags/example_bash_operator.py took 0.154 seconds
[2024-11-09T08:55:05.659+0000] {processor.py:186} INFO - Started process (PID=380) to work on /home/airflow/.local/lib/python3.12/site-packages/airflow/example_dags/example_bash_operator.py
[2024-11-09T08:55:05.661+0000] {processor.py:914} INFO - Processing file /home/airflow/.local/lib/python3.12/site-packages/airflow/example_dags/example_bash_operator.py for tasks to queue
[2024-11-09T08:55:05.664+0000] {logging_mixin.py:190} INFO - [2024-11-09T08:55:05.663+0000] {dagbag.py:588} INFO - Filling up the DagBag from /home/airflow/.local/lib/python3.12/site-packages/airflow/example_dags/example_bash_operator.py
[2024-11-09T08:55:05.681+0000] {processor.py:925} INFO - DAG(s) 'example_bash_operator' retrieved from /home/airflow/.local/lib/python3.12/site-packages/airflow/example_dags/example_bash_operator.py
[2024-11-09T08:55:05.731+0000] {logging_mixin.py:190} INFO - [2024-11-09T08:55:05.730+0000] {dag.py:3239} INFO - Sync 1 DAGs
[2024-11-09T08:55:05.768+0000] {logging_mixin.py:190} INFO - [2024-11-09T08:55:05.768+0000] {dag.py:4180} INFO - Setting next_dagrun for example_bash_operator to 2024-11-08 00:00:00+00:00, run_after=2024-11-09 00:00:00+00:00
[2024-11-09T08:55:05.799+0000] {processor.py:208} INFO - Processing /home/airflow/.local/lib/python3.12/site-packages/airflow/example_dags/example_bash_operator.py took 0.148 seconds
[2024-11-09T08:55:38.500+0000] {processor.py:186} INFO - Started process (PID=443) to work on /home/airflow/.local/lib/python3.12/site-packages/airflow/example_dags/example_bash_operator.py
[2024-11-09T08:55:38.501+0000] {processor.py:914} INFO - Processing file /home/airflow/.local/lib/python3.12/site-packages/airflow/example_dags/example_bash_operator.py for tasks to queue
[2024-11-09T08:55:38.504+0000] {logging_mixin.py:190} INFO - [2024-11-09T08:55:38.504+0000] {dagbag.py:588} INFO - Filling up the DagBag from /home/airflow/.local/lib/python3.12/site-packages/airflow/example_dags/example_bash_operator.py
[2024-11-09T08:55:38.523+0000] {processor.py:925} INFO - DAG(s) 'example_bash_operator' retrieved from /home/airflow/.local/lib/python3.12/site-packages/airflow/example_dags/example_bash_operator.py
[2024-11-09T08:55:38.559+0000] {logging_mixin.py:190} INFO - [2024-11-09T08:55:38.559+0000] {dag.py:3239} INFO - Sync 1 DAGs
[2024-11-09T08:55:38.588+0000] {logging_mixin.py:190} INFO - [2024-11-09T08:55:38.587+0000] {dag.py:4180} INFO - Setting next_dagrun for example_bash_operator to 2024-11-08 00:00:00+00:00, run_after=2024-11-09 00:00:00+00:00
[2024-11-09T08:55:38.620+0000] {processor.py:208} INFO - Processing /home/airflow/.local/lib/python3.12/site-packages/airflow/example_dags/example_bash_operator.py took 0.127 seconds
[2024-11-09T08:56:11.448+0000] {processor.py:186} INFO - Started process (PID=513) to work on /home/airflow/.local/lib/python3.12/site-packages/airflow/example_dags/example_bash_operator.py
[2024-11-09T08:56:11.452+0000] {processor.py:914} INFO - Processing file /home/airflow/.local/lib/python3.12/site-packages/airflow/example_dags/example_bash_operator.py for tasks to queue
[2024-11-09T08:56:11.459+0000] {logging_mixin.py:190} INFO - [2024-11-09T08:56:11.458+0000] {dagbag.py:588} INFO - Filling up the DagBag from /home/airflow/.local/lib/python3.12/site-packages/airflow/example_dags/example_bash_operator.py
[2024-11-09T08:56:11.502+0000] {processor.py:925} INFO - DAG(s) 'example_bash_operator' retrieved from /home/airflow/.local/lib/python3.12/site-packages/airflow/example_dags/example_bash_operator.py
[2024-11-09T08:56:11.555+0000] {logging_mixin.py:190} INFO - [2024-11-09T08:56:11.554+0000] {dag.py:3239} INFO - Sync 1 DAGs
[2024-11-09T08:56:11.584+0000] {logging_mixin.py:190} INFO - [2024-11-09T08:56:11.584+0000] {dag.py:4180} INFO - Setting next_dagrun for example_bash_operator to 2024-11-08 00:00:00+00:00, run_after=2024-11-09 00:00:00+00:00
[2024-11-09T08:56:11.707+0000] {processor.py:208} INFO - Processing /home/airflow/.local/lib/python3.12/site-packages/airflow/example_dags/example_bash_operator.py took 0.277 seconds
[2024-11-09T08:56:42.837+0000] {processor.py:186} INFO - Started process (PID=577) to work on /home/airflow/.local/lib/python3.12/site-packages/airflow/example_dags/example_bash_operator.py
[2024-11-09T08:56:42.839+0000] {processor.py:914} INFO - Processing file /home/airflow/.local/lib/python3.12/site-packages/airflow/example_dags/example_bash_operator.py for tasks to queue
[2024-11-09T08:56:42.841+0000] {logging_mixin.py:190} INFO - [2024-11-09T08:56:42.841+0000] {dagbag.py:588} INFO - Filling up the DagBag from /home/airflow/.local/lib/python3.12/site-packages/airflow/example_dags/example_bash_operator.py
[2024-11-09T08:56:42.855+0000] {processor.py:925} INFO - DAG(s) 'example_bash_operator' retrieved from /home/airflow/.local/lib/python3.12/site-packages/airflow/example_dags/example_bash_operator.py
[2024-11-09T08:56:42.885+0000] {logging_mixin.py:190} INFO - [2024-11-09T08:56:42.884+0000] {dag.py:3239} INFO - Sync 1 DAGs
[2024-11-09T08:56:42.910+0000] {logging_mixin.py:190} INFO - [2024-11-09T08:56:42.910+0000] {dag.py:4180} INFO - Setting next_dagrun for example_bash_operator to 2024-11-08 00:00:00+00:00, run_after=2024-11-09 00:00:00+00:00
[2024-11-09T08:56:43.097+0000] {processor.py:208} INFO - Processing /home/airflow/.local/lib/python3.12/site-packages/airflow/example_dags/example_bash_operator.py took 0.266 seconds
[2024-11-09T08:57:14.621+0000] {processor.py:186} INFO - Started process (PID=641) to work on /home/airflow/.local/lib/python3.12/site-packages/airflow/example_dags/example_bash_operator.py
[2024-11-09T08:57:14.623+0000] {processor.py:914} INFO - Processing file /home/airflow/.local/lib/python3.12/site-packages/airflow/example_dags/example_bash_operator.py for tasks to queue
[2024-11-09T08:57:14.626+0000] {logging_mixin.py:190} INFO - [2024-11-09T08:57:14.626+0000] {dagbag.py:588} INFO - Filling up the DagBag from /home/airflow/.local/lib/python3.12/site-packages/airflow/example_dags/example_bash_operator.py
[2024-11-09T08:57:14.643+0000] {processor.py:925} INFO - DAG(s) 'example_bash_operator' retrieved from /home/airflow/.local/lib/python3.12/site-packages/airflow/example_dags/example_bash_operator.py
[2024-11-09T08:57:14.673+0000] {logging_mixin.py:190} INFO - [2024-11-09T08:57:14.673+0000] {dag.py:3239} INFO - Sync 1 DAGs
[2024-11-09T08:57:14.701+0000] {logging_mixin.py:190} INFO - [2024-11-09T08:57:14.700+0000] {dag.py:4180} INFO - Setting next_dagrun for example_bash_operator to 2024-11-08 00:00:00+00:00, run_after=2024-11-09 00:00:00+00:00
[2024-11-09T08:57:14.728+0000] {processor.py:208} INFO - Processing /home/airflow/.local/lib/python3.12/site-packages/airflow/example_dags/example_bash_operator.py took 0.115 seconds
[2024-11-09T08:57:46.585+0000] {processor.py:186} INFO - Started process (PID=712) to work on /home/airflow/.local/lib/python3.12/site-packages/airflow/example_dags/example_bash_operator.py
[2024-11-09T08:57:46.586+0000] {processor.py:914} INFO - Processing file /home/airflow/.local/lib/python3.12/site-packages/airflow/example_dags/example_bash_operator.py for tasks to queue
[2024-11-09T08:57:46.589+0000] {logging_mixin.py:190} INFO - [2024-11-09T08:57:46.589+0000] {dagbag.py:588} INFO - Filling up the DagBag from /home/airflow/.local/lib/python3.12/site-packages/airflow/example_dags/example_bash_operator.py
[2024-11-09T08:57:46.605+0000] {processor.py:925} INFO - DAG(s) 'example_bash_operator' retrieved from /home/airflow/.local/lib/python3.12/site-packages/airflow/example_dags/example_bash_operator.py
[2024-11-09T08:57:46.636+0000] {logging_mixin.py:190} INFO - [2024-11-09T08:57:46.635+0000] {dag.py:3239} INFO - Sync 1 DAGs
[2024-11-09T08:57:46.665+0000] {logging_mixin.py:190} INFO - [2024-11-09T08:57:46.665+0000] {dag.py:4180} INFO - Setting next_dagrun for example_bash_operator to 2024-11-08 00:00:00+00:00, run_after=2024-11-09 00:00:00+00:00
[2024-11-09T08:57:46.776+0000] {processor.py:208} INFO - Processing /home/airflow/.local/lib/python3.12/site-packages/airflow/example_dags/example_bash_operator.py took 0.198 seconds
[2024-11-09T08:58:17.660+0000] {processor.py:186} INFO - Started process (PID=775) to work on /home/airflow/.local/lib/python3.12/site-packages/airflow/example_dags/example_bash_operator.py
[2024-11-09T08:58:17.661+0000] {processor.py:914} INFO - Processing file /home/airflow/.local/lib/python3.12/site-packages/airflow/example_dags/example_bash_operator.py for tasks to queue
[2024-11-09T08:58:17.664+0000] {logging_mixin.py:190} INFO - [2024-11-09T08:58:17.664+0000] {dagbag.py:588} INFO - Filling up the DagBag from /home/airflow/.local/lib/python3.12/site-packages/airflow/example_dags/example_bash_operator.py
[2024-11-09T08:58:17.682+0000] {processor.py:925} INFO - DAG(s) 'example_bash_operator' retrieved from /home/airflow/.local/lib/python3.12/site-packages/airflow/example_dags/example_bash_operator.py
[2024-11-09T08:58:17.714+0000] {logging_mixin.py:190} INFO - [2024-11-09T08:58:17.714+0000] {dag.py:3239} INFO - Sync 1 DAGs
[2024-11-09T08:58:17.742+0000] {logging_mixin.py:190} INFO - [2024-11-09T08:58:17.742+0000] {dag.py:4180} INFO - Setting next_dagrun for example_bash_operator to 2024-11-08 00:00:00+00:00, run_after=2024-11-09 00:00:00+00:00
[2024-11-09T08:58:17.782+0000] {processor.py:208} INFO - Processing /home/airflow/.local/lib/python3.12/site-packages/airflow/example_dags/example_bash_operator.py took 0.130 seconds
[2024-11-09T10:15:44.107+0000] {processor.py:186} INFO - Started process (PID=111) to work on /home/airflow/.local/lib/python3.12/site-packages/airflow/example_dags/example_bash_operator.py
[2024-11-09T10:15:44.109+0000] {processor.py:914} INFO - Processing file /home/airflow/.local/lib/python3.12/site-packages/airflow/example_dags/example_bash_operator.py for tasks to queue
[2024-11-09T10:15:44.113+0000] {logging_mixin.py:190} INFO - [2024-11-09T10:15:44.112+0000] {dagbag.py:588} INFO - Filling up the DagBag from /home/airflow/.local/lib/python3.12/site-packages/airflow/example_dags/example_bash_operator.py
[2024-11-09T10:15:44.133+0000] {processor.py:925} INFO - DAG(s) 'example_bash_operator' retrieved from /home/airflow/.local/lib/python3.12/site-packages/airflow/example_dags/example_bash_operator.py
[2024-11-09T10:15:44.166+0000] {logging_mixin.py:190} INFO - [2024-11-09T10:15:44.166+0000] {dag.py:3239} INFO - Sync 1 DAGs
[2024-11-09T10:15:44.195+0000] {logging_mixin.py:190} INFO - [2024-11-09T10:15:44.195+0000] {dag.py:4180} INFO - Setting next_dagrun for example_bash_operator to 2024-11-08 00:00:00+00:00, run_after=2024-11-09 00:00:00+00:00
[2024-11-09T10:15:44.246+0000] {processor.py:208} INFO - Processing /home/airflow/.local/lib/python3.12/site-packages/airflow/example_dags/example_bash_operator.py took 0.146 seconds
[2024-11-09T10:16:16.185+0000] {processor.py:186} INFO - Started process (PID=176) to work on /home/airflow/.local/lib/python3.12/site-packages/airflow/example_dags/example_bash_operator.py
[2024-11-09T10:16:16.186+0000] {processor.py:914} INFO - Processing file /home/airflow/.local/lib/python3.12/site-packages/airflow/example_dags/example_bash_operator.py for tasks to queue
[2024-11-09T10:16:16.189+0000] {logging_mixin.py:190} INFO - [2024-11-09T10:16:16.189+0000] {dagbag.py:588} INFO - Filling up the DagBag from /home/airflow/.local/lib/python3.12/site-packages/airflow/example_dags/example_bash_operator.py
[2024-11-09T10:16:16.237+0000] {processor.py:925} INFO - DAG(s) 'example_bash_operator' retrieved from /home/airflow/.local/lib/python3.12/site-packages/airflow/example_dags/example_bash_operator.py
[2024-11-09T10:16:16.311+0000] {logging_mixin.py:190} INFO - [2024-11-09T10:16:16.310+0000] {dag.py:3239} INFO - Sync 1 DAGs
[2024-11-09T10:16:16.534+0000] {logging_mixin.py:190} INFO - [2024-11-09T10:16:16.533+0000] {dag.py:4180} INFO - Setting next_dagrun for example_bash_operator to 2024-11-08 00:00:00+00:00, run_after=2024-11-09 00:00:00+00:00
[2024-11-09T10:16:16.594+0000] {processor.py:208} INFO - Processing /home/airflow/.local/lib/python3.12/site-packages/airflow/example_dags/example_bash_operator.py took 0.417 seconds
[2024-11-09T10:16:49.256+0000] {processor.py:186} INFO - Started process (PID=240) to work on /home/airflow/.local/lib/python3.12/site-packages/airflow/example_dags/example_bash_operator.py
[2024-11-09T10:16:49.257+0000] {processor.py:914} INFO - Processing file /home/airflow/.local/lib/python3.12/site-packages/airflow/example_dags/example_bash_operator.py for tasks to queue
[2024-11-09T10:16:49.260+0000] {logging_mixin.py:190} INFO - [2024-11-09T10:16:49.259+0000] {dagbag.py:588} INFO - Filling up the DagBag from /home/airflow/.local/lib/python3.12/site-packages/airflow/example_dags/example_bash_operator.py
[2024-11-09T10:16:49.274+0000] {processor.py:925} INFO - DAG(s) 'example_bash_operator' retrieved from /home/airflow/.local/lib/python3.12/site-packages/airflow/example_dags/example_bash_operator.py
[2024-11-09T10:16:49.306+0000] {logging_mixin.py:190} INFO - [2024-11-09T10:16:49.306+0000] {dag.py:3239} INFO - Sync 1 DAGs
[2024-11-09T10:16:49.336+0000] {logging_mixin.py:190} INFO - [2024-11-09T10:16:49.336+0000] {dag.py:4180} INFO - Setting next_dagrun for example_bash_operator to 2024-11-08 00:00:00+00:00, run_after=2024-11-09 00:00:00+00:00
[2024-11-09T10:16:49.364+0000] {processor.py:208} INFO - Processing /home/airflow/.local/lib/python3.12/site-packages/airflow/example_dags/example_bash_operator.py took 0.114 seconds
[2024-11-09T10:22:52.965+0000] {processor.py:186} INFO - Started process (PID=112) to work on /home/airflow/.local/lib/python3.12/site-packages/airflow/example_dags/example_bash_operator.py
[2024-11-09T10:22:52.966+0000] {processor.py:914} INFO - Processing file /home/airflow/.local/lib/python3.12/site-packages/airflow/example_dags/example_bash_operator.py for tasks to queue
[2024-11-09T10:22:52.969+0000] {logging_mixin.py:190} INFO - [2024-11-09T10:22:52.969+0000] {dagbag.py:588} INFO - Filling up the DagBag from /home/airflow/.local/lib/python3.12/site-packages/airflow/example_dags/example_bash_operator.py
[2024-11-09T10:22:52.988+0000] {processor.py:925} INFO - DAG(s) 'example_bash_operator' retrieved from /home/airflow/.local/lib/python3.12/site-packages/airflow/example_dags/example_bash_operator.py
[2024-11-09T10:22:53.024+0000] {logging_mixin.py:190} INFO - [2024-11-09T10:22:53.024+0000] {dag.py:3239} INFO - Sync 1 DAGs
[2024-11-09T10:22:53.062+0000] {logging_mixin.py:190} INFO - [2024-11-09T10:22:53.062+0000] {dag.py:4180} INFO - Setting next_dagrun for example_bash_operator to 2024-11-08 00:00:00+00:00, run_after=2024-11-09 00:00:00+00:00
[2024-11-09T10:22:53.088+0000] {processor.py:208} INFO - Processing /home/airflow/.local/lib/python3.12/site-packages/airflow/example_dags/example_bash_operator.py took 0.131 seconds
[2024-11-09T10:23:24.610+0000] {processor.py:186} INFO - Started process (PID=176) to work on /home/airflow/.local/lib/python3.12/site-packages/airflow/example_dags/example_bash_operator.py
[2024-11-09T10:23:24.611+0000] {processor.py:914} INFO - Processing file /home/airflow/.local/lib/python3.12/site-packages/airflow/example_dags/example_bash_operator.py for tasks to queue
[2024-11-09T10:23:24.614+0000] {logging_mixin.py:190} INFO - [2024-11-09T10:23:24.614+0000] {dagbag.py:588} INFO - Filling up the DagBag from /home/airflow/.local/lib/python3.12/site-packages/airflow/example_dags/example_bash_operator.py
[2024-11-09T10:23:24.633+0000] {processor.py:925} INFO - DAG(s) 'example_bash_operator' retrieved from /home/airflow/.local/lib/python3.12/site-packages/airflow/example_dags/example_bash_operator.py
[2024-11-09T10:23:24.671+0000] {logging_mixin.py:190} INFO - [2024-11-09T10:23:24.670+0000] {dag.py:3239} INFO - Sync 1 DAGs
[2024-11-09T10:23:24.708+0000] {logging_mixin.py:190} INFO - [2024-11-09T10:23:24.708+0000] {dag.py:4180} INFO - Setting next_dagrun for example_bash_operator to 2024-11-08 00:00:00+00:00, run_after=2024-11-09 00:00:00+00:00
[2024-11-09T10:23:24.773+0000] {processor.py:208} INFO - Processing /home/airflow/.local/lib/python3.12/site-packages/airflow/example_dags/example_bash_operator.py took 0.173 seconds
[2024-11-09T10:23:55.478+0000] {processor.py:186} INFO - Started process (PID=240) to work on /home/airflow/.local/lib/python3.12/site-packages/airflow/example_dags/example_bash_operator.py
[2024-11-09T10:23:55.479+0000] {processor.py:914} INFO - Processing file /home/airflow/.local/lib/python3.12/site-packages/airflow/example_dags/example_bash_operator.py for tasks to queue
[2024-11-09T10:23:55.482+0000] {logging_mixin.py:190} INFO - [2024-11-09T10:23:55.482+0000] {dagbag.py:588} INFO - Filling up the DagBag from /home/airflow/.local/lib/python3.12/site-packages/airflow/example_dags/example_bash_operator.py
[2024-11-09T10:23:55.501+0000] {processor.py:925} INFO - DAG(s) 'example_bash_operator' retrieved from /home/airflow/.local/lib/python3.12/site-packages/airflow/example_dags/example_bash_operator.py
[2024-11-09T10:23:55.536+0000] {logging_mixin.py:190} INFO - [2024-11-09T10:23:55.535+0000] {dag.py:3239} INFO - Sync 1 DAGs
[2024-11-09T10:23:55.565+0000] {logging_mixin.py:190} INFO - [2024-11-09T10:23:55.564+0000] {dag.py:4180} INFO - Setting next_dagrun for example_bash_operator to 2024-11-08 00:00:00+00:00, run_after=2024-11-09 00:00:00+00:00
[2024-11-09T10:23:55.613+0000] {processor.py:208} INFO - Processing /home/airflow/.local/lib/python3.12/site-packages/airflow/example_dags/example_bash_operator.py took 0.142 seconds
[2024-11-09T10:24:27.416+0000] {processor.py:186} INFO - Started process (PID=304) to work on /home/airflow/.local/lib/python3.12/site-packages/airflow/example_dags/example_bash_operator.py
[2024-11-09T10:24:27.444+0000] {processor.py:914} INFO - Processing file /home/airflow/.local/lib/python3.12/site-packages/airflow/example_dags/example_bash_operator.py for tasks to queue
[2024-11-09T10:24:27.455+0000] {logging_mixin.py:190} INFO - [2024-11-09T10:24:27.455+0000] {dagbag.py:588} INFO - Filling up the DagBag from /home/airflow/.local/lib/python3.12/site-packages/airflow/example_dags/example_bash_operator.py
[2024-11-09T10:24:27.477+0000] {processor.py:925} INFO - DAG(s) 'example_bash_operator' retrieved from /home/airflow/.local/lib/python3.12/site-packages/airflow/example_dags/example_bash_operator.py
[2024-11-09T10:24:27.524+0000] {logging_mixin.py:190} INFO - [2024-11-09T10:24:27.524+0000] {dag.py:3239} INFO - Sync 1 DAGs
[2024-11-09T10:24:27.560+0000] {logging_mixin.py:190} INFO - [2024-11-09T10:24:27.559+0000] {dag.py:4180} INFO - Setting next_dagrun for example_bash_operator to 2024-11-08 00:00:00+00:00, run_after=2024-11-09 00:00:00+00:00
[2024-11-09T10:24:27.639+0000] {processor.py:208} INFO - Processing /home/airflow/.local/lib/python3.12/site-packages/airflow/example_dags/example_bash_operator.py took 0.241 seconds
[2024-11-09T10:24:59.605+0000] {processor.py:186} INFO - Started process (PID=368) to work on /home/airflow/.local/lib/python3.12/site-packages/airflow/example_dags/example_bash_operator.py
[2024-11-09T10:24:59.607+0000] {processor.py:914} INFO - Processing file /home/airflow/.local/lib/python3.12/site-packages/airflow/example_dags/example_bash_operator.py for tasks to queue
[2024-11-09T10:24:59.610+0000] {logging_mixin.py:190} INFO - [2024-11-09T10:24:59.609+0000] {dagbag.py:588} INFO - Filling up the DagBag from /home/airflow/.local/lib/python3.12/site-packages/airflow/example_dags/example_bash_operator.py
[2024-11-09T10:24:59.629+0000] {processor.py:925} INFO - DAG(s) 'example_bash_operator' retrieved from /home/airflow/.local/lib/python3.12/site-packages/airflow/example_dags/example_bash_operator.py
[2024-11-09T10:24:59.663+0000] {logging_mixin.py:190} INFO - [2024-11-09T10:24:59.663+0000] {dag.py:3239} INFO - Sync 1 DAGs
[2024-11-09T10:24:59.694+0000] {logging_mixin.py:190} INFO - [2024-11-09T10:24:59.693+0000] {dag.py:4180} INFO - Setting next_dagrun for example_bash_operator to 2024-11-08 00:00:00+00:00, run_after=2024-11-09 00:00:00+00:00
[2024-11-09T10:24:59.863+0000] {processor.py:208} INFO - Processing /home/airflow/.local/lib/python3.12/site-packages/airflow/example_dags/example_bash_operator.py took 0.267 seconds
[2024-11-09T10:25:30.648+0000] {processor.py:186} INFO - Started process (PID=432) to work on /home/airflow/.local/lib/python3.12/site-packages/airflow/example_dags/example_bash_operator.py
[2024-11-09T10:25:30.651+0000] {processor.py:914} INFO - Processing file /home/airflow/.local/lib/python3.12/site-packages/airflow/example_dags/example_bash_operator.py for tasks to queue
[2024-11-09T10:25:30.655+0000] {logging_mixin.py:190} INFO - [2024-11-09T10:25:30.655+0000] {dagbag.py:588} INFO - Filling up the DagBag from /home/airflow/.local/lib/python3.12/site-packages/airflow/example_dags/example_bash_operator.py
[2024-11-09T10:25:30.683+0000] {processor.py:925} INFO - DAG(s) 'example_bash_operator' retrieved from /home/airflow/.local/lib/python3.12/site-packages/airflow/example_dags/example_bash_operator.py
[2024-11-09T10:25:30.720+0000] {logging_mixin.py:190} INFO - [2024-11-09T10:25:30.719+0000] {dag.py:3239} INFO - Sync 1 DAGs
[2024-11-09T10:25:30.749+0000] {logging_mixin.py:190} INFO - [2024-11-09T10:25:30.749+0000] {dag.py:4180} INFO - Setting next_dagrun for example_bash_operator to 2024-11-08 00:00:00+00:00, run_after=2024-11-09 00:00:00+00:00
[2024-11-09T10:25:30.775+0000] {processor.py:208} INFO - Processing /home/airflow/.local/lib/python3.12/site-packages/airflow/example_dags/example_bash_operator.py took 0.139 seconds
[2024-11-09T10:26:02.394+0000] {processor.py:186} INFO - Started process (PID=496) to work on /home/airflow/.local/lib/python3.12/site-packages/airflow/example_dags/example_bash_operator.py
[2024-11-09T10:26:02.395+0000] {processor.py:914} INFO - Processing file /home/airflow/.local/lib/python3.12/site-packages/airflow/example_dags/example_bash_operator.py for tasks to queue
[2024-11-09T10:26:02.398+0000] {logging_mixin.py:190} INFO - [2024-11-09T10:26:02.397+0000] {dagbag.py:588} INFO - Filling up the DagBag from /home/airflow/.local/lib/python3.12/site-packages/airflow/example_dags/example_bash_operator.py
[2024-11-09T10:26:02.415+0000] {processor.py:925} INFO - DAG(s) 'example_bash_operator' retrieved from /home/airflow/.local/lib/python3.12/site-packages/airflow/example_dags/example_bash_operator.py
[2024-11-09T10:26:02.470+0000] {logging_mixin.py:190} INFO - [2024-11-09T10:26:02.469+0000] {dag.py:3239} INFO - Sync 1 DAGs
[2024-11-09T10:26:02.500+0000] {logging_mixin.py:190} INFO - [2024-11-09T10:26:02.499+0000] {dag.py:4180} INFO - Setting next_dagrun for example_bash_operator to 2024-11-08 00:00:00+00:00, run_after=2024-11-09 00:00:00+00:00
[2024-11-09T10:26:02.586+0000] {processor.py:208} INFO - Processing /home/airflow/.local/lib/python3.12/site-packages/airflow/example_dags/example_bash_operator.py took 0.199 seconds
[2024-11-09T10:26:33.946+0000] {processor.py:186} INFO - Started process (PID=561) to work on /home/airflow/.local/lib/python3.12/site-packages/airflow/example_dags/example_bash_operator.py
[2024-11-09T10:26:33.947+0000] {processor.py:914} INFO - Processing file /home/airflow/.local/lib/python3.12/site-packages/airflow/example_dags/example_bash_operator.py for tasks to queue
[2024-11-09T10:26:33.950+0000] {logging_mixin.py:190} INFO - [2024-11-09T10:26:33.950+0000] {dagbag.py:588} INFO - Filling up the DagBag from /home/airflow/.local/lib/python3.12/site-packages/airflow/example_dags/example_bash_operator.py
[2024-11-09T10:26:33.967+0000] {processor.py:925} INFO - DAG(s) 'example_bash_operator' retrieved from /home/airflow/.local/lib/python3.12/site-packages/airflow/example_dags/example_bash_operator.py
[2024-11-09T10:26:33.999+0000] {logging_mixin.py:190} INFO - [2024-11-09T10:26:33.999+0000] {dag.py:3239} INFO - Sync 1 DAGs
[2024-11-09T10:26:34.029+0000] {logging_mixin.py:190} INFO - [2024-11-09T10:26:34.028+0000] {dag.py:4180} INFO - Setting next_dagrun for example_bash_operator to 2024-11-08 00:00:00+00:00, run_after=2024-11-09 00:00:00+00:00
[2024-11-09T10:26:34.083+0000] {processor.py:208} INFO - Processing /home/airflow/.local/lib/python3.12/site-packages/airflow/example_dags/example_bash_operator.py took 0.145 seconds
[2024-11-09T10:27:05.685+0000] {processor.py:186} INFO - Started process (PID=625) to work on /home/airflow/.local/lib/python3.12/site-packages/airflow/example_dags/example_bash_operator.py
[2024-11-09T10:27:05.686+0000] {processor.py:914} INFO - Processing file /home/airflow/.local/lib/python3.12/site-packages/airflow/example_dags/example_bash_operator.py for tasks to queue
[2024-11-09T10:27:05.689+0000] {logging_mixin.py:190} INFO - [2024-11-09T10:27:05.689+0000] {dagbag.py:588} INFO - Filling up the DagBag from /home/airflow/.local/lib/python3.12/site-packages/airflow/example_dags/example_bash_operator.py
[2024-11-09T10:27:05.706+0000] {processor.py:925} INFO - DAG(s) 'example_bash_operator' retrieved from /home/airflow/.local/lib/python3.12/site-packages/airflow/example_dags/example_bash_operator.py
[2024-11-09T10:27:05.745+0000] {logging_mixin.py:190} INFO - [2024-11-09T10:27:05.744+0000] {dag.py:3239} INFO - Sync 1 DAGs
[2024-11-09T10:27:05.772+0000] {logging_mixin.py:190} INFO - [2024-11-09T10:27:05.772+0000] {dag.py:4180} INFO - Setting next_dagrun for example_bash_operator to 2024-11-08 00:00:00+00:00, run_after=2024-11-09 00:00:00+00:00
[2024-11-09T10:27:05.818+0000] {processor.py:208} INFO - Processing /home/airflow/.local/lib/python3.12/site-packages/airflow/example_dags/example_bash_operator.py took 0.140 seconds
[2024-11-09T10:27:36.578+0000] {processor.py:186} INFO - Started process (PID=689) to work on /home/airflow/.local/lib/python3.12/site-packages/airflow/example_dags/example_bash_operator.py
[2024-11-09T10:27:36.579+0000] {processor.py:914} INFO - Processing file /home/airflow/.local/lib/python3.12/site-packages/airflow/example_dags/example_bash_operator.py for tasks to queue
[2024-11-09T10:27:36.582+0000] {logging_mixin.py:190} INFO - [2024-11-09T10:27:36.581+0000] {dagbag.py:588} INFO - Filling up the DagBag from /home/airflow/.local/lib/python3.12/site-packages/airflow/example_dags/example_bash_operator.py
[2024-11-09T10:27:36.599+0000] {processor.py:925} INFO - DAG(s) 'example_bash_operator' retrieved from /home/airflow/.local/lib/python3.12/site-packages/airflow/example_dags/example_bash_operator.py
[2024-11-09T10:27:36.630+0000] {logging_mixin.py:190} INFO - [2024-11-09T10:27:36.630+0000] {dag.py:3239} INFO - Sync 1 DAGs
[2024-11-09T10:27:36.658+0000] {logging_mixin.py:190} INFO - [2024-11-09T10:27:36.658+0000] {dag.py:4180} INFO - Setting next_dagrun for example_bash_operator to 2024-11-08 00:00:00+00:00, run_after=2024-11-09 00:00:00+00:00
[2024-11-09T10:27:36.722+0000] {processor.py:208} INFO - Processing /home/airflow/.local/lib/python3.12/site-packages/airflow/example_dags/example_bash_operator.py took 0.151 seconds
[2024-11-09T10:28:07.803+0000] {processor.py:186} INFO - Started process (PID=760) to work on /home/airflow/.local/lib/python3.12/site-packages/airflow/example_dags/example_bash_operator.py
[2024-11-09T10:28:07.805+0000] {processor.py:914} INFO - Processing file /home/airflow/.local/lib/python3.12/site-packages/airflow/example_dags/example_bash_operator.py for tasks to queue
[2024-11-09T10:28:07.807+0000] {logging_mixin.py:190} INFO - [2024-11-09T10:28:07.807+0000] {dagbag.py:588} INFO - Filling up the DagBag from /home/airflow/.local/lib/python3.12/site-packages/airflow/example_dags/example_bash_operator.py
[2024-11-09T10:28:07.823+0000] {processor.py:925} INFO - DAG(s) 'example_bash_operator' retrieved from /home/airflow/.local/lib/python3.12/site-packages/airflow/example_dags/example_bash_operator.py
[2024-11-09T10:28:07.858+0000] {logging_mixin.py:190} INFO - [2024-11-09T10:28:07.858+0000] {dag.py:3239} INFO - Sync 1 DAGs
[2024-11-09T10:28:07.888+0000] {logging_mixin.py:190} INFO - [2024-11-09T10:28:07.888+0000] {dag.py:4180} INFO - Setting next_dagrun for example_bash_operator to 2024-11-08 00:00:00+00:00, run_after=2024-11-09 00:00:00+00:00
[2024-11-09T10:28:07.951+0000] {processor.py:208} INFO - Processing /home/airflow/.local/lib/python3.12/site-packages/airflow/example_dags/example_bash_operator.py took 0.154 seconds
[2024-11-09T10:28:38.055+0000] {processor.py:186} INFO - Started process (PID=824) to work on /home/airflow/.local/lib/python3.12/site-packages/airflow/example_dags/example_bash_operator.py
[2024-11-09T10:28:38.056+0000] {processor.py:914} INFO - Processing file /home/airflow/.local/lib/python3.12/site-packages/airflow/example_dags/example_bash_operator.py for tasks to queue
[2024-11-09T10:28:38.059+0000] {logging_mixin.py:190} INFO - [2024-11-09T10:28:38.059+0000] {dagbag.py:588} INFO - Filling up the DagBag from /home/airflow/.local/lib/python3.12/site-packages/airflow/example_dags/example_bash_operator.py
[2024-11-09T10:28:38.077+0000] {processor.py:925} INFO - DAG(s) 'example_bash_operator' retrieved from /home/airflow/.local/lib/python3.12/site-packages/airflow/example_dags/example_bash_operator.py
[2024-11-09T10:28:38.111+0000] {logging_mixin.py:190} INFO - [2024-11-09T10:28:38.111+0000] {dag.py:3239} INFO - Sync 1 DAGs
[2024-11-09T10:28:38.139+0000] {logging_mixin.py:190} INFO - [2024-11-09T10:28:38.139+0000] {dag.py:4180} INFO - Setting next_dagrun for example_bash_operator to 2024-11-08 00:00:00+00:00, run_after=2024-11-09 00:00:00+00:00
[2024-11-09T10:28:38.164+0000] {processor.py:208} INFO - Processing /home/airflow/.local/lib/python3.12/site-packages/airflow/example_dags/example_bash_operator.py took 0.117 seconds
[2024-11-09T10:29:09.549+0000] {processor.py:186} INFO - Started process (PID=888) to work on /home/airflow/.local/lib/python3.12/site-packages/airflow/example_dags/example_bash_operator.py
[2024-11-09T10:29:09.550+0000] {processor.py:914} INFO - Processing file /home/airflow/.local/lib/python3.12/site-packages/airflow/example_dags/example_bash_operator.py for tasks to queue
[2024-11-09T10:29:09.552+0000] {logging_mixin.py:190} INFO - [2024-11-09T10:29:09.552+0000] {dagbag.py:588} INFO - Filling up the DagBag from /home/airflow/.local/lib/python3.12/site-packages/airflow/example_dags/example_bash_operator.py
[2024-11-09T10:29:09.569+0000] {processor.py:925} INFO - DAG(s) 'example_bash_operator' retrieved from /home/airflow/.local/lib/python3.12/site-packages/airflow/example_dags/example_bash_operator.py
[2024-11-09T10:29:09.601+0000] {logging_mixin.py:190} INFO - [2024-11-09T10:29:09.601+0000] {dag.py:3239} INFO - Sync 1 DAGs
[2024-11-09T10:29:09.629+0000] {logging_mixin.py:190} INFO - [2024-11-09T10:29:09.628+0000] {dag.py:4180} INFO - Setting next_dagrun for example_bash_operator to 2024-11-08 00:00:00+00:00, run_after=2024-11-09 00:00:00+00:00
[2024-11-09T10:29:09.905+0000] {processor.py:208} INFO - Processing /home/airflow/.local/lib/python3.12/site-packages/airflow/example_dags/example_bash_operator.py took 0.363 seconds
[2024-11-09T10:29:40.910+0000] {processor.py:186} INFO - Started process (PID=953) to work on /home/airflow/.local/lib/python3.12/site-packages/airflow/example_dags/example_bash_operator.py
[2024-11-09T10:29:40.911+0000] {processor.py:914} INFO - Processing file /home/airflow/.local/lib/python3.12/site-packages/airflow/example_dags/example_bash_operator.py for tasks to queue
[2024-11-09T10:29:40.914+0000] {logging_mixin.py:190} INFO - [2024-11-09T10:29:40.913+0000] {dagbag.py:588} INFO - Filling up the DagBag from /home/airflow/.local/lib/python3.12/site-packages/airflow/example_dags/example_bash_operator.py
[2024-11-09T10:29:40.934+0000] {processor.py:925} INFO - DAG(s) 'example_bash_operator' retrieved from /home/airflow/.local/lib/python3.12/site-packages/airflow/example_dags/example_bash_operator.py
[2024-11-09T10:29:40.970+0000] {logging_mixin.py:190} INFO - [2024-11-09T10:29:40.970+0000] {dag.py:3239} INFO - Sync 1 DAGs
[2024-11-09T10:29:41.004+0000] {logging_mixin.py:190} INFO - [2024-11-09T10:29:41.004+0000] {dag.py:4180} INFO - Setting next_dagrun for example_bash_operator to 2024-11-08 00:00:00+00:00, run_after=2024-11-09 00:00:00+00:00
[2024-11-09T10:29:41.188+0000] {processor.py:208} INFO - Processing /home/airflow/.local/lib/python3.12/site-packages/airflow/example_dags/example_bash_operator.py took 0.288 seconds
[2024-11-09T10:30:11.828+0000] {processor.py:186} INFO - Started process (PID=1016) to work on /home/airflow/.local/lib/python3.12/site-packages/airflow/example_dags/example_bash_operator.py
[2024-11-09T10:30:11.829+0000] {processor.py:914} INFO - Processing file /home/airflow/.local/lib/python3.12/site-packages/airflow/example_dags/example_bash_operator.py for tasks to queue
[2024-11-09T10:30:11.831+0000] {logging_mixin.py:190} INFO - [2024-11-09T10:30:11.831+0000] {dagbag.py:588} INFO - Filling up the DagBag from /home/airflow/.local/lib/python3.12/site-packages/airflow/example_dags/example_bash_operator.py
[2024-11-09T10:30:11.845+0000] {processor.py:925} INFO - DAG(s) 'example_bash_operator' retrieved from /home/airflow/.local/lib/python3.12/site-packages/airflow/example_dags/example_bash_operator.py
[2024-11-09T10:30:11.877+0000] {logging_mixin.py:190} INFO - [2024-11-09T10:30:11.876+0000] {dag.py:3239} INFO - Sync 1 DAGs
[2024-11-09T10:30:11.904+0000] {logging_mixin.py:190} INFO - [2024-11-09T10:30:11.904+0000] {dag.py:4180} INFO - Setting next_dagrun for example_bash_operator to 2024-11-08 00:00:00+00:00, run_after=2024-11-09 00:00:00+00:00
[2024-11-09T10:30:11.950+0000] {processor.py:208} INFO - Processing /home/airflow/.local/lib/python3.12/site-packages/airflow/example_dags/example_bash_operator.py took 0.129 seconds
[2024-11-09T10:30:42.753+0000] {processor.py:186} INFO - Started process (PID=1080) to work on /home/airflow/.local/lib/python3.12/site-packages/airflow/example_dags/example_bash_operator.py
[2024-11-09T10:30:42.754+0000] {processor.py:914} INFO - Processing file /home/airflow/.local/lib/python3.12/site-packages/airflow/example_dags/example_bash_operator.py for tasks to queue
[2024-11-09T10:30:42.757+0000] {logging_mixin.py:190} INFO - [2024-11-09T10:30:42.757+0000] {dagbag.py:588} INFO - Filling up the DagBag from /home/airflow/.local/lib/python3.12/site-packages/airflow/example_dags/example_bash_operator.py
[2024-11-09T10:30:42.779+0000] {processor.py:925} INFO - DAG(s) 'example_bash_operator' retrieved from /home/airflow/.local/lib/python3.12/site-packages/airflow/example_dags/example_bash_operator.py
[2024-11-09T10:30:42.810+0000] {logging_mixin.py:190} INFO - [2024-11-09T10:30:42.810+0000] {dag.py:3239} INFO - Sync 1 DAGs
[2024-11-09T10:30:42.837+0000] {logging_mixin.py:190} INFO - [2024-11-09T10:30:42.836+0000] {dag.py:4180} INFO - Setting next_dagrun for example_bash_operator to 2024-11-08 00:00:00+00:00, run_after=2024-11-09 00:00:00+00:00
[2024-11-09T10:30:42.889+0000] {processor.py:208} INFO - Processing /home/airflow/.local/lib/python3.12/site-packages/airflow/example_dags/example_bash_operator.py took 0.144 seconds
[2024-11-09T10:31:18.656+0000] {processor.py:186} INFO - Started process (PID=1145) to work on /home/airflow/.local/lib/python3.12/site-packages/airflow/example_dags/example_bash_operator.py
[2024-11-09T10:31:18.657+0000] {processor.py:914} INFO - Processing file /home/airflow/.local/lib/python3.12/site-packages/airflow/example_dags/example_bash_operator.py for tasks to queue
[2024-11-09T10:31:18.660+0000] {logging_mixin.py:190} INFO - [2024-11-09T10:31:18.660+0000] {dagbag.py:588} INFO - Filling up the DagBag from /home/airflow/.local/lib/python3.12/site-packages/airflow/example_dags/example_bash_operator.py
[2024-11-09T10:31:18.676+0000] {processor.py:925} INFO - DAG(s) 'example_bash_operator' retrieved from /home/airflow/.local/lib/python3.12/site-packages/airflow/example_dags/example_bash_operator.py
[2024-11-09T10:31:18.708+0000] {logging_mixin.py:190} INFO - [2024-11-09T10:31:18.707+0000] {dag.py:3239} INFO - Sync 1 DAGs
[2024-11-09T10:31:18.735+0000] {logging_mixin.py:190} INFO - [2024-11-09T10:31:18.735+0000] {dag.py:4180} INFO - Setting next_dagrun for example_bash_operator to 2024-11-08 00:00:00+00:00, run_after=2024-11-09 00:00:00+00:00
[2024-11-09T10:31:18.759+0000] {processor.py:208} INFO - Processing /home/airflow/.local/lib/python3.12/site-packages/airflow/example_dags/example_bash_operator.py took 0.110 seconds
[2024-11-09T10:31:50.501+0000] {processor.py:186} INFO - Started process (PID=1211) to work on /home/airflow/.local/lib/python3.12/site-packages/airflow/example_dags/example_bash_operator.py
[2024-11-09T10:31:50.503+0000] {processor.py:914} INFO - Processing file /home/airflow/.local/lib/python3.12/site-packages/airflow/example_dags/example_bash_operator.py for tasks to queue
[2024-11-09T10:31:50.509+0000] {logging_mixin.py:190} INFO - [2024-11-09T10:31:50.509+0000] {dagbag.py:588} INFO - Filling up the DagBag from /home/airflow/.local/lib/python3.12/site-packages/airflow/example_dags/example_bash_operator.py
[2024-11-09T10:31:50.541+0000] {processor.py:925} INFO - DAG(s) 'example_bash_operator' retrieved from /home/airflow/.local/lib/python3.12/site-packages/airflow/example_dags/example_bash_operator.py
[2024-11-09T10:31:50.574+0000] {logging_mixin.py:190} INFO - [2024-11-09T10:31:50.573+0000] {dag.py:3239} INFO - Sync 1 DAGs
[2024-11-09T10:31:50.616+0000] {logging_mixin.py:190} INFO - [2024-11-09T10:31:50.616+0000] {dag.py:4180} INFO - Setting next_dagrun for example_bash_operator to 2024-11-08 00:00:00+00:00, run_after=2024-11-09 00:00:00+00:00
[2024-11-09T10:31:50.649+0000] {processor.py:208} INFO - Processing /home/airflow/.local/lib/python3.12/site-packages/airflow/example_dags/example_bash_operator.py took 0.161 seconds
[2024-11-09T10:32:22.203+0000] {processor.py:186} INFO - Started process (PID=1275) to work on /home/airflow/.local/lib/python3.12/site-packages/airflow/example_dags/example_bash_operator.py
[2024-11-09T10:32:22.205+0000] {processor.py:914} INFO - Processing file /home/airflow/.local/lib/python3.12/site-packages/airflow/example_dags/example_bash_operator.py for tasks to queue
[2024-11-09T10:32:22.208+0000] {logging_mixin.py:190} INFO - [2024-11-09T10:32:22.207+0000] {dagbag.py:588} INFO - Filling up the DagBag from /home/airflow/.local/lib/python3.12/site-packages/airflow/example_dags/example_bash_operator.py
[2024-11-09T10:32:22.227+0000] {processor.py:925} INFO - DAG(s) 'example_bash_operator' retrieved from /home/airflow/.local/lib/python3.12/site-packages/airflow/example_dags/example_bash_operator.py
[2024-11-09T10:32:22.263+0000] {logging_mixin.py:190} INFO - [2024-11-09T10:32:22.262+0000] {dag.py:3239} INFO - Sync 1 DAGs
[2024-11-09T10:32:22.306+0000] {logging_mixin.py:190} INFO - [2024-11-09T10:32:22.305+0000] {dag.py:4180} INFO - Setting next_dagrun for example_bash_operator to 2024-11-08 00:00:00+00:00, run_after=2024-11-09 00:00:00+00:00
[2024-11-09T10:32:22.378+0000] {processor.py:208} INFO - Processing /home/airflow/.local/lib/python3.12/site-packages/airflow/example_dags/example_bash_operator.py took 0.183 seconds
[2024-11-09T10:32:54.220+0000] {processor.py:186} INFO - Started process (PID=1347) to work on /home/airflow/.local/lib/python3.12/site-packages/airflow/example_dags/example_bash_operator.py
[2024-11-09T10:32:54.221+0000] {processor.py:914} INFO - Processing file /home/airflow/.local/lib/python3.12/site-packages/airflow/example_dags/example_bash_operator.py for tasks to queue
[2024-11-09T10:32:54.226+0000] {logging_mixin.py:190} INFO - [2024-11-09T10:32:54.226+0000] {dagbag.py:588} INFO - Filling up the DagBag from /home/airflow/.local/lib/python3.12/site-packages/airflow/example_dags/example_bash_operator.py
[2024-11-09T10:32:54.258+0000] {processor.py:925} INFO - DAG(s) 'example_bash_operator' retrieved from /home/airflow/.local/lib/python3.12/site-packages/airflow/example_dags/example_bash_operator.py
[2024-11-09T10:32:54.365+0000] {logging_mixin.py:190} INFO - [2024-11-09T10:32:54.365+0000] {dag.py:3239} INFO - Sync 1 DAGs
[2024-11-09T10:32:54.412+0000] {logging_mixin.py:190} INFO - [2024-11-09T10:32:54.412+0000] {dag.py:4180} INFO - Setting next_dagrun for example_bash_operator to 2024-11-08 00:00:00+00:00, run_after=2024-11-09 00:00:00+00:00
[2024-11-09T10:32:54.465+0000] {processor.py:208} INFO - Processing /home/airflow/.local/lib/python3.12/site-packages/airflow/example_dags/example_bash_operator.py took 0.254 seconds
[2024-11-09T10:53:12.848+0000] {processor.py:186} INFO - Started process (PID=114) to work on /home/airflow/.local/lib/python3.12/site-packages/airflow/example_dags/example_bash_operator.py
[2024-11-09T10:53:12.851+0000] {processor.py:914} INFO - Processing file /home/airflow/.local/lib/python3.12/site-packages/airflow/example_dags/example_bash_operator.py for tasks to queue
[2024-11-09T10:53:12.855+0000] {logging_mixin.py:190} INFO - [2024-11-09T10:53:12.853+0000] {dagbag.py:588} INFO - Filling up the DagBag from /home/airflow/.local/lib/python3.12/site-packages/airflow/example_dags/example_bash_operator.py
[2024-11-09T10:53:12.875+0000] {processor.py:925} INFO - DAG(s) 'example_bash_operator' retrieved from /home/airflow/.local/lib/python3.12/site-packages/airflow/example_dags/example_bash_operator.py
[2024-11-09T10:53:12.943+0000] {logging_mixin.py:190} INFO - [2024-11-09T10:53:12.943+0000] {dag.py:3239} INFO - Sync 1 DAGs
[2024-11-09T10:53:12.993+0000] {logging_mixin.py:190} INFO - [2024-11-09T10:53:12.992+0000] {dag.py:4180} INFO - Setting next_dagrun for example_bash_operator to 2024-11-08 00:00:00+00:00, run_after=2024-11-09 00:00:00+00:00
[2024-11-09T10:53:13.024+0000] {processor.py:208} INFO - Processing /home/airflow/.local/lib/python3.12/site-packages/airflow/example_dags/example_bash_operator.py took 0.185 seconds
