[2024-11-09T08:52:49.045+0000] {processor.py:186} INFO - Started process (PID=99) to work on /home/airflow/.local/lib/python3.12/site-packages/airflow/example_dags/example_display_name.py
[2024-11-09T08:52:49.046+0000] {processor.py:914} INFO - Processing file /home/airflow/.local/lib/python3.12/site-packages/airflow/example_dags/example_display_name.py for tasks to queue
[2024-11-09T08:52:49.050+0000] {logging_mixin.py:190} INFO - [2024-11-09T08:52:49.050+0000] {dagbag.py:588} INFO - Filling up the DagBag from /home/airflow/.local/lib/python3.12/site-packages/airflow/example_dags/example_display_name.py
[2024-11-09T08:52:49.068+0000] {processor.py:925} INFO - DAG(s) 'example_display_name' retrieved from /home/airflow/.local/lib/python3.12/site-packages/airflow/example_dags/example_display_name.py
[2024-11-09T08:52:49.094+0000] {logging_mixin.py:190} INFO - [2024-11-09T08:52:49.094+0000] {dag.py:3239} INFO - Sync 1 DAGs
[2024-11-09T08:52:49.114+0000] {logging_mixin.py:190} INFO - [2024-11-09T08:52:49.113+0000] {dag.py:4180} INFO - Setting next_dagrun for example_display_name to None, run_after=None
[2024-11-09T08:52:49.146+0000] {processor.py:208} INFO - Processing /home/airflow/.local/lib/python3.12/site-packages/airflow/example_dags/example_display_name.py took 0.112 seconds
[2024-11-09T08:53:24.491+0000] {processor.py:186} INFO - Started process (PID=163) to work on /home/airflow/.local/lib/python3.12/site-packages/airflow/example_dags/example_display_name.py
[2024-11-09T08:53:24.498+0000] {processor.py:914} INFO - Processing file /home/airflow/.local/lib/python3.12/site-packages/airflow/example_dags/example_display_name.py for tasks to queue
[2024-11-09T08:53:24.514+0000] {logging_mixin.py:190} INFO - [2024-11-09T08:53:24.514+0000] {dagbag.py:588} INFO - Filling up the DagBag from /home/airflow/.local/lib/python3.12/site-packages/airflow/example_dags/example_display_name.py
[2024-11-09T08:53:24.550+0000] {processor.py:925} INFO - DAG(s) 'example_display_name' retrieved from /home/airflow/.local/lib/python3.12/site-packages/airflow/example_dags/example_display_name.py
[2024-11-09T08:53:24.697+0000] {logging_mixin.py:190} INFO - [2024-11-09T08:53:24.697+0000] {dag.py:3239} INFO - Sync 1 DAGs
[2024-11-09T08:53:24.811+0000] {logging_mixin.py:190} INFO - [2024-11-09T08:53:24.811+0000] {dag.py:4180} INFO - Setting next_dagrun for example_display_name to None, run_after=None
[2024-11-09T08:53:24.909+0000] {processor.py:208} INFO - Processing /home/airflow/.local/lib/python3.12/site-packages/airflow/example_dags/example_display_name.py took 0.426 seconds
[2024-11-09T08:53:55.269+0000] {processor.py:186} INFO - Started process (PID=227) to work on /home/airflow/.local/lib/python3.12/site-packages/airflow/example_dags/example_display_name.py
[2024-11-09T08:53:55.270+0000] {processor.py:914} INFO - Processing file /home/airflow/.local/lib/python3.12/site-packages/airflow/example_dags/example_display_name.py for tasks to queue
[2024-11-09T08:53:55.273+0000] {logging_mixin.py:190} INFO - [2024-11-09T08:53:55.273+0000] {dagbag.py:588} INFO - Filling up the DagBag from /home/airflow/.local/lib/python3.12/site-packages/airflow/example_dags/example_display_name.py
[2024-11-09T08:53:55.284+0000] {processor.py:925} INFO - DAG(s) 'example_display_name' retrieved from /home/airflow/.local/lib/python3.12/site-packages/airflow/example_dags/example_display_name.py
[2024-11-09T08:53:55.308+0000] {logging_mixin.py:190} INFO - [2024-11-09T08:53:55.308+0000] {dag.py:3239} INFO - Sync 1 DAGs
[2024-11-09T08:53:55.329+0000] {logging_mixin.py:190} INFO - [2024-11-09T08:53:55.329+0000] {dag.py:4180} INFO - Setting next_dagrun for example_display_name to None, run_after=None
[2024-11-09T08:53:55.354+0000] {processor.py:208} INFO - Processing /home/airflow/.local/lib/python3.12/site-packages/airflow/example_dags/example_display_name.py took 0.092 seconds
[2024-11-09T08:54:29.259+0000] {processor.py:186} INFO - Started process (PID=291) to work on /home/airflow/.local/lib/python3.12/site-packages/airflow/example_dags/example_display_name.py
[2024-11-09T08:54:29.260+0000] {processor.py:914} INFO - Processing file /home/airflow/.local/lib/python3.12/site-packages/airflow/example_dags/example_display_name.py for tasks to queue
[2024-11-09T08:54:29.263+0000] {logging_mixin.py:190} INFO - [2024-11-09T08:54:29.262+0000] {dagbag.py:588} INFO - Filling up the DagBag from /home/airflow/.local/lib/python3.12/site-packages/airflow/example_dags/example_display_name.py
[2024-11-09T08:54:29.274+0000] {processor.py:925} INFO - DAG(s) 'example_display_name' retrieved from /home/airflow/.local/lib/python3.12/site-packages/airflow/example_dags/example_display_name.py
[2024-11-09T08:54:29.301+0000] {logging_mixin.py:190} INFO - [2024-11-09T08:54:29.300+0000] {dag.py:3239} INFO - Sync 1 DAGs
[2024-11-09T08:54:29.320+0000] {logging_mixin.py:190} INFO - [2024-11-09T08:54:29.319+0000] {dag.py:4180} INFO - Setting next_dagrun for example_display_name to None, run_after=None
[2024-11-09T08:54:29.345+0000] {processor.py:208} INFO - Processing /home/airflow/.local/lib/python3.12/site-packages/airflow/example_dags/example_display_name.py took 0.094 seconds
[2024-11-09T08:55:00.855+0000] {processor.py:186} INFO - Started process (PID=356) to work on /home/airflow/.local/lib/python3.12/site-packages/airflow/example_dags/example_display_name.py
[2024-11-09T08:55:00.856+0000] {processor.py:914} INFO - Processing file /home/airflow/.local/lib/python3.12/site-packages/airflow/example_dags/example_display_name.py for tasks to queue
[2024-11-09T08:55:00.860+0000] {logging_mixin.py:190} INFO - [2024-11-09T08:55:00.859+0000] {dagbag.py:588} INFO - Filling up the DagBag from /home/airflow/.local/lib/python3.12/site-packages/airflow/example_dags/example_display_name.py
[2024-11-09T08:55:00.871+0000] {processor.py:925} INFO - DAG(s) 'example_display_name' retrieved from /home/airflow/.local/lib/python3.12/site-packages/airflow/example_dags/example_display_name.py
[2024-11-09T08:55:00.895+0000] {logging_mixin.py:190} INFO - [2024-11-09T08:55:00.895+0000] {dag.py:3239} INFO - Sync 1 DAGs
[2024-11-09T08:55:00.915+0000] {logging_mixin.py:190} INFO - [2024-11-09T08:55:00.915+0000] {dag.py:4180} INFO - Setting next_dagrun for example_display_name to None, run_after=None
[2024-11-09T08:55:00.949+0000] {processor.py:208} INFO - Processing /home/airflow/.local/lib/python3.12/site-packages/airflow/example_dags/example_display_name.py took 0.101 seconds
[2024-11-09T08:55:32.796+0000] {processor.py:186} INFO - Started process (PID=419) to work on /home/airflow/.local/lib/python3.12/site-packages/airflow/example_dags/example_display_name.py
[2024-11-09T08:55:32.797+0000] {processor.py:914} INFO - Processing file /home/airflow/.local/lib/python3.12/site-packages/airflow/example_dags/example_display_name.py for tasks to queue
[2024-11-09T08:55:32.800+0000] {logging_mixin.py:190} INFO - [2024-11-09T08:55:32.800+0000] {dagbag.py:588} INFO - Filling up the DagBag from /home/airflow/.local/lib/python3.12/site-packages/airflow/example_dags/example_display_name.py
[2024-11-09T08:55:32.810+0000] {processor.py:925} INFO - DAG(s) 'example_display_name' retrieved from /home/airflow/.local/lib/python3.12/site-packages/airflow/example_dags/example_display_name.py
[2024-11-09T08:55:32.831+0000] {logging_mixin.py:190} INFO - [2024-11-09T08:55:32.831+0000] {dag.py:3239} INFO - Sync 1 DAGs
[2024-11-09T08:55:32.848+0000] {logging_mixin.py:190} INFO - [2024-11-09T08:55:32.848+0000] {dag.py:4180} INFO - Setting next_dagrun for example_display_name to None, run_after=None
[2024-11-09T08:55:32.892+0000] {processor.py:208} INFO - Processing /home/airflow/.local/lib/python3.12/site-packages/airflow/example_dags/example_display_name.py took 0.103 seconds
[2024-11-09T08:56:04.532+0000] {processor.py:186} INFO - Started process (PID=483) to work on /home/airflow/.local/lib/python3.12/site-packages/airflow/example_dags/example_display_name.py
[2024-11-09T08:56:04.533+0000] {processor.py:914} INFO - Processing file /home/airflow/.local/lib/python3.12/site-packages/airflow/example_dags/example_display_name.py for tasks to queue
[2024-11-09T08:56:04.536+0000] {logging_mixin.py:190} INFO - [2024-11-09T08:56:04.536+0000] {dagbag.py:588} INFO - Filling up the DagBag from /home/airflow/.local/lib/python3.12/site-packages/airflow/example_dags/example_display_name.py
[2024-11-09T08:56:04.546+0000] {processor.py:925} INFO - DAG(s) 'example_display_name' retrieved from /home/airflow/.local/lib/python3.12/site-packages/airflow/example_dags/example_display_name.py
[2024-11-09T08:56:04.568+0000] {logging_mixin.py:190} INFO - [2024-11-09T08:56:04.568+0000] {dag.py:3239} INFO - Sync 1 DAGs
[2024-11-09T08:56:04.586+0000] {logging_mixin.py:190} INFO - [2024-11-09T08:56:04.586+0000] {dag.py:4180} INFO - Setting next_dagrun for example_display_name to None, run_after=None
[2024-11-09T08:56:04.614+0000] {processor.py:208} INFO - Processing /home/airflow/.local/lib/python3.12/site-packages/airflow/example_dags/example_display_name.py took 0.090 seconds
[2024-11-09T08:56:37.003+0000] {processor.py:186} INFO - Started process (PID=547) to work on /home/airflow/.local/lib/python3.12/site-packages/airflow/example_dags/example_display_name.py
[2024-11-09T08:56:37.005+0000] {processor.py:914} INFO - Processing file /home/airflow/.local/lib/python3.12/site-packages/airflow/example_dags/example_display_name.py for tasks to queue
[2024-11-09T08:56:37.008+0000] {logging_mixin.py:190} INFO - [2024-11-09T08:56:37.007+0000] {dagbag.py:588} INFO - Filling up the DagBag from /home/airflow/.local/lib/python3.12/site-packages/airflow/example_dags/example_display_name.py
[2024-11-09T08:56:37.021+0000] {processor.py:925} INFO - DAG(s) 'example_display_name' retrieved from /home/airflow/.local/lib/python3.12/site-packages/airflow/example_dags/example_display_name.py
[2024-11-09T08:56:37.048+0000] {logging_mixin.py:190} INFO - [2024-11-09T08:56:37.048+0000] {dag.py:3239} INFO - Sync 1 DAGs
[2024-11-09T08:56:37.074+0000] {logging_mixin.py:190} INFO - [2024-11-09T08:56:37.074+0000] {dag.py:4180} INFO - Setting next_dagrun for example_display_name to None, run_after=None
[2024-11-09T08:56:37.230+0000] {processor.py:208} INFO - Processing /home/airflow/.local/lib/python3.12/site-packages/airflow/example_dags/example_display_name.py took 0.233 seconds
[2024-11-09T08:57:07.803+0000] {processor.py:186} INFO - Started process (PID=611) to work on /home/airflow/.local/lib/python3.12/site-packages/airflow/example_dags/example_display_name.py
[2024-11-09T08:57:07.804+0000] {processor.py:914} INFO - Processing file /home/airflow/.local/lib/python3.12/site-packages/airflow/example_dags/example_display_name.py for tasks to queue
[2024-11-09T08:57:07.808+0000] {logging_mixin.py:190} INFO - [2024-11-09T08:57:07.807+0000] {dagbag.py:588} INFO - Filling up the DagBag from /home/airflow/.local/lib/python3.12/site-packages/airflow/example_dags/example_display_name.py
[2024-11-09T08:57:07.817+0000] {processor.py:925} INFO - DAG(s) 'example_display_name' retrieved from /home/airflow/.local/lib/python3.12/site-packages/airflow/example_dags/example_display_name.py
[2024-11-09T08:57:07.841+0000] {logging_mixin.py:190} INFO - [2024-11-09T08:57:07.841+0000] {dag.py:3239} INFO - Sync 1 DAGs
[2024-11-09T08:57:07.858+0000] {logging_mixin.py:190} INFO - [2024-11-09T08:57:07.858+0000] {dag.py:4180} INFO - Setting next_dagrun for example_display_name to None, run_after=None
[2024-11-09T08:57:07.883+0000] {processor.py:208} INFO - Processing /home/airflow/.local/lib/python3.12/site-packages/airflow/example_dags/example_display_name.py took 0.087 seconds
[2024-11-09T08:57:38.830+0000] {processor.py:186} INFO - Started process (PID=675) to work on /home/airflow/.local/lib/python3.12/site-packages/airflow/example_dags/example_display_name.py
[2024-11-09T08:57:38.831+0000] {processor.py:914} INFO - Processing file /home/airflow/.local/lib/python3.12/site-packages/airflow/example_dags/example_display_name.py for tasks to queue
[2024-11-09T08:57:38.834+0000] {logging_mixin.py:190} INFO - [2024-11-09T08:57:38.833+0000] {dagbag.py:588} INFO - Filling up the DagBag from /home/airflow/.local/lib/python3.12/site-packages/airflow/example_dags/example_display_name.py
[2024-11-09T08:57:38.843+0000] {processor.py:925} INFO - DAG(s) 'example_display_name' retrieved from /home/airflow/.local/lib/python3.12/site-packages/airflow/example_dags/example_display_name.py
[2024-11-09T08:57:38.863+0000] {logging_mixin.py:190} INFO - [2024-11-09T08:57:38.863+0000] {dag.py:3239} INFO - Sync 1 DAGs
[2024-11-09T08:57:38.880+0000] {logging_mixin.py:190} INFO - [2024-11-09T08:57:38.879+0000] {dag.py:4180} INFO - Setting next_dagrun for example_display_name to None, run_after=None
[2024-11-09T08:57:38.915+0000] {processor.py:208} INFO - Processing /home/airflow/.local/lib/python3.12/site-packages/airflow/example_dags/example_display_name.py took 0.093 seconds
[2024-11-09T08:58:09.164+0000] {processor.py:186} INFO - Started process (PID=739) to work on /home/airflow/.local/lib/python3.12/site-packages/airflow/example_dags/example_display_name.py
[2024-11-09T08:58:09.165+0000] {processor.py:914} INFO - Processing file /home/airflow/.local/lib/python3.12/site-packages/airflow/example_dags/example_display_name.py for tasks to queue
[2024-11-09T08:58:09.168+0000] {logging_mixin.py:190} INFO - [2024-11-09T08:58:09.168+0000] {dagbag.py:588} INFO - Filling up the DagBag from /home/airflow/.local/lib/python3.12/site-packages/airflow/example_dags/example_display_name.py
[2024-11-09T08:58:09.177+0000] {processor.py:925} INFO - DAG(s) 'example_display_name' retrieved from /home/airflow/.local/lib/python3.12/site-packages/airflow/example_dags/example_display_name.py
[2024-11-09T08:58:09.205+0000] {logging_mixin.py:190} INFO - [2024-11-09T08:58:09.205+0000] {dag.py:3239} INFO - Sync 1 DAGs
[2024-11-09T08:58:09.254+0000] {logging_mixin.py:190} INFO - [2024-11-09T08:58:09.254+0000] {dag.py:4180} INFO - Setting next_dagrun for example_display_name to None, run_after=None
[2024-11-09T08:58:09.293+0000] {processor.py:208} INFO - Processing /home/airflow/.local/lib/python3.12/site-packages/airflow/example_dags/example_display_name.py took 0.137 seconds
[2024-11-09T08:58:39.676+0000] {processor.py:186} INFO - Started process (PID=801) to work on /home/airflow/.local/lib/python3.12/site-packages/airflow/example_dags/example_display_name.py
[2024-11-09T08:58:39.677+0000] {processor.py:914} INFO - Processing file /home/airflow/.local/lib/python3.12/site-packages/airflow/example_dags/example_display_name.py for tasks to queue
[2024-11-09T08:58:39.681+0000] {logging_mixin.py:190} INFO - [2024-11-09T08:58:39.680+0000] {dagbag.py:588} INFO - Filling up the DagBag from /home/airflow/.local/lib/python3.12/site-packages/airflow/example_dags/example_display_name.py
[2024-11-09T08:58:39.698+0000] {processor.py:925} INFO - DAG(s) 'example_display_name' retrieved from /home/airflow/.local/lib/python3.12/site-packages/airflow/example_dags/example_display_name.py
[2024-11-09T08:58:39.744+0000] {logging_mixin.py:190} INFO - [2024-11-09T08:58:39.743+0000] {dag.py:3239} INFO - Sync 1 DAGs
[2024-11-09T08:58:39.765+0000] {logging_mixin.py:190} INFO - [2024-11-09T08:58:39.765+0000] {dag.py:4180} INFO - Setting next_dagrun for example_display_name to None, run_after=None
[2024-11-09T08:58:39.880+0000] {processor.py:208} INFO - Processing /home/airflow/.local/lib/python3.12/site-packages/airflow/example_dags/example_display_name.py took 0.213 seconds
[2024-11-09T10:15:40.449+0000] {processor.py:186} INFO - Started process (PID=87) to work on /home/airflow/.local/lib/python3.12/site-packages/airflow/example_dags/example_display_name.py
[2024-11-09T10:15:40.451+0000] {processor.py:914} INFO - Processing file /home/airflow/.local/lib/python3.12/site-packages/airflow/example_dags/example_display_name.py for tasks to queue
[2024-11-09T10:15:40.454+0000] {logging_mixin.py:190} INFO - [2024-11-09T10:15:40.454+0000] {dagbag.py:588} INFO - Filling up the DagBag from /home/airflow/.local/lib/python3.12/site-packages/airflow/example_dags/example_display_name.py
[2024-11-09T10:15:40.464+0000] {processor.py:925} INFO - DAG(s) 'example_display_name' retrieved from /home/airflow/.local/lib/python3.12/site-packages/airflow/example_dags/example_display_name.py
[2024-11-09T10:15:40.488+0000] {logging_mixin.py:190} INFO - [2024-11-09T10:15:40.487+0000] {dag.py:3239} INFO - Sync 1 DAGs
[2024-11-09T10:15:40.503+0000] {logging_mixin.py:190} INFO - [2024-11-09T10:15:40.503+0000] {dag.py:4180} INFO - Setting next_dagrun for example_display_name to None, run_after=None
[2024-11-09T10:15:40.546+0000] {processor.py:208} INFO - Processing /home/airflow/.local/lib/python3.12/site-packages/airflow/example_dags/example_display_name.py took 0.104 seconds
[2024-11-09T10:16:12.171+0000] {processor.py:186} INFO - Started process (PID=152) to work on /home/airflow/.local/lib/python3.12/site-packages/airflow/example_dags/example_display_name.py
[2024-11-09T10:16:12.173+0000] {processor.py:914} INFO - Processing file /home/airflow/.local/lib/python3.12/site-packages/airflow/example_dags/example_display_name.py for tasks to queue
[2024-11-09T10:16:12.176+0000] {logging_mixin.py:190} INFO - [2024-11-09T10:16:12.175+0000] {dagbag.py:588} INFO - Filling up the DagBag from /home/airflow/.local/lib/python3.12/site-packages/airflow/example_dags/example_display_name.py
[2024-11-09T10:16:12.186+0000] {processor.py:925} INFO - DAG(s) 'example_display_name' retrieved from /home/airflow/.local/lib/python3.12/site-packages/airflow/example_dags/example_display_name.py
[2024-11-09T10:16:12.215+0000] {logging_mixin.py:190} INFO - [2024-11-09T10:16:12.215+0000] {dag.py:3239} INFO - Sync 1 DAGs
[2024-11-09T10:16:12.234+0000] {logging_mixin.py:190} INFO - [2024-11-09T10:16:12.234+0000] {dag.py:4180} INFO - Setting next_dagrun for example_display_name to None, run_after=None
[2024-11-09T10:16:12.281+0000] {processor.py:208} INFO - Processing /home/airflow/.local/lib/python3.12/site-packages/airflow/example_dags/example_display_name.py took 0.118 seconds
[2024-11-09T10:16:44.678+0000] {processor.py:186} INFO - Started process (PID=216) to work on /home/airflow/.local/lib/python3.12/site-packages/airflow/example_dags/example_display_name.py
[2024-11-09T10:16:44.680+0000] {processor.py:914} INFO - Processing file /home/airflow/.local/lib/python3.12/site-packages/airflow/example_dags/example_display_name.py for tasks to queue
[2024-11-09T10:16:44.683+0000] {logging_mixin.py:190} INFO - [2024-11-09T10:16:44.682+0000] {dagbag.py:588} INFO - Filling up the DagBag from /home/airflow/.local/lib/python3.12/site-packages/airflow/example_dags/example_display_name.py
[2024-11-09T10:16:44.691+0000] {processor.py:925} INFO - DAG(s) 'example_display_name' retrieved from /home/airflow/.local/lib/python3.12/site-packages/airflow/example_dags/example_display_name.py
[2024-11-09T10:16:44.713+0000] {logging_mixin.py:190} INFO - [2024-11-09T10:16:44.713+0000] {dag.py:3239} INFO - Sync 1 DAGs
[2024-11-09T10:16:44.729+0000] {logging_mixin.py:190} INFO - [2024-11-09T10:16:44.729+0000] {dag.py:4180} INFO - Setting next_dagrun for example_display_name to None, run_after=None
[2024-11-09T10:16:44.753+0000] {processor.py:208} INFO - Processing /home/airflow/.local/lib/python3.12/site-packages/airflow/example_dags/example_display_name.py took 0.081 seconds
[2024-11-09T10:22:49.880+0000] {processor.py:186} INFO - Started process (PID=88) to work on /home/airflow/.local/lib/python3.12/site-packages/airflow/example_dags/example_display_name.py
[2024-11-09T10:22:49.882+0000] {processor.py:914} INFO - Processing file /home/airflow/.local/lib/python3.12/site-packages/airflow/example_dags/example_display_name.py for tasks to queue
[2024-11-09T10:22:49.887+0000] {logging_mixin.py:190} INFO - [2024-11-09T10:22:49.885+0000] {dagbag.py:588} INFO - Filling up the DagBag from /home/airflow/.local/lib/python3.12/site-packages/airflow/example_dags/example_display_name.py
[2024-11-09T10:22:49.918+0000] {processor.py:925} INFO - DAG(s) 'example_display_name' retrieved from /home/airflow/.local/lib/python3.12/site-packages/airflow/example_dags/example_display_name.py
[2024-11-09T10:22:49.973+0000] {logging_mixin.py:190} INFO - [2024-11-09T10:22:49.973+0000] {dag.py:3239} INFO - Sync 1 DAGs
[2024-11-09T10:22:50.018+0000] {logging_mixin.py:190} INFO - [2024-11-09T10:22:50.018+0000] {dag.py:4180} INFO - Setting next_dagrun for example_display_name to None, run_after=None
[2024-11-09T10:22:50.053+0000] {processor.py:208} INFO - Processing /home/airflow/.local/lib/python3.12/site-packages/airflow/example_dags/example_display_name.py took 0.184 seconds
[2024-11-09T10:23:21.038+0000] {processor.py:186} INFO - Started process (PID=152) to work on /home/airflow/.local/lib/python3.12/site-packages/airflow/example_dags/example_display_name.py
[2024-11-09T10:23:21.039+0000] {processor.py:914} INFO - Processing file /home/airflow/.local/lib/python3.12/site-packages/airflow/example_dags/example_display_name.py for tasks to queue
[2024-11-09T10:23:21.044+0000] {logging_mixin.py:190} INFO - [2024-11-09T10:23:21.044+0000] {dagbag.py:588} INFO - Filling up the DagBag from /home/airflow/.local/lib/python3.12/site-packages/airflow/example_dags/example_display_name.py
[2024-11-09T10:23:21.054+0000] {processor.py:925} INFO - DAG(s) 'example_display_name' retrieved from /home/airflow/.local/lib/python3.12/site-packages/airflow/example_dags/example_display_name.py
[2024-11-09T10:23:21.078+0000] {logging_mixin.py:190} INFO - [2024-11-09T10:23:21.078+0000] {dag.py:3239} INFO - Sync 1 DAGs
[2024-11-09T10:23:21.098+0000] {logging_mixin.py:190} INFO - [2024-11-09T10:23:21.098+0000] {dag.py:4180} INFO - Setting next_dagrun for example_display_name to None, run_after=None
[2024-11-09T10:23:21.265+0000] {processor.py:208} INFO - Processing /home/airflow/.local/lib/python3.12/site-packages/airflow/example_dags/example_display_name.py took 0.235 seconds
[2024-11-09T10:23:51.310+0000] {processor.py:186} INFO - Started process (PID=215) to work on /home/airflow/.local/lib/python3.12/site-packages/airflow/example_dags/example_display_name.py
[2024-11-09T10:23:51.311+0000] {processor.py:914} INFO - Processing file /home/airflow/.local/lib/python3.12/site-packages/airflow/example_dags/example_display_name.py for tasks to queue
[2024-11-09T10:23:51.314+0000] {logging_mixin.py:190} INFO - [2024-11-09T10:23:51.314+0000] {dagbag.py:588} INFO - Filling up the DagBag from /home/airflow/.local/lib/python3.12/site-packages/airflow/example_dags/example_display_name.py
[2024-11-09T10:23:51.327+0000] {processor.py:925} INFO - DAG(s) 'example_display_name' retrieved from /home/airflow/.local/lib/python3.12/site-packages/airflow/example_dags/example_display_name.py
[2024-11-09T10:23:51.351+0000] {logging_mixin.py:190} INFO - [2024-11-09T10:23:51.351+0000] {dag.py:3239} INFO - Sync 1 DAGs
[2024-11-09T10:23:51.370+0000] {logging_mixin.py:190} INFO - [2024-11-09T10:23:51.369+0000] {dag.py:4180} INFO - Setting next_dagrun for example_display_name to None, run_after=None
[2024-11-09T10:23:51.427+0000] {processor.py:208} INFO - Processing /home/airflow/.local/lib/python3.12/site-packages/airflow/example_dags/example_display_name.py took 0.127 seconds
[2024-11-09T10:24:22.127+0000] {processor.py:186} INFO - Started process (PID=278) to work on /home/airflow/.local/lib/python3.12/site-packages/airflow/example_dags/example_display_name.py
[2024-11-09T10:24:22.129+0000] {processor.py:914} INFO - Processing file /home/airflow/.local/lib/python3.12/site-packages/airflow/example_dags/example_display_name.py for tasks to queue
[2024-11-09T10:24:22.132+0000] {logging_mixin.py:190} INFO - [2024-11-09T10:24:22.131+0000] {dagbag.py:588} INFO - Filling up the DagBag from /home/airflow/.local/lib/python3.12/site-packages/airflow/example_dags/example_display_name.py
[2024-11-09T10:24:22.141+0000] {processor.py:925} INFO - DAG(s) 'example_display_name' retrieved from /home/airflow/.local/lib/python3.12/site-packages/airflow/example_dags/example_display_name.py
[2024-11-09T10:24:22.165+0000] {logging_mixin.py:190} INFO - [2024-11-09T10:24:22.165+0000] {dag.py:3239} INFO - Sync 1 DAGs
[2024-11-09T10:24:22.182+0000] {logging_mixin.py:190} INFO - [2024-11-09T10:24:22.181+0000] {dag.py:4180} INFO - Setting next_dagrun for example_display_name to None, run_after=None
[2024-11-09T10:24:22.411+0000] {processor.py:208} INFO - Processing /home/airflow/.local/lib/python3.12/site-packages/airflow/example_dags/example_display_name.py took 0.290 seconds
[2024-11-09T10:24:52.726+0000] {processor.py:186} INFO - Started process (PID=342) to work on /home/airflow/.local/lib/python3.12/site-packages/airflow/example_dags/example_display_name.py
[2024-11-09T10:24:52.727+0000] {processor.py:914} INFO - Processing file /home/airflow/.local/lib/python3.12/site-packages/airflow/example_dags/example_display_name.py for tasks to queue
[2024-11-09T10:24:52.730+0000] {logging_mixin.py:190} INFO - [2024-11-09T10:24:52.730+0000] {dagbag.py:588} INFO - Filling up the DagBag from /home/airflow/.local/lib/python3.12/site-packages/airflow/example_dags/example_display_name.py
[2024-11-09T10:24:52.740+0000] {processor.py:925} INFO - DAG(s) 'example_display_name' retrieved from /home/airflow/.local/lib/python3.12/site-packages/airflow/example_dags/example_display_name.py
[2024-11-09T10:24:52.770+0000] {logging_mixin.py:190} INFO - [2024-11-09T10:24:52.769+0000] {dag.py:3239} INFO - Sync 1 DAGs
[2024-11-09T10:24:52.787+0000] {logging_mixin.py:190} INFO - [2024-11-09T10:24:52.787+0000] {dag.py:4180} INFO - Setting next_dagrun for example_display_name to None, run_after=None
[2024-11-09T10:24:53.050+0000] {processor.py:208} INFO - Processing /home/airflow/.local/lib/python3.12/site-packages/airflow/example_dags/example_display_name.py took 0.331 seconds
[2024-11-09T10:25:23.670+0000] {processor.py:186} INFO - Started process (PID=406) to work on /home/airflow/.local/lib/python3.12/site-packages/airflow/example_dags/example_display_name.py
[2024-11-09T10:25:23.672+0000] {processor.py:914} INFO - Processing file /home/airflow/.local/lib/python3.12/site-packages/airflow/example_dags/example_display_name.py for tasks to queue
[2024-11-09T10:25:23.679+0000] {logging_mixin.py:190} INFO - [2024-11-09T10:25:23.678+0000] {dagbag.py:588} INFO - Filling up the DagBag from /home/airflow/.local/lib/python3.12/site-packages/airflow/example_dags/example_display_name.py
[2024-11-09T10:25:23.702+0000] {processor.py:925} INFO - DAG(s) 'example_display_name' retrieved from /home/airflow/.local/lib/python3.12/site-packages/airflow/example_dags/example_display_name.py
[2024-11-09T10:25:23.746+0000] {logging_mixin.py:190} INFO - [2024-11-09T10:25:23.746+0000] {dag.py:3239} INFO - Sync 1 DAGs
[2024-11-09T10:25:23.771+0000] {logging_mixin.py:190} INFO - [2024-11-09T10:25:23.770+0000] {dag.py:4180} INFO - Setting next_dagrun for example_display_name to None, run_after=None
[2024-11-09T10:25:23.805+0000] {processor.py:208} INFO - Processing /home/airflow/.local/lib/python3.12/site-packages/airflow/example_dags/example_display_name.py took 0.154 seconds
[2024-11-09T10:25:54.483+0000] {processor.py:186} INFO - Started process (PID=470) to work on /home/airflow/.local/lib/python3.12/site-packages/airflow/example_dags/example_display_name.py
[2024-11-09T10:25:54.485+0000] {processor.py:914} INFO - Processing file /home/airflow/.local/lib/python3.12/site-packages/airflow/example_dags/example_display_name.py for tasks to queue
[2024-11-09T10:25:54.487+0000] {logging_mixin.py:190} INFO - [2024-11-09T10:25:54.487+0000] {dagbag.py:588} INFO - Filling up the DagBag from /home/airflow/.local/lib/python3.12/site-packages/airflow/example_dags/example_display_name.py
[2024-11-09T10:25:54.496+0000] {processor.py:925} INFO - DAG(s) 'example_display_name' retrieved from /home/airflow/.local/lib/python3.12/site-packages/airflow/example_dags/example_display_name.py
[2024-11-09T10:25:54.520+0000] {logging_mixin.py:190} INFO - [2024-11-09T10:25:54.520+0000] {dag.py:3239} INFO - Sync 1 DAGs
[2024-11-09T10:25:54.537+0000] {logging_mixin.py:190} INFO - [2024-11-09T10:25:54.537+0000] {dag.py:4180} INFO - Setting next_dagrun for example_display_name to None, run_after=None
[2024-11-09T10:25:54.561+0000] {processor.py:208} INFO - Processing /home/airflow/.local/lib/python3.12/site-packages/airflow/example_dags/example_display_name.py took 0.084 seconds
[2024-11-09T10:26:24.922+0000] {processor.py:186} INFO - Started process (PID=533) to work on /home/airflow/.local/lib/python3.12/site-packages/airflow/example_dags/example_display_name.py
[2024-11-09T10:26:24.924+0000] {processor.py:914} INFO - Processing file /home/airflow/.local/lib/python3.12/site-packages/airflow/example_dags/example_display_name.py for tasks to queue
[2024-11-09T10:26:24.928+0000] {logging_mixin.py:190} INFO - [2024-11-09T10:26:24.927+0000] {dagbag.py:588} INFO - Filling up the DagBag from /home/airflow/.local/lib/python3.12/site-packages/airflow/example_dags/example_display_name.py
[2024-11-09T10:26:24.938+0000] {processor.py:925} INFO - DAG(s) 'example_display_name' retrieved from /home/airflow/.local/lib/python3.12/site-packages/airflow/example_dags/example_display_name.py
[2024-11-09T10:26:24.963+0000] {logging_mixin.py:190} INFO - [2024-11-09T10:26:24.962+0000] {dag.py:3239} INFO - Sync 1 DAGs
[2024-11-09T10:26:24.984+0000] {logging_mixin.py:190} INFO - [2024-11-09T10:26:24.984+0000] {dag.py:4180} INFO - Setting next_dagrun for example_display_name to None, run_after=None
[2024-11-09T10:26:25.011+0000] {processor.py:208} INFO - Processing /home/airflow/.local/lib/python3.12/site-packages/airflow/example_dags/example_display_name.py took 0.096 seconds
[2024-11-09T10:26:55.270+0000] {processor.py:186} INFO - Started process (PID=597) to work on /home/airflow/.local/lib/python3.12/site-packages/airflow/example_dags/example_display_name.py
[2024-11-09T10:26:55.271+0000] {processor.py:914} INFO - Processing file /home/airflow/.local/lib/python3.12/site-packages/airflow/example_dags/example_display_name.py for tasks to queue
[2024-11-09T10:26:55.274+0000] {logging_mixin.py:190} INFO - [2024-11-09T10:26:55.274+0000] {dagbag.py:588} INFO - Filling up the DagBag from /home/airflow/.local/lib/python3.12/site-packages/airflow/example_dags/example_display_name.py
[2024-11-09T10:26:55.283+0000] {processor.py:925} INFO - DAG(s) 'example_display_name' retrieved from /home/airflow/.local/lib/python3.12/site-packages/airflow/example_dags/example_display_name.py
[2024-11-09T10:26:55.307+0000] {logging_mixin.py:190} INFO - [2024-11-09T10:26:55.307+0000] {dag.py:3239} INFO - Sync 1 DAGs
[2024-11-09T10:26:55.326+0000] {logging_mixin.py:190} INFO - [2024-11-09T10:26:55.325+0000] {dag.py:4180} INFO - Setting next_dagrun for example_display_name to None, run_after=None
[2024-11-09T10:26:55.363+0000] {processor.py:208} INFO - Processing /home/airflow/.local/lib/python3.12/site-packages/airflow/example_dags/example_display_name.py took 0.103 seconds
[2024-11-09T10:27:25.601+0000] {processor.py:186} INFO - Started process (PID=661) to work on /home/airflow/.local/lib/python3.12/site-packages/airflow/example_dags/example_display_name.py
[2024-11-09T10:27:25.602+0000] {processor.py:914} INFO - Processing file /home/airflow/.local/lib/python3.12/site-packages/airflow/example_dags/example_display_name.py for tasks to queue
[2024-11-09T10:27:25.605+0000] {logging_mixin.py:190} INFO - [2024-11-09T10:27:25.605+0000] {dagbag.py:588} INFO - Filling up the DagBag from /home/airflow/.local/lib/python3.12/site-packages/airflow/example_dags/example_display_name.py
[2024-11-09T10:27:25.615+0000] {processor.py:925} INFO - DAG(s) 'example_display_name' retrieved from /home/airflow/.local/lib/python3.12/site-packages/airflow/example_dags/example_display_name.py
[2024-11-09T10:27:25.641+0000] {logging_mixin.py:190} INFO - [2024-11-09T10:27:25.640+0000] {dag.py:3239} INFO - Sync 1 DAGs
[2024-11-09T10:27:25.664+0000] {logging_mixin.py:190} INFO - [2024-11-09T10:27:25.664+0000] {dag.py:4180} INFO - Setting next_dagrun for example_display_name to None, run_after=None
[2024-11-09T10:27:25.689+0000] {processor.py:208} INFO - Processing /home/airflow/.local/lib/python3.12/site-packages/airflow/example_dags/example_display_name.py took 0.095 seconds
[2024-11-09T10:27:56.119+0000] {processor.py:186} INFO - Started process (PID=726) to work on /home/airflow/.local/lib/python3.12/site-packages/airflow/example_dags/example_display_name.py
[2024-11-09T10:27:56.120+0000] {processor.py:914} INFO - Processing file /home/airflow/.local/lib/python3.12/site-packages/airflow/example_dags/example_display_name.py for tasks to queue
[2024-11-09T10:27:56.123+0000] {logging_mixin.py:190} INFO - [2024-11-09T10:27:56.123+0000] {dagbag.py:588} INFO - Filling up the DagBag from /home/airflow/.local/lib/python3.12/site-packages/airflow/example_dags/example_display_name.py
[2024-11-09T10:27:56.132+0000] {processor.py:925} INFO - DAG(s) 'example_display_name' retrieved from /home/airflow/.local/lib/python3.12/site-packages/airflow/example_dags/example_display_name.py
[2024-11-09T10:27:56.153+0000] {logging_mixin.py:190} INFO - [2024-11-09T10:27:56.153+0000] {dag.py:3239} INFO - Sync 1 DAGs
[2024-11-09T10:27:56.169+0000] {logging_mixin.py:190} INFO - [2024-11-09T10:27:56.169+0000] {dag.py:4180} INFO - Setting next_dagrun for example_display_name to None, run_after=None
[2024-11-09T10:27:56.230+0000] {processor.py:208} INFO - Processing /home/airflow/.local/lib/python3.12/site-packages/airflow/example_dags/example_display_name.py took 0.117 seconds
[2024-11-09T10:28:27.124+0000] {processor.py:186} INFO - Started process (PID=790) to work on /home/airflow/.local/lib/python3.12/site-packages/airflow/example_dags/example_display_name.py
[2024-11-09T10:28:27.125+0000] {processor.py:914} INFO - Processing file /home/airflow/.local/lib/python3.12/site-packages/airflow/example_dags/example_display_name.py for tasks to queue
[2024-11-09T10:28:27.128+0000] {logging_mixin.py:190} INFO - [2024-11-09T10:28:27.128+0000] {dagbag.py:588} INFO - Filling up the DagBag from /home/airflow/.local/lib/python3.12/site-packages/airflow/example_dags/example_display_name.py
[2024-11-09T10:28:27.137+0000] {processor.py:925} INFO - DAG(s) 'example_display_name' retrieved from /home/airflow/.local/lib/python3.12/site-packages/airflow/example_dags/example_display_name.py
[2024-11-09T10:28:27.158+0000] {logging_mixin.py:190} INFO - [2024-11-09T10:28:27.158+0000] {dag.py:3239} INFO - Sync 1 DAGs
[2024-11-09T10:28:27.173+0000] {logging_mixin.py:190} INFO - [2024-11-09T10:28:27.173+0000] {dag.py:4180} INFO - Setting next_dagrun for example_display_name to None, run_after=None
[2024-11-09T10:28:27.299+0000] {processor.py:208} INFO - Processing /home/airflow/.local/lib/python3.12/site-packages/airflow/example_dags/example_display_name.py took 0.183 seconds
[2024-11-09T10:28:57.722+0000] {processor.py:186} INFO - Started process (PID=855) to work on /home/airflow/.local/lib/python3.12/site-packages/airflow/example_dags/example_display_name.py
[2024-11-09T10:28:57.724+0000] {processor.py:914} INFO - Processing file /home/airflow/.local/lib/python3.12/site-packages/airflow/example_dags/example_display_name.py for tasks to queue
[2024-11-09T10:28:57.727+0000] {logging_mixin.py:190} INFO - [2024-11-09T10:28:57.726+0000] {dagbag.py:588} INFO - Filling up the DagBag from /home/airflow/.local/lib/python3.12/site-packages/airflow/example_dags/example_display_name.py
[2024-11-09T10:28:57.735+0000] {processor.py:925} INFO - DAG(s) 'example_display_name' retrieved from /home/airflow/.local/lib/python3.12/site-packages/airflow/example_dags/example_display_name.py
[2024-11-09T10:28:57.755+0000] {logging_mixin.py:190} INFO - [2024-11-09T10:28:57.755+0000] {dag.py:3239} INFO - Sync 1 DAGs
[2024-11-09T10:28:57.776+0000] {logging_mixin.py:190} INFO - [2024-11-09T10:28:57.775+0000] {dag.py:4180} INFO - Setting next_dagrun for example_display_name to None, run_after=None
[2024-11-09T10:28:57.810+0000] {processor.py:208} INFO - Processing /home/airflow/.local/lib/python3.12/site-packages/airflow/example_dags/example_display_name.py took 0.097 seconds
[2024-11-09T10:29:28.153+0000] {processor.py:186} INFO - Started process (PID=919) to work on /home/airflow/.local/lib/python3.12/site-packages/airflow/example_dags/example_display_name.py
[2024-11-09T10:29:28.154+0000] {processor.py:914} INFO - Processing file /home/airflow/.local/lib/python3.12/site-packages/airflow/example_dags/example_display_name.py for tasks to queue
[2024-11-09T10:29:28.158+0000] {logging_mixin.py:190} INFO - [2024-11-09T10:29:28.157+0000] {dagbag.py:588} INFO - Filling up the DagBag from /home/airflow/.local/lib/python3.12/site-packages/airflow/example_dags/example_display_name.py
[2024-11-09T10:29:28.168+0000] {processor.py:925} INFO - DAG(s) 'example_display_name' retrieved from /home/airflow/.local/lib/python3.12/site-packages/airflow/example_dags/example_display_name.py
[2024-11-09T10:29:28.193+0000] {logging_mixin.py:190} INFO - [2024-11-09T10:29:28.193+0000] {dag.py:3239} INFO - Sync 1 DAGs
[2024-11-09T10:29:28.411+0000] {logging_mixin.py:190} INFO - [2024-11-09T10:29:28.411+0000] {dag.py:4180} INFO - Setting next_dagrun for example_display_name to None, run_after=None
[2024-11-09T10:29:29.425+0000] {processor.py:208} INFO - Processing /home/airflow/.local/lib/python3.12/site-packages/airflow/example_dags/example_display_name.py took 1.280 seconds
[2024-11-09T10:29:59.694+0000] {processor.py:186} INFO - Started process (PID=984) to work on /home/airflow/.local/lib/python3.12/site-packages/airflow/example_dags/example_display_name.py
[2024-11-09T10:29:59.695+0000] {processor.py:914} INFO - Processing file /home/airflow/.local/lib/python3.12/site-packages/airflow/example_dags/example_display_name.py for tasks to queue
[2024-11-09T10:29:59.698+0000] {logging_mixin.py:190} INFO - [2024-11-09T10:29:59.698+0000] {dagbag.py:588} INFO - Filling up the DagBag from /home/airflow/.local/lib/python3.12/site-packages/airflow/example_dags/example_display_name.py
[2024-11-09T10:29:59.708+0000] {processor.py:925} INFO - DAG(s) 'example_display_name' retrieved from /home/airflow/.local/lib/python3.12/site-packages/airflow/example_dags/example_display_name.py
[2024-11-09T10:29:59.730+0000] {logging_mixin.py:190} INFO - [2024-11-09T10:29:59.730+0000] {dag.py:3239} INFO - Sync 1 DAGs
[2024-11-09T10:29:59.745+0000] {logging_mixin.py:190} INFO - [2024-11-09T10:29:59.745+0000] {dag.py:4180} INFO - Setting next_dagrun for example_display_name to None, run_after=None
[2024-11-09T10:29:59.779+0000] {processor.py:208} INFO - Processing /home/airflow/.local/lib/python3.12/site-packages/airflow/example_dags/example_display_name.py took 0.093 seconds
[2024-11-09T10:30:30.040+0000] {processor.py:186} INFO - Started process (PID=1047) to work on /home/airflow/.local/lib/python3.12/site-packages/airflow/example_dags/example_display_name.py
[2024-11-09T10:30:30.041+0000] {processor.py:914} INFO - Processing file /home/airflow/.local/lib/python3.12/site-packages/airflow/example_dags/example_display_name.py for tasks to queue
[2024-11-09T10:30:30.045+0000] {logging_mixin.py:190} INFO - [2024-11-09T10:30:30.045+0000] {dagbag.py:588} INFO - Filling up the DagBag from /home/airflow/.local/lib/python3.12/site-packages/airflow/example_dags/example_display_name.py
[2024-11-09T10:30:30.055+0000] {processor.py:925} INFO - DAG(s) 'example_display_name' retrieved from /home/airflow/.local/lib/python3.12/site-packages/airflow/example_dags/example_display_name.py
[2024-11-09T10:30:30.077+0000] {logging_mixin.py:190} INFO - [2024-11-09T10:30:30.077+0000] {dag.py:3239} INFO - Sync 1 DAGs
[2024-11-09T10:30:30.094+0000] {logging_mixin.py:190} INFO - [2024-11-09T10:30:30.094+0000] {dag.py:4180} INFO - Setting next_dagrun for example_display_name to None, run_after=None
[2024-11-09T10:30:30.153+0000] {processor.py:208} INFO - Processing /home/airflow/.local/lib/python3.12/site-packages/airflow/example_dags/example_display_name.py took 0.123 seconds
[2024-11-09T10:31:00.825+0000] {processor.py:186} INFO - Started process (PID=1111) to work on /home/airflow/.local/lib/python3.12/site-packages/airflow/example_dags/example_display_name.py
[2024-11-09T10:31:00.826+0000] {processor.py:914} INFO - Processing file /home/airflow/.local/lib/python3.12/site-packages/airflow/example_dags/example_display_name.py for tasks to queue
[2024-11-09T10:31:00.829+0000] {logging_mixin.py:190} INFO - [2024-11-09T10:31:00.829+0000] {dagbag.py:588} INFO - Filling up the DagBag from /home/airflow/.local/lib/python3.12/site-packages/airflow/example_dags/example_display_name.py
[2024-11-09T10:31:00.844+0000] {processor.py:925} INFO - DAG(s) 'example_display_name' retrieved from /home/airflow/.local/lib/python3.12/site-packages/airflow/example_dags/example_display_name.py
[2024-11-09T10:31:00.875+0000] {logging_mixin.py:190} INFO - [2024-11-09T10:31:00.875+0000] {dag.py:3239} INFO - Sync 1 DAGs
[2024-11-09T10:31:00.896+0000] {logging_mixin.py:190} INFO - [2024-11-09T10:31:00.896+0000] {dag.py:4180} INFO - Setting next_dagrun for example_display_name to None, run_after=None
[2024-11-09T10:31:00.969+0000] {processor.py:208} INFO - Processing /home/airflow/.local/lib/python3.12/site-packages/airflow/example_dags/example_display_name.py took 0.153 seconds
[2024-11-09T10:31:31.943+0000] {processor.py:186} INFO - Started process (PID=1175) to work on /home/airflow/.local/lib/python3.12/site-packages/airflow/example_dags/example_display_name.py
[2024-11-09T10:31:31.944+0000] {processor.py:914} INFO - Processing file /home/airflow/.local/lib/python3.12/site-packages/airflow/example_dags/example_display_name.py for tasks to queue
[2024-11-09T10:31:31.947+0000] {logging_mixin.py:190} INFO - [2024-11-09T10:31:31.947+0000] {dagbag.py:588} INFO - Filling up the DagBag from /home/airflow/.local/lib/python3.12/site-packages/airflow/example_dags/example_display_name.py
[2024-11-09T10:31:31.956+0000] {processor.py:925} INFO - DAG(s) 'example_display_name' retrieved from /home/airflow/.local/lib/python3.12/site-packages/airflow/example_dags/example_display_name.py
[2024-11-09T10:31:31.979+0000] {logging_mixin.py:190} INFO - [2024-11-09T10:31:31.978+0000] {dag.py:3239} INFO - Sync 1 DAGs
[2024-11-09T10:31:31.997+0000] {logging_mixin.py:190} INFO - [2024-11-09T10:31:31.997+0000] {dag.py:4180} INFO - Setting next_dagrun for example_display_name to None, run_after=None
[2024-11-09T10:31:32.054+0000] {processor.py:208} INFO - Processing /home/airflow/.local/lib/python3.12/site-packages/airflow/example_dags/example_display_name.py took 0.119 seconds
[2024-11-09T10:32:02.376+0000] {processor.py:186} INFO - Started process (PID=1241) to work on /home/airflow/.local/lib/python3.12/site-packages/airflow/example_dags/example_display_name.py
[2024-11-09T10:32:02.378+0000] {processor.py:914} INFO - Processing file /home/airflow/.local/lib/python3.12/site-packages/airflow/example_dags/example_display_name.py for tasks to queue
[2024-11-09T10:32:02.959+0000] {logging_mixin.py:190} INFO - [2024-11-09T10:32:02.958+0000] {dagbag.py:588} INFO - Filling up the DagBag from /home/airflow/.local/lib/python3.12/site-packages/airflow/example_dags/example_display_name.py
[2024-11-09T10:32:02.993+0000] {processor.py:925} INFO - DAG(s) 'example_display_name' retrieved from /home/airflow/.local/lib/python3.12/site-packages/airflow/example_dags/example_display_name.py
[2024-11-09T10:32:03.095+0000] {logging_mixin.py:190} INFO - [2024-11-09T10:32:03.095+0000] {dag.py:3239} INFO - Sync 1 DAGs
[2024-11-09T10:32:03.174+0000] {logging_mixin.py:190} INFO - [2024-11-09T10:32:03.164+0000] {dag.py:4180} INFO - Setting next_dagrun for example_display_name to None, run_after=None
[2024-11-09T10:32:03.286+0000] {processor.py:208} INFO - Processing /home/airflow/.local/lib/python3.12/site-packages/airflow/example_dags/example_display_name.py took 0.917 seconds
[2024-11-09T10:32:33.610+0000] {processor.py:186} INFO - Started process (PID=1305) to work on /home/airflow/.local/lib/python3.12/site-packages/airflow/example_dags/example_display_name.py
[2024-11-09T10:32:33.611+0000] {processor.py:914} INFO - Processing file /home/airflow/.local/lib/python3.12/site-packages/airflow/example_dags/example_display_name.py for tasks to queue
[2024-11-09T10:32:33.615+0000] {logging_mixin.py:190} INFO - [2024-11-09T10:32:33.614+0000] {dagbag.py:588} INFO - Filling up the DagBag from /home/airflow/.local/lib/python3.12/site-packages/airflow/example_dags/example_display_name.py
[2024-11-09T10:32:33.900+0000] {processor.py:925} INFO - DAG(s) 'example_display_name' retrieved from /home/airflow/.local/lib/python3.12/site-packages/airflow/example_dags/example_display_name.py
[2024-11-09T10:32:33.933+0000] {logging_mixin.py:190} INFO - [2024-11-09T10:32:33.933+0000] {dag.py:3239} INFO - Sync 1 DAGs
[2024-11-09T10:32:33.961+0000] {logging_mixin.py:190} INFO - [2024-11-09T10:32:33.961+0000] {dag.py:4180} INFO - Setting next_dagrun for example_display_name to None, run_after=None
[2024-11-09T10:32:34.322+0000] {processor.py:208} INFO - Processing /home/airflow/.local/lib/python3.12/site-packages/airflow/example_dags/example_display_name.py took 0.718 seconds
[2024-11-09T10:53:09.299+0000] {processor.py:186} INFO - Started process (PID=84) to work on /home/airflow/.local/lib/python3.12/site-packages/airflow/example_dags/example_display_name.py
[2024-11-09T10:53:09.301+0000] {processor.py:914} INFO - Processing file /home/airflow/.local/lib/python3.12/site-packages/airflow/example_dags/example_display_name.py for tasks to queue
[2024-11-09T10:53:09.304+0000] {logging_mixin.py:190} INFO - [2024-11-09T10:53:09.304+0000] {dagbag.py:588} INFO - Filling up the DagBag from /home/airflow/.local/lib/python3.12/site-packages/airflow/example_dags/example_display_name.py
[2024-11-09T10:53:09.315+0000] {processor.py:925} INFO - DAG(s) 'example_display_name' retrieved from /home/airflow/.local/lib/python3.12/site-packages/airflow/example_dags/example_display_name.py
[2024-11-09T10:53:09.362+0000] {logging_mixin.py:190} INFO - [2024-11-09T10:53:09.362+0000] {dag.py:3239} INFO - Sync 1 DAGs
[2024-11-09T10:53:09.386+0000] {logging_mixin.py:190} INFO - [2024-11-09T10:53:09.386+0000] {dag.py:4180} INFO - Setting next_dagrun for example_display_name to None, run_after=None
[2024-11-09T10:53:09.418+0000] {processor.py:208} INFO - Processing /home/airflow/.local/lib/python3.12/site-packages/airflow/example_dags/example_display_name.py took 0.127 seconds
