[2024-11-09T08:52:57.354+0000] {processor.py:186} INFO - Started process (PID=126) to work on /home/airflow/.local/lib/python3.12/site-packages/airflow/example_dags/example_workday_timetable.py
[2024-11-09T08:52:57.356+0000] {processor.py:914} INFO - Processing file /home/airflow/.local/lib/python3.12/site-packages/airflow/example_dags/example_workday_timetable.py for tasks to queue
[2024-11-09T08:52:57.359+0000] {logging_mixin.py:190} INFO - [2024-11-09T08:52:57.359+0000] {dagbag.py:588} INFO - Filling up the DagBag from /home/airflow/.local/lib/python3.12/site-packages/airflow/example_dags/example_workday_timetable.py
[2024-11-09T08:52:57.376+0000] {processor.py:925} INFO - DAG(s) 'example_workday_timetable' retrieved from /home/airflow/.local/lib/python3.12/site-packages/airflow/example_dags/example_workday_timetable.py
[2024-11-09T08:52:57.417+0000] {logging_mixin.py:190} INFO - [2024-11-09T08:52:57.417+0000] {dag.py:3239} INFO - Sync 1 DAGs
[2024-11-09T08:52:58.090+0000] {logging_mixin.py:190} INFO - [2024-11-09T08:52:58.090+0000] {dag.py:4180} INFO - Setting next_dagrun for example_workday_timetable to 2021-01-04 00:00:00+00:00, run_after=2021-01-05 00:00:00+00:00
[2024-11-09T08:52:58.174+0000] {processor.py:208} INFO - Processing /home/airflow/.local/lib/python3.12/site-packages/airflow/example_dags/example_workday_timetable.py took 0.829 seconds
[2024-11-09T08:53:34.088+0000] {processor.py:186} INFO - Started process (PID=190) to work on /home/airflow/.local/lib/python3.12/site-packages/airflow/example_dags/example_workday_timetable.py
[2024-11-09T08:53:34.095+0000] {processor.py:914} INFO - Processing file /home/airflow/.local/lib/python3.12/site-packages/airflow/example_dags/example_workday_timetable.py for tasks to queue
[2024-11-09T08:53:34.103+0000] {logging_mixin.py:190} INFO - [2024-11-09T08:53:34.102+0000] {dagbag.py:588} INFO - Filling up the DagBag from /home/airflow/.local/lib/python3.12/site-packages/airflow/example_dags/example_workday_timetable.py
[2024-11-09T08:53:34.123+0000] {processor.py:925} INFO - DAG(s) 'example_workday_timetable' retrieved from /home/airflow/.local/lib/python3.12/site-packages/airflow/example_dags/example_workday_timetable.py
[2024-11-09T08:53:34.224+0000] {logging_mixin.py:190} INFO - [2024-11-09T08:53:34.222+0000] {dag.py:3239} INFO - Sync 1 DAGs
[2024-11-09T08:53:34.345+0000] {logging_mixin.py:190} INFO - [2024-11-09T08:53:34.345+0000] {dag.py:4180} INFO - Setting next_dagrun for example_workday_timetable to 2021-01-04 00:00:00+00:00, run_after=2021-01-05 00:00:00+00:00
[2024-11-09T08:53:34.373+0000] {processor.py:208} INFO - Processing /home/airflow/.local/lib/python3.12/site-packages/airflow/example_dags/example_workday_timetable.py took 0.296 seconds
[2024-11-09T08:54:05.035+0000] {processor.py:186} INFO - Started process (PID=255) to work on /home/airflow/.local/lib/python3.12/site-packages/airflow/example_dags/example_workday_timetable.py
[2024-11-09T08:54:05.037+0000] {processor.py:914} INFO - Processing file /home/airflow/.local/lib/python3.12/site-packages/airflow/example_dags/example_workday_timetable.py for tasks to queue
[2024-11-09T08:54:05.041+0000] {logging_mixin.py:190} INFO - [2024-11-09T08:54:05.040+0000] {dagbag.py:588} INFO - Filling up the DagBag from /home/airflow/.local/lib/python3.12/site-packages/airflow/example_dags/example_workday_timetable.py
[2024-11-09T08:54:05.049+0000] {processor.py:925} INFO - DAG(s) 'example_workday_timetable' retrieved from /home/airflow/.local/lib/python3.12/site-packages/airflow/example_dags/example_workday_timetable.py
[2024-11-09T08:54:05.073+0000] {logging_mixin.py:190} INFO - [2024-11-09T08:54:05.073+0000] {dag.py:3239} INFO - Sync 1 DAGs
[2024-11-09T08:54:05.161+0000] {logging_mixin.py:190} INFO - [2024-11-09T08:54:05.161+0000] {dag.py:4180} INFO - Setting next_dagrun for example_workday_timetable to 2021-01-04 00:00:00+00:00, run_after=2021-01-05 00:00:00+00:00
[2024-11-09T08:54:05.187+0000] {processor.py:208} INFO - Processing /home/airflow/.local/lib/python3.12/site-packages/airflow/example_dags/example_workday_timetable.py took 0.163 seconds
[2024-11-09T08:54:35.977+0000] {processor.py:186} INFO - Started process (PID=319) to work on /home/airflow/.local/lib/python3.12/site-packages/airflow/example_dags/example_workday_timetable.py
[2024-11-09T08:54:35.978+0000] {processor.py:914} INFO - Processing file /home/airflow/.local/lib/python3.12/site-packages/airflow/example_dags/example_workday_timetable.py for tasks to queue
[2024-11-09T08:54:35.981+0000] {logging_mixin.py:190} INFO - [2024-11-09T08:54:35.980+0000] {dagbag.py:588} INFO - Filling up the DagBag from /home/airflow/.local/lib/python3.12/site-packages/airflow/example_dags/example_workday_timetable.py
[2024-11-09T08:54:35.997+0000] {processor.py:925} INFO - DAG(s) 'example_workday_timetable' retrieved from /home/airflow/.local/lib/python3.12/site-packages/airflow/example_dags/example_workday_timetable.py
[2024-11-09T08:54:36.033+0000] {logging_mixin.py:190} INFO - [2024-11-09T08:54:36.033+0000] {dag.py:3239} INFO - Sync 1 DAGs
[2024-11-09T08:54:36.113+0000] {logging_mixin.py:190} INFO - [2024-11-09T08:54:36.113+0000] {dag.py:4180} INFO - Setting next_dagrun for example_workday_timetable to 2021-01-04 00:00:00+00:00, run_after=2021-01-05 00:00:00+00:00
[2024-11-09T08:54:36.173+0000] {processor.py:208} INFO - Processing /home/airflow/.local/lib/python3.12/site-packages/airflow/example_dags/example_workday_timetable.py took 0.206 seconds
[2024-11-09T08:55:06.782+0000] {processor.py:186} INFO - Started process (PID=383) to work on /home/airflow/.local/lib/python3.12/site-packages/airflow/example_dags/example_workday_timetable.py
[2024-11-09T08:55:06.783+0000] {processor.py:914} INFO - Processing file /home/airflow/.local/lib/python3.12/site-packages/airflow/example_dags/example_workday_timetable.py for tasks to queue
[2024-11-09T08:55:06.787+0000] {logging_mixin.py:190} INFO - [2024-11-09T08:55:06.786+0000] {dagbag.py:588} INFO - Filling up the DagBag from /home/airflow/.local/lib/python3.12/site-packages/airflow/example_dags/example_workday_timetable.py
[2024-11-09T08:55:06.798+0000] {processor.py:925} INFO - DAG(s) 'example_workday_timetable' retrieved from /home/airflow/.local/lib/python3.12/site-packages/airflow/example_dags/example_workday_timetable.py
[2024-11-09T08:55:06.821+0000] {logging_mixin.py:190} INFO - [2024-11-09T08:55:06.821+0000] {dag.py:3239} INFO - Sync 1 DAGs
[2024-11-09T08:55:06.902+0000] {logging_mixin.py:190} INFO - [2024-11-09T08:55:06.902+0000] {dag.py:4180} INFO - Setting next_dagrun for example_workday_timetable to 2021-01-04 00:00:00+00:00, run_after=2021-01-05 00:00:00+00:00
[2024-11-09T08:55:06.943+0000] {processor.py:208} INFO - Processing /home/airflow/.local/lib/python3.12/site-packages/airflow/example_dags/example_workday_timetable.py took 0.170 seconds
[2024-11-09T08:55:39.207+0000] {processor.py:186} INFO - Started process (PID=449) to work on /home/airflow/.local/lib/python3.12/site-packages/airflow/example_dags/example_workday_timetable.py
[2024-11-09T08:55:39.208+0000] {processor.py:914} INFO - Processing file /home/airflow/.local/lib/python3.12/site-packages/airflow/example_dags/example_workday_timetable.py for tasks to queue
[2024-11-09T08:55:39.212+0000] {logging_mixin.py:190} INFO - [2024-11-09T08:55:39.211+0000] {dagbag.py:588} INFO - Filling up the DagBag from /home/airflow/.local/lib/python3.12/site-packages/airflow/example_dags/example_workday_timetable.py
[2024-11-09T08:55:39.219+0000] {processor.py:925} INFO - DAG(s) 'example_workday_timetable' retrieved from /home/airflow/.local/lib/python3.12/site-packages/airflow/example_dags/example_workday_timetable.py
[2024-11-09T08:55:39.243+0000] {logging_mixin.py:190} INFO - [2024-11-09T08:55:39.242+0000] {dag.py:3239} INFO - Sync 1 DAGs
[2024-11-09T08:55:39.314+0000] {logging_mixin.py:190} INFO - [2024-11-09T08:55:39.314+0000] {dag.py:4180} INFO - Setting next_dagrun for example_workday_timetable to 2021-01-04 00:00:00+00:00, run_after=2021-01-05 00:00:00+00:00
[2024-11-09T08:55:39.501+0000] {processor.py:208} INFO - Processing /home/airflow/.local/lib/python3.12/site-packages/airflow/example_dags/example_workday_timetable.py took 0.301 seconds
[2024-11-09T08:56:12.096+0000] {processor.py:186} INFO - Started process (PID=516) to work on /home/airflow/.local/lib/python3.12/site-packages/airflow/example_dags/example_workday_timetable.py
[2024-11-09T08:56:12.099+0000] {processor.py:914} INFO - Processing file /home/airflow/.local/lib/python3.12/site-packages/airflow/example_dags/example_workday_timetable.py for tasks to queue
[2024-11-09T08:56:12.104+0000] {logging_mixin.py:190} INFO - [2024-11-09T08:56:12.103+0000] {dagbag.py:588} INFO - Filling up the DagBag from /home/airflow/.local/lib/python3.12/site-packages/airflow/example_dags/example_workday_timetable.py
[2024-11-09T08:56:12.116+0000] {processor.py:925} INFO - DAG(s) 'example_workday_timetable' retrieved from /home/airflow/.local/lib/python3.12/site-packages/airflow/example_dags/example_workday_timetable.py
[2024-11-09T08:56:12.141+0000] {logging_mixin.py:190} INFO - [2024-11-09T08:56:12.141+0000] {dag.py:3239} INFO - Sync 1 DAGs
[2024-11-09T08:56:12.214+0000] {logging_mixin.py:190} INFO - [2024-11-09T08:56:12.214+0000] {dag.py:4180} INFO - Setting next_dagrun for example_workday_timetable to 2021-01-04 00:00:00+00:00, run_after=2021-01-05 00:00:00+00:00
[2024-11-09T08:56:12.323+0000] {processor.py:208} INFO - Processing /home/airflow/.local/lib/python3.12/site-packages/airflow/example_dags/example_workday_timetable.py took 0.240 seconds
[2024-11-09T08:56:43.509+0000] {processor.py:186} INFO - Started process (PID=581) to work on /home/airflow/.local/lib/python3.12/site-packages/airflow/example_dags/example_workday_timetable.py
[2024-11-09T08:56:43.510+0000] {processor.py:914} INFO - Processing file /home/airflow/.local/lib/python3.12/site-packages/airflow/example_dags/example_workday_timetable.py for tasks to queue
[2024-11-09T08:56:43.513+0000] {logging_mixin.py:190} INFO - [2024-11-09T08:56:43.512+0000] {dagbag.py:588} INFO - Filling up the DagBag from /home/airflow/.local/lib/python3.12/site-packages/airflow/example_dags/example_workday_timetable.py
[2024-11-09T08:56:43.520+0000] {processor.py:925} INFO - DAG(s) 'example_workday_timetable' retrieved from /home/airflow/.local/lib/python3.12/site-packages/airflow/example_dags/example_workday_timetable.py
[2024-11-09T08:56:43.543+0000] {logging_mixin.py:190} INFO - [2024-11-09T08:56:43.543+0000] {dag.py:3239} INFO - Sync 1 DAGs
[2024-11-09T08:56:43.620+0000] {logging_mixin.py:190} INFO - [2024-11-09T08:56:43.620+0000] {dag.py:4180} INFO - Setting next_dagrun for example_workday_timetable to 2021-01-04 00:00:00+00:00, run_after=2021-01-05 00:00:00+00:00
[2024-11-09T08:56:43.669+0000] {processor.py:208} INFO - Processing /home/airflow/.local/lib/python3.12/site-packages/airflow/example_dags/example_workday_timetable.py took 0.166 seconds
[2024-11-09T08:57:15.794+0000] {processor.py:186} INFO - Started process (PID=645) to work on /home/airflow/.local/lib/python3.12/site-packages/airflow/example_dags/example_workday_timetable.py
[2024-11-09T08:57:15.796+0000] {processor.py:914} INFO - Processing file /home/airflow/.local/lib/python3.12/site-packages/airflow/example_dags/example_workday_timetable.py for tasks to queue
[2024-11-09T08:57:15.800+0000] {logging_mixin.py:190} INFO - [2024-11-09T08:57:15.800+0000] {dagbag.py:588} INFO - Filling up the DagBag from /home/airflow/.local/lib/python3.12/site-packages/airflow/example_dags/example_workday_timetable.py
[2024-11-09T08:57:15.811+0000] {processor.py:925} INFO - DAG(s) 'example_workday_timetable' retrieved from /home/airflow/.local/lib/python3.12/site-packages/airflow/example_dags/example_workday_timetable.py
[2024-11-09T08:57:15.835+0000] {logging_mixin.py:190} INFO - [2024-11-09T08:57:15.835+0000] {dag.py:3239} INFO - Sync 1 DAGs
[2024-11-09T08:57:15.901+0000] {logging_mixin.py:190} INFO - [2024-11-09T08:57:15.901+0000] {dag.py:4180} INFO - Setting next_dagrun for example_workday_timetable to 2021-01-04 00:00:00+00:00, run_after=2021-01-05 00:00:00+00:00
[2024-11-09T08:57:16.039+0000] {processor.py:208} INFO - Processing /home/airflow/.local/lib/python3.12/site-packages/airflow/example_dags/example_workday_timetable.py took 0.256 seconds
[2024-11-09T08:57:47.090+0000] {processor.py:186} INFO - Started process (PID=715) to work on /home/airflow/.local/lib/python3.12/site-packages/airflow/example_dags/example_workday_timetable.py
[2024-11-09T08:57:47.092+0000] {processor.py:914} INFO - Processing file /home/airflow/.local/lib/python3.12/site-packages/airflow/example_dags/example_workday_timetable.py for tasks to queue
[2024-11-09T08:57:47.095+0000] {logging_mixin.py:190} INFO - [2024-11-09T08:57:47.095+0000] {dagbag.py:588} INFO - Filling up the DagBag from /home/airflow/.local/lib/python3.12/site-packages/airflow/example_dags/example_workday_timetable.py
[2024-11-09T08:57:47.104+0000] {processor.py:925} INFO - DAG(s) 'example_workday_timetable' retrieved from /home/airflow/.local/lib/python3.12/site-packages/airflow/example_dags/example_workday_timetable.py
[2024-11-09T08:57:47.129+0000] {logging_mixin.py:190} INFO - [2024-11-09T08:57:47.128+0000] {dag.py:3239} INFO - Sync 1 DAGs
[2024-11-09T08:57:47.221+0000] {logging_mixin.py:190} INFO - [2024-11-09T08:57:47.221+0000] {dag.py:4180} INFO - Setting next_dagrun for example_workday_timetable to 2021-01-04 00:00:00+00:00, run_after=2021-01-05 00:00:00+00:00
[2024-11-09T08:57:47.260+0000] {processor.py:208} INFO - Processing /home/airflow/.local/lib/python3.12/site-packages/airflow/example_dags/example_workday_timetable.py took 0.179 seconds
[2024-11-09T08:58:18.043+0000] {processor.py:186} INFO - Started process (PID=778) to work on /home/airflow/.local/lib/python3.12/site-packages/airflow/example_dags/example_workday_timetable.py
[2024-11-09T08:58:18.044+0000] {processor.py:914} INFO - Processing file /home/airflow/.local/lib/python3.12/site-packages/airflow/example_dags/example_workday_timetable.py for tasks to queue
[2024-11-09T08:58:18.048+0000] {logging_mixin.py:190} INFO - [2024-11-09T08:58:18.048+0000] {dagbag.py:588} INFO - Filling up the DagBag from /home/airflow/.local/lib/python3.12/site-packages/airflow/example_dags/example_workday_timetable.py
[2024-11-09T08:58:18.058+0000] {processor.py:925} INFO - DAG(s) 'example_workday_timetable' retrieved from /home/airflow/.local/lib/python3.12/site-packages/airflow/example_dags/example_workday_timetable.py
[2024-11-09T08:58:18.083+0000] {logging_mixin.py:190} INFO - [2024-11-09T08:58:18.083+0000] {dag.py:3239} INFO - Sync 1 DAGs
[2024-11-09T08:58:18.233+0000] {logging_mixin.py:190} INFO - [2024-11-09T08:58:18.232+0000] {dag.py:4180} INFO - Setting next_dagrun for example_workday_timetable to 2021-01-04 00:00:00+00:00, run_after=2021-01-05 00:00:00+00:00
[2024-11-09T08:58:18.292+0000] {processor.py:208} INFO - Processing /home/airflow/.local/lib/python3.12/site-packages/airflow/example_dags/example_workday_timetable.py took 0.259 seconds
[2024-11-09T10:15:44.472+0000] {processor.py:186} INFO - Started process (PID=114) to work on /home/airflow/.local/lib/python3.12/site-packages/airflow/example_dags/example_workday_timetable.py
[2024-11-09T10:15:44.474+0000] {processor.py:914} INFO - Processing file /home/airflow/.local/lib/python3.12/site-packages/airflow/example_dags/example_workday_timetable.py for tasks to queue
[2024-11-09T10:15:44.477+0000] {logging_mixin.py:190} INFO - [2024-11-09T10:15:44.477+0000] {dagbag.py:588} INFO - Filling up the DagBag from /home/airflow/.local/lib/python3.12/site-packages/airflow/example_dags/example_workday_timetable.py
[2024-11-09T10:15:44.485+0000] {processor.py:925} INFO - DAG(s) 'example_workday_timetable' retrieved from /home/airflow/.local/lib/python3.12/site-packages/airflow/example_dags/example_workday_timetable.py
[2024-11-09T10:15:44.508+0000] {logging_mixin.py:190} INFO - [2024-11-09T10:15:44.508+0000] {dag.py:3239} INFO - Sync 1 DAGs
[2024-11-09T10:15:44.662+0000] {logging_mixin.py:190} INFO - [2024-11-09T10:15:44.661+0000] {dag.py:4180} INFO - Setting next_dagrun for example_workday_timetable to 2021-01-04 00:00:00+00:00, run_after=2021-01-05 00:00:00+00:00
[2024-11-09T10:15:44.692+0000] {processor.py:208} INFO - Processing /home/airflow/.local/lib/python3.12/site-packages/airflow/example_dags/example_workday_timetable.py took 0.226 seconds
[2024-11-09T10:16:16.832+0000] {processor.py:186} INFO - Started process (PID=179) to work on /home/airflow/.local/lib/python3.12/site-packages/airflow/example_dags/example_workday_timetable.py
[2024-11-09T10:16:16.834+0000] {processor.py:914} INFO - Processing file /home/airflow/.local/lib/python3.12/site-packages/airflow/example_dags/example_workday_timetable.py for tasks to queue
[2024-11-09T10:16:16.837+0000] {logging_mixin.py:190} INFO - [2024-11-09T10:16:16.836+0000] {dagbag.py:588} INFO - Filling up the DagBag from /home/airflow/.local/lib/python3.12/site-packages/airflow/example_dags/example_workday_timetable.py
[2024-11-09T10:16:16.847+0000] {processor.py:925} INFO - DAG(s) 'example_workday_timetable' retrieved from /home/airflow/.local/lib/python3.12/site-packages/airflow/example_dags/example_workday_timetable.py
[2024-11-09T10:16:16.873+0000] {logging_mixin.py:190} INFO - [2024-11-09T10:16:16.872+0000] {dag.py:3239} INFO - Sync 1 DAGs
[2024-11-09T10:16:16.998+0000] {logging_mixin.py:190} INFO - [2024-11-09T10:16:16.997+0000] {dag.py:4180} INFO - Setting next_dagrun for example_workday_timetable to 2021-01-04 00:00:00+00:00, run_after=2021-01-05 00:00:00+00:00
[2024-11-09T10:16:17.053+0000] {processor.py:208} INFO - Processing /home/airflow/.local/lib/python3.12/site-packages/airflow/example_dags/example_workday_timetable.py took 0.230 seconds
[2024-11-09T10:16:49.604+0000] {processor.py:186} INFO - Started process (PID=243) to work on /home/airflow/.local/lib/python3.12/site-packages/airflow/example_dags/example_workday_timetable.py
[2024-11-09T10:16:49.605+0000] {processor.py:914} INFO - Processing file /home/airflow/.local/lib/python3.12/site-packages/airflow/example_dags/example_workday_timetable.py for tasks to queue
[2024-11-09T10:16:49.608+0000] {logging_mixin.py:190} INFO - [2024-11-09T10:16:49.607+0000] {dagbag.py:588} INFO - Filling up the DagBag from /home/airflow/.local/lib/python3.12/site-packages/airflow/example_dags/example_workday_timetable.py
[2024-11-09T10:16:49.616+0000] {processor.py:925} INFO - DAG(s) 'example_workday_timetable' retrieved from /home/airflow/.local/lib/python3.12/site-packages/airflow/example_dags/example_workday_timetable.py
[2024-11-09T10:16:49.639+0000] {logging_mixin.py:190} INFO - [2024-11-09T10:16:49.639+0000] {dag.py:3239} INFO - Sync 1 DAGs
[2024-11-09T10:16:49.712+0000] {logging_mixin.py:190} INFO - [2024-11-09T10:16:49.712+0000] {dag.py:4180} INFO - Setting next_dagrun for example_workday_timetable to 2021-01-04 00:00:00+00:00, run_after=2021-01-05 00:00:00+00:00
[2024-11-09T10:16:49.931+0000] {processor.py:208} INFO - Processing /home/airflow/.local/lib/python3.12/site-packages/airflow/example_dags/example_workday_timetable.py took 0.335 seconds
[2024-11-09T10:22:53.285+0000] {processor.py:186} INFO - Started process (PID=115) to work on /home/airflow/.local/lib/python3.12/site-packages/airflow/example_dags/example_workday_timetable.py
[2024-11-09T10:22:53.287+0000] {processor.py:914} INFO - Processing file /home/airflow/.local/lib/python3.12/site-packages/airflow/example_dags/example_workday_timetable.py for tasks to queue
[2024-11-09T10:22:53.290+0000] {logging_mixin.py:190} INFO - [2024-11-09T10:22:53.290+0000] {dagbag.py:588} INFO - Filling up the DagBag from /home/airflow/.local/lib/python3.12/site-packages/airflow/example_dags/example_workday_timetable.py
[2024-11-09T10:22:53.300+0000] {processor.py:925} INFO - DAG(s) 'example_workday_timetable' retrieved from /home/airflow/.local/lib/python3.12/site-packages/airflow/example_dags/example_workday_timetable.py
[2024-11-09T10:22:53.335+0000] {logging_mixin.py:190} INFO - [2024-11-09T10:22:53.335+0000] {dag.py:3239} INFO - Sync 1 DAGs
[2024-11-09T10:22:53.490+0000] {logging_mixin.py:190} INFO - [2024-11-09T10:22:53.490+0000] {dag.py:4180} INFO - Setting next_dagrun for example_workday_timetable to 2021-01-04 00:00:00+00:00, run_after=2021-01-05 00:00:00+00:00
[2024-11-09T10:22:53.520+0000] {processor.py:208} INFO - Processing /home/airflow/.local/lib/python3.12/site-packages/airflow/example_dags/example_workday_timetable.py took 0.242 seconds
[2024-11-09T10:23:24.862+0000] {processor.py:186} INFO - Started process (PID=179) to work on /home/airflow/.local/lib/python3.12/site-packages/airflow/example_dags/example_workday_timetable.py
[2024-11-09T10:23:24.864+0000] {processor.py:914} INFO - Processing file /home/airflow/.local/lib/python3.12/site-packages/airflow/example_dags/example_workday_timetable.py for tasks to queue
[2024-11-09T10:23:24.867+0000] {logging_mixin.py:190} INFO - [2024-11-09T10:23:24.866+0000] {dagbag.py:588} INFO - Filling up the DagBag from /home/airflow/.local/lib/python3.12/site-packages/airflow/example_dags/example_workday_timetable.py
[2024-11-09T10:23:24.875+0000] {processor.py:925} INFO - DAG(s) 'example_workday_timetable' retrieved from /home/airflow/.local/lib/python3.12/site-packages/airflow/example_dags/example_workday_timetable.py
[2024-11-09T10:23:24.899+0000] {logging_mixin.py:190} INFO - [2024-11-09T10:23:24.898+0000] {dag.py:3239} INFO - Sync 1 DAGs
[2024-11-09T10:23:25.005+0000] {logging_mixin.py:190} INFO - [2024-11-09T10:23:25.005+0000] {dag.py:4180} INFO - Setting next_dagrun for example_workday_timetable to 2021-01-04 00:00:00+00:00, run_after=2021-01-05 00:00:00+00:00
[2024-11-09T10:23:25.029+0000] {processor.py:208} INFO - Processing /home/airflow/.local/lib/python3.12/site-packages/airflow/example_dags/example_workday_timetable.py took 0.175 seconds
[2024-11-09T10:23:55.953+0000] {processor.py:186} INFO - Started process (PID=243) to work on /home/airflow/.local/lib/python3.12/site-packages/airflow/example_dags/example_workday_timetable.py
[2024-11-09T10:23:55.955+0000] {processor.py:914} INFO - Processing file /home/airflow/.local/lib/python3.12/site-packages/airflow/example_dags/example_workday_timetable.py for tasks to queue
[2024-11-09T10:23:55.958+0000] {logging_mixin.py:190} INFO - [2024-11-09T10:23:55.957+0000] {dagbag.py:588} INFO - Filling up the DagBag from /home/airflow/.local/lib/python3.12/site-packages/airflow/example_dags/example_workday_timetable.py
[2024-11-09T10:23:55.970+0000] {processor.py:925} INFO - DAG(s) 'example_workday_timetable' retrieved from /home/airflow/.local/lib/python3.12/site-packages/airflow/example_dags/example_workday_timetable.py
[2024-11-09T10:23:55.997+0000] {logging_mixin.py:190} INFO - [2024-11-09T10:23:55.997+0000] {dag.py:3239} INFO - Sync 1 DAGs
[2024-11-09T10:23:56.077+0000] {logging_mixin.py:190} INFO - [2024-11-09T10:23:56.077+0000] {dag.py:4180} INFO - Setting next_dagrun for example_workday_timetable to 2021-01-04 00:00:00+00:00, run_after=2021-01-05 00:00:00+00:00
[2024-11-09T10:23:56.105+0000] {processor.py:208} INFO - Processing /home/airflow/.local/lib/python3.12/site-packages/airflow/example_dags/example_workday_timetable.py took 0.159 seconds
[2024-11-09T10:24:27.929+0000] {processor.py:186} INFO - Started process (PID=307) to work on /home/airflow/.local/lib/python3.12/site-packages/airflow/example_dags/example_workday_timetable.py
[2024-11-09T10:24:27.930+0000] {processor.py:914} INFO - Processing file /home/airflow/.local/lib/python3.12/site-packages/airflow/example_dags/example_workday_timetable.py for tasks to queue
[2024-11-09T10:24:27.933+0000] {logging_mixin.py:190} INFO - [2024-11-09T10:24:27.932+0000] {dagbag.py:588} INFO - Filling up the DagBag from /home/airflow/.local/lib/python3.12/site-packages/airflow/example_dags/example_workday_timetable.py
[2024-11-09T10:24:27.942+0000] {processor.py:925} INFO - DAG(s) 'example_workday_timetable' retrieved from /home/airflow/.local/lib/python3.12/site-packages/airflow/example_dags/example_workday_timetable.py
[2024-11-09T10:24:27.969+0000] {logging_mixin.py:190} INFO - [2024-11-09T10:24:27.968+0000] {dag.py:3239} INFO - Sync 1 DAGs
[2024-11-09T10:24:28.050+0000] {logging_mixin.py:190} INFO - [2024-11-09T10:24:28.050+0000] {dag.py:4180} INFO - Setting next_dagrun for example_workday_timetable to 2021-01-04 00:00:00+00:00, run_after=2021-01-05 00:00:00+00:00
[2024-11-09T10:24:28.145+0000] {processor.py:208} INFO - Processing /home/airflow/.local/lib/python3.12/site-packages/airflow/example_dags/example_workday_timetable.py took 0.225 seconds
[2024-11-09T10:25:00.283+0000] {processor.py:186} INFO - Started process (PID=371) to work on /home/airflow/.local/lib/python3.12/site-packages/airflow/example_dags/example_workday_timetable.py
[2024-11-09T10:25:00.285+0000] {processor.py:914} INFO - Processing file /home/airflow/.local/lib/python3.12/site-packages/airflow/example_dags/example_workday_timetable.py for tasks to queue
[2024-11-09T10:25:00.299+0000] {logging_mixin.py:190} INFO - [2024-11-09T10:25:00.298+0000] {dagbag.py:588} INFO - Filling up the DagBag from /home/airflow/.local/lib/python3.12/site-packages/airflow/example_dags/example_workday_timetable.py
[2024-11-09T10:25:00.308+0000] {processor.py:925} INFO - DAG(s) 'example_workday_timetable' retrieved from /home/airflow/.local/lib/python3.12/site-packages/airflow/example_dags/example_workday_timetable.py
[2024-11-09T10:25:00.355+0000] {logging_mixin.py:190} INFO - [2024-11-09T10:25:00.355+0000] {dag.py:3239} INFO - Sync 1 DAGs
[2024-11-09T10:25:00.490+0000] {logging_mixin.py:190} INFO - [2024-11-09T10:25:00.489+0000] {dag.py:4180} INFO - Setting next_dagrun for example_workday_timetable to 2021-01-04 00:00:00+00:00, run_after=2021-01-05 00:00:00+00:00
[2024-11-09T10:25:00.571+0000] {processor.py:208} INFO - Processing /home/airflow/.local/lib/python3.12/site-packages/airflow/example_dags/example_workday_timetable.py took 0.296 seconds
[2024-11-09T10:25:30.915+0000] {processor.py:186} INFO - Started process (PID=435) to work on /home/airflow/.local/lib/python3.12/site-packages/airflow/example_dags/example_workday_timetable.py
[2024-11-09T10:25:30.917+0000] {processor.py:914} INFO - Processing file /home/airflow/.local/lib/python3.12/site-packages/airflow/example_dags/example_workday_timetable.py for tasks to queue
[2024-11-09T10:25:30.920+0000] {logging_mixin.py:190} INFO - [2024-11-09T10:25:30.919+0000] {dagbag.py:588} INFO - Filling up the DagBag from /home/airflow/.local/lib/python3.12/site-packages/airflow/example_dags/example_workday_timetable.py
[2024-11-09T10:25:30.930+0000] {processor.py:925} INFO - DAG(s) 'example_workday_timetable' retrieved from /home/airflow/.local/lib/python3.12/site-packages/airflow/example_dags/example_workday_timetable.py
[2024-11-09T10:25:30.958+0000] {logging_mixin.py:190} INFO - [2024-11-09T10:25:30.956+0000] {dag.py:3239} INFO - Sync 1 DAGs
[2024-11-09T10:25:31.042+0000] {logging_mixin.py:190} INFO - [2024-11-09T10:25:31.042+0000] {dag.py:4180} INFO - Setting next_dagrun for example_workday_timetable to 2021-01-04 00:00:00+00:00, run_after=2021-01-05 00:00:00+00:00
[2024-11-09T10:25:31.069+0000] {processor.py:208} INFO - Processing /home/airflow/.local/lib/python3.12/site-packages/airflow/example_dags/example_workday_timetable.py took 0.162 seconds
[2024-11-09T10:26:02.825+0000] {processor.py:186} INFO - Started process (PID=499) to work on /home/airflow/.local/lib/python3.12/site-packages/airflow/example_dags/example_workday_timetable.py
[2024-11-09T10:26:02.827+0000] {processor.py:914} INFO - Processing file /home/airflow/.local/lib/python3.12/site-packages/airflow/example_dags/example_workday_timetable.py for tasks to queue
[2024-11-09T10:26:02.829+0000] {logging_mixin.py:190} INFO - [2024-11-09T10:26:02.829+0000] {dagbag.py:588} INFO - Filling up the DagBag from /home/airflow/.local/lib/python3.12/site-packages/airflow/example_dags/example_workday_timetable.py
[2024-11-09T10:26:02.836+0000] {processor.py:925} INFO - DAG(s) 'example_workday_timetable' retrieved from /home/airflow/.local/lib/python3.12/site-packages/airflow/example_dags/example_workday_timetable.py
[2024-11-09T10:26:02.858+0000] {logging_mixin.py:190} INFO - [2024-11-09T10:26:02.858+0000] {dag.py:3239} INFO - Sync 1 DAGs
[2024-11-09T10:26:02.927+0000] {logging_mixin.py:190} INFO - [2024-11-09T10:26:02.926+0000] {dag.py:4180} INFO - Setting next_dagrun for example_workday_timetable to 2021-01-04 00:00:00+00:00, run_after=2021-01-05 00:00:00+00:00
[2024-11-09T10:26:03.217+0000] {processor.py:208} INFO - Processing /home/airflow/.local/lib/python3.12/site-packages/airflow/example_dags/example_workday_timetable.py took 0.398 seconds
[2024-11-09T10:26:34.341+0000] {processor.py:186} INFO - Started process (PID=564) to work on /home/airflow/.local/lib/python3.12/site-packages/airflow/example_dags/example_workday_timetable.py
[2024-11-09T10:26:34.342+0000] {processor.py:914} INFO - Processing file /home/airflow/.local/lib/python3.12/site-packages/airflow/example_dags/example_workday_timetable.py for tasks to queue
[2024-11-09T10:26:34.346+0000] {logging_mixin.py:190} INFO - [2024-11-09T10:26:34.345+0000] {dagbag.py:588} INFO - Filling up the DagBag from /home/airflow/.local/lib/python3.12/site-packages/airflow/example_dags/example_workday_timetable.py
[2024-11-09T10:26:34.356+0000] {processor.py:925} INFO - DAG(s) 'example_workday_timetable' retrieved from /home/airflow/.local/lib/python3.12/site-packages/airflow/example_dags/example_workday_timetable.py
[2024-11-09T10:26:34.381+0000] {logging_mixin.py:190} INFO - [2024-11-09T10:26:34.381+0000] {dag.py:3239} INFO - Sync 1 DAGs
[2024-11-09T10:26:34.454+0000] {logging_mixin.py:190} INFO - [2024-11-09T10:26:34.454+0000] {dag.py:4180} INFO - Setting next_dagrun for example_workday_timetable to 2021-01-04 00:00:00+00:00, run_after=2021-01-05 00:00:00+00:00
[2024-11-09T10:26:34.678+0000] {processor.py:208} INFO - Processing /home/airflow/.local/lib/python3.12/site-packages/airflow/example_dags/example_workday_timetable.py took 0.344 seconds
[2024-11-09T10:27:05.992+0000] {processor.py:186} INFO - Started process (PID=628) to work on /home/airflow/.local/lib/python3.12/site-packages/airflow/example_dags/example_workday_timetable.py
[2024-11-09T10:27:05.993+0000] {processor.py:914} INFO - Processing file /home/airflow/.local/lib/python3.12/site-packages/airflow/example_dags/example_workday_timetable.py for tasks to queue
[2024-11-09T10:27:05.996+0000] {logging_mixin.py:190} INFO - [2024-11-09T10:27:05.995+0000] {dagbag.py:588} INFO - Filling up the DagBag from /home/airflow/.local/lib/python3.12/site-packages/airflow/example_dags/example_workday_timetable.py
[2024-11-09T10:27:06.002+0000] {processor.py:925} INFO - DAG(s) 'example_workday_timetable' retrieved from /home/airflow/.local/lib/python3.12/site-packages/airflow/example_dags/example_workday_timetable.py
[2024-11-09T10:27:06.051+0000] {logging_mixin.py:190} INFO - [2024-11-09T10:27:06.050+0000] {dag.py:3239} INFO - Sync 1 DAGs
[2024-11-09T10:27:06.133+0000] {logging_mixin.py:190} INFO - [2024-11-09T10:27:06.132+0000] {dag.py:4180} INFO - Setting next_dagrun for example_workday_timetable to 2021-01-04 00:00:00+00:00, run_after=2021-01-05 00:00:00+00:00
[2024-11-09T10:27:06.225+0000] {processor.py:208} INFO - Processing /home/airflow/.local/lib/python3.12/site-packages/airflow/example_dags/example_workday_timetable.py took 0.242 seconds
[2024-11-09T10:27:37.584+0000] {processor.py:186} INFO - Started process (PID=692) to work on /home/airflow/.local/lib/python3.12/site-packages/airflow/example_dags/example_workday_timetable.py
[2024-11-09T10:27:37.587+0000] {processor.py:914} INFO - Processing file /home/airflow/.local/lib/python3.12/site-packages/airflow/example_dags/example_workday_timetable.py for tasks to queue
[2024-11-09T10:27:37.599+0000] {logging_mixin.py:190} INFO - [2024-11-09T10:27:37.598+0000] {dagbag.py:588} INFO - Filling up the DagBag from /home/airflow/.local/lib/python3.12/site-packages/airflow/example_dags/example_workday_timetable.py
[2024-11-09T10:27:37.629+0000] {processor.py:925} INFO - DAG(s) 'example_workday_timetable' retrieved from /home/airflow/.local/lib/python3.12/site-packages/airflow/example_dags/example_workday_timetable.py
[2024-11-09T10:27:37.674+0000] {logging_mixin.py:190} INFO - [2024-11-09T10:27:37.674+0000] {dag.py:3239} INFO - Sync 1 DAGs
[2024-11-09T10:27:37.746+0000] {logging_mixin.py:190} INFO - [2024-11-09T10:27:37.746+0000] {dag.py:4180} INFO - Setting next_dagrun for example_workday_timetable to 2021-01-04 00:00:00+00:00, run_after=2021-01-05 00:00:00+00:00
[2024-11-09T10:27:37.806+0000] {processor.py:208} INFO - Processing /home/airflow/.local/lib/python3.12/site-packages/airflow/example_dags/example_workday_timetable.py took 0.293 seconds
[2024-11-09T10:28:08.542+0000] {processor.py:186} INFO - Started process (PID=763) to work on /home/airflow/.local/lib/python3.12/site-packages/airflow/example_dags/example_workday_timetable.py
[2024-11-09T10:28:08.544+0000] {processor.py:914} INFO - Processing file /home/airflow/.local/lib/python3.12/site-packages/airflow/example_dags/example_workday_timetable.py for tasks to queue
[2024-11-09T10:28:08.547+0000] {logging_mixin.py:190} INFO - [2024-11-09T10:28:08.547+0000] {dagbag.py:588} INFO - Filling up the DagBag from /home/airflow/.local/lib/python3.12/site-packages/airflow/example_dags/example_workday_timetable.py
[2024-11-09T10:28:08.554+0000] {processor.py:925} INFO - DAG(s) 'example_workday_timetable' retrieved from /home/airflow/.local/lib/python3.12/site-packages/airflow/example_dags/example_workday_timetable.py
[2024-11-09T10:28:08.576+0000] {logging_mixin.py:190} INFO - [2024-11-09T10:28:08.575+0000] {dag.py:3239} INFO - Sync 1 DAGs
[2024-11-09T10:28:08.660+0000] {logging_mixin.py:190} INFO - [2024-11-09T10:28:08.659+0000] {dag.py:4180} INFO - Setting next_dagrun for example_workday_timetable to 2021-01-04 00:00:00+00:00, run_after=2021-01-05 00:00:00+00:00
[2024-11-09T10:28:08.778+0000] {processor.py:208} INFO - Processing /home/airflow/.local/lib/python3.12/site-packages/airflow/example_dags/example_workday_timetable.py took 0.243 seconds
[2024-11-09T10:28:39.514+0000] {processor.py:186} INFO - Started process (PID=828) to work on /home/airflow/.local/lib/python3.12/site-packages/airflow/example_dags/example_workday_timetable.py
[2024-11-09T10:28:39.516+0000] {processor.py:914} INFO - Processing file /home/airflow/.local/lib/python3.12/site-packages/airflow/example_dags/example_workday_timetable.py for tasks to queue
[2024-11-09T10:28:39.519+0000] {logging_mixin.py:190} INFO - [2024-11-09T10:28:39.518+0000] {dagbag.py:588} INFO - Filling up the DagBag from /home/airflow/.local/lib/python3.12/site-packages/airflow/example_dags/example_workday_timetable.py
[2024-11-09T10:28:39.527+0000] {processor.py:925} INFO - DAG(s) 'example_workday_timetable' retrieved from /home/airflow/.local/lib/python3.12/site-packages/airflow/example_dags/example_workday_timetable.py
[2024-11-09T10:28:39.551+0000] {logging_mixin.py:190} INFO - [2024-11-09T10:28:39.551+0000] {dag.py:3239} INFO - Sync 1 DAGs
[2024-11-09T10:28:39.620+0000] {logging_mixin.py:190} INFO - [2024-11-09T10:28:39.619+0000] {dag.py:4180} INFO - Setting next_dagrun for example_workday_timetable to 2021-01-04 00:00:00+00:00, run_after=2021-01-05 00:00:00+00:00
[2024-11-09T10:28:39.692+0000] {processor.py:208} INFO - Processing /home/airflow/.local/lib/python3.12/site-packages/airflow/example_dags/example_workday_timetable.py took 0.186 seconds
[2024-11-09T10:29:10.249+0000] {processor.py:186} INFO - Started process (PID=891) to work on /home/airflow/.local/lib/python3.12/site-packages/airflow/example_dags/example_workday_timetable.py
[2024-11-09T10:29:10.251+0000] {processor.py:914} INFO - Processing file /home/airflow/.local/lib/python3.12/site-packages/airflow/example_dags/example_workday_timetable.py for tasks to queue
[2024-11-09T10:29:10.254+0000] {logging_mixin.py:190} INFO - [2024-11-09T10:29:10.254+0000] {dagbag.py:588} INFO - Filling up the DagBag from /home/airflow/.local/lib/python3.12/site-packages/airflow/example_dags/example_workday_timetable.py
[2024-11-09T10:29:10.262+0000] {processor.py:925} INFO - DAG(s) 'example_workday_timetable' retrieved from /home/airflow/.local/lib/python3.12/site-packages/airflow/example_dags/example_workday_timetable.py
[2024-11-09T10:29:10.290+0000] {logging_mixin.py:190} INFO - [2024-11-09T10:29:10.289+0000] {dag.py:3239} INFO - Sync 1 DAGs
[2024-11-09T10:29:10.404+0000] {logging_mixin.py:190} INFO - [2024-11-09T10:29:10.403+0000] {dag.py:4180} INFO - Setting next_dagrun for example_workday_timetable to 2021-01-04 00:00:00+00:00, run_after=2021-01-05 00:00:00+00:00
[2024-11-09T10:29:10.436+0000] {processor.py:208} INFO - Processing /home/airflow/.local/lib/python3.12/site-packages/airflow/example_dags/example_workday_timetable.py took 0.195 seconds
[2024-11-09T10:29:41.428+0000] {processor.py:186} INFO - Started process (PID=956) to work on /home/airflow/.local/lib/python3.12/site-packages/airflow/example_dags/example_workday_timetable.py
[2024-11-09T10:29:41.429+0000] {processor.py:914} INFO - Processing file /home/airflow/.local/lib/python3.12/site-packages/airflow/example_dags/example_workday_timetable.py for tasks to queue
[2024-11-09T10:29:41.432+0000] {logging_mixin.py:190} INFO - [2024-11-09T10:29:41.432+0000] {dagbag.py:588} INFO - Filling up the DagBag from /home/airflow/.local/lib/python3.12/site-packages/airflow/example_dags/example_workday_timetable.py
[2024-11-09T10:29:41.438+0000] {processor.py:925} INFO - DAG(s) 'example_workday_timetable' retrieved from /home/airflow/.local/lib/python3.12/site-packages/airflow/example_dags/example_workday_timetable.py
[2024-11-09T10:29:41.459+0000] {logging_mixin.py:190} INFO - [2024-11-09T10:29:41.459+0000] {dag.py:3239} INFO - Sync 1 DAGs
[2024-11-09T10:29:41.726+0000] {logging_mixin.py:190} INFO - [2024-11-09T10:29:41.726+0000] {dag.py:4180} INFO - Setting next_dagrun for example_workday_timetable to 2021-01-04 00:00:00+00:00, run_after=2021-01-05 00:00:00+00:00
[2024-11-09T10:29:41.751+0000] {processor.py:208} INFO - Processing /home/airflow/.local/lib/python3.12/site-packages/airflow/example_dags/example_workday_timetable.py took 0.329 seconds
[2024-11-09T10:30:12.583+0000] {processor.py:186} INFO - Started process (PID=1019) to work on /home/airflow/.local/lib/python3.12/site-packages/airflow/example_dags/example_workday_timetable.py
[2024-11-09T10:30:12.585+0000] {processor.py:914} INFO - Processing file /home/airflow/.local/lib/python3.12/site-packages/airflow/example_dags/example_workday_timetable.py for tasks to queue
[2024-11-09T10:30:12.589+0000] {logging_mixin.py:190} INFO - [2024-11-09T10:30:12.589+0000] {dagbag.py:588} INFO - Filling up the DagBag from /home/airflow/.local/lib/python3.12/site-packages/airflow/example_dags/example_workday_timetable.py
[2024-11-09T10:30:12.596+0000] {processor.py:925} INFO - DAG(s) 'example_workday_timetable' retrieved from /home/airflow/.local/lib/python3.12/site-packages/airflow/example_dags/example_workday_timetable.py
[2024-11-09T10:30:12.620+0000] {logging_mixin.py:190} INFO - [2024-11-09T10:30:12.619+0000] {dag.py:3239} INFO - Sync 1 DAGs
[2024-11-09T10:30:12.940+0000] {logging_mixin.py:190} INFO - [2024-11-09T10:30:12.940+0000] {dag.py:4180} INFO - Setting next_dagrun for example_workday_timetable to 2021-01-04 00:00:00+00:00, run_after=2021-01-05 00:00:00+00:00
[2024-11-09T10:30:12.969+0000] {processor.py:208} INFO - Processing /home/airflow/.local/lib/python3.12/site-packages/airflow/example_dags/example_workday_timetable.py took 0.394 seconds
[2024-11-09T10:30:43.057+0000] {processor.py:186} INFO - Started process (PID=1083) to work on /home/airflow/.local/lib/python3.12/site-packages/airflow/example_dags/example_workday_timetable.py
[2024-11-09T10:30:43.058+0000] {processor.py:914} INFO - Processing file /home/airflow/.local/lib/python3.12/site-packages/airflow/example_dags/example_workday_timetable.py for tasks to queue
[2024-11-09T10:30:43.061+0000] {logging_mixin.py:190} INFO - [2024-11-09T10:30:43.060+0000] {dagbag.py:588} INFO - Filling up the DagBag from /home/airflow/.local/lib/python3.12/site-packages/airflow/example_dags/example_workday_timetable.py
[2024-11-09T10:30:43.068+0000] {processor.py:925} INFO - DAG(s) 'example_workday_timetable' retrieved from /home/airflow/.local/lib/python3.12/site-packages/airflow/example_dags/example_workday_timetable.py
[2024-11-09T10:30:43.088+0000] {logging_mixin.py:190} INFO - [2024-11-09T10:30:43.088+0000] {dag.py:3239} INFO - Sync 1 DAGs
[2024-11-09T10:30:43.178+0000] {logging_mixin.py:190} INFO - [2024-11-09T10:30:43.178+0000] {dag.py:4180} INFO - Setting next_dagrun for example_workday_timetable to 2021-01-04 00:00:00+00:00, run_after=2021-01-05 00:00:00+00:00
[2024-11-09T10:30:43.207+0000] {processor.py:208} INFO - Processing /home/airflow/.local/lib/python3.12/site-packages/airflow/example_dags/example_workday_timetable.py took 0.156 seconds
[2024-11-09T10:31:18.954+0000] {processor.py:186} INFO - Started process (PID=1148) to work on /home/airflow/.local/lib/python3.12/site-packages/airflow/example_dags/example_workday_timetable.py
[2024-11-09T10:31:18.955+0000] {processor.py:914} INFO - Processing file /home/airflow/.local/lib/python3.12/site-packages/airflow/example_dags/example_workday_timetable.py for tasks to queue
[2024-11-09T10:31:18.958+0000] {logging_mixin.py:190} INFO - [2024-11-09T10:31:18.957+0000] {dagbag.py:588} INFO - Filling up the DagBag from /home/airflow/.local/lib/python3.12/site-packages/airflow/example_dags/example_workday_timetable.py
[2024-11-09T10:31:18.964+0000] {processor.py:925} INFO - DAG(s) 'example_workday_timetable' retrieved from /home/airflow/.local/lib/python3.12/site-packages/airflow/example_dags/example_workday_timetable.py
[2024-11-09T10:31:18.987+0000] {logging_mixin.py:190} INFO - [2024-11-09T10:31:18.986+0000] {dag.py:3239} INFO - Sync 1 DAGs
[2024-11-09T10:31:19.118+0000] {logging_mixin.py:190} INFO - [2024-11-09T10:31:19.117+0000] {dag.py:4180} INFO - Setting next_dagrun for example_workday_timetable to 2021-01-04 00:00:00+00:00, run_after=2021-01-05 00:00:00+00:00
[2024-11-09T10:31:19.144+0000] {processor.py:208} INFO - Processing /home/airflow/.local/lib/python3.12/site-packages/airflow/example_dags/example_workday_timetable.py took 0.197 seconds
[2024-11-09T10:31:50.940+0000] {processor.py:186} INFO - Started process (PID=1214) to work on /home/airflow/.local/lib/python3.12/site-packages/airflow/example_dags/example_workday_timetable.py
[2024-11-09T10:31:50.941+0000] {processor.py:914} INFO - Processing file /home/airflow/.local/lib/python3.12/site-packages/airflow/example_dags/example_workday_timetable.py for tasks to queue
[2024-11-09T10:31:50.944+0000] {logging_mixin.py:190} INFO - [2024-11-09T10:31:50.944+0000] {dagbag.py:588} INFO - Filling up the DagBag from /home/airflow/.local/lib/python3.12/site-packages/airflow/example_dags/example_workday_timetable.py
[2024-11-09T10:31:50.952+0000] {processor.py:925} INFO - DAG(s) 'example_workday_timetable' retrieved from /home/airflow/.local/lib/python3.12/site-packages/airflow/example_dags/example_workday_timetable.py
[2024-11-09T10:31:50.980+0000] {logging_mixin.py:190} INFO - [2024-11-09T10:31:50.975+0000] {dag.py:3239} INFO - Sync 1 DAGs
[2024-11-09T10:31:51.118+0000] {logging_mixin.py:190} INFO - [2024-11-09T10:31:51.118+0000] {dag.py:4180} INFO - Setting next_dagrun for example_workday_timetable to 2021-01-04 00:00:00+00:00, run_after=2021-01-05 00:00:00+00:00
[2024-11-09T10:31:51.150+0000] {processor.py:208} INFO - Processing /home/airflow/.local/lib/python3.12/site-packages/airflow/example_dags/example_workday_timetable.py took 0.218 seconds
[2024-11-09T10:32:23.352+0000] {processor.py:186} INFO - Started process (PID=1284) to work on /home/airflow/.local/lib/python3.12/site-packages/airflow/example_dags/example_workday_timetable.py
[2024-11-09T10:32:23.354+0000] {processor.py:914} INFO - Processing file /home/airflow/.local/lib/python3.12/site-packages/airflow/example_dags/example_workday_timetable.py for tasks to queue
[2024-11-09T10:32:23.359+0000] {logging_mixin.py:190} INFO - [2024-11-09T10:32:23.358+0000] {dagbag.py:588} INFO - Filling up the DagBag from /home/airflow/.local/lib/python3.12/site-packages/airflow/example_dags/example_workday_timetable.py
[2024-11-09T10:32:23.378+0000] {processor.py:925} INFO - DAG(s) 'example_workday_timetable' retrieved from /home/airflow/.local/lib/python3.12/site-packages/airflow/example_dags/example_workday_timetable.py
[2024-11-09T10:32:23.417+0000] {logging_mixin.py:190} INFO - [2024-11-09T10:32:23.416+0000] {dag.py:3239} INFO - Sync 1 DAGs
[2024-11-09T10:32:23.638+0000] {logging_mixin.py:190} INFO - [2024-11-09T10:32:23.638+0000] {dag.py:4180} INFO - Setting next_dagrun for example_workday_timetable to 2021-01-04 00:00:00+00:00, run_after=2021-01-05 00:00:00+00:00
[2024-11-09T10:32:23.685+0000] {processor.py:208} INFO - Processing /home/airflow/.local/lib/python3.12/site-packages/airflow/example_dags/example_workday_timetable.py took 0.342 seconds
[2024-11-09T10:32:55.210+0000] {processor.py:186} INFO - Started process (PID=1353) to work on /home/airflow/.local/lib/python3.12/site-packages/airflow/example_dags/example_workday_timetable.py
[2024-11-09T10:32:55.212+0000] {processor.py:914} INFO - Processing file /home/airflow/.local/lib/python3.12/site-packages/airflow/example_dags/example_workday_timetable.py for tasks to queue
[2024-11-09T10:32:55.220+0000] {logging_mixin.py:190} INFO - [2024-11-09T10:32:55.218+0000] {dagbag.py:588} INFO - Filling up the DagBag from /home/airflow/.local/lib/python3.12/site-packages/airflow/example_dags/example_workday_timetable.py
[2024-11-09T10:32:55.237+0000] {processor.py:925} INFO - DAG(s) 'example_workday_timetable' retrieved from /home/airflow/.local/lib/python3.12/site-packages/airflow/example_dags/example_workday_timetable.py
[2024-11-09T10:32:55.274+0000] {logging_mixin.py:190} INFO - [2024-11-09T10:32:55.273+0000] {dag.py:3239} INFO - Sync 1 DAGs
[2024-11-09T10:32:55.944+0000] {logging_mixin.py:190} INFO - [2024-11-09T10:32:55.943+0000] {dag.py:4180} INFO - Setting next_dagrun for example_workday_timetable to 2021-01-04 00:00:00+00:00, run_after=2021-01-05 00:00:00+00:00
[2024-11-09T10:32:56.004+0000] {processor.py:208} INFO - Processing /home/airflow/.local/lib/python3.12/site-packages/airflow/example_dags/example_workday_timetable.py took 0.865 seconds
[2024-11-09T10:53:13.171+0000] {processor.py:186} INFO - Started process (PID=117) to work on /home/airflow/.local/lib/python3.12/site-packages/airflow/example_dags/example_workday_timetable.py
[2024-11-09T10:53:13.173+0000] {processor.py:914} INFO - Processing file /home/airflow/.local/lib/python3.12/site-packages/airflow/example_dags/example_workday_timetable.py for tasks to queue
[2024-11-09T10:53:13.178+0000] {logging_mixin.py:190} INFO - [2024-11-09T10:53:13.177+0000] {dagbag.py:588} INFO - Filling up the DagBag from /home/airflow/.local/lib/python3.12/site-packages/airflow/example_dags/example_workday_timetable.py
[2024-11-09T10:53:13.188+0000] {processor.py:925} INFO - DAG(s) 'example_workday_timetable' retrieved from /home/airflow/.local/lib/python3.12/site-packages/airflow/example_dags/example_workday_timetable.py
[2024-11-09T10:53:13.216+0000] {logging_mixin.py:190} INFO - [2024-11-09T10:53:13.215+0000] {dag.py:3239} INFO - Sync 1 DAGs
[2024-11-09T10:53:13.473+0000] {logging_mixin.py:190} INFO - [2024-11-09T10:53:13.472+0000] {dag.py:4180} INFO - Setting next_dagrun for example_workday_timetable to 2021-01-04 00:00:00+00:00, run_after=2021-01-05 00:00:00+00:00
[2024-11-09T10:53:13.511+0000] {processor.py:208} INFO - Processing /home/airflow/.local/lib/python3.12/site-packages/airflow/example_dags/example_workday_timetable.py took 0.350 seconds
