[2024-11-09T08:52:30.079+0000] {processor.py:186} INFO - Started process (PID=76) to work on /home/airflow/.local/lib/python3.12/site-packages/airflow/example_dags/example_xcom.py
[2024-11-09T08:52:30.099+0000] {processor.py:914} INFO - Processing file /home/airflow/.local/lib/python3.12/site-packages/airflow/example_dags/example_xcom.py for tasks to queue
[2024-11-09T08:52:30.181+0000] {logging_mixin.py:190} INFO - [2024-11-09T08:52:30.174+0000] {dagbag.py:588} INFO - Filling up the DagBag from /home/airflow/.local/lib/python3.12/site-packages/airflow/example_dags/example_xcom.py
[2024-11-09T08:52:30.512+0000] {processor.py:925} INFO - DAG(s) 'example_xcom' retrieved from /home/airflow/.local/lib/python3.12/site-packages/airflow/example_dags/example_xcom.py
[2024-11-09T08:52:32.046+0000] {logging_mixin.py:190} INFO - [2024-11-09T08:52:32.046+0000] {dag.py:3239} INFO - Sync 1 DAGs
[2024-11-09T08:52:33.810+0000] {logging_mixin.py:190} INFO - [2024-11-09T08:52:33.810+0000] {dag.py:4180} INFO - Setting next_dagrun for example_xcom to 2021-01-01 00:00:00+00:00, run_after=2021-01-01 00:00:00+00:00
[2024-11-09T08:52:33.950+0000] {processor.py:208} INFO - Processing /home/airflow/.local/lib/python3.12/site-packages/airflow/example_dags/example_xcom.py took 4.100 seconds
[2024-11-09T08:53:04.571+0000] {processor.py:186} INFO - Started process (PID=139) to work on /home/airflow/.local/lib/python3.12/site-packages/airflow/example_dags/example_xcom.py
[2024-11-09T08:53:04.574+0000] {processor.py:914} INFO - Processing file /home/airflow/.local/lib/python3.12/site-packages/airflow/example_dags/example_xcom.py for tasks to queue
[2024-11-09T08:53:04.579+0000] {logging_mixin.py:190} INFO - [2024-11-09T08:53:04.577+0000] {dagbag.py:588} INFO - Filling up the DagBag from /home/airflow/.local/lib/python3.12/site-packages/airflow/example_dags/example_xcom.py
[2024-11-09T08:53:04.596+0000] {processor.py:925} INFO - DAG(s) 'example_xcom' retrieved from /home/airflow/.local/lib/python3.12/site-packages/airflow/example_dags/example_xcom.py
[2024-11-09T08:53:04.665+0000] {logging_mixin.py:190} INFO - [2024-11-09T08:53:04.664+0000] {dag.py:3239} INFO - Sync 1 DAGs
[2024-11-09T08:53:04.728+0000] {logging_mixin.py:190} INFO - [2024-11-09T08:53:04.728+0000] {dag.py:4180} INFO - Setting next_dagrun for example_xcom to 2021-01-01 00:00:00+00:00, run_after=2021-01-01 00:00:00+00:00
[2024-11-09T08:53:05.237+0000] {processor.py:208} INFO - Processing /home/airflow/.local/lib/python3.12/site-packages/airflow/example_dags/example_xcom.py took 0.675 seconds
[2024-11-09T08:53:36.135+0000] {processor.py:186} INFO - Started process (PID=203) to work on /home/airflow/.local/lib/python3.12/site-packages/airflow/example_dags/example_xcom.py
[2024-11-09T08:53:36.137+0000] {processor.py:914} INFO - Processing file /home/airflow/.local/lib/python3.12/site-packages/airflow/example_dags/example_xcom.py for tasks to queue
[2024-11-09T08:53:36.142+0000] {logging_mixin.py:190} INFO - [2024-11-09T08:53:36.142+0000] {dagbag.py:588} INFO - Filling up the DagBag from /home/airflow/.local/lib/python3.12/site-packages/airflow/example_dags/example_xcom.py
[2024-11-09T08:53:36.193+0000] {processor.py:925} INFO - DAG(s) 'example_xcom' retrieved from /home/airflow/.local/lib/python3.12/site-packages/airflow/example_dags/example_xcom.py
[2024-11-09T08:53:36.233+0000] {logging_mixin.py:190} INFO - [2024-11-09T08:53:36.233+0000] {dag.py:3239} INFO - Sync 1 DAGs
[2024-11-09T08:53:36.269+0000] {logging_mixin.py:190} INFO - [2024-11-09T08:53:36.269+0000] {dag.py:4180} INFO - Setting next_dagrun for example_xcom to 2021-01-01 00:00:00+00:00, run_after=2021-01-01 00:00:00+00:00
[2024-11-09T08:53:36.297+0000] {processor.py:208} INFO - Processing /home/airflow/.local/lib/python3.12/site-packages/airflow/example_dags/example_xcom.py took 0.175 seconds
[2024-11-09T08:54:07.023+0000] {processor.py:186} INFO - Started process (PID=268) to work on /home/airflow/.local/lib/python3.12/site-packages/airflow/example_dags/example_xcom.py
[2024-11-09T08:54:07.031+0000] {processor.py:914} INFO - Processing file /home/airflow/.local/lib/python3.12/site-packages/airflow/example_dags/example_xcom.py for tasks to queue
[2024-11-09T08:54:07.034+0000] {logging_mixin.py:190} INFO - [2024-11-09T08:54:07.034+0000] {dagbag.py:588} INFO - Filling up the DagBag from /home/airflow/.local/lib/python3.12/site-packages/airflow/example_dags/example_xcom.py
[2024-11-09T08:54:07.049+0000] {processor.py:925} INFO - DAG(s) 'example_xcom' retrieved from /home/airflow/.local/lib/python3.12/site-packages/airflow/example_dags/example_xcom.py
[2024-11-09T08:54:07.087+0000] {logging_mixin.py:190} INFO - [2024-11-09T08:54:07.087+0000] {dag.py:3239} INFO - Sync 1 DAGs
[2024-11-09T08:54:07.117+0000] {logging_mixin.py:190} INFO - [2024-11-09T08:54:07.116+0000] {dag.py:4180} INFO - Setting next_dagrun for example_xcom to 2021-01-01 00:00:00+00:00, run_after=2021-01-01 00:00:00+00:00
[2024-11-09T08:54:07.145+0000] {processor.py:208} INFO - Processing /home/airflow/.local/lib/python3.12/site-packages/airflow/example_dags/example_xcom.py took 0.130 seconds
[2024-11-09T08:54:37.821+0000] {processor.py:186} INFO - Started process (PID=332) to work on /home/airflow/.local/lib/python3.12/site-packages/airflow/example_dags/example_xcom.py
[2024-11-09T08:54:37.823+0000] {processor.py:914} INFO - Processing file /home/airflow/.local/lib/python3.12/site-packages/airflow/example_dags/example_xcom.py for tasks to queue
[2024-11-09T08:54:37.825+0000] {logging_mixin.py:190} INFO - [2024-11-09T08:54:37.825+0000] {dagbag.py:588} INFO - Filling up the DagBag from /home/airflow/.local/lib/python3.12/site-packages/airflow/example_dags/example_xcom.py
[2024-11-09T08:54:37.841+0000] {processor.py:925} INFO - DAG(s) 'example_xcom' retrieved from /home/airflow/.local/lib/python3.12/site-packages/airflow/example_dags/example_xcom.py
[2024-11-09T08:54:37.867+0000] {logging_mixin.py:190} INFO - [2024-11-09T08:54:37.867+0000] {dag.py:3239} INFO - Sync 1 DAGs
[2024-11-09T08:54:37.902+0000] {logging_mixin.py:190} INFO - [2024-11-09T08:54:37.902+0000] {dag.py:4180} INFO - Setting next_dagrun for example_xcom to 2021-01-01 00:00:00+00:00, run_after=2021-01-01 00:00:00+00:00
[2024-11-09T08:54:37.968+0000] {processor.py:208} INFO - Processing /home/airflow/.local/lib/python3.12/site-packages/airflow/example_dags/example_xcom.py took 0.154 seconds
[2024-11-09T08:55:08.976+0000] {processor.py:186} INFO - Started process (PID=394) to work on /home/airflow/.local/lib/python3.12/site-packages/airflow/example_dags/example_xcom.py
[2024-11-09T08:55:08.977+0000] {processor.py:914} INFO - Processing file /home/airflow/.local/lib/python3.12/site-packages/airflow/example_dags/example_xcom.py for tasks to queue
[2024-11-09T08:55:08.980+0000] {logging_mixin.py:190} INFO - [2024-11-09T08:55:08.980+0000] {dagbag.py:588} INFO - Filling up the DagBag from /home/airflow/.local/lib/python3.12/site-packages/airflow/example_dags/example_xcom.py
[2024-11-09T08:55:08.995+0000] {processor.py:925} INFO - DAG(s) 'example_xcom' retrieved from /home/airflow/.local/lib/python3.12/site-packages/airflow/example_dags/example_xcom.py
[2024-11-09T08:55:09.022+0000] {logging_mixin.py:190} INFO - [2024-11-09T08:55:09.022+0000] {dag.py:3239} INFO - Sync 1 DAGs
[2024-11-09T08:55:09.056+0000] {logging_mixin.py:190} INFO - [2024-11-09T08:55:09.056+0000] {dag.py:4180} INFO - Setting next_dagrun for example_xcom to 2021-01-01 00:00:00+00:00, run_after=2021-01-01 00:00:00+00:00
[2024-11-09T08:55:09.210+0000] {processor.py:208} INFO - Processing /home/airflow/.local/lib/python3.12/site-packages/airflow/example_dags/example_xcom.py took 0.242 seconds
[2024-11-09T08:55:39.905+0000] {processor.py:186} INFO - Started process (PID=456) to work on /home/airflow/.local/lib/python3.12/site-packages/airflow/example_dags/example_xcom.py
[2024-11-09T08:55:39.907+0000] {processor.py:914} INFO - Processing file /home/airflow/.local/lib/python3.12/site-packages/airflow/example_dags/example_xcom.py for tasks to queue
[2024-11-09T08:55:39.912+0000] {logging_mixin.py:190} INFO - [2024-11-09T08:55:39.912+0000] {dagbag.py:588} INFO - Filling up the DagBag from /home/airflow/.local/lib/python3.12/site-packages/airflow/example_dags/example_xcom.py
[2024-11-09T08:55:39.927+0000] {processor.py:925} INFO - DAG(s) 'example_xcom' retrieved from /home/airflow/.local/lib/python3.12/site-packages/airflow/example_dags/example_xcom.py
[2024-11-09T08:55:39.953+0000] {logging_mixin.py:190} INFO - [2024-11-09T08:55:39.952+0000] {dag.py:3239} INFO - Sync 1 DAGs
[2024-11-09T08:55:39.982+0000] {logging_mixin.py:190} INFO - [2024-11-09T08:55:39.981+0000] {dag.py:4180} INFO - Setting next_dagrun for example_xcom to 2021-01-01 00:00:00+00:00, run_after=2021-01-01 00:00:00+00:00
[2024-11-09T08:55:40.048+0000] {processor.py:208} INFO - Processing /home/airflow/.local/lib/python3.12/site-packages/airflow/example_dags/example_xcom.py took 0.151 seconds
[2024-11-09T08:56:11.048+0000] {processor.py:186} INFO - Started process (PID=511) to work on /home/airflow/.local/lib/python3.12/site-packages/airflow/example_dags/example_xcom.py
[2024-11-09T08:56:11.050+0000] {processor.py:914} INFO - Processing file /home/airflow/.local/lib/python3.12/site-packages/airflow/example_dags/example_xcom.py for tasks to queue
[2024-11-09T08:56:11.053+0000] {logging_mixin.py:190} INFO - [2024-11-09T08:56:11.052+0000] {dagbag.py:588} INFO - Filling up the DagBag from /home/airflow/.local/lib/python3.12/site-packages/airflow/example_dags/example_xcom.py
[2024-11-09T08:56:11.069+0000] {processor.py:925} INFO - DAG(s) 'example_xcom' retrieved from /home/airflow/.local/lib/python3.12/site-packages/airflow/example_dags/example_xcom.py
[2024-11-09T08:56:11.097+0000] {logging_mixin.py:190} INFO - [2024-11-09T08:56:11.097+0000] {dag.py:3239} INFO - Sync 1 DAGs
[2024-11-09T08:56:11.129+0000] {logging_mixin.py:190} INFO - [2024-11-09T08:56:11.129+0000] {dag.py:4180} INFO - Setting next_dagrun for example_xcom to 2021-01-01 00:00:00+00:00, run_after=2021-01-01 00:00:00+00:00
[2024-11-09T08:56:11.309+0000] {processor.py:208} INFO - Processing /home/airflow/.local/lib/python3.12/site-packages/airflow/example_dags/example_xcom.py took 0.269 seconds
[2024-11-09T08:56:42.612+0000] {processor.py:186} INFO - Started process (PID=575) to work on /home/airflow/.local/lib/python3.12/site-packages/airflow/example_dags/example_xcom.py
[2024-11-09T08:56:42.614+0000] {processor.py:914} INFO - Processing file /home/airflow/.local/lib/python3.12/site-packages/airflow/example_dags/example_xcom.py for tasks to queue
[2024-11-09T08:56:42.617+0000] {logging_mixin.py:190} INFO - [2024-11-09T08:56:42.617+0000] {dagbag.py:588} INFO - Filling up the DagBag from /home/airflow/.local/lib/python3.12/site-packages/airflow/example_dags/example_xcom.py
[2024-11-09T08:56:42.642+0000] {processor.py:925} INFO - DAG(s) 'example_xcom' retrieved from /home/airflow/.local/lib/python3.12/site-packages/airflow/example_dags/example_xcom.py
[2024-11-09T08:56:42.695+0000] {logging_mixin.py:190} INFO - [2024-11-09T08:56:42.694+0000] {dag.py:3239} INFO - Sync 1 DAGs
[2024-11-09T08:56:42.748+0000] {logging_mixin.py:190} INFO - [2024-11-09T08:56:42.748+0000] {dag.py:4180} INFO - Setting next_dagrun for example_xcom to 2021-01-01 00:00:00+00:00, run_after=2021-01-01 00:00:00+00:00
[2024-11-09T08:56:42.789+0000] {processor.py:208} INFO - Processing /home/airflow/.local/lib/python3.12/site-packages/airflow/example_dags/example_xcom.py took 0.183 seconds
[2024-11-09T08:57:13.715+0000] {processor.py:186} INFO - Started process (PID=636) to work on /home/airflow/.local/lib/python3.12/site-packages/airflow/example_dags/example_xcom.py
[2024-11-09T08:57:13.716+0000] {processor.py:914} INFO - Processing file /home/airflow/.local/lib/python3.12/site-packages/airflow/example_dags/example_xcom.py for tasks to queue
[2024-11-09T08:57:13.720+0000] {logging_mixin.py:190} INFO - [2024-11-09T08:57:13.720+0000] {dagbag.py:588} INFO - Filling up the DagBag from /home/airflow/.local/lib/python3.12/site-packages/airflow/example_dags/example_xcom.py
[2024-11-09T08:57:13.731+0000] {processor.py:925} INFO - DAG(s) 'example_xcom' retrieved from /home/airflow/.local/lib/python3.12/site-packages/airflow/example_dags/example_xcom.py
[2024-11-09T08:57:13.756+0000] {logging_mixin.py:190} INFO - [2024-11-09T08:57:13.756+0000] {dag.py:3239} INFO - Sync 1 DAGs
[2024-11-09T08:57:13.782+0000] {logging_mixin.py:190} INFO - [2024-11-09T08:57:13.782+0000] {dag.py:4180} INFO - Setting next_dagrun for example_xcom to 2021-01-01 00:00:00+00:00, run_after=2021-01-01 00:00:00+00:00
[2024-11-09T08:57:13.952+0000] {processor.py:208} INFO - Processing /home/airflow/.local/lib/python3.12/site-packages/airflow/example_dags/example_xcom.py took 0.244 seconds
[2024-11-09T08:57:45.651+0000] {processor.py:186} INFO - Started process (PID=700) to work on /home/airflow/.local/lib/python3.12/site-packages/airflow/example_dags/example_xcom.py
[2024-11-09T08:57:45.653+0000] {processor.py:914} INFO - Processing file /home/airflow/.local/lib/python3.12/site-packages/airflow/example_dags/example_xcom.py for tasks to queue
[2024-11-09T08:57:45.659+0000] {logging_mixin.py:190} INFO - [2024-11-09T08:57:45.658+0000] {dagbag.py:588} INFO - Filling up the DagBag from /home/airflow/.local/lib/python3.12/site-packages/airflow/example_dags/example_xcom.py
[2024-11-09T08:57:45.682+0000] {processor.py:925} INFO - DAG(s) 'example_xcom' retrieved from /home/airflow/.local/lib/python3.12/site-packages/airflow/example_dags/example_xcom.py
[2024-11-09T08:57:45.719+0000] {logging_mixin.py:190} INFO - [2024-11-09T08:57:45.718+0000] {dag.py:3239} INFO - Sync 1 DAGs
[2024-11-09T08:57:45.750+0000] {logging_mixin.py:190} INFO - [2024-11-09T08:57:45.750+0000] {dag.py:4180} INFO - Setting next_dagrun for example_xcom to 2021-01-01 00:00:00+00:00, run_after=2021-01-01 00:00:00+00:00
[2024-11-09T08:57:45.787+0000] {processor.py:208} INFO - Processing /home/airflow/.local/lib/python3.12/site-packages/airflow/example_dags/example_xcom.py took 0.156 seconds
[2024-11-09T08:58:16.189+0000] {processor.py:186} INFO - Started process (PID=763) to work on /home/airflow/.local/lib/python3.12/site-packages/airflow/example_dags/example_xcom.py
[2024-11-09T08:58:16.191+0000] {processor.py:914} INFO - Processing file /home/airflow/.local/lib/python3.12/site-packages/airflow/example_dags/example_xcom.py for tasks to queue
[2024-11-09T08:58:16.196+0000] {logging_mixin.py:190} INFO - [2024-11-09T08:58:16.195+0000] {dagbag.py:588} INFO - Filling up the DagBag from /home/airflow/.local/lib/python3.12/site-packages/airflow/example_dags/example_xcom.py
[2024-11-09T08:58:16.215+0000] {processor.py:925} INFO - DAG(s) 'example_xcom' retrieved from /home/airflow/.local/lib/python3.12/site-packages/airflow/example_dags/example_xcom.py
[2024-11-09T08:58:16.255+0000] {logging_mixin.py:190} INFO - [2024-11-09T08:58:16.255+0000] {dag.py:3239} INFO - Sync 1 DAGs
[2024-11-09T08:58:16.284+0000] {logging_mixin.py:190} INFO - [2024-11-09T08:58:16.283+0000] {dag.py:4180} INFO - Setting next_dagrun for example_xcom to 2021-01-01 00:00:00+00:00, run_after=2021-01-01 00:00:00+00:00
[2024-11-09T08:58:16.475+0000] {processor.py:208} INFO - Processing /home/airflow/.local/lib/python3.12/site-packages/airflow/example_dags/example_xcom.py took 0.296 seconds
[2024-11-09T10:15:34.662+0000] {processor.py:186} INFO - Started process (PID=69) to work on /home/airflow/.local/lib/python3.12/site-packages/airflow/example_dags/example_xcom.py
[2024-11-09T10:15:34.664+0000] {processor.py:914} INFO - Processing file /home/airflow/.local/lib/python3.12/site-packages/airflow/example_dags/example_xcom.py for tasks to queue
[2024-11-09T10:15:34.669+0000] {logging_mixin.py:190} INFO - [2024-11-09T10:15:34.667+0000] {dagbag.py:588} INFO - Filling up the DagBag from /home/airflow/.local/lib/python3.12/site-packages/airflow/example_dags/example_xcom.py
[2024-11-09T10:15:34.683+0000] {processor.py:925} INFO - DAG(s) 'example_xcom' retrieved from /home/airflow/.local/lib/python3.12/site-packages/airflow/example_dags/example_xcom.py
[2024-11-09T10:15:34.723+0000] {logging_mixin.py:190} INFO - [2024-11-09T10:15:34.723+0000] {dag.py:3239} INFO - Sync 1 DAGs
[2024-11-09T10:15:34.758+0000] {logging_mixin.py:190} INFO - [2024-11-09T10:15:34.756+0000] {dag.py:4180} INFO - Setting next_dagrun for example_xcom to 2021-01-01 00:00:00+00:00, run_after=2021-01-01 00:00:00+00:00
[2024-11-09T10:15:34.787+0000] {processor.py:208} INFO - Processing /home/airflow/.local/lib/python3.12/site-packages/airflow/example_dags/example_xcom.py took 0.132 seconds
[2024-11-09T10:16:05.716+0000] {processor.py:186} INFO - Started process (PID=134) to work on /home/airflow/.local/lib/python3.12/site-packages/airflow/example_dags/example_xcom.py
[2024-11-09T10:16:05.718+0000] {processor.py:914} INFO - Processing file /home/airflow/.local/lib/python3.12/site-packages/airflow/example_dags/example_xcom.py for tasks to queue
[2024-11-09T10:16:05.721+0000] {logging_mixin.py:190} INFO - [2024-11-09T10:16:05.721+0000] {dagbag.py:588} INFO - Filling up the DagBag from /home/airflow/.local/lib/python3.12/site-packages/airflow/example_dags/example_xcom.py
[2024-11-09T10:16:05.738+0000] {processor.py:925} INFO - DAG(s) 'example_xcom' retrieved from /home/airflow/.local/lib/python3.12/site-packages/airflow/example_dags/example_xcom.py
[2024-11-09T10:16:05.762+0000] {logging_mixin.py:190} INFO - [2024-11-09T10:16:05.762+0000] {dag.py:3239} INFO - Sync 1 DAGs
[2024-11-09T10:16:05.791+0000] {logging_mixin.py:190} INFO - [2024-11-09T10:16:05.791+0000] {dag.py:4180} INFO - Setting next_dagrun for example_xcom to 2021-01-01 00:00:00+00:00, run_after=2021-01-01 00:00:00+00:00
[2024-11-09T10:16:05.815+0000] {processor.py:208} INFO - Processing /home/airflow/.local/lib/python3.12/site-packages/airflow/example_dags/example_xcom.py took 0.108 seconds
[2024-11-09T10:16:36.330+0000] {processor.py:186} INFO - Started process (PID=198) to work on /home/airflow/.local/lib/python3.12/site-packages/airflow/example_dags/example_xcom.py
[2024-11-09T10:16:36.332+0000] {processor.py:914} INFO - Processing file /home/airflow/.local/lib/python3.12/site-packages/airflow/example_dags/example_xcom.py for tasks to queue
[2024-11-09T10:16:36.335+0000] {logging_mixin.py:190} INFO - [2024-11-09T10:16:36.335+0000] {dagbag.py:588} INFO - Filling up the DagBag from /home/airflow/.local/lib/python3.12/site-packages/airflow/example_dags/example_xcom.py
[2024-11-09T10:16:36.346+0000] {processor.py:925} INFO - DAG(s) 'example_xcom' retrieved from /home/airflow/.local/lib/python3.12/site-packages/airflow/example_dags/example_xcom.py
[2024-11-09T10:16:36.370+0000] {logging_mixin.py:190} INFO - [2024-11-09T10:16:36.370+0000] {dag.py:3239} INFO - Sync 1 DAGs
[2024-11-09T10:16:36.395+0000] {logging_mixin.py:190} INFO - [2024-11-09T10:16:36.394+0000] {dag.py:4180} INFO - Setting next_dagrun for example_xcom to 2021-01-01 00:00:00+00:00, run_after=2021-01-01 00:00:00+00:00
[2024-11-09T10:16:36.420+0000] {processor.py:208} INFO - Processing /home/airflow/.local/lib/python3.12/site-packages/airflow/example_dags/example_xcom.py took 0.097 seconds
[2024-11-09T10:22:36.545+0000] {processor.py:186} INFO - Started process (PID=70) to work on /home/airflow/.local/lib/python3.12/site-packages/airflow/example_dags/example_xcom.py
[2024-11-09T10:22:36.561+0000] {processor.py:914} INFO - Processing file /home/airflow/.local/lib/python3.12/site-packages/airflow/example_dags/example_xcom.py for tasks to queue
[2024-11-09T10:22:36.578+0000] {logging_mixin.py:190} INFO - [2024-11-09T10:22:36.578+0000] {dagbag.py:588} INFO - Filling up the DagBag from /home/airflow/.local/lib/python3.12/site-packages/airflow/example_dags/example_xcom.py
[2024-11-09T10:22:36.674+0000] {processor.py:925} INFO - DAG(s) 'example_xcom' retrieved from /home/airflow/.local/lib/python3.12/site-packages/airflow/example_dags/example_xcom.py
[2024-11-09T10:22:36.825+0000] {logging_mixin.py:190} INFO - [2024-11-09T10:22:36.825+0000] {dag.py:3239} INFO - Sync 1 DAGs
[2024-11-09T10:22:37.087+0000] {logging_mixin.py:190} INFO - [2024-11-09T10:22:37.086+0000] {dag.py:4180} INFO - Setting next_dagrun for example_xcom to 2021-01-01 00:00:00+00:00, run_after=2021-01-01 00:00:00+00:00
[2024-11-09T10:22:37.349+0000] {processor.py:208} INFO - Processing /home/airflow/.local/lib/python3.12/site-packages/airflow/example_dags/example_xcom.py took 0.835 seconds
[2024-11-09T10:23:08.074+0000] {processor.py:186} INFO - Started process (PID=134) to work on /home/airflow/.local/lib/python3.12/site-packages/airflow/example_dags/example_xcom.py
[2024-11-09T10:23:08.077+0000] {processor.py:914} INFO - Processing file /home/airflow/.local/lib/python3.12/site-packages/airflow/example_dags/example_xcom.py for tasks to queue
[2024-11-09T10:23:08.081+0000] {logging_mixin.py:190} INFO - [2024-11-09T10:23:08.080+0000] {dagbag.py:588} INFO - Filling up the DagBag from /home/airflow/.local/lib/python3.12/site-packages/airflow/example_dags/example_xcom.py
[2024-11-09T10:23:08.116+0000] {processor.py:925} INFO - DAG(s) 'example_xcom' retrieved from /home/airflow/.local/lib/python3.12/site-packages/airflow/example_dags/example_xcom.py
[2024-11-09T10:23:08.233+0000] {logging_mixin.py:190} INFO - [2024-11-09T10:23:08.233+0000] {dag.py:3239} INFO - Sync 1 DAGs
[2024-11-09T10:23:08.315+0000] {logging_mixin.py:190} INFO - [2024-11-09T10:23:08.315+0000] {dag.py:4180} INFO - Setting next_dagrun for example_xcom to 2021-01-01 00:00:00+00:00, run_after=2021-01-01 00:00:00+00:00
[2024-11-09T10:23:08.346+0000] {processor.py:208} INFO - Processing /home/airflow/.local/lib/python3.12/site-packages/airflow/example_dags/example_xcom.py took 0.279 seconds
[2024-11-09T10:23:38.969+0000] {processor.py:186} INFO - Started process (PID=198) to work on /home/airflow/.local/lib/python3.12/site-packages/airflow/example_dags/example_xcom.py
[2024-11-09T10:23:38.971+0000] {processor.py:914} INFO - Processing file /home/airflow/.local/lib/python3.12/site-packages/airflow/example_dags/example_xcom.py for tasks to queue
[2024-11-09T10:23:38.975+0000] {logging_mixin.py:190} INFO - [2024-11-09T10:23:38.974+0000] {dagbag.py:588} INFO - Filling up the DagBag from /home/airflow/.local/lib/python3.12/site-packages/airflow/example_dags/example_xcom.py
[2024-11-09T10:23:38.986+0000] {processor.py:925} INFO - DAG(s) 'example_xcom' retrieved from /home/airflow/.local/lib/python3.12/site-packages/airflow/example_dags/example_xcom.py
[2024-11-09T10:23:39.013+0000] {logging_mixin.py:190} INFO - [2024-11-09T10:23:39.013+0000] {dag.py:3239} INFO - Sync 1 DAGs
[2024-11-09T10:23:39.042+0000] {logging_mixin.py:190} INFO - [2024-11-09T10:23:39.042+0000] {dag.py:4180} INFO - Setting next_dagrun for example_xcom to 2021-01-01 00:00:00+00:00, run_after=2021-01-01 00:00:00+00:00
[2024-11-09T10:23:39.100+0000] {processor.py:208} INFO - Processing /home/airflow/.local/lib/python3.12/site-packages/airflow/example_dags/example_xcom.py took 0.137 seconds
[2024-11-09T10:24:09.882+0000] {processor.py:186} INFO - Started process (PID=262) to work on /home/airflow/.local/lib/python3.12/site-packages/airflow/example_dags/example_xcom.py
[2024-11-09T10:24:09.883+0000] {processor.py:914} INFO - Processing file /home/airflow/.local/lib/python3.12/site-packages/airflow/example_dags/example_xcom.py for tasks to queue
[2024-11-09T10:24:09.886+0000] {logging_mixin.py:190} INFO - [2024-11-09T10:24:09.886+0000] {dagbag.py:588} INFO - Filling up the DagBag from /home/airflow/.local/lib/python3.12/site-packages/airflow/example_dags/example_xcom.py
[2024-11-09T10:24:09.906+0000] {processor.py:925} INFO - DAG(s) 'example_xcom' retrieved from /home/airflow/.local/lib/python3.12/site-packages/airflow/example_dags/example_xcom.py
[2024-11-09T10:24:09.945+0000] {logging_mixin.py:190} INFO - [2024-11-09T10:24:09.944+0000] {dag.py:3239} INFO - Sync 1 DAGs
[2024-11-09T10:24:09.986+0000] {logging_mixin.py:190} INFO - [2024-11-09T10:24:09.986+0000] {dag.py:4180} INFO - Setting next_dagrun for example_xcom to 2021-01-01 00:00:00+00:00, run_after=2021-01-01 00:00:00+00:00
[2024-11-09T10:24:10.032+0000] {processor.py:208} INFO - Processing /home/airflow/.local/lib/python3.12/site-packages/airflow/example_dags/example_xcom.py took 0.158 seconds
[2024-11-09T10:24:40.439+0000] {processor.py:186} INFO - Started process (PID=326) to work on /home/airflow/.local/lib/python3.12/site-packages/airflow/example_dags/example_xcom.py
[2024-11-09T10:24:40.466+0000] {processor.py:914} INFO - Processing file /home/airflow/.local/lib/python3.12/site-packages/airflow/example_dags/example_xcom.py for tasks to queue
[2024-11-09T10:24:40.470+0000] {logging_mixin.py:190} INFO - [2024-11-09T10:24:40.470+0000] {dagbag.py:588} INFO - Filling up the DagBag from /home/airflow/.local/lib/python3.12/site-packages/airflow/example_dags/example_xcom.py
[2024-11-09T10:24:40.483+0000] {processor.py:925} INFO - DAG(s) 'example_xcom' retrieved from /home/airflow/.local/lib/python3.12/site-packages/airflow/example_dags/example_xcom.py
[2024-11-09T10:24:40.511+0000] {logging_mixin.py:190} INFO - [2024-11-09T10:24:40.511+0000] {dag.py:3239} INFO - Sync 1 DAGs
[2024-11-09T10:24:40.544+0000] {logging_mixin.py:190} INFO - [2024-11-09T10:24:40.544+0000] {dag.py:4180} INFO - Setting next_dagrun for example_xcom to 2021-01-01 00:00:00+00:00, run_after=2021-01-01 00:00:00+00:00
[2024-11-09T10:24:40.611+0000] {processor.py:208} INFO - Processing /home/airflow/.local/lib/python3.12/site-packages/airflow/example_dags/example_xcom.py took 0.178 seconds
[2024-11-09T10:25:10.716+0000] {processor.py:186} INFO - Started process (PID=389) to work on /home/airflow/.local/lib/python3.12/site-packages/airflow/example_dags/example_xcom.py
[2024-11-09T10:25:10.718+0000] {processor.py:914} INFO - Processing file /home/airflow/.local/lib/python3.12/site-packages/airflow/example_dags/example_xcom.py for tasks to queue
[2024-11-09T10:25:10.721+0000] {logging_mixin.py:190} INFO - [2024-11-09T10:25:10.721+0000] {dagbag.py:588} INFO - Filling up the DagBag from /home/airflow/.local/lib/python3.12/site-packages/airflow/example_dags/example_xcom.py
[2024-11-09T10:25:10.746+0000] {processor.py:925} INFO - DAG(s) 'example_xcom' retrieved from /home/airflow/.local/lib/python3.12/site-packages/airflow/example_dags/example_xcom.py
[2024-11-09T10:25:10.780+0000] {logging_mixin.py:190} INFO - [2024-11-09T10:25:10.779+0000] {dag.py:3239} INFO - Sync 1 DAGs
[2024-11-09T10:25:10.812+0000] {logging_mixin.py:190} INFO - [2024-11-09T10:25:10.811+0000] {dag.py:4180} INFO - Setting next_dagrun for example_xcom to 2021-01-01 00:00:00+00:00, run_after=2021-01-01 00:00:00+00:00
[2024-11-09T10:25:10.998+0000] {processor.py:208} INFO - Processing /home/airflow/.local/lib/python3.12/site-packages/airflow/example_dags/example_xcom.py took 0.291 seconds
[2024-11-09T10:25:41.407+0000] {processor.py:186} INFO - Started process (PID=454) to work on /home/airflow/.local/lib/python3.12/site-packages/airflow/example_dags/example_xcom.py
[2024-11-09T10:25:41.410+0000] {processor.py:914} INFO - Processing file /home/airflow/.local/lib/python3.12/site-packages/airflow/example_dags/example_xcom.py for tasks to queue
[2024-11-09T10:25:41.413+0000] {logging_mixin.py:190} INFO - [2024-11-09T10:25:41.412+0000] {dagbag.py:588} INFO - Filling up the DagBag from /home/airflow/.local/lib/python3.12/site-packages/airflow/example_dags/example_xcom.py
[2024-11-09T10:25:41.426+0000] {processor.py:925} INFO - DAG(s) 'example_xcom' retrieved from /home/airflow/.local/lib/python3.12/site-packages/airflow/example_dags/example_xcom.py
[2024-11-09T10:25:41.457+0000] {logging_mixin.py:190} INFO - [2024-11-09T10:25:41.457+0000] {dag.py:3239} INFO - Sync 1 DAGs
[2024-11-09T10:25:41.490+0000] {logging_mixin.py:190} INFO - [2024-11-09T10:25:41.490+0000] {dag.py:4180} INFO - Setting next_dagrun for example_xcom to 2021-01-01 00:00:00+00:00, run_after=2021-01-01 00:00:00+00:00
[2024-11-09T10:25:41.646+0000] {processor.py:208} INFO - Processing /home/airflow/.local/lib/python3.12/site-packages/airflow/example_dags/example_xcom.py took 0.247 seconds
[2024-11-09T10:26:12.368+0000] {processor.py:186} INFO - Started process (PID=518) to work on /home/airflow/.local/lib/python3.12/site-packages/airflow/example_dags/example_xcom.py
[2024-11-09T10:26:12.369+0000] {processor.py:914} INFO - Processing file /home/airflow/.local/lib/python3.12/site-packages/airflow/example_dags/example_xcom.py for tasks to queue
[2024-11-09T10:26:12.372+0000] {logging_mixin.py:190} INFO - [2024-11-09T10:26:12.372+0000] {dagbag.py:588} INFO - Filling up the DagBag from /home/airflow/.local/lib/python3.12/site-packages/airflow/example_dags/example_xcom.py
[2024-11-09T10:26:12.385+0000] {processor.py:925} INFO - DAG(s) 'example_xcom' retrieved from /home/airflow/.local/lib/python3.12/site-packages/airflow/example_dags/example_xcom.py
[2024-11-09T10:26:12.414+0000] {logging_mixin.py:190} INFO - [2024-11-09T10:26:12.413+0000] {dag.py:3239} INFO - Sync 1 DAGs
[2024-11-09T10:26:12.446+0000] {logging_mixin.py:190} INFO - [2024-11-09T10:26:12.446+0000] {dag.py:4180} INFO - Setting next_dagrun for example_xcom to 2021-01-01 00:00:00+00:00, run_after=2021-01-01 00:00:00+00:00
[2024-11-09T10:26:12.819+0000] {processor.py:208} INFO - Processing /home/airflow/.local/lib/python3.12/site-packages/airflow/example_dags/example_xcom.py took 0.461 seconds
[2024-11-09T10:26:43.513+0000] {processor.py:186} INFO - Started process (PID=582) to work on /home/airflow/.local/lib/python3.12/site-packages/airflow/example_dags/example_xcom.py
[2024-11-09T10:26:43.515+0000] {processor.py:914} INFO - Processing file /home/airflow/.local/lib/python3.12/site-packages/airflow/example_dags/example_xcom.py for tasks to queue
[2024-11-09T10:26:43.518+0000] {logging_mixin.py:190} INFO - [2024-11-09T10:26:43.517+0000] {dagbag.py:588} INFO - Filling up the DagBag from /home/airflow/.local/lib/python3.12/site-packages/airflow/example_dags/example_xcom.py
[2024-11-09T10:26:43.530+0000] {processor.py:925} INFO - DAG(s) 'example_xcom' retrieved from /home/airflow/.local/lib/python3.12/site-packages/airflow/example_dags/example_xcom.py
[2024-11-09T10:26:43.552+0000] {logging_mixin.py:190} INFO - [2024-11-09T10:26:43.552+0000] {dag.py:3239} INFO - Sync 1 DAGs
[2024-11-09T10:26:43.577+0000] {logging_mixin.py:190} INFO - [2024-11-09T10:26:43.577+0000] {dag.py:4180} INFO - Setting next_dagrun for example_xcom to 2021-01-01 00:00:00+00:00, run_after=2021-01-01 00:00:00+00:00
[2024-11-09T10:26:43.604+0000] {processor.py:208} INFO - Processing /home/airflow/.local/lib/python3.12/site-packages/airflow/example_dags/example_xcom.py took 0.099 seconds
[2024-11-09T10:27:13.907+0000] {processor.py:186} INFO - Started process (PID=646) to work on /home/airflow/.local/lib/python3.12/site-packages/airflow/example_dags/example_xcom.py
[2024-11-09T10:27:13.909+0000] {processor.py:914} INFO - Processing file /home/airflow/.local/lib/python3.12/site-packages/airflow/example_dags/example_xcom.py for tasks to queue
[2024-11-09T10:27:13.912+0000] {logging_mixin.py:190} INFO - [2024-11-09T10:27:13.912+0000] {dagbag.py:588} INFO - Filling up the DagBag from /home/airflow/.local/lib/python3.12/site-packages/airflow/example_dags/example_xcom.py
[2024-11-09T10:27:13.924+0000] {processor.py:925} INFO - DAG(s) 'example_xcom' retrieved from /home/airflow/.local/lib/python3.12/site-packages/airflow/example_dags/example_xcom.py
[2024-11-09T10:27:13.947+0000] {logging_mixin.py:190} INFO - [2024-11-09T10:27:13.947+0000] {dag.py:3239} INFO - Sync 1 DAGs
[2024-11-09T10:27:13.972+0000] {logging_mixin.py:190} INFO - [2024-11-09T10:27:13.972+0000] {dag.py:4180} INFO - Setting next_dagrun for example_xcom to 2021-01-01 00:00:00+00:00, run_after=2021-01-01 00:00:00+00:00
[2024-11-09T10:27:14.022+0000] {processor.py:208} INFO - Processing /home/airflow/.local/lib/python3.12/site-packages/airflow/example_dags/example_xcom.py took 0.121 seconds
[2024-11-09T10:27:44.630+0000] {processor.py:186} INFO - Started process (PID=711) to work on /home/airflow/.local/lib/python3.12/site-packages/airflow/example_dags/example_xcom.py
[2024-11-09T10:27:44.632+0000] {processor.py:914} INFO - Processing file /home/airflow/.local/lib/python3.12/site-packages/airflow/example_dags/example_xcom.py for tasks to queue
[2024-11-09T10:27:44.635+0000] {logging_mixin.py:190} INFO - [2024-11-09T10:27:44.634+0000] {dagbag.py:588} INFO - Filling up the DagBag from /home/airflow/.local/lib/python3.12/site-packages/airflow/example_dags/example_xcom.py
[2024-11-09T10:27:44.649+0000] {processor.py:925} INFO - DAG(s) 'example_xcom' retrieved from /home/airflow/.local/lib/python3.12/site-packages/airflow/example_dags/example_xcom.py
[2024-11-09T10:27:44.696+0000] {logging_mixin.py:190} INFO - [2024-11-09T10:27:44.695+0000] {dag.py:3239} INFO - Sync 1 DAGs
[2024-11-09T10:27:44.723+0000] {logging_mixin.py:190} INFO - [2024-11-09T10:27:44.723+0000] {dag.py:4180} INFO - Setting next_dagrun for example_xcom to 2021-01-01 00:00:00+00:00, run_after=2021-01-01 00:00:00+00:00
[2024-11-09T10:27:44.882+0000] {processor.py:208} INFO - Processing /home/airflow/.local/lib/python3.12/site-packages/airflow/example_dags/example_xcom.py took 0.260 seconds
[2024-11-09T10:28:15.494+0000] {processor.py:186} INFO - Started process (PID=775) to work on /home/airflow/.local/lib/python3.12/site-packages/airflow/example_dags/example_xcom.py
[2024-11-09T10:28:15.496+0000] {processor.py:914} INFO - Processing file /home/airflow/.local/lib/python3.12/site-packages/airflow/example_dags/example_xcom.py for tasks to queue
[2024-11-09T10:28:15.499+0000] {logging_mixin.py:190} INFO - [2024-11-09T10:28:15.498+0000] {dagbag.py:588} INFO - Filling up the DagBag from /home/airflow/.local/lib/python3.12/site-packages/airflow/example_dags/example_xcom.py
[2024-11-09T10:28:15.509+0000] {processor.py:925} INFO - DAG(s) 'example_xcom' retrieved from /home/airflow/.local/lib/python3.12/site-packages/airflow/example_dags/example_xcom.py
[2024-11-09T10:28:15.536+0000] {logging_mixin.py:190} INFO - [2024-11-09T10:28:15.535+0000] {dag.py:3239} INFO - Sync 1 DAGs
[2024-11-09T10:28:15.560+0000] {logging_mixin.py:190} INFO - [2024-11-09T10:28:15.560+0000] {dag.py:4180} INFO - Setting next_dagrun for example_xcom to 2021-01-01 00:00:00+00:00, run_after=2021-01-01 00:00:00+00:00
[2024-11-09T10:28:15.623+0000] {processor.py:208} INFO - Processing /home/airflow/.local/lib/python3.12/site-packages/airflow/example_dags/example_xcom.py took 0.135 seconds
[2024-11-09T10:28:45.761+0000] {processor.py:186} INFO - Started process (PID=840) to work on /home/airflow/.local/lib/python3.12/site-packages/airflow/example_dags/example_xcom.py
[2024-11-09T10:28:45.762+0000] {processor.py:914} INFO - Processing file /home/airflow/.local/lib/python3.12/site-packages/airflow/example_dags/example_xcom.py for tasks to queue
[2024-11-09T10:28:45.765+0000] {logging_mixin.py:190} INFO - [2024-11-09T10:28:45.765+0000] {dagbag.py:588} INFO - Filling up the DagBag from /home/airflow/.local/lib/python3.12/site-packages/airflow/example_dags/example_xcom.py
[2024-11-09T10:28:45.776+0000] {processor.py:925} INFO - DAG(s) 'example_xcom' retrieved from /home/airflow/.local/lib/python3.12/site-packages/airflow/example_dags/example_xcom.py
[2024-11-09T10:28:45.798+0000] {logging_mixin.py:190} INFO - [2024-11-09T10:28:45.798+0000] {dag.py:3239} INFO - Sync 1 DAGs
[2024-11-09T10:28:45.824+0000] {logging_mixin.py:190} INFO - [2024-11-09T10:28:45.824+0000] {dag.py:4180} INFO - Setting next_dagrun for example_xcom to 2021-01-01 00:00:00+00:00, run_after=2021-01-01 00:00:00+00:00
[2024-11-09T10:28:45.865+0000] {processor.py:208} INFO - Processing /home/airflow/.local/lib/python3.12/site-packages/airflow/example_dags/example_xcom.py took 0.110 seconds
[2024-11-09T10:29:16.674+0000] {processor.py:186} INFO - Started process (PID=904) to work on /home/airflow/.local/lib/python3.12/site-packages/airflow/example_dags/example_xcom.py
[2024-11-09T10:29:16.676+0000] {processor.py:914} INFO - Processing file /home/airflow/.local/lib/python3.12/site-packages/airflow/example_dags/example_xcom.py for tasks to queue
[2024-11-09T10:29:16.681+0000] {logging_mixin.py:190} INFO - [2024-11-09T10:29:16.680+0000] {dagbag.py:588} INFO - Filling up the DagBag from /home/airflow/.local/lib/python3.12/site-packages/airflow/example_dags/example_xcom.py
[2024-11-09T10:29:16.694+0000] {processor.py:925} INFO - DAG(s) 'example_xcom' retrieved from /home/airflow/.local/lib/python3.12/site-packages/airflow/example_dags/example_xcom.py
[2024-11-09T10:29:16.719+0000] {logging_mixin.py:190} INFO - [2024-11-09T10:29:16.719+0000] {dag.py:3239} INFO - Sync 1 DAGs
[2024-11-09T10:29:16.746+0000] {logging_mixin.py:190} INFO - [2024-11-09T10:29:16.746+0000] {dag.py:4180} INFO - Setting next_dagrun for example_xcom to 2021-01-01 00:00:00+00:00, run_after=2021-01-01 00:00:00+00:00
[2024-11-09T10:29:16.773+0000] {processor.py:208} INFO - Processing /home/airflow/.local/lib/python3.12/site-packages/airflow/example_dags/example_xcom.py took 0.107 seconds
[2024-11-09T10:29:46.916+0000] {processor.py:186} INFO - Started process (PID=969) to work on /home/airflow/.local/lib/python3.12/site-packages/airflow/example_dags/example_xcom.py
[2024-11-09T10:29:46.917+0000] {processor.py:914} INFO - Processing file /home/airflow/.local/lib/python3.12/site-packages/airflow/example_dags/example_xcom.py for tasks to queue
[2024-11-09T10:29:46.921+0000] {logging_mixin.py:190} INFO - [2024-11-09T10:29:46.920+0000] {dagbag.py:588} INFO - Filling up the DagBag from /home/airflow/.local/lib/python3.12/site-packages/airflow/example_dags/example_xcom.py
[2024-11-09T10:29:46.932+0000] {processor.py:925} INFO - DAG(s) 'example_xcom' retrieved from /home/airflow/.local/lib/python3.12/site-packages/airflow/example_dags/example_xcom.py
[2024-11-09T10:29:46.957+0000] {logging_mixin.py:190} INFO - [2024-11-09T10:29:46.957+0000] {dag.py:3239} INFO - Sync 1 DAGs
[2024-11-09T10:29:46.984+0000] {logging_mixin.py:190} INFO - [2024-11-09T10:29:46.983+0000] {dag.py:4180} INFO - Setting next_dagrun for example_xcom to 2021-01-01 00:00:00+00:00, run_after=2021-01-01 00:00:00+00:00
[2024-11-09T10:29:47.190+0000] {processor.py:208} INFO - Processing /home/airflow/.local/lib/python3.12/site-packages/airflow/example_dags/example_xcom.py took 0.281 seconds
[2024-11-09T10:30:17.626+0000] {processor.py:186} INFO - Started process (PID=1032) to work on /home/airflow/.local/lib/python3.12/site-packages/airflow/example_dags/example_xcom.py
[2024-11-09T10:30:17.627+0000] {processor.py:914} INFO - Processing file /home/airflow/.local/lib/python3.12/site-packages/airflow/example_dags/example_xcom.py for tasks to queue
[2024-11-09T10:30:17.631+0000] {logging_mixin.py:190} INFO - [2024-11-09T10:30:17.631+0000] {dagbag.py:588} INFO - Filling up the DagBag from /home/airflow/.local/lib/python3.12/site-packages/airflow/example_dags/example_xcom.py
[2024-11-09T10:30:17.642+0000] {processor.py:925} INFO - DAG(s) 'example_xcom' retrieved from /home/airflow/.local/lib/python3.12/site-packages/airflow/example_dags/example_xcom.py
[2024-11-09T10:30:17.668+0000] {logging_mixin.py:190} INFO - [2024-11-09T10:30:17.668+0000] {dag.py:3239} INFO - Sync 1 DAGs
[2024-11-09T10:30:17.694+0000] {logging_mixin.py:190} INFO - [2024-11-09T10:30:17.693+0000] {dag.py:4180} INFO - Setting next_dagrun for example_xcom to 2021-01-01 00:00:00+00:00, run_after=2021-01-01 00:00:00+00:00
[2024-11-09T10:30:17.846+0000] {processor.py:208} INFO - Processing /home/airflow/.local/lib/python3.12/site-packages/airflow/example_dags/example_xcom.py took 0.227 seconds
[2024-11-09T10:30:48.201+0000] {processor.py:186} INFO - Started process (PID=1096) to work on /home/airflow/.local/lib/python3.12/site-packages/airflow/example_dags/example_xcom.py
[2024-11-09T10:30:48.202+0000] {processor.py:914} INFO - Processing file /home/airflow/.local/lib/python3.12/site-packages/airflow/example_dags/example_xcom.py for tasks to queue
[2024-11-09T10:30:48.205+0000] {logging_mixin.py:190} INFO - [2024-11-09T10:30:48.204+0000] {dagbag.py:588} INFO - Filling up the DagBag from /home/airflow/.local/lib/python3.12/site-packages/airflow/example_dags/example_xcom.py
[2024-11-09T10:30:48.215+0000] {processor.py:925} INFO - DAG(s) 'example_xcom' retrieved from /home/airflow/.local/lib/python3.12/site-packages/airflow/example_dags/example_xcom.py
[2024-11-09T10:30:48.236+0000] {logging_mixin.py:190} INFO - [2024-11-09T10:30:48.236+0000] {dag.py:3239} INFO - Sync 1 DAGs
[2024-11-09T10:30:48.260+0000] {logging_mixin.py:190} INFO - [2024-11-09T10:30:48.260+0000] {dag.py:4180} INFO - Setting next_dagrun for example_xcom to 2021-01-01 00:00:00+00:00, run_after=2021-01-01 00:00:00+00:00
[2024-11-09T10:30:48.386+0000] {processor.py:208} INFO - Processing /home/airflow/.local/lib/python3.12/site-packages/airflow/example_dags/example_xcom.py took 0.191 seconds
[2024-11-09T10:31:20.313+0000] {processor.py:186} INFO - Started process (PID=1160) to work on /home/airflow/.local/lib/python3.12/site-packages/airflow/example_dags/example_xcom.py
[2024-11-09T10:31:20.314+0000] {processor.py:914} INFO - Processing file /home/airflow/.local/lib/python3.12/site-packages/airflow/example_dags/example_xcom.py for tasks to queue
[2024-11-09T10:31:20.318+0000] {logging_mixin.py:190} INFO - [2024-11-09T10:31:20.317+0000] {dagbag.py:588} INFO - Filling up the DagBag from /home/airflow/.local/lib/python3.12/site-packages/airflow/example_dags/example_xcom.py
[2024-11-09T10:31:20.337+0000] {processor.py:925} INFO - DAG(s) 'example_xcom' retrieved from /home/airflow/.local/lib/python3.12/site-packages/airflow/example_dags/example_xcom.py
[2024-11-09T10:31:20.366+0000] {logging_mixin.py:190} INFO - [2024-11-09T10:31:20.366+0000] {dag.py:3239} INFO - Sync 1 DAGs
[2024-11-09T10:31:20.398+0000] {logging_mixin.py:190} INFO - [2024-11-09T10:31:20.398+0000] {dag.py:4180} INFO - Setting next_dagrun for example_xcom to 2021-01-01 00:00:00+00:00, run_after=2021-01-01 00:00:00+00:00
[2024-11-09T10:31:20.918+0000] {processor.py:208} INFO - Processing /home/airflow/.local/lib/python3.12/site-packages/airflow/example_dags/example_xcom.py took 0.612 seconds
[2024-11-09T10:31:51.818+0000] {processor.py:186} INFO - Started process (PID=1223) to work on /home/airflow/.local/lib/python3.12/site-packages/airflow/example_dags/example_xcom.py
[2024-11-09T10:31:51.819+0000] {processor.py:914} INFO - Processing file /home/airflow/.local/lib/python3.12/site-packages/airflow/example_dags/example_xcom.py for tasks to queue
[2024-11-09T10:31:51.822+0000] {logging_mixin.py:190} INFO - [2024-11-09T10:31:51.822+0000] {dagbag.py:588} INFO - Filling up the DagBag from /home/airflow/.local/lib/python3.12/site-packages/airflow/example_dags/example_xcom.py
[2024-11-09T10:31:51.833+0000] {processor.py:925} INFO - DAG(s) 'example_xcom' retrieved from /home/airflow/.local/lib/python3.12/site-packages/airflow/example_dags/example_xcom.py
[2024-11-09T10:31:51.857+0000] {logging_mixin.py:190} INFO - [2024-11-09T10:31:51.856+0000] {dag.py:3239} INFO - Sync 1 DAGs
[2024-11-09T10:31:51.883+0000] {logging_mixin.py:190} INFO - [2024-11-09T10:31:51.883+0000] {dag.py:4180} INFO - Setting next_dagrun for example_xcom to 2021-01-01 00:00:00+00:00, run_after=2021-01-01 00:00:00+00:00
[2024-11-09T10:31:51.916+0000] {processor.py:208} INFO - Processing /home/airflow/.local/lib/python3.12/site-packages/airflow/example_dags/example_xcom.py took 0.104 seconds
[2024-11-09T10:32:23.059+0000] {processor.py:186} INFO - Started process (PID=1281) to work on /home/airflow/.local/lib/python3.12/site-packages/airflow/example_dags/example_xcom.py
[2024-11-09T10:32:23.061+0000] {processor.py:914} INFO - Processing file /home/airflow/.local/lib/python3.12/site-packages/airflow/example_dags/example_xcom.py for tasks to queue
[2024-11-09T10:32:23.063+0000] {logging_mixin.py:190} INFO - [2024-11-09T10:32:23.063+0000] {dagbag.py:588} INFO - Filling up the DagBag from /home/airflow/.local/lib/python3.12/site-packages/airflow/example_dags/example_xcom.py
[2024-11-09T10:32:23.076+0000] {processor.py:925} INFO - DAG(s) 'example_xcom' retrieved from /home/airflow/.local/lib/python3.12/site-packages/airflow/example_dags/example_xcom.py
[2024-11-09T10:32:23.099+0000] {logging_mixin.py:190} INFO - [2024-11-09T10:32:23.099+0000] {dag.py:3239} INFO - Sync 1 DAGs
[2024-11-09T10:32:23.125+0000] {logging_mixin.py:190} INFO - [2024-11-09T10:32:23.125+0000] {dag.py:4180} INFO - Setting next_dagrun for example_xcom to 2021-01-01 00:00:00+00:00, run_after=2021-01-01 00:00:00+00:00
[2024-11-09T10:32:23.152+0000] {processor.py:208} INFO - Processing /home/airflow/.local/lib/python3.12/site-packages/airflow/example_dags/example_xcom.py took 0.099 seconds
[2024-11-09T10:32:53.636+0000] {processor.py:186} INFO - Started process (PID=1343) to work on /home/airflow/.local/lib/python3.12/site-packages/airflow/example_dags/example_xcom.py
[2024-11-09T10:32:53.638+0000] {processor.py:914} INFO - Processing file /home/airflow/.local/lib/python3.12/site-packages/airflow/example_dags/example_xcom.py for tasks to queue
[2024-11-09T10:32:53.641+0000] {logging_mixin.py:190} INFO - [2024-11-09T10:32:53.641+0000] {dagbag.py:588} INFO - Filling up the DagBag from /home/airflow/.local/lib/python3.12/site-packages/airflow/example_dags/example_xcom.py
[2024-11-09T10:32:53.659+0000] {processor.py:925} INFO - DAG(s) 'example_xcom' retrieved from /home/airflow/.local/lib/python3.12/site-packages/airflow/example_dags/example_xcom.py
[2024-11-09T10:32:53.709+0000] {logging_mixin.py:190} INFO - [2024-11-09T10:32:53.708+0000] {dag.py:3239} INFO - Sync 1 DAGs
[2024-11-09T10:32:53.756+0000] {logging_mixin.py:190} INFO - [2024-11-09T10:32:53.755+0000] {dag.py:4180} INFO - Setting next_dagrun for example_xcom to 2021-01-01 00:00:00+00:00, run_after=2021-01-01 00:00:00+00:00
[2024-11-09T10:32:53.827+0000] {processor.py:208} INFO - Processing /home/airflow/.local/lib/python3.12/site-packages/airflow/example_dags/example_xcom.py took 0.202 seconds
[2024-11-09T10:53:04.613+0000] {processor.py:186} INFO - Started process (PID=66) to work on /home/airflow/.local/lib/python3.12/site-packages/airflow/example_dags/example_xcom.py
[2024-11-09T10:53:04.614+0000] {processor.py:914} INFO - Processing file /home/airflow/.local/lib/python3.12/site-packages/airflow/example_dags/example_xcom.py for tasks to queue
[2024-11-09T10:53:04.618+0000] {logging_mixin.py:190} INFO - [2024-11-09T10:53:04.618+0000] {dagbag.py:588} INFO - Filling up the DagBag from /home/airflow/.local/lib/python3.12/site-packages/airflow/example_dags/example_xcom.py
[2024-11-09T10:53:04.633+0000] {processor.py:925} INFO - DAG(s) 'example_xcom' retrieved from /home/airflow/.local/lib/python3.12/site-packages/airflow/example_dags/example_xcom.py
[2024-11-09T10:53:04.672+0000] {logging_mixin.py:190} INFO - [2024-11-09T10:53:04.671+0000] {dag.py:3239} INFO - Sync 1 DAGs
[2024-11-09T10:53:04.715+0000] {logging_mixin.py:190} INFO - [2024-11-09T10:53:04.715+0000] {dag.py:4180} INFO - Setting next_dagrun for example_xcom to 2021-01-01 00:00:00+00:00, run_after=2021-01-01 00:00:00+00:00
[2024-11-09T10:53:04.779+0000] {processor.py:208} INFO - Processing /home/airflow/.local/lib/python3.12/site-packages/airflow/example_dags/example_xcom.py took 0.175 seconds
[2024-11-09T10:53:35.269+0000] {processor.py:186} INFO - Started process (PID=130) to work on /home/airflow/.local/lib/python3.12/site-packages/airflow/example_dags/example_xcom.py
[2024-11-09T10:53:35.271+0000] {processor.py:914} INFO - Processing file /home/airflow/.local/lib/python3.12/site-packages/airflow/example_dags/example_xcom.py for tasks to queue
[2024-11-09T10:53:35.274+0000] {logging_mixin.py:190} INFO - [2024-11-09T10:53:35.274+0000] {dagbag.py:588} INFO - Filling up the DagBag from /home/airflow/.local/lib/python3.12/site-packages/airflow/example_dags/example_xcom.py
[2024-11-09T10:53:35.288+0000] {processor.py:925} INFO - DAG(s) 'example_xcom' retrieved from /home/airflow/.local/lib/python3.12/site-packages/airflow/example_dags/example_xcom.py
[2024-11-09T10:53:35.318+0000] {logging_mixin.py:190} INFO - [2024-11-09T10:53:35.318+0000] {dag.py:3239} INFO - Sync 1 DAGs
[2024-11-09T10:53:35.348+0000] {logging_mixin.py:190} INFO - [2024-11-09T10:53:35.348+0000] {dag.py:4180} INFO - Setting next_dagrun for example_xcom to 2021-01-01 00:00:00+00:00, run_after=2021-01-01 00:00:00+00:00
[2024-11-09T10:53:35.383+0000] {processor.py:208} INFO - Processing /home/airflow/.local/lib/python3.12/site-packages/airflow/example_dags/example_xcom.py took 0.121 seconds
