[2024-11-09T08:52:48.294+0000] {processor.py:186} INFO - Started process (PID=95) to work on /home/airflow/.local/lib/python3.12/site-packages/airflow/example_dags/example_branch_labels.py
[2024-11-09T08:52:48.296+0000] {processor.py:914} INFO - Processing file /home/airflow/.local/lib/python3.12/site-packages/airflow/example_dags/example_branch_labels.py for tasks to queue
[2024-11-09T08:52:48.301+0000] {logging_mixin.py:190} INFO - [2024-11-09T08:52:48.300+0000] {dagbag.py:588} INFO - Filling up the DagBag from /home/airflow/.local/lib/python3.12/site-packages/airflow/example_dags/example_branch_labels.py
[2024-11-09T08:52:48.317+0000] {processor.py:925} INFO - DAG(s) 'example_branch_labels' retrieved from /home/airflow/.local/lib/python3.12/site-packages/airflow/example_dags/example_branch_labels.py
[2024-11-09T08:52:48.343+0000] {logging_mixin.py:190} INFO - [2024-11-09T08:52:48.342+0000] {dag.py:3239} INFO - Sync 1 DAGs
[2024-11-09T08:52:48.374+0000] {logging_mixin.py:190} INFO - [2024-11-09T08:52:48.374+0000] {dag.py:4180} INFO - Setting next_dagrun for example_branch_labels to 2024-11-08 00:00:00+00:00, run_after=2024-11-09 00:00:00+00:00
[2024-11-09T08:52:48.405+0000] {processor.py:208} INFO - Processing /home/airflow/.local/lib/python3.12/site-packages/airflow/example_dags/example_branch_labels.py took 0.120 seconds
[2024-11-09T08:53:23.338+0000] {processor.py:186} INFO - Started process (PID=158) to work on /home/airflow/.local/lib/python3.12/site-packages/airflow/example_dags/example_branch_labels.py
[2024-11-09T08:53:23.341+0000] {processor.py:914} INFO - Processing file /home/airflow/.local/lib/python3.12/site-packages/airflow/example_dags/example_branch_labels.py for tasks to queue
[2024-11-09T08:53:23.353+0000] {logging_mixin.py:190} INFO - [2024-11-09T08:53:23.353+0000] {dagbag.py:588} INFO - Filling up the DagBag from /home/airflow/.local/lib/python3.12/site-packages/airflow/example_dags/example_branch_labels.py
[2024-11-09T08:53:23.387+0000] {processor.py:925} INFO - DAG(s) 'example_branch_labels' retrieved from /home/airflow/.local/lib/python3.12/site-packages/airflow/example_dags/example_branch_labels.py
[2024-11-09T08:53:23.438+0000] {logging_mixin.py:190} INFO - [2024-11-09T08:53:23.437+0000] {dag.py:3239} INFO - Sync 1 DAGs
[2024-11-09T08:53:23.516+0000] {logging_mixin.py:190} INFO - [2024-11-09T08:53:23.515+0000] {dag.py:4180} INFO - Setting next_dagrun for example_branch_labels to 2024-11-08 00:00:00+00:00, run_after=2024-11-09 00:00:00+00:00
[2024-11-09T08:53:23.559+0000] {processor.py:208} INFO - Processing /home/airflow/.local/lib/python3.12/site-packages/airflow/example_dags/example_branch_labels.py took 0.239 seconds
[2024-11-09T08:53:54.971+0000] {processor.py:186} INFO - Started process (PID=223) to work on /home/airflow/.local/lib/python3.12/site-packages/airflow/example_dags/example_branch_labels.py
[2024-11-09T08:53:54.972+0000] {processor.py:914} INFO - Processing file /home/airflow/.local/lib/python3.12/site-packages/airflow/example_dags/example_branch_labels.py for tasks to queue
[2024-11-09T08:53:54.976+0000] {logging_mixin.py:190} INFO - [2024-11-09T08:53:54.975+0000] {dagbag.py:588} INFO - Filling up the DagBag from /home/airflow/.local/lib/python3.12/site-packages/airflow/example_dags/example_branch_labels.py
[2024-11-09T08:53:54.990+0000] {processor.py:925} INFO - DAG(s) 'example_branch_labels' retrieved from /home/airflow/.local/lib/python3.12/site-packages/airflow/example_dags/example_branch_labels.py
[2024-11-09T08:53:55.020+0000] {logging_mixin.py:190} INFO - [2024-11-09T08:53:55.020+0000] {dag.py:3239} INFO - Sync 1 DAGs
[2024-11-09T08:53:55.055+0000] {logging_mixin.py:190} INFO - [2024-11-09T08:53:55.055+0000] {dag.py:4180} INFO - Setting next_dagrun for example_branch_labels to 2024-11-08 00:00:00+00:00, run_after=2024-11-09 00:00:00+00:00
[2024-11-09T08:53:55.081+0000] {processor.py:208} INFO - Processing /home/airflow/.local/lib/python3.12/site-packages/airflow/example_dags/example_branch_labels.py took 0.119 seconds
[2024-11-09T08:54:28.912+0000] {processor.py:186} INFO - Started process (PID=287) to work on /home/airflow/.local/lib/python3.12/site-packages/airflow/example_dags/example_branch_labels.py
[2024-11-09T08:54:28.915+0000] {processor.py:914} INFO - Processing file /home/airflow/.local/lib/python3.12/site-packages/airflow/example_dags/example_branch_labels.py for tasks to queue
[2024-11-09T08:54:28.918+0000] {logging_mixin.py:190} INFO - [2024-11-09T08:54:28.918+0000] {dagbag.py:588} INFO - Filling up the DagBag from /home/airflow/.local/lib/python3.12/site-packages/airflow/example_dags/example_branch_labels.py
[2024-11-09T08:54:28.936+0000] {processor.py:925} INFO - DAG(s) 'example_branch_labels' retrieved from /home/airflow/.local/lib/python3.12/site-packages/airflow/example_dags/example_branch_labels.py
[2024-11-09T08:54:28.971+0000] {logging_mixin.py:190} INFO - [2024-11-09T08:54:28.971+0000] {dag.py:3239} INFO - Sync 1 DAGs
[2024-11-09T08:54:29.013+0000] {logging_mixin.py:190} INFO - [2024-11-09T08:54:29.013+0000] {dag.py:4180} INFO - Setting next_dagrun for example_branch_labels to 2024-11-08 00:00:00+00:00, run_after=2024-11-09 00:00:00+00:00
[2024-11-09T08:54:29.051+0000] {processor.py:208} INFO - Processing /home/airflow/.local/lib/python3.12/site-packages/airflow/example_dags/example_branch_labels.py took 0.150 seconds
[2024-11-09T08:55:00.395+0000] {processor.py:186} INFO - Started process (PID=352) to work on /home/airflow/.local/lib/python3.12/site-packages/airflow/example_dags/example_branch_labels.py
[2024-11-09T08:55:00.397+0000] {processor.py:914} INFO - Processing file /home/airflow/.local/lib/python3.12/site-packages/airflow/example_dags/example_branch_labels.py for tasks to queue
[2024-11-09T08:55:00.400+0000] {logging_mixin.py:190} INFO - [2024-11-09T08:55:00.400+0000] {dagbag.py:588} INFO - Filling up the DagBag from /home/airflow/.local/lib/python3.12/site-packages/airflow/example_dags/example_branch_labels.py
[2024-11-09T08:55:00.413+0000] {processor.py:925} INFO - DAG(s) 'example_branch_labels' retrieved from /home/airflow/.local/lib/python3.12/site-packages/airflow/example_dags/example_branch_labels.py
[2024-11-09T08:55:00.436+0000] {logging_mixin.py:190} INFO - [2024-11-09T08:55:00.436+0000] {dag.py:3239} INFO - Sync 1 DAGs
[2024-11-09T08:55:00.466+0000] {logging_mixin.py:190} INFO - [2024-11-09T08:55:00.466+0000] {dag.py:4180} INFO - Setting next_dagrun for example_branch_labels to 2024-11-08 00:00:00+00:00, run_after=2024-11-09 00:00:00+00:00
[2024-11-09T08:55:00.511+0000] {processor.py:208} INFO - Processing /home/airflow/.local/lib/python3.12/site-packages/airflow/example_dags/example_branch_labels.py took 0.125 seconds
[2024-11-09T08:55:32.465+0000] {processor.py:186} INFO - Started process (PID=415) to work on /home/airflow/.local/lib/python3.12/site-packages/airflow/example_dags/example_branch_labels.py
[2024-11-09T08:55:32.466+0000] {processor.py:914} INFO - Processing file /home/airflow/.local/lib/python3.12/site-packages/airflow/example_dags/example_branch_labels.py for tasks to queue
[2024-11-09T08:55:32.469+0000] {logging_mixin.py:190} INFO - [2024-11-09T08:55:32.469+0000] {dagbag.py:588} INFO - Filling up the DagBag from /home/airflow/.local/lib/python3.12/site-packages/airflow/example_dags/example_branch_labels.py
[2024-11-09T08:55:32.483+0000] {processor.py:925} INFO - DAG(s) 'example_branch_labels' retrieved from /home/airflow/.local/lib/python3.12/site-packages/airflow/example_dags/example_branch_labels.py
[2024-11-09T08:55:32.511+0000] {logging_mixin.py:190} INFO - [2024-11-09T08:55:32.510+0000] {dag.py:3239} INFO - Sync 1 DAGs
[2024-11-09T08:55:32.545+0000] {logging_mixin.py:190} INFO - [2024-11-09T08:55:32.545+0000] {dag.py:4180} INFO - Setting next_dagrun for example_branch_labels to 2024-11-08 00:00:00+00:00, run_after=2024-11-09 00:00:00+00:00
[2024-11-09T08:55:32.579+0000] {processor.py:208} INFO - Processing /home/airflow/.local/lib/python3.12/site-packages/airflow/example_dags/example_branch_labels.py took 0.122 seconds
[2024-11-09T08:56:04.031+0000] {processor.py:186} INFO - Started process (PID=479) to work on /home/airflow/.local/lib/python3.12/site-packages/airflow/example_dags/example_branch_labels.py
[2024-11-09T08:56:04.032+0000] {processor.py:914} INFO - Processing file /home/airflow/.local/lib/python3.12/site-packages/airflow/example_dags/example_branch_labels.py for tasks to queue
[2024-11-09T08:56:04.035+0000] {logging_mixin.py:190} INFO - [2024-11-09T08:56:04.035+0000] {dagbag.py:588} INFO - Filling up the DagBag from /home/airflow/.local/lib/python3.12/site-packages/airflow/example_dags/example_branch_labels.py
[2024-11-09T08:56:04.049+0000] {processor.py:925} INFO - DAG(s) 'example_branch_labels' retrieved from /home/airflow/.local/lib/python3.12/site-packages/airflow/example_dags/example_branch_labels.py
[2024-11-09T08:56:04.101+0000] {logging_mixin.py:190} INFO - [2024-11-09T08:56:04.101+0000] {dag.py:3239} INFO - Sync 1 DAGs
[2024-11-09T08:56:04.144+0000] {logging_mixin.py:190} INFO - [2024-11-09T08:56:04.144+0000] {dag.py:4180} INFO - Setting next_dagrun for example_branch_labels to 2024-11-08 00:00:00+00:00, run_after=2024-11-09 00:00:00+00:00
[2024-11-09T08:56:04.196+0000] {processor.py:208} INFO - Processing /home/airflow/.local/lib/python3.12/site-packages/airflow/example_dags/example_branch_labels.py took 0.172 seconds
[2024-11-09T08:56:36.169+0000] {processor.py:186} INFO - Started process (PID=543) to work on /home/airflow/.local/lib/python3.12/site-packages/airflow/example_dags/example_branch_labels.py
[2024-11-09T08:56:36.170+0000] {processor.py:914} INFO - Processing file /home/airflow/.local/lib/python3.12/site-packages/airflow/example_dags/example_branch_labels.py for tasks to queue
[2024-11-09T08:56:36.173+0000] {logging_mixin.py:190} INFO - [2024-11-09T08:56:36.173+0000] {dagbag.py:588} INFO - Filling up the DagBag from /home/airflow/.local/lib/python3.12/site-packages/airflow/example_dags/example_branch_labels.py
[2024-11-09T08:56:36.185+0000] {processor.py:925} INFO - DAG(s) 'example_branch_labels' retrieved from /home/airflow/.local/lib/python3.12/site-packages/airflow/example_dags/example_branch_labels.py
[2024-11-09T08:56:36.209+0000] {logging_mixin.py:190} INFO - [2024-11-09T08:56:36.209+0000] {dag.py:3239} INFO - Sync 1 DAGs
[2024-11-09T08:56:36.240+0000] {logging_mixin.py:190} INFO - [2024-11-09T08:56:36.239+0000] {dag.py:4180} INFO - Setting next_dagrun for example_branch_labels to 2024-11-08 00:00:00+00:00, run_after=2024-11-09 00:00:00+00:00
[2024-11-09T08:56:36.516+0000] {processor.py:208} INFO - Processing /home/airflow/.local/lib/python3.12/site-packages/airflow/example_dags/example_branch_labels.py took 0.354 seconds
[2024-11-09T08:57:07.191+0000] {processor.py:186} INFO - Started process (PID=607) to work on /home/airflow/.local/lib/python3.12/site-packages/airflow/example_dags/example_branch_labels.py
[2024-11-09T08:57:07.193+0000] {processor.py:914} INFO - Processing file /home/airflow/.local/lib/python3.12/site-packages/airflow/example_dags/example_branch_labels.py for tasks to queue
[2024-11-09T08:57:07.196+0000] {logging_mixin.py:190} INFO - [2024-11-09T08:57:07.196+0000] {dagbag.py:588} INFO - Filling up the DagBag from /home/airflow/.local/lib/python3.12/site-packages/airflow/example_dags/example_branch_labels.py
[2024-11-09T08:57:07.209+0000] {processor.py:925} INFO - DAG(s) 'example_branch_labels' retrieved from /home/airflow/.local/lib/python3.12/site-packages/airflow/example_dags/example_branch_labels.py
[2024-11-09T08:57:07.234+0000] {logging_mixin.py:190} INFO - [2024-11-09T08:57:07.234+0000] {dag.py:3239} INFO - Sync 1 DAGs
[2024-11-09T08:57:07.266+0000] {logging_mixin.py:190} INFO - [2024-11-09T08:57:07.266+0000] {dag.py:4180} INFO - Setting next_dagrun for example_branch_labels to 2024-11-08 00:00:00+00:00, run_after=2024-11-09 00:00:00+00:00
[2024-11-09T08:57:07.440+0000] {processor.py:208} INFO - Processing /home/airflow/.local/lib/python3.12/site-packages/airflow/example_dags/example_branch_labels.py took 0.257 seconds
[2024-11-09T08:57:37.674+0000] {processor.py:186} INFO - Started process (PID=670) to work on /home/airflow/.local/lib/python3.12/site-packages/airflow/example_dags/example_branch_labels.py
[2024-11-09T08:57:37.676+0000] {processor.py:914} INFO - Processing file /home/airflow/.local/lib/python3.12/site-packages/airflow/example_dags/example_branch_labels.py for tasks to queue
[2024-11-09T08:57:37.679+0000] {logging_mixin.py:190} INFO - [2024-11-09T08:57:37.679+0000] {dagbag.py:588} INFO - Filling up the DagBag from /home/airflow/.local/lib/python3.12/site-packages/airflow/example_dags/example_branch_labels.py
[2024-11-09T08:57:37.691+0000] {processor.py:925} INFO - DAG(s) 'example_branch_labels' retrieved from /home/airflow/.local/lib/python3.12/site-packages/airflow/example_dags/example_branch_labels.py
[2024-11-09T08:57:37.715+0000] {logging_mixin.py:190} INFO - [2024-11-09T08:57:37.715+0000] {dag.py:3239} INFO - Sync 1 DAGs
[2024-11-09T08:57:37.743+0000] {logging_mixin.py:190} INFO - [2024-11-09T08:57:37.743+0000] {dag.py:4180} INFO - Setting next_dagrun for example_branch_labels to 2024-11-08 00:00:00+00:00, run_after=2024-11-09 00:00:00+00:00
[2024-11-09T08:57:37.780+0000] {processor.py:208} INFO - Processing /home/airflow/.local/lib/python3.12/site-packages/airflow/example_dags/example_branch_labels.py took 0.112 seconds
[2024-11-09T08:58:08.558+0000] {processor.py:186} INFO - Started process (PID=734) to work on /home/airflow/.local/lib/python3.12/site-packages/airflow/example_dags/example_branch_labels.py
[2024-11-09T08:58:08.560+0000] {processor.py:914} INFO - Processing file /home/airflow/.local/lib/python3.12/site-packages/airflow/example_dags/example_branch_labels.py for tasks to queue
[2024-11-09T08:58:08.574+0000] {logging_mixin.py:190} INFO - [2024-11-09T08:58:08.574+0000] {dagbag.py:588} INFO - Filling up the DagBag from /home/airflow/.local/lib/python3.12/site-packages/airflow/example_dags/example_branch_labels.py
[2024-11-09T08:58:08.607+0000] {processor.py:925} INFO - DAG(s) 'example_branch_labels' retrieved from /home/airflow/.local/lib/python3.12/site-packages/airflow/example_dags/example_branch_labels.py
[2024-11-09T08:58:08.653+0000] {logging_mixin.py:190} INFO - [2024-11-09T08:58:08.653+0000] {dag.py:3239} INFO - Sync 1 DAGs
[2024-11-09T08:58:08.683+0000] {logging_mixin.py:190} INFO - [2024-11-09T08:58:08.682+0000] {dag.py:4180} INFO - Setting next_dagrun for example_branch_labels to 2024-11-08 00:00:00+00:00, run_after=2024-11-09 00:00:00+00:00
[2024-11-09T08:58:08.708+0000] {processor.py:208} INFO - Processing /home/airflow/.local/lib/python3.12/site-packages/airflow/example_dags/example_branch_labels.py took 0.179 seconds
[2024-11-09T08:58:38.798+0000] {processor.py:186} INFO - Started process (PID=796) to work on /home/airflow/.local/lib/python3.12/site-packages/airflow/example_dags/example_branch_labels.py
[2024-11-09T08:58:38.809+0000] {processor.py:914} INFO - Processing file /home/airflow/.local/lib/python3.12/site-packages/airflow/example_dags/example_branch_labels.py for tasks to queue
[2024-11-09T08:58:38.813+0000] {logging_mixin.py:190} INFO - [2024-11-09T08:58:38.812+0000] {dagbag.py:588} INFO - Filling up the DagBag from /home/airflow/.local/lib/python3.12/site-packages/airflow/example_dags/example_branch_labels.py
[2024-11-09T08:58:38.845+0000] {processor.py:925} INFO - DAG(s) 'example_branch_labels' retrieved from /home/airflow/.local/lib/python3.12/site-packages/airflow/example_dags/example_branch_labels.py
[2024-11-09T08:58:38.887+0000] {logging_mixin.py:190} INFO - [2024-11-09T08:58:38.887+0000] {dag.py:3239} INFO - Sync 1 DAGs
[2024-11-09T08:58:38.917+0000] {logging_mixin.py:190} INFO - [2024-11-09T08:58:38.917+0000] {dag.py:4180} INFO - Setting next_dagrun for example_branch_labels to 2024-11-08 00:00:00+00:00, run_after=2024-11-09 00:00:00+00:00
[2024-11-09T08:58:39.026+0000] {processor.py:208} INFO - Processing /home/airflow/.local/lib/python3.12/site-packages/airflow/example_dags/example_branch_labels.py took 0.236 seconds
[2024-11-09T10:15:39.883+0000] {processor.py:186} INFO - Started process (PID=83) to work on /home/airflow/.local/lib/python3.12/site-packages/airflow/example_dags/example_branch_labels.py
[2024-11-09T10:15:39.886+0000] {processor.py:914} INFO - Processing file /home/airflow/.local/lib/python3.12/site-packages/airflow/example_dags/example_branch_labels.py for tasks to queue
[2024-11-09T10:15:39.891+0000] {logging_mixin.py:190} INFO - [2024-11-09T10:15:39.891+0000] {dagbag.py:588} INFO - Filling up the DagBag from /home/airflow/.local/lib/python3.12/site-packages/airflow/example_dags/example_branch_labels.py
[2024-11-09T10:15:39.905+0000] {processor.py:925} INFO - DAG(s) 'example_branch_labels' retrieved from /home/airflow/.local/lib/python3.12/site-packages/airflow/example_dags/example_branch_labels.py
[2024-11-09T10:15:39.933+0000] {logging_mixin.py:190} INFO - [2024-11-09T10:15:39.932+0000] {dag.py:3239} INFO - Sync 1 DAGs
[2024-11-09T10:15:39.964+0000] {logging_mixin.py:190} INFO - [2024-11-09T10:15:39.964+0000] {dag.py:4180} INFO - Setting next_dagrun for example_branch_labels to 2024-11-08 00:00:00+00:00, run_after=2024-11-09 00:00:00+00:00
[2024-11-09T10:15:39.990+0000] {processor.py:208} INFO - Processing /home/airflow/.local/lib/python3.12/site-packages/airflow/example_dags/example_branch_labels.py took 0.115 seconds
[2024-11-09T10:16:11.716+0000] {processor.py:186} INFO - Started process (PID=147) to work on /home/airflow/.local/lib/python3.12/site-packages/airflow/example_dags/example_branch_labels.py
[2024-11-09T10:16:11.718+0000] {processor.py:914} INFO - Processing file /home/airflow/.local/lib/python3.12/site-packages/airflow/example_dags/example_branch_labels.py for tasks to queue
[2024-11-09T10:16:11.720+0000] {logging_mixin.py:190} INFO - [2024-11-09T10:16:11.720+0000] {dagbag.py:588} INFO - Filling up the DagBag from /home/airflow/.local/lib/python3.12/site-packages/airflow/example_dags/example_branch_labels.py
[2024-11-09T10:16:11.739+0000] {processor.py:925} INFO - DAG(s) 'example_branch_labels' retrieved from /home/airflow/.local/lib/python3.12/site-packages/airflow/example_dags/example_branch_labels.py
[2024-11-09T10:16:11.813+0000] {logging_mixin.py:190} INFO - [2024-11-09T10:16:11.802+0000] {dag.py:3239} INFO - Sync 1 DAGs
[2024-11-09T10:16:11.876+0000] {logging_mixin.py:190} INFO - [2024-11-09T10:16:11.875+0000] {dag.py:4180} INFO - Setting next_dagrun for example_branch_labels to 2024-11-08 00:00:00+00:00, run_after=2024-11-09 00:00:00+00:00
[2024-11-09T10:16:11.943+0000] {processor.py:208} INFO - Processing /home/airflow/.local/lib/python3.12/site-packages/airflow/example_dags/example_branch_labels.py took 0.235 seconds
[2024-11-09T10:16:43.769+0000] {processor.py:186} INFO - Started process (PID=211) to work on /home/airflow/.local/lib/python3.12/site-packages/airflow/example_dags/example_branch_labels.py
[2024-11-09T10:16:43.770+0000] {processor.py:914} INFO - Processing file /home/airflow/.local/lib/python3.12/site-packages/airflow/example_dags/example_branch_labels.py for tasks to queue
[2024-11-09T10:16:43.772+0000] {logging_mixin.py:190} INFO - [2024-11-09T10:16:43.772+0000] {dagbag.py:588} INFO - Filling up the DagBag from /home/airflow/.local/lib/python3.12/site-packages/airflow/example_dags/example_branch_labels.py
[2024-11-09T10:16:43.784+0000] {processor.py:925} INFO - DAG(s) 'example_branch_labels' retrieved from /home/airflow/.local/lib/python3.12/site-packages/airflow/example_dags/example_branch_labels.py
[2024-11-09T10:16:43.807+0000] {logging_mixin.py:190} INFO - [2024-11-09T10:16:43.807+0000] {dag.py:3239} INFO - Sync 1 DAGs
[2024-11-09T10:16:43.836+0000] {logging_mixin.py:190} INFO - [2024-11-09T10:16:43.835+0000] {dag.py:4180} INFO - Setting next_dagrun for example_branch_labels to 2024-11-08 00:00:00+00:00, run_after=2024-11-09 00:00:00+00:00
[2024-11-09T10:16:43.870+0000] {processor.py:208} INFO - Processing /home/airflow/.local/lib/python3.12/site-packages/airflow/example_dags/example_branch_labels.py took 0.108 seconds
[2024-11-09T10:22:48.896+0000] {processor.py:186} INFO - Started process (PID=84) to work on /home/airflow/.local/lib/python3.12/site-packages/airflow/example_dags/example_branch_labels.py
[2024-11-09T10:22:48.898+0000] {processor.py:914} INFO - Processing file /home/airflow/.local/lib/python3.12/site-packages/airflow/example_dags/example_branch_labels.py for tasks to queue
[2024-11-09T10:22:48.902+0000] {logging_mixin.py:190} INFO - [2024-11-09T10:22:48.901+0000] {dagbag.py:588} INFO - Filling up the DagBag from /home/airflow/.local/lib/python3.12/site-packages/airflow/example_dags/example_branch_labels.py
[2024-11-09T10:22:48.958+0000] {processor.py:925} INFO - DAG(s) 'example_branch_labels' retrieved from /home/airflow/.local/lib/python3.12/site-packages/airflow/example_dags/example_branch_labels.py
[2024-11-09T10:22:49.057+0000] {logging_mixin.py:190} INFO - [2024-11-09T10:22:49.057+0000] {dag.py:3239} INFO - Sync 1 DAGs
[2024-11-09T10:22:49.130+0000] {logging_mixin.py:190} INFO - [2024-11-09T10:22:49.130+0000] {dag.py:4180} INFO - Setting next_dagrun for example_branch_labels to 2024-11-08 00:00:00+00:00, run_after=2024-11-09 00:00:00+00:00
[2024-11-09T10:22:49.205+0000] {processor.py:208} INFO - Processing /home/airflow/.local/lib/python3.12/site-packages/airflow/example_dags/example_branch_labels.py took 0.320 seconds
[2024-11-09T10:23:19.378+0000] {processor.py:186} INFO - Started process (PID=147) to work on /home/airflow/.local/lib/python3.12/site-packages/airflow/example_dags/example_branch_labels.py
[2024-11-09T10:23:19.379+0000] {processor.py:914} INFO - Processing file /home/airflow/.local/lib/python3.12/site-packages/airflow/example_dags/example_branch_labels.py for tasks to queue
[2024-11-09T10:23:19.382+0000] {logging_mixin.py:190} INFO - [2024-11-09T10:23:19.381+0000] {dagbag.py:588} INFO - Filling up the DagBag from /home/airflow/.local/lib/python3.12/site-packages/airflow/example_dags/example_branch_labels.py
[2024-11-09T10:23:19.395+0000] {processor.py:925} INFO - DAG(s) 'example_branch_labels' retrieved from /home/airflow/.local/lib/python3.12/site-packages/airflow/example_dags/example_branch_labels.py
[2024-11-09T10:23:19.436+0000] {logging_mixin.py:190} INFO - [2024-11-09T10:23:19.435+0000] {dag.py:3239} INFO - Sync 1 DAGs
[2024-11-09T10:23:19.469+0000] {logging_mixin.py:190} INFO - [2024-11-09T10:23:19.468+0000] {dag.py:4180} INFO - Setting next_dagrun for example_branch_labels to 2024-11-08 00:00:00+00:00, run_after=2024-11-09 00:00:00+00:00
[2024-11-09T10:23:19.497+0000] {processor.py:208} INFO - Processing /home/airflow/.local/lib/python3.12/site-packages/airflow/example_dags/example_branch_labels.py took 0.127 seconds
[2024-11-09T10:23:49.738+0000] {processor.py:186} INFO - Started process (PID=210) to work on /home/airflow/.local/lib/python3.12/site-packages/airflow/example_dags/example_branch_labels.py
[2024-11-09T10:23:49.740+0000] {processor.py:914} INFO - Processing file /home/airflow/.local/lib/python3.12/site-packages/airflow/example_dags/example_branch_labels.py for tasks to queue
[2024-11-09T10:23:49.743+0000] {logging_mixin.py:190} INFO - [2024-11-09T10:23:49.743+0000] {dagbag.py:588} INFO - Filling up the DagBag from /home/airflow/.local/lib/python3.12/site-packages/airflow/example_dags/example_branch_labels.py
[2024-11-09T10:23:49.758+0000] {processor.py:925} INFO - DAG(s) 'example_branch_labels' retrieved from /home/airflow/.local/lib/python3.12/site-packages/airflow/example_dags/example_branch_labels.py
[2024-11-09T10:23:49.793+0000] {logging_mixin.py:190} INFO - [2024-11-09T10:23:49.793+0000] {dag.py:3239} INFO - Sync 1 DAGs
[2024-11-09T10:23:49.847+0000] {logging_mixin.py:190} INFO - [2024-11-09T10:23:49.847+0000] {dag.py:4180} INFO - Setting next_dagrun for example_branch_labels to 2024-11-08 00:00:00+00:00, run_after=2024-11-09 00:00:00+00:00
[2024-11-09T10:23:49.879+0000] {processor.py:208} INFO - Processing /home/airflow/.local/lib/python3.12/site-packages/airflow/example_dags/example_branch_labels.py took 0.149 seconds
[2024-11-09T10:24:20.283+0000] {processor.py:186} INFO - Started process (PID=274) to work on /home/airflow/.local/lib/python3.12/site-packages/airflow/example_dags/example_branch_labels.py
[2024-11-09T10:24:20.285+0000] {processor.py:914} INFO - Processing file /home/airflow/.local/lib/python3.12/site-packages/airflow/example_dags/example_branch_labels.py for tasks to queue
[2024-11-09T10:24:20.295+0000] {logging_mixin.py:190} INFO - [2024-11-09T10:24:20.294+0000] {dagbag.py:588} INFO - Filling up the DagBag from /home/airflow/.local/lib/python3.12/site-packages/airflow/example_dags/example_branch_labels.py
[2024-11-09T10:24:20.341+0000] {processor.py:925} INFO - DAG(s) 'example_branch_labels' retrieved from /home/airflow/.local/lib/python3.12/site-packages/airflow/example_dags/example_branch_labels.py
[2024-11-09T10:24:20.415+0000] {logging_mixin.py:190} INFO - [2024-11-09T10:24:20.415+0000] {dag.py:3239} INFO - Sync 1 DAGs
[2024-11-09T10:24:20.458+0000] {logging_mixin.py:190} INFO - [2024-11-09T10:24:20.458+0000] {dag.py:4180} INFO - Setting next_dagrun for example_branch_labels to 2024-11-08 00:00:00+00:00, run_after=2024-11-09 00:00:00+00:00
[2024-11-09T10:24:20.493+0000] {processor.py:208} INFO - Processing /home/airflow/.local/lib/python3.12/site-packages/airflow/example_dags/example_branch_labels.py took 0.229 seconds
[2024-11-09T10:24:50.854+0000] {processor.py:186} INFO - Started process (PID=338) to work on /home/airflow/.local/lib/python3.12/site-packages/airflow/example_dags/example_branch_labels.py
[2024-11-09T10:24:50.855+0000] {processor.py:914} INFO - Processing file /home/airflow/.local/lib/python3.12/site-packages/airflow/example_dags/example_branch_labels.py for tasks to queue
[2024-11-09T10:24:50.858+0000] {logging_mixin.py:190} INFO - [2024-11-09T10:24:50.858+0000] {dagbag.py:588} INFO - Filling up the DagBag from /home/airflow/.local/lib/python3.12/site-packages/airflow/example_dags/example_branch_labels.py
[2024-11-09T10:24:50.872+0000] {processor.py:925} INFO - DAG(s) 'example_branch_labels' retrieved from /home/airflow/.local/lib/python3.12/site-packages/airflow/example_dags/example_branch_labels.py
[2024-11-09T10:24:50.898+0000] {logging_mixin.py:190} INFO - [2024-11-09T10:24:50.898+0000] {dag.py:3239} INFO - Sync 1 DAGs
[2024-11-09T10:24:50.930+0000] {logging_mixin.py:190} INFO - [2024-11-09T10:24:50.930+0000] {dag.py:4180} INFO - Setting next_dagrun for example_branch_labels to 2024-11-08 00:00:00+00:00, run_after=2024-11-09 00:00:00+00:00
[2024-11-09T10:24:51.067+0000] {processor.py:208} INFO - Processing /home/airflow/.local/lib/python3.12/site-packages/airflow/example_dags/example_branch_labels.py took 0.221 seconds
[2024-11-09T10:25:21.264+0000] {processor.py:186} INFO - Started process (PID=401) to work on /home/airflow/.local/lib/python3.12/site-packages/airflow/example_dags/example_branch_labels.py
[2024-11-09T10:25:21.266+0000] {processor.py:914} INFO - Processing file /home/airflow/.local/lib/python3.12/site-packages/airflow/example_dags/example_branch_labels.py for tasks to queue
[2024-11-09T10:25:21.272+0000] {logging_mixin.py:190} INFO - [2024-11-09T10:25:21.271+0000] {dagbag.py:588} INFO - Filling up the DagBag from /home/airflow/.local/lib/python3.12/site-packages/airflow/example_dags/example_branch_labels.py
[2024-11-09T10:25:21.300+0000] {processor.py:925} INFO - DAG(s) 'example_branch_labels' retrieved from /home/airflow/.local/lib/python3.12/site-packages/airflow/example_dags/example_branch_labels.py
[2024-11-09T10:25:21.342+0000] {logging_mixin.py:190} INFO - [2024-11-09T10:25:21.341+0000] {dag.py:3239} INFO - Sync 1 DAGs
[2024-11-09T10:25:21.403+0000] {logging_mixin.py:190} INFO - [2024-11-09T10:25:21.402+0000] {dag.py:4180} INFO - Setting next_dagrun for example_branch_labels to 2024-11-08 00:00:00+00:00, run_after=2024-11-09 00:00:00+00:00
[2024-11-09T10:25:21.449+0000] {processor.py:208} INFO - Processing /home/airflow/.local/lib/python3.12/site-packages/airflow/example_dags/example_branch_labels.py took 0.195 seconds
[2024-11-09T10:25:51.751+0000] {processor.py:186} INFO - Started process (PID=465) to work on /home/airflow/.local/lib/python3.12/site-packages/airflow/example_dags/example_branch_labels.py
[2024-11-09T10:25:51.752+0000] {processor.py:914} INFO - Processing file /home/airflow/.local/lib/python3.12/site-packages/airflow/example_dags/example_branch_labels.py for tasks to queue
[2024-11-09T10:25:51.756+0000] {logging_mixin.py:190} INFO - [2024-11-09T10:25:51.755+0000] {dagbag.py:588} INFO - Filling up the DagBag from /home/airflow/.local/lib/python3.12/site-packages/airflow/example_dags/example_branch_labels.py
[2024-11-09T10:25:51.769+0000] {processor.py:925} INFO - DAG(s) 'example_branch_labels' retrieved from /home/airflow/.local/lib/python3.12/site-packages/airflow/example_dags/example_branch_labels.py
[2024-11-09T10:25:51.793+0000] {logging_mixin.py:190} INFO - [2024-11-09T10:25:51.793+0000] {dag.py:3239} INFO - Sync 1 DAGs
[2024-11-09T10:25:51.822+0000] {logging_mixin.py:190} INFO - [2024-11-09T10:25:51.822+0000] {dag.py:4180} INFO - Setting next_dagrun for example_branch_labels to 2024-11-08 00:00:00+00:00, run_after=2024-11-09 00:00:00+00:00
[2024-11-09T10:25:51.846+0000] {processor.py:208} INFO - Processing /home/airflow/.local/lib/python3.12/site-packages/airflow/example_dags/example_branch_labels.py took 0.106 seconds
[2024-11-09T10:26:22.707+0000] {processor.py:186} INFO - Started process (PID=529) to work on /home/airflow/.local/lib/python3.12/site-packages/airflow/example_dags/example_branch_labels.py
[2024-11-09T10:26:22.708+0000] {processor.py:914} INFO - Processing file /home/airflow/.local/lib/python3.12/site-packages/airflow/example_dags/example_branch_labels.py for tasks to queue
[2024-11-09T10:26:22.710+0000] {logging_mixin.py:190} INFO - [2024-11-09T10:26:22.710+0000] {dagbag.py:588} INFO - Filling up the DagBag from /home/airflow/.local/lib/python3.12/site-packages/airflow/example_dags/example_branch_labels.py
[2024-11-09T10:26:22.721+0000] {processor.py:925} INFO - DAG(s) 'example_branch_labels' retrieved from /home/airflow/.local/lib/python3.12/site-packages/airflow/example_dags/example_branch_labels.py
[2024-11-09T10:26:22.742+0000] {logging_mixin.py:190} INFO - [2024-11-09T10:26:22.742+0000] {dag.py:3239} INFO - Sync 1 DAGs
[2024-11-09T10:26:22.770+0000] {logging_mixin.py:190} INFO - [2024-11-09T10:26:22.770+0000] {dag.py:4180} INFO - Setting next_dagrun for example_branch_labels to 2024-11-08 00:00:00+00:00, run_after=2024-11-09 00:00:00+00:00
[2024-11-09T10:26:22.806+0000] {processor.py:208} INFO - Processing /home/airflow/.local/lib/python3.12/site-packages/airflow/example_dags/example_branch_labels.py took 0.105 seconds
[2024-11-09T10:26:53.861+0000] {processor.py:186} INFO - Started process (PID=593) to work on /home/airflow/.local/lib/python3.12/site-packages/airflow/example_dags/example_branch_labels.py
[2024-11-09T10:26:53.862+0000] {processor.py:914} INFO - Processing file /home/airflow/.local/lib/python3.12/site-packages/airflow/example_dags/example_branch_labels.py for tasks to queue
[2024-11-09T10:26:53.865+0000] {logging_mixin.py:190} INFO - [2024-11-09T10:26:53.865+0000] {dagbag.py:588} INFO - Filling up the DagBag from /home/airflow/.local/lib/python3.12/site-packages/airflow/example_dags/example_branch_labels.py
[2024-11-09T10:26:53.879+0000] {processor.py:925} INFO - DAG(s) 'example_branch_labels' retrieved from /home/airflow/.local/lib/python3.12/site-packages/airflow/example_dags/example_branch_labels.py
[2024-11-09T10:26:53.903+0000] {logging_mixin.py:190} INFO - [2024-11-09T10:26:53.903+0000] {dag.py:3239} INFO - Sync 1 DAGs
[2024-11-09T10:26:53.929+0000] {logging_mixin.py:190} INFO - [2024-11-09T10:26:53.929+0000] {dag.py:4180} INFO - Setting next_dagrun for example_branch_labels to 2024-11-08 00:00:00+00:00, run_after=2024-11-09 00:00:00+00:00
[2024-11-09T10:26:54.150+0000] {processor.py:208} INFO - Processing /home/airflow/.local/lib/python3.12/site-packages/airflow/example_dags/example_branch_labels.py took 0.301 seconds
[2024-11-09T10:27:24.236+0000] {processor.py:186} INFO - Started process (PID=657) to work on /home/airflow/.local/lib/python3.12/site-packages/airflow/example_dags/example_branch_labels.py
[2024-11-09T10:27:24.237+0000] {processor.py:914} INFO - Processing file /home/airflow/.local/lib/python3.12/site-packages/airflow/example_dags/example_branch_labels.py for tasks to queue
[2024-11-09T10:27:24.240+0000] {logging_mixin.py:190} INFO - [2024-11-09T10:27:24.239+0000] {dagbag.py:588} INFO - Filling up the DagBag from /home/airflow/.local/lib/python3.12/site-packages/airflow/example_dags/example_branch_labels.py
[2024-11-09T10:27:24.274+0000] {processor.py:925} INFO - DAG(s) 'example_branch_labels' retrieved from /home/airflow/.local/lib/python3.12/site-packages/airflow/example_dags/example_branch_labels.py
[2024-11-09T10:27:24.299+0000] {logging_mixin.py:190} INFO - [2024-11-09T10:27:24.298+0000] {dag.py:3239} INFO - Sync 1 DAGs
[2024-11-09T10:27:24.331+0000] {logging_mixin.py:190} INFO - [2024-11-09T10:27:24.331+0000] {dag.py:4180} INFO - Setting next_dagrun for example_branch_labels to 2024-11-08 00:00:00+00:00, run_after=2024-11-09 00:00:00+00:00
[2024-11-09T10:27:24.385+0000] {processor.py:208} INFO - Processing /home/airflow/.local/lib/python3.12/site-packages/airflow/example_dags/example_branch_labels.py took 0.156 seconds
[2024-11-09T10:27:54.649+0000] {processor.py:186} INFO - Started process (PID=722) to work on /home/airflow/.local/lib/python3.12/site-packages/airflow/example_dags/example_branch_labels.py
[2024-11-09T10:27:54.651+0000] {processor.py:914} INFO - Processing file /home/airflow/.local/lib/python3.12/site-packages/airflow/example_dags/example_branch_labels.py for tasks to queue
[2024-11-09T10:27:54.653+0000] {logging_mixin.py:190} INFO - [2024-11-09T10:27:54.653+0000] {dagbag.py:588} INFO - Filling up the DagBag from /home/airflow/.local/lib/python3.12/site-packages/airflow/example_dags/example_branch_labels.py
[2024-11-09T10:27:54.664+0000] {processor.py:925} INFO - DAG(s) 'example_branch_labels' retrieved from /home/airflow/.local/lib/python3.12/site-packages/airflow/example_dags/example_branch_labels.py
[2024-11-09T10:27:54.687+0000] {logging_mixin.py:190} INFO - [2024-11-09T10:27:54.687+0000] {dag.py:3239} INFO - Sync 1 DAGs
[2024-11-09T10:27:54.715+0000] {logging_mixin.py:190} INFO - [2024-11-09T10:27:54.714+0000] {dag.py:4180} INFO - Setting next_dagrun for example_branch_labels to 2024-11-08 00:00:00+00:00, run_after=2024-11-09 00:00:00+00:00
[2024-11-09T10:27:54.744+0000] {processor.py:208} INFO - Processing /home/airflow/.local/lib/python3.12/site-packages/airflow/example_dags/example_branch_labels.py took 0.103 seconds
[2024-11-09T10:28:25.565+0000] {processor.py:186} INFO - Started process (PID=786) to work on /home/airflow/.local/lib/python3.12/site-packages/airflow/example_dags/example_branch_labels.py
[2024-11-09T10:28:25.566+0000] {processor.py:914} INFO - Processing file /home/airflow/.local/lib/python3.12/site-packages/airflow/example_dags/example_branch_labels.py for tasks to queue
[2024-11-09T10:28:25.568+0000] {logging_mixin.py:190} INFO - [2024-11-09T10:28:25.568+0000] {dagbag.py:588} INFO - Filling up the DagBag from /home/airflow/.local/lib/python3.12/site-packages/airflow/example_dags/example_branch_labels.py
[2024-11-09T10:28:25.580+0000] {processor.py:925} INFO - DAG(s) 'example_branch_labels' retrieved from /home/airflow/.local/lib/python3.12/site-packages/airflow/example_dags/example_branch_labels.py
[2024-11-09T10:28:25.604+0000] {logging_mixin.py:190} INFO - [2024-11-09T10:28:25.604+0000] {dag.py:3239} INFO - Sync 1 DAGs
[2024-11-09T10:28:25.633+0000] {logging_mixin.py:190} INFO - [2024-11-09T10:28:25.633+0000] {dag.py:4180} INFO - Setting next_dagrun for example_branch_labels to 2024-11-08 00:00:00+00:00, run_after=2024-11-09 00:00:00+00:00
[2024-11-09T10:28:25.754+0000] {processor.py:208} INFO - Processing /home/airflow/.local/lib/python3.12/site-packages/airflow/example_dags/example_branch_labels.py took 0.196 seconds
[2024-11-09T10:28:56.223+0000] {processor.py:186} INFO - Started process (PID=851) to work on /home/airflow/.local/lib/python3.12/site-packages/airflow/example_dags/example_branch_labels.py
[2024-11-09T10:28:56.224+0000] {processor.py:914} INFO - Processing file /home/airflow/.local/lib/python3.12/site-packages/airflow/example_dags/example_branch_labels.py for tasks to queue
[2024-11-09T10:28:56.227+0000] {logging_mixin.py:190} INFO - [2024-11-09T10:28:56.227+0000] {dagbag.py:588} INFO - Filling up the DagBag from /home/airflow/.local/lib/python3.12/site-packages/airflow/example_dags/example_branch_labels.py
[2024-11-09T10:28:56.238+0000] {processor.py:925} INFO - DAG(s) 'example_branch_labels' retrieved from /home/airflow/.local/lib/python3.12/site-packages/airflow/example_dags/example_branch_labels.py
[2024-11-09T10:28:56.263+0000] {logging_mixin.py:190} INFO - [2024-11-09T10:28:56.263+0000] {dag.py:3239} INFO - Sync 1 DAGs
[2024-11-09T10:28:56.292+0000] {logging_mixin.py:190} INFO - [2024-11-09T10:28:56.292+0000] {dag.py:4180} INFO - Setting next_dagrun for example_branch_labels to 2024-11-08 00:00:00+00:00, run_after=2024-11-09 00:00:00+00:00
[2024-11-09T10:28:56.324+0000] {processor.py:208} INFO - Processing /home/airflow/.local/lib/python3.12/site-packages/airflow/example_dags/example_branch_labels.py took 0.108 seconds
[2024-11-09T10:29:27.256+0000] {processor.py:186} INFO - Started process (PID=915) to work on /home/airflow/.local/lib/python3.12/site-packages/airflow/example_dags/example_branch_labels.py
[2024-11-09T10:29:27.258+0000] {processor.py:914} INFO - Processing file /home/airflow/.local/lib/python3.12/site-packages/airflow/example_dags/example_branch_labels.py for tasks to queue
[2024-11-09T10:29:27.261+0000] {logging_mixin.py:190} INFO - [2024-11-09T10:29:27.261+0000] {dagbag.py:588} INFO - Filling up the DagBag from /home/airflow/.local/lib/python3.12/site-packages/airflow/example_dags/example_branch_labels.py
[2024-11-09T10:29:27.281+0000] {processor.py:925} INFO - DAG(s) 'example_branch_labels' retrieved from /home/airflow/.local/lib/python3.12/site-packages/airflow/example_dags/example_branch_labels.py
[2024-11-09T10:29:27.373+0000] {logging_mixin.py:190} INFO - [2024-11-09T10:29:27.367+0000] {dag.py:3239} INFO - Sync 1 DAGs
[2024-11-09T10:29:27.646+0000] {logging_mixin.py:190} INFO - [2024-11-09T10:29:27.643+0000] {dag.py:4180} INFO - Setting next_dagrun for example_branch_labels to 2024-11-08 00:00:00+00:00, run_after=2024-11-09 00:00:00+00:00
[2024-11-09T10:29:27.729+0000] {processor.py:208} INFO - Processing /home/airflow/.local/lib/python3.12/site-packages/airflow/example_dags/example_branch_labels.py took 0.479 seconds
[2024-11-09T10:29:57.976+0000] {processor.py:186} INFO - Started process (PID=980) to work on /home/airflow/.local/lib/python3.12/site-packages/airflow/example_dags/example_branch_labels.py
[2024-11-09T10:29:57.977+0000] {processor.py:914} INFO - Processing file /home/airflow/.local/lib/python3.12/site-packages/airflow/example_dags/example_branch_labels.py for tasks to queue
[2024-11-09T10:29:57.979+0000] {logging_mixin.py:190} INFO - [2024-11-09T10:29:57.979+0000] {dagbag.py:588} INFO - Filling up the DagBag from /home/airflow/.local/lib/python3.12/site-packages/airflow/example_dags/example_branch_labels.py
[2024-11-09T10:29:57.991+0000] {processor.py:925} INFO - DAG(s) 'example_branch_labels' retrieved from /home/airflow/.local/lib/python3.12/site-packages/airflow/example_dags/example_branch_labels.py
[2024-11-09T10:29:58.013+0000] {logging_mixin.py:190} INFO - [2024-11-09T10:29:58.013+0000] {dag.py:3239} INFO - Sync 1 DAGs
[2024-11-09T10:29:58.041+0000] {logging_mixin.py:190} INFO - [2024-11-09T10:29:58.040+0000] {dag.py:4180} INFO - Setting next_dagrun for example_branch_labels to 2024-11-08 00:00:00+00:00, run_after=2024-11-09 00:00:00+00:00
[2024-11-09T10:29:58.065+0000] {processor.py:208} INFO - Processing /home/airflow/.local/lib/python3.12/site-packages/airflow/example_dags/example_branch_labels.py took 0.095 seconds
[2024-11-09T10:30:28.730+0000] {processor.py:186} INFO - Started process (PID=1043) to work on /home/airflow/.local/lib/python3.12/site-packages/airflow/example_dags/example_branch_labels.py
[2024-11-09T10:30:28.732+0000] {processor.py:914} INFO - Processing file /home/airflow/.local/lib/python3.12/site-packages/airflow/example_dags/example_branch_labels.py for tasks to queue
[2024-11-09T10:30:28.735+0000] {logging_mixin.py:190} INFO - [2024-11-09T10:30:28.734+0000] {dagbag.py:588} INFO - Filling up the DagBag from /home/airflow/.local/lib/python3.12/site-packages/airflow/example_dags/example_branch_labels.py
[2024-11-09T10:30:28.746+0000] {processor.py:925} INFO - DAG(s) 'example_branch_labels' retrieved from /home/airflow/.local/lib/python3.12/site-packages/airflow/example_dags/example_branch_labels.py
[2024-11-09T10:30:28.769+0000] {logging_mixin.py:190} INFO - [2024-11-09T10:30:28.768+0000] {dag.py:3239} INFO - Sync 1 DAGs
[2024-11-09T10:30:28.798+0000] {logging_mixin.py:190} INFO - [2024-11-09T10:30:28.798+0000] {dag.py:4180} INFO - Setting next_dagrun for example_branch_labels to 2024-11-08 00:00:00+00:00, run_after=2024-11-09 00:00:00+00:00
[2024-11-09T10:30:28.824+0000] {processor.py:208} INFO - Processing /home/airflow/.local/lib/python3.12/site-packages/airflow/example_dags/example_branch_labels.py took 0.100 seconds
[2024-11-09T10:30:59.407+0000] {processor.py:186} INFO - Started process (PID=1107) to work on /home/airflow/.local/lib/python3.12/site-packages/airflow/example_dags/example_branch_labels.py
[2024-11-09T10:30:59.408+0000] {processor.py:914} INFO - Processing file /home/airflow/.local/lib/python3.12/site-packages/airflow/example_dags/example_branch_labels.py for tasks to queue
[2024-11-09T10:30:59.411+0000] {logging_mixin.py:190} INFO - [2024-11-09T10:30:59.410+0000] {dagbag.py:588} INFO - Filling up the DagBag from /home/airflow/.local/lib/python3.12/site-packages/airflow/example_dags/example_branch_labels.py
[2024-11-09T10:30:59.423+0000] {processor.py:925} INFO - DAG(s) 'example_branch_labels' retrieved from /home/airflow/.local/lib/python3.12/site-packages/airflow/example_dags/example_branch_labels.py
[2024-11-09T10:30:59.448+0000] {logging_mixin.py:190} INFO - [2024-11-09T10:30:59.448+0000] {dag.py:3239} INFO - Sync 1 DAGs
[2024-11-09T10:30:59.479+0000] {logging_mixin.py:190} INFO - [2024-11-09T10:30:59.479+0000] {dag.py:4180} INFO - Setting next_dagrun for example_branch_labels to 2024-11-08 00:00:00+00:00, run_after=2024-11-09 00:00:00+00:00
[2024-11-09T10:30:59.509+0000] {processor.py:208} INFO - Processing /home/airflow/.local/lib/python3.12/site-packages/airflow/example_dags/example_branch_labels.py took 0.110 seconds
[2024-11-09T10:31:30.120+0000] {processor.py:186} INFO - Started process (PID=1171) to work on /home/airflow/.local/lib/python3.12/site-packages/airflow/example_dags/example_branch_labels.py
[2024-11-09T10:31:30.121+0000] {processor.py:914} INFO - Processing file /home/airflow/.local/lib/python3.12/site-packages/airflow/example_dags/example_branch_labels.py for tasks to queue
[2024-11-09T10:31:30.124+0000] {logging_mixin.py:190} INFO - [2024-11-09T10:31:30.124+0000] {dagbag.py:588} INFO - Filling up the DagBag from /home/airflow/.local/lib/python3.12/site-packages/airflow/example_dags/example_branch_labels.py
[2024-11-09T10:31:30.137+0000] {processor.py:925} INFO - DAG(s) 'example_branch_labels' retrieved from /home/airflow/.local/lib/python3.12/site-packages/airflow/example_dags/example_branch_labels.py
[2024-11-09T10:31:30.162+0000] {logging_mixin.py:190} INFO - [2024-11-09T10:31:30.161+0000] {dag.py:3239} INFO - Sync 1 DAGs
[2024-11-09T10:31:30.192+0000] {logging_mixin.py:190} INFO - [2024-11-09T10:31:30.192+0000] {dag.py:4180} INFO - Setting next_dagrun for example_branch_labels to 2024-11-08 00:00:00+00:00, run_after=2024-11-09 00:00:00+00:00
[2024-11-09T10:31:30.383+0000] {processor.py:208} INFO - Processing /home/airflow/.local/lib/python3.12/site-packages/airflow/example_dags/example_branch_labels.py took 0.270 seconds
[2024-11-09T10:32:00.500+0000] {processor.py:186} INFO - Started process (PID=1237) to work on /home/airflow/.local/lib/python3.12/site-packages/airflow/example_dags/example_branch_labels.py
[2024-11-09T10:32:00.501+0000] {processor.py:914} INFO - Processing file /home/airflow/.local/lib/python3.12/site-packages/airflow/example_dags/example_branch_labels.py for tasks to queue
[2024-11-09T10:32:00.505+0000] {logging_mixin.py:190} INFO - [2024-11-09T10:32:00.504+0000] {dagbag.py:588} INFO - Filling up the DagBag from /home/airflow/.local/lib/python3.12/site-packages/airflow/example_dags/example_branch_labels.py
[2024-11-09T10:32:00.529+0000] {processor.py:925} INFO - DAG(s) 'example_branch_labels' retrieved from /home/airflow/.local/lib/python3.12/site-packages/airflow/example_dags/example_branch_labels.py
[2024-11-09T10:32:00.572+0000] {logging_mixin.py:190} INFO - [2024-11-09T10:32:00.572+0000] {dag.py:3239} INFO - Sync 1 DAGs
[2024-11-09T10:32:00.617+0000] {logging_mixin.py:190} INFO - [2024-11-09T10:32:00.617+0000] {dag.py:4180} INFO - Setting next_dagrun for example_branch_labels to 2024-11-08 00:00:00+00:00, run_after=2024-11-09 00:00:00+00:00
[2024-11-09T10:32:00.661+0000] {processor.py:208} INFO - Processing /home/airflow/.local/lib/python3.12/site-packages/airflow/example_dags/example_branch_labels.py took 0.169 seconds
[2024-11-09T10:32:31.111+0000] {processor.py:186} INFO - Started process (PID=1301) to work on /home/airflow/.local/lib/python3.12/site-packages/airflow/example_dags/example_branch_labels.py
[2024-11-09T10:32:31.116+0000] {processor.py:914} INFO - Processing file /home/airflow/.local/lib/python3.12/site-packages/airflow/example_dags/example_branch_labels.py for tasks to queue
[2024-11-09T10:32:31.121+0000] {logging_mixin.py:190} INFO - [2024-11-09T10:32:31.120+0000] {dagbag.py:588} INFO - Filling up the DagBag from /home/airflow/.local/lib/python3.12/site-packages/airflow/example_dags/example_branch_labels.py
[2024-11-09T10:32:31.142+0000] {processor.py:925} INFO - DAG(s) 'example_branch_labels' retrieved from /home/airflow/.local/lib/python3.12/site-packages/airflow/example_dags/example_branch_labels.py
[2024-11-09T10:32:31.185+0000] {logging_mixin.py:190} INFO - [2024-11-09T10:32:31.184+0000] {dag.py:3239} INFO - Sync 1 DAGs
[2024-11-09T10:32:31.238+0000] {logging_mixin.py:190} INFO - [2024-11-09T10:32:31.237+0000] {dag.py:4180} INFO - Setting next_dagrun for example_branch_labels to 2024-11-08 00:00:00+00:00, run_after=2024-11-09 00:00:00+00:00
[2024-11-09T10:32:31.275+0000] {processor.py:208} INFO - Processing /home/airflow/.local/lib/python3.12/site-packages/airflow/example_dags/example_branch_labels.py took 0.172 seconds
[2024-11-09T10:53:08.370+0000] {processor.py:186} INFO - Started process (PID=80) to work on /home/airflow/.local/lib/python3.12/site-packages/airflow/example_dags/example_branch_labels.py
[2024-11-09T10:53:08.371+0000] {processor.py:914} INFO - Processing file /home/airflow/.local/lib/python3.12/site-packages/airflow/example_dags/example_branch_labels.py for tasks to queue
[2024-11-09T10:53:08.377+0000] {logging_mixin.py:190} INFO - [2024-11-09T10:53:08.376+0000] {dagbag.py:588} INFO - Filling up the DagBag from /home/airflow/.local/lib/python3.12/site-packages/airflow/example_dags/example_branch_labels.py
[2024-11-09T10:53:08.391+0000] {processor.py:925} INFO - DAG(s) 'example_branch_labels' retrieved from /home/airflow/.local/lib/python3.12/site-packages/airflow/example_dags/example_branch_labels.py
[2024-11-09T10:53:08.426+0000] {logging_mixin.py:190} INFO - [2024-11-09T10:53:08.425+0000] {dag.py:3239} INFO - Sync 1 DAGs
[2024-11-09T10:53:08.461+0000] {logging_mixin.py:190} INFO - [2024-11-09T10:53:08.461+0000] {dag.py:4180} INFO - Setting next_dagrun for example_branch_labels to 2024-11-08 00:00:00+00:00, run_after=2024-11-09 00:00:00+00:00
[2024-11-09T10:53:08.495+0000] {processor.py:208} INFO - Processing /home/airflow/.local/lib/python3.12/site-packages/airflow/example_dags/example_branch_labels.py took 0.133 seconds
