[2024-11-09T08:52:44.264+0000] {processor.py:186} INFO - Started process (PID=88) to work on /home/airflow/.local/lib/python3.12/site-packages/airflow/example_dags/example_sensors.py
[2024-11-09T08:52:44.271+0000] {processor.py:914} INFO - Processing file /home/airflow/.local/lib/python3.12/site-packages/airflow/example_dags/example_sensors.py for tasks to queue
[2024-11-09T08:52:44.278+0000] {logging_mixin.py:190} INFO - [2024-11-09T08:52:44.277+0000] {dagbag.py:588} INFO - Filling up the DagBag from /home/airflow/.local/lib/python3.12/site-packages/airflow/example_dags/example_sensors.py
[2024-11-09T08:52:44.346+0000] {processor.py:925} INFO - DAG(s) 'example_sensors' retrieved from /home/airflow/.local/lib/python3.12/site-packages/airflow/example_dags/example_sensors.py
[2024-11-09T08:52:44.537+0000] {logging_mixin.py:190} INFO - [2024-11-09T08:52:44.537+0000] {dag.py:3239} INFO - Sync 1 DAGs
[2024-11-09T08:52:44.623+0000] {logging_mixin.py:190} INFO - [2024-11-09T08:52:44.611+0000] {dag.py:4180} INFO - Setting next_dagrun for example_sensors to None, run_after=None
[2024-11-09T08:52:44.844+0000] {processor.py:208} INFO - Processing /home/airflow/.local/lib/python3.12/site-packages/airflow/example_dags/example_sensors.py took 0.621 seconds
[2024-11-09T08:53:15.393+0000] {processor.py:186} INFO - Started process (PID=151) to work on /home/airflow/.local/lib/python3.12/site-packages/airflow/example_dags/example_sensors.py
[2024-11-09T08:53:15.395+0000] {processor.py:914} INFO - Processing file /home/airflow/.local/lib/python3.12/site-packages/airflow/example_dags/example_sensors.py for tasks to queue
[2024-11-09T08:53:15.398+0000] {logging_mixin.py:190} INFO - [2024-11-09T08:53:15.397+0000] {dagbag.py:588} INFO - Filling up the DagBag from /home/airflow/.local/lib/python3.12/site-packages/airflow/example_dags/example_sensors.py
[2024-11-09T08:53:15.414+0000] {processor.py:925} INFO - DAG(s) 'example_sensors' retrieved from /home/airflow/.local/lib/python3.12/site-packages/airflow/example_dags/example_sensors.py
[2024-11-09T08:53:15.449+0000] {logging_mixin.py:190} INFO - [2024-11-09T08:53:15.449+0000] {dag.py:3239} INFO - Sync 1 DAGs
[2024-11-09T08:53:15.470+0000] {logging_mixin.py:190} INFO - [2024-11-09T08:53:15.469+0000] {dag.py:4180} INFO - Setting next_dagrun for example_sensors to None, run_after=None
[2024-11-09T08:53:15.509+0000] {processor.py:208} INFO - Processing /home/airflow/.local/lib/python3.12/site-packages/airflow/example_dags/example_sensors.py took 0.124 seconds
[2024-11-09T08:53:46.172+0000] {processor.py:186} INFO - Started process (PID=216) to work on /home/airflow/.local/lib/python3.12/site-packages/airflow/example_dags/example_sensors.py
[2024-11-09T08:53:46.175+0000] {processor.py:914} INFO - Processing file /home/airflow/.local/lib/python3.12/site-packages/airflow/example_dags/example_sensors.py for tasks to queue
[2024-11-09T08:53:46.179+0000] {logging_mixin.py:190} INFO - [2024-11-09T08:53:46.179+0000] {dagbag.py:588} INFO - Filling up the DagBag from /home/airflow/.local/lib/python3.12/site-packages/airflow/example_dags/example_sensors.py
[2024-11-09T08:53:46.202+0000] {processor.py:925} INFO - DAG(s) 'example_sensors' retrieved from /home/airflow/.local/lib/python3.12/site-packages/airflow/example_dags/example_sensors.py
[2024-11-09T08:53:46.243+0000] {logging_mixin.py:190} INFO - [2024-11-09T08:53:46.242+0000] {dag.py:3239} INFO - Sync 1 DAGs
[2024-11-09T08:53:46.260+0000] {logging_mixin.py:190} INFO - [2024-11-09T08:53:46.259+0000] {dag.py:4180} INFO - Setting next_dagrun for example_sensors to None, run_after=None
[2024-11-09T08:53:46.286+0000] {processor.py:208} INFO - Processing /home/airflow/.local/lib/python3.12/site-packages/airflow/example_dags/example_sensors.py took 0.125 seconds
[2024-11-09T08:54:17.308+0000] {processor.py:186} INFO - Started process (PID=280) to work on /home/airflow/.local/lib/python3.12/site-packages/airflow/example_dags/example_sensors.py
[2024-11-09T08:54:17.311+0000] {processor.py:914} INFO - Processing file /home/airflow/.local/lib/python3.12/site-packages/airflow/example_dags/example_sensors.py for tasks to queue
[2024-11-09T08:54:17.315+0000] {logging_mixin.py:190} INFO - [2024-11-09T08:54:17.315+0000] {dagbag.py:588} INFO - Filling up the DagBag from /home/airflow/.local/lib/python3.12/site-packages/airflow/example_dags/example_sensors.py
[2024-11-09T08:54:17.336+0000] {processor.py:925} INFO - DAG(s) 'example_sensors' retrieved from /home/airflow/.local/lib/python3.12/site-packages/airflow/example_dags/example_sensors.py
[2024-11-09T08:54:17.380+0000] {logging_mixin.py:190} INFO - [2024-11-09T08:54:17.380+0000] {dag.py:3239} INFO - Sync 1 DAGs
[2024-11-09T08:54:17.410+0000] {logging_mixin.py:190} INFO - [2024-11-09T08:54:17.410+0000] {dag.py:4180} INFO - Setting next_dagrun for example_sensors to None, run_after=None
[2024-11-09T08:54:17.440+0000] {processor.py:208} INFO - Processing /home/airflow/.local/lib/python3.12/site-packages/airflow/example_dags/example_sensors.py took 0.143 seconds
[2024-11-09T08:54:47.614+0000] {processor.py:186} INFO - Started process (PID=345) to work on /home/airflow/.local/lib/python3.12/site-packages/airflow/example_dags/example_sensors.py
[2024-11-09T08:54:47.616+0000] {processor.py:914} INFO - Processing file /home/airflow/.local/lib/python3.12/site-packages/airflow/example_dags/example_sensors.py for tasks to queue
[2024-11-09T08:54:47.620+0000] {logging_mixin.py:190} INFO - [2024-11-09T08:54:47.619+0000] {dagbag.py:588} INFO - Filling up the DagBag from /home/airflow/.local/lib/python3.12/site-packages/airflow/example_dags/example_sensors.py
[2024-11-09T08:54:47.634+0000] {processor.py:925} INFO - DAG(s) 'example_sensors' retrieved from /home/airflow/.local/lib/python3.12/site-packages/airflow/example_dags/example_sensors.py
[2024-11-09T08:54:47.668+0000] {logging_mixin.py:190} INFO - [2024-11-09T08:54:47.668+0000] {dag.py:3239} INFO - Sync 1 DAGs
[2024-11-09T08:54:47.686+0000] {logging_mixin.py:190} INFO - [2024-11-09T08:54:47.685+0000] {dag.py:4180} INFO - Setting next_dagrun for example_sensors to None, run_after=None
[2024-11-09T08:54:47.815+0000] {processor.py:208} INFO - Processing /home/airflow/.local/lib/python3.12/site-packages/airflow/example_dags/example_sensors.py took 0.209 seconds
[2024-11-09T08:55:18.067+0000] {processor.py:186} INFO - Started process (PID=408) to work on /home/airflow/.local/lib/python3.12/site-packages/airflow/example_dags/example_sensors.py
[2024-11-09T08:55:18.068+0000] {processor.py:914} INFO - Processing file /home/airflow/.local/lib/python3.12/site-packages/airflow/example_dags/example_sensors.py for tasks to queue
[2024-11-09T08:55:18.072+0000] {logging_mixin.py:190} INFO - [2024-11-09T08:55:18.071+0000] {dagbag.py:588} INFO - Filling up the DagBag from /home/airflow/.local/lib/python3.12/site-packages/airflow/example_dags/example_sensors.py
[2024-11-09T08:55:18.087+0000] {processor.py:925} INFO - DAG(s) 'example_sensors' retrieved from /home/airflow/.local/lib/python3.12/site-packages/airflow/example_dags/example_sensors.py
[2024-11-09T08:55:18.150+0000] {logging_mixin.py:190} INFO - [2024-11-09T08:55:18.150+0000] {dag.py:3239} INFO - Sync 1 DAGs
[2024-11-09T08:55:18.169+0000] {logging_mixin.py:190} INFO - [2024-11-09T08:55:18.168+0000] {dag.py:4180} INFO - Setting next_dagrun for example_sensors to None, run_after=None
[2024-11-09T08:55:18.196+0000] {processor.py:208} INFO - Processing /home/airflow/.local/lib/python3.12/site-packages/airflow/example_dags/example_sensors.py took 0.137 seconds
[2024-11-09T08:55:48.449+0000] {processor.py:186} INFO - Started process (PID=472) to work on /home/airflow/.local/lib/python3.12/site-packages/airflow/example_dags/example_sensors.py
[2024-11-09T08:55:48.472+0000] {processor.py:914} INFO - Processing file /home/airflow/.local/lib/python3.12/site-packages/airflow/example_dags/example_sensors.py for tasks to queue
[2024-11-09T08:55:48.517+0000] {logging_mixin.py:190} INFO - [2024-11-09T08:55:48.515+0000] {dagbag.py:588} INFO - Filling up the DagBag from /home/airflow/.local/lib/python3.12/site-packages/airflow/example_dags/example_sensors.py
[2024-11-09T08:55:48.572+0000] {processor.py:925} INFO - DAG(s) 'example_sensors' retrieved from /home/airflow/.local/lib/python3.12/site-packages/airflow/example_dags/example_sensors.py
[2024-11-09T08:55:48.618+0000] {logging_mixin.py:190} INFO - [2024-11-09T08:55:48.618+0000] {dag.py:3239} INFO - Sync 1 DAGs
[2024-11-09T08:55:48.651+0000] {logging_mixin.py:190} INFO - [2024-11-09T08:55:48.650+0000] {dag.py:4180} INFO - Setting next_dagrun for example_sensors to None, run_after=None
[2024-11-09T08:55:48.696+0000] {processor.py:208} INFO - Processing /home/airflow/.local/lib/python3.12/site-packages/airflow/example_dags/example_sensors.py took 0.270 seconds
[2024-11-09T08:56:18.978+0000] {processor.py:186} INFO - Started process (PID=536) to work on /home/airflow/.local/lib/python3.12/site-packages/airflow/example_dags/example_sensors.py
[2024-11-09T08:56:18.980+0000] {processor.py:914} INFO - Processing file /home/airflow/.local/lib/python3.12/site-packages/airflow/example_dags/example_sensors.py for tasks to queue
[2024-11-09T08:56:18.985+0000] {logging_mixin.py:190} INFO - [2024-11-09T08:56:18.984+0000] {dagbag.py:588} INFO - Filling up the DagBag from /home/airflow/.local/lib/python3.12/site-packages/airflow/example_dags/example_sensors.py
[2024-11-09T08:56:19.011+0000] {processor.py:925} INFO - DAG(s) 'example_sensors' retrieved from /home/airflow/.local/lib/python3.12/site-packages/airflow/example_dags/example_sensors.py
[2024-11-09T08:56:19.078+0000] {logging_mixin.py:190} INFO - [2024-11-09T08:56:19.078+0000] {dag.py:3239} INFO - Sync 1 DAGs
[2024-11-09T08:56:19.105+0000] {logging_mixin.py:190} INFO - [2024-11-09T08:56:19.105+0000] {dag.py:4180} INFO - Setting next_dagrun for example_sensors to None, run_after=None
[2024-11-09T08:56:19.227+0000] {processor.py:208} INFO - Processing /home/airflow/.local/lib/python3.12/site-packages/airflow/example_dags/example_sensors.py took 0.272 seconds
[2024-11-09T08:56:49.735+0000] {processor.py:186} INFO - Started process (PID=600) to work on /home/airflow/.local/lib/python3.12/site-packages/airflow/example_dags/example_sensors.py
[2024-11-09T08:56:49.736+0000] {processor.py:914} INFO - Processing file /home/airflow/.local/lib/python3.12/site-packages/airflow/example_dags/example_sensors.py for tasks to queue
[2024-11-09T08:56:49.739+0000] {logging_mixin.py:190} INFO - [2024-11-09T08:56:49.739+0000] {dagbag.py:588} INFO - Filling up the DagBag from /home/airflow/.local/lib/python3.12/site-packages/airflow/example_dags/example_sensors.py
[2024-11-09T08:56:49.754+0000] {processor.py:925} INFO - DAG(s) 'example_sensors' retrieved from /home/airflow/.local/lib/python3.12/site-packages/airflow/example_dags/example_sensors.py
[2024-11-09T08:56:49.787+0000] {logging_mixin.py:190} INFO - [2024-11-09T08:56:49.786+0000] {dag.py:3239} INFO - Sync 1 DAGs
[2024-11-09T08:56:49.806+0000] {logging_mixin.py:190} INFO - [2024-11-09T08:56:49.805+0000] {dag.py:4180} INFO - Setting next_dagrun for example_sensors to None, run_after=None
[2024-11-09T08:56:49.834+0000] {processor.py:208} INFO - Processing /home/airflow/.local/lib/python3.12/site-packages/airflow/example_dags/example_sensors.py took 0.114 seconds
[2024-11-09T08:57:20.087+0000] {processor.py:186} INFO - Started process (PID=664) to work on /home/airflow/.local/lib/python3.12/site-packages/airflow/example_dags/example_sensors.py
[2024-11-09T08:57:20.088+0000] {processor.py:914} INFO - Processing file /home/airflow/.local/lib/python3.12/site-packages/airflow/example_dags/example_sensors.py for tasks to queue
[2024-11-09T08:57:20.093+0000] {logging_mixin.py:190} INFO - [2024-11-09T08:57:20.092+0000] {dagbag.py:588} INFO - Filling up the DagBag from /home/airflow/.local/lib/python3.12/site-packages/airflow/example_dags/example_sensors.py
[2024-11-09T08:57:20.116+0000] {processor.py:925} INFO - DAG(s) 'example_sensors' retrieved from /home/airflow/.local/lib/python3.12/site-packages/airflow/example_dags/example_sensors.py
[2024-11-09T08:57:20.160+0000] {logging_mixin.py:190} INFO - [2024-11-09T08:57:20.160+0000] {dag.py:3239} INFO - Sync 1 DAGs
[2024-11-09T08:57:20.181+0000] {logging_mixin.py:190} INFO - [2024-11-09T08:57:20.180+0000] {dag.py:4180} INFO - Setting next_dagrun for example_sensors to None, run_after=None
[2024-11-09T08:57:20.225+0000] {processor.py:208} INFO - Processing /home/airflow/.local/lib/python3.12/site-packages/airflow/example_dags/example_sensors.py took 0.146 seconds
[2024-11-09T08:57:50.497+0000] {processor.py:186} INFO - Started process (PID=728) to work on /home/airflow/.local/lib/python3.12/site-packages/airflow/example_dags/example_sensors.py
[2024-11-09T08:57:50.500+0000] {processor.py:914} INFO - Processing file /home/airflow/.local/lib/python3.12/site-packages/airflow/example_dags/example_sensors.py for tasks to queue
[2024-11-09T08:57:50.507+0000] {logging_mixin.py:190} INFO - [2024-11-09T08:57:50.506+0000] {dagbag.py:588} INFO - Filling up the DagBag from /home/airflow/.local/lib/python3.12/site-packages/airflow/example_dags/example_sensors.py
[2024-11-09T08:57:50.540+0000] {processor.py:925} INFO - DAG(s) 'example_sensors' retrieved from /home/airflow/.local/lib/python3.12/site-packages/airflow/example_dags/example_sensors.py
[2024-11-09T08:57:50.585+0000] {logging_mixin.py:190} INFO - [2024-11-09T08:57:50.585+0000] {dag.py:3239} INFO - Sync 1 DAGs
[2024-11-09T08:57:50.607+0000] {logging_mixin.py:190} INFO - [2024-11-09T08:57:50.607+0000] {dag.py:4180} INFO - Setting next_dagrun for example_sensors to None, run_after=None
[2024-11-09T08:57:50.642+0000] {processor.py:208} INFO - Processing /home/airflow/.local/lib/python3.12/site-packages/airflow/example_dags/example_sensors.py took 0.162 seconds
[2024-11-09T08:58:20.914+0000] {processor.py:186} INFO - Started process (PID=791) to work on /home/airflow/.local/lib/python3.12/site-packages/airflow/example_dags/example_sensors.py
[2024-11-09T08:58:20.915+0000] {processor.py:914} INFO - Processing file /home/airflow/.local/lib/python3.12/site-packages/airflow/example_dags/example_sensors.py for tasks to queue
[2024-11-09T08:58:20.920+0000] {logging_mixin.py:190} INFO - [2024-11-09T08:58:20.919+0000] {dagbag.py:588} INFO - Filling up the DagBag from /home/airflow/.local/lib/python3.12/site-packages/airflow/example_dags/example_sensors.py
[2024-11-09T08:58:20.938+0000] {processor.py:925} INFO - DAG(s) 'example_sensors' retrieved from /home/airflow/.local/lib/python3.12/site-packages/airflow/example_dags/example_sensors.py
[2024-11-09T08:58:20.979+0000] {logging_mixin.py:190} INFO - [2024-11-09T08:58:20.979+0000] {dag.py:3239} INFO - Sync 1 DAGs
[2024-11-09T08:58:21.013+0000] {logging_mixin.py:190} INFO - [2024-11-09T08:58:21.013+0000] {dag.py:4180} INFO - Setting next_dagrun for example_sensors to None, run_after=None
[2024-11-09T08:58:21.270+0000] {processor.py:208} INFO - Processing /home/airflow/.local/lib/python3.12/site-packages/airflow/example_dags/example_sensors.py took 0.365 seconds
[2024-11-09T10:15:37.986+0000] {processor.py:186} INFO - Started process (PID=76) to work on /home/airflow/.local/lib/python3.12/site-packages/airflow/example_dags/example_sensors.py
[2024-11-09T10:15:38.001+0000] {processor.py:914} INFO - Processing file /home/airflow/.local/lib/python3.12/site-packages/airflow/example_dags/example_sensors.py for tasks to queue
[2024-11-09T10:15:38.004+0000] {logging_mixin.py:190} INFO - [2024-11-09T10:15:38.004+0000] {dagbag.py:588} INFO - Filling up the DagBag from /home/airflow/.local/lib/python3.12/site-packages/airflow/example_dags/example_sensors.py
[2024-11-09T10:15:38.045+0000] {processor.py:925} INFO - DAG(s) 'example_sensors' retrieved from /home/airflow/.local/lib/python3.12/site-packages/airflow/example_dags/example_sensors.py
[2024-11-09T10:15:38.133+0000] {logging_mixin.py:190} INFO - [2024-11-09T10:15:38.133+0000] {dag.py:3239} INFO - Sync 1 DAGs
[2024-11-09T10:15:38.188+0000] {logging_mixin.py:190} INFO - [2024-11-09T10:15:38.187+0000] {dag.py:4180} INFO - Setting next_dagrun for example_sensors to None, run_after=None
[2024-11-09T10:15:38.251+0000] {processor.py:208} INFO - Processing /home/airflow/.local/lib/python3.12/site-packages/airflow/example_dags/example_sensors.py took 0.282 seconds
[2024-11-09T10:16:08.333+0000] {processor.py:186} INFO - Started process (PID=140) to work on /home/airflow/.local/lib/python3.12/site-packages/airflow/example_dags/example_sensors.py
[2024-11-09T10:16:08.334+0000] {processor.py:914} INFO - Processing file /home/airflow/.local/lib/python3.12/site-packages/airflow/example_dags/example_sensors.py for tasks to queue
[2024-11-09T10:16:08.339+0000] {logging_mixin.py:190} INFO - [2024-11-09T10:16:08.337+0000] {dagbag.py:588} INFO - Filling up the DagBag from /home/airflow/.local/lib/python3.12/site-packages/airflow/example_dags/example_sensors.py
[2024-11-09T10:16:08.356+0000] {processor.py:925} INFO - DAG(s) 'example_sensors' retrieved from /home/airflow/.local/lib/python3.12/site-packages/airflow/example_dags/example_sensors.py
[2024-11-09T10:16:08.385+0000] {logging_mixin.py:190} INFO - [2024-11-09T10:16:08.385+0000] {dag.py:3239} INFO - Sync 1 DAGs
[2024-11-09T10:16:08.401+0000] {logging_mixin.py:190} INFO - [2024-11-09T10:16:08.401+0000] {dag.py:4180} INFO - Setting next_dagrun for example_sensors to None, run_after=None
[2024-11-09T10:16:08.503+0000] {processor.py:208} INFO - Processing /home/airflow/.local/lib/python3.12/site-packages/airflow/example_dags/example_sensors.py took 0.181 seconds
[2024-11-09T10:16:39.332+0000] {processor.py:186} INFO - Started process (PID=204) to work on /home/airflow/.local/lib/python3.12/site-packages/airflow/example_dags/example_sensors.py
[2024-11-09T10:16:39.335+0000] {processor.py:914} INFO - Processing file /home/airflow/.local/lib/python3.12/site-packages/airflow/example_dags/example_sensors.py for tasks to queue
[2024-11-09T10:16:39.339+0000] {logging_mixin.py:190} INFO - [2024-11-09T10:16:39.339+0000] {dagbag.py:588} INFO - Filling up the DagBag from /home/airflow/.local/lib/python3.12/site-packages/airflow/example_dags/example_sensors.py
[2024-11-09T10:16:39.382+0000] {processor.py:925} INFO - DAG(s) 'example_sensors' retrieved from /home/airflow/.local/lib/python3.12/site-packages/airflow/example_dags/example_sensors.py
[2024-11-09T10:16:39.463+0000] {logging_mixin.py:190} INFO - [2024-11-09T10:16:39.462+0000] {dag.py:3239} INFO - Sync 1 DAGs
[2024-11-09T10:16:39.501+0000] {logging_mixin.py:190} INFO - [2024-11-09T10:16:39.501+0000] {dag.py:4180} INFO - Setting next_dagrun for example_sensors to None, run_after=None
[2024-11-09T10:16:39.539+0000] {processor.py:208} INFO - Processing /home/airflow/.local/lib/python3.12/site-packages/airflow/example_dags/example_sensors.py took 0.224 seconds
[2024-11-09T10:22:43.849+0000] {processor.py:186} INFO - Started process (PID=77) to work on /home/airflow/.local/lib/python3.12/site-packages/airflow/example_dags/example_sensors.py
[2024-11-09T10:22:43.851+0000] {processor.py:914} INFO - Processing file /home/airflow/.local/lib/python3.12/site-packages/airflow/example_dags/example_sensors.py for tasks to queue
[2024-11-09T10:22:43.854+0000] {logging_mixin.py:190} INFO - [2024-11-09T10:22:43.854+0000] {dagbag.py:588} INFO - Filling up the DagBag from /home/airflow/.local/lib/python3.12/site-packages/airflow/example_dags/example_sensors.py
[2024-11-09T10:22:43.874+0000] {processor.py:925} INFO - DAG(s) 'example_sensors' retrieved from /home/airflow/.local/lib/python3.12/site-packages/airflow/example_dags/example_sensors.py
[2024-11-09T10:22:43.920+0000] {logging_mixin.py:190} INFO - [2024-11-09T10:22:43.919+0000] {dag.py:3239} INFO - Sync 1 DAGs
[2024-11-09T10:22:43.957+0000] {logging_mixin.py:190} INFO - [2024-11-09T10:22:43.957+0000] {dag.py:4180} INFO - Setting next_dagrun for example_sensors to None, run_after=None
[2024-11-09T10:22:44.008+0000] {processor.py:208} INFO - Processing /home/airflow/.local/lib/python3.12/site-packages/airflow/example_dags/example_sensors.py took 0.171 seconds
[2024-11-09T10:23:14.791+0000] {processor.py:186} INFO - Started process (PID=140) to work on /home/airflow/.local/lib/python3.12/site-packages/airflow/example_dags/example_sensors.py
[2024-11-09T10:23:14.797+0000] {processor.py:914} INFO - Processing file /home/airflow/.local/lib/python3.12/site-packages/airflow/example_dags/example_sensors.py for tasks to queue
[2024-11-09T10:23:14.801+0000] {logging_mixin.py:190} INFO - [2024-11-09T10:23:14.800+0000] {dagbag.py:588} INFO - Filling up the DagBag from /home/airflow/.local/lib/python3.12/site-packages/airflow/example_dags/example_sensors.py
[2024-11-09T10:23:14.818+0000] {processor.py:925} INFO - DAG(s) 'example_sensors' retrieved from /home/airflow/.local/lib/python3.12/site-packages/airflow/example_dags/example_sensors.py
[2024-11-09T10:23:14.848+0000] {logging_mixin.py:190} INFO - [2024-11-09T10:23:14.847+0000] {dag.py:3239} INFO - Sync 1 DAGs
[2024-11-09T10:23:14.863+0000] {logging_mixin.py:190} INFO - [2024-11-09T10:23:14.863+0000] {dag.py:4180} INFO - Setting next_dagrun for example_sensors to None, run_after=None
[2024-11-09T10:23:14.901+0000] {processor.py:208} INFO - Processing /home/airflow/.local/lib/python3.12/site-packages/airflow/example_dags/example_sensors.py took 0.119 seconds
[2024-11-09T10:23:45.442+0000] {processor.py:186} INFO - Started process (PID=204) to work on /home/airflow/.local/lib/python3.12/site-packages/airflow/example_dags/example_sensors.py
[2024-11-09T10:23:45.444+0000] {processor.py:914} INFO - Processing file /home/airflow/.local/lib/python3.12/site-packages/airflow/example_dags/example_sensors.py for tasks to queue
[2024-11-09T10:23:45.705+0000] {logging_mixin.py:190} INFO - [2024-11-09T10:23:45.704+0000] {dagbag.py:588} INFO - Filling up the DagBag from /home/airflow/.local/lib/python3.12/site-packages/airflow/example_dags/example_sensors.py
[2024-11-09T10:23:45.738+0000] {processor.py:925} INFO - DAG(s) 'example_sensors' retrieved from /home/airflow/.local/lib/python3.12/site-packages/airflow/example_dags/example_sensors.py
[2024-11-09T10:23:45.775+0000] {logging_mixin.py:190} INFO - [2024-11-09T10:23:45.775+0000] {dag.py:3239} INFO - Sync 1 DAGs
[2024-11-09T10:23:45.794+0000] {logging_mixin.py:190} INFO - [2024-11-09T10:23:45.794+0000] {dag.py:4180} INFO - Setting next_dagrun for example_sensors to None, run_after=None
[2024-11-09T10:23:45.846+0000] {processor.py:208} INFO - Processing /home/airflow/.local/lib/python3.12/site-packages/airflow/example_dags/example_sensors.py took 0.412 seconds
[2024-11-09T10:24:16.361+0000] {processor.py:186} INFO - Started process (PID=268) to work on /home/airflow/.local/lib/python3.12/site-packages/airflow/example_dags/example_sensors.py
[2024-11-09T10:24:16.363+0000] {processor.py:914} INFO - Processing file /home/airflow/.local/lib/python3.12/site-packages/airflow/example_dags/example_sensors.py for tasks to queue
[2024-11-09T10:24:16.366+0000] {logging_mixin.py:190} INFO - [2024-11-09T10:24:16.366+0000] {dagbag.py:588} INFO - Filling up the DagBag from /home/airflow/.local/lib/python3.12/site-packages/airflow/example_dags/example_sensors.py
[2024-11-09T10:24:16.389+0000] {processor.py:925} INFO - DAG(s) 'example_sensors' retrieved from /home/airflow/.local/lib/python3.12/site-packages/airflow/example_dags/example_sensors.py
[2024-11-09T10:24:16.422+0000] {logging_mixin.py:190} INFO - [2024-11-09T10:24:16.422+0000] {dag.py:3239} INFO - Sync 1 DAGs
[2024-11-09T10:24:16.441+0000] {logging_mixin.py:190} INFO - [2024-11-09T10:24:16.440+0000] {dag.py:4180} INFO - Setting next_dagrun for example_sensors to None, run_after=None
[2024-11-09T10:24:16.494+0000] {processor.py:208} INFO - Processing /home/airflow/.local/lib/python3.12/site-packages/airflow/example_dags/example_sensors.py took 0.140 seconds
[2024-11-09T10:24:47.003+0000] {processor.py:186} INFO - Started process (PID=332) to work on /home/airflow/.local/lib/python3.12/site-packages/airflow/example_dags/example_sensors.py
[2024-11-09T10:24:47.227+0000] {processor.py:914} INFO - Processing file /home/airflow/.local/lib/python3.12/site-packages/airflow/example_dags/example_sensors.py for tasks to queue
[2024-11-09T10:24:47.237+0000] {logging_mixin.py:190} INFO - [2024-11-09T10:24:47.235+0000] {dagbag.py:588} INFO - Filling up the DagBag from /home/airflow/.local/lib/python3.12/site-packages/airflow/example_dags/example_sensors.py
[2024-11-09T10:24:47.269+0000] {processor.py:925} INFO - DAG(s) 'example_sensors' retrieved from /home/airflow/.local/lib/python3.12/site-packages/airflow/example_dags/example_sensors.py
[2024-11-09T10:24:47.306+0000] {logging_mixin.py:190} INFO - [2024-11-09T10:24:47.306+0000] {dag.py:3239} INFO - Sync 1 DAGs
[2024-11-09T10:24:47.323+0000] {logging_mixin.py:190} INFO - [2024-11-09T10:24:47.323+0000] {dag.py:4180} INFO - Setting next_dagrun for example_sensors to None, run_after=None
[2024-11-09T10:24:47.409+0000] {processor.py:208} INFO - Processing /home/airflow/.local/lib/python3.12/site-packages/airflow/example_dags/example_sensors.py took 0.414 seconds
[2024-11-09T10:25:17.547+0000] {processor.py:186} INFO - Started process (PID=396) to work on /home/airflow/.local/lib/python3.12/site-packages/airflow/example_dags/example_sensors.py
[2024-11-09T10:25:17.557+0000] {processor.py:914} INFO - Processing file /home/airflow/.local/lib/python3.12/site-packages/airflow/example_dags/example_sensors.py for tasks to queue
[2024-11-09T10:25:17.560+0000] {logging_mixin.py:190} INFO - [2024-11-09T10:25:17.560+0000] {dagbag.py:588} INFO - Filling up the DagBag from /home/airflow/.local/lib/python3.12/site-packages/airflow/example_dags/example_sensors.py
[2024-11-09T10:25:17.577+0000] {processor.py:925} INFO - DAG(s) 'example_sensors' retrieved from /home/airflow/.local/lib/python3.12/site-packages/airflow/example_dags/example_sensors.py
[2024-11-09T10:25:17.624+0000] {logging_mixin.py:190} INFO - [2024-11-09T10:25:17.624+0000] {dag.py:3239} INFO - Sync 1 DAGs
[2024-11-09T10:25:17.649+0000] {logging_mixin.py:190} INFO - [2024-11-09T10:25:17.648+0000] {dag.py:4180} INFO - Setting next_dagrun for example_sensors to None, run_after=None
[2024-11-09T10:25:17.687+0000] {processor.py:208} INFO - Processing /home/airflow/.local/lib/python3.12/site-packages/airflow/example_dags/example_sensors.py took 0.147 seconds
[2024-11-09T10:25:47.820+0000] {processor.py:186} INFO - Started process (PID=460) to work on /home/airflow/.local/lib/python3.12/site-packages/airflow/example_dags/example_sensors.py
[2024-11-09T10:25:47.821+0000] {processor.py:914} INFO - Processing file /home/airflow/.local/lib/python3.12/site-packages/airflow/example_dags/example_sensors.py for tasks to queue
[2024-11-09T10:25:47.824+0000] {logging_mixin.py:190} INFO - [2024-11-09T10:25:47.824+0000] {dagbag.py:588} INFO - Filling up the DagBag from /home/airflow/.local/lib/python3.12/site-packages/airflow/example_dags/example_sensors.py
[2024-11-09T10:25:47.838+0000] {processor.py:925} INFO - DAG(s) 'example_sensors' retrieved from /home/airflow/.local/lib/python3.12/site-packages/airflow/example_dags/example_sensors.py
[2024-11-09T10:25:47.869+0000] {logging_mixin.py:190} INFO - [2024-11-09T10:25:47.869+0000] {dag.py:3239} INFO - Sync 1 DAGs
[2024-11-09T10:25:47.886+0000] {logging_mixin.py:190} INFO - [2024-11-09T10:25:47.885+0000] {dag.py:4180} INFO - Setting next_dagrun for example_sensors to None, run_after=None
[2024-11-09T10:25:47.977+0000] {processor.py:208} INFO - Processing /home/airflow/.local/lib/python3.12/site-packages/airflow/example_dags/example_sensors.py took 0.165 seconds
[2024-11-09T10:26:18.288+0000] {processor.py:186} INFO - Started process (PID=524) to work on /home/airflow/.local/lib/python3.12/site-packages/airflow/example_dags/example_sensors.py
[2024-11-09T10:26:18.289+0000] {processor.py:914} INFO - Processing file /home/airflow/.local/lib/python3.12/site-packages/airflow/example_dags/example_sensors.py for tasks to queue
[2024-11-09T10:26:18.292+0000] {logging_mixin.py:190} INFO - [2024-11-09T10:26:18.291+0000] {dagbag.py:588} INFO - Filling up the DagBag from /home/airflow/.local/lib/python3.12/site-packages/airflow/example_dags/example_sensors.py
[2024-11-09T10:26:18.307+0000] {processor.py:925} INFO - DAG(s) 'example_sensors' retrieved from /home/airflow/.local/lib/python3.12/site-packages/airflow/example_dags/example_sensors.py
[2024-11-09T10:26:18.348+0000] {logging_mixin.py:190} INFO - [2024-11-09T10:26:18.348+0000] {dag.py:3239} INFO - Sync 1 DAGs
[2024-11-09T10:26:18.372+0000] {logging_mixin.py:190} INFO - [2024-11-09T10:26:18.371+0000] {dag.py:4180} INFO - Setting next_dagrun for example_sensors to None, run_after=None
[2024-11-09T10:26:18.419+0000] {processor.py:208} INFO - Processing /home/airflow/.local/lib/python3.12/site-packages/airflow/example_dags/example_sensors.py took 0.140 seconds
[2024-11-09T10:26:48.960+0000] {processor.py:186} INFO - Started process (PID=588) to work on /home/airflow/.local/lib/python3.12/site-packages/airflow/example_dags/example_sensors.py
[2024-11-09T10:26:48.962+0000] {processor.py:914} INFO - Processing file /home/airflow/.local/lib/python3.12/site-packages/airflow/example_dags/example_sensors.py for tasks to queue
[2024-11-09T10:26:48.969+0000] {logging_mixin.py:190} INFO - [2024-11-09T10:26:48.969+0000] {dagbag.py:588} INFO - Filling up the DagBag from /home/airflow/.local/lib/python3.12/site-packages/airflow/example_dags/example_sensors.py
[2024-11-09T10:26:48.985+0000] {processor.py:925} INFO - DAG(s) 'example_sensors' retrieved from /home/airflow/.local/lib/python3.12/site-packages/airflow/example_dags/example_sensors.py
[2024-11-09T10:26:49.016+0000] {logging_mixin.py:190} INFO - [2024-11-09T10:26:49.016+0000] {dag.py:3239} INFO - Sync 1 DAGs
[2024-11-09T10:26:49.033+0000] {logging_mixin.py:190} INFO - [2024-11-09T10:26:49.032+0000] {dag.py:4180} INFO - Setting next_dagrun for example_sensors to None, run_after=None
[2024-11-09T10:26:49.090+0000] {processor.py:208} INFO - Processing /home/airflow/.local/lib/python3.12/site-packages/airflow/example_dags/example_sensors.py took 0.138 seconds
[2024-11-09T10:27:19.520+0000] {processor.py:186} INFO - Started process (PID=652) to work on /home/airflow/.local/lib/python3.12/site-packages/airflow/example_dags/example_sensors.py
[2024-11-09T10:27:19.521+0000] {processor.py:914} INFO - Processing file /home/airflow/.local/lib/python3.12/site-packages/airflow/example_dags/example_sensors.py for tasks to queue
[2024-11-09T10:27:19.525+0000] {logging_mixin.py:190} INFO - [2024-11-09T10:27:19.524+0000] {dagbag.py:588} INFO - Filling up the DagBag from /home/airflow/.local/lib/python3.12/site-packages/airflow/example_dags/example_sensors.py
[2024-11-09T10:27:19.543+0000] {processor.py:925} INFO - DAG(s) 'example_sensors' retrieved from /home/airflow/.local/lib/python3.12/site-packages/airflow/example_dags/example_sensors.py
[2024-11-09T10:27:19.580+0000] {logging_mixin.py:190} INFO - [2024-11-09T10:27:19.580+0000] {dag.py:3239} INFO - Sync 1 DAGs
[2024-11-09T10:27:19.600+0000] {logging_mixin.py:190} INFO - [2024-11-09T10:27:19.600+0000] {dag.py:4180} INFO - Setting next_dagrun for example_sensors to None, run_after=None
[2024-11-09T10:27:19.650+0000] {processor.py:208} INFO - Processing /home/airflow/.local/lib/python3.12/site-packages/airflow/example_dags/example_sensors.py took 0.140 seconds
[2024-11-09T10:27:50.229+0000] {processor.py:186} INFO - Started process (PID=717) to work on /home/airflow/.local/lib/python3.12/site-packages/airflow/example_dags/example_sensors.py
[2024-11-09T10:27:50.231+0000] {processor.py:914} INFO - Processing file /home/airflow/.local/lib/python3.12/site-packages/airflow/example_dags/example_sensors.py for tasks to queue
[2024-11-09T10:27:50.234+0000] {logging_mixin.py:190} INFO - [2024-11-09T10:27:50.233+0000] {dagbag.py:588} INFO - Filling up the DagBag from /home/airflow/.local/lib/python3.12/site-packages/airflow/example_dags/example_sensors.py
[2024-11-09T10:27:50.248+0000] {processor.py:925} INFO - DAG(s) 'example_sensors' retrieved from /home/airflow/.local/lib/python3.12/site-packages/airflow/example_dags/example_sensors.py
[2024-11-09T10:27:50.283+0000] {logging_mixin.py:190} INFO - [2024-11-09T10:27:50.283+0000] {dag.py:3239} INFO - Sync 1 DAGs
[2024-11-09T10:27:50.302+0000] {logging_mixin.py:190} INFO - [2024-11-09T10:27:50.302+0000] {dag.py:4180} INFO - Setting next_dagrun for example_sensors to None, run_after=None
[2024-11-09T10:27:50.340+0000] {processor.py:208} INFO - Processing /home/airflow/.local/lib/python3.12/site-packages/airflow/example_dags/example_sensors.py took 0.117 seconds
[2024-11-09T10:28:20.962+0000] {processor.py:186} INFO - Started process (PID=781) to work on /home/airflow/.local/lib/python3.12/site-packages/airflow/example_dags/example_sensors.py
[2024-11-09T10:28:20.964+0000] {processor.py:914} INFO - Processing file /home/airflow/.local/lib/python3.12/site-packages/airflow/example_dags/example_sensors.py for tasks to queue
[2024-11-09T10:28:20.968+0000] {logging_mixin.py:190} INFO - [2024-11-09T10:28:20.967+0000] {dagbag.py:588} INFO - Filling up the DagBag from /home/airflow/.local/lib/python3.12/site-packages/airflow/example_dags/example_sensors.py
[2024-11-09T10:28:20.985+0000] {processor.py:925} INFO - DAG(s) 'example_sensors' retrieved from /home/airflow/.local/lib/python3.12/site-packages/airflow/example_dags/example_sensors.py
[2024-11-09T10:28:21.018+0000] {logging_mixin.py:190} INFO - [2024-11-09T10:28:21.016+0000] {dag.py:3239} INFO - Sync 1 DAGs
[2024-11-09T10:28:21.035+0000] {logging_mixin.py:190} INFO - [2024-11-09T10:28:21.034+0000] {dag.py:4180} INFO - Setting next_dagrun for example_sensors to None, run_after=None
[2024-11-09T10:28:21.152+0000] {processor.py:208} INFO - Processing /home/airflow/.local/lib/python3.12/site-packages/airflow/example_dags/example_sensors.py took 0.200 seconds
[2024-11-09T10:28:51.393+0000] {processor.py:186} INFO - Started process (PID=846) to work on /home/airflow/.local/lib/python3.12/site-packages/airflow/example_dags/example_sensors.py
[2024-11-09T10:28:51.401+0000] {processor.py:914} INFO - Processing file /home/airflow/.local/lib/python3.12/site-packages/airflow/example_dags/example_sensors.py for tasks to queue
[2024-11-09T10:28:51.421+0000] {logging_mixin.py:190} INFO - [2024-11-09T10:28:51.421+0000] {dagbag.py:588} INFO - Filling up the DagBag from /home/airflow/.local/lib/python3.12/site-packages/airflow/example_dags/example_sensors.py
[2024-11-09T10:28:51.444+0000] {processor.py:925} INFO - DAG(s) 'example_sensors' retrieved from /home/airflow/.local/lib/python3.12/site-packages/airflow/example_dags/example_sensors.py
[2024-11-09T10:28:51.481+0000] {logging_mixin.py:190} INFO - [2024-11-09T10:28:51.480+0000] {dag.py:3239} INFO - Sync 1 DAGs
[2024-11-09T10:28:51.516+0000] {logging_mixin.py:190} INFO - [2024-11-09T10:28:51.515+0000] {dag.py:4180} INFO - Setting next_dagrun for example_sensors to None, run_after=None
[2024-11-09T10:28:51.571+0000] {processor.py:208} INFO - Processing /home/airflow/.local/lib/python3.12/site-packages/airflow/example_dags/example_sensors.py took 0.189 seconds
[2024-11-09T10:29:22.082+0000] {processor.py:186} INFO - Started process (PID=910) to work on /home/airflow/.local/lib/python3.12/site-packages/airflow/example_dags/example_sensors.py
[2024-11-09T10:29:22.083+0000] {processor.py:914} INFO - Processing file /home/airflow/.local/lib/python3.12/site-packages/airflow/example_dags/example_sensors.py for tasks to queue
[2024-11-09T10:29:22.085+0000] {logging_mixin.py:190} INFO - [2024-11-09T10:29:22.085+0000] {dagbag.py:588} INFO - Filling up the DagBag from /home/airflow/.local/lib/python3.12/site-packages/airflow/example_dags/example_sensors.py
[2024-11-09T10:29:22.097+0000] {processor.py:925} INFO - DAG(s) 'example_sensors' retrieved from /home/airflow/.local/lib/python3.12/site-packages/airflow/example_dags/example_sensors.py
[2024-11-09T10:29:22.127+0000] {logging_mixin.py:190} INFO - [2024-11-09T10:29:22.127+0000] {dag.py:3239} INFO - Sync 1 DAGs
[2024-11-09T10:29:22.144+0000] {logging_mixin.py:190} INFO - [2024-11-09T10:29:22.143+0000] {dag.py:4180} INFO - Setting next_dagrun for example_sensors to None, run_after=None
[2024-11-09T10:29:22.367+0000] {processor.py:208} INFO - Processing /home/airflow/.local/lib/python3.12/site-packages/airflow/example_dags/example_sensors.py took 0.292 seconds
[2024-11-09T10:29:52.563+0000] {processor.py:186} INFO - Started process (PID=975) to work on /home/airflow/.local/lib/python3.12/site-packages/airflow/example_dags/example_sensors.py
[2024-11-09T10:29:52.564+0000] {processor.py:914} INFO - Processing file /home/airflow/.local/lib/python3.12/site-packages/airflow/example_dags/example_sensors.py for tasks to queue
[2024-11-09T10:29:52.567+0000] {logging_mixin.py:190} INFO - [2024-11-09T10:29:52.567+0000] {dagbag.py:588} INFO - Filling up the DagBag from /home/airflow/.local/lib/python3.12/site-packages/airflow/example_dags/example_sensors.py
[2024-11-09T10:29:52.582+0000] {processor.py:925} INFO - DAG(s) 'example_sensors' retrieved from /home/airflow/.local/lib/python3.12/site-packages/airflow/example_dags/example_sensors.py
[2024-11-09T10:29:52.611+0000] {logging_mixin.py:190} INFO - [2024-11-09T10:29:52.611+0000] {dag.py:3239} INFO - Sync 1 DAGs
[2024-11-09T10:29:52.626+0000] {logging_mixin.py:190} INFO - [2024-11-09T10:29:52.626+0000] {dag.py:4180} INFO - Setting next_dagrun for example_sensors to None, run_after=None
[2024-11-09T10:29:52.659+0000] {processor.py:208} INFO - Processing /home/airflow/.local/lib/python3.12/site-packages/airflow/example_dags/example_sensors.py took 0.103 seconds
[2024-11-09T10:30:23.192+0000] {processor.py:186} INFO - Started process (PID=1038) to work on /home/airflow/.local/lib/python3.12/site-packages/airflow/example_dags/example_sensors.py
[2024-11-09T10:30:23.194+0000] {processor.py:914} INFO - Processing file /home/airflow/.local/lib/python3.12/site-packages/airflow/example_dags/example_sensors.py for tasks to queue
[2024-11-09T10:30:23.197+0000] {logging_mixin.py:190} INFO - [2024-11-09T10:30:23.197+0000] {dagbag.py:588} INFO - Filling up the DagBag from /home/airflow/.local/lib/python3.12/site-packages/airflow/example_dags/example_sensors.py
[2024-11-09T10:30:23.212+0000] {processor.py:925} INFO - DAG(s) 'example_sensors' retrieved from /home/airflow/.local/lib/python3.12/site-packages/airflow/example_dags/example_sensors.py
[2024-11-09T10:30:23.246+0000] {logging_mixin.py:190} INFO - [2024-11-09T10:30:23.245+0000] {dag.py:3239} INFO - Sync 1 DAGs
[2024-11-09T10:30:23.264+0000] {logging_mixin.py:190} INFO - [2024-11-09T10:30:23.263+0000] {dag.py:4180} INFO - Setting next_dagrun for example_sensors to None, run_after=None
[2024-11-09T10:30:23.301+0000] {processor.py:208} INFO - Processing /home/airflow/.local/lib/python3.12/site-packages/airflow/example_dags/example_sensors.py took 0.116 seconds
[2024-11-09T10:30:53.516+0000] {processor.py:186} INFO - Started process (PID=1102) to work on /home/airflow/.local/lib/python3.12/site-packages/airflow/example_dags/example_sensors.py
[2024-11-09T10:30:53.518+0000] {processor.py:914} INFO - Processing file /home/airflow/.local/lib/python3.12/site-packages/airflow/example_dags/example_sensors.py for tasks to queue
[2024-11-09T10:30:53.522+0000] {logging_mixin.py:190} INFO - [2024-11-09T10:30:53.521+0000] {dagbag.py:588} INFO - Filling up the DagBag from /home/airflow/.local/lib/python3.12/site-packages/airflow/example_dags/example_sensors.py
[2024-11-09T10:30:53.542+0000] {processor.py:925} INFO - DAG(s) 'example_sensors' retrieved from /home/airflow/.local/lib/python3.12/site-packages/airflow/example_dags/example_sensors.py
[2024-11-09T10:30:53.571+0000] {logging_mixin.py:190} INFO - [2024-11-09T10:30:53.571+0000] {dag.py:3239} INFO - Sync 1 DAGs
[2024-11-09T10:30:53.587+0000] {logging_mixin.py:190} INFO - [2024-11-09T10:30:53.587+0000] {dag.py:4180} INFO - Setting next_dagrun for example_sensors to None, run_after=None
[2024-11-09T10:30:53.637+0000] {processor.py:208} INFO - Processing /home/airflow/.local/lib/python3.12/site-packages/airflow/example_dags/example_sensors.py took 0.131 seconds
[2024-11-09T10:31:24.425+0000] {processor.py:186} INFO - Started process (PID=1166) to work on /home/airflow/.local/lib/python3.12/site-packages/airflow/example_dags/example_sensors.py
[2024-11-09T10:31:24.427+0000] {processor.py:914} INFO - Processing file /home/airflow/.local/lib/python3.12/site-packages/airflow/example_dags/example_sensors.py for tasks to queue
[2024-11-09T10:31:24.429+0000] {logging_mixin.py:190} INFO - [2024-11-09T10:31:24.429+0000] {dagbag.py:588} INFO - Filling up the DagBag from /home/airflow/.local/lib/python3.12/site-packages/airflow/example_dags/example_sensors.py
[2024-11-09T10:31:24.511+0000] {processor.py:925} INFO - DAG(s) 'example_sensors' retrieved from /home/airflow/.local/lib/python3.12/site-packages/airflow/example_dags/example_sensors.py
[2024-11-09T10:31:24.549+0000] {logging_mixin.py:190} INFO - [2024-11-09T10:31:24.549+0000] {dag.py:3239} INFO - Sync 1 DAGs
[2024-11-09T10:31:24.567+0000] {logging_mixin.py:190} INFO - [2024-11-09T10:31:24.567+0000] {dag.py:4180} INFO - Setting next_dagrun for example_sensors to None, run_after=None
[2024-11-09T10:31:24.591+0000] {processor.py:208} INFO - Processing /home/airflow/.local/lib/python3.12/site-packages/airflow/example_dags/example_sensors.py took 0.172 seconds
[2024-11-09T10:31:54.692+0000] {processor.py:186} INFO - Started process (PID=1232) to work on /home/airflow/.local/lib/python3.12/site-packages/airflow/example_dags/example_sensors.py
[2024-11-09T10:31:54.693+0000] {processor.py:914} INFO - Processing file /home/airflow/.local/lib/python3.12/site-packages/airflow/example_dags/example_sensors.py for tasks to queue
[2024-11-09T10:31:54.696+0000] {logging_mixin.py:190} INFO - [2024-11-09T10:31:54.695+0000] {dagbag.py:588} INFO - Filling up the DagBag from /home/airflow/.local/lib/python3.12/site-packages/airflow/example_dags/example_sensors.py
[2024-11-09T10:31:54.709+0000] {processor.py:925} INFO - DAG(s) 'example_sensors' retrieved from /home/airflow/.local/lib/python3.12/site-packages/airflow/example_dags/example_sensors.py
[2024-11-09T10:31:54.956+0000] {logging_mixin.py:190} INFO - [2024-11-09T10:31:54.956+0000] {dag.py:3239} INFO - Sync 1 DAGs
[2024-11-09T10:31:54.974+0000] {logging_mixin.py:190} INFO - [2024-11-09T10:31:54.974+0000] {dag.py:4180} INFO - Setting next_dagrun for example_sensors to None, run_after=None
[2024-11-09T10:31:55.003+0000] {processor.py:208} INFO - Processing /home/airflow/.local/lib/python3.12/site-packages/airflow/example_dags/example_sensors.py took 0.320 seconds
[2024-11-09T10:32:25.348+0000] {processor.py:186} INFO - Started process (PID=1296) to work on /home/airflow/.local/lib/python3.12/site-packages/airflow/example_dags/example_sensors.py
[2024-11-09T10:32:25.351+0000] {processor.py:914} INFO - Processing file /home/airflow/.local/lib/python3.12/site-packages/airflow/example_dags/example_sensors.py for tasks to queue
[2024-11-09T10:32:25.355+0000] {logging_mixin.py:190} INFO - [2024-11-09T10:32:25.354+0000] {dagbag.py:588} INFO - Filling up the DagBag from /home/airflow/.local/lib/python3.12/site-packages/airflow/example_dags/example_sensors.py
[2024-11-09T10:32:25.372+0000] {processor.py:925} INFO - DAG(s) 'example_sensors' retrieved from /home/airflow/.local/lib/python3.12/site-packages/airflow/example_dags/example_sensors.py
[2024-11-09T10:32:25.424+0000] {logging_mixin.py:190} INFO - [2024-11-09T10:32:25.423+0000] {dag.py:3239} INFO - Sync 1 DAGs
[2024-11-09T10:32:25.447+0000] {logging_mixin.py:190} INFO - [2024-11-09T10:32:25.447+0000] {dag.py:4180} INFO - Setting next_dagrun for example_sensors to None, run_after=None
[2024-11-09T10:32:25.478+0000] {processor.py:208} INFO - Processing /home/airflow/.local/lib/python3.12/site-packages/airflow/example_dags/example_sensors.py took 0.138 seconds
[2024-11-09T10:32:57.113+0000] {processor.py:186} INFO - Started process (PID=1363) to work on /home/airflow/.local/lib/python3.12/site-packages/airflow/example_dags/example_sensors.py
[2024-11-09T10:32:57.115+0000] {processor.py:914} INFO - Processing file /home/airflow/.local/lib/python3.12/site-packages/airflow/example_dags/example_sensors.py for tasks to queue
[2024-11-09T10:32:57.119+0000] {logging_mixin.py:190} INFO - [2024-11-09T10:32:57.118+0000] {dagbag.py:588} INFO - Filling up the DagBag from /home/airflow/.local/lib/python3.12/site-packages/airflow/example_dags/example_sensors.py
[2024-11-09T10:32:57.157+0000] {processor.py:925} INFO - DAG(s) 'example_sensors' retrieved from /home/airflow/.local/lib/python3.12/site-packages/airflow/example_dags/example_sensors.py
[2024-11-09T10:32:57.200+0000] {logging_mixin.py:190} INFO - [2024-11-09T10:32:57.200+0000] {dag.py:3239} INFO - Sync 1 DAGs
[2024-11-09T10:32:57.224+0000] {logging_mixin.py:190} INFO - [2024-11-09T10:32:57.224+0000] {dag.py:4180} INFO - Setting next_dagrun for example_sensors to None, run_after=None
[2024-11-09T10:32:57.292+0000] {processor.py:208} INFO - Processing /home/airflow/.local/lib/python3.12/site-packages/airflow/example_dags/example_sensors.py took 0.193 seconds
[2024-11-09T10:53:06.233+0000] {processor.py:186} INFO - Started process (PID=73) to work on /home/airflow/.local/lib/python3.12/site-packages/airflow/example_dags/example_sensors.py
[2024-11-09T10:53:06.235+0000] {processor.py:914} INFO - Processing file /home/airflow/.local/lib/python3.12/site-packages/airflow/example_dags/example_sensors.py for tasks to queue
[2024-11-09T10:53:06.238+0000] {logging_mixin.py:190} INFO - [2024-11-09T10:53:06.238+0000] {dagbag.py:588} INFO - Filling up the DagBag from /home/airflow/.local/lib/python3.12/site-packages/airflow/example_dags/example_sensors.py
[2024-11-09T10:53:06.253+0000] {processor.py:925} INFO - DAG(s) 'example_sensors' retrieved from /home/airflow/.local/lib/python3.12/site-packages/airflow/example_dags/example_sensors.py
[2024-11-09T10:53:06.295+0000] {logging_mixin.py:190} INFO - [2024-11-09T10:53:06.295+0000] {dag.py:3239} INFO - Sync 1 DAGs
[2024-11-09T10:53:06.324+0000] {logging_mixin.py:190} INFO - [2024-11-09T10:53:06.320+0000] {dag.py:4180} INFO - Setting next_dagrun for example_sensors to None, run_after=None
[2024-11-09T10:53:06.406+0000] {processor.py:208} INFO - Processing /home/airflow/.local/lib/python3.12/site-packages/airflow/example_dags/example_sensors.py took 0.186 seconds
[2024-11-09T10:53:36.708+0000] {processor.py:186} INFO - Started process (PID=136) to work on /home/airflow/.local/lib/python3.12/site-packages/airflow/example_dags/example_sensors.py
[2024-11-09T10:53:36.709+0000] {processor.py:914} INFO - Processing file /home/airflow/.local/lib/python3.12/site-packages/airflow/example_dags/example_sensors.py for tasks to queue
[2024-11-09T10:53:36.713+0000] {logging_mixin.py:190} INFO - [2024-11-09T10:53:36.712+0000] {dagbag.py:588} INFO - Filling up the DagBag from /home/airflow/.local/lib/python3.12/site-packages/airflow/example_dags/example_sensors.py
[2024-11-09T10:53:36.728+0000] {processor.py:925} INFO - DAG(s) 'example_sensors' retrieved from /home/airflow/.local/lib/python3.12/site-packages/airflow/example_dags/example_sensors.py
[2024-11-09T10:53:36.763+0000] {logging_mixin.py:190} INFO - [2024-11-09T10:53:36.763+0000] {dag.py:3239} INFO - Sync 1 DAGs
[2024-11-09T10:53:36.792+0000] {logging_mixin.py:190} INFO - [2024-11-09T10:53:36.791+0000] {dag.py:4180} INFO - Setting next_dagrun for example_sensors to None, run_after=None
[2024-11-09T10:53:36.845+0000] {processor.py:208} INFO - Processing /home/airflow/.local/lib/python3.12/site-packages/airflow/example_dags/example_sensors.py took 0.145 seconds
