[2024-11-09T08:52:52.092+0000] {processor.py:186} INFO - Started process (PID=111) to work on /home/airflow/.local/lib/python3.12/site-packages/airflow/example_dags/example_setup_teardown_taskflow.py
[2024-11-09T08:52:52.094+0000] {processor.py:914} INFO - Processing file /home/airflow/.local/lib/python3.12/site-packages/airflow/example_dags/example_setup_teardown_taskflow.py for tasks to queue
[2024-11-09T08:52:52.099+0000] {logging_mixin.py:190} INFO - [2024-11-09T08:52:52.098+0000] {dagbag.py:588} INFO - Filling up the DagBag from /home/airflow/.local/lib/python3.12/site-packages/airflow/example_dags/example_setup_teardown_taskflow.py
[2024-11-09T08:52:52.125+0000] {processor.py:925} INFO - DAG(s) 'example_setup_teardown_taskflow' retrieved from /home/airflow/.local/lib/python3.12/site-packages/airflow/example_dags/example_setup_teardown_taskflow.py
[2024-11-09T08:52:52.165+0000] {logging_mixin.py:190} INFO - [2024-11-09T08:52:52.165+0000] {dag.py:3239} INFO - Sync 1 DAGs
[2024-11-09T08:52:52.213+0000] {logging_mixin.py:190} INFO - [2024-11-09T08:52:52.212+0000] {dag.py:4180} INFO - Setting next_dagrun for example_setup_teardown_taskflow to None, run_after=None
[2024-11-09T08:52:52.282+0000] {processor.py:208} INFO - Processing /home/airflow/.local/lib/python3.12/site-packages/airflow/example_dags/example_setup_teardown_taskflow.py took 0.201 seconds
[2024-11-09T08:53:29.288+0000] {processor.py:186} INFO - Started process (PID=175) to work on /home/airflow/.local/lib/python3.12/site-packages/airflow/example_dags/example_setup_teardown_taskflow.py
[2024-11-09T08:53:29.292+0000] {processor.py:914} INFO - Processing file /home/airflow/.local/lib/python3.12/site-packages/airflow/example_dags/example_setup_teardown_taskflow.py for tasks to queue
[2024-11-09T08:53:29.295+0000] {logging_mixin.py:190} INFO - [2024-11-09T08:53:29.294+0000] {dagbag.py:588} INFO - Filling up the DagBag from /home/airflow/.local/lib/python3.12/site-packages/airflow/example_dags/example_setup_teardown_taskflow.py
[2024-11-09T08:53:29.311+0000] {processor.py:925} INFO - DAG(s) 'example_setup_teardown_taskflow' retrieved from /home/airflow/.local/lib/python3.12/site-packages/airflow/example_dags/example_setup_teardown_taskflow.py
[2024-11-09T08:53:29.340+0000] {logging_mixin.py:190} INFO - [2024-11-09T08:53:29.339+0000] {dag.py:3239} INFO - Sync 1 DAGs
[2024-11-09T08:53:29.357+0000] {logging_mixin.py:190} INFO - [2024-11-09T08:53:29.357+0000] {dag.py:4180} INFO - Setting next_dagrun for example_setup_teardown_taskflow to None, run_after=None
[2024-11-09T08:53:29.383+0000] {processor.py:208} INFO - Processing /home/airflow/.local/lib/python3.12/site-packages/airflow/example_dags/example_setup_teardown_taskflow.py took 0.104 seconds
[2024-11-09T08:54:00.346+0000] {processor.py:186} INFO - Started process (PID=240) to work on /home/airflow/.local/lib/python3.12/site-packages/airflow/example_dags/example_setup_teardown_taskflow.py
[2024-11-09T08:54:00.347+0000] {processor.py:914} INFO - Processing file /home/airflow/.local/lib/python3.12/site-packages/airflow/example_dags/example_setup_teardown_taskflow.py for tasks to queue
[2024-11-09T08:54:00.350+0000] {logging_mixin.py:190} INFO - [2024-11-09T08:54:00.350+0000] {dagbag.py:588} INFO - Filling up the DagBag from /home/airflow/.local/lib/python3.12/site-packages/airflow/example_dags/example_setup_teardown_taskflow.py
[2024-11-09T08:54:00.362+0000] {processor.py:925} INFO - DAG(s) 'example_setup_teardown_taskflow' retrieved from /home/airflow/.local/lib/python3.12/site-packages/airflow/example_dags/example_setup_teardown_taskflow.py
[2024-11-09T08:54:00.386+0000] {logging_mixin.py:190} INFO - [2024-11-09T08:54:00.386+0000] {dag.py:3239} INFO - Sync 1 DAGs
[2024-11-09T08:54:00.403+0000] {logging_mixin.py:190} INFO - [2024-11-09T08:54:00.402+0000] {dag.py:4180} INFO - Setting next_dagrun for example_setup_teardown_taskflow to None, run_after=None
[2024-11-09T08:54:00.428+0000] {processor.py:208} INFO - Processing /home/airflow/.local/lib/python3.12/site-packages/airflow/example_dags/example_setup_teardown_taskflow.py took 0.089 seconds
[2024-11-09T08:54:32.173+0000] {processor.py:186} INFO - Started process (PID=304) to work on /home/airflow/.local/lib/python3.12/site-packages/airflow/example_dags/example_setup_teardown_taskflow.py
[2024-11-09T08:54:32.174+0000] {processor.py:914} INFO - Processing file /home/airflow/.local/lib/python3.12/site-packages/airflow/example_dags/example_setup_teardown_taskflow.py for tasks to queue
[2024-11-09T08:54:32.177+0000] {logging_mixin.py:190} INFO - [2024-11-09T08:54:32.177+0000] {dagbag.py:588} INFO - Filling up the DagBag from /home/airflow/.local/lib/python3.12/site-packages/airflow/example_dags/example_setup_teardown_taskflow.py
[2024-11-09T08:54:32.196+0000] {processor.py:925} INFO - DAG(s) 'example_setup_teardown_taskflow' retrieved from /home/airflow/.local/lib/python3.12/site-packages/airflow/example_dags/example_setup_teardown_taskflow.py
[2024-11-09T08:54:32.255+0000] {logging_mixin.py:190} INFO - [2024-11-09T08:54:32.255+0000] {dag.py:3239} INFO - Sync 1 DAGs
[2024-11-09T08:54:32.285+0000] {logging_mixin.py:190} INFO - [2024-11-09T08:54:32.284+0000] {dag.py:4180} INFO - Setting next_dagrun for example_setup_teardown_taskflow to None, run_after=None
[2024-11-09T08:54:32.392+0000] {processor.py:208} INFO - Processing /home/airflow/.local/lib/python3.12/site-packages/airflow/example_dags/example_setup_teardown_taskflow.py took 0.231 seconds
[2024-11-09T08:55:04.613+0000] {processor.py:186} INFO - Started process (PID=369) to work on /home/airflow/.local/lib/python3.12/site-packages/airflow/example_dags/example_setup_teardown_taskflow.py
[2024-11-09T08:55:04.616+0000] {processor.py:914} INFO - Processing file /home/airflow/.local/lib/python3.12/site-packages/airflow/example_dags/example_setup_teardown_taskflow.py for tasks to queue
[2024-11-09T08:55:04.621+0000] {logging_mixin.py:190} INFO - [2024-11-09T08:55:04.620+0000] {dagbag.py:588} INFO - Filling up the DagBag from /home/airflow/.local/lib/python3.12/site-packages/airflow/example_dags/example_setup_teardown_taskflow.py
[2024-11-09T08:55:04.643+0000] {processor.py:925} INFO - DAG(s) 'example_setup_teardown_taskflow' retrieved from /home/airflow/.local/lib/python3.12/site-packages/airflow/example_dags/example_setup_teardown_taskflow.py
[2024-11-09T08:55:04.671+0000] {logging_mixin.py:190} INFO - [2024-11-09T08:55:04.670+0000] {dag.py:3239} INFO - Sync 1 DAGs
[2024-11-09T08:55:04.687+0000] {logging_mixin.py:190} INFO - [2024-11-09T08:55:04.687+0000] {dag.py:4180} INFO - Setting next_dagrun for example_setup_teardown_taskflow to None, run_after=None
[2024-11-09T08:55:04.713+0000] {processor.py:208} INFO - Processing /home/airflow/.local/lib/python3.12/site-packages/airflow/example_dags/example_setup_teardown_taskflow.py took 0.111 seconds
[2024-11-09T08:55:36.420+0000] {processor.py:186} INFO - Started process (PID=432) to work on /home/airflow/.local/lib/python3.12/site-packages/airflow/example_dags/example_setup_teardown_taskflow.py
[2024-11-09T08:55:36.421+0000] {processor.py:914} INFO - Processing file /home/airflow/.local/lib/python3.12/site-packages/airflow/example_dags/example_setup_teardown_taskflow.py for tasks to queue
[2024-11-09T08:55:36.425+0000] {logging_mixin.py:190} INFO - [2024-11-09T08:55:36.424+0000] {dagbag.py:588} INFO - Filling up the DagBag from /home/airflow/.local/lib/python3.12/site-packages/airflow/example_dags/example_setup_teardown_taskflow.py
[2024-11-09T08:55:36.443+0000] {processor.py:925} INFO - DAG(s) 'example_setup_teardown_taskflow' retrieved from /home/airflow/.local/lib/python3.12/site-packages/airflow/example_dags/example_setup_teardown_taskflow.py
[2024-11-09T08:55:36.472+0000] {logging_mixin.py:190} INFO - [2024-11-09T08:55:36.472+0000] {dag.py:3239} INFO - Sync 1 DAGs
[2024-11-09T08:55:36.497+0000] {logging_mixin.py:190} INFO - [2024-11-09T08:55:36.497+0000] {dag.py:4180} INFO - Setting next_dagrun for example_setup_teardown_taskflow to None, run_after=None
[2024-11-09T08:55:36.534+0000] {processor.py:208} INFO - Processing /home/airflow/.local/lib/python3.12/site-packages/airflow/example_dags/example_setup_teardown_taskflow.py took 0.124 seconds
[2024-11-09T08:56:07.811+0000] {processor.py:186} INFO - Started process (PID=496) to work on /home/airflow/.local/lib/python3.12/site-packages/airflow/example_dags/example_setup_teardown_taskflow.py
[2024-11-09T08:56:07.812+0000] {processor.py:914} INFO - Processing file /home/airflow/.local/lib/python3.12/site-packages/airflow/example_dags/example_setup_teardown_taskflow.py for tasks to queue
[2024-11-09T08:56:07.815+0000] {logging_mixin.py:190} INFO - [2024-11-09T08:56:07.815+0000] {dagbag.py:588} INFO - Filling up the DagBag from /home/airflow/.local/lib/python3.12/site-packages/airflow/example_dags/example_setup_teardown_taskflow.py
[2024-11-09T08:56:07.827+0000] {processor.py:925} INFO - DAG(s) 'example_setup_teardown_taskflow' retrieved from /home/airflow/.local/lib/python3.12/site-packages/airflow/example_dags/example_setup_teardown_taskflow.py
[2024-11-09T08:56:07.852+0000] {logging_mixin.py:190} INFO - [2024-11-09T08:56:07.852+0000] {dag.py:3239} INFO - Sync 1 DAGs
[2024-11-09T08:56:07.869+0000] {logging_mixin.py:190} INFO - [2024-11-09T08:56:07.869+0000] {dag.py:4180} INFO - Setting next_dagrun for example_setup_teardown_taskflow to None, run_after=None
[2024-11-09T08:56:08.124+0000] {processor.py:208} INFO - Processing /home/airflow/.local/lib/python3.12/site-packages/airflow/example_dags/example_setup_teardown_taskflow.py took 0.320 seconds
[2024-11-09T08:56:39.340+0000] {processor.py:186} INFO - Started process (PID=560) to work on /home/airflow/.local/lib/python3.12/site-packages/airflow/example_dags/example_setup_teardown_taskflow.py
[2024-11-09T08:56:39.342+0000] {processor.py:914} INFO - Processing file /home/airflow/.local/lib/python3.12/site-packages/airflow/example_dags/example_setup_teardown_taskflow.py for tasks to queue
[2024-11-09T08:56:39.347+0000] {logging_mixin.py:190} INFO - [2024-11-09T08:56:39.346+0000] {dagbag.py:588} INFO - Filling up the DagBag from /home/airflow/.local/lib/python3.12/site-packages/airflow/example_dags/example_setup_teardown_taskflow.py
[2024-11-09T08:56:39.363+0000] {processor.py:925} INFO - DAG(s) 'example_setup_teardown_taskflow' retrieved from /home/airflow/.local/lib/python3.12/site-packages/airflow/example_dags/example_setup_teardown_taskflow.py
[2024-11-09T08:56:39.390+0000] {logging_mixin.py:190} INFO - [2024-11-09T08:56:39.389+0000] {dag.py:3239} INFO - Sync 1 DAGs
[2024-11-09T08:56:39.408+0000] {logging_mixin.py:190} INFO - [2024-11-09T08:56:39.408+0000] {dag.py:4180} INFO - Setting next_dagrun for example_setup_teardown_taskflow to None, run_after=None
[2024-11-09T08:56:39.469+0000] {processor.py:208} INFO - Processing /home/airflow/.local/lib/python3.12/site-packages/airflow/example_dags/example_setup_teardown_taskflow.py took 0.137 seconds
[2024-11-09T08:57:11.451+0000] {processor.py:186} INFO - Started process (PID=624) to work on /home/airflow/.local/lib/python3.12/site-packages/airflow/example_dags/example_setup_teardown_taskflow.py
[2024-11-09T08:57:11.452+0000] {processor.py:914} INFO - Processing file /home/airflow/.local/lib/python3.12/site-packages/airflow/example_dags/example_setup_teardown_taskflow.py for tasks to queue
[2024-11-09T08:57:11.455+0000] {logging_mixin.py:190} INFO - [2024-11-09T08:57:11.455+0000] {dagbag.py:588} INFO - Filling up the DagBag from /home/airflow/.local/lib/python3.12/site-packages/airflow/example_dags/example_setup_teardown_taskflow.py
[2024-11-09T08:57:11.470+0000] {processor.py:925} INFO - DAG(s) 'example_setup_teardown_taskflow' retrieved from /home/airflow/.local/lib/python3.12/site-packages/airflow/example_dags/example_setup_teardown_taskflow.py
[2024-11-09T08:57:11.498+0000] {logging_mixin.py:190} INFO - [2024-11-09T08:57:11.498+0000] {dag.py:3239} INFO - Sync 1 DAGs
[2024-11-09T08:57:11.517+0000] {logging_mixin.py:190} INFO - [2024-11-09T08:57:11.517+0000] {dag.py:4180} INFO - Setting next_dagrun for example_setup_teardown_taskflow to None, run_after=None
[2024-11-09T08:57:11.592+0000] {processor.py:208} INFO - Processing /home/airflow/.local/lib/python3.12/site-packages/airflow/example_dags/example_setup_teardown_taskflow.py took 0.150 seconds
[2024-11-09T08:57:42.617+0000] {processor.py:186} INFO - Started process (PID=689) to work on /home/airflow/.local/lib/python3.12/site-packages/airflow/example_dags/example_setup_teardown_taskflow.py
[2024-11-09T08:57:42.618+0000] {processor.py:914} INFO - Processing file /home/airflow/.local/lib/python3.12/site-packages/airflow/example_dags/example_setup_teardown_taskflow.py for tasks to queue
[2024-11-09T08:57:42.621+0000] {logging_mixin.py:190} INFO - [2024-11-09T08:57:42.620+0000] {dagbag.py:588} INFO - Filling up the DagBag from /home/airflow/.local/lib/python3.12/site-packages/airflow/example_dags/example_setup_teardown_taskflow.py
[2024-11-09T08:57:42.633+0000] {processor.py:925} INFO - DAG(s) 'example_setup_teardown_taskflow' retrieved from /home/airflow/.local/lib/python3.12/site-packages/airflow/example_dags/example_setup_teardown_taskflow.py
[2024-11-09T08:57:42.659+0000] {logging_mixin.py:190} INFO - [2024-11-09T08:57:42.659+0000] {dag.py:3239} INFO - Sync 1 DAGs
[2024-11-09T08:57:42.675+0000] {logging_mixin.py:190} INFO - [2024-11-09T08:57:42.675+0000] {dag.py:4180} INFO - Setting next_dagrun for example_setup_teardown_taskflow to None, run_after=None
[2024-11-09T08:57:42.739+0000] {processor.py:208} INFO - Processing /home/airflow/.local/lib/python3.12/site-packages/airflow/example_dags/example_setup_teardown_taskflow.py took 0.129 seconds
[2024-11-09T08:58:12.844+0000] {processor.py:186} INFO - Started process (PID=752) to work on /home/airflow/.local/lib/python3.12/site-packages/airflow/example_dags/example_setup_teardown_taskflow.py
[2024-11-09T08:58:12.845+0000] {processor.py:914} INFO - Processing file /home/airflow/.local/lib/python3.12/site-packages/airflow/example_dags/example_setup_teardown_taskflow.py for tasks to queue
[2024-11-09T08:58:12.848+0000] {logging_mixin.py:190} INFO - [2024-11-09T08:58:12.848+0000] {dagbag.py:588} INFO - Filling up the DagBag from /home/airflow/.local/lib/python3.12/site-packages/airflow/example_dags/example_setup_teardown_taskflow.py
[2024-11-09T08:58:12.862+0000] {processor.py:925} INFO - DAG(s) 'example_setup_teardown_taskflow' retrieved from /home/airflow/.local/lib/python3.12/site-packages/airflow/example_dags/example_setup_teardown_taskflow.py
[2024-11-09T08:58:12.890+0000] {logging_mixin.py:190} INFO - [2024-11-09T08:58:12.889+0000] {dag.py:3239} INFO - Sync 1 DAGs
[2024-11-09T08:58:12.908+0000] {logging_mixin.py:190} INFO - [2024-11-09T08:58:12.908+0000] {dag.py:4180} INFO - Setting next_dagrun for example_setup_teardown_taskflow to None, run_after=None
[2024-11-09T08:58:12.939+0000] {processor.py:208} INFO - Processing /home/airflow/.local/lib/python3.12/site-packages/airflow/example_dags/example_setup_teardown_taskflow.py took 0.101 seconds
[2024-11-09T10:15:42.556+0000] {processor.py:186} INFO - Started process (PID=99) to work on /home/airflow/.local/lib/python3.12/site-packages/airflow/example_dags/example_setup_teardown_taskflow.py
[2024-11-09T10:15:42.558+0000] {processor.py:914} INFO - Processing file /home/airflow/.local/lib/python3.12/site-packages/airflow/example_dags/example_setup_teardown_taskflow.py for tasks to queue
[2024-11-09T10:15:42.563+0000] {logging_mixin.py:190} INFO - [2024-11-09T10:15:42.560+0000] {dagbag.py:588} INFO - Filling up the DagBag from /home/airflow/.local/lib/python3.12/site-packages/airflow/example_dags/example_setup_teardown_taskflow.py
[2024-11-09T10:15:42.575+0000] {processor.py:925} INFO - DAG(s) 'example_setup_teardown_taskflow' retrieved from /home/airflow/.local/lib/python3.12/site-packages/airflow/example_dags/example_setup_teardown_taskflow.py
[2024-11-09T10:15:42.600+0000] {logging_mixin.py:190} INFO - [2024-11-09T10:15:42.600+0000] {dag.py:3239} INFO - Sync 1 DAGs
[2024-11-09T10:15:42.623+0000] {logging_mixin.py:190} INFO - [2024-11-09T10:15:42.623+0000] {dag.py:4180} INFO - Setting next_dagrun for example_setup_teardown_taskflow to None, run_after=None
[2024-11-09T10:15:42.651+0000] {processor.py:208} INFO - Processing /home/airflow/.local/lib/python3.12/site-packages/airflow/example_dags/example_setup_teardown_taskflow.py took 0.102 seconds
[2024-11-09T10:16:14.586+0000] {processor.py:186} INFO - Started process (PID=164) to work on /home/airflow/.local/lib/python3.12/site-packages/airflow/example_dags/example_setup_teardown_taskflow.py
[2024-11-09T10:16:14.587+0000] {processor.py:914} INFO - Processing file /home/airflow/.local/lib/python3.12/site-packages/airflow/example_dags/example_setup_teardown_taskflow.py for tasks to queue
[2024-11-09T10:16:14.590+0000] {logging_mixin.py:190} INFO - [2024-11-09T10:16:14.590+0000] {dagbag.py:588} INFO - Filling up the DagBag from /home/airflow/.local/lib/python3.12/site-packages/airflow/example_dags/example_setup_teardown_taskflow.py
[2024-11-09T10:16:14.605+0000] {processor.py:925} INFO - DAG(s) 'example_setup_teardown_taskflow' retrieved from /home/airflow/.local/lib/python3.12/site-packages/airflow/example_dags/example_setup_teardown_taskflow.py
[2024-11-09T10:16:14.631+0000] {logging_mixin.py:190} INFO - [2024-11-09T10:16:14.631+0000] {dag.py:3239} INFO - Sync 1 DAGs
[2024-11-09T10:16:14.648+0000] {logging_mixin.py:190} INFO - [2024-11-09T10:16:14.647+0000] {dag.py:4180} INFO - Setting next_dagrun for example_setup_teardown_taskflow to None, run_after=None
[2024-11-09T10:16:14.712+0000] {processor.py:208} INFO - Processing /home/airflow/.local/lib/python3.12/site-packages/airflow/example_dags/example_setup_teardown_taskflow.py took 0.132 seconds
[2024-11-09T10:16:46.851+0000] {processor.py:186} INFO - Started process (PID=228) to work on /home/airflow/.local/lib/python3.12/site-packages/airflow/example_dags/example_setup_teardown_taskflow.py
[2024-11-09T10:16:46.852+0000] {processor.py:914} INFO - Processing file /home/airflow/.local/lib/python3.12/site-packages/airflow/example_dags/example_setup_teardown_taskflow.py for tasks to queue
[2024-11-09T10:16:46.856+0000] {logging_mixin.py:190} INFO - [2024-11-09T10:16:46.856+0000] {dagbag.py:588} INFO - Filling up the DagBag from /home/airflow/.local/lib/python3.12/site-packages/airflow/example_dags/example_setup_teardown_taskflow.py
[2024-11-09T10:16:46.872+0000] {processor.py:925} INFO - DAG(s) 'example_setup_teardown_taskflow' retrieved from /home/airflow/.local/lib/python3.12/site-packages/airflow/example_dags/example_setup_teardown_taskflow.py
[2024-11-09T10:16:46.901+0000] {logging_mixin.py:190} INFO - [2024-11-09T10:16:46.901+0000] {dag.py:3239} INFO - Sync 1 DAGs
[2024-11-09T10:16:46.922+0000] {logging_mixin.py:190} INFO - [2024-11-09T10:16:46.922+0000] {dag.py:4180} INFO - Setting next_dagrun for example_setup_teardown_taskflow to None, run_after=None
[2024-11-09T10:16:46.958+0000] {processor.py:208} INFO - Processing /home/airflow/.local/lib/python3.12/site-packages/airflow/example_dags/example_setup_teardown_taskflow.py took 0.116 seconds
[2024-11-09T10:22:51.374+0000] {processor.py:186} INFO - Started process (PID=100) to work on /home/airflow/.local/lib/python3.12/site-packages/airflow/example_dags/example_setup_teardown_taskflow.py
[2024-11-09T10:22:51.377+0000] {processor.py:914} INFO - Processing file /home/airflow/.local/lib/python3.12/site-packages/airflow/example_dags/example_setup_teardown_taskflow.py for tasks to queue
[2024-11-09T10:22:51.380+0000] {logging_mixin.py:190} INFO - [2024-11-09T10:22:51.380+0000] {dagbag.py:588} INFO - Filling up the DagBag from /home/airflow/.local/lib/python3.12/site-packages/airflow/example_dags/example_setup_teardown_taskflow.py
[2024-11-09T10:22:51.399+0000] {processor.py:925} INFO - DAG(s) 'example_setup_teardown_taskflow' retrieved from /home/airflow/.local/lib/python3.12/site-packages/airflow/example_dags/example_setup_teardown_taskflow.py
[2024-11-09T10:22:51.434+0000] {logging_mixin.py:190} INFO - [2024-11-09T10:22:51.434+0000] {dag.py:3239} INFO - Sync 1 DAGs
[2024-11-09T10:22:51.452+0000] {logging_mixin.py:190} INFO - [2024-11-09T10:22:51.452+0000] {dag.py:4180} INFO - Setting next_dagrun for example_setup_teardown_taskflow to None, run_after=None
[2024-11-09T10:22:51.487+0000] {processor.py:208} INFO - Processing /home/airflow/.local/lib/python3.12/site-packages/airflow/example_dags/example_setup_teardown_taskflow.py took 0.122 seconds
[2024-11-09T10:23:22.723+0000] {processor.py:186} INFO - Started process (PID=164) to work on /home/airflow/.local/lib/python3.12/site-packages/airflow/example_dags/example_setup_teardown_taskflow.py
[2024-11-09T10:23:22.725+0000] {processor.py:914} INFO - Processing file /home/airflow/.local/lib/python3.12/site-packages/airflow/example_dags/example_setup_teardown_taskflow.py for tasks to queue
[2024-11-09T10:23:22.734+0000] {logging_mixin.py:190} INFO - [2024-11-09T10:23:22.728+0000] {dagbag.py:588} INFO - Filling up the DagBag from /home/airflow/.local/lib/python3.12/site-packages/airflow/example_dags/example_setup_teardown_taskflow.py
[2024-11-09T10:23:22.758+0000] {processor.py:925} INFO - DAG(s) 'example_setup_teardown_taskflow' retrieved from /home/airflow/.local/lib/python3.12/site-packages/airflow/example_dags/example_setup_teardown_taskflow.py
[2024-11-09T10:23:22.812+0000] {logging_mixin.py:190} INFO - [2024-11-09T10:23:22.812+0000] {dag.py:3239} INFO - Sync 1 DAGs
[2024-11-09T10:23:22.853+0000] {logging_mixin.py:190} INFO - [2024-11-09T10:23:22.853+0000] {dag.py:4180} INFO - Setting next_dagrun for example_setup_teardown_taskflow to None, run_after=None
[2024-11-09T10:23:22.898+0000] {processor.py:208} INFO - Processing /home/airflow/.local/lib/python3.12/site-packages/airflow/example_dags/example_setup_teardown_taskflow.py took 0.183 seconds
[2024-11-09T10:23:53.606+0000] {processor.py:186} INFO - Started process (PID=228) to work on /home/airflow/.local/lib/python3.12/site-packages/airflow/example_dags/example_setup_teardown_taskflow.py
[2024-11-09T10:23:53.607+0000] {processor.py:914} INFO - Processing file /home/airflow/.local/lib/python3.12/site-packages/airflow/example_dags/example_setup_teardown_taskflow.py for tasks to queue
[2024-11-09T10:23:53.611+0000] {logging_mixin.py:190} INFO - [2024-11-09T10:23:53.610+0000] {dagbag.py:588} INFO - Filling up the DagBag from /home/airflow/.local/lib/python3.12/site-packages/airflow/example_dags/example_setup_teardown_taskflow.py
[2024-11-09T10:23:53.626+0000] {processor.py:925} INFO - DAG(s) 'example_setup_teardown_taskflow' retrieved from /home/airflow/.local/lib/python3.12/site-packages/airflow/example_dags/example_setup_teardown_taskflow.py
[2024-11-09T10:23:53.662+0000] {logging_mixin.py:190} INFO - [2024-11-09T10:23:53.661+0000] {dag.py:3239} INFO - Sync 1 DAGs
[2024-11-09T10:23:53.681+0000] {logging_mixin.py:190} INFO - [2024-11-09T10:23:53.681+0000] {dag.py:4180} INFO - Setting next_dagrun for example_setup_teardown_taskflow to None, run_after=None
[2024-11-09T10:23:53.730+0000] {processor.py:208} INFO - Processing /home/airflow/.local/lib/python3.12/site-packages/airflow/example_dags/example_setup_teardown_taskflow.py took 0.132 seconds
[2024-11-09T10:24:25.626+0000] {processor.py:186} INFO - Started process (PID=292) to work on /home/airflow/.local/lib/python3.12/site-packages/airflow/example_dags/example_setup_teardown_taskflow.py
[2024-11-09T10:24:25.627+0000] {processor.py:914} INFO - Processing file /home/airflow/.local/lib/python3.12/site-packages/airflow/example_dags/example_setup_teardown_taskflow.py for tasks to queue
[2024-11-09T10:24:25.629+0000] {logging_mixin.py:190} INFO - [2024-11-09T10:24:25.629+0000] {dagbag.py:588} INFO - Filling up the DagBag from /home/airflow/.local/lib/python3.12/site-packages/airflow/example_dags/example_setup_teardown_taskflow.py
[2024-11-09T10:24:25.643+0000] {processor.py:925} INFO - DAG(s) 'example_setup_teardown_taskflow' retrieved from /home/airflow/.local/lib/python3.12/site-packages/airflow/example_dags/example_setup_teardown_taskflow.py
[2024-11-09T10:24:25.675+0000] {logging_mixin.py:190} INFO - [2024-11-09T10:24:25.674+0000] {dag.py:3239} INFO - Sync 1 DAGs
[2024-11-09T10:24:25.693+0000] {logging_mixin.py:190} INFO - [2024-11-09T10:24:25.693+0000] {dag.py:4180} INFO - Setting next_dagrun for example_setup_teardown_taskflow to None, run_after=None
[2024-11-09T10:24:25.720+0000] {processor.py:208} INFO - Processing /home/airflow/.local/lib/python3.12/site-packages/airflow/example_dags/example_setup_teardown_taskflow.py took 0.102 seconds
[2024-11-09T10:24:57.376+0000] {processor.py:186} INFO - Started process (PID=356) to work on /home/airflow/.local/lib/python3.12/site-packages/airflow/example_dags/example_setup_teardown_taskflow.py
[2024-11-09T10:24:57.377+0000] {processor.py:914} INFO - Processing file /home/airflow/.local/lib/python3.12/site-packages/airflow/example_dags/example_setup_teardown_taskflow.py for tasks to queue
[2024-11-09T10:24:57.380+0000] {logging_mixin.py:190} INFO - [2024-11-09T10:24:57.380+0000] {dagbag.py:588} INFO - Filling up the DagBag from /home/airflow/.local/lib/python3.12/site-packages/airflow/example_dags/example_setup_teardown_taskflow.py
[2024-11-09T10:24:57.393+0000] {processor.py:925} INFO - DAG(s) 'example_setup_teardown_taskflow' retrieved from /home/airflow/.local/lib/python3.12/site-packages/airflow/example_dags/example_setup_teardown_taskflow.py
[2024-11-09T10:24:57.420+0000] {logging_mixin.py:190} INFO - [2024-11-09T10:24:57.420+0000] {dag.py:3239} INFO - Sync 1 DAGs
[2024-11-09T10:24:57.438+0000] {logging_mixin.py:190} INFO - [2024-11-09T10:24:57.438+0000] {dag.py:4180} INFO - Setting next_dagrun for example_setup_teardown_taskflow to None, run_after=None
[2024-11-09T10:24:57.462+0000] {processor.py:208} INFO - Processing /home/airflow/.local/lib/python3.12/site-packages/airflow/example_dags/example_setup_teardown_taskflow.py took 0.093 seconds
[2024-11-09T10:25:28.356+0000] {processor.py:186} INFO - Started process (PID=419) to work on /home/airflow/.local/lib/python3.12/site-packages/airflow/example_dags/example_setup_teardown_taskflow.py
[2024-11-09T10:25:28.358+0000] {processor.py:914} INFO - Processing file /home/airflow/.local/lib/python3.12/site-packages/airflow/example_dags/example_setup_teardown_taskflow.py for tasks to queue
[2024-11-09T10:25:28.362+0000] {logging_mixin.py:190} INFO - [2024-11-09T10:25:28.361+0000] {dagbag.py:588} INFO - Filling up the DagBag from /home/airflow/.local/lib/python3.12/site-packages/airflow/example_dags/example_setup_teardown_taskflow.py
[2024-11-09T10:25:28.378+0000] {processor.py:925} INFO - DAG(s) 'example_setup_teardown_taskflow' retrieved from /home/airflow/.local/lib/python3.12/site-packages/airflow/example_dags/example_setup_teardown_taskflow.py
[2024-11-09T10:25:28.413+0000] {logging_mixin.py:190} INFO - [2024-11-09T10:25:28.412+0000] {dag.py:3239} INFO - Sync 1 DAGs
[2024-11-09T10:25:28.434+0000] {logging_mixin.py:190} INFO - [2024-11-09T10:25:28.434+0000] {dag.py:4180} INFO - Setting next_dagrun for example_setup_teardown_taskflow to None, run_after=None
[2024-11-09T10:25:28.479+0000] {processor.py:208} INFO - Processing /home/airflow/.local/lib/python3.12/site-packages/airflow/example_dags/example_setup_teardown_taskflow.py took 0.131 seconds
[2024-11-09T10:25:59.632+0000] {processor.py:186} INFO - Started process (PID=483) to work on /home/airflow/.local/lib/python3.12/site-packages/airflow/example_dags/example_setup_teardown_taskflow.py
[2024-11-09T10:25:59.634+0000] {processor.py:914} INFO - Processing file /home/airflow/.local/lib/python3.12/site-packages/airflow/example_dags/example_setup_teardown_taskflow.py for tasks to queue
[2024-11-09T10:25:59.636+0000] {logging_mixin.py:190} INFO - [2024-11-09T10:25:59.636+0000] {dagbag.py:588} INFO - Filling up the DagBag from /home/airflow/.local/lib/python3.12/site-packages/airflow/example_dags/example_setup_teardown_taskflow.py
[2024-11-09T10:25:59.649+0000] {processor.py:925} INFO - DAG(s) 'example_setup_teardown_taskflow' retrieved from /home/airflow/.local/lib/python3.12/site-packages/airflow/example_dags/example_setup_teardown_taskflow.py
[2024-11-09T10:25:59.676+0000] {logging_mixin.py:190} INFO - [2024-11-09T10:25:59.676+0000] {dag.py:3239} INFO - Sync 1 DAGs
[2024-11-09T10:25:59.698+0000] {logging_mixin.py:190} INFO - [2024-11-09T10:25:59.698+0000] {dag.py:4180} INFO - Setting next_dagrun for example_setup_teardown_taskflow to None, run_after=None
[2024-11-09T10:25:59.735+0000] {processor.py:208} INFO - Processing /home/airflow/.local/lib/python3.12/site-packages/airflow/example_dags/example_setup_teardown_taskflow.py took 0.110 seconds
[2024-11-09T10:26:30.788+0000] {processor.py:186} INFO - Started process (PID=547) to work on /home/airflow/.local/lib/python3.12/site-packages/airflow/example_dags/example_setup_teardown_taskflow.py
[2024-11-09T10:26:30.789+0000] {processor.py:914} INFO - Processing file /home/airflow/.local/lib/python3.12/site-packages/airflow/example_dags/example_setup_teardown_taskflow.py for tasks to queue
[2024-11-09T10:26:30.792+0000] {logging_mixin.py:190} INFO - [2024-11-09T10:26:30.792+0000] {dagbag.py:588} INFO - Filling up the DagBag from /home/airflow/.local/lib/python3.12/site-packages/airflow/example_dags/example_setup_teardown_taskflow.py
[2024-11-09T10:26:30.807+0000] {processor.py:925} INFO - DAG(s) 'example_setup_teardown_taskflow' retrieved from /home/airflow/.local/lib/python3.12/site-packages/airflow/example_dags/example_setup_teardown_taskflow.py
[2024-11-09T10:26:30.834+0000] {logging_mixin.py:190} INFO - [2024-11-09T10:26:30.834+0000] {dag.py:3239} INFO - Sync 1 DAGs
[2024-11-09T10:26:30.853+0000] {logging_mixin.py:190} INFO - [2024-11-09T10:26:30.853+0000] {dag.py:4180} INFO - Setting next_dagrun for example_setup_teardown_taskflow to None, run_after=None
[2024-11-09T10:26:30.878+0000] {processor.py:208} INFO - Processing /home/airflow/.local/lib/python3.12/site-packages/airflow/example_dags/example_setup_teardown_taskflow.py took 0.098 seconds
[2024-11-09T10:27:03.158+0000] {processor.py:186} INFO - Started process (PID=612) to work on /home/airflow/.local/lib/python3.12/site-packages/airflow/example_dags/example_setup_teardown_taskflow.py
[2024-11-09T10:27:03.159+0000] {processor.py:914} INFO - Processing file /home/airflow/.local/lib/python3.12/site-packages/airflow/example_dags/example_setup_teardown_taskflow.py for tasks to queue
[2024-11-09T10:27:03.162+0000] {logging_mixin.py:190} INFO - [2024-11-09T10:27:03.162+0000] {dagbag.py:588} INFO - Filling up the DagBag from /home/airflow/.local/lib/python3.12/site-packages/airflow/example_dags/example_setup_teardown_taskflow.py
[2024-11-09T10:27:03.175+0000] {processor.py:925} INFO - DAG(s) 'example_setup_teardown_taskflow' retrieved from /home/airflow/.local/lib/python3.12/site-packages/airflow/example_dags/example_setup_teardown_taskflow.py
[2024-11-09T10:27:03.200+0000] {logging_mixin.py:190} INFO - [2024-11-09T10:27:03.200+0000] {dag.py:3239} INFO - Sync 1 DAGs
[2024-11-09T10:27:03.217+0000] {logging_mixin.py:190} INFO - [2024-11-09T10:27:03.217+0000] {dag.py:4180} INFO - Setting next_dagrun for example_setup_teardown_taskflow to None, run_after=None
[2024-11-09T10:27:03.401+0000] {processor.py:208} INFO - Processing /home/airflow/.local/lib/python3.12/site-packages/airflow/example_dags/example_setup_teardown_taskflow.py took 0.250 seconds
[2024-11-09T10:27:33.497+0000] {processor.py:186} INFO - Started process (PID=675) to work on /home/airflow/.local/lib/python3.12/site-packages/airflow/example_dags/example_setup_teardown_taskflow.py
[2024-11-09T10:27:33.499+0000] {processor.py:914} INFO - Processing file /home/airflow/.local/lib/python3.12/site-packages/airflow/example_dags/example_setup_teardown_taskflow.py for tasks to queue
[2024-11-09T10:27:33.502+0000] {logging_mixin.py:190} INFO - [2024-11-09T10:27:33.501+0000] {dagbag.py:588} INFO - Filling up the DagBag from /home/airflow/.local/lib/python3.12/site-packages/airflow/example_dags/example_setup_teardown_taskflow.py
[2024-11-09T10:27:33.515+0000] {processor.py:925} INFO - DAG(s) 'example_setup_teardown_taskflow' retrieved from /home/airflow/.local/lib/python3.12/site-packages/airflow/example_dags/example_setup_teardown_taskflow.py
[2024-11-09T10:27:33.540+0000] {logging_mixin.py:190} INFO - [2024-11-09T10:27:33.540+0000] {dag.py:3239} INFO - Sync 1 DAGs
[2024-11-09T10:27:33.584+0000] {logging_mixin.py:190} INFO - [2024-11-09T10:27:33.584+0000] {dag.py:4180} INFO - Setting next_dagrun for example_setup_teardown_taskflow to None, run_after=None
[2024-11-09T10:27:33.846+0000] {processor.py:208} INFO - Processing /home/airflow/.local/lib/python3.12/site-packages/airflow/example_dags/example_setup_teardown_taskflow.py took 0.356 seconds
[2024-11-09T10:28:04.929+0000] {processor.py:186} INFO - Started process (PID=740) to work on /home/airflow/.local/lib/python3.12/site-packages/airflow/example_dags/example_setup_teardown_taskflow.py
[2024-11-09T10:28:04.930+0000] {processor.py:914} INFO - Processing file /home/airflow/.local/lib/python3.12/site-packages/airflow/example_dags/example_setup_teardown_taskflow.py for tasks to queue
[2024-11-09T10:28:04.933+0000] {logging_mixin.py:190} INFO - [2024-11-09T10:28:04.933+0000] {dagbag.py:588} INFO - Filling up the DagBag from /home/airflow/.local/lib/python3.12/site-packages/airflow/example_dags/example_setup_teardown_taskflow.py
[2024-11-09T10:28:04.945+0000] {processor.py:925} INFO - DAG(s) 'example_setup_teardown_taskflow' retrieved from /home/airflow/.local/lib/python3.12/site-packages/airflow/example_dags/example_setup_teardown_taskflow.py
[2024-11-09T10:28:04.969+0000] {logging_mixin.py:190} INFO - [2024-11-09T10:28:04.969+0000] {dag.py:3239} INFO - Sync 1 DAGs
[2024-11-09T10:28:04.986+0000] {logging_mixin.py:190} INFO - [2024-11-09T10:28:04.986+0000] {dag.py:4180} INFO - Setting next_dagrun for example_setup_teardown_taskflow to None, run_after=None
[2024-11-09T10:28:05.033+0000] {processor.py:208} INFO - Processing /home/airflow/.local/lib/python3.12/site-packages/airflow/example_dags/example_setup_teardown_taskflow.py took 0.110 seconds
[2024-11-09T10:28:36.039+0000] {processor.py:186} INFO - Started process (PID=804) to work on /home/airflow/.local/lib/python3.12/site-packages/airflow/example_dags/example_setup_teardown_taskflow.py
[2024-11-09T10:28:36.040+0000] {processor.py:914} INFO - Processing file /home/airflow/.local/lib/python3.12/site-packages/airflow/example_dags/example_setup_teardown_taskflow.py for tasks to queue
[2024-11-09T10:28:36.042+0000] {logging_mixin.py:190} INFO - [2024-11-09T10:28:36.042+0000] {dagbag.py:588} INFO - Filling up the DagBag from /home/airflow/.local/lib/python3.12/site-packages/airflow/example_dags/example_setup_teardown_taskflow.py
[2024-11-09T10:28:36.054+0000] {processor.py:925} INFO - DAG(s) 'example_setup_teardown_taskflow' retrieved from /home/airflow/.local/lib/python3.12/site-packages/airflow/example_dags/example_setup_teardown_taskflow.py
[2024-11-09T10:28:36.077+0000] {logging_mixin.py:190} INFO - [2024-11-09T10:28:36.076+0000] {dag.py:3239} INFO - Sync 1 DAGs
[2024-11-09T10:28:36.092+0000] {logging_mixin.py:190} INFO - [2024-11-09T10:28:36.091+0000] {dag.py:4180} INFO - Setting next_dagrun for example_setup_teardown_taskflow to None, run_after=None
[2024-11-09T10:28:36.329+0000] {processor.py:208} INFO - Processing /home/airflow/.local/lib/python3.12/site-packages/airflow/example_dags/example_setup_teardown_taskflow.py took 0.296 seconds
[2024-11-09T10:29:06.983+0000] {processor.py:186} INFO - Started process (PID=869) to work on /home/airflow/.local/lib/python3.12/site-packages/airflow/example_dags/example_setup_teardown_taskflow.py
[2024-11-09T10:29:06.984+0000] {processor.py:914} INFO - Processing file /home/airflow/.local/lib/python3.12/site-packages/airflow/example_dags/example_setup_teardown_taskflow.py for tasks to queue
[2024-11-09T10:29:06.986+0000] {logging_mixin.py:190} INFO - [2024-11-09T10:29:06.986+0000] {dagbag.py:588} INFO - Filling up the DagBag from /home/airflow/.local/lib/python3.12/site-packages/airflow/example_dags/example_setup_teardown_taskflow.py
[2024-11-09T10:29:06.998+0000] {processor.py:925} INFO - DAG(s) 'example_setup_teardown_taskflow' retrieved from /home/airflow/.local/lib/python3.12/site-packages/airflow/example_dags/example_setup_teardown_taskflow.py
[2024-11-09T10:29:07.023+0000] {logging_mixin.py:190} INFO - [2024-11-09T10:29:07.023+0000] {dag.py:3239} INFO - Sync 1 DAGs
[2024-11-09T10:29:07.039+0000] {logging_mixin.py:190} INFO - [2024-11-09T10:29:07.039+0000] {dag.py:4180} INFO - Setting next_dagrun for example_setup_teardown_taskflow to None, run_after=None
[2024-11-09T10:29:07.063+0000] {processor.py:208} INFO - Processing /home/airflow/.local/lib/python3.12/site-packages/airflow/example_dags/example_setup_teardown_taskflow.py took 0.087 seconds
[2024-11-09T10:29:39.006+0000] {processor.py:186} INFO - Started process (PID=941) to work on /home/airflow/.local/lib/python3.12/site-packages/airflow/example_dags/example_setup_teardown_taskflow.py
[2024-11-09T10:29:39.008+0000] {processor.py:914} INFO - Processing file /home/airflow/.local/lib/python3.12/site-packages/airflow/example_dags/example_setup_teardown_taskflow.py for tasks to queue
[2024-11-09T10:29:39.011+0000] {logging_mixin.py:190} INFO - [2024-11-09T10:29:39.010+0000] {dagbag.py:588} INFO - Filling up the DagBag from /home/airflow/.local/lib/python3.12/site-packages/airflow/example_dags/example_setup_teardown_taskflow.py
[2024-11-09T10:29:39.024+0000] {processor.py:925} INFO - DAG(s) 'example_setup_teardown_taskflow' retrieved from /home/airflow/.local/lib/python3.12/site-packages/airflow/example_dags/example_setup_teardown_taskflow.py
[2024-11-09T10:29:39.049+0000] {logging_mixin.py:190} INFO - [2024-11-09T10:29:39.049+0000] {dag.py:3239} INFO - Sync 1 DAGs
[2024-11-09T10:29:39.066+0000] {logging_mixin.py:190} INFO - [2024-11-09T10:29:39.066+0000] {dag.py:4180} INFO - Setting next_dagrun for example_setup_teardown_taskflow to None, run_after=None
[2024-11-09T10:29:39.114+0000] {processor.py:208} INFO - Processing /home/airflow/.local/lib/python3.12/site-packages/airflow/example_dags/example_setup_teardown_taskflow.py took 0.116 seconds
[2024-11-09T10:30:09.772+0000] {processor.py:186} INFO - Started process (PID=1004) to work on /home/airflow/.local/lib/python3.12/site-packages/airflow/example_dags/example_setup_teardown_taskflow.py
[2024-11-09T10:30:09.774+0000] {processor.py:914} INFO - Processing file /home/airflow/.local/lib/python3.12/site-packages/airflow/example_dags/example_setup_teardown_taskflow.py for tasks to queue
[2024-11-09T10:30:09.776+0000] {logging_mixin.py:190} INFO - [2024-11-09T10:30:09.776+0000] {dagbag.py:588} INFO - Filling up the DagBag from /home/airflow/.local/lib/python3.12/site-packages/airflow/example_dags/example_setup_teardown_taskflow.py
[2024-11-09T10:30:09.790+0000] {processor.py:925} INFO - DAG(s) 'example_setup_teardown_taskflow' retrieved from /home/airflow/.local/lib/python3.12/site-packages/airflow/example_dags/example_setup_teardown_taskflow.py
[2024-11-09T10:30:09.820+0000] {logging_mixin.py:190} INFO - [2024-11-09T10:30:09.819+0000] {dag.py:3239} INFO - Sync 1 DAGs
[2024-11-09T10:30:09.839+0000] {logging_mixin.py:190} INFO - [2024-11-09T10:30:09.839+0000] {dag.py:4180} INFO - Setting next_dagrun for example_setup_teardown_taskflow to None, run_after=None
[2024-11-09T10:30:09.907+0000] {processor.py:208} INFO - Processing /home/airflow/.local/lib/python3.12/site-packages/airflow/example_dags/example_setup_teardown_taskflow.py took 0.142 seconds
[2024-11-09T10:30:40.396+0000] {processor.py:186} INFO - Started process (PID=1067) to work on /home/airflow/.local/lib/python3.12/site-packages/airflow/example_dags/example_setup_teardown_taskflow.py
[2024-11-09T10:30:40.397+0000] {processor.py:914} INFO - Processing file /home/airflow/.local/lib/python3.12/site-packages/airflow/example_dags/example_setup_teardown_taskflow.py for tasks to queue
[2024-11-09T10:30:40.400+0000] {logging_mixin.py:190} INFO - [2024-11-09T10:30:40.399+0000] {dagbag.py:588} INFO - Filling up the DagBag from /home/airflow/.local/lib/python3.12/site-packages/airflow/example_dags/example_setup_teardown_taskflow.py
[2024-11-09T10:30:40.411+0000] {processor.py:925} INFO - DAG(s) 'example_setup_teardown_taskflow' retrieved from /home/airflow/.local/lib/python3.12/site-packages/airflow/example_dags/example_setup_teardown_taskflow.py
[2024-11-09T10:30:40.435+0000] {logging_mixin.py:190} INFO - [2024-11-09T10:30:40.435+0000] {dag.py:3239} INFO - Sync 1 DAGs
[2024-11-09T10:30:40.451+0000] {logging_mixin.py:190} INFO - [2024-11-09T10:30:40.451+0000] {dag.py:4180} INFO - Setting next_dagrun for example_setup_teardown_taskflow to None, run_after=None
[2024-11-09T10:30:40.475+0000] {processor.py:208} INFO - Processing /home/airflow/.local/lib/python3.12/site-packages/airflow/example_dags/example_setup_teardown_taskflow.py took 0.086 seconds
[2024-11-09T10:31:10.680+0000] {processor.py:186} INFO - Started process (PID=1130) to work on /home/airflow/.local/lib/python3.12/site-packages/airflow/example_dags/example_setup_teardown_taskflow.py
[2024-11-09T10:31:10.681+0000] {processor.py:914} INFO - Processing file /home/airflow/.local/lib/python3.12/site-packages/airflow/example_dags/example_setup_teardown_taskflow.py for tasks to queue
[2024-11-09T10:31:10.684+0000] {logging_mixin.py:190} INFO - [2024-11-09T10:31:10.683+0000] {dagbag.py:588} INFO - Filling up the DagBag from /home/airflow/.local/lib/python3.12/site-packages/airflow/example_dags/example_setup_teardown_taskflow.py
[2024-11-09T10:31:10.699+0000] {processor.py:925} INFO - DAG(s) 'example_setup_teardown_taskflow' retrieved from /home/airflow/.local/lib/python3.12/site-packages/airflow/example_dags/example_setup_teardown_taskflow.py
[2024-11-09T10:31:10.727+0000] {logging_mixin.py:190} INFO - [2024-11-09T10:31:10.726+0000] {dag.py:3239} INFO - Sync 1 DAGs
[2024-11-09T10:31:10.745+0000] {logging_mixin.py:190} INFO - [2024-11-09T10:31:10.744+0000] {dag.py:4180} INFO - Setting next_dagrun for example_setup_teardown_taskflow to None, run_after=None
[2024-11-09T10:31:10.782+0000] {processor.py:208} INFO - Processing /home/airflow/.local/lib/python3.12/site-packages/airflow/example_dags/example_setup_teardown_taskflow.py took 0.110 seconds
[2024-11-09T10:31:41.400+0000] {processor.py:186} INFO - Started process (PID=1196) to work on /home/airflow/.local/lib/python3.12/site-packages/airflow/example_dags/example_setup_teardown_taskflow.py
[2024-11-09T10:31:41.401+0000] {processor.py:914} INFO - Processing file /home/airflow/.local/lib/python3.12/site-packages/airflow/example_dags/example_setup_teardown_taskflow.py for tasks to queue
[2024-11-09T10:31:41.405+0000] {logging_mixin.py:190} INFO - [2024-11-09T10:31:41.404+0000] {dagbag.py:588} INFO - Filling up the DagBag from /home/airflow/.local/lib/python3.12/site-packages/airflow/example_dags/example_setup_teardown_taskflow.py
[2024-11-09T10:31:41.417+0000] {processor.py:925} INFO - DAG(s) 'example_setup_teardown_taskflow' retrieved from /home/airflow/.local/lib/python3.12/site-packages/airflow/example_dags/example_setup_teardown_taskflow.py
[2024-11-09T10:31:41.441+0000] {logging_mixin.py:190} INFO - [2024-11-09T10:31:41.441+0000] {dag.py:3239} INFO - Sync 1 DAGs
[2024-11-09T10:31:41.457+0000] {logging_mixin.py:190} INFO - [2024-11-09T10:31:41.457+0000] {dag.py:4180} INFO - Setting next_dagrun for example_setup_teardown_taskflow to None, run_after=None
[2024-11-09T10:31:41.499+0000] {processor.py:208} INFO - Processing /home/airflow/.local/lib/python3.12/site-packages/airflow/example_dags/example_setup_teardown_taskflow.py took 0.107 seconds
[2024-11-09T10:32:12.414+0000] {processor.py:186} INFO - Started process (PID=1260) to work on /home/airflow/.local/lib/python3.12/site-packages/airflow/example_dags/example_setup_teardown_taskflow.py
[2024-11-09T10:32:12.417+0000] {processor.py:914} INFO - Processing file /home/airflow/.local/lib/python3.12/site-packages/airflow/example_dags/example_setup_teardown_taskflow.py for tasks to queue
[2024-11-09T10:32:12.421+0000] {logging_mixin.py:190} INFO - [2024-11-09T10:32:12.421+0000] {dagbag.py:588} INFO - Filling up the DagBag from /home/airflow/.local/lib/python3.12/site-packages/airflow/example_dags/example_setup_teardown_taskflow.py
[2024-11-09T10:32:12.441+0000] {processor.py:925} INFO - DAG(s) 'example_setup_teardown_taskflow' retrieved from /home/airflow/.local/lib/python3.12/site-packages/airflow/example_dags/example_setup_teardown_taskflow.py
[2024-11-09T10:32:12.473+0000] {logging_mixin.py:190} INFO - [2024-11-09T10:32:12.473+0000] {dag.py:3239} INFO - Sync 1 DAGs
[2024-11-09T10:32:12.501+0000] {logging_mixin.py:190} INFO - [2024-11-09T10:32:12.501+0000] {dag.py:4180} INFO - Setting next_dagrun for example_setup_teardown_taskflow to None, run_after=None
[2024-11-09T10:32:12.543+0000] {processor.py:208} INFO - Processing /home/airflow/.local/lib/python3.12/site-packages/airflow/example_dags/example_setup_teardown_taskflow.py took 0.136 seconds
[2024-11-09T10:32:42.644+0000] {processor.py:186} INFO - Started process (PID=1322) to work on /home/airflow/.local/lib/python3.12/site-packages/airflow/example_dags/example_setup_teardown_taskflow.py
[2024-11-09T10:32:42.645+0000] {processor.py:914} INFO - Processing file /home/airflow/.local/lib/python3.12/site-packages/airflow/example_dags/example_setup_teardown_taskflow.py for tasks to queue
[2024-11-09T10:32:42.649+0000] {logging_mixin.py:190} INFO - [2024-11-09T10:32:42.648+0000] {dagbag.py:588} INFO - Filling up the DagBag from /home/airflow/.local/lib/python3.12/site-packages/airflow/example_dags/example_setup_teardown_taskflow.py
[2024-11-09T10:32:42.662+0000] {processor.py:925} INFO - DAG(s) 'example_setup_teardown_taskflow' retrieved from /home/airflow/.local/lib/python3.12/site-packages/airflow/example_dags/example_setup_teardown_taskflow.py
[2024-11-09T10:32:42.689+0000] {logging_mixin.py:190} INFO - [2024-11-09T10:32:42.689+0000] {dag.py:3239} INFO - Sync 1 DAGs
[2024-11-09T10:32:42.706+0000] {logging_mixin.py:190} INFO - [2024-11-09T10:32:42.706+0000] {dag.py:4180} INFO - Setting next_dagrun for example_setup_teardown_taskflow to None, run_after=None
[2024-11-09T10:32:42.747+0000] {processor.py:208} INFO - Processing /home/airflow/.local/lib/python3.12/site-packages/airflow/example_dags/example_setup_teardown_taskflow.py took 0.109 seconds
[2024-11-09T10:53:11.017+0000] {processor.py:186} INFO - Started process (PID=96) to work on /home/airflow/.local/lib/python3.12/site-packages/airflow/example_dags/example_setup_teardown_taskflow.py
[2024-11-09T10:53:11.019+0000] {processor.py:914} INFO - Processing file /home/airflow/.local/lib/python3.12/site-packages/airflow/example_dags/example_setup_teardown_taskflow.py for tasks to queue
[2024-11-09T10:53:11.022+0000] {logging_mixin.py:190} INFO - [2024-11-09T10:53:11.021+0000] {dagbag.py:588} INFO - Filling up the DagBag from /home/airflow/.local/lib/python3.12/site-packages/airflow/example_dags/example_setup_teardown_taskflow.py
[2024-11-09T10:53:11.041+0000] {processor.py:925} INFO - DAG(s) 'example_setup_teardown_taskflow' retrieved from /home/airflow/.local/lib/python3.12/site-packages/airflow/example_dags/example_setup_teardown_taskflow.py
[2024-11-09T10:53:11.093+0000] {logging_mixin.py:190} INFO - [2024-11-09T10:53:11.093+0000] {dag.py:3239} INFO - Sync 1 DAGs
[2024-11-09T10:53:11.133+0000] {logging_mixin.py:190} INFO - [2024-11-09T10:53:11.132+0000] {dag.py:4180} INFO - Setting next_dagrun for example_setup_teardown_taskflow to None, run_after=None
[2024-11-09T10:53:11.172+0000] {processor.py:208} INFO - Processing /home/airflow/.local/lib/python3.12/site-packages/airflow/example_dags/example_setup_teardown_taskflow.py took 0.165 seconds
