[2024-11-09T08:52:57.123+0000] {processor.py:186} INFO - Started process (PID=125) to work on /home/airflow/.local/lib/python3.12/site-packages/airflow/example_dags/example_skip_dag.py
[2024-11-09T08:52:57.124+0000] {processor.py:914} INFO - Processing file /home/airflow/.local/lib/python3.12/site-packages/airflow/example_dags/example_skip_dag.py for tasks to queue
[2024-11-09T08:52:57.127+0000] {logging_mixin.py:190} INFO - [2024-11-09T08:52:57.126+0000] {dagbag.py:588} INFO - Filling up the DagBag from /home/airflow/.local/lib/python3.12/site-packages/airflow/example_dags/example_skip_dag.py
[2024-11-09T08:52:57.142+0000] {processor.py:925} INFO - DAG(s) 'example_skip_dag' retrieved from /home/airflow/.local/lib/python3.12/site-packages/airflow/example_dags/example_skip_dag.py
[2024-11-09T08:52:57.169+0000] {logging_mixin.py:190} INFO - [2024-11-09T08:52:57.169+0000] {dag.py:3239} INFO - Sync 1 DAGs
[2024-11-09T08:52:57.199+0000] {logging_mixin.py:190} INFO - [2024-11-09T08:52:57.199+0000] {dag.py:4180} INFO - Setting next_dagrun for example_skip_dag to 2024-11-08 00:00:00+00:00, run_after=2024-11-09 00:00:00+00:00
[2024-11-09T08:52:57.250+0000] {processor.py:208} INFO - Processing /home/airflow/.local/lib/python3.12/site-packages/airflow/example_dags/example_skip_dag.py took 0.134 seconds
[2024-11-09T08:53:33.812+0000] {processor.py:186} INFO - Started process (PID=189) to work on /home/airflow/.local/lib/python3.12/site-packages/airflow/example_dags/example_skip_dag.py
[2024-11-09T08:53:33.814+0000] {processor.py:914} INFO - Processing file /home/airflow/.local/lib/python3.12/site-packages/airflow/example_dags/example_skip_dag.py for tasks to queue
[2024-11-09T08:53:33.821+0000] {logging_mixin.py:190} INFO - [2024-11-09T08:53:33.821+0000] {dagbag.py:588} INFO - Filling up the DagBag from /home/airflow/.local/lib/python3.12/site-packages/airflow/example_dags/example_skip_dag.py
[2024-11-09T08:53:33.835+0000] {processor.py:925} INFO - DAG(s) 'example_skip_dag' retrieved from /home/airflow/.local/lib/python3.12/site-packages/airflow/example_dags/example_skip_dag.py
[2024-11-09T08:53:33.867+0000] {logging_mixin.py:190} INFO - [2024-11-09T08:53:33.867+0000] {dag.py:3239} INFO - Sync 1 DAGs
[2024-11-09T08:53:33.940+0000] {logging_mixin.py:190} INFO - [2024-11-09T08:53:33.940+0000] {dag.py:4180} INFO - Setting next_dagrun for example_skip_dag to 2024-11-08 00:00:00+00:00, run_after=2024-11-09 00:00:00+00:00
[2024-11-09T08:53:33.989+0000] {processor.py:208} INFO - Processing /home/airflow/.local/lib/python3.12/site-packages/airflow/example_dags/example_skip_dag.py took 0.191 seconds
[2024-11-09T08:54:04.834+0000] {processor.py:186} INFO - Started process (PID=254) to work on /home/airflow/.local/lib/python3.12/site-packages/airflow/example_dags/example_skip_dag.py
[2024-11-09T08:54:04.847+0000] {processor.py:914} INFO - Processing file /home/airflow/.local/lib/python3.12/site-packages/airflow/example_dags/example_skip_dag.py for tasks to queue
[2024-11-09T08:54:04.850+0000] {logging_mixin.py:190} INFO - [2024-11-09T08:54:04.850+0000] {dagbag.py:588} INFO - Filling up the DagBag from /home/airflow/.local/lib/python3.12/site-packages/airflow/example_dags/example_skip_dag.py
[2024-11-09T08:54:04.859+0000] {processor.py:925} INFO - DAG(s) 'example_skip_dag' retrieved from /home/airflow/.local/lib/python3.12/site-packages/airflow/example_dags/example_skip_dag.py
[2024-11-09T08:54:04.891+0000] {logging_mixin.py:190} INFO - [2024-11-09T08:54:04.891+0000] {dag.py:3239} INFO - Sync 1 DAGs
[2024-11-09T08:54:04.925+0000] {logging_mixin.py:190} INFO - [2024-11-09T08:54:04.924+0000] {dag.py:4180} INFO - Setting next_dagrun for example_skip_dag to 2024-11-08 00:00:00+00:00, run_after=2024-11-09 00:00:00+00:00
[2024-11-09T08:54:04.980+0000] {processor.py:208} INFO - Processing /home/airflow/.local/lib/python3.12/site-packages/airflow/example_dags/example_skip_dag.py took 0.152 seconds
[2024-11-09T08:54:35.754+0000] {processor.py:186} INFO - Started process (PID=318) to work on /home/airflow/.local/lib/python3.12/site-packages/airflow/example_dags/example_skip_dag.py
[2024-11-09T08:54:35.755+0000] {processor.py:914} INFO - Processing file /home/airflow/.local/lib/python3.12/site-packages/airflow/example_dags/example_skip_dag.py for tasks to queue
[2024-11-09T08:54:35.758+0000] {logging_mixin.py:190} INFO - [2024-11-09T08:54:35.757+0000] {dagbag.py:588} INFO - Filling up the DagBag from /home/airflow/.local/lib/python3.12/site-packages/airflow/example_dags/example_skip_dag.py
[2024-11-09T08:54:35.769+0000] {processor.py:925} INFO - DAG(s) 'example_skip_dag' retrieved from /home/airflow/.local/lib/python3.12/site-packages/airflow/example_dags/example_skip_dag.py
[2024-11-09T08:54:35.812+0000] {logging_mixin.py:190} INFO - [2024-11-09T08:54:35.811+0000] {dag.py:3239} INFO - Sync 1 DAGs
[2024-11-09T08:54:35.863+0000] {logging_mixin.py:190} INFO - [2024-11-09T08:54:35.862+0000] {dag.py:4180} INFO - Setting next_dagrun for example_skip_dag to 2024-11-08 00:00:00+00:00, run_after=2024-11-09 00:00:00+00:00
[2024-11-09T08:54:35.900+0000] {processor.py:208} INFO - Processing /home/airflow/.local/lib/python3.12/site-packages/airflow/example_dags/example_skip_dag.py took 0.153 seconds
[2024-11-09T08:55:06.191+0000] {processor.py:186} INFO - Started process (PID=382) to work on /home/airflow/.local/lib/python3.12/site-packages/airflow/example_dags/example_skip_dag.py
[2024-11-09T08:55:06.193+0000] {processor.py:914} INFO - Processing file /home/airflow/.local/lib/python3.12/site-packages/airflow/example_dags/example_skip_dag.py for tasks to queue
[2024-11-09T08:55:06.198+0000] {logging_mixin.py:190} INFO - [2024-11-09T08:55:06.197+0000] {dagbag.py:588} INFO - Filling up the DagBag from /home/airflow/.local/lib/python3.12/site-packages/airflow/example_dags/example_skip_dag.py
[2024-11-09T08:55:06.214+0000] {processor.py:925} INFO - DAG(s) 'example_skip_dag' retrieved from /home/airflow/.local/lib/python3.12/site-packages/airflow/example_dags/example_skip_dag.py
[2024-11-09T08:55:06.257+0000] {logging_mixin.py:190} INFO - [2024-11-09T08:55:06.257+0000] {dag.py:3239} INFO - Sync 1 DAGs
[2024-11-09T08:55:06.305+0000] {logging_mixin.py:190} INFO - [2024-11-09T08:55:06.305+0000] {dag.py:4180} INFO - Setting next_dagrun for example_skip_dag to 2024-11-08 00:00:00+00:00, run_after=2024-11-09 00:00:00+00:00
[2024-11-09T08:55:06.704+0000] {processor.py:208} INFO - Processing /home/airflow/.local/lib/python3.12/site-packages/airflow/example_dags/example_skip_dag.py took 0.525 seconds
[2024-11-09T08:55:38.677+0000] {processor.py:186} INFO - Started process (PID=445) to work on /home/airflow/.local/lib/python3.12/site-packages/airflow/example_dags/example_skip_dag.py
[2024-11-09T08:55:38.678+0000] {processor.py:914} INFO - Processing file /home/airflow/.local/lib/python3.12/site-packages/airflow/example_dags/example_skip_dag.py for tasks to queue
[2024-11-09T08:55:38.682+0000] {logging_mixin.py:190} INFO - [2024-11-09T08:55:38.681+0000] {dagbag.py:588} INFO - Filling up the DagBag from /home/airflow/.local/lib/python3.12/site-packages/airflow/example_dags/example_skip_dag.py
[2024-11-09T08:55:38.698+0000] {processor.py:925} INFO - DAG(s) 'example_skip_dag' retrieved from /home/airflow/.local/lib/python3.12/site-packages/airflow/example_dags/example_skip_dag.py
[2024-11-09T08:55:38.735+0000] {logging_mixin.py:190} INFO - [2024-11-09T08:55:38.735+0000] {dag.py:3239} INFO - Sync 1 DAGs
[2024-11-09T08:55:38.786+0000] {logging_mixin.py:190} INFO - [2024-11-09T08:55:38.786+0000] {dag.py:4180} INFO - Setting next_dagrun for example_skip_dag to 2024-11-08 00:00:00+00:00, run_after=2024-11-09 00:00:00+00:00
[2024-11-09T08:55:38.855+0000] {processor.py:208} INFO - Processing /home/airflow/.local/lib/python3.12/site-packages/airflow/example_dags/example_skip_dag.py took 0.186 seconds
[2024-11-09T08:56:11.806+0000] {processor.py:186} INFO - Started process (PID=515) to work on /home/airflow/.local/lib/python3.12/site-packages/airflow/example_dags/example_skip_dag.py
[2024-11-09T08:56:11.808+0000] {processor.py:914} INFO - Processing file /home/airflow/.local/lib/python3.12/site-packages/airflow/example_dags/example_skip_dag.py for tasks to queue
[2024-11-09T08:56:11.812+0000] {logging_mixin.py:190} INFO - [2024-11-09T08:56:11.811+0000] {dagbag.py:588} INFO - Filling up the DagBag from /home/airflow/.local/lib/python3.12/site-packages/airflow/example_dags/example_skip_dag.py
[2024-11-09T08:56:11.825+0000] {processor.py:925} INFO - DAG(s) 'example_skip_dag' retrieved from /home/airflow/.local/lib/python3.12/site-packages/airflow/example_dags/example_skip_dag.py
[2024-11-09T08:56:11.857+0000] {logging_mixin.py:190} INFO - [2024-11-09T08:56:11.856+0000] {dag.py:3239} INFO - Sync 1 DAGs
[2024-11-09T08:56:11.888+0000] {logging_mixin.py:190} INFO - [2024-11-09T08:56:11.888+0000] {dag.py:4180} INFO - Setting next_dagrun for example_skip_dag to 2024-11-08 00:00:00+00:00, run_after=2024-11-09 00:00:00+00:00
[2024-11-09T08:56:12.002+0000] {processor.py:208} INFO - Processing /home/airflow/.local/lib/python3.12/site-packages/airflow/example_dags/example_skip_dag.py took 0.204 seconds
[2024-11-09T08:56:43.345+0000] {processor.py:186} INFO - Started process (PID=580) to work on /home/airflow/.local/lib/python3.12/site-packages/airflow/example_dags/example_skip_dag.py
[2024-11-09T08:56:43.346+0000] {processor.py:914} INFO - Processing file /home/airflow/.local/lib/python3.12/site-packages/airflow/example_dags/example_skip_dag.py for tasks to queue
[2024-11-09T08:56:43.349+0000] {logging_mixin.py:190} INFO - [2024-11-09T08:56:43.349+0000] {dagbag.py:588} INFO - Filling up the DagBag from /home/airflow/.local/lib/python3.12/site-packages/airflow/example_dags/example_skip_dag.py
[2024-11-09T08:56:43.359+0000] {processor.py:925} INFO - DAG(s) 'example_skip_dag' retrieved from /home/airflow/.local/lib/python3.12/site-packages/airflow/example_dags/example_skip_dag.py
[2024-11-09T08:56:43.384+0000] {logging_mixin.py:190} INFO - [2024-11-09T08:56:43.384+0000] {dag.py:3239} INFO - Sync 1 DAGs
[2024-11-09T08:56:43.409+0000] {logging_mixin.py:190} INFO - [2024-11-09T08:56:43.409+0000] {dag.py:4180} INFO - Setting next_dagrun for example_skip_dag to 2024-11-08 00:00:00+00:00, run_after=2024-11-09 00:00:00+00:00
[2024-11-09T08:56:43.461+0000] {processor.py:208} INFO - Processing /home/airflow/.local/lib/python3.12/site-packages/airflow/example_dags/example_skip_dag.py took 0.123 seconds
[2024-11-09T08:57:15.292+0000] {processor.py:186} INFO - Started process (PID=644) to work on /home/airflow/.local/lib/python3.12/site-packages/airflow/example_dags/example_skip_dag.py
[2024-11-09T08:57:15.294+0000] {processor.py:914} INFO - Processing file /home/airflow/.local/lib/python3.12/site-packages/airflow/example_dags/example_skip_dag.py for tasks to queue
[2024-11-09T08:57:15.299+0000] {logging_mixin.py:190} INFO - [2024-11-09T08:57:15.298+0000] {dagbag.py:588} INFO - Filling up the DagBag from /home/airflow/.local/lib/python3.12/site-packages/airflow/example_dags/example_skip_dag.py
[2024-11-09T08:57:15.321+0000] {processor.py:925} INFO - DAG(s) 'example_skip_dag' retrieved from /home/airflow/.local/lib/python3.12/site-packages/airflow/example_dags/example_skip_dag.py
[2024-11-09T08:57:15.383+0000] {logging_mixin.py:190} INFO - [2024-11-09T08:57:15.382+0000] {dag.py:3239} INFO - Sync 1 DAGs
[2024-11-09T08:57:15.437+0000] {logging_mixin.py:190} INFO - [2024-11-09T08:57:15.436+0000] {dag.py:4180} INFO - Setting next_dagrun for example_skip_dag to 2024-11-08 00:00:00+00:00, run_after=2024-11-09 00:00:00+00:00
[2024-11-09T08:57:15.673+0000] {processor.py:208} INFO - Processing /home/airflow/.local/lib/python3.12/site-packages/airflow/example_dags/example_skip_dag.py took 0.393 seconds
[2024-11-09T08:57:46.917+0000] {processor.py:186} INFO - Started process (PID=714) to work on /home/airflow/.local/lib/python3.12/site-packages/airflow/example_dags/example_skip_dag.py
[2024-11-09T08:57:46.918+0000] {processor.py:914} INFO - Processing file /home/airflow/.local/lib/python3.12/site-packages/airflow/example_dags/example_skip_dag.py for tasks to queue
[2024-11-09T08:57:46.924+0000] {logging_mixin.py:190} INFO - [2024-11-09T08:57:46.923+0000] {dagbag.py:588} INFO - Filling up the DagBag from /home/airflow/.local/lib/python3.12/site-packages/airflow/example_dags/example_skip_dag.py
[2024-11-09T08:57:46.934+0000] {processor.py:925} INFO - DAG(s) 'example_skip_dag' retrieved from /home/airflow/.local/lib/python3.12/site-packages/airflow/example_dags/example_skip_dag.py
[2024-11-09T08:57:46.960+0000] {logging_mixin.py:190} INFO - [2024-11-09T08:57:46.960+0000] {dag.py:3239} INFO - Sync 1 DAGs
[2024-11-09T08:57:47.008+0000] {logging_mixin.py:190} INFO - [2024-11-09T08:57:47.008+0000] {dag.py:4180} INFO - Setting next_dagrun for example_skip_dag to 2024-11-08 00:00:00+00:00, run_after=2024-11-09 00:00:00+00:00
[2024-11-09T08:57:47.038+0000] {processor.py:208} INFO - Processing /home/airflow/.local/lib/python3.12/site-packages/airflow/example_dags/example_skip_dag.py took 0.129 seconds
[2024-11-09T08:58:17.842+0000] {processor.py:186} INFO - Started process (PID=777) to work on /home/airflow/.local/lib/python3.12/site-packages/airflow/example_dags/example_skip_dag.py
[2024-11-09T08:58:17.843+0000] {processor.py:914} INFO - Processing file /home/airflow/.local/lib/python3.12/site-packages/airflow/example_dags/example_skip_dag.py for tasks to queue
[2024-11-09T08:58:17.846+0000] {logging_mixin.py:190} INFO - [2024-11-09T08:58:17.846+0000] {dagbag.py:588} INFO - Filling up the DagBag from /home/airflow/.local/lib/python3.12/site-packages/airflow/example_dags/example_skip_dag.py
[2024-11-09T08:58:17.859+0000] {processor.py:925} INFO - DAG(s) 'example_skip_dag' retrieved from /home/airflow/.local/lib/python3.12/site-packages/airflow/example_dags/example_skip_dag.py
[2024-11-09T08:58:17.885+0000] {logging_mixin.py:190} INFO - [2024-11-09T08:58:17.885+0000] {dag.py:3239} INFO - Sync 1 DAGs
[2024-11-09T08:58:17.917+0000] {logging_mixin.py:190} INFO - [2024-11-09T08:58:17.916+0000] {dag.py:4180} INFO - Setting next_dagrun for example_skip_dag to 2024-11-08 00:00:00+00:00, run_after=2024-11-09 00:00:00+00:00
[2024-11-09T08:58:17.983+0000] {processor.py:208} INFO - Processing /home/airflow/.local/lib/python3.12/site-packages/airflow/example_dags/example_skip_dag.py took 0.149 seconds
[2024-11-09T10:15:44.307+0000] {processor.py:186} INFO - Started process (PID=113) to work on /home/airflow/.local/lib/python3.12/site-packages/airflow/example_dags/example_skip_dag.py
[2024-11-09T10:15:44.309+0000] {processor.py:914} INFO - Processing file /home/airflow/.local/lib/python3.12/site-packages/airflow/example_dags/example_skip_dag.py for tasks to queue
[2024-11-09T10:15:44.313+0000] {logging_mixin.py:190} INFO - [2024-11-09T10:15:44.312+0000] {dagbag.py:588} INFO - Filling up the DagBag from /home/airflow/.local/lib/python3.12/site-packages/airflow/example_dags/example_skip_dag.py
[2024-11-09T10:15:44.329+0000] {processor.py:925} INFO - DAG(s) 'example_skip_dag' retrieved from /home/airflow/.local/lib/python3.12/site-packages/airflow/example_dags/example_skip_dag.py
[2024-11-09T10:15:44.352+0000] {logging_mixin.py:190} INFO - [2024-11-09T10:15:44.352+0000] {dag.py:3239} INFO - Sync 1 DAGs
[2024-11-09T10:15:44.376+0000] {logging_mixin.py:190} INFO - [2024-11-09T10:15:44.376+0000] {dag.py:4180} INFO - Setting next_dagrun for example_skip_dag to 2024-11-08 00:00:00+00:00, run_after=2024-11-09 00:00:00+00:00
[2024-11-09T10:15:44.423+0000] {processor.py:208} INFO - Processing /home/airflow/.local/lib/python3.12/site-packages/airflow/example_dags/example_skip_dag.py took 0.131 seconds
[2024-11-09T10:16:16.731+0000] {processor.py:186} INFO - Started process (PID=178) to work on /home/airflow/.local/lib/python3.12/site-packages/airflow/example_dags/example_skip_dag.py
[2024-11-09T10:16:16.732+0000] {processor.py:914} INFO - Processing file /home/airflow/.local/lib/python3.12/site-packages/airflow/example_dags/example_skip_dag.py for tasks to queue
[2024-11-09T10:16:16.735+0000] {logging_mixin.py:190} INFO - [2024-11-09T10:16:16.734+0000] {dagbag.py:588} INFO - Filling up the DagBag from /home/airflow/.local/lib/python3.12/site-packages/airflow/example_dags/example_skip_dag.py
[2024-11-09T10:16:16.747+0000] {processor.py:925} INFO - DAG(s) 'example_skip_dag' retrieved from /home/airflow/.local/lib/python3.12/site-packages/airflow/example_dags/example_skip_dag.py
[2024-11-09T10:16:16.783+0000] {logging_mixin.py:190} INFO - [2024-11-09T10:16:16.783+0000] {dag.py:3239} INFO - Sync 1 DAGs
[2024-11-09T10:16:16.823+0000] {logging_mixin.py:190} INFO - [2024-11-09T10:16:16.823+0000] {dag.py:4180} INFO - Setting next_dagrun for example_skip_dag to 2024-11-08 00:00:00+00:00, run_after=2024-11-09 00:00:00+00:00
[2024-11-09T10:16:16.855+0000] {processor.py:208} INFO - Processing /home/airflow/.local/lib/python3.12/site-packages/airflow/example_dags/example_skip_dag.py took 0.132 seconds
[2024-11-09T10:16:49.414+0000] {processor.py:186} INFO - Started process (PID=242) to work on /home/airflow/.local/lib/python3.12/site-packages/airflow/example_dags/example_skip_dag.py
[2024-11-09T10:16:49.415+0000] {processor.py:914} INFO - Processing file /home/airflow/.local/lib/python3.12/site-packages/airflow/example_dags/example_skip_dag.py for tasks to queue
[2024-11-09T10:16:49.418+0000] {logging_mixin.py:190} INFO - [2024-11-09T10:16:49.418+0000] {dagbag.py:588} INFO - Filling up the DagBag from /home/airflow/.local/lib/python3.12/site-packages/airflow/example_dags/example_skip_dag.py
[2024-11-09T10:16:49.430+0000] {processor.py:925} INFO - DAG(s) 'example_skip_dag' retrieved from /home/airflow/.local/lib/python3.12/site-packages/airflow/example_dags/example_skip_dag.py
[2024-11-09T10:16:49.457+0000] {logging_mixin.py:190} INFO - [2024-11-09T10:16:49.457+0000] {dag.py:3239} INFO - Sync 1 DAGs
[2024-11-09T10:16:49.486+0000] {logging_mixin.py:190} INFO - [2024-11-09T10:16:49.486+0000] {dag.py:4180} INFO - Setting next_dagrun for example_skip_dag to 2024-11-08 00:00:00+00:00, run_after=2024-11-09 00:00:00+00:00
[2024-11-09T10:16:49.539+0000] {processor.py:208} INFO - Processing /home/airflow/.local/lib/python3.12/site-packages/airflow/example_dags/example_skip_dag.py took 0.132 seconds
[2024-11-09T10:22:53.138+0000] {processor.py:186} INFO - Started process (PID=114) to work on /home/airflow/.local/lib/python3.12/site-packages/airflow/example_dags/example_skip_dag.py
[2024-11-09T10:22:53.140+0000] {processor.py:914} INFO - Processing file /home/airflow/.local/lib/python3.12/site-packages/airflow/example_dags/example_skip_dag.py for tasks to queue
[2024-11-09T10:22:53.143+0000] {logging_mixin.py:190} INFO - [2024-11-09T10:22:53.142+0000] {dagbag.py:588} INFO - Filling up the DagBag from /home/airflow/.local/lib/python3.12/site-packages/airflow/example_dags/example_skip_dag.py
[2024-11-09T10:22:53.153+0000] {processor.py:925} INFO - DAG(s) 'example_skip_dag' retrieved from /home/airflow/.local/lib/python3.12/site-packages/airflow/example_dags/example_skip_dag.py
[2024-11-09T10:22:53.181+0000] {logging_mixin.py:190} INFO - [2024-11-09T10:22:53.181+0000] {dag.py:3239} INFO - Sync 1 DAGs
[2024-11-09T10:22:53.210+0000] {logging_mixin.py:190} INFO - [2024-11-09T10:22:53.210+0000] {dag.py:4180} INFO - Setting next_dagrun for example_skip_dag to 2024-11-08 00:00:00+00:00, run_after=2024-11-09 00:00:00+00:00
[2024-11-09T10:22:53.237+0000] {processor.py:208} INFO - Processing /home/airflow/.local/lib/python3.12/site-packages/airflow/example_dags/example_skip_dag.py took 0.106 seconds
[2024-11-09T10:23:24.816+0000] {processor.py:186} INFO - Started process (PID=178) to work on /home/airflow/.local/lib/python3.12/site-packages/airflow/example_dags/example_skip_dag.py
[2024-11-09T10:23:24.817+0000] {processor.py:914} INFO - Processing file /home/airflow/.local/lib/python3.12/site-packages/airflow/example_dags/example_skip_dag.py for tasks to queue
[2024-11-09T10:23:24.821+0000] {logging_mixin.py:190} INFO - [2024-11-09T10:23:24.820+0000] {dagbag.py:588} INFO - Filling up the DagBag from /home/airflow/.local/lib/python3.12/site-packages/airflow/example_dags/example_skip_dag.py
[2024-11-09T10:23:24.833+0000] {processor.py:925} INFO - DAG(s) 'example_skip_dag' retrieved from /home/airflow/.local/lib/python3.12/site-packages/airflow/example_dags/example_skip_dag.py
[2024-11-09T10:23:24.861+0000] {logging_mixin.py:190} INFO - [2024-11-09T10:23:24.861+0000] {dag.py:3239} INFO - Sync 1 DAGs
[2024-11-09T10:23:24.892+0000] {logging_mixin.py:190} INFO - [2024-11-09T10:23:24.892+0000] {dag.py:4180} INFO - Setting next_dagrun for example_skip_dag to 2024-11-08 00:00:00+00:00, run_after=2024-11-09 00:00:00+00:00
[2024-11-09T10:23:24.939+0000] {processor.py:208} INFO - Processing /home/airflow/.local/lib/python3.12/site-packages/airflow/example_dags/example_skip_dag.py took 0.131 seconds
[2024-11-09T10:23:55.665+0000] {processor.py:186} INFO - Started process (PID=242) to work on /home/airflow/.local/lib/python3.12/site-packages/airflow/example_dags/example_skip_dag.py
[2024-11-09T10:23:55.666+0000] {processor.py:914} INFO - Processing file /home/airflow/.local/lib/python3.12/site-packages/airflow/example_dags/example_skip_dag.py for tasks to queue
[2024-11-09T10:23:55.669+0000] {logging_mixin.py:190} INFO - [2024-11-09T10:23:55.669+0000] {dagbag.py:588} INFO - Filling up the DagBag from /home/airflow/.local/lib/python3.12/site-packages/airflow/example_dags/example_skip_dag.py
[2024-11-09T10:23:55.679+0000] {processor.py:925} INFO - DAG(s) 'example_skip_dag' retrieved from /home/airflow/.local/lib/python3.12/site-packages/airflow/example_dags/example_skip_dag.py
[2024-11-09T10:23:55.703+0000] {logging_mixin.py:190} INFO - [2024-11-09T10:23:55.703+0000] {dag.py:3239} INFO - Sync 1 DAGs
[2024-11-09T10:23:55.732+0000] {logging_mixin.py:190} INFO - [2024-11-09T10:23:55.731+0000] {dag.py:4180} INFO - Setting next_dagrun for example_skip_dag to 2024-11-08 00:00:00+00:00, run_after=2024-11-09 00:00:00+00:00
[2024-11-09T10:23:55.887+0000] {processor.py:208} INFO - Processing /home/airflow/.local/lib/python3.12/site-packages/airflow/example_dags/example_skip_dag.py took 0.230 seconds
[2024-11-09T10:24:27.928+0000] {processor.py:186} INFO - Started process (PID=306) to work on /home/airflow/.local/lib/python3.12/site-packages/airflow/example_dags/example_skip_dag.py
[2024-11-09T10:24:27.929+0000] {processor.py:914} INFO - Processing file /home/airflow/.local/lib/python3.12/site-packages/airflow/example_dags/example_skip_dag.py for tasks to queue
[2024-11-09T10:24:27.932+0000] {logging_mixin.py:190} INFO - [2024-11-09T10:24:27.932+0000] {dagbag.py:588} INFO - Filling up the DagBag from /home/airflow/.local/lib/python3.12/site-packages/airflow/example_dags/example_skip_dag.py
[2024-11-09T10:24:27.943+0000] {processor.py:925} INFO - DAG(s) 'example_skip_dag' retrieved from /home/airflow/.local/lib/python3.12/site-packages/airflow/example_dags/example_skip_dag.py
[2024-11-09T10:24:27.972+0000] {logging_mixin.py:190} INFO - [2024-11-09T10:24:27.971+0000] {dag.py:3239} INFO - Sync 1 DAGs
[2024-11-09T10:24:28.000+0000] {logging_mixin.py:190} INFO - [2024-11-09T10:24:27.999+0000] {dag.py:4180} INFO - Setting next_dagrun for example_skip_dag to 2024-11-08 00:00:00+00:00, run_after=2024-11-09 00:00:00+00:00
[2024-11-09T10:24:28.127+0000] {processor.py:208} INFO - Processing /home/airflow/.local/lib/python3.12/site-packages/airflow/example_dags/example_skip_dag.py took 0.207 seconds
[2024-11-09T10:24:59.922+0000] {processor.py:186} INFO - Started process (PID=370) to work on /home/airflow/.local/lib/python3.12/site-packages/airflow/example_dags/example_skip_dag.py
[2024-11-09T10:24:59.923+0000] {processor.py:914} INFO - Processing file /home/airflow/.local/lib/python3.12/site-packages/airflow/example_dags/example_skip_dag.py for tasks to queue
[2024-11-09T10:24:59.926+0000] {logging_mixin.py:190} INFO - [2024-11-09T10:24:59.925+0000] {dagbag.py:588} INFO - Filling up the DagBag from /home/airflow/.local/lib/python3.12/site-packages/airflow/example_dags/example_skip_dag.py
[2024-11-09T10:24:59.936+0000] {processor.py:925} INFO - DAG(s) 'example_skip_dag' retrieved from /home/airflow/.local/lib/python3.12/site-packages/airflow/example_dags/example_skip_dag.py
[2024-11-09T10:24:59.962+0000] {logging_mixin.py:190} INFO - [2024-11-09T10:24:59.962+0000] {dag.py:3239} INFO - Sync 1 DAGs
[2024-11-09T10:24:59.995+0000] {logging_mixin.py:190} INFO - [2024-11-09T10:24:59.994+0000] {dag.py:4180} INFO - Setting next_dagrun for example_skip_dag to 2024-11-08 00:00:00+00:00, run_after=2024-11-09 00:00:00+00:00
[2024-11-09T10:25:00.218+0000] {processor.py:208} INFO - Processing /home/airflow/.local/lib/python3.12/site-packages/airflow/example_dags/example_skip_dag.py took 0.304 seconds
[2024-11-09T10:25:30.864+0000] {processor.py:186} INFO - Started process (PID=434) to work on /home/airflow/.local/lib/python3.12/site-packages/airflow/example_dags/example_skip_dag.py
[2024-11-09T10:25:30.873+0000] {processor.py:914} INFO - Processing file /home/airflow/.local/lib/python3.12/site-packages/airflow/example_dags/example_skip_dag.py for tasks to queue
[2024-11-09T10:25:30.888+0000] {logging_mixin.py:190} INFO - [2024-11-09T10:25:30.886+0000] {dagbag.py:588} INFO - Filling up the DagBag from /home/airflow/.local/lib/python3.12/site-packages/airflow/example_dags/example_skip_dag.py
[2024-11-09T10:25:30.901+0000] {processor.py:925} INFO - DAG(s) 'example_skip_dag' retrieved from /home/airflow/.local/lib/python3.12/site-packages/airflow/example_dags/example_skip_dag.py
[2024-11-09T10:25:30.926+0000] {logging_mixin.py:190} INFO - [2024-11-09T10:25:30.926+0000] {dag.py:3239} INFO - Sync 1 DAGs
[2024-11-09T10:25:30.955+0000] {logging_mixin.py:190} INFO - [2024-11-09T10:25:30.955+0000] {dag.py:4180} INFO - Setting next_dagrun for example_skip_dag to 2024-11-08 00:00:00+00:00, run_after=2024-11-09 00:00:00+00:00
[2024-11-09T10:25:30.982+0000] {processor.py:208} INFO - Processing /home/airflow/.local/lib/python3.12/site-packages/airflow/example_dags/example_skip_dag.py took 0.130 seconds
[2024-11-09T10:26:02.675+0000] {processor.py:186} INFO - Started process (PID=498) to work on /home/airflow/.local/lib/python3.12/site-packages/airflow/example_dags/example_skip_dag.py
[2024-11-09T10:26:02.676+0000] {processor.py:914} INFO - Processing file /home/airflow/.local/lib/python3.12/site-packages/airflow/example_dags/example_skip_dag.py for tasks to queue
[2024-11-09T10:26:02.679+0000] {logging_mixin.py:190} INFO - [2024-11-09T10:26:02.678+0000] {dagbag.py:588} INFO - Filling up the DagBag from /home/airflow/.local/lib/python3.12/site-packages/airflow/example_dags/example_skip_dag.py
[2024-11-09T10:26:02.698+0000] {processor.py:925} INFO - DAG(s) 'example_skip_dag' retrieved from /home/airflow/.local/lib/python3.12/site-packages/airflow/example_dags/example_skip_dag.py
[2024-11-09T10:26:02.731+0000] {logging_mixin.py:190} INFO - [2024-11-09T10:26:02.730+0000] {dag.py:3239} INFO - Sync 1 DAGs
[2024-11-09T10:26:02.763+0000] {logging_mixin.py:190} INFO - [2024-11-09T10:26:02.763+0000] {dag.py:4180} INFO - Setting next_dagrun for example_skip_dag to 2024-11-08 00:00:00+00:00, run_after=2024-11-09 00:00:00+00:00
[2024-11-09T10:26:02.787+0000] {processor.py:208} INFO - Processing /home/airflow/.local/lib/python3.12/site-packages/airflow/example_dags/example_skip_dag.py took 0.121 seconds
[2024-11-09T10:26:34.338+0000] {processor.py:186} INFO - Started process (PID=563) to work on /home/airflow/.local/lib/python3.12/site-packages/airflow/example_dags/example_skip_dag.py
[2024-11-09T10:26:34.340+0000] {processor.py:914} INFO - Processing file /home/airflow/.local/lib/python3.12/site-packages/airflow/example_dags/example_skip_dag.py for tasks to queue
[2024-11-09T10:26:34.344+0000] {logging_mixin.py:190} INFO - [2024-11-09T10:26:34.343+0000] {dagbag.py:588} INFO - Filling up the DagBag from /home/airflow/.local/lib/python3.12/site-packages/airflow/example_dags/example_skip_dag.py
[2024-11-09T10:26:34.356+0000] {processor.py:925} INFO - DAG(s) 'example_skip_dag' retrieved from /home/airflow/.local/lib/python3.12/site-packages/airflow/example_dags/example_skip_dag.py
[2024-11-09T10:26:34.383+0000] {logging_mixin.py:190} INFO - [2024-11-09T10:26:34.383+0000] {dag.py:3239} INFO - Sync 1 DAGs
[2024-11-09T10:26:34.410+0000] {logging_mixin.py:190} INFO - [2024-11-09T10:26:34.410+0000] {dag.py:4180} INFO - Setting next_dagrun for example_skip_dag to 2024-11-08 00:00:00+00:00, run_after=2024-11-09 00:00:00+00:00
[2024-11-09T10:26:34.672+0000] {processor.py:208} INFO - Processing /home/airflow/.local/lib/python3.12/site-packages/airflow/example_dags/example_skip_dag.py took 0.342 seconds
[2024-11-09T10:27:05.862+0000] {processor.py:186} INFO - Started process (PID=627) to work on /home/airflow/.local/lib/python3.12/site-packages/airflow/example_dags/example_skip_dag.py
[2024-11-09T10:27:05.863+0000] {processor.py:914} INFO - Processing file /home/airflow/.local/lib/python3.12/site-packages/airflow/example_dags/example_skip_dag.py for tasks to queue
[2024-11-09T10:27:05.866+0000] {logging_mixin.py:190} INFO - [2024-11-09T10:27:05.866+0000] {dagbag.py:588} INFO - Filling up the DagBag from /home/airflow/.local/lib/python3.12/site-packages/airflow/example_dags/example_skip_dag.py
[2024-11-09T10:27:05.876+0000] {processor.py:925} INFO - DAG(s) 'example_skip_dag' retrieved from /home/airflow/.local/lib/python3.12/site-packages/airflow/example_dags/example_skip_dag.py
[2024-11-09T10:27:05.898+0000] {logging_mixin.py:190} INFO - [2024-11-09T10:27:05.898+0000] {dag.py:3239} INFO - Sync 1 DAGs
[2024-11-09T10:27:05.923+0000] {logging_mixin.py:190} INFO - [2024-11-09T10:27:05.923+0000] {dag.py:4180} INFO - Setting next_dagrun for example_skip_dag to 2024-11-08 00:00:00+00:00, run_after=2024-11-09 00:00:00+00:00
[2024-11-09T10:27:05.945+0000] {processor.py:208} INFO - Processing /home/airflow/.local/lib/python3.12/site-packages/airflow/example_dags/example_skip_dag.py took 0.090 seconds
[2024-11-09T10:27:37.298+0000] {processor.py:186} INFO - Started process (PID=691) to work on /home/airflow/.local/lib/python3.12/site-packages/airflow/example_dags/example_skip_dag.py
[2024-11-09T10:27:37.301+0000] {processor.py:914} INFO - Processing file /home/airflow/.local/lib/python3.12/site-packages/airflow/example_dags/example_skip_dag.py for tasks to queue
[2024-11-09T10:27:37.306+0000] {logging_mixin.py:190} INFO - [2024-11-09T10:27:37.305+0000] {dagbag.py:588} INFO - Filling up the DagBag from /home/airflow/.local/lib/python3.12/site-packages/airflow/example_dags/example_skip_dag.py
[2024-11-09T10:27:37.315+0000] {processor.py:925} INFO - DAG(s) 'example_skip_dag' retrieved from /home/airflow/.local/lib/python3.12/site-packages/airflow/example_dags/example_skip_dag.py
[2024-11-09T10:27:37.339+0000] {logging_mixin.py:190} INFO - [2024-11-09T10:27:37.339+0000] {dag.py:3239} INFO - Sync 1 DAGs
[2024-11-09T10:27:37.368+0000] {logging_mixin.py:190} INFO - [2024-11-09T10:27:37.368+0000] {dag.py:4180} INFO - Setting next_dagrun for example_skip_dag to 2024-11-08 00:00:00+00:00, run_after=2024-11-09 00:00:00+00:00
[2024-11-09T10:27:37.427+0000] {processor.py:208} INFO - Processing /home/airflow/.local/lib/python3.12/site-packages/airflow/example_dags/example_skip_dag.py took 0.136 seconds
[2024-11-09T10:28:08.322+0000] {processor.py:186} INFO - Started process (PID=762) to work on /home/airflow/.local/lib/python3.12/site-packages/airflow/example_dags/example_skip_dag.py
[2024-11-09T10:28:08.324+0000] {processor.py:914} INFO - Processing file /home/airflow/.local/lib/python3.12/site-packages/airflow/example_dags/example_skip_dag.py for tasks to queue
[2024-11-09T10:28:08.327+0000] {logging_mixin.py:190} INFO - [2024-11-09T10:28:08.326+0000] {dagbag.py:588} INFO - Filling up the DagBag from /home/airflow/.local/lib/python3.12/site-packages/airflow/example_dags/example_skip_dag.py
[2024-11-09T10:28:08.338+0000] {processor.py:925} INFO - DAG(s) 'example_skip_dag' retrieved from /home/airflow/.local/lib/python3.12/site-packages/airflow/example_dags/example_skip_dag.py
[2024-11-09T10:28:08.363+0000] {logging_mixin.py:190} INFO - [2024-11-09T10:28:08.363+0000] {dag.py:3239} INFO - Sync 1 DAGs
[2024-11-09T10:28:08.389+0000] {logging_mixin.py:190} INFO - [2024-11-09T10:28:08.389+0000] {dag.py:4180} INFO - Setting next_dagrun for example_skip_dag to 2024-11-08 00:00:00+00:00, run_after=2024-11-09 00:00:00+00:00
[2024-11-09T10:28:08.503+0000] {processor.py:208} INFO - Processing /home/airflow/.local/lib/python3.12/site-packages/airflow/example_dags/example_skip_dag.py took 0.189 seconds
[2024-11-09T10:28:39.263+0000] {processor.py:186} INFO - Started process (PID=827) to work on /home/airflow/.local/lib/python3.12/site-packages/airflow/example_dags/example_skip_dag.py
[2024-11-09T10:28:39.265+0000] {processor.py:914} INFO - Processing file /home/airflow/.local/lib/python3.12/site-packages/airflow/example_dags/example_skip_dag.py for tasks to queue
[2024-11-09T10:28:39.267+0000] {logging_mixin.py:190} INFO - [2024-11-09T10:28:39.267+0000] {dagbag.py:588} INFO - Filling up the DagBag from /home/airflow/.local/lib/python3.12/site-packages/airflow/example_dags/example_skip_dag.py
[2024-11-09T10:28:39.276+0000] {processor.py:925} INFO - DAG(s) 'example_skip_dag' retrieved from /home/airflow/.local/lib/python3.12/site-packages/airflow/example_dags/example_skip_dag.py
[2024-11-09T10:28:39.300+0000] {logging_mixin.py:190} INFO - [2024-11-09T10:28:39.300+0000] {dag.py:3239} INFO - Sync 1 DAGs
[2024-11-09T10:28:39.326+0000] {logging_mixin.py:190} INFO - [2024-11-09T10:28:39.326+0000] {dag.py:4180} INFO - Setting next_dagrun for example_skip_dag to 2024-11-08 00:00:00+00:00, run_after=2024-11-09 00:00:00+00:00
[2024-11-09T10:28:39.471+0000] {processor.py:208} INFO - Processing /home/airflow/.local/lib/python3.12/site-packages/airflow/example_dags/example_skip_dag.py took 0.214 seconds
[2024-11-09T10:29:10.245+0000] {processor.py:186} INFO - Started process (PID=890) to work on /home/airflow/.local/lib/python3.12/site-packages/airflow/example_dags/example_skip_dag.py
[2024-11-09T10:29:10.246+0000] {processor.py:914} INFO - Processing file /home/airflow/.local/lib/python3.12/site-packages/airflow/example_dags/example_skip_dag.py for tasks to queue
[2024-11-09T10:29:10.249+0000] {logging_mixin.py:190} INFO - [2024-11-09T10:29:10.249+0000] {dagbag.py:588} INFO - Filling up the DagBag from /home/airflow/.local/lib/python3.12/site-packages/airflow/example_dags/example_skip_dag.py
[2024-11-09T10:29:10.260+0000] {processor.py:925} INFO - DAG(s) 'example_skip_dag' retrieved from /home/airflow/.local/lib/python3.12/site-packages/airflow/example_dags/example_skip_dag.py
[2024-11-09T10:29:10.289+0000] {logging_mixin.py:190} INFO - [2024-11-09T10:29:10.289+0000] {dag.py:3239} INFO - Sync 1 DAGs
[2024-11-09T10:29:10.351+0000] {logging_mixin.py:190} INFO - [2024-11-09T10:29:10.350+0000] {dag.py:4180} INFO - Setting next_dagrun for example_skip_dag to 2024-11-08 00:00:00+00:00, run_after=2024-11-09 00:00:00+00:00
[2024-11-09T10:29:10.383+0000] {processor.py:208} INFO - Processing /home/airflow/.local/lib/python3.12/site-packages/airflow/example_dags/example_skip_dag.py took 0.146 seconds
[2024-11-09T10:29:41.241+0000] {processor.py:186} INFO - Started process (PID=955) to work on /home/airflow/.local/lib/python3.12/site-packages/airflow/example_dags/example_skip_dag.py
[2024-11-09T10:29:41.243+0000] {processor.py:914} INFO - Processing file /home/airflow/.local/lib/python3.12/site-packages/airflow/example_dags/example_skip_dag.py for tasks to queue
[2024-11-09T10:29:41.246+0000] {logging_mixin.py:190} INFO - [2024-11-09T10:29:41.245+0000] {dagbag.py:588} INFO - Filling up the DagBag from /home/airflow/.local/lib/python3.12/site-packages/airflow/example_dags/example_skip_dag.py
[2024-11-09T10:29:41.257+0000] {processor.py:925} INFO - DAG(s) 'example_skip_dag' retrieved from /home/airflow/.local/lib/python3.12/site-packages/airflow/example_dags/example_skip_dag.py
[2024-11-09T10:29:41.287+0000] {logging_mixin.py:190} INFO - [2024-11-09T10:29:41.286+0000] {dag.py:3239} INFO - Sync 1 DAGs
[2024-11-09T10:29:41.314+0000] {logging_mixin.py:190} INFO - [2024-11-09T10:29:41.314+0000] {dag.py:4180} INFO - Setting next_dagrun for example_skip_dag to 2024-11-08 00:00:00+00:00, run_after=2024-11-09 00:00:00+00:00
[2024-11-09T10:29:41.377+0000] {processor.py:208} INFO - Processing /home/airflow/.local/lib/python3.12/site-packages/airflow/example_dags/example_skip_dag.py took 0.144 seconds
[2024-11-09T10:30:12.000+0000] {processor.py:186} INFO - Started process (PID=1018) to work on /home/airflow/.local/lib/python3.12/site-packages/airflow/example_dags/example_skip_dag.py
[2024-11-09T10:30:12.001+0000] {processor.py:914} INFO - Processing file /home/airflow/.local/lib/python3.12/site-packages/airflow/example_dags/example_skip_dag.py for tasks to queue
[2024-11-09T10:30:12.004+0000] {logging_mixin.py:190} INFO - [2024-11-09T10:30:12.004+0000] {dagbag.py:588} INFO - Filling up the DagBag from /home/airflow/.local/lib/python3.12/site-packages/airflow/example_dags/example_skip_dag.py
[2024-11-09T10:30:12.015+0000] {processor.py:925} INFO - DAG(s) 'example_skip_dag' retrieved from /home/airflow/.local/lib/python3.12/site-packages/airflow/example_dags/example_skip_dag.py
[2024-11-09T10:30:12.038+0000] {logging_mixin.py:190} INFO - [2024-11-09T10:30:12.038+0000] {dag.py:3239} INFO - Sync 1 DAGs
[2024-11-09T10:30:12.065+0000] {logging_mixin.py:190} INFO - [2024-11-09T10:30:12.064+0000] {dag.py:4180} INFO - Setting next_dagrun for example_skip_dag to 2024-11-08 00:00:00+00:00, run_after=2024-11-09 00:00:00+00:00
[2024-11-09T10:30:12.522+0000] {processor.py:208} INFO - Processing /home/airflow/.local/lib/python3.12/site-packages/airflow/example_dags/example_skip_dag.py took 0.530 seconds
[2024-11-09T10:30:43.006+0000] {processor.py:186} INFO - Started process (PID=1082) to work on /home/airflow/.local/lib/python3.12/site-packages/airflow/example_dags/example_skip_dag.py
[2024-11-09T10:30:43.007+0000] {processor.py:914} INFO - Processing file /home/airflow/.local/lib/python3.12/site-packages/airflow/example_dags/example_skip_dag.py for tasks to queue
[2024-11-09T10:30:43.010+0000] {logging_mixin.py:190} INFO - [2024-11-09T10:30:43.010+0000] {dagbag.py:588} INFO - Filling up the DagBag from /home/airflow/.local/lib/python3.12/site-packages/airflow/example_dags/example_skip_dag.py
[2024-11-09T10:30:43.019+0000] {processor.py:925} INFO - DAG(s) 'example_skip_dag' retrieved from /home/airflow/.local/lib/python3.12/site-packages/airflow/example_dags/example_skip_dag.py
[2024-11-09T10:30:43.045+0000] {logging_mixin.py:190} INFO - [2024-11-09T10:30:43.045+0000] {dag.py:3239} INFO - Sync 1 DAGs
[2024-11-09T10:30:43.072+0000] {logging_mixin.py:190} INFO - [2024-11-09T10:30:43.072+0000] {dag.py:4180} INFO - Setting next_dagrun for example_skip_dag to 2024-11-08 00:00:00+00:00, run_after=2024-11-09 00:00:00+00:00
[2024-11-09T10:30:43.095+0000] {processor.py:208} INFO - Processing /home/airflow/.local/lib/python3.12/site-packages/airflow/example_dags/example_skip_dag.py took 0.096 seconds
[2024-11-09T10:31:18.806+0000] {processor.py:186} INFO - Started process (PID=1147) to work on /home/airflow/.local/lib/python3.12/site-packages/airflow/example_dags/example_skip_dag.py
[2024-11-09T10:31:18.808+0000] {processor.py:914} INFO - Processing file /home/airflow/.local/lib/python3.12/site-packages/airflow/example_dags/example_skip_dag.py for tasks to queue
[2024-11-09T10:31:18.811+0000] {logging_mixin.py:190} INFO - [2024-11-09T10:31:18.811+0000] {dagbag.py:588} INFO - Filling up the DagBag from /home/airflow/.local/lib/python3.12/site-packages/airflow/example_dags/example_skip_dag.py
[2024-11-09T10:31:18.821+0000] {processor.py:925} INFO - DAG(s) 'example_skip_dag' retrieved from /home/airflow/.local/lib/python3.12/site-packages/airflow/example_dags/example_skip_dag.py
[2024-11-09T10:31:18.847+0000] {logging_mixin.py:190} INFO - [2024-11-09T10:31:18.846+0000] {dag.py:3239} INFO - Sync 1 DAGs
[2024-11-09T10:31:18.884+0000] {logging_mixin.py:190} INFO - [2024-11-09T10:31:18.883+0000] {dag.py:4180} INFO - Setting next_dagrun for example_skip_dag to 2024-11-08 00:00:00+00:00, run_after=2024-11-09 00:00:00+00:00
[2024-11-09T10:31:18.910+0000] {processor.py:208} INFO - Processing /home/airflow/.local/lib/python3.12/site-packages/airflow/example_dags/example_skip_dag.py took 0.111 seconds
[2024-11-09T10:31:50.749+0000] {processor.py:186} INFO - Started process (PID=1213) to work on /home/airflow/.local/lib/python3.12/site-packages/airflow/example_dags/example_skip_dag.py
[2024-11-09T10:31:50.752+0000] {processor.py:914} INFO - Processing file /home/airflow/.local/lib/python3.12/site-packages/airflow/example_dags/example_skip_dag.py for tasks to queue
[2024-11-09T10:31:50.758+0000] {logging_mixin.py:190} INFO - [2024-11-09T10:31:50.758+0000] {dagbag.py:588} INFO - Filling up the DagBag from /home/airflow/.local/lib/python3.12/site-packages/airflow/example_dags/example_skip_dag.py
[2024-11-09T10:31:50.791+0000] {processor.py:925} INFO - DAG(s) 'example_skip_dag' retrieved from /home/airflow/.local/lib/python3.12/site-packages/airflow/example_dags/example_skip_dag.py
[2024-11-09T10:31:50.826+0000] {logging_mixin.py:190} INFO - [2024-11-09T10:31:50.826+0000] {dag.py:3239} INFO - Sync 1 DAGs
[2024-11-09T10:31:50.868+0000] {logging_mixin.py:190} INFO - [2024-11-09T10:31:50.868+0000] {dag.py:4180} INFO - Setting next_dagrun for example_skip_dag to 2024-11-08 00:00:00+00:00, run_after=2024-11-09 00:00:00+00:00
[2024-11-09T10:31:50.893+0000] {processor.py:208} INFO - Processing /home/airflow/.local/lib/python3.12/site-packages/airflow/example_dags/example_skip_dag.py took 0.151 seconds
[2024-11-09T10:32:22.452+0000] {processor.py:186} INFO - Started process (PID=1277) to work on /home/airflow/.local/lib/python3.12/site-packages/airflow/example_dags/example_skip_dag.py
[2024-11-09T10:32:22.454+0000] {processor.py:914} INFO - Processing file /home/airflow/.local/lib/python3.12/site-packages/airflow/example_dags/example_skip_dag.py for tasks to queue
[2024-11-09T10:32:22.457+0000] {logging_mixin.py:190} INFO - [2024-11-09T10:32:22.456+0000] {dagbag.py:588} INFO - Filling up the DagBag from /home/airflow/.local/lib/python3.12/site-packages/airflow/example_dags/example_skip_dag.py
[2024-11-09T10:32:22.470+0000] {processor.py:925} INFO - DAG(s) 'example_skip_dag' retrieved from /home/airflow/.local/lib/python3.12/site-packages/airflow/example_dags/example_skip_dag.py
[2024-11-09T10:32:22.498+0000] {logging_mixin.py:190} INFO - [2024-11-09T10:32:22.497+0000] {dag.py:3239} INFO - Sync 1 DAGs
[2024-11-09T10:32:22.533+0000] {logging_mixin.py:190} INFO - [2024-11-09T10:32:22.533+0000] {dag.py:4180} INFO - Setting next_dagrun for example_skip_dag to 2024-11-08 00:00:00+00:00, run_after=2024-11-09 00:00:00+00:00
[2024-11-09T10:32:22.562+0000] {processor.py:208} INFO - Processing /home/airflow/.local/lib/python3.12/site-packages/airflow/example_dags/example_skip_dag.py took 0.118 seconds
[2024-11-09T10:32:54.558+0000] {processor.py:186} INFO - Started process (PID=1349) to work on /home/airflow/.local/lib/python3.12/site-packages/airflow/example_dags/example_skip_dag.py
[2024-11-09T10:32:54.560+0000] {processor.py:914} INFO - Processing file /home/airflow/.local/lib/python3.12/site-packages/airflow/example_dags/example_skip_dag.py for tasks to queue
[2024-11-09T10:32:54.563+0000] {logging_mixin.py:190} INFO - [2024-11-09T10:32:54.562+0000] {dagbag.py:588} INFO - Filling up the DagBag from /home/airflow/.local/lib/python3.12/site-packages/airflow/example_dags/example_skip_dag.py
[2024-11-09T10:32:54.586+0000] {processor.py:925} INFO - DAG(s) 'example_skip_dag' retrieved from /home/airflow/.local/lib/python3.12/site-packages/airflow/example_dags/example_skip_dag.py
[2024-11-09T10:32:54.630+0000] {logging_mixin.py:190} INFO - [2024-11-09T10:32:54.629+0000] {dag.py:3239} INFO - Sync 1 DAGs
[2024-11-09T10:32:54.703+0000] {logging_mixin.py:190} INFO - [2024-11-09T10:32:54.703+0000] {dag.py:4180} INFO - Setting next_dagrun for example_skip_dag to 2024-11-08 00:00:00+00:00, run_after=2024-11-09 00:00:00+00:00
[2024-11-09T10:32:54.759+0000] {processor.py:208} INFO - Processing /home/airflow/.local/lib/python3.12/site-packages/airflow/example_dags/example_skip_dag.py took 0.216 seconds
[2024-11-09T10:53:13.077+0000] {processor.py:186} INFO - Started process (PID=116) to work on /home/airflow/.local/lib/python3.12/site-packages/airflow/example_dags/example_skip_dag.py
[2024-11-09T10:53:13.078+0000] {processor.py:914} INFO - Processing file /home/airflow/.local/lib/python3.12/site-packages/airflow/example_dags/example_skip_dag.py for tasks to queue
[2024-11-09T10:53:13.082+0000] {logging_mixin.py:190} INFO - [2024-11-09T10:53:13.082+0000] {dagbag.py:588} INFO - Filling up the DagBag from /home/airflow/.local/lib/python3.12/site-packages/airflow/example_dags/example_skip_dag.py
[2024-11-09T10:53:13.093+0000] {processor.py:925} INFO - DAG(s) 'example_skip_dag' retrieved from /home/airflow/.local/lib/python3.12/site-packages/airflow/example_dags/example_skip_dag.py
[2024-11-09T10:53:13.128+0000] {logging_mixin.py:190} INFO - [2024-11-09T10:53:13.128+0000] {dag.py:3239} INFO - Sync 1 DAGs
[2024-11-09T10:53:13.162+0000] {logging_mixin.py:190} INFO - [2024-11-09T10:53:13.162+0000] {dag.py:4180} INFO - Setting next_dagrun for example_skip_dag to 2024-11-08 00:00:00+00:00, run_after=2024-11-09 00:00:00+00:00
[2024-11-09T10:53:13.193+0000] {processor.py:208} INFO - Processing /home/airflow/.local/lib/python3.12/site-packages/airflow/example_dags/example_skip_dag.py took 0.125 seconds
