[2024-11-09T08:52:56.876+0000] {processor.py:186} INFO - Started process (PID=124) to work on /home/airflow/.local/lib/python3.12/site-packages/airflow/example_dags/example_nested_branch_dag.py
[2024-11-09T08:52:56.877+0000] {processor.py:914} INFO - Processing file /home/airflow/.local/lib/python3.12/site-packages/airflow/example_dags/example_nested_branch_dag.py for tasks to queue
[2024-11-09T08:52:56.881+0000] {logging_mixin.py:190} INFO - [2024-11-09T08:52:56.880+0000] {dagbag.py:588} INFO - Filling up the DagBag from /home/airflow/.local/lib/python3.12/site-packages/airflow/example_dags/example_nested_branch_dag.py
[2024-11-09T08:52:56.906+0000] {processor.py:925} INFO - DAG(s) 'example_nested_branch_dag' retrieved from /home/airflow/.local/lib/python3.12/site-packages/airflow/example_dags/example_nested_branch_dag.py
[2024-11-09T08:52:56.944+0000] {logging_mixin.py:190} INFO - [2024-11-09T08:52:56.944+0000] {dag.py:3239} INFO - Sync 1 DAGs
[2024-11-09T08:52:57.011+0000] {logging_mixin.py:190} INFO - [2024-11-09T08:52:57.010+0000] {dag.py:4180} INFO - Setting next_dagrun for example_nested_branch_dag to 2024-11-08 00:00:00+00:00, run_after=2024-11-09 00:00:00+00:00
[2024-11-09T08:52:57.050+0000] {processor.py:208} INFO - Processing /home/airflow/.local/lib/python3.12/site-packages/airflow/example_dags/example_nested_branch_dag.py took 0.181 seconds
[2024-11-09T08:53:33.405+0000] {processor.py:186} INFO - Started process (PID=188) to work on /home/airflow/.local/lib/python3.12/site-packages/airflow/example_dags/example_nested_branch_dag.py
[2024-11-09T08:53:33.411+0000] {processor.py:914} INFO - Processing file /home/airflow/.local/lib/python3.12/site-packages/airflow/example_dags/example_nested_branch_dag.py for tasks to queue
[2024-11-09T08:53:33.416+0000] {logging_mixin.py:190} INFO - [2024-11-09T08:53:33.415+0000] {dagbag.py:588} INFO - Filling up the DagBag from /home/airflow/.local/lib/python3.12/site-packages/airflow/example_dags/example_nested_branch_dag.py
[2024-11-09T08:53:33.450+0000] {processor.py:925} INFO - DAG(s) 'example_nested_branch_dag' retrieved from /home/airflow/.local/lib/python3.12/site-packages/airflow/example_dags/example_nested_branch_dag.py
[2024-11-09T08:53:33.525+0000] {logging_mixin.py:190} INFO - [2024-11-09T08:53:33.524+0000] {dag.py:3239} INFO - Sync 1 DAGs
[2024-11-09T08:53:33.638+0000] {logging_mixin.py:190} INFO - [2024-11-09T08:53:33.638+0000] {dag.py:4180} INFO - Setting next_dagrun for example_nested_branch_dag to 2024-11-08 00:00:00+00:00, run_after=2024-11-09 00:00:00+00:00
[2024-11-09T08:53:33.694+0000] {processor.py:208} INFO - Processing /home/airflow/.local/lib/python3.12/site-packages/airflow/example_dags/example_nested_branch_dag.py took 0.299 seconds
[2024-11-09T08:54:04.650+0000] {processor.py:186} INFO - Started process (PID=253) to work on /home/airflow/.local/lib/python3.12/site-packages/airflow/example_dags/example_nested_branch_dag.py
[2024-11-09T08:54:04.651+0000] {processor.py:914} INFO - Processing file /home/airflow/.local/lib/python3.12/site-packages/airflow/example_dags/example_nested_branch_dag.py for tasks to queue
[2024-11-09T08:54:04.654+0000] {logging_mixin.py:190} INFO - [2024-11-09T08:54:04.654+0000] {dagbag.py:588} INFO - Filling up the DagBag from /home/airflow/.local/lib/python3.12/site-packages/airflow/example_dags/example_nested_branch_dag.py
[2024-11-09T08:54:04.677+0000] {processor.py:925} INFO - DAG(s) 'example_nested_branch_dag' retrieved from /home/airflow/.local/lib/python3.12/site-packages/airflow/example_dags/example_nested_branch_dag.py
[2024-11-09T08:54:04.714+0000] {logging_mixin.py:190} INFO - [2024-11-09T08:54:04.714+0000] {dag.py:3239} INFO - Sync 1 DAGs
[2024-11-09T08:54:04.758+0000] {logging_mixin.py:190} INFO - [2024-11-09T08:54:04.758+0000] {dag.py:4180} INFO - Setting next_dagrun for example_nested_branch_dag to 2024-11-08 00:00:00+00:00, run_after=2024-11-09 00:00:00+00:00
[2024-11-09T08:54:04.786+0000] {processor.py:208} INFO - Processing /home/airflow/.local/lib/python3.12/site-packages/airflow/example_dags/example_nested_branch_dag.py took 0.152 seconds
[2024-11-09T08:54:35.580+0000] {processor.py:186} INFO - Started process (PID=317) to work on /home/airflow/.local/lib/python3.12/site-packages/airflow/example_dags/example_nested_branch_dag.py
[2024-11-09T08:54:35.581+0000] {processor.py:914} INFO - Processing file /home/airflow/.local/lib/python3.12/site-packages/airflow/example_dags/example_nested_branch_dag.py for tasks to queue
[2024-11-09T08:54:35.584+0000] {logging_mixin.py:190} INFO - [2024-11-09T08:54:35.584+0000] {dagbag.py:588} INFO - Filling up the DagBag from /home/airflow/.local/lib/python3.12/site-packages/airflow/example_dags/example_nested_branch_dag.py
[2024-11-09T08:54:35.599+0000] {processor.py:925} INFO - DAG(s) 'example_nested_branch_dag' retrieved from /home/airflow/.local/lib/python3.12/site-packages/airflow/example_dags/example_nested_branch_dag.py
[2024-11-09T08:54:35.629+0000] {logging_mixin.py:190} INFO - [2024-11-09T08:54:35.628+0000] {dag.py:3239} INFO - Sync 1 DAGs
[2024-11-09T08:54:35.663+0000] {logging_mixin.py:190} INFO - [2024-11-09T08:54:35.662+0000] {dag.py:4180} INFO - Setting next_dagrun for example_nested_branch_dag to 2024-11-08 00:00:00+00:00, run_after=2024-11-09 00:00:00+00:00
[2024-11-09T08:54:35.699+0000] {processor.py:208} INFO - Processing /home/airflow/.local/lib/python3.12/site-packages/airflow/example_dags/example_nested_branch_dag.py took 0.127 seconds
[2024-11-09T08:55:05.894+0000] {processor.py:186} INFO - Started process (PID=381) to work on /home/airflow/.local/lib/python3.12/site-packages/airflow/example_dags/example_nested_branch_dag.py
[2024-11-09T08:55:05.898+0000] {processor.py:914} INFO - Processing file /home/airflow/.local/lib/python3.12/site-packages/airflow/example_dags/example_nested_branch_dag.py for tasks to queue
[2024-11-09T08:55:05.905+0000] {logging_mixin.py:190} INFO - [2024-11-09T08:55:05.904+0000] {dagbag.py:588} INFO - Filling up the DagBag from /home/airflow/.local/lib/python3.12/site-packages/airflow/example_dags/example_nested_branch_dag.py
[2024-11-09T08:55:05.956+0000] {processor.py:925} INFO - DAG(s) 'example_nested_branch_dag' retrieved from /home/airflow/.local/lib/python3.12/site-packages/airflow/example_dags/example_nested_branch_dag.py
[2024-11-09T08:55:06.009+0000] {logging_mixin.py:190} INFO - [2024-11-09T08:55:06.009+0000] {dag.py:3239} INFO - Sync 1 DAGs
[2024-11-09T08:55:06.063+0000] {logging_mixin.py:190} INFO - [2024-11-09T08:55:06.063+0000] {dag.py:4180} INFO - Setting next_dagrun for example_nested_branch_dag to 2024-11-08 00:00:00+00:00, run_after=2024-11-09 00:00:00+00:00
[2024-11-09T08:55:06.104+0000] {processor.py:208} INFO - Processing /home/airflow/.local/lib/python3.12/site-packages/airflow/example_dags/example_nested_branch_dag.py took 0.227 seconds
[2024-11-09T08:55:38.675+0000] {processor.py:186} INFO - Started process (PID=444) to work on /home/airflow/.local/lib/python3.12/site-packages/airflow/example_dags/example_nested_branch_dag.py
[2024-11-09T08:55:38.677+0000] {processor.py:914} INFO - Processing file /home/airflow/.local/lib/python3.12/site-packages/airflow/example_dags/example_nested_branch_dag.py for tasks to queue
[2024-11-09T08:55:38.682+0000] {logging_mixin.py:190} INFO - [2024-11-09T08:55:38.682+0000] {dagbag.py:588} INFO - Filling up the DagBag from /home/airflow/.local/lib/python3.12/site-packages/airflow/example_dags/example_nested_branch_dag.py
[2024-11-09T08:55:38.706+0000] {processor.py:925} INFO - DAG(s) 'example_nested_branch_dag' retrieved from /home/airflow/.local/lib/python3.12/site-packages/airflow/example_dags/example_nested_branch_dag.py
[2024-11-09T08:55:38.741+0000] {logging_mixin.py:190} INFO - [2024-11-09T08:55:38.741+0000] {dag.py:3239} INFO - Sync 1 DAGs
[2024-11-09T08:55:38.813+0000] {logging_mixin.py:190} INFO - [2024-11-09T08:55:38.812+0000] {dag.py:4180} INFO - Setting next_dagrun for example_nested_branch_dag to 2024-11-08 00:00:00+00:00, run_after=2024-11-09 00:00:00+00:00
[2024-11-09T08:55:38.867+0000] {processor.py:208} INFO - Processing /home/airflow/.local/lib/python3.12/site-packages/airflow/example_dags/example_nested_branch_dag.py took 0.200 seconds
[2024-11-09T08:56:11.806+0000] {processor.py:186} INFO - Started process (PID=514) to work on /home/airflow/.local/lib/python3.12/site-packages/airflow/example_dags/example_nested_branch_dag.py
[2024-11-09T08:56:11.808+0000] {processor.py:914} INFO - Processing file /home/airflow/.local/lib/python3.12/site-packages/airflow/example_dags/example_nested_branch_dag.py for tasks to queue
[2024-11-09T08:56:11.812+0000] {logging_mixin.py:190} INFO - [2024-11-09T08:56:11.811+0000] {dagbag.py:588} INFO - Filling up the DagBag from /home/airflow/.local/lib/python3.12/site-packages/airflow/example_dags/example_nested_branch_dag.py
[2024-11-09T08:56:11.838+0000] {processor.py:925} INFO - DAG(s) 'example_nested_branch_dag' retrieved from /home/airflow/.local/lib/python3.12/site-packages/airflow/example_dags/example_nested_branch_dag.py
[2024-11-09T08:56:11.866+0000] {logging_mixin.py:190} INFO - [2024-11-09T08:56:11.866+0000] {dag.py:3239} INFO - Sync 1 DAGs
[2024-11-09T08:56:11.898+0000] {logging_mixin.py:190} INFO - [2024-11-09T08:56:11.897+0000] {dag.py:4180} INFO - Setting next_dagrun for example_nested_branch_dag to 2024-11-08 00:00:00+00:00, run_after=2024-11-09 00:00:00+00:00
[2024-11-09T08:56:12.005+0000] {processor.py:208} INFO - Processing /home/airflow/.local/lib/python3.12/site-packages/airflow/example_dags/example_nested_branch_dag.py took 0.209 seconds
[2024-11-09T08:56:43.145+0000] {processor.py:186} INFO - Started process (PID=578) to work on /home/airflow/.local/lib/python3.12/site-packages/airflow/example_dags/example_nested_branch_dag.py
[2024-11-09T08:56:43.147+0000] {processor.py:914} INFO - Processing file /home/airflow/.local/lib/python3.12/site-packages/airflow/example_dags/example_nested_branch_dag.py for tasks to queue
[2024-11-09T08:56:43.150+0000] {logging_mixin.py:190} INFO - [2024-11-09T08:56:43.149+0000] {dagbag.py:588} INFO - Filling up the DagBag from /home/airflow/.local/lib/python3.12/site-packages/airflow/example_dags/example_nested_branch_dag.py
[2024-11-09T08:56:43.163+0000] {processor.py:925} INFO - DAG(s) 'example_nested_branch_dag' retrieved from /home/airflow/.local/lib/python3.12/site-packages/airflow/example_dags/example_nested_branch_dag.py
[2024-11-09T08:56:43.212+0000] {logging_mixin.py:190} INFO - [2024-11-09T08:56:43.212+0000] {dag.py:3239} INFO - Sync 1 DAGs
[2024-11-09T08:56:43.251+0000] {logging_mixin.py:190} INFO - [2024-11-09T08:56:43.250+0000] {dag.py:4180} INFO - Setting next_dagrun for example_nested_branch_dag to 2024-11-08 00:00:00+00:00, run_after=2024-11-09 00:00:00+00:00
[2024-11-09T08:56:43.293+0000] {processor.py:208} INFO - Processing /home/airflow/.local/lib/python3.12/site-packages/airflow/example_dags/example_nested_branch_dag.py took 0.154 seconds
[2024-11-09T08:57:14.771+0000] {processor.py:186} INFO - Started process (PID=643) to work on /home/airflow/.local/lib/python3.12/site-packages/airflow/example_dags/example_nested_branch_dag.py
[2024-11-09T08:57:14.772+0000] {processor.py:914} INFO - Processing file /home/airflow/.local/lib/python3.12/site-packages/airflow/example_dags/example_nested_branch_dag.py for tasks to queue
[2024-11-09T08:57:14.775+0000] {logging_mixin.py:190} INFO - [2024-11-09T08:57:14.774+0000] {dagbag.py:588} INFO - Filling up the DagBag from /home/airflow/.local/lib/python3.12/site-packages/airflow/example_dags/example_nested_branch_dag.py
[2024-11-09T08:57:14.788+0000] {processor.py:925} INFO - DAG(s) 'example_nested_branch_dag' retrieved from /home/airflow/.local/lib/python3.12/site-packages/airflow/example_dags/example_nested_branch_dag.py
[2024-11-09T08:57:14.812+0000] {logging_mixin.py:190} INFO - [2024-11-09T08:57:14.811+0000] {dag.py:3239} INFO - Sync 1 DAGs
[2024-11-09T08:57:14.839+0000] {logging_mixin.py:190} INFO - [2024-11-09T08:57:14.839+0000] {dag.py:4180} INFO - Setting next_dagrun for example_nested_branch_dag to 2024-11-08 00:00:00+00:00, run_after=2024-11-09 00:00:00+00:00
[2024-11-09T08:57:15.202+0000] {processor.py:208} INFO - Processing /home/airflow/.local/lib/python3.12/site-packages/airflow/example_dags/example_nested_branch_dag.py took 0.437 seconds
[2024-11-09T08:57:46.586+0000] {processor.py:186} INFO - Started process (PID=713) to work on /home/airflow/.local/lib/python3.12/site-packages/airflow/example_dags/example_nested_branch_dag.py
[2024-11-09T08:57:46.587+0000] {processor.py:914} INFO - Processing file /home/airflow/.local/lib/python3.12/site-packages/airflow/example_dags/example_nested_branch_dag.py for tasks to queue
[2024-11-09T08:57:46.590+0000] {logging_mixin.py:190} INFO - [2024-11-09T08:57:46.590+0000] {dagbag.py:588} INFO - Filling up the DagBag from /home/airflow/.local/lib/python3.12/site-packages/airflow/example_dags/example_nested_branch_dag.py
[2024-11-09T08:57:46.604+0000] {processor.py:925} INFO - DAG(s) 'example_nested_branch_dag' retrieved from /home/airflow/.local/lib/python3.12/site-packages/airflow/example_dags/example_nested_branch_dag.py
[2024-11-09T08:57:46.629+0000] {logging_mixin.py:190} INFO - [2024-11-09T08:57:46.628+0000] {dag.py:3239} INFO - Sync 1 DAGs
[2024-11-09T08:57:46.657+0000] {logging_mixin.py:190} INFO - [2024-11-09T08:57:46.657+0000] {dag.py:4180} INFO - Setting next_dagrun for example_nested_branch_dag to 2024-11-08 00:00:00+00:00, run_after=2024-11-09 00:00:00+00:00
[2024-11-09T08:57:46.776+0000] {processor.py:208} INFO - Processing /home/airflow/.local/lib/python3.12/site-packages/airflow/example_dags/example_nested_branch_dag.py took 0.197 seconds
[2024-11-09T08:58:17.664+0000] {processor.py:186} INFO - Started process (PID=776) to work on /home/airflow/.local/lib/python3.12/site-packages/airflow/example_dags/example_nested_branch_dag.py
[2024-11-09T08:58:17.665+0000] {processor.py:914} INFO - Processing file /home/airflow/.local/lib/python3.12/site-packages/airflow/example_dags/example_nested_branch_dag.py for tasks to queue
[2024-11-09T08:58:17.668+0000] {logging_mixin.py:190} INFO - [2024-11-09T08:58:17.668+0000] {dagbag.py:588} INFO - Filling up the DagBag from /home/airflow/.local/lib/python3.12/site-packages/airflow/example_dags/example_nested_branch_dag.py
[2024-11-09T08:58:17.683+0000] {processor.py:925} INFO - DAG(s) 'example_nested_branch_dag' retrieved from /home/airflow/.local/lib/python3.12/site-packages/airflow/example_dags/example_nested_branch_dag.py
[2024-11-09T08:58:17.709+0000] {logging_mixin.py:190} INFO - [2024-11-09T08:58:17.709+0000] {dag.py:3239} INFO - Sync 1 DAGs
[2024-11-09T08:58:17.738+0000] {logging_mixin.py:190} INFO - [2024-11-09T08:58:17.738+0000] {dag.py:4180} INFO - Setting next_dagrun for example_nested_branch_dag to 2024-11-08 00:00:00+00:00, run_after=2024-11-09 00:00:00+00:00
[2024-11-09T08:58:17.785+0000] {processor.py:208} INFO - Processing /home/airflow/.local/lib/python3.12/site-packages/airflow/example_dags/example_nested_branch_dag.py took 0.128 seconds
[2024-11-09T10:15:44.136+0000] {processor.py:186} INFO - Started process (PID=112) to work on /home/airflow/.local/lib/python3.12/site-packages/airflow/example_dags/example_nested_branch_dag.py
[2024-11-09T10:15:44.138+0000] {processor.py:914} INFO - Processing file /home/airflow/.local/lib/python3.12/site-packages/airflow/example_dags/example_nested_branch_dag.py for tasks to queue
[2024-11-09T10:15:44.141+0000] {logging_mixin.py:190} INFO - [2024-11-09T10:15:44.141+0000] {dagbag.py:588} INFO - Filling up the DagBag from /home/airflow/.local/lib/python3.12/site-packages/airflow/example_dags/example_nested_branch_dag.py
[2024-11-09T10:15:44.158+0000] {processor.py:925} INFO - DAG(s) 'example_nested_branch_dag' retrieved from /home/airflow/.local/lib/python3.12/site-packages/airflow/example_dags/example_nested_branch_dag.py
[2024-11-09T10:15:44.183+0000] {logging_mixin.py:190} INFO - [2024-11-09T10:15:44.183+0000] {dag.py:3239} INFO - Sync 1 DAGs
[2024-11-09T10:15:44.212+0000] {logging_mixin.py:190} INFO - [2024-11-09T10:15:44.211+0000] {dag.py:4180} INFO - Setting next_dagrun for example_nested_branch_dag to 2024-11-08 00:00:00+00:00, run_after=2024-11-09 00:00:00+00:00
[2024-11-09T10:15:44.253+0000] {processor.py:208} INFO - Processing /home/airflow/.local/lib/python3.12/site-packages/airflow/example_dags/example_nested_branch_dag.py took 0.125 seconds
[2024-11-09T10:16:16.653+0000] {processor.py:186} INFO - Started process (PID=177) to work on /home/airflow/.local/lib/python3.12/site-packages/airflow/example_dags/example_nested_branch_dag.py
[2024-11-09T10:16:16.654+0000] {processor.py:914} INFO - Processing file /home/airflow/.local/lib/python3.12/site-packages/airflow/example_dags/example_nested_branch_dag.py for tasks to queue
[2024-11-09T10:16:16.659+0000] {logging_mixin.py:190} INFO - [2024-11-09T10:16:16.658+0000] {dagbag.py:588} INFO - Filling up the DagBag from /home/airflow/.local/lib/python3.12/site-packages/airflow/example_dags/example_nested_branch_dag.py
[2024-11-09T10:16:16.682+0000] {processor.py:925} INFO - DAG(s) 'example_nested_branch_dag' retrieved from /home/airflow/.local/lib/python3.12/site-packages/airflow/example_dags/example_nested_branch_dag.py
[2024-11-09T10:16:16.720+0000] {logging_mixin.py:190} INFO - [2024-11-09T10:16:16.720+0000] {dag.py:3239} INFO - Sync 1 DAGs
[2024-11-09T10:16:16.756+0000] {logging_mixin.py:190} INFO - [2024-11-09T10:16:16.756+0000] {dag.py:4180} INFO - Setting next_dagrun for example_nested_branch_dag to 2024-11-08 00:00:00+00:00, run_after=2024-11-09 00:00:00+00:00
[2024-11-09T10:16:16.783+0000] {processor.py:208} INFO - Processing /home/airflow/.local/lib/python3.12/site-packages/airflow/example_dags/example_nested_branch_dag.py took 0.138 seconds
[2024-11-09T10:16:49.415+0000] {processor.py:186} INFO - Started process (PID=241) to work on /home/airflow/.local/lib/python3.12/site-packages/airflow/example_dags/example_nested_branch_dag.py
[2024-11-09T10:16:49.416+0000] {processor.py:914} INFO - Processing file /home/airflow/.local/lib/python3.12/site-packages/airflow/example_dags/example_nested_branch_dag.py for tasks to queue
[2024-11-09T10:16:49.419+0000] {logging_mixin.py:190} INFO - [2024-11-09T10:16:49.419+0000] {dagbag.py:588} INFO - Filling up the DagBag from /home/airflow/.local/lib/python3.12/site-packages/airflow/example_dags/example_nested_branch_dag.py
[2024-11-09T10:16:49.434+0000] {processor.py:925} INFO - DAG(s) 'example_nested_branch_dag' retrieved from /home/airflow/.local/lib/python3.12/site-packages/airflow/example_dags/example_nested_branch_dag.py
[2024-11-09T10:16:49.462+0000] {logging_mixin.py:190} INFO - [2024-11-09T10:16:49.462+0000] {dag.py:3239} INFO - Sync 1 DAGs
[2024-11-09T10:16:49.493+0000] {logging_mixin.py:190} INFO - [2024-11-09T10:16:49.492+0000] {dag.py:4180} INFO - Setting next_dagrun for example_nested_branch_dag to 2024-11-08 00:00:00+00:00, run_after=2024-11-09 00:00:00+00:00
[2024-11-09T10:16:49.547+0000] {processor.py:208} INFO - Processing /home/airflow/.local/lib/python3.12/site-packages/airflow/example_dags/example_nested_branch_dag.py took 0.141 seconds
[2024-11-09T10:22:52.976+0000] {processor.py:186} INFO - Started process (PID=113) to work on /home/airflow/.local/lib/python3.12/site-packages/airflow/example_dags/example_nested_branch_dag.py
[2024-11-09T10:22:52.977+0000] {processor.py:914} INFO - Processing file /home/airflow/.local/lib/python3.12/site-packages/airflow/example_dags/example_nested_branch_dag.py for tasks to queue
[2024-11-09T10:22:52.980+0000] {logging_mixin.py:190} INFO - [2024-11-09T10:22:52.980+0000] {dagbag.py:588} INFO - Filling up the DagBag from /home/airflow/.local/lib/python3.12/site-packages/airflow/example_dags/example_nested_branch_dag.py
[2024-11-09T10:22:52.997+0000] {processor.py:925} INFO - DAG(s) 'example_nested_branch_dag' retrieved from /home/airflow/.local/lib/python3.12/site-packages/airflow/example_dags/example_nested_branch_dag.py
[2024-11-09T10:22:53.030+0000] {logging_mixin.py:190} INFO - [2024-11-09T10:22:53.030+0000] {dag.py:3239} INFO - Sync 1 DAGs
[2024-11-09T10:22:53.064+0000] {logging_mixin.py:190} INFO - [2024-11-09T10:22:53.064+0000] {dag.py:4180} INFO - Setting next_dagrun for example_nested_branch_dag to 2024-11-08 00:00:00+00:00, run_after=2024-11-09 00:00:00+00:00
[2024-11-09T10:22:53.096+0000] {processor.py:208} INFO - Processing /home/airflow/.local/lib/python3.12/site-packages/airflow/example_dags/example_nested_branch_dag.py took 0.128 seconds
[2024-11-09T10:23:24.709+0000] {processor.py:186} INFO - Started process (PID=177) to work on /home/airflow/.local/lib/python3.12/site-packages/airflow/example_dags/example_nested_branch_dag.py
[2024-11-09T10:23:24.710+0000] {processor.py:914} INFO - Processing file /home/airflow/.local/lib/python3.12/site-packages/airflow/example_dags/example_nested_branch_dag.py for tasks to queue
[2024-11-09T10:23:24.713+0000] {logging_mixin.py:190} INFO - [2024-11-09T10:23:24.713+0000] {dagbag.py:588} INFO - Filling up the DagBag from /home/airflow/.local/lib/python3.12/site-packages/airflow/example_dags/example_nested_branch_dag.py
[2024-11-09T10:23:24.730+0000] {processor.py:925} INFO - DAG(s) 'example_nested_branch_dag' retrieved from /home/airflow/.local/lib/python3.12/site-packages/airflow/example_dags/example_nested_branch_dag.py
[2024-11-09T10:23:24.756+0000] {logging_mixin.py:190} INFO - [2024-11-09T10:23:24.755+0000] {dag.py:3239} INFO - Sync 1 DAGs
[2024-11-09T10:23:24.789+0000] {logging_mixin.py:190} INFO - [2024-11-09T10:23:24.788+0000] {dag.py:4180} INFO - Setting next_dagrun for example_nested_branch_dag to 2024-11-08 00:00:00+00:00, run_after=2024-11-09 00:00:00+00:00
[2024-11-09T10:23:24.818+0000] {processor.py:208} INFO - Processing /home/airflow/.local/lib/python3.12/site-packages/airflow/example_dags/example_nested_branch_dag.py took 0.118 seconds
[2024-11-09T10:23:55.522+0000] {processor.py:186} INFO - Started process (PID=241) to work on /home/airflow/.local/lib/python3.12/site-packages/airflow/example_dags/example_nested_branch_dag.py
[2024-11-09T10:23:55.523+0000] {processor.py:914} INFO - Processing file /home/airflow/.local/lib/python3.12/site-packages/airflow/example_dags/example_nested_branch_dag.py for tasks to queue
[2024-11-09T10:23:55.526+0000] {logging_mixin.py:190} INFO - [2024-11-09T10:23:55.525+0000] {dagbag.py:588} INFO - Filling up the DagBag from /home/airflow/.local/lib/python3.12/site-packages/airflow/example_dags/example_nested_branch_dag.py
[2024-11-09T10:23:55.540+0000] {processor.py:925} INFO - DAG(s) 'example_nested_branch_dag' retrieved from /home/airflow/.local/lib/python3.12/site-packages/airflow/example_dags/example_nested_branch_dag.py
[2024-11-09T10:23:55.564+0000] {logging_mixin.py:190} INFO - [2024-11-09T10:23:55.564+0000] {dag.py:3239} INFO - Sync 1 DAGs
[2024-11-09T10:23:55.595+0000] {logging_mixin.py:190} INFO - [2024-11-09T10:23:55.595+0000] {dag.py:4180} INFO - Setting next_dagrun for example_nested_branch_dag to 2024-11-08 00:00:00+00:00, run_after=2024-11-09 00:00:00+00:00
[2024-11-09T10:23:55.619+0000] {processor.py:208} INFO - Processing /home/airflow/.local/lib/python3.12/site-packages/airflow/example_dags/example_nested_branch_dag.py took 0.106 seconds
[2024-11-09T10:24:27.772+0000] {processor.py:186} INFO - Started process (PID=305) to work on /home/airflow/.local/lib/python3.12/site-packages/airflow/example_dags/example_nested_branch_dag.py
[2024-11-09T10:24:27.774+0000] {processor.py:914} INFO - Processing file /home/airflow/.local/lib/python3.12/site-packages/airflow/example_dags/example_nested_branch_dag.py for tasks to queue
[2024-11-09T10:24:27.777+0000] {logging_mixin.py:190} INFO - [2024-11-09T10:24:27.776+0000] {dagbag.py:588} INFO - Filling up the DagBag from /home/airflow/.local/lib/python3.12/site-packages/airflow/example_dags/example_nested_branch_dag.py
[2024-11-09T10:24:27.791+0000] {processor.py:925} INFO - DAG(s) 'example_nested_branch_dag' retrieved from /home/airflow/.local/lib/python3.12/site-packages/airflow/example_dags/example_nested_branch_dag.py
[2024-11-09T10:24:27.823+0000] {logging_mixin.py:190} INFO - [2024-11-09T10:24:27.822+0000] {dag.py:3239} INFO - Sync 1 DAGs
[2024-11-09T10:24:27.855+0000] {logging_mixin.py:190} INFO - [2024-11-09T10:24:27.855+0000] {dag.py:4180} INFO - Setting next_dagrun for example_nested_branch_dag to 2024-11-08 00:00:00+00:00, run_after=2024-11-09 00:00:00+00:00
[2024-11-09T10:24:27.881+0000] {processor.py:208} INFO - Processing /home/airflow/.local/lib/python3.12/site-packages/airflow/example_dags/example_nested_branch_dag.py took 0.117 seconds
[2024-11-09T10:24:59.626+0000] {processor.py:186} INFO - Started process (PID=369) to work on /home/airflow/.local/lib/python3.12/site-packages/airflow/example_dags/example_nested_branch_dag.py
[2024-11-09T10:24:59.628+0000] {processor.py:914} INFO - Processing file /home/airflow/.local/lib/python3.12/site-packages/airflow/example_dags/example_nested_branch_dag.py for tasks to queue
[2024-11-09T10:24:59.631+0000] {logging_mixin.py:190} INFO - [2024-11-09T10:24:59.631+0000] {dagbag.py:588} INFO - Filling up the DagBag from /home/airflow/.local/lib/python3.12/site-packages/airflow/example_dags/example_nested_branch_dag.py
[2024-11-09T10:24:59.646+0000] {processor.py:925} INFO - DAG(s) 'example_nested_branch_dag' retrieved from /home/airflow/.local/lib/python3.12/site-packages/airflow/example_dags/example_nested_branch_dag.py
[2024-11-09T10:24:59.673+0000] {logging_mixin.py:190} INFO - [2024-11-09T10:24:59.673+0000] {dag.py:3239} INFO - Sync 1 DAGs
[2024-11-09T10:24:59.703+0000] {logging_mixin.py:190} INFO - [2024-11-09T10:24:59.702+0000] {dag.py:4180} INFO - Setting next_dagrun for example_nested_branch_dag to 2024-11-08 00:00:00+00:00, run_after=2024-11-09 00:00:00+00:00
[2024-11-09T10:24:59.872+0000] {processor.py:208} INFO - Processing /home/airflow/.local/lib/python3.12/site-packages/airflow/example_dags/example_nested_branch_dag.py took 0.255 seconds
[2024-11-09T10:25:30.691+0000] {processor.py:186} INFO - Started process (PID=433) to work on /home/airflow/.local/lib/python3.12/site-packages/airflow/example_dags/example_nested_branch_dag.py
[2024-11-09T10:25:30.695+0000] {processor.py:914} INFO - Processing file /home/airflow/.local/lib/python3.12/site-packages/airflow/example_dags/example_nested_branch_dag.py for tasks to queue
[2024-11-09T10:25:30.701+0000] {logging_mixin.py:190} INFO - [2024-11-09T10:25:30.700+0000] {dagbag.py:588} INFO - Filling up the DagBag from /home/airflow/.local/lib/python3.12/site-packages/airflow/example_dags/example_nested_branch_dag.py
[2024-11-09T10:25:30.716+0000] {processor.py:925} INFO - DAG(s) 'example_nested_branch_dag' retrieved from /home/airflow/.local/lib/python3.12/site-packages/airflow/example_dags/example_nested_branch_dag.py
[2024-11-09T10:25:30.742+0000] {logging_mixin.py:190} INFO - [2024-11-09T10:25:30.741+0000] {dag.py:3239} INFO - Sync 1 DAGs
[2024-11-09T10:25:30.771+0000] {logging_mixin.py:190} INFO - [2024-11-09T10:25:30.771+0000] {dag.py:4180} INFO - Setting next_dagrun for example_nested_branch_dag to 2024-11-08 00:00:00+00:00, run_after=2024-11-09 00:00:00+00:00
[2024-11-09T10:25:30.849+0000] {processor.py:208} INFO - Processing /home/airflow/.local/lib/python3.12/site-packages/airflow/example_dags/example_nested_branch_dag.py took 0.166 seconds
[2024-11-09T10:26:02.403+0000] {processor.py:186} INFO - Started process (PID=497) to work on /home/airflow/.local/lib/python3.12/site-packages/airflow/example_dags/example_nested_branch_dag.py
[2024-11-09T10:26:02.404+0000] {processor.py:914} INFO - Processing file /home/airflow/.local/lib/python3.12/site-packages/airflow/example_dags/example_nested_branch_dag.py for tasks to queue
[2024-11-09T10:26:02.407+0000] {logging_mixin.py:190} INFO - [2024-11-09T10:26:02.407+0000] {dagbag.py:588} INFO - Filling up the DagBag from /home/airflow/.local/lib/python3.12/site-packages/airflow/example_dags/example_nested_branch_dag.py
[2024-11-09T10:26:02.444+0000] {processor.py:925} INFO - DAG(s) 'example_nested_branch_dag' retrieved from /home/airflow/.local/lib/python3.12/site-packages/airflow/example_dags/example_nested_branch_dag.py
[2024-11-09T10:26:02.481+0000] {logging_mixin.py:190} INFO - [2024-11-09T10:26:02.481+0000] {dag.py:3239} INFO - Sync 1 DAGs
[2024-11-09T10:26:02.512+0000] {logging_mixin.py:190} INFO - [2024-11-09T10:26:02.512+0000] {dag.py:4180} INFO - Setting next_dagrun for example_nested_branch_dag to 2024-11-08 00:00:00+00:00, run_after=2024-11-09 00:00:00+00:00
[2024-11-09T10:26:02.582+0000] {processor.py:208} INFO - Processing /home/airflow/.local/lib/python3.12/site-packages/airflow/example_dags/example_nested_branch_dag.py took 0.186 seconds
[2024-11-09T10:26:34.126+0000] {processor.py:186} INFO - Started process (PID=562) to work on /home/airflow/.local/lib/python3.12/site-packages/airflow/example_dags/example_nested_branch_dag.py
[2024-11-09T10:26:34.127+0000] {processor.py:914} INFO - Processing file /home/airflow/.local/lib/python3.12/site-packages/airflow/example_dags/example_nested_branch_dag.py for tasks to queue
[2024-11-09T10:26:34.129+0000] {logging_mixin.py:190} INFO - [2024-11-09T10:26:34.129+0000] {dagbag.py:588} INFO - Filling up the DagBag from /home/airflow/.local/lib/python3.12/site-packages/airflow/example_dags/example_nested_branch_dag.py
[2024-11-09T10:26:34.143+0000] {processor.py:925} INFO - DAG(s) 'example_nested_branch_dag' retrieved from /home/airflow/.local/lib/python3.12/site-packages/airflow/example_dags/example_nested_branch_dag.py
[2024-11-09T10:26:34.168+0000] {logging_mixin.py:190} INFO - [2024-11-09T10:26:34.168+0000] {dag.py:3239} INFO - Sync 1 DAGs
[2024-11-09T10:26:34.197+0000] {logging_mixin.py:190} INFO - [2024-11-09T10:26:34.197+0000] {dag.py:4180} INFO - Setting next_dagrun for example_nested_branch_dag to 2024-11-08 00:00:00+00:00, run_after=2024-11-09 00:00:00+00:00
[2024-11-09T10:26:34.288+0000] {processor.py:208} INFO - Processing /home/airflow/.local/lib/python3.12/site-packages/airflow/example_dags/example_nested_branch_dag.py took 0.169 seconds
[2024-11-09T10:27:05.696+0000] {processor.py:186} INFO - Started process (PID=626) to work on /home/airflow/.local/lib/python3.12/site-packages/airflow/example_dags/example_nested_branch_dag.py
[2024-11-09T10:27:05.697+0000] {processor.py:914} INFO - Processing file /home/airflow/.local/lib/python3.12/site-packages/airflow/example_dags/example_nested_branch_dag.py for tasks to queue
[2024-11-09T10:27:05.700+0000] {logging_mixin.py:190} INFO - [2024-11-09T10:27:05.700+0000] {dagbag.py:588} INFO - Filling up the DagBag from /home/airflow/.local/lib/python3.12/site-packages/airflow/example_dags/example_nested_branch_dag.py
[2024-11-09T10:27:05.717+0000] {processor.py:925} INFO - DAG(s) 'example_nested_branch_dag' retrieved from /home/airflow/.local/lib/python3.12/site-packages/airflow/example_dags/example_nested_branch_dag.py
[2024-11-09T10:27:05.745+0000] {logging_mixin.py:190} INFO - [2024-11-09T10:27:05.745+0000] {dag.py:3239} INFO - Sync 1 DAGs
[2024-11-09T10:27:05.772+0000] {logging_mixin.py:190} INFO - [2024-11-09T10:27:05.772+0000] {dag.py:4180} INFO - Setting next_dagrun for example_nested_branch_dag to 2024-11-08 00:00:00+00:00, run_after=2024-11-09 00:00:00+00:00
[2024-11-09T10:27:05.818+0000] {processor.py:208} INFO - Processing /home/airflow/.local/lib/python3.12/site-packages/airflow/example_dags/example_nested_branch_dag.py took 0.129 seconds
[2024-11-09T10:27:36.760+0000] {processor.py:186} INFO - Started process (PID=690) to work on /home/airflow/.local/lib/python3.12/site-packages/airflow/example_dags/example_nested_branch_dag.py
[2024-11-09T10:27:36.761+0000] {processor.py:914} INFO - Processing file /home/airflow/.local/lib/python3.12/site-packages/airflow/example_dags/example_nested_branch_dag.py for tasks to queue
[2024-11-09T10:27:36.765+0000] {logging_mixin.py:190} INFO - [2024-11-09T10:27:36.764+0000] {dagbag.py:588} INFO - Filling up the DagBag from /home/airflow/.local/lib/python3.12/site-packages/airflow/example_dags/example_nested_branch_dag.py
[2024-11-09T10:27:36.781+0000] {processor.py:925} INFO - DAG(s) 'example_nested_branch_dag' retrieved from /home/airflow/.local/lib/python3.12/site-packages/airflow/example_dags/example_nested_branch_dag.py
[2024-11-09T10:27:36.809+0000] {logging_mixin.py:190} INFO - [2024-11-09T10:27:36.809+0000] {dag.py:3239} INFO - Sync 1 DAGs
[2024-11-09T10:27:36.843+0000] {logging_mixin.py:190} INFO - [2024-11-09T10:27:36.842+0000] {dag.py:4180} INFO - Setting next_dagrun for example_nested_branch_dag to 2024-11-08 00:00:00+00:00, run_after=2024-11-09 00:00:00+00:00
[2024-11-09T10:27:37.232+0000] {processor.py:208} INFO - Processing /home/airflow/.local/lib/python3.12/site-packages/airflow/example_dags/example_nested_branch_dag.py took 0.479 seconds
[2024-11-09T10:28:07.987+0000] {processor.py:186} INFO - Started process (PID=761) to work on /home/airflow/.local/lib/python3.12/site-packages/airflow/example_dags/example_nested_branch_dag.py
[2024-11-09T10:28:07.988+0000] {processor.py:914} INFO - Processing file /home/airflow/.local/lib/python3.12/site-packages/airflow/example_dags/example_nested_branch_dag.py for tasks to queue
[2024-11-09T10:28:07.990+0000] {logging_mixin.py:190} INFO - [2024-11-09T10:28:07.990+0000] {dagbag.py:588} INFO - Filling up the DagBag from /home/airflow/.local/lib/python3.12/site-packages/airflow/example_dags/example_nested_branch_dag.py
[2024-11-09T10:28:08.004+0000] {processor.py:925} INFO - DAG(s) 'example_nested_branch_dag' retrieved from /home/airflow/.local/lib/python3.12/site-packages/airflow/example_dags/example_nested_branch_dag.py
[2024-11-09T10:28:08.028+0000] {logging_mixin.py:190} INFO - [2024-11-09T10:28:08.028+0000] {dag.py:3239} INFO - Sync 1 DAGs
[2024-11-09T10:28:08.056+0000] {logging_mixin.py:190} INFO - [2024-11-09T10:28:08.056+0000] {dag.py:4180} INFO - Setting next_dagrun for example_nested_branch_dag to 2024-11-08 00:00:00+00:00, run_after=2024-11-09 00:00:00+00:00
[2024-11-09T10:28:08.274+0000] {processor.py:208} INFO - Processing /home/airflow/.local/lib/python3.12/site-packages/airflow/example_dags/example_nested_branch_dag.py took 0.294 seconds
[2024-11-09T10:28:39.073+0000] {processor.py:186} INFO - Started process (PID=826) to work on /home/airflow/.local/lib/python3.12/site-packages/airflow/example_dags/example_nested_branch_dag.py
[2024-11-09T10:28:39.074+0000] {processor.py:914} INFO - Processing file /home/airflow/.local/lib/python3.12/site-packages/airflow/example_dags/example_nested_branch_dag.py for tasks to queue
[2024-11-09T10:28:39.077+0000] {logging_mixin.py:190} INFO - [2024-11-09T10:28:39.077+0000] {dagbag.py:588} INFO - Filling up the DagBag from /home/airflow/.local/lib/python3.12/site-packages/airflow/example_dags/example_nested_branch_dag.py
[2024-11-09T10:28:39.094+0000] {processor.py:925} INFO - DAG(s) 'example_nested_branch_dag' retrieved from /home/airflow/.local/lib/python3.12/site-packages/airflow/example_dags/example_nested_branch_dag.py
[2024-11-09T10:28:39.120+0000] {logging_mixin.py:190} INFO - [2024-11-09T10:28:39.120+0000] {dag.py:3239} INFO - Sync 1 DAGs
[2024-11-09T10:28:39.149+0000] {logging_mixin.py:190} INFO - [2024-11-09T10:28:39.149+0000] {dag.py:4180} INFO - Setting next_dagrun for example_nested_branch_dag to 2024-11-08 00:00:00+00:00, run_after=2024-11-09 00:00:00+00:00
[2024-11-09T10:28:39.227+0000] {processor.py:208} INFO - Processing /home/airflow/.local/lib/python3.12/site-packages/airflow/example_dags/example_nested_branch_dag.py took 0.161 seconds
[2024-11-09T10:29:09.958+0000] {processor.py:186} INFO - Started process (PID=889) to work on /home/airflow/.local/lib/python3.12/site-packages/airflow/example_dags/example_nested_branch_dag.py
[2024-11-09T10:29:09.960+0000] {processor.py:914} INFO - Processing file /home/airflow/.local/lib/python3.12/site-packages/airflow/example_dags/example_nested_branch_dag.py for tasks to queue
[2024-11-09T10:29:09.962+0000] {logging_mixin.py:190} INFO - [2024-11-09T10:29:09.962+0000] {dagbag.py:588} INFO - Filling up the DagBag from /home/airflow/.local/lib/python3.12/site-packages/airflow/example_dags/example_nested_branch_dag.py
[2024-11-09T10:29:09.974+0000] {processor.py:925} INFO - DAG(s) 'example_nested_branch_dag' retrieved from /home/airflow/.local/lib/python3.12/site-packages/airflow/example_dags/example_nested_branch_dag.py
[2024-11-09T10:29:09.997+0000] {logging_mixin.py:190} INFO - [2024-11-09T10:29:09.996+0000] {dag.py:3239} INFO - Sync 1 DAGs
[2024-11-09T10:29:10.022+0000] {logging_mixin.py:190} INFO - [2024-11-09T10:29:10.021+0000] {dag.py:4180} INFO - Setting next_dagrun for example_nested_branch_dag to 2024-11-08 00:00:00+00:00, run_after=2024-11-09 00:00:00+00:00
[2024-11-09T10:29:10.170+0000] {processor.py:208} INFO - Processing /home/airflow/.local/lib/python3.12/site-packages/airflow/example_dags/example_nested_branch_dag.py took 0.217 seconds
[2024-11-09T10:29:41.238+0000] {processor.py:186} INFO - Started process (PID=954) to work on /home/airflow/.local/lib/python3.12/site-packages/airflow/example_dags/example_nested_branch_dag.py
[2024-11-09T10:29:41.240+0000] {processor.py:914} INFO - Processing file /home/airflow/.local/lib/python3.12/site-packages/airflow/example_dags/example_nested_branch_dag.py for tasks to queue
[2024-11-09T10:29:41.243+0000] {logging_mixin.py:190} INFO - [2024-11-09T10:29:41.243+0000] {dagbag.py:588} INFO - Filling up the DagBag from /home/airflow/.local/lib/python3.12/site-packages/airflow/example_dags/example_nested_branch_dag.py
[2024-11-09T10:29:41.259+0000] {processor.py:925} INFO - DAG(s) 'example_nested_branch_dag' retrieved from /home/airflow/.local/lib/python3.12/site-packages/airflow/example_dags/example_nested_branch_dag.py
[2024-11-09T10:29:41.290+0000] {logging_mixin.py:190} INFO - [2024-11-09T10:29:41.290+0000] {dag.py:3239} INFO - Sync 1 DAGs
[2024-11-09T10:29:41.319+0000] {logging_mixin.py:190} INFO - [2024-11-09T10:29:41.319+0000] {dag.py:4180} INFO - Setting next_dagrun for example_nested_branch_dag to 2024-11-08 00:00:00+00:00, run_after=2024-11-09 00:00:00+00:00
[2024-11-09T10:29:41.383+0000] {processor.py:208} INFO - Processing /home/airflow/.local/lib/python3.12/site-packages/airflow/example_dags/example_nested_branch_dag.py took 0.153 seconds
[2024-11-09T10:30:11.828+0000] {processor.py:186} INFO - Started process (PID=1017) to work on /home/airflow/.local/lib/python3.12/site-packages/airflow/example_dags/example_nested_branch_dag.py
[2024-11-09T10:30:11.829+0000] {processor.py:914} INFO - Processing file /home/airflow/.local/lib/python3.12/site-packages/airflow/example_dags/example_nested_branch_dag.py for tasks to queue
[2024-11-09T10:30:11.831+0000] {logging_mixin.py:190} INFO - [2024-11-09T10:30:11.831+0000] {dagbag.py:588} INFO - Filling up the DagBag from /home/airflow/.local/lib/python3.12/site-packages/airflow/example_dags/example_nested_branch_dag.py
[2024-11-09T10:30:11.844+0000] {processor.py:925} INFO - DAG(s) 'example_nested_branch_dag' retrieved from /home/airflow/.local/lib/python3.12/site-packages/airflow/example_dags/example_nested_branch_dag.py
[2024-11-09T10:30:11.870+0000] {logging_mixin.py:190} INFO - [2024-11-09T10:30:11.870+0000] {dag.py:3239} INFO - Sync 1 DAGs
[2024-11-09T10:30:11.897+0000] {logging_mixin.py:190} INFO - [2024-11-09T10:30:11.897+0000] {dag.py:4180} INFO - Setting next_dagrun for example_nested_branch_dag to 2024-11-08 00:00:00+00:00, run_after=2024-11-09 00:00:00+00:00
[2024-11-09T10:30:11.943+0000] {processor.py:208} INFO - Processing /home/airflow/.local/lib/python3.12/site-packages/airflow/example_dags/example_nested_branch_dag.py took 0.122 seconds
[2024-11-09T10:30:42.923+0000] {processor.py:186} INFO - Started process (PID=1081) to work on /home/airflow/.local/lib/python3.12/site-packages/airflow/example_dags/example_nested_branch_dag.py
[2024-11-09T10:30:42.924+0000] {processor.py:914} INFO - Processing file /home/airflow/.local/lib/python3.12/site-packages/airflow/example_dags/example_nested_branch_dag.py for tasks to queue
[2024-11-09T10:30:42.926+0000] {logging_mixin.py:190} INFO - [2024-11-09T10:30:42.926+0000] {dagbag.py:588} INFO - Filling up the DagBag from /home/airflow/.local/lib/python3.12/site-packages/airflow/example_dags/example_nested_branch_dag.py
[2024-11-09T10:30:42.939+0000] {processor.py:925} INFO - DAG(s) 'example_nested_branch_dag' retrieved from /home/airflow/.local/lib/python3.12/site-packages/airflow/example_dags/example_nested_branch_dag.py
[2024-11-09T10:30:42.965+0000] {logging_mixin.py:190} INFO - [2024-11-09T10:30:42.964+0000] {dag.py:3239} INFO - Sync 1 DAGs
[2024-11-09T10:30:42.996+0000] {logging_mixin.py:190} INFO - [2024-11-09T10:30:42.996+0000] {dag.py:4180} INFO - Setting next_dagrun for example_nested_branch_dag to 2024-11-08 00:00:00+00:00, run_after=2024-11-09 00:00:00+00:00
[2024-11-09T10:30:43.020+0000] {processor.py:208} INFO - Processing /home/airflow/.local/lib/python3.12/site-packages/airflow/example_dags/example_nested_branch_dag.py took 0.104 seconds
[2024-11-09T10:31:18.805+0000] {processor.py:186} INFO - Started process (PID=1146) to work on /home/airflow/.local/lib/python3.12/site-packages/airflow/example_dags/example_nested_branch_dag.py
[2024-11-09T10:31:18.806+0000] {processor.py:914} INFO - Processing file /home/airflow/.local/lib/python3.12/site-packages/airflow/example_dags/example_nested_branch_dag.py for tasks to queue
[2024-11-09T10:31:18.809+0000] {logging_mixin.py:190} INFO - [2024-11-09T10:31:18.809+0000] {dagbag.py:588} INFO - Filling up the DagBag from /home/airflow/.local/lib/python3.12/site-packages/airflow/example_dags/example_nested_branch_dag.py
[2024-11-09T10:31:18.823+0000] {processor.py:925} INFO - DAG(s) 'example_nested_branch_dag' retrieved from /home/airflow/.local/lib/python3.12/site-packages/airflow/example_dags/example_nested_branch_dag.py
[2024-11-09T10:31:18.852+0000] {logging_mixin.py:190} INFO - [2024-11-09T10:31:18.851+0000] {dag.py:3239} INFO - Sync 1 DAGs
[2024-11-09T10:31:18.880+0000] {logging_mixin.py:190} INFO - [2024-11-09T10:31:18.880+0000] {dag.py:4180} INFO - Setting next_dagrun for example_nested_branch_dag to 2024-11-08 00:00:00+00:00, run_after=2024-11-09 00:00:00+00:00
[2024-11-09T10:31:18.905+0000] {processor.py:208} INFO - Processing /home/airflow/.local/lib/python3.12/site-packages/airflow/example_dags/example_nested_branch_dag.py took 0.107 seconds
[2024-11-09T10:31:50.524+0000] {processor.py:186} INFO - Started process (PID=1212) to work on /home/airflow/.local/lib/python3.12/site-packages/airflow/example_dags/example_nested_branch_dag.py
[2024-11-09T10:31:50.526+0000] {processor.py:914} INFO - Processing file /home/airflow/.local/lib/python3.12/site-packages/airflow/example_dags/example_nested_branch_dag.py for tasks to queue
[2024-11-09T10:31:50.528+0000] {logging_mixin.py:190} INFO - [2024-11-09T10:31:50.528+0000] {dagbag.py:588} INFO - Filling up the DagBag from /home/airflow/.local/lib/python3.12/site-packages/airflow/example_dags/example_nested_branch_dag.py
[2024-11-09T10:31:50.545+0000] {processor.py:925} INFO - DAG(s) 'example_nested_branch_dag' retrieved from /home/airflow/.local/lib/python3.12/site-packages/airflow/example_dags/example_nested_branch_dag.py
[2024-11-09T10:31:50.582+0000] {logging_mixin.py:190} INFO - [2024-11-09T10:31:50.581+0000] {dag.py:3239} INFO - Sync 1 DAGs
[2024-11-09T10:31:50.616+0000] {logging_mixin.py:190} INFO - [2024-11-09T10:31:50.616+0000] {dag.py:4180} INFO - Setting next_dagrun for example_nested_branch_dag to 2024-11-08 00:00:00+00:00, run_after=2024-11-09 00:00:00+00:00
[2024-11-09T10:31:50.678+0000] {processor.py:208} INFO - Processing /home/airflow/.local/lib/python3.12/site-packages/airflow/example_dags/example_nested_branch_dag.py took 0.163 seconds
[2024-11-09T10:32:22.448+0000] {processor.py:186} INFO - Started process (PID=1276) to work on /home/airflow/.local/lib/python3.12/site-packages/airflow/example_dags/example_nested_branch_dag.py
[2024-11-09T10:32:22.450+0000] {processor.py:914} INFO - Processing file /home/airflow/.local/lib/python3.12/site-packages/airflow/example_dags/example_nested_branch_dag.py for tasks to queue
[2024-11-09T10:32:22.453+0000] {logging_mixin.py:190} INFO - [2024-11-09T10:32:22.453+0000] {dagbag.py:588} INFO - Filling up the DagBag from /home/airflow/.local/lib/python3.12/site-packages/airflow/example_dags/example_nested_branch_dag.py
[2024-11-09T10:32:22.472+0000] {processor.py:925} INFO - DAG(s) 'example_nested_branch_dag' retrieved from /home/airflow/.local/lib/python3.12/site-packages/airflow/example_dags/example_nested_branch_dag.py
[2024-11-09T10:32:22.504+0000] {logging_mixin.py:190} INFO - [2024-11-09T10:32:22.504+0000] {dag.py:3239} INFO - Sync 1 DAGs
[2024-11-09T10:32:22.537+0000] {logging_mixin.py:190} INFO - [2024-11-09T10:32:22.537+0000] {dag.py:4180} INFO - Setting next_dagrun for example_nested_branch_dag to 2024-11-08 00:00:00+00:00, run_after=2024-11-09 00:00:00+00:00
[2024-11-09T10:32:22.575+0000] {processor.py:208} INFO - Processing /home/airflow/.local/lib/python3.12/site-packages/airflow/example_dags/example_nested_branch_dag.py took 0.134 seconds
[2024-11-09T10:32:54.355+0000] {processor.py:186} INFO - Started process (PID=1348) to work on /home/airflow/.local/lib/python3.12/site-packages/airflow/example_dags/example_nested_branch_dag.py
[2024-11-09T10:32:54.356+0000] {processor.py:914} INFO - Processing file /home/airflow/.local/lib/python3.12/site-packages/airflow/example_dags/example_nested_branch_dag.py for tasks to queue
[2024-11-09T10:32:54.360+0000] {logging_mixin.py:190} INFO - [2024-11-09T10:32:54.360+0000] {dagbag.py:588} INFO - Filling up the DagBag from /home/airflow/.local/lib/python3.12/site-packages/airflow/example_dags/example_nested_branch_dag.py
[2024-11-09T10:32:54.383+0000] {processor.py:925} INFO - DAG(s) 'example_nested_branch_dag' retrieved from /home/airflow/.local/lib/python3.12/site-packages/airflow/example_dags/example_nested_branch_dag.py
[2024-11-09T10:32:54.417+0000] {logging_mixin.py:190} INFO - [2024-11-09T10:32:54.417+0000] {dag.py:3239} INFO - Sync 1 DAGs
[2024-11-09T10:32:54.490+0000] {logging_mixin.py:190} INFO - [2024-11-09T10:32:54.490+0000] {dag.py:4180} INFO - Setting next_dagrun for example_nested_branch_dag to 2024-11-08 00:00:00+00:00, run_after=2024-11-09 00:00:00+00:00
[2024-11-09T10:32:54.538+0000] {processor.py:208} INFO - Processing /home/airflow/.local/lib/python3.12/site-packages/airflow/example_dags/example_nested_branch_dag.py took 0.195 seconds
[2024-11-09T10:53:12.989+0000] {processor.py:186} INFO - Started process (PID=115) to work on /home/airflow/.local/lib/python3.12/site-packages/airflow/example_dags/example_nested_branch_dag.py
[2024-11-09T10:53:12.991+0000] {processor.py:914} INFO - Processing file /home/airflow/.local/lib/python3.12/site-packages/airflow/example_dags/example_nested_branch_dag.py for tasks to queue
[2024-11-09T10:53:12.994+0000] {logging_mixin.py:190} INFO - [2024-11-09T10:53:12.993+0000] {dagbag.py:588} INFO - Filling up the DagBag from /home/airflow/.local/lib/python3.12/site-packages/airflow/example_dags/example_nested_branch_dag.py
[2024-11-09T10:53:13.011+0000] {processor.py:925} INFO - DAG(s) 'example_nested_branch_dag' retrieved from /home/airflow/.local/lib/python3.12/site-packages/airflow/example_dags/example_nested_branch_dag.py
[2024-11-09T10:53:13.043+0000] {logging_mixin.py:190} INFO - [2024-11-09T10:53:13.043+0000] {dag.py:3239} INFO - Sync 1 DAGs
[2024-11-09T10:53:13.081+0000] {logging_mixin.py:190} INFO - [2024-11-09T10:53:13.081+0000] {dag.py:4180} INFO - Setting next_dagrun for example_nested_branch_dag to 2024-11-08 00:00:00+00:00, run_after=2024-11-09 00:00:00+00:00
[2024-11-09T10:53:13.118+0000] {processor.py:208} INFO - Processing /home/airflow/.local/lib/python3.12/site-packages/airflow/example_dags/example_nested_branch_dag.py took 0.139 seconds
