[2024-11-09T08:52:57.351+0000] {processor.py:186} INFO - Started process (PID=127) to work on /home/airflow/.local/lib/python3.12/site-packages/airflow/example_dags/example_branch_day_of_week_operator.py
[2024-11-09T08:52:57.352+0000] {processor.py:914} INFO - Processing file /home/airflow/.local/lib/python3.12/site-packages/airflow/example_dags/example_branch_day_of_week_operator.py for tasks to queue
[2024-11-09T08:52:57.357+0000] {logging_mixin.py:190} INFO - [2024-11-09T08:52:57.356+0000] {dagbag.py:588} INFO - Filling up the DagBag from /home/airflow/.local/lib/python3.12/site-packages/airflow/example_dags/example_branch_day_of_week_operator.py
[2024-11-09T08:52:57.389+0000] {processor.py:925} INFO - DAG(s) 'example_weekday_branch_operator' retrieved from /home/airflow/.local/lib/python3.12/site-packages/airflow/example_dags/example_branch_day_of_week_operator.py
[2024-11-09T08:52:57.437+0000] {logging_mixin.py:190} INFO - [2024-11-09T08:52:57.437+0000] {dag.py:3239} INFO - Sync 1 DAGs
[2024-11-09T08:52:57.671+0000] {logging_mixin.py:190} INFO - [2024-11-09T08:52:57.662+0000] {dag.py:4180} INFO - Setting next_dagrun for example_weekday_branch_operator to 2024-11-08 00:00:00+00:00, run_after=2024-11-09 00:00:00+00:00
[2024-11-09T08:52:57.765+0000] {processor.py:208} INFO - Processing /home/airflow/.local/lib/python3.12/site-packages/airflow/example_dags/example_branch_day_of_week_operator.py took 0.424 seconds
[2024-11-09T08:53:34.082+0000] {processor.py:186} INFO - Started process (PID=191) to work on /home/airflow/.local/lib/python3.12/site-packages/airflow/example_dags/example_branch_day_of_week_operator.py
[2024-11-09T08:53:34.087+0000] {processor.py:914} INFO - Processing file /home/airflow/.local/lib/python3.12/site-packages/airflow/example_dags/example_branch_day_of_week_operator.py for tasks to queue
[2024-11-09T08:53:34.095+0000] {logging_mixin.py:190} INFO - [2024-11-09T08:53:34.093+0000] {dagbag.py:588} INFO - Filling up the DagBag from /home/airflow/.local/lib/python3.12/site-packages/airflow/example_dags/example_branch_day_of_week_operator.py
[2024-11-09T08:53:34.124+0000] {processor.py:925} INFO - DAG(s) 'example_weekday_branch_operator' retrieved from /home/airflow/.local/lib/python3.12/site-packages/airflow/example_dags/example_branch_day_of_week_operator.py
[2024-11-09T08:53:34.182+0000] {logging_mixin.py:190} INFO - [2024-11-09T08:53:34.181+0000] {dag.py:3239} INFO - Sync 1 DAGs
[2024-11-09T08:53:34.236+0000] {logging_mixin.py:190} INFO - [2024-11-09T08:53:34.236+0000] {dag.py:4180} INFO - Setting next_dagrun for example_weekday_branch_operator to 2024-11-08 00:00:00+00:00, run_after=2024-11-09 00:00:00+00:00
[2024-11-09T08:53:34.273+0000] {processor.py:208} INFO - Processing /home/airflow/.local/lib/python3.12/site-packages/airflow/example_dags/example_branch_day_of_week_operator.py took 0.199 seconds
[2024-11-09T08:54:05.053+0000] {processor.py:186} INFO - Started process (PID=256) to work on /home/airflow/.local/lib/python3.12/site-packages/airflow/example_dags/example_branch_day_of_week_operator.py
[2024-11-09T08:54:05.064+0000] {processor.py:914} INFO - Processing file /home/airflow/.local/lib/python3.12/site-packages/airflow/example_dags/example_branch_day_of_week_operator.py for tasks to queue
[2024-11-09T08:54:05.066+0000] {logging_mixin.py:190} INFO - [2024-11-09T08:54:05.066+0000] {dagbag.py:588} INFO - Filling up the DagBag from /home/airflow/.local/lib/python3.12/site-packages/airflow/example_dags/example_branch_day_of_week_operator.py
[2024-11-09T08:54:05.080+0000] {processor.py:925} INFO - DAG(s) 'example_weekday_branch_operator' retrieved from /home/airflow/.local/lib/python3.12/site-packages/airflow/example_dags/example_branch_day_of_week_operator.py
[2024-11-09T08:54:05.113+0000] {logging_mixin.py:190} INFO - [2024-11-09T08:54:05.113+0000] {dag.py:3239} INFO - Sync 1 DAGs
[2024-11-09T08:54:05.144+0000] {logging_mixin.py:190} INFO - [2024-11-09T08:54:05.144+0000] {dag.py:4180} INFO - Setting next_dagrun for example_weekday_branch_operator to 2024-11-08 00:00:00+00:00, run_after=2024-11-09 00:00:00+00:00
[2024-11-09T08:54:05.180+0000] {processor.py:208} INFO - Processing /home/airflow/.local/lib/python3.12/site-packages/airflow/example_dags/example_branch_day_of_week_operator.py took 0.139 seconds
[2024-11-09T08:54:36.217+0000] {processor.py:186} INFO - Started process (PID=320) to work on /home/airflow/.local/lib/python3.12/site-packages/airflow/example_dags/example_branch_day_of_week_operator.py
[2024-11-09T08:54:36.218+0000] {processor.py:914} INFO - Processing file /home/airflow/.local/lib/python3.12/site-packages/airflow/example_dags/example_branch_day_of_week_operator.py for tasks to queue
[2024-11-09T08:54:36.221+0000] {logging_mixin.py:190} INFO - [2024-11-09T08:54:36.221+0000] {dagbag.py:588} INFO - Filling up the DagBag from /home/airflow/.local/lib/python3.12/site-packages/airflow/example_dags/example_branch_day_of_week_operator.py
[2024-11-09T08:54:36.237+0000] {processor.py:925} INFO - DAG(s) 'example_weekday_branch_operator' retrieved from /home/airflow/.local/lib/python3.12/site-packages/airflow/example_dags/example_branch_day_of_week_operator.py
[2024-11-09T08:54:36.265+0000] {logging_mixin.py:190} INFO - [2024-11-09T08:54:36.265+0000] {dag.py:3239} INFO - Sync 1 DAGs
[2024-11-09T08:54:36.324+0000] {logging_mixin.py:190} INFO - [2024-11-09T08:54:36.323+0000] {dag.py:4180} INFO - Setting next_dagrun for example_weekday_branch_operator to 2024-11-08 00:00:00+00:00, run_after=2024-11-09 00:00:00+00:00
[2024-11-09T08:54:36.368+0000] {processor.py:208} INFO - Processing /home/airflow/.local/lib/python3.12/site-packages/airflow/example_dags/example_branch_day_of_week_operator.py took 0.158 seconds
[2024-11-09T08:55:06.786+0000] {processor.py:186} INFO - Started process (PID=384) to work on /home/airflow/.local/lib/python3.12/site-packages/airflow/example_dags/example_branch_day_of_week_operator.py
[2024-11-09T08:55:06.787+0000] {processor.py:914} INFO - Processing file /home/airflow/.local/lib/python3.12/site-packages/airflow/example_dags/example_branch_day_of_week_operator.py for tasks to queue
[2024-11-09T08:55:06.792+0000] {logging_mixin.py:190} INFO - [2024-11-09T08:55:06.791+0000] {dagbag.py:588} INFO - Filling up the DagBag from /home/airflow/.local/lib/python3.12/site-packages/airflow/example_dags/example_branch_day_of_week_operator.py
[2024-11-09T08:55:06.805+0000] {processor.py:925} INFO - DAG(s) 'example_weekday_branch_operator' retrieved from /home/airflow/.local/lib/python3.12/site-packages/airflow/example_dags/example_branch_day_of_week_operator.py
[2024-11-09T08:55:06.830+0000] {logging_mixin.py:190} INFO - [2024-11-09T08:55:06.830+0000] {dag.py:3239} INFO - Sync 1 DAGs
[2024-11-09T08:55:06.860+0000] {logging_mixin.py:190} INFO - [2024-11-09T08:55:06.860+0000] {dag.py:4180} INFO - Setting next_dagrun for example_weekday_branch_operator to 2024-11-08 00:00:00+00:00, run_after=2024-11-09 00:00:00+00:00
[2024-11-09T08:55:06.939+0000] {processor.py:208} INFO - Processing /home/airflow/.local/lib/python3.12/site-packages/airflow/example_dags/example_branch_day_of_week_operator.py took 0.164 seconds
[2024-11-09T08:55:39.241+0000] {processor.py:186} INFO - Started process (PID=450) to work on /home/airflow/.local/lib/python3.12/site-packages/airflow/example_dags/example_branch_day_of_week_operator.py
[2024-11-09T08:55:39.243+0000] {processor.py:914} INFO - Processing file /home/airflow/.local/lib/python3.12/site-packages/airflow/example_dags/example_branch_day_of_week_operator.py for tasks to queue
[2024-11-09T08:55:39.246+0000] {logging_mixin.py:190} INFO - [2024-11-09T08:55:39.245+0000] {dagbag.py:588} INFO - Filling up the DagBag from /home/airflow/.local/lib/python3.12/site-packages/airflow/example_dags/example_branch_day_of_week_operator.py
[2024-11-09T08:55:39.257+0000] {processor.py:925} INFO - DAG(s) 'example_weekday_branch_operator' retrieved from /home/airflow/.local/lib/python3.12/site-packages/airflow/example_dags/example_branch_day_of_week_operator.py
[2024-11-09T08:55:39.281+0000] {logging_mixin.py:190} INFO - [2024-11-09T08:55:39.281+0000] {dag.py:3239} INFO - Sync 1 DAGs
[2024-11-09T08:55:39.308+0000] {logging_mixin.py:190} INFO - [2024-11-09T08:55:39.307+0000] {dag.py:4180} INFO - Setting next_dagrun for example_weekday_branch_operator to 2024-11-08 00:00:00+00:00, run_after=2024-11-09 00:00:00+00:00
[2024-11-09T08:55:39.495+0000] {processor.py:208} INFO - Processing /home/airflow/.local/lib/python3.12/site-packages/airflow/example_dags/example_branch_day_of_week_operator.py took 0.261 seconds
[2024-11-09T08:56:12.375+0000] {processor.py:186} INFO - Started process (PID=517) to work on /home/airflow/.local/lib/python3.12/site-packages/airflow/example_dags/example_branch_day_of_week_operator.py
[2024-11-09T08:56:12.383+0000] {processor.py:914} INFO - Processing file /home/airflow/.local/lib/python3.12/site-packages/airflow/example_dags/example_branch_day_of_week_operator.py for tasks to queue
[2024-11-09T08:56:12.387+0000] {logging_mixin.py:190} INFO - [2024-11-09T08:56:12.386+0000] {dagbag.py:588} INFO - Filling up the DagBag from /home/airflow/.local/lib/python3.12/site-packages/airflow/example_dags/example_branch_day_of_week_operator.py
[2024-11-09T08:56:12.398+0000] {processor.py:925} INFO - DAG(s) 'example_weekday_branch_operator' retrieved from /home/airflow/.local/lib/python3.12/site-packages/airflow/example_dags/example_branch_day_of_week_operator.py
[2024-11-09T08:56:12.421+0000] {logging_mixin.py:190} INFO - [2024-11-09T08:56:12.421+0000] {dag.py:3239} INFO - Sync 1 DAGs
[2024-11-09T08:56:12.454+0000] {logging_mixin.py:190} INFO - [2024-11-09T08:56:12.453+0000] {dag.py:4180} INFO - Setting next_dagrun for example_weekday_branch_operator to 2024-11-08 00:00:00+00:00, run_after=2024-11-09 00:00:00+00:00
[2024-11-09T08:56:12.487+0000] {processor.py:208} INFO - Processing /home/airflow/.local/lib/python3.12/site-packages/airflow/example_dags/example_branch_day_of_week_operator.py took 0.120 seconds
[2024-11-09T08:56:43.719+0000] {processor.py:186} INFO - Started process (PID=582) to work on /home/airflow/.local/lib/python3.12/site-packages/airflow/example_dags/example_branch_day_of_week_operator.py
[2024-11-09T08:56:43.721+0000] {processor.py:914} INFO - Processing file /home/airflow/.local/lib/python3.12/site-packages/airflow/example_dags/example_branch_day_of_week_operator.py for tasks to queue
[2024-11-09T08:56:43.724+0000] {logging_mixin.py:190} INFO - [2024-11-09T08:56:43.723+0000] {dagbag.py:588} INFO - Filling up the DagBag from /home/airflow/.local/lib/python3.12/site-packages/airflow/example_dags/example_branch_day_of_week_operator.py
[2024-11-09T08:56:43.736+0000] {processor.py:925} INFO - DAG(s) 'example_weekday_branch_operator' retrieved from /home/airflow/.local/lib/python3.12/site-packages/airflow/example_dags/example_branch_day_of_week_operator.py
[2024-11-09T08:56:43.760+0000] {logging_mixin.py:190} INFO - [2024-11-09T08:56:43.760+0000] {dag.py:3239} INFO - Sync 1 DAGs
[2024-11-09T08:56:43.794+0000] {logging_mixin.py:190} INFO - [2024-11-09T08:56:43.794+0000] {dag.py:4180} INFO - Setting next_dagrun for example_weekday_branch_operator to 2024-11-08 00:00:00+00:00, run_after=2024-11-09 00:00:00+00:00
[2024-11-09T08:56:43.847+0000] {processor.py:208} INFO - Processing /home/airflow/.local/lib/python3.12/site-packages/airflow/example_dags/example_branch_day_of_week_operator.py took 0.135 seconds
[2024-11-09T08:57:15.794+0000] {processor.py:186} INFO - Started process (PID=646) to work on /home/airflow/.local/lib/python3.12/site-packages/airflow/example_dags/example_branch_day_of_week_operator.py
[2024-11-09T08:57:15.796+0000] {processor.py:914} INFO - Processing file /home/airflow/.local/lib/python3.12/site-packages/airflow/example_dags/example_branch_day_of_week_operator.py for tasks to queue
[2024-11-09T08:57:15.801+0000] {logging_mixin.py:190} INFO - [2024-11-09T08:57:15.800+0000] {dagbag.py:588} INFO - Filling up the DagBag from /home/airflow/.local/lib/python3.12/site-packages/airflow/example_dags/example_branch_day_of_week_operator.py
[2024-11-09T08:57:15.818+0000] {processor.py:925} INFO - DAG(s) 'example_weekday_branch_operator' retrieved from /home/airflow/.local/lib/python3.12/site-packages/airflow/example_dags/example_branch_day_of_week_operator.py
[2024-11-09T08:57:15.841+0000] {logging_mixin.py:190} INFO - [2024-11-09T08:57:15.841+0000] {dag.py:3239} INFO - Sync 1 DAGs
[2024-11-09T08:57:15.867+0000] {logging_mixin.py:190} INFO - [2024-11-09T08:57:15.867+0000] {dag.py:4180} INFO - Setting next_dagrun for example_weekday_branch_operator to 2024-11-08 00:00:00+00:00, run_after=2024-11-09 00:00:00+00:00
[2024-11-09T08:57:16.033+0000] {processor.py:208} INFO - Processing /home/airflow/.local/lib/python3.12/site-packages/airflow/example_dags/example_branch_day_of_week_operator.py took 0.249 seconds
[2024-11-09T08:57:47.101+0000] {processor.py:186} INFO - Started process (PID=716) to work on /home/airflow/.local/lib/python3.12/site-packages/airflow/example_dags/example_branch_day_of_week_operator.py
[2024-11-09T08:57:47.102+0000] {processor.py:914} INFO - Processing file /home/airflow/.local/lib/python3.12/site-packages/airflow/example_dags/example_branch_day_of_week_operator.py for tasks to queue
[2024-11-09T08:57:47.107+0000] {logging_mixin.py:190} INFO - [2024-11-09T08:57:47.106+0000] {dagbag.py:588} INFO - Filling up the DagBag from /home/airflow/.local/lib/python3.12/site-packages/airflow/example_dags/example_branch_day_of_week_operator.py
[2024-11-09T08:57:47.120+0000] {processor.py:925} INFO - DAG(s) 'example_weekday_branch_operator' retrieved from /home/airflow/.local/lib/python3.12/site-packages/airflow/example_dags/example_branch_day_of_week_operator.py
[2024-11-09T08:57:47.147+0000] {logging_mixin.py:190} INFO - [2024-11-09T08:57:47.146+0000] {dag.py:3239} INFO - Sync 1 DAGs
[2024-11-09T08:57:47.182+0000] {logging_mixin.py:190} INFO - [2024-11-09T08:57:47.182+0000] {dag.py:4180} INFO - Setting next_dagrun for example_weekday_branch_operator to 2024-11-08 00:00:00+00:00, run_after=2024-11-09 00:00:00+00:00
[2024-11-09T08:57:47.258+0000] {processor.py:208} INFO - Processing /home/airflow/.local/lib/python3.12/site-packages/airflow/example_dags/example_branch_day_of_week_operator.py took 0.164 seconds
[2024-11-09T08:58:18.047+0000] {processor.py:186} INFO - Started process (PID=779) to work on /home/airflow/.local/lib/python3.12/site-packages/airflow/example_dags/example_branch_day_of_week_operator.py
[2024-11-09T08:58:18.048+0000] {processor.py:914} INFO - Processing file /home/airflow/.local/lib/python3.12/site-packages/airflow/example_dags/example_branch_day_of_week_operator.py for tasks to queue
[2024-11-09T08:58:18.051+0000] {logging_mixin.py:190} INFO - [2024-11-09T08:58:18.051+0000] {dagbag.py:588} INFO - Filling up the DagBag from /home/airflow/.local/lib/python3.12/site-packages/airflow/example_dags/example_branch_day_of_week_operator.py
[2024-11-09T08:58:18.067+0000] {processor.py:925} INFO - DAG(s) 'example_weekday_branch_operator' retrieved from /home/airflow/.local/lib/python3.12/site-packages/airflow/example_dags/example_branch_day_of_week_operator.py
[2024-11-09T08:58:18.098+0000] {logging_mixin.py:190} INFO - [2024-11-09T08:58:18.097+0000] {dag.py:3239} INFO - Sync 1 DAGs
[2024-11-09T08:58:18.154+0000] {logging_mixin.py:190} INFO - [2024-11-09T08:58:18.153+0000] {dag.py:4180} INFO - Setting next_dagrun for example_weekday_branch_operator to 2024-11-08 00:00:00+00:00, run_after=2024-11-09 00:00:00+00:00
[2024-11-09T08:58:18.274+0000] {processor.py:208} INFO - Processing /home/airflow/.local/lib/python3.12/site-packages/airflow/example_dags/example_branch_day_of_week_operator.py took 0.237 seconds
[2024-11-09T10:15:44.472+0000] {processor.py:186} INFO - Started process (PID=115) to work on /home/airflow/.local/lib/python3.12/site-packages/airflow/example_dags/example_branch_day_of_week_operator.py
[2024-11-09T10:15:44.474+0000] {processor.py:914} INFO - Processing file /home/airflow/.local/lib/python3.12/site-packages/airflow/example_dags/example_branch_day_of_week_operator.py for tasks to queue
[2024-11-09T10:15:44.477+0000] {logging_mixin.py:190} INFO - [2024-11-09T10:15:44.477+0000] {dagbag.py:588} INFO - Filling up the DagBag from /home/airflow/.local/lib/python3.12/site-packages/airflow/example_dags/example_branch_day_of_week_operator.py
[2024-11-09T10:15:44.489+0000] {processor.py:925} INFO - DAG(s) 'example_weekday_branch_operator' retrieved from /home/airflow/.local/lib/python3.12/site-packages/airflow/example_dags/example_branch_day_of_week_operator.py
[2024-11-09T10:15:44.514+0000] {logging_mixin.py:190} INFO - [2024-11-09T10:15:44.513+0000] {dag.py:3239} INFO - Sync 1 DAGs
[2024-11-09T10:15:44.544+0000] {logging_mixin.py:190} INFO - [2024-11-09T10:15:44.544+0000] {dag.py:4180} INFO - Setting next_dagrun for example_weekday_branch_operator to 2024-11-08 00:00:00+00:00, run_after=2024-11-09 00:00:00+00:00
[2024-11-09T10:15:44.575+0000] {processor.py:208} INFO - Processing /home/airflow/.local/lib/python3.12/site-packages/airflow/example_dags/example_branch_day_of_week_operator.py took 0.109 seconds
[2024-11-09T10:16:16.905+0000] {processor.py:186} INFO - Started process (PID=180) to work on /home/airflow/.local/lib/python3.12/site-packages/airflow/example_dags/example_branch_day_of_week_operator.py
[2024-11-09T10:16:16.906+0000] {processor.py:914} INFO - Processing file /home/airflow/.local/lib/python3.12/site-packages/airflow/example_dags/example_branch_day_of_week_operator.py for tasks to queue
[2024-11-09T10:16:16.911+0000] {logging_mixin.py:190} INFO - [2024-11-09T10:16:16.911+0000] {dagbag.py:588} INFO - Filling up the DagBag from /home/airflow/.local/lib/python3.12/site-packages/airflow/example_dags/example_branch_day_of_week_operator.py
[2024-11-09T10:16:16.927+0000] {processor.py:925} INFO - DAG(s) 'example_weekday_branch_operator' retrieved from /home/airflow/.local/lib/python3.12/site-packages/airflow/example_dags/example_branch_day_of_week_operator.py
[2024-11-09T10:16:16.968+0000] {logging_mixin.py:190} INFO - [2024-11-09T10:16:16.967+0000] {dag.py:3239} INFO - Sync 1 DAGs
[2024-11-09T10:16:17.016+0000] {logging_mixin.py:190} INFO - [2024-11-09T10:16:17.015+0000] {dag.py:4180} INFO - Setting next_dagrun for example_weekday_branch_operator to 2024-11-08 00:00:00+00:00, run_after=2024-11-09 00:00:00+00:00
[2024-11-09T10:16:17.062+0000] {processor.py:208} INFO - Processing /home/airflow/.local/lib/python3.12/site-packages/airflow/example_dags/example_branch_day_of_week_operator.py took 0.165 seconds
[2024-11-09T10:16:50.005+0000] {processor.py:186} INFO - Started process (PID=244) to work on /home/airflow/.local/lib/python3.12/site-packages/airflow/example_dags/example_branch_day_of_week_operator.py
[2024-11-09T10:16:50.006+0000] {processor.py:914} INFO - Processing file /home/airflow/.local/lib/python3.12/site-packages/airflow/example_dags/example_branch_day_of_week_operator.py for tasks to queue
[2024-11-09T10:16:50.009+0000] {logging_mixin.py:190} INFO - [2024-11-09T10:16:50.008+0000] {dagbag.py:588} INFO - Filling up the DagBag from /home/airflow/.local/lib/python3.12/site-packages/airflow/example_dags/example_branch_day_of_week_operator.py
[2024-11-09T10:16:50.019+0000] {processor.py:925} INFO - DAG(s) 'example_weekday_branch_operator' retrieved from /home/airflow/.local/lib/python3.12/site-packages/airflow/example_dags/example_branch_day_of_week_operator.py
[2024-11-09T10:16:50.041+0000] {logging_mixin.py:190} INFO - [2024-11-09T10:16:50.041+0000] {dag.py:3239} INFO - Sync 1 DAGs
[2024-11-09T10:16:50.068+0000] {logging_mixin.py:190} INFO - [2024-11-09T10:16:50.068+0000] {dag.py:4180} INFO - Setting next_dagrun for example_weekday_branch_operator to 2024-11-08 00:00:00+00:00, run_after=2024-11-09 00:00:00+00:00
[2024-11-09T10:16:50.100+0000] {processor.py:208} INFO - Processing /home/airflow/.local/lib/python3.12/site-packages/airflow/example_dags/example_branch_day_of_week_operator.py took 0.102 seconds
[2024-11-09T10:22:53.286+0000] {processor.py:186} INFO - Started process (PID=116) to work on /home/airflow/.local/lib/python3.12/site-packages/airflow/example_dags/example_branch_day_of_week_operator.py
[2024-11-09T10:22:53.288+0000] {processor.py:914} INFO - Processing file /home/airflow/.local/lib/python3.12/site-packages/airflow/example_dags/example_branch_day_of_week_operator.py for tasks to queue
[2024-11-09T10:22:53.292+0000] {logging_mixin.py:190} INFO - [2024-11-09T10:22:53.291+0000] {dagbag.py:588} INFO - Filling up the DagBag from /home/airflow/.local/lib/python3.12/site-packages/airflow/example_dags/example_branch_day_of_week_operator.py
[2024-11-09T10:22:53.305+0000] {processor.py:925} INFO - DAG(s) 'example_weekday_branch_operator' retrieved from /home/airflow/.local/lib/python3.12/site-packages/airflow/example_dags/example_branch_day_of_week_operator.py
[2024-11-09T10:22:53.337+0000] {logging_mixin.py:190} INFO - [2024-11-09T10:22:53.337+0000] {dag.py:3239} INFO - Sync 1 DAGs
[2024-11-09T10:22:53.367+0000] {logging_mixin.py:190} INFO - [2024-11-09T10:22:53.367+0000] {dag.py:4180} INFO - Setting next_dagrun for example_weekday_branch_operator to 2024-11-08 00:00:00+00:00, run_after=2024-11-09 00:00:00+00:00
[2024-11-09T10:22:53.395+0000] {processor.py:208} INFO - Processing /home/airflow/.local/lib/python3.12/site-packages/airflow/example_dags/example_branch_day_of_week_operator.py took 0.116 seconds
[2024-11-09T10:23:24.981+0000] {processor.py:186} INFO - Started process (PID=180) to work on /home/airflow/.local/lib/python3.12/site-packages/airflow/example_dags/example_branch_day_of_week_operator.py
[2024-11-09T10:23:24.982+0000] {processor.py:914} INFO - Processing file /home/airflow/.local/lib/python3.12/site-packages/airflow/example_dags/example_branch_day_of_week_operator.py for tasks to queue
[2024-11-09T10:23:24.985+0000] {logging_mixin.py:190} INFO - [2024-11-09T10:23:24.985+0000] {dagbag.py:588} INFO - Filling up the DagBag from /home/airflow/.local/lib/python3.12/site-packages/airflow/example_dags/example_branch_day_of_week_operator.py
[2024-11-09T10:23:24.999+0000] {processor.py:925} INFO - DAG(s) 'example_weekday_branch_operator' retrieved from /home/airflow/.local/lib/python3.12/site-packages/airflow/example_dags/example_branch_day_of_week_operator.py
[2024-11-09T10:23:25.024+0000] {logging_mixin.py:190} INFO - [2024-11-09T10:23:25.023+0000] {dag.py:3239} INFO - Sync 1 DAGs
[2024-11-09T10:23:25.057+0000] {logging_mixin.py:190} INFO - [2024-11-09T10:23:25.057+0000] {dag.py:4180} INFO - Setting next_dagrun for example_weekday_branch_operator to 2024-11-08 00:00:00+00:00, run_after=2024-11-09 00:00:00+00:00
[2024-11-09T10:23:25.081+0000] {processor.py:208} INFO - Processing /home/airflow/.local/lib/python3.12/site-packages/airflow/example_dags/example_branch_day_of_week_operator.py took 0.108 seconds
[2024-11-09T10:23:55.955+0000] {processor.py:186} INFO - Started process (PID=244) to work on /home/airflow/.local/lib/python3.12/site-packages/airflow/example_dags/example_branch_day_of_week_operator.py
[2024-11-09T10:23:55.956+0000] {processor.py:914} INFO - Processing file /home/airflow/.local/lib/python3.12/site-packages/airflow/example_dags/example_branch_day_of_week_operator.py for tasks to queue
[2024-11-09T10:23:55.959+0000] {logging_mixin.py:190} INFO - [2024-11-09T10:23:55.959+0000] {dagbag.py:588} INFO - Filling up the DagBag from /home/airflow/.local/lib/python3.12/site-packages/airflow/example_dags/example_branch_day_of_week_operator.py
[2024-11-09T10:23:55.973+0000] {processor.py:925} INFO - DAG(s) 'example_weekday_branch_operator' retrieved from /home/airflow/.local/lib/python3.12/site-packages/airflow/example_dags/example_branch_day_of_week_operator.py
[2024-11-09T10:23:55.999+0000] {logging_mixin.py:190} INFO - [2024-11-09T10:23:55.999+0000] {dag.py:3239} INFO - Sync 1 DAGs
[2024-11-09T10:23:56.029+0000] {logging_mixin.py:190} INFO - [2024-11-09T10:23:56.029+0000] {dag.py:4180} INFO - Setting next_dagrun for example_weekday_branch_operator to 2024-11-08 00:00:00+00:00, run_after=2024-11-09 00:00:00+00:00
[2024-11-09T10:23:56.057+0000] {processor.py:208} INFO - Processing /home/airflow/.local/lib/python3.12/site-packages/airflow/example_dags/example_branch_day_of_week_operator.py took 0.110 seconds
[2024-11-09T10:24:28.206+0000] {processor.py:186} INFO - Started process (PID=308) to work on /home/airflow/.local/lib/python3.12/site-packages/airflow/example_dags/example_branch_day_of_week_operator.py
[2024-11-09T10:24:28.208+0000] {processor.py:914} INFO - Processing file /home/airflow/.local/lib/python3.12/site-packages/airflow/example_dags/example_branch_day_of_week_operator.py for tasks to queue
[2024-11-09T10:24:28.211+0000] {logging_mixin.py:190} INFO - [2024-11-09T10:24:28.210+0000] {dagbag.py:588} INFO - Filling up the DagBag from /home/airflow/.local/lib/python3.12/site-packages/airflow/example_dags/example_branch_day_of_week_operator.py
[2024-11-09T10:24:28.225+0000] {processor.py:925} INFO - DAG(s) 'example_weekday_branch_operator' retrieved from /home/airflow/.local/lib/python3.12/site-packages/airflow/example_dags/example_branch_day_of_week_operator.py
[2024-11-09T10:24:28.253+0000] {logging_mixin.py:190} INFO - [2024-11-09T10:24:28.252+0000] {dag.py:3239} INFO - Sync 1 DAGs
[2024-11-09T10:24:28.284+0000] {logging_mixin.py:190} INFO - [2024-11-09T10:24:28.283+0000] {dag.py:4180} INFO - Setting next_dagrun for example_weekday_branch_operator to 2024-11-08 00:00:00+00:00, run_after=2024-11-09 00:00:00+00:00
[2024-11-09T10:24:28.345+0000] {processor.py:208} INFO - Processing /home/airflow/.local/lib/python3.12/site-packages/airflow/example_dags/example_branch_day_of_week_operator.py took 0.146 seconds
[2024-11-09T10:25:00.290+0000] {processor.py:186} INFO - Started process (PID=372) to work on /home/airflow/.local/lib/python3.12/site-packages/airflow/example_dags/example_branch_day_of_week_operator.py
[2024-11-09T10:25:00.291+0000] {processor.py:914} INFO - Processing file /home/airflow/.local/lib/python3.12/site-packages/airflow/example_dags/example_branch_day_of_week_operator.py for tasks to queue
[2024-11-09T10:25:00.303+0000] {logging_mixin.py:190} INFO - [2024-11-09T10:25:00.297+0000] {dagbag.py:588} INFO - Filling up the DagBag from /home/airflow/.local/lib/python3.12/site-packages/airflow/example_dags/example_branch_day_of_week_operator.py
[2024-11-09T10:25:00.321+0000] {processor.py:925} INFO - DAG(s) 'example_weekday_branch_operator' retrieved from /home/airflow/.local/lib/python3.12/site-packages/airflow/example_dags/example_branch_day_of_week_operator.py
[2024-11-09T10:25:00.371+0000] {logging_mixin.py:190} INFO - [2024-11-09T10:25:00.370+0000] {dag.py:3239} INFO - Sync 1 DAGs
[2024-11-09T10:25:00.403+0000] {logging_mixin.py:190} INFO - [2024-11-09T10:25:00.403+0000] {dag.py:4180} INFO - Setting next_dagrun for example_weekday_branch_operator to 2024-11-08 00:00:00+00:00, run_after=2024-11-09 00:00:00+00:00
[2024-11-09T10:25:00.430+0000] {processor.py:208} INFO - Processing /home/airflow/.local/lib/python3.12/site-packages/airflow/example_dags/example_branch_day_of_week_operator.py took 0.154 seconds
[2024-11-09T10:25:31.024+0000] {processor.py:186} INFO - Started process (PID=436) to work on /home/airflow/.local/lib/python3.12/site-packages/airflow/example_dags/example_branch_day_of_week_operator.py
[2024-11-09T10:25:31.026+0000] {processor.py:914} INFO - Processing file /home/airflow/.local/lib/python3.12/site-packages/airflow/example_dags/example_branch_day_of_week_operator.py for tasks to queue
[2024-11-09T10:25:31.028+0000] {logging_mixin.py:190} INFO - [2024-11-09T10:25:31.028+0000] {dagbag.py:588} INFO - Filling up the DagBag from /home/airflow/.local/lib/python3.12/site-packages/airflow/example_dags/example_branch_day_of_week_operator.py
[2024-11-09T10:25:31.039+0000] {processor.py:925} INFO - DAG(s) 'example_weekday_branch_operator' retrieved from /home/airflow/.local/lib/python3.12/site-packages/airflow/example_dags/example_branch_day_of_week_operator.py
[2024-11-09T10:25:31.064+0000] {logging_mixin.py:190} INFO - [2024-11-09T10:25:31.063+0000] {dag.py:3239} INFO - Sync 1 DAGs
[2024-11-09T10:25:31.097+0000] {logging_mixin.py:190} INFO - [2024-11-09T10:25:31.097+0000] {dag.py:4180} INFO - Setting next_dagrun for example_weekday_branch_operator to 2024-11-08 00:00:00+00:00, run_after=2024-11-09 00:00:00+00:00
[2024-11-09T10:25:31.122+0000] {processor.py:208} INFO - Processing /home/airflow/.local/lib/python3.12/site-packages/airflow/example_dags/example_branch_day_of_week_operator.py took 0.105 seconds
[2024-11-09T10:26:03.297+0000] {processor.py:186} INFO - Started process (PID=501) to work on /home/airflow/.local/lib/python3.12/site-packages/airflow/example_dags/example_branch_day_of_week_operator.py
[2024-11-09T10:26:03.299+0000] {processor.py:914} INFO - Processing file /home/airflow/.local/lib/python3.12/site-packages/airflow/example_dags/example_branch_day_of_week_operator.py for tasks to queue
[2024-11-09T10:26:03.302+0000] {logging_mixin.py:190} INFO - [2024-11-09T10:26:03.302+0000] {dagbag.py:588} INFO - Filling up the DagBag from /home/airflow/.local/lib/python3.12/site-packages/airflow/example_dags/example_branch_day_of_week_operator.py
[2024-11-09T10:26:03.318+0000] {processor.py:925} INFO - DAG(s) 'example_weekday_branch_operator' retrieved from /home/airflow/.local/lib/python3.12/site-packages/airflow/example_dags/example_branch_day_of_week_operator.py
[2024-11-09T10:26:03.362+0000] {logging_mixin.py:190} INFO - [2024-11-09T10:26:03.362+0000] {dag.py:3239} INFO - Sync 1 DAGs
[2024-11-09T10:26:03.399+0000] {logging_mixin.py:190} INFO - [2024-11-09T10:26:03.399+0000] {dag.py:4180} INFO - Setting next_dagrun for example_weekday_branch_operator to 2024-11-08 00:00:00+00:00, run_after=2024-11-09 00:00:00+00:00
[2024-11-09T10:26:03.609+0000] {processor.py:208} INFO - Processing /home/airflow/.local/lib/python3.12/site-packages/airflow/example_dags/example_branch_day_of_week_operator.py took 0.321 seconds
[2024-11-09T10:26:34.725+0000] {processor.py:186} INFO - Started process (PID=565) to work on /home/airflow/.local/lib/python3.12/site-packages/airflow/example_dags/example_branch_day_of_week_operator.py
[2024-11-09T10:26:34.726+0000] {processor.py:914} INFO - Processing file /home/airflow/.local/lib/python3.12/site-packages/airflow/example_dags/example_branch_day_of_week_operator.py for tasks to queue
[2024-11-09T10:26:34.729+0000] {logging_mixin.py:190} INFO - [2024-11-09T10:26:34.729+0000] {dagbag.py:588} INFO - Filling up the DagBag from /home/airflow/.local/lib/python3.12/site-packages/airflow/example_dags/example_branch_day_of_week_operator.py
[2024-11-09T10:26:34.741+0000] {processor.py:925} INFO - DAG(s) 'example_weekday_branch_operator' retrieved from /home/airflow/.local/lib/python3.12/site-packages/airflow/example_dags/example_branch_day_of_week_operator.py
[2024-11-09T10:26:34.763+0000] {logging_mixin.py:190} INFO - [2024-11-09T10:26:34.763+0000] {dag.py:3239} INFO - Sync 1 DAGs
[2024-11-09T10:26:34.790+0000] {logging_mixin.py:190} INFO - [2024-11-09T10:26:34.790+0000] {dag.py:4180} INFO - Setting next_dagrun for example_weekday_branch_operator to 2024-11-08 00:00:00+00:00, run_after=2024-11-09 00:00:00+00:00
[2024-11-09T10:26:34.836+0000] {processor.py:208} INFO - Processing /home/airflow/.local/lib/python3.12/site-packages/airflow/example_dags/example_branch_day_of_week_operator.py took 0.117 seconds
[2024-11-09T10:27:05.994+0000] {processor.py:186} INFO - Started process (PID=629) to work on /home/airflow/.local/lib/python3.12/site-packages/airflow/example_dags/example_branch_day_of_week_operator.py
[2024-11-09T10:27:05.995+0000] {processor.py:914} INFO - Processing file /home/airflow/.local/lib/python3.12/site-packages/airflow/example_dags/example_branch_day_of_week_operator.py for tasks to queue
[2024-11-09T10:27:05.998+0000] {logging_mixin.py:190} INFO - [2024-11-09T10:27:05.997+0000] {dagbag.py:588} INFO - Filling up the DagBag from /home/airflow/.local/lib/python3.12/site-packages/airflow/example_dags/example_branch_day_of_week_operator.py
[2024-11-09T10:27:06.009+0000] {processor.py:925} INFO - DAG(s) 'example_weekday_branch_operator' retrieved from /home/airflow/.local/lib/python3.12/site-packages/airflow/example_dags/example_branch_day_of_week_operator.py
[2024-11-09T10:27:06.057+0000] {logging_mixin.py:190} INFO - [2024-11-09T10:27:06.057+0000] {dag.py:3239} INFO - Sync 1 DAGs
[2024-11-09T10:27:06.087+0000] {logging_mixin.py:190} INFO - [2024-11-09T10:27:06.087+0000] {dag.py:4180} INFO - Setting next_dagrun for example_weekday_branch_operator to 2024-11-08 00:00:00+00:00, run_after=2024-11-09 00:00:00+00:00
[2024-11-09T10:27:06.114+0000] {processor.py:208} INFO - Processing /home/airflow/.local/lib/python3.12/site-packages/airflow/example_dags/example_branch_day_of_week_operator.py took 0.128 seconds
[2024-11-09T10:27:37.582+0000] {processor.py:186} INFO - Started process (PID=693) to work on /home/airflow/.local/lib/python3.12/site-packages/airflow/example_dags/example_branch_day_of_week_operator.py
[2024-11-09T10:27:37.586+0000] {processor.py:914} INFO - Processing file /home/airflow/.local/lib/python3.12/site-packages/airflow/example_dags/example_branch_day_of_week_operator.py for tasks to queue
[2024-11-09T10:27:37.615+0000] {logging_mixin.py:190} INFO - [2024-11-09T10:27:37.615+0000] {dagbag.py:588} INFO - Filling up the DagBag from /home/airflow/.local/lib/python3.12/site-packages/airflow/example_dags/example_branch_day_of_week_operator.py
[2024-11-09T10:27:37.642+0000] {processor.py:925} INFO - DAG(s) 'example_weekday_branch_operator' retrieved from /home/airflow/.local/lib/python3.12/site-packages/airflow/example_dags/example_branch_day_of_week_operator.py
[2024-11-09T10:27:37.680+0000] {logging_mixin.py:190} INFO - [2024-11-09T10:27:37.679+0000] {dag.py:3239} INFO - Sync 1 DAGs
[2024-11-09T10:27:37.708+0000] {logging_mixin.py:190} INFO - [2024-11-09T10:27:37.708+0000] {dag.py:4180} INFO - Setting next_dagrun for example_weekday_branch_operator to 2024-11-08 00:00:00+00:00, run_after=2024-11-09 00:00:00+00:00
[2024-11-09T10:27:37.796+0000] {processor.py:208} INFO - Processing /home/airflow/.local/lib/python3.12/site-packages/airflow/example_dags/example_branch_day_of_week_operator.py took 0.276 seconds
[2024-11-09T10:28:08.636+0000] {processor.py:186} INFO - Started process (PID=764) to work on /home/airflow/.local/lib/python3.12/site-packages/airflow/example_dags/example_branch_day_of_week_operator.py
[2024-11-09T10:28:08.637+0000] {processor.py:914} INFO - Processing file /home/airflow/.local/lib/python3.12/site-packages/airflow/example_dags/example_branch_day_of_week_operator.py for tasks to queue
[2024-11-09T10:28:08.639+0000] {logging_mixin.py:190} INFO - [2024-11-09T10:28:08.639+0000] {dagbag.py:588} INFO - Filling up the DagBag from /home/airflow/.local/lib/python3.12/site-packages/airflow/example_dags/example_branch_day_of_week_operator.py
[2024-11-09T10:28:08.651+0000] {processor.py:925} INFO - DAG(s) 'example_weekday_branch_operator' retrieved from /home/airflow/.local/lib/python3.12/site-packages/airflow/example_dags/example_branch_day_of_week_operator.py
[2024-11-09T10:28:08.674+0000] {logging_mixin.py:190} INFO - [2024-11-09T10:28:08.674+0000] {dag.py:3239} INFO - Sync 1 DAGs
[2024-11-09T10:28:08.703+0000] {logging_mixin.py:190} INFO - [2024-11-09T10:28:08.702+0000] {dag.py:4180} INFO - Setting next_dagrun for example_weekday_branch_operator to 2024-11-08 00:00:00+00:00, run_after=2024-11-09 00:00:00+00:00
[2024-11-09T10:28:08.785+0000] {processor.py:208} INFO - Processing /home/airflow/.local/lib/python3.12/site-packages/airflow/example_dags/example_branch_day_of_week_operator.py took 0.156 seconds
[2024-11-09T10:28:39.730+0000] {processor.py:186} INFO - Started process (PID=829) to work on /home/airflow/.local/lib/python3.12/site-packages/airflow/example_dags/example_branch_day_of_week_operator.py
[2024-11-09T10:28:39.732+0000] {processor.py:914} INFO - Processing file /home/airflow/.local/lib/python3.12/site-packages/airflow/example_dags/example_branch_day_of_week_operator.py for tasks to queue
[2024-11-09T10:28:39.734+0000] {logging_mixin.py:190} INFO - [2024-11-09T10:28:39.734+0000] {dagbag.py:588} INFO - Filling up the DagBag from /home/airflow/.local/lib/python3.12/site-packages/airflow/example_dags/example_branch_day_of_week_operator.py
[2024-11-09T10:28:39.745+0000] {processor.py:925} INFO - DAG(s) 'example_weekday_branch_operator' retrieved from /home/airflow/.local/lib/python3.12/site-packages/airflow/example_dags/example_branch_day_of_week_operator.py
[2024-11-09T10:28:39.768+0000] {logging_mixin.py:190} INFO - [2024-11-09T10:28:39.768+0000] {dag.py:3239} INFO - Sync 1 DAGs
[2024-11-09T10:28:39.795+0000] {logging_mixin.py:190} INFO - [2024-11-09T10:28:39.794+0000] {dag.py:4180} INFO - Setting next_dagrun for example_weekday_branch_operator to 2024-11-08 00:00:00+00:00, run_after=2024-11-09 00:00:00+00:00
[2024-11-09T10:28:39.962+0000] {processor.py:208} INFO - Processing /home/airflow/.local/lib/python3.12/site-packages/airflow/example_dags/example_branch_day_of_week_operator.py took 0.239 seconds
[2024-11-09T10:29:10.493+0000] {processor.py:186} INFO - Started process (PID=893) to work on /home/airflow/.local/lib/python3.12/site-packages/airflow/example_dags/example_branch_day_of_week_operator.py
[2024-11-09T10:29:10.495+0000] {processor.py:914} INFO - Processing file /home/airflow/.local/lib/python3.12/site-packages/airflow/example_dags/example_branch_day_of_week_operator.py for tasks to queue
[2024-11-09T10:29:10.498+0000] {logging_mixin.py:190} INFO - [2024-11-09T10:29:10.497+0000] {dagbag.py:588} INFO - Filling up the DagBag from /home/airflow/.local/lib/python3.12/site-packages/airflow/example_dags/example_branch_day_of_week_operator.py
[2024-11-09T10:29:10.513+0000] {processor.py:925} INFO - DAG(s) 'example_weekday_branch_operator' retrieved from /home/airflow/.local/lib/python3.12/site-packages/airflow/example_dags/example_branch_day_of_week_operator.py
[2024-11-09T10:29:10.538+0000] {logging_mixin.py:190} INFO - [2024-11-09T10:29:10.538+0000] {dag.py:3239} INFO - Sync 1 DAGs
[2024-11-09T10:29:10.570+0000] {logging_mixin.py:190} INFO - [2024-11-09T10:29:10.570+0000] {dag.py:4180} INFO - Setting next_dagrun for example_weekday_branch_operator to 2024-11-08 00:00:00+00:00, run_after=2024-11-09 00:00:00+00:00
[2024-11-09T10:29:10.609+0000] {processor.py:208} INFO - Processing /home/airflow/.local/lib/python3.12/site-packages/airflow/example_dags/example_branch_day_of_week_operator.py took 0.125 seconds
[2024-11-09T10:29:41.793+0000] {processor.py:186} INFO - Started process (PID=957) to work on /home/airflow/.local/lib/python3.12/site-packages/airflow/example_dags/example_branch_day_of_week_operator.py
[2024-11-09T10:29:41.794+0000] {processor.py:914} INFO - Processing file /home/airflow/.local/lib/python3.12/site-packages/airflow/example_dags/example_branch_day_of_week_operator.py for tasks to queue
[2024-11-09T10:29:41.796+0000] {logging_mixin.py:190} INFO - [2024-11-09T10:29:41.796+0000] {dagbag.py:588} INFO - Filling up the DagBag from /home/airflow/.local/lib/python3.12/site-packages/airflow/example_dags/example_branch_day_of_week_operator.py
[2024-11-09T10:29:41.807+0000] {processor.py:925} INFO - DAG(s) 'example_weekday_branch_operator' retrieved from /home/airflow/.local/lib/python3.12/site-packages/airflow/example_dags/example_branch_day_of_week_operator.py
[2024-11-09T10:29:41.830+0000] {logging_mixin.py:190} INFO - [2024-11-09T10:29:41.830+0000] {dag.py:3239} INFO - Sync 1 DAGs
[2024-11-09T10:29:41.857+0000] {logging_mixin.py:190} INFO - [2024-11-09T10:29:41.857+0000] {dag.py:4180} INFO - Setting next_dagrun for example_weekday_branch_operator to 2024-11-08 00:00:00+00:00, run_after=2024-11-09 00:00:00+00:00
[2024-11-09T10:29:41.948+0000] {processor.py:208} INFO - Processing /home/airflow/.local/lib/python3.12/site-packages/airflow/example_dags/example_branch_day_of_week_operator.py took 0.161 seconds
[2024-11-09T10:30:12.583+0000] {processor.py:186} INFO - Started process (PID=1020) to work on /home/airflow/.local/lib/python3.12/site-packages/airflow/example_dags/example_branch_day_of_week_operator.py
[2024-11-09T10:30:12.584+0000] {processor.py:914} INFO - Processing file /home/airflow/.local/lib/python3.12/site-packages/airflow/example_dags/example_branch_day_of_week_operator.py for tasks to queue
[2024-11-09T10:30:12.588+0000] {logging_mixin.py:190} INFO - [2024-11-09T10:30:12.588+0000] {dagbag.py:588} INFO - Filling up the DagBag from /home/airflow/.local/lib/python3.12/site-packages/airflow/example_dags/example_branch_day_of_week_operator.py
[2024-11-09T10:30:12.600+0000] {processor.py:925} INFO - DAG(s) 'example_weekday_branch_operator' retrieved from /home/airflow/.local/lib/python3.12/site-packages/airflow/example_dags/example_branch_day_of_week_operator.py
[2024-11-09T10:30:12.624+0000] {logging_mixin.py:190} INFO - [2024-11-09T10:30:12.623+0000] {dag.py:3239} INFO - Sync 1 DAGs
[2024-11-09T10:30:12.655+0000] {logging_mixin.py:190} INFO - [2024-11-09T10:30:12.655+0000] {dag.py:4180} INFO - Setting next_dagrun for example_weekday_branch_operator to 2024-11-08 00:00:00+00:00, run_after=2024-11-09 00:00:00+00:00
[2024-11-09T10:30:12.898+0000] {processor.py:208} INFO - Processing /home/airflow/.local/lib/python3.12/site-packages/airflow/example_dags/example_branch_day_of_week_operator.py took 0.323 seconds
[2024-11-09T10:30:43.129+0000] {processor.py:186} INFO - Started process (PID=1084) to work on /home/airflow/.local/lib/python3.12/site-packages/airflow/example_dags/example_branch_day_of_week_operator.py
[2024-11-09T10:30:43.130+0000] {processor.py:914} INFO - Processing file /home/airflow/.local/lib/python3.12/site-packages/airflow/example_dags/example_branch_day_of_week_operator.py for tasks to queue
[2024-11-09T10:30:43.134+0000] {logging_mixin.py:190} INFO - [2024-11-09T10:30:43.133+0000] {dagbag.py:588} INFO - Filling up the DagBag from /home/airflow/.local/lib/python3.12/site-packages/airflow/example_dags/example_branch_day_of_week_operator.py
[2024-11-09T10:30:43.144+0000] {processor.py:925} INFO - DAG(s) 'example_weekday_branch_operator' retrieved from /home/airflow/.local/lib/python3.12/site-packages/airflow/example_dags/example_branch_day_of_week_operator.py
[2024-11-09T10:30:43.167+0000] {logging_mixin.py:190} INFO - [2024-11-09T10:30:43.167+0000] {dag.py:3239} INFO - Sync 1 DAGs
[2024-11-09T10:30:43.193+0000] {logging_mixin.py:190} INFO - [2024-11-09T10:30:43.193+0000] {dag.py:4180} INFO - Setting next_dagrun for example_weekday_branch_operator to 2024-11-08 00:00:00+00:00, run_after=2024-11-09 00:00:00+00:00
[2024-11-09T10:30:43.223+0000] {processor.py:208} INFO - Processing /home/airflow/.local/lib/python3.12/site-packages/airflow/example_dags/example_branch_day_of_week_operator.py took 0.100 seconds
[2024-11-09T10:31:19.194+0000] {processor.py:186} INFO - Started process (PID=1149) to work on /home/airflow/.local/lib/python3.12/site-packages/airflow/example_dags/example_branch_day_of_week_operator.py
[2024-11-09T10:31:19.195+0000] {processor.py:914} INFO - Processing file /home/airflow/.local/lib/python3.12/site-packages/airflow/example_dags/example_branch_day_of_week_operator.py for tasks to queue
[2024-11-09T10:31:19.198+0000] {logging_mixin.py:190} INFO - [2024-11-09T10:31:19.198+0000] {dagbag.py:588} INFO - Filling up the DagBag from /home/airflow/.local/lib/python3.12/site-packages/airflow/example_dags/example_branch_day_of_week_operator.py
[2024-11-09T10:31:19.210+0000] {processor.py:925} INFO - DAG(s) 'example_weekday_branch_operator' retrieved from /home/airflow/.local/lib/python3.12/site-packages/airflow/example_dags/example_branch_day_of_week_operator.py
[2024-11-09T10:31:19.234+0000] {logging_mixin.py:190} INFO - [2024-11-09T10:31:19.234+0000] {dag.py:3239} INFO - Sync 1 DAGs
[2024-11-09T10:31:19.261+0000] {logging_mixin.py:190} INFO - [2024-11-09T10:31:19.261+0000] {dag.py:4180} INFO - Setting next_dagrun for example_weekday_branch_operator to 2024-11-08 00:00:00+00:00, run_after=2024-11-09 00:00:00+00:00
[2024-11-09T10:31:19.312+0000] {processor.py:208} INFO - Processing /home/airflow/.local/lib/python3.12/site-packages/airflow/example_dags/example_branch_day_of_week_operator.py took 0.122 seconds
[2024-11-09T10:31:50.940+0000] {processor.py:186} INFO - Started process (PID=1215) to work on /home/airflow/.local/lib/python3.12/site-packages/airflow/example_dags/example_branch_day_of_week_operator.py
[2024-11-09T10:31:50.941+0000] {processor.py:914} INFO - Processing file /home/airflow/.local/lib/python3.12/site-packages/airflow/example_dags/example_branch_day_of_week_operator.py for tasks to queue
[2024-11-09T10:31:50.944+0000] {logging_mixin.py:190} INFO - [2024-11-09T10:31:50.944+0000] {dagbag.py:588} INFO - Filling up the DagBag from /home/airflow/.local/lib/python3.12/site-packages/airflow/example_dags/example_branch_day_of_week_operator.py
[2024-11-09T10:31:50.959+0000] {processor.py:925} INFO - DAG(s) 'example_weekday_branch_operator' retrieved from /home/airflow/.local/lib/python3.12/site-packages/airflow/example_dags/example_branch_day_of_week_operator.py
[2024-11-09T10:31:50.987+0000] {logging_mixin.py:190} INFO - [2024-11-09T10:31:50.986+0000] {dag.py:3239} INFO - Sync 1 DAGs
[2024-11-09T10:31:51.018+0000] {logging_mixin.py:190} INFO - [2024-11-09T10:31:51.018+0000] {dag.py:4180} INFO - Setting next_dagrun for example_weekday_branch_operator to 2024-11-08 00:00:00+00:00, run_after=2024-11-09 00:00:00+00:00
[2024-11-09T10:31:51.057+0000] {processor.py:208} INFO - Processing /home/airflow/.local/lib/python3.12/site-packages/airflow/example_dags/example_branch_day_of_week_operator.py took 0.123 seconds
[2024-11-09T10:32:23.441+0000] {processor.py:186} INFO - Started process (PID=1285) to work on /home/airflow/.local/lib/python3.12/site-packages/airflow/example_dags/example_branch_day_of_week_operator.py
[2024-11-09T10:32:23.442+0000] {processor.py:914} INFO - Processing file /home/airflow/.local/lib/python3.12/site-packages/airflow/example_dags/example_branch_day_of_week_operator.py for tasks to queue
[2024-11-09T10:32:23.446+0000] {logging_mixin.py:190} INFO - [2024-11-09T10:32:23.445+0000] {dagbag.py:588} INFO - Filling up the DagBag from /home/airflow/.local/lib/python3.12/site-packages/airflow/example_dags/example_branch_day_of_week_operator.py
[2024-11-09T10:32:23.468+0000] {processor.py:925} INFO - DAG(s) 'example_weekday_branch_operator' retrieved from /home/airflow/.local/lib/python3.12/site-packages/airflow/example_dags/example_branch_day_of_week_operator.py
[2024-11-09T10:32:23.501+0000] {logging_mixin.py:190} INFO - [2024-11-09T10:32:23.501+0000] {dag.py:3239} INFO - Sync 1 DAGs
[2024-11-09T10:32:23.543+0000] {logging_mixin.py:190} INFO - [2024-11-09T10:32:23.543+0000] {dag.py:4180} INFO - Setting next_dagrun for example_weekday_branch_operator to 2024-11-08 00:00:00+00:00, run_after=2024-11-09 00:00:00+00:00
[2024-11-09T10:32:23.584+0000] {processor.py:208} INFO - Processing /home/airflow/.local/lib/python3.12/site-packages/airflow/example_dags/example_branch_day_of_week_operator.py took 0.161 seconds
[2024-11-09T10:32:55.298+0000] {processor.py:186} INFO - Started process (PID=1354) to work on /home/airflow/.local/lib/python3.12/site-packages/airflow/example_dags/example_branch_day_of_week_operator.py
[2024-11-09T10:32:55.299+0000] {processor.py:914} INFO - Processing file /home/airflow/.local/lib/python3.12/site-packages/airflow/example_dags/example_branch_day_of_week_operator.py for tasks to queue
[2024-11-09T10:32:55.303+0000] {logging_mixin.py:190} INFO - [2024-11-09T10:32:55.303+0000] {dagbag.py:588} INFO - Filling up the DagBag from /home/airflow/.local/lib/python3.12/site-packages/airflow/example_dags/example_branch_day_of_week_operator.py
[2024-11-09T10:32:55.332+0000] {processor.py:925} INFO - DAG(s) 'example_weekday_branch_operator' retrieved from /home/airflow/.local/lib/python3.12/site-packages/airflow/example_dags/example_branch_day_of_week_operator.py
[2024-11-09T10:32:55.412+0000] {logging_mixin.py:190} INFO - [2024-11-09T10:32:55.411+0000] {dag.py:3239} INFO - Sync 1 DAGs
[2024-11-09T10:32:55.521+0000] {logging_mixin.py:190} INFO - [2024-11-09T10:32:55.521+0000] {dag.py:4180} INFO - Setting next_dagrun for example_weekday_branch_operator to 2024-11-08 00:00:00+00:00, run_after=2024-11-09 00:00:00+00:00
[2024-11-09T10:32:55.576+0000] {processor.py:208} INFO - Processing /home/airflow/.local/lib/python3.12/site-packages/airflow/example_dags/example_branch_day_of_week_operator.py took 0.287 seconds
[2024-11-09T10:53:13.292+0000] {processor.py:186} INFO - Started process (PID=118) to work on /home/airflow/.local/lib/python3.12/site-packages/airflow/example_dags/example_branch_day_of_week_operator.py
[2024-11-09T10:53:13.294+0000] {processor.py:914} INFO - Processing file /home/airflow/.local/lib/python3.12/site-packages/airflow/example_dags/example_branch_day_of_week_operator.py for tasks to queue
[2024-11-09T10:53:13.299+0000] {logging_mixin.py:190} INFO - [2024-11-09T10:53:13.299+0000] {dagbag.py:588} INFO - Filling up the DagBag from /home/airflow/.local/lib/python3.12/site-packages/airflow/example_dags/example_branch_day_of_week_operator.py
[2024-11-09T10:53:13.311+0000] {processor.py:925} INFO - DAG(s) 'example_weekday_branch_operator' retrieved from /home/airflow/.local/lib/python3.12/site-packages/airflow/example_dags/example_branch_day_of_week_operator.py
[2024-11-09T10:53:13.348+0000] {logging_mixin.py:190} INFO - [2024-11-09T10:53:13.348+0000] {dag.py:3239} INFO - Sync 1 DAGs
[2024-11-09T10:53:13.412+0000] {logging_mixin.py:190} INFO - [2024-11-09T10:53:13.411+0000] {dag.py:4180} INFO - Setting next_dagrun for example_weekday_branch_operator to 2024-11-08 00:00:00+00:00, run_after=2024-11-09 00:00:00+00:00
[2024-11-09T10:53:13.487+0000] {processor.py:208} INFO - Processing /home/airflow/.local/lib/python3.12/site-packages/airflow/example_dags/example_branch_day_of_week_operator.py took 0.202 seconds
