[2024-11-09T08:52:48.268+0000] {processor.py:186} INFO - Started process (PID=94) to work on /home/airflow/.local/lib/python3.12/site-packages/airflow/example_dags/example_inlet_event_extra.py
[2024-11-09T08:52:48.270+0000] {processor.py:914} INFO - Processing file /home/airflow/.local/lib/python3.12/site-packages/airflow/example_dags/example_inlet_event_extra.py for tasks to queue
[2024-11-09T08:52:48.273+0000] {logging_mixin.py:190} INFO - [2024-11-09T08:52:48.273+0000] {dagbag.py:588} INFO - Filling up the DagBag from /home/airflow/.local/lib/python3.12/site-packages/airflow/example_dags/example_inlet_event_extra.py
[2024-11-09T08:52:49.172+0000] {processor.py:925} INFO - DAG(s) 'read_dataset_event_from_classic', 'read_dataset_event' retrieved from /home/airflow/.local/lib/python3.12/site-packages/airflow/example_dags/example_inlet_event_extra.py
[2024-11-09T08:52:49.198+0000] {logging_mixin.py:190} INFO - [2024-11-09T08:52:49.198+0000] {dag.py:3239} INFO - Sync 2 DAGs
[2024-11-09T08:52:49.252+0000] {logging_mixin.py:190} INFO - [2024-11-09T08:52:49.252+0000] {dag.py:4180} INFO - Setting next_dagrun for read_dataset_event to 2024-11-08 00:00:00+00:00, run_after=2024-11-09 00:00:00+00:00
[2024-11-09T08:52:49.263+0000] {logging_mixin.py:190} INFO - [2024-11-09T08:52:49.262+0000] {dag.py:4180} INFO - Setting next_dagrun for read_dataset_event_from_classic to 2024-11-08 00:00:00+00:00, run_after=2024-11-09 00:00:00+00:00
[2024-11-09T08:52:49.299+0000] {processor.py:208} INFO - Processing /home/airflow/.local/lib/python3.12/site-packages/airflow/example_dags/example_inlet_event_extra.py took 1.038 seconds
[2024-11-09T08:53:23.637+0000] {processor.py:186} INFO - Started process (PID=159) to work on /home/airflow/.local/lib/python3.12/site-packages/airflow/example_dags/example_inlet_event_extra.py
[2024-11-09T08:53:23.638+0000] {processor.py:914} INFO - Processing file /home/airflow/.local/lib/python3.12/site-packages/airflow/example_dags/example_inlet_event_extra.py for tasks to queue
[2024-11-09T08:53:23.650+0000] {logging_mixin.py:190} INFO - [2024-11-09T08:53:23.649+0000] {dagbag.py:588} INFO - Filling up the DagBag from /home/airflow/.local/lib/python3.12/site-packages/airflow/example_dags/example_inlet_event_extra.py
[2024-11-09T08:53:27.427+0000] {processor.py:925} INFO - DAG(s) 'read_dataset_event', 'read_dataset_event_from_classic' retrieved from /home/airflow/.local/lib/python3.12/site-packages/airflow/example_dags/example_inlet_event_extra.py
[2024-11-09T08:53:27.515+0000] {logging_mixin.py:190} INFO - [2024-11-09T08:53:27.515+0000] {dag.py:3239} INFO - Sync 2 DAGs
[2024-11-09T08:53:27.587+0000] {logging_mixin.py:190} INFO - [2024-11-09T08:53:27.587+0000] {dag.py:4180} INFO - Setting next_dagrun for read_dataset_event to 2024-11-08 00:00:00+00:00, run_after=2024-11-09 00:00:00+00:00
[2024-11-09T08:53:27.623+0000] {logging_mixin.py:190} INFO - [2024-11-09T08:53:27.621+0000] {dag.py:4180} INFO - Setting next_dagrun for read_dataset_event_from_classic to 2024-11-08 00:00:00+00:00, run_after=2024-11-09 00:00:00+00:00
[2024-11-09T08:53:27.700+0000] {processor.py:208} INFO - Processing /home/airflow/.local/lib/python3.12/site-packages/airflow/example_dags/example_inlet_event_extra.py took 4.078 seconds
[2024-11-09T08:53:57.968+0000] {processor.py:186} INFO - Started process (PID=231) to work on /home/airflow/.local/lib/python3.12/site-packages/airflow/example_dags/example_inlet_event_extra.py
[2024-11-09T08:53:57.970+0000] {processor.py:914} INFO - Processing file /home/airflow/.local/lib/python3.12/site-packages/airflow/example_dags/example_inlet_event_extra.py for tasks to queue
[2024-11-09T08:53:57.975+0000] {logging_mixin.py:190} INFO - [2024-11-09T08:53:57.974+0000] {dagbag.py:588} INFO - Filling up the DagBag from /home/airflow/.local/lib/python3.12/site-packages/airflow/example_dags/example_inlet_event_extra.py
[2024-11-09T08:53:59.075+0000] {processor.py:925} INFO - DAG(s) 'read_dataset_event', 'read_dataset_event_from_classic' retrieved from /home/airflow/.local/lib/python3.12/site-packages/airflow/example_dags/example_inlet_event_extra.py
[2024-11-09T08:53:59.111+0000] {logging_mixin.py:190} INFO - [2024-11-09T08:53:59.111+0000] {dag.py:3239} INFO - Sync 2 DAGs
[2024-11-09T08:53:59.143+0000] {logging_mixin.py:190} INFO - [2024-11-09T08:53:59.143+0000] {dag.py:4180} INFO - Setting next_dagrun for read_dataset_event to 2024-11-08 00:00:00+00:00, run_after=2024-11-09 00:00:00+00:00
[2024-11-09T08:53:59.149+0000] {logging_mixin.py:190} INFO - [2024-11-09T08:53:59.149+0000] {dag.py:4180} INFO - Setting next_dagrun for read_dataset_event_from_classic to 2024-11-08 00:00:00+00:00, run_after=2024-11-09 00:00:00+00:00
[2024-11-09T08:53:59.517+0000] {processor.py:208} INFO - Processing /home/airflow/.local/lib/python3.12/site-packages/airflow/example_dags/example_inlet_event_extra.py took 1.557 seconds
[2024-11-09T08:54:29.904+0000] {processor.py:186} INFO - Started process (PID=296) to work on /home/airflow/.local/lib/python3.12/site-packages/airflow/example_dags/example_inlet_event_extra.py
[2024-11-09T08:54:29.905+0000] {processor.py:914} INFO - Processing file /home/airflow/.local/lib/python3.12/site-packages/airflow/example_dags/example_inlet_event_extra.py for tasks to queue
[2024-11-09T08:54:29.908+0000] {logging_mixin.py:190} INFO - [2024-11-09T08:54:29.907+0000] {dagbag.py:588} INFO - Filling up the DagBag from /home/airflow/.local/lib/python3.12/site-packages/airflow/example_dags/example_inlet_event_extra.py
[2024-11-09T08:54:31.596+0000] {processor.py:925} INFO - DAG(s) 'read_dataset_event', 'read_dataset_event_from_classic' retrieved from /home/airflow/.local/lib/python3.12/site-packages/airflow/example_dags/example_inlet_event_extra.py
[2024-11-09T08:54:31.643+0000] {logging_mixin.py:190} INFO - [2024-11-09T08:54:31.643+0000] {dag.py:3239} INFO - Sync 2 DAGs
[2024-11-09T08:54:31.691+0000] {logging_mixin.py:190} INFO - [2024-11-09T08:54:31.691+0000] {dag.py:4180} INFO - Setting next_dagrun for read_dataset_event to 2024-11-08 00:00:00+00:00, run_after=2024-11-09 00:00:00+00:00
[2024-11-09T08:54:31.699+0000] {logging_mixin.py:190} INFO - [2024-11-09T08:54:31.698+0000] {dag.py:4180} INFO - Setting next_dagrun for read_dataset_event_from_classic to 2024-11-08 00:00:00+00:00, run_after=2024-11-09 00:00:00+00:00
[2024-11-09T08:54:32.042+0000] {processor.py:208} INFO - Processing /home/airflow/.local/lib/python3.12/site-packages/airflow/example_dags/example_inlet_event_extra.py took 2.146 seconds
[2024-11-09T08:55:03.027+0000] {processor.py:186} INFO - Started process (PID=366) to work on /home/airflow/.local/lib/python3.12/site-packages/airflow/example_dags/example_inlet_event_extra.py
[2024-11-09T08:55:03.028+0000] {processor.py:914} INFO - Processing file /home/airflow/.local/lib/python3.12/site-packages/airflow/example_dags/example_inlet_event_extra.py for tasks to queue
[2024-11-09T08:55:03.031+0000] {logging_mixin.py:190} INFO - [2024-11-09T08:55:03.031+0000] {dagbag.py:588} INFO - Filling up the DagBag from /home/airflow/.local/lib/python3.12/site-packages/airflow/example_dags/example_inlet_event_extra.py
[2024-11-09T08:55:03.773+0000] {processor.py:925} INFO - DAG(s) 'read_dataset_event_from_classic', 'read_dataset_event' retrieved from /home/airflow/.local/lib/python3.12/site-packages/airflow/example_dags/example_inlet_event_extra.py
[2024-11-09T08:55:03.798+0000] {logging_mixin.py:190} INFO - [2024-11-09T08:55:03.798+0000] {dag.py:3239} INFO - Sync 2 DAGs
[2024-11-09T08:55:03.832+0000] {logging_mixin.py:190} INFO - [2024-11-09T08:55:03.832+0000] {dag.py:4180} INFO - Setting next_dagrun for read_dataset_event to 2024-11-08 00:00:00+00:00, run_after=2024-11-09 00:00:00+00:00
[2024-11-09T08:55:03.839+0000] {logging_mixin.py:190} INFO - [2024-11-09T08:55:03.839+0000] {dag.py:4180} INFO - Setting next_dagrun for read_dataset_event_from_classic to 2024-11-08 00:00:00+00:00, run_after=2024-11-09 00:00:00+00:00
[2024-11-09T08:55:04.046+0000] {processor.py:208} INFO - Processing /home/airflow/.local/lib/python3.12/site-packages/airflow/example_dags/example_inlet_event_extra.py took 1.027 seconds
[2024-11-09T08:55:35.055+0000] {processor.py:186} INFO - Started process (PID=429) to work on /home/airflow/.local/lib/python3.12/site-packages/airflow/example_dags/example_inlet_event_extra.py
[2024-11-09T08:55:35.057+0000] {processor.py:914} INFO - Processing file /home/airflow/.local/lib/python3.12/site-packages/airflow/example_dags/example_inlet_event_extra.py for tasks to queue
[2024-11-09T08:55:35.063+0000] {logging_mixin.py:190} INFO - [2024-11-09T08:55:35.062+0000] {dagbag.py:588} INFO - Filling up the DagBag from /home/airflow/.local/lib/python3.12/site-packages/airflow/example_dags/example_inlet_event_extra.py
[2024-11-09T08:55:35.781+0000] {processor.py:925} INFO - DAG(s) 'read_dataset_event_from_classic', 'read_dataset_event' retrieved from /home/airflow/.local/lib/python3.12/site-packages/airflow/example_dags/example_inlet_event_extra.py
[2024-11-09T08:55:35.804+0000] {logging_mixin.py:190} INFO - [2024-11-09T08:55:35.803+0000] {dag.py:3239} INFO - Sync 2 DAGs
[2024-11-09T08:55:35.832+0000] {logging_mixin.py:190} INFO - [2024-11-09T08:55:35.831+0000] {dag.py:4180} INFO - Setting next_dagrun for read_dataset_event to 2024-11-08 00:00:00+00:00, run_after=2024-11-09 00:00:00+00:00
[2024-11-09T08:55:35.838+0000] {logging_mixin.py:190} INFO - [2024-11-09T08:55:35.838+0000] {dag.py:4180} INFO - Setting next_dagrun for read_dataset_event_from_classic to 2024-11-08 00:00:00+00:00, run_after=2024-11-09 00:00:00+00:00
[2024-11-09T08:55:35.990+0000] {processor.py:208} INFO - Processing /home/airflow/.local/lib/python3.12/site-packages/airflow/example_dags/example_inlet_event_extra.py took 0.961 seconds
[2024-11-09T08:56:06.183+0000] {processor.py:186} INFO - Started process (PID=492) to work on /home/airflow/.local/lib/python3.12/site-packages/airflow/example_dags/example_inlet_event_extra.py
[2024-11-09T08:56:06.184+0000] {processor.py:914} INFO - Processing file /home/airflow/.local/lib/python3.12/site-packages/airflow/example_dags/example_inlet_event_extra.py for tasks to queue
[2024-11-09T08:56:06.187+0000] {logging_mixin.py:190} INFO - [2024-11-09T08:56:06.187+0000] {dagbag.py:588} INFO - Filling up the DagBag from /home/airflow/.local/lib/python3.12/site-packages/airflow/example_dags/example_inlet_event_extra.py
[2024-11-09T08:56:06.874+0000] {processor.py:925} INFO - DAG(s) 'read_dataset_event', 'read_dataset_event_from_classic' retrieved from /home/airflow/.local/lib/python3.12/site-packages/airflow/example_dags/example_inlet_event_extra.py
[2024-11-09T08:56:06.898+0000] {logging_mixin.py:190} INFO - [2024-11-09T08:56:06.897+0000] {dag.py:3239} INFO - Sync 2 DAGs
[2024-11-09T08:56:06.927+0000] {logging_mixin.py:190} INFO - [2024-11-09T08:56:06.927+0000] {dag.py:4180} INFO - Setting next_dagrun for read_dataset_event to 2024-11-08 00:00:00+00:00, run_after=2024-11-09 00:00:00+00:00
[2024-11-09T08:56:06.933+0000] {logging_mixin.py:190} INFO - [2024-11-09T08:56:06.932+0000] {dag.py:4180} INFO - Setting next_dagrun for read_dataset_event_from_classic to 2024-11-08 00:00:00+00:00, run_after=2024-11-09 00:00:00+00:00
[2024-11-09T08:56:06.965+0000] {processor.py:208} INFO - Processing /home/airflow/.local/lib/python3.12/site-packages/airflow/example_dags/example_inlet_event_extra.py took 0.790 seconds
[2024-11-09T08:56:38.322+0000] {processor.py:186} INFO - Started process (PID=556) to work on /home/airflow/.local/lib/python3.12/site-packages/airflow/example_dags/example_inlet_event_extra.py
[2024-11-09T08:56:38.323+0000] {processor.py:914} INFO - Processing file /home/airflow/.local/lib/python3.12/site-packages/airflow/example_dags/example_inlet_event_extra.py for tasks to queue
[2024-11-09T08:56:38.326+0000] {logging_mixin.py:190} INFO - [2024-11-09T08:56:38.326+0000] {dagbag.py:588} INFO - Filling up the DagBag from /home/airflow/.local/lib/python3.12/site-packages/airflow/example_dags/example_inlet_event_extra.py
[2024-11-09T08:56:38.960+0000] {processor.py:925} INFO - DAG(s) 'read_dataset_event_from_classic', 'read_dataset_event' retrieved from /home/airflow/.local/lib/python3.12/site-packages/airflow/example_dags/example_inlet_event_extra.py
[2024-11-09T08:56:38.985+0000] {logging_mixin.py:190} INFO - [2024-11-09T08:56:38.985+0000] {dag.py:3239} INFO - Sync 2 DAGs
[2024-11-09T08:56:39.012+0000] {logging_mixin.py:190} INFO - [2024-11-09T08:56:39.012+0000] {dag.py:4180} INFO - Setting next_dagrun for read_dataset_event to 2024-11-08 00:00:00+00:00, run_after=2024-11-09 00:00:00+00:00
[2024-11-09T08:56:39.018+0000] {logging_mixin.py:190} INFO - [2024-11-09T08:56:39.018+0000] {dag.py:4180} INFO - Setting next_dagrun for read_dataset_event_from_classic to 2024-11-08 00:00:00+00:00, run_after=2024-11-09 00:00:00+00:00
[2024-11-09T08:56:39.108+0000] {processor.py:208} INFO - Processing /home/airflow/.local/lib/python3.12/site-packages/airflow/example_dags/example_inlet_event_extra.py took 0.792 seconds
[2024-11-09T08:57:09.708+0000] {processor.py:186} INFO - Started process (PID=620) to work on /home/airflow/.local/lib/python3.12/site-packages/airflow/example_dags/example_inlet_event_extra.py
[2024-11-09T08:57:09.709+0000] {processor.py:914} INFO - Processing file /home/airflow/.local/lib/python3.12/site-packages/airflow/example_dags/example_inlet_event_extra.py for tasks to queue
[2024-11-09T08:57:09.713+0000] {logging_mixin.py:190} INFO - [2024-11-09T08:57:09.712+0000] {dagbag.py:588} INFO - Filling up the DagBag from /home/airflow/.local/lib/python3.12/site-packages/airflow/example_dags/example_inlet_event_extra.py
[2024-11-09T08:57:10.494+0000] {processor.py:925} INFO - DAG(s) 'read_dataset_event', 'read_dataset_event_from_classic' retrieved from /home/airflow/.local/lib/python3.12/site-packages/airflow/example_dags/example_inlet_event_extra.py
[2024-11-09T08:57:10.527+0000] {logging_mixin.py:190} INFO - [2024-11-09T08:57:10.526+0000] {dag.py:3239} INFO - Sync 2 DAGs
[2024-11-09T08:57:10.565+0000] {logging_mixin.py:190} INFO - [2024-11-09T08:57:10.565+0000] {dag.py:4180} INFO - Setting next_dagrun for read_dataset_event to 2024-11-08 00:00:00+00:00, run_after=2024-11-09 00:00:00+00:00
[2024-11-09T08:57:10.573+0000] {logging_mixin.py:190} INFO - [2024-11-09T08:57:10.573+0000] {dag.py:4180} INFO - Setting next_dagrun for read_dataset_event_from_classic to 2024-11-08 00:00:00+00:00, run_after=2024-11-09 00:00:00+00:00
[2024-11-09T08:57:10.670+0000] {processor.py:208} INFO - Processing /home/airflow/.local/lib/python3.12/site-packages/airflow/example_dags/example_inlet_event_extra.py took 0.970 seconds
[2024-11-09T08:57:41.025+0000] {processor.py:186} INFO - Started process (PID=684) to work on /home/airflow/.local/lib/python3.12/site-packages/airflow/example_dags/example_inlet_event_extra.py
[2024-11-09T08:57:41.027+0000] {processor.py:914} INFO - Processing file /home/airflow/.local/lib/python3.12/site-packages/airflow/example_dags/example_inlet_event_extra.py for tasks to queue
[2024-11-09T08:57:41.032+0000] {logging_mixin.py:190} INFO - [2024-11-09T08:57:41.031+0000] {dagbag.py:588} INFO - Filling up the DagBag from /home/airflow/.local/lib/python3.12/site-packages/airflow/example_dags/example_inlet_event_extra.py
[2024-11-09T08:57:41.735+0000] {processor.py:925} INFO - DAG(s) 'read_dataset_event_from_classic', 'read_dataset_event' retrieved from /home/airflow/.local/lib/python3.12/site-packages/airflow/example_dags/example_inlet_event_extra.py
[2024-11-09T08:57:41.756+0000] {logging_mixin.py:190} INFO - [2024-11-09T08:57:41.756+0000] {dag.py:3239} INFO - Sync 2 DAGs
[2024-11-09T08:57:41.782+0000] {logging_mixin.py:190} INFO - [2024-11-09T08:57:41.782+0000] {dag.py:4180} INFO - Setting next_dagrun for read_dataset_event to 2024-11-08 00:00:00+00:00, run_after=2024-11-09 00:00:00+00:00
[2024-11-09T08:57:41.788+0000] {logging_mixin.py:190} INFO - [2024-11-09T08:57:41.788+0000] {dag.py:4180} INFO - Setting next_dagrun for read_dataset_event_from_classic to 2024-11-08 00:00:00+00:00, run_after=2024-11-09 00:00:00+00:00
[2024-11-09T08:57:41.917+0000] {processor.py:208} INFO - Processing /home/airflow/.local/lib/python3.12/site-packages/airflow/example_dags/example_inlet_event_extra.py took 0.905 seconds
[2024-11-09T08:58:12.467+0000] {processor.py:186} INFO - Started process (PID=748) to work on /home/airflow/.local/lib/python3.12/site-packages/airflow/example_dags/example_inlet_event_extra.py
[2024-11-09T08:58:12.469+0000] {processor.py:914} INFO - Processing file /home/airflow/.local/lib/python3.12/site-packages/airflow/example_dags/example_inlet_event_extra.py for tasks to queue
[2024-11-09T08:58:12.472+0000] {logging_mixin.py:190} INFO - [2024-11-09T08:58:12.472+0000] {dagbag.py:588} INFO - Filling up the DagBag from /home/airflow/.local/lib/python3.12/site-packages/airflow/example_dags/example_inlet_event_extra.py
[2024-11-09T08:58:13.301+0000] {processor.py:925} INFO - DAG(s) 'read_dataset_event', 'read_dataset_event_from_classic' retrieved from /home/airflow/.local/lib/python3.12/site-packages/airflow/example_dags/example_inlet_event_extra.py
[2024-11-09T08:58:13.325+0000] {logging_mixin.py:190} INFO - [2024-11-09T08:58:13.325+0000] {dag.py:3239} INFO - Sync 2 DAGs
[2024-11-09T08:58:13.357+0000] {logging_mixin.py:190} INFO - [2024-11-09T08:58:13.357+0000] {dag.py:4180} INFO - Setting next_dagrun for read_dataset_event to 2024-11-08 00:00:00+00:00, run_after=2024-11-09 00:00:00+00:00
[2024-11-09T08:58:13.364+0000] {logging_mixin.py:190} INFO - [2024-11-09T08:58:13.364+0000] {dag.py:4180} INFO - Setting next_dagrun for read_dataset_event_from_classic to 2024-11-08 00:00:00+00:00, run_after=2024-11-09 00:00:00+00:00
[2024-11-09T08:58:13.399+0000] {processor.py:208} INFO - Processing /home/airflow/.local/lib/python3.12/site-packages/airflow/example_dags/example_inlet_event_extra.py took 0.943 seconds
[2024-11-09T10:15:39.838+0000] {processor.py:186} INFO - Started process (PID=82) to work on /home/airflow/.local/lib/python3.12/site-packages/airflow/example_dags/example_inlet_event_extra.py
[2024-11-09T10:15:39.839+0000] {processor.py:914} INFO - Processing file /home/airflow/.local/lib/python3.12/site-packages/airflow/example_dags/example_inlet_event_extra.py for tasks to queue
[2024-11-09T10:15:39.844+0000] {logging_mixin.py:190} INFO - [2024-11-09T10:15:39.843+0000] {dagbag.py:588} INFO - Filling up the DagBag from /home/airflow/.local/lib/python3.12/site-packages/airflow/example_dags/example_inlet_event_extra.py
[2024-11-09T10:15:40.535+0000] {processor.py:925} INFO - DAG(s) 'read_dataset_event', 'read_dataset_event_from_classic' retrieved from /home/airflow/.local/lib/python3.12/site-packages/airflow/example_dags/example_inlet_event_extra.py
[2024-11-09T10:15:40.557+0000] {logging_mixin.py:190} INFO - [2024-11-09T10:15:40.557+0000] {dag.py:3239} INFO - Sync 2 DAGs
[2024-11-09T10:15:40.588+0000] {logging_mixin.py:190} INFO - [2024-11-09T10:15:40.588+0000] {dag.py:4180} INFO - Setting next_dagrun for read_dataset_event to 2024-11-08 00:00:00+00:00, run_after=2024-11-09 00:00:00+00:00
[2024-11-09T10:15:40.594+0000] {logging_mixin.py:190} INFO - [2024-11-09T10:15:40.594+0000] {dag.py:4180} INFO - Setting next_dagrun for read_dataset_event_from_classic to 2024-11-08 00:00:00+00:00, run_after=2024-11-09 00:00:00+00:00
[2024-11-09T10:15:40.617+0000] {processor.py:208} INFO - Processing /home/airflow/.local/lib/python3.12/site-packages/airflow/example_dags/example_inlet_event_extra.py took 0.787 seconds
[2024-11-09T10:16:12.129+0000] {processor.py:186} INFO - Started process (PID=151) to work on /home/airflow/.local/lib/python3.12/site-packages/airflow/example_dags/example_inlet_event_extra.py
[2024-11-09T10:16:12.130+0000] {processor.py:914} INFO - Processing file /home/airflow/.local/lib/python3.12/site-packages/airflow/example_dags/example_inlet_event_extra.py for tasks to queue
[2024-11-09T10:16:12.133+0000] {logging_mixin.py:190} INFO - [2024-11-09T10:16:12.132+0000] {dagbag.py:588} INFO - Filling up the DagBag from /home/airflow/.local/lib/python3.12/site-packages/airflow/example_dags/example_inlet_event_extra.py
[2024-11-09T10:16:12.986+0000] {processor.py:925} INFO - DAG(s) 'read_dataset_event_from_classic', 'read_dataset_event' retrieved from /home/airflow/.local/lib/python3.12/site-packages/airflow/example_dags/example_inlet_event_extra.py
[2024-11-09T10:16:13.052+0000] {logging_mixin.py:190} INFO - [2024-11-09T10:16:13.052+0000] {dag.py:3239} INFO - Sync 2 DAGs
[2024-11-09T10:16:13.111+0000] {logging_mixin.py:190} INFO - [2024-11-09T10:16:13.111+0000] {dag.py:4180} INFO - Setting next_dagrun for read_dataset_event to 2024-11-08 00:00:00+00:00, run_after=2024-11-09 00:00:00+00:00
[2024-11-09T10:16:13.119+0000] {logging_mixin.py:190} INFO - [2024-11-09T10:16:13.118+0000] {dag.py:4180} INFO - Setting next_dagrun for read_dataset_event_from_classic to 2024-11-08 00:00:00+00:00, run_after=2024-11-09 00:00:00+00:00
[2024-11-09T10:16:13.159+0000] {processor.py:208} INFO - Processing /home/airflow/.local/lib/python3.12/site-packages/airflow/example_dags/example_inlet_event_extra.py took 1.039 seconds
[2024-11-09T10:16:43.916+0000] {processor.py:186} INFO - Started process (PID=213) to work on /home/airflow/.local/lib/python3.12/site-packages/airflow/example_dags/example_inlet_event_extra.py
[2024-11-09T10:16:43.917+0000] {processor.py:914} INFO - Processing file /home/airflow/.local/lib/python3.12/site-packages/airflow/example_dags/example_inlet_event_extra.py for tasks to queue
[2024-11-09T10:16:43.920+0000] {logging_mixin.py:190} INFO - [2024-11-09T10:16:43.920+0000] {dagbag.py:588} INFO - Filling up the DagBag from /home/airflow/.local/lib/python3.12/site-packages/airflow/example_dags/example_inlet_event_extra.py
[2024-11-09T10:16:45.041+0000] {processor.py:925} INFO - DAG(s) 'read_dataset_event', 'read_dataset_event_from_classic' retrieved from /home/airflow/.local/lib/python3.12/site-packages/airflow/example_dags/example_inlet_event_extra.py
[2024-11-09T10:16:45.070+0000] {logging_mixin.py:190} INFO - [2024-11-09T10:16:45.070+0000] {dag.py:3239} INFO - Sync 2 DAGs
[2024-11-09T10:16:45.106+0000] {logging_mixin.py:190} INFO - [2024-11-09T10:16:45.105+0000] {dag.py:4180} INFO - Setting next_dagrun for read_dataset_event to 2024-11-08 00:00:00+00:00, run_after=2024-11-09 00:00:00+00:00
[2024-11-09T10:16:45.114+0000] {logging_mixin.py:190} INFO - [2024-11-09T10:16:45.114+0000] {dag.py:4180} INFO - Setting next_dagrun for read_dataset_event_from_classic to 2024-11-08 00:00:00+00:00, run_after=2024-11-09 00:00:00+00:00
[2024-11-09T10:16:45.146+0000] {processor.py:208} INFO - Processing /home/airflow/.local/lib/python3.12/site-packages/airflow/example_dags/example_inlet_event_extra.py took 1.237 seconds
[2024-11-09T10:22:47.467+0000] {processor.py:186} INFO - Started process (PID=83) to work on /home/airflow/.local/lib/python3.12/site-packages/airflow/example_dags/example_inlet_event_extra.py
[2024-11-09T10:22:47.470+0000] {processor.py:914} INFO - Processing file /home/airflow/.local/lib/python3.12/site-packages/airflow/example_dags/example_inlet_event_extra.py for tasks to queue
[2024-11-09T10:22:47.474+0000] {logging_mixin.py:190} INFO - [2024-11-09T10:22:47.473+0000] {dagbag.py:588} INFO - Filling up the DagBag from /home/airflow/.local/lib/python3.12/site-packages/airflow/example_dags/example_inlet_event_extra.py
[2024-11-09T10:22:49.568+0000] {processor.py:925} INFO - DAG(s) 'read_dataset_event', 'read_dataset_event_from_classic' retrieved from /home/airflow/.local/lib/python3.12/site-packages/airflow/example_dags/example_inlet_event_extra.py
[2024-11-09T10:22:49.593+0000] {logging_mixin.py:190} INFO - [2024-11-09T10:22:49.593+0000] {dag.py:3239} INFO - Sync 2 DAGs
[2024-11-09T10:22:49.621+0000] {logging_mixin.py:190} INFO - [2024-11-09T10:22:49.621+0000] {dag.py:4180} INFO - Setting next_dagrun for read_dataset_event to 2024-11-08 00:00:00+00:00, run_after=2024-11-09 00:00:00+00:00
[2024-11-09T10:22:49.629+0000] {logging_mixin.py:190} INFO - [2024-11-09T10:22:49.628+0000] {dag.py:4180} INFO - Setting next_dagrun for read_dataset_event_from_classic to 2024-11-08 00:00:00+00:00, run_after=2024-11-09 00:00:00+00:00
[2024-11-09T10:22:49.660+0000] {processor.py:208} INFO - Processing /home/airflow/.local/lib/python3.12/site-packages/airflow/example_dags/example_inlet_event_extra.py took 2.201 seconds
[2024-11-09T10:23:20.492+0000] {processor.py:186} INFO - Started process (PID=148) to work on /home/airflow/.local/lib/python3.12/site-packages/airflow/example_dags/example_inlet_event_extra.py
[2024-11-09T10:23:20.494+0000] {processor.py:914} INFO - Processing file /home/airflow/.local/lib/python3.12/site-packages/airflow/example_dags/example_inlet_event_extra.py for tasks to queue
[2024-11-09T10:23:20.497+0000] {logging_mixin.py:190} INFO - [2024-11-09T10:23:20.497+0000] {dagbag.py:588} INFO - Filling up the DagBag from /home/airflow/.local/lib/python3.12/site-packages/airflow/example_dags/example_inlet_event_extra.py
[2024-11-09T10:23:21.305+0000] {processor.py:925} INFO - DAG(s) 'read_dataset_event_from_classic', 'read_dataset_event' retrieved from /home/airflow/.local/lib/python3.12/site-packages/airflow/example_dags/example_inlet_event_extra.py
[2024-11-09T10:23:21.336+0000] {logging_mixin.py:190} INFO - [2024-11-09T10:23:21.335+0000] {dag.py:3239} INFO - Sync 2 DAGs
[2024-11-09T10:23:21.373+0000] {logging_mixin.py:190} INFO - [2024-11-09T10:23:21.372+0000] {dag.py:4180} INFO - Setting next_dagrun for read_dataset_event to 2024-11-08 00:00:00+00:00, run_after=2024-11-09 00:00:00+00:00
[2024-11-09T10:23:21.381+0000] {logging_mixin.py:190} INFO - [2024-11-09T10:23:21.381+0000] {dag.py:4180} INFO - Setting next_dagrun for read_dataset_event_from_classic to 2024-11-08 00:00:00+00:00, run_after=2024-11-09 00:00:00+00:00
[2024-11-09T10:23:21.407+0000] {processor.py:208} INFO - Processing /home/airflow/.local/lib/python3.12/site-packages/airflow/example_dags/example_inlet_event_extra.py took 0.924 seconds
[2024-11-09T10:23:51.476+0000] {processor.py:186} INFO - Started process (PID=216) to work on /home/airflow/.local/lib/python3.12/site-packages/airflow/example_dags/example_inlet_event_extra.py
[2024-11-09T10:23:51.477+0000] {processor.py:914} INFO - Processing file /home/airflow/.local/lib/python3.12/site-packages/airflow/example_dags/example_inlet_event_extra.py for tasks to queue
[2024-11-09T10:23:51.480+0000] {logging_mixin.py:190} INFO - [2024-11-09T10:23:51.480+0000] {dagbag.py:588} INFO - Filling up the DagBag from /home/airflow/.local/lib/python3.12/site-packages/airflow/example_dags/example_inlet_event_extra.py
[2024-11-09T10:23:52.313+0000] {processor.py:925} INFO - DAG(s) 'read_dataset_event_from_classic', 'read_dataset_event' retrieved from /home/airflow/.local/lib/python3.12/site-packages/airflow/example_dags/example_inlet_event_extra.py
[2024-11-09T10:23:52.338+0000] {logging_mixin.py:190} INFO - [2024-11-09T10:23:52.337+0000] {dag.py:3239} INFO - Sync 2 DAGs
[2024-11-09T10:23:52.372+0000] {logging_mixin.py:190} INFO - [2024-11-09T10:23:52.371+0000] {dag.py:4180} INFO - Setting next_dagrun for read_dataset_event to 2024-11-08 00:00:00+00:00, run_after=2024-11-09 00:00:00+00:00
[2024-11-09T10:23:52.379+0000] {logging_mixin.py:190} INFO - [2024-11-09T10:23:52.379+0000] {dag.py:4180} INFO - Setting next_dagrun for read_dataset_event_from_classic to 2024-11-08 00:00:00+00:00, run_after=2024-11-09 00:00:00+00:00
[2024-11-09T10:23:52.520+0000] {processor.py:208} INFO - Processing /home/airflow/.local/lib/python3.12/site-packages/airflow/example_dags/example_inlet_event_extra.py took 1.054 seconds
[2024-11-09T10:24:22.818+0000] {processor.py:186} INFO - Started process (PID=282) to work on /home/airflow/.local/lib/python3.12/site-packages/airflow/example_dags/example_inlet_event_extra.py
[2024-11-09T10:24:22.819+0000] {processor.py:914} INFO - Processing file /home/airflow/.local/lib/python3.12/site-packages/airflow/example_dags/example_inlet_event_extra.py for tasks to queue
[2024-11-09T10:24:22.835+0000] {logging_mixin.py:190} INFO - [2024-11-09T10:24:22.835+0000] {dagbag.py:588} INFO - Filling up the DagBag from /home/airflow/.local/lib/python3.12/site-packages/airflow/example_dags/example_inlet_event_extra.py
[2024-11-09T10:24:23.599+0000] {processor.py:925} INFO - DAG(s) 'read_dataset_event_from_classic', 'read_dataset_event' retrieved from /home/airflow/.local/lib/python3.12/site-packages/airflow/example_dags/example_inlet_event_extra.py
[2024-11-09T10:24:23.622+0000] {logging_mixin.py:190} INFO - [2024-11-09T10:24:23.621+0000] {dag.py:3239} INFO - Sync 2 DAGs
[2024-11-09T10:24:24.075+0000] {logging_mixin.py:190} INFO - [2024-11-09T10:24:24.075+0000] {dag.py:4180} INFO - Setting next_dagrun for read_dataset_event to 2024-11-08 00:00:00+00:00, run_after=2024-11-09 00:00:00+00:00
[2024-11-09T10:24:24.082+0000] {logging_mixin.py:190} INFO - [2024-11-09T10:24:24.082+0000] {dag.py:4180} INFO - Setting next_dagrun for read_dataset_event_from_classic to 2024-11-08 00:00:00+00:00, run_after=2024-11-09 00:00:00+00:00
[2024-11-09T10:24:24.113+0000] {processor.py:208} INFO - Processing /home/airflow/.local/lib/python3.12/site-packages/airflow/example_dags/example_inlet_event_extra.py took 1.303 seconds
[2024-11-09T10:24:54.286+0000] {processor.py:186} INFO - Started process (PID=346) to work on /home/airflow/.local/lib/python3.12/site-packages/airflow/example_dags/example_inlet_event_extra.py
[2024-11-09T10:24:54.287+0000] {processor.py:914} INFO - Processing file /home/airflow/.local/lib/python3.12/site-packages/airflow/example_dags/example_inlet_event_extra.py for tasks to queue
[2024-11-09T10:24:54.290+0000] {logging_mixin.py:190} INFO - [2024-11-09T10:24:54.290+0000] {dagbag.py:588} INFO - Filling up the DagBag from /home/airflow/.local/lib/python3.12/site-packages/airflow/example_dags/example_inlet_event_extra.py
[2024-11-09T10:24:55.979+0000] {processor.py:925} INFO - DAG(s) 'read_dataset_event', 'read_dataset_event_from_classic' retrieved from /home/airflow/.local/lib/python3.12/site-packages/airflow/example_dags/example_inlet_event_extra.py
[2024-11-09T10:24:56.037+0000] {logging_mixin.py:190} INFO - [2024-11-09T10:24:56.037+0000] {dag.py:3239} INFO - Sync 2 DAGs
[2024-11-09T10:24:56.088+0000] {logging_mixin.py:190} INFO - [2024-11-09T10:24:56.088+0000] {dag.py:4180} INFO - Setting next_dagrun for read_dataset_event to 2024-11-08 00:00:00+00:00, run_after=2024-11-09 00:00:00+00:00
[2024-11-09T10:24:56.095+0000] {logging_mixin.py:190} INFO - [2024-11-09T10:24:56.094+0000] {dag.py:4180} INFO - Setting next_dagrun for read_dataset_event_from_classic to 2024-11-08 00:00:00+00:00, run_after=2024-11-09 00:00:00+00:00
[2024-11-09T10:24:56.123+0000] {processor.py:208} INFO - Processing /home/airflow/.local/lib/python3.12/site-packages/airflow/example_dags/example_inlet_event_extra.py took 1.845 seconds
[2024-11-09T10:25:26.306+0000] {processor.py:186} INFO - Started process (PID=410) to work on /home/airflow/.local/lib/python3.12/site-packages/airflow/example_dags/example_inlet_event_extra.py
[2024-11-09T10:25:26.307+0000] {processor.py:914} INFO - Processing file /home/airflow/.local/lib/python3.12/site-packages/airflow/example_dags/example_inlet_event_extra.py for tasks to queue
[2024-11-09T10:25:26.310+0000] {logging_mixin.py:190} INFO - [2024-11-09T10:25:26.310+0000] {dagbag.py:588} INFO - Filling up the DagBag from /home/airflow/.local/lib/python3.12/site-packages/airflow/example_dags/example_inlet_event_extra.py
[2024-11-09T10:25:27.273+0000] {processor.py:925} INFO - DAG(s) 'read_dataset_event', 'read_dataset_event_from_classic' retrieved from /home/airflow/.local/lib/python3.12/site-packages/airflow/example_dags/example_inlet_event_extra.py
[2024-11-09T10:25:27.305+0000] {logging_mixin.py:190} INFO - [2024-11-09T10:25:27.305+0000] {dag.py:3239} INFO - Sync 2 DAGs
[2024-11-09T10:25:27.344+0000] {logging_mixin.py:190} INFO - [2024-11-09T10:25:27.343+0000] {dag.py:4180} INFO - Setting next_dagrun for read_dataset_event to 2024-11-08 00:00:00+00:00, run_after=2024-11-09 00:00:00+00:00
[2024-11-09T10:25:27.354+0000] {logging_mixin.py:190} INFO - [2024-11-09T10:25:27.354+0000] {dag.py:4180} INFO - Setting next_dagrun for read_dataset_event_from_classic to 2024-11-08 00:00:00+00:00, run_after=2024-11-09 00:00:00+00:00
[2024-11-09T10:25:27.379+0000] {processor.py:208} INFO - Processing /home/airflow/.local/lib/python3.12/site-packages/airflow/example_dags/example_inlet_event_extra.py took 1.083 seconds
[2024-11-09T10:25:57.985+0000] {processor.py:186} INFO - Started process (PID=474) to work on /home/airflow/.local/lib/python3.12/site-packages/airflow/example_dags/example_inlet_event_extra.py
[2024-11-09T10:25:57.986+0000] {processor.py:914} INFO - Processing file /home/airflow/.local/lib/python3.12/site-packages/airflow/example_dags/example_inlet_event_extra.py for tasks to queue
[2024-11-09T10:25:57.989+0000] {logging_mixin.py:190} INFO - [2024-11-09T10:25:57.989+0000] {dagbag.py:588} INFO - Filling up the DagBag from /home/airflow/.local/lib/python3.12/site-packages/airflow/example_dags/example_inlet_event_extra.py
[2024-11-09T10:25:58.753+0000] {processor.py:925} INFO - DAG(s) 'read_dataset_event', 'read_dataset_event_from_classic' retrieved from /home/airflow/.local/lib/python3.12/site-packages/airflow/example_dags/example_inlet_event_extra.py
[2024-11-09T10:25:58.781+0000] {logging_mixin.py:190} INFO - [2024-11-09T10:25:58.781+0000] {dag.py:3239} INFO - Sync 2 DAGs
[2024-11-09T10:25:58.826+0000] {logging_mixin.py:190} INFO - [2024-11-09T10:25:58.824+0000] {dag.py:4180} INFO - Setting next_dagrun for read_dataset_event to 2024-11-08 00:00:00+00:00, run_after=2024-11-09 00:00:00+00:00
[2024-11-09T10:25:58.856+0000] {logging_mixin.py:190} INFO - [2024-11-09T10:25:58.856+0000] {dag.py:4180} INFO - Setting next_dagrun for read_dataset_event_from_classic to 2024-11-08 00:00:00+00:00, run_after=2024-11-09 00:00:00+00:00
[2024-11-09T10:25:58.892+0000] {processor.py:208} INFO - Processing /home/airflow/.local/lib/python3.12/site-packages/airflow/example_dags/example_inlet_event_extra.py took 0.914 seconds
[2024-11-09T10:26:29.237+0000] {processor.py:186} INFO - Started process (PID=537) to work on /home/airflow/.local/lib/python3.12/site-packages/airflow/example_dags/example_inlet_event_extra.py
[2024-11-09T10:26:29.238+0000] {processor.py:914} INFO - Processing file /home/airflow/.local/lib/python3.12/site-packages/airflow/example_dags/example_inlet_event_extra.py for tasks to queue
[2024-11-09T10:26:29.242+0000] {logging_mixin.py:190} INFO - [2024-11-09T10:26:29.241+0000] {dagbag.py:588} INFO - Filling up the DagBag from /home/airflow/.local/lib/python3.12/site-packages/airflow/example_dags/example_inlet_event_extra.py
[2024-11-09T10:26:29.937+0000] {processor.py:925} INFO - DAG(s) 'read_dataset_event_from_classic', 'read_dataset_event' retrieved from /home/airflow/.local/lib/python3.12/site-packages/airflow/example_dags/example_inlet_event_extra.py
[2024-11-09T10:26:29.964+0000] {logging_mixin.py:190} INFO - [2024-11-09T10:26:29.964+0000] {dag.py:3239} INFO - Sync 2 DAGs
[2024-11-09T10:26:29.997+0000] {logging_mixin.py:190} INFO - [2024-11-09T10:26:29.997+0000] {dag.py:4180} INFO - Setting next_dagrun for read_dataset_event to 2024-11-08 00:00:00+00:00, run_after=2024-11-09 00:00:00+00:00
[2024-11-09T10:26:30.004+0000] {logging_mixin.py:190} INFO - [2024-11-09T10:26:30.004+0000] {dag.py:4180} INFO - Setting next_dagrun for read_dataset_event_from_classic to 2024-11-08 00:00:00+00:00, run_after=2024-11-09 00:00:00+00:00
[2024-11-09T10:26:30.028+0000] {processor.py:208} INFO - Processing /home/airflow/.local/lib/python3.12/site-packages/airflow/example_dags/example_inlet_event_extra.py took 0.798 seconds
[2024-11-09T10:27:00.922+0000] {processor.py:186} INFO - Started process (PID=603) to work on /home/airflow/.local/lib/python3.12/site-packages/airflow/example_dags/example_inlet_event_extra.py
[2024-11-09T10:27:00.923+0000] {processor.py:914} INFO - Processing file /home/airflow/.local/lib/python3.12/site-packages/airflow/example_dags/example_inlet_event_extra.py for tasks to queue
[2024-11-09T10:27:00.926+0000] {logging_mixin.py:190} INFO - [2024-11-09T10:27:00.926+0000] {dagbag.py:588} INFO - Filling up the DagBag from /home/airflow/.local/lib/python3.12/site-packages/airflow/example_dags/example_inlet_event_extra.py
[2024-11-09T10:27:01.630+0000] {processor.py:925} INFO - DAG(s) 'read_dataset_event_from_classic', 'read_dataset_event' retrieved from /home/airflow/.local/lib/python3.12/site-packages/airflow/example_dags/example_inlet_event_extra.py
[2024-11-09T10:27:01.652+0000] {logging_mixin.py:190} INFO - [2024-11-09T10:27:01.651+0000] {dag.py:3239} INFO - Sync 2 DAGs
[2024-11-09T10:27:01.678+0000] {logging_mixin.py:190} INFO - [2024-11-09T10:27:01.677+0000] {dag.py:4180} INFO - Setting next_dagrun for read_dataset_event to 2024-11-08 00:00:00+00:00, run_after=2024-11-09 00:00:00+00:00
[2024-11-09T10:27:01.684+0000] {logging_mixin.py:190} INFO - [2024-11-09T10:27:01.684+0000] {dag.py:4180} INFO - Setting next_dagrun for read_dataset_event_from_classic to 2024-11-08 00:00:00+00:00, run_after=2024-11-09 00:00:00+00:00
[2024-11-09T10:27:01.830+0000] {processor.py:208} INFO - Processing /home/airflow/.local/lib/python3.12/site-packages/airflow/example_dags/example_inlet_event_extra.py took 0.916 seconds
[2024-11-09T10:27:32.104+0000] {processor.py:186} INFO - Started process (PID=667) to work on /home/airflow/.local/lib/python3.12/site-packages/airflow/example_dags/example_inlet_event_extra.py
[2024-11-09T10:27:32.105+0000] {processor.py:914} INFO - Processing file /home/airflow/.local/lib/python3.12/site-packages/airflow/example_dags/example_inlet_event_extra.py for tasks to queue
[2024-11-09T10:27:32.108+0000] {logging_mixin.py:190} INFO - [2024-11-09T10:27:32.108+0000] {dagbag.py:588} INFO - Filling up the DagBag from /home/airflow/.local/lib/python3.12/site-packages/airflow/example_dags/example_inlet_event_extra.py
[2024-11-09T10:27:32.766+0000] {processor.py:925} INFO - DAG(s) 'read_dataset_event_from_classic', 'read_dataset_event' retrieved from /home/airflow/.local/lib/python3.12/site-packages/airflow/example_dags/example_inlet_event_extra.py
[2024-11-09T10:27:32.789+0000] {logging_mixin.py:190} INFO - [2024-11-09T10:27:32.788+0000] {dag.py:3239} INFO - Sync 2 DAGs
[2024-11-09T10:27:32.816+0000] {logging_mixin.py:190} INFO - [2024-11-09T10:27:32.815+0000] {dag.py:4180} INFO - Setting next_dagrun for read_dataset_event to 2024-11-08 00:00:00+00:00, run_after=2024-11-09 00:00:00+00:00
[2024-11-09T10:27:32.821+0000] {logging_mixin.py:190} INFO - [2024-11-09T10:27:32.821+0000] {dag.py:4180} INFO - Setting next_dagrun for read_dataset_event_from_classic to 2024-11-08 00:00:00+00:00, run_after=2024-11-09 00:00:00+00:00
[2024-11-09T10:27:32.842+0000] {processor.py:208} INFO - Processing /home/airflow/.local/lib/python3.12/site-packages/airflow/example_dags/example_inlet_event_extra.py took 0.746 seconds
[2024-11-09T10:28:03.433+0000] {processor.py:186} INFO - Started process (PID=732) to work on /home/airflow/.local/lib/python3.12/site-packages/airflow/example_dags/example_inlet_event_extra.py
[2024-11-09T10:28:03.435+0000] {processor.py:914} INFO - Processing file /home/airflow/.local/lib/python3.12/site-packages/airflow/example_dags/example_inlet_event_extra.py for tasks to queue
[2024-11-09T10:28:03.437+0000] {logging_mixin.py:190} INFO - [2024-11-09T10:28:03.437+0000] {dagbag.py:588} INFO - Filling up the DagBag from /home/airflow/.local/lib/python3.12/site-packages/airflow/example_dags/example_inlet_event_extra.py
[2024-11-09T10:28:04.123+0000] {processor.py:925} INFO - DAG(s) 'read_dataset_event', 'read_dataset_event_from_classic' retrieved from /home/airflow/.local/lib/python3.12/site-packages/airflow/example_dags/example_inlet_event_extra.py
[2024-11-09T10:28:04.146+0000] {logging_mixin.py:190} INFO - [2024-11-09T10:28:04.146+0000] {dag.py:3239} INFO - Sync 2 DAGs
[2024-11-09T10:28:04.186+0000] {logging_mixin.py:190} INFO - [2024-11-09T10:28:04.186+0000] {dag.py:4180} INFO - Setting next_dagrun for read_dataset_event to 2024-11-08 00:00:00+00:00, run_after=2024-11-09 00:00:00+00:00
[2024-11-09T10:28:04.193+0000] {logging_mixin.py:190} INFO - [2024-11-09T10:28:04.193+0000] {dag.py:4180} INFO - Setting next_dagrun for read_dataset_event_from_classic to 2024-11-08 00:00:00+00:00, run_after=2024-11-09 00:00:00+00:00
[2024-11-09T10:28:04.213+0000] {processor.py:208} INFO - Processing /home/airflow/.local/lib/python3.12/site-packages/airflow/example_dags/example_inlet_event_extra.py took 0.786 seconds
[2024-11-09T10:28:34.291+0000] {processor.py:186} INFO - Started process (PID=795) to work on /home/airflow/.local/lib/python3.12/site-packages/airflow/example_dags/example_inlet_event_extra.py
[2024-11-09T10:28:34.293+0000] {processor.py:914} INFO - Processing file /home/airflow/.local/lib/python3.12/site-packages/airflow/example_dags/example_inlet_event_extra.py for tasks to queue
[2024-11-09T10:28:34.295+0000] {logging_mixin.py:190} INFO - [2024-11-09T10:28:34.295+0000] {dagbag.py:588} INFO - Filling up the DagBag from /home/airflow/.local/lib/python3.12/site-packages/airflow/example_dags/example_inlet_event_extra.py
[2024-11-09T10:28:34.961+0000] {processor.py:925} INFO - DAG(s) 'read_dataset_event_from_classic', 'read_dataset_event' retrieved from /home/airflow/.local/lib/python3.12/site-packages/airflow/example_dags/example_inlet_event_extra.py
[2024-11-09T10:28:34.989+0000] {logging_mixin.py:190} INFO - [2024-11-09T10:28:34.989+0000] {dag.py:3239} INFO - Sync 2 DAGs
[2024-11-09T10:28:35.021+0000] {logging_mixin.py:190} INFO - [2024-11-09T10:28:35.021+0000] {dag.py:4180} INFO - Setting next_dagrun for read_dataset_event to 2024-11-08 00:00:00+00:00, run_after=2024-11-09 00:00:00+00:00
[2024-11-09T10:28:35.028+0000] {logging_mixin.py:190} INFO - [2024-11-09T10:28:35.028+0000] {dag.py:4180} INFO - Setting next_dagrun for read_dataset_event_from_classic to 2024-11-08 00:00:00+00:00, run_after=2024-11-09 00:00:00+00:00
[2024-11-09T10:28:35.079+0000] {processor.py:208} INFO - Processing /home/airflow/.local/lib/python3.12/site-packages/airflow/example_dags/example_inlet_event_extra.py took 0.794 seconds
[2024-11-09T10:29:05.310+0000] {processor.py:186} INFO - Started process (PID=860) to work on /home/airflow/.local/lib/python3.12/site-packages/airflow/example_dags/example_inlet_event_extra.py
[2024-11-09T10:29:05.312+0000] {processor.py:914} INFO - Processing file /home/airflow/.local/lib/python3.12/site-packages/airflow/example_dags/example_inlet_event_extra.py for tasks to queue
[2024-11-09T10:29:05.315+0000] {logging_mixin.py:190} INFO - [2024-11-09T10:29:05.314+0000] {dagbag.py:588} INFO - Filling up the DagBag from /home/airflow/.local/lib/python3.12/site-packages/airflow/example_dags/example_inlet_event_extra.py
[2024-11-09T10:29:06.046+0000] {processor.py:925} INFO - DAG(s) 'read_dataset_event_from_classic', 'read_dataset_event' retrieved from /home/airflow/.local/lib/python3.12/site-packages/airflow/example_dags/example_inlet_event_extra.py
[2024-11-09T10:29:06.069+0000] {logging_mixin.py:190} INFO - [2024-11-09T10:29:06.069+0000] {dag.py:3239} INFO - Sync 2 DAGs
[2024-11-09T10:29:06.100+0000] {logging_mixin.py:190} INFO - [2024-11-09T10:29:06.099+0000] {dag.py:4180} INFO - Setting next_dagrun for read_dataset_event to 2024-11-08 00:00:00+00:00, run_after=2024-11-09 00:00:00+00:00
[2024-11-09T10:29:06.106+0000] {logging_mixin.py:190} INFO - [2024-11-09T10:29:06.106+0000] {dag.py:4180} INFO - Setting next_dagrun for read_dataset_event_from_classic to 2024-11-08 00:00:00+00:00, run_after=2024-11-09 00:00:00+00:00
[2024-11-09T10:29:06.243+0000] {processor.py:208} INFO - Processing /home/airflow/.local/lib/python3.12/site-packages/airflow/example_dags/example_inlet_event_extra.py took 0.940 seconds
[2024-11-09T10:29:37.020+0000] {processor.py:186} INFO - Started process (PID=926) to work on /home/airflow/.local/lib/python3.12/site-packages/airflow/example_dags/example_inlet_event_extra.py
[2024-11-09T10:29:37.022+0000] {processor.py:914} INFO - Processing file /home/airflow/.local/lib/python3.12/site-packages/airflow/example_dags/example_inlet_event_extra.py for tasks to queue
[2024-11-09T10:29:37.024+0000] {logging_mixin.py:190} INFO - [2024-11-09T10:29:37.024+0000] {dagbag.py:588} INFO - Filling up the DagBag from /home/airflow/.local/lib/python3.12/site-packages/airflow/example_dags/example_inlet_event_extra.py
[2024-11-09T10:29:37.672+0000] {processor.py:925} INFO - DAG(s) 'read_dataset_event_from_classic', 'read_dataset_event' retrieved from /home/airflow/.local/lib/python3.12/site-packages/airflow/example_dags/example_inlet_event_extra.py
[2024-11-09T10:29:37.698+0000] {logging_mixin.py:190} INFO - [2024-11-09T10:29:37.697+0000] {dag.py:3239} INFO - Sync 2 DAGs
[2024-11-09T10:29:37.726+0000] {logging_mixin.py:190} INFO - [2024-11-09T10:29:37.726+0000] {dag.py:4180} INFO - Setting next_dagrun for read_dataset_event to 2024-11-08 00:00:00+00:00, run_after=2024-11-09 00:00:00+00:00
[2024-11-09T10:29:37.732+0000] {logging_mixin.py:190} INFO - [2024-11-09T10:29:37.732+0000] {dag.py:4180} INFO - Setting next_dagrun for read_dataset_event_from_classic to 2024-11-08 00:00:00+00:00, run_after=2024-11-09 00:00:00+00:00
[2024-11-09T10:29:37.802+0000] {processor.py:208} INFO - Processing /home/airflow/.local/lib/python3.12/site-packages/airflow/example_dags/example_inlet_event_extra.py took 0.792 seconds
[2024-11-09T10:30:08.625+0000] {processor.py:186} INFO - Started process (PID=1001) to work on /home/airflow/.local/lib/python3.12/site-packages/airflow/example_dags/example_inlet_event_extra.py
[2024-11-09T10:30:08.626+0000] {processor.py:914} INFO - Processing file /home/airflow/.local/lib/python3.12/site-packages/airflow/example_dags/example_inlet_event_extra.py for tasks to queue
[2024-11-09T10:30:08.629+0000] {logging_mixin.py:190} INFO - [2024-11-09T10:30:08.628+0000] {dagbag.py:588} INFO - Filling up the DagBag from /home/airflow/.local/lib/python3.12/site-packages/airflow/example_dags/example_inlet_event_extra.py
[2024-11-09T10:30:09.282+0000] {processor.py:925} INFO - DAG(s) 'read_dataset_event', 'read_dataset_event_from_classic' retrieved from /home/airflow/.local/lib/python3.12/site-packages/airflow/example_dags/example_inlet_event_extra.py
[2024-11-09T10:30:09.306+0000] {logging_mixin.py:190} INFO - [2024-11-09T10:30:09.305+0000] {dag.py:3239} INFO - Sync 2 DAGs
[2024-11-09T10:30:09.333+0000] {logging_mixin.py:190} INFO - [2024-11-09T10:30:09.333+0000] {dag.py:4180} INFO - Setting next_dagrun for read_dataset_event to 2024-11-08 00:00:00+00:00, run_after=2024-11-09 00:00:00+00:00
[2024-11-09T10:30:09.339+0000] {logging_mixin.py:190} INFO - [2024-11-09T10:30:09.339+0000] {dag.py:4180} INFO - Setting next_dagrun for read_dataset_event_from_classic to 2024-11-08 00:00:00+00:00, run_after=2024-11-09 00:00:00+00:00
[2024-11-09T10:30:09.409+0000] {processor.py:208} INFO - Processing /home/airflow/.local/lib/python3.12/site-packages/airflow/example_dags/example_inlet_event_extra.py took 0.792 seconds
[2024-11-09T10:30:40.279+0000] {processor.py:186} INFO - Started process (PID=1065) to work on /home/airflow/.local/lib/python3.12/site-packages/airflow/example_dags/example_inlet_event_extra.py
[2024-11-09T10:30:40.280+0000] {processor.py:914} INFO - Processing file /home/airflow/.local/lib/python3.12/site-packages/airflow/example_dags/example_inlet_event_extra.py for tasks to queue
[2024-11-09T10:30:40.283+0000] {logging_mixin.py:190} INFO - [2024-11-09T10:30:40.282+0000] {dagbag.py:588} INFO - Filling up the DagBag from /home/airflow/.local/lib/python3.12/site-packages/airflow/example_dags/example_inlet_event_extra.py
[2024-11-09T10:30:41.067+0000] {processor.py:925} INFO - DAG(s) 'read_dataset_event_from_classic', 'read_dataset_event' retrieved from /home/airflow/.local/lib/python3.12/site-packages/airflow/example_dags/example_inlet_event_extra.py
[2024-11-09T10:30:41.091+0000] {logging_mixin.py:190} INFO - [2024-11-09T10:30:41.091+0000] {dag.py:3239} INFO - Sync 2 DAGs
[2024-11-09T10:30:41.123+0000] {logging_mixin.py:190} INFO - [2024-11-09T10:30:41.122+0000] {dag.py:4180} INFO - Setting next_dagrun for read_dataset_event to 2024-11-08 00:00:00+00:00, run_after=2024-11-09 00:00:00+00:00
[2024-11-09T10:30:41.129+0000] {logging_mixin.py:190} INFO - [2024-11-09T10:30:41.129+0000] {dag.py:4180} INFO - Setting next_dagrun for read_dataset_event_from_classic to 2024-11-08 00:00:00+00:00, run_after=2024-11-09 00:00:00+00:00
[2024-11-09T10:30:41.402+0000] {processor.py:208} INFO - Processing /home/airflow/.local/lib/python3.12/site-packages/airflow/example_dags/example_inlet_event_extra.py took 1.130 seconds
[2024-11-09T10:31:11.837+0000] {processor.py:186} INFO - Started process (PID=1133) to work on /home/airflow/.local/lib/python3.12/site-packages/airflow/example_dags/example_inlet_event_extra.py
[2024-11-09T10:31:11.838+0000] {processor.py:914} INFO - Processing file /home/airflow/.local/lib/python3.12/site-packages/airflow/example_dags/example_inlet_event_extra.py for tasks to queue
[2024-11-09T10:31:11.841+0000] {logging_mixin.py:190} INFO - [2024-11-09T10:31:11.841+0000] {dagbag.py:588} INFO - Filling up the DagBag from /home/airflow/.local/lib/python3.12/site-packages/airflow/example_dags/example_inlet_event_extra.py
[2024-11-09T10:31:15.119+0000] {processor.py:925} INFO - DAG(s) 'read_dataset_event', 'read_dataset_event_from_classic' retrieved from /home/airflow/.local/lib/python3.12/site-packages/airflow/example_dags/example_inlet_event_extra.py
[2024-11-09T10:31:15.177+0000] {logging_mixin.py:190} INFO - [2024-11-09T10:31:15.176+0000] {dag.py:3239} INFO - Sync 2 DAGs
[2024-11-09T10:31:15.218+0000] {logging_mixin.py:190} INFO - [2024-11-09T10:31:15.217+0000] {dag.py:4180} INFO - Setting next_dagrun for read_dataset_event to 2024-11-08 00:00:00+00:00, run_after=2024-11-09 00:00:00+00:00
[2024-11-09T10:31:15.224+0000] {logging_mixin.py:190} INFO - [2024-11-09T10:31:15.224+0000] {dag.py:4180} INFO - Setting next_dagrun for read_dataset_event_from_classic to 2024-11-08 00:00:00+00:00, run_after=2024-11-09 00:00:00+00:00
[2024-11-09T10:31:15.247+0000] {processor.py:208} INFO - Processing /home/airflow/.local/lib/python3.12/site-packages/airflow/example_dags/example_inlet_event_extra.py took 3.416 seconds
[2024-11-09T10:31:45.685+0000] {processor.py:186} INFO - Started process (PID=1199) to work on /home/airflow/.local/lib/python3.12/site-packages/airflow/example_dags/example_inlet_event_extra.py
[2024-11-09T10:31:45.687+0000] {processor.py:914} INFO - Processing file /home/airflow/.local/lib/python3.12/site-packages/airflow/example_dags/example_inlet_event_extra.py for tasks to queue
[2024-11-09T10:31:45.689+0000] {logging_mixin.py:190} INFO - [2024-11-09T10:31:45.689+0000] {dagbag.py:588} INFO - Filling up the DagBag from /home/airflow/.local/lib/python3.12/site-packages/airflow/example_dags/example_inlet_event_extra.py
[2024-11-09T10:31:46.428+0000] {processor.py:925} INFO - DAG(s) 'read_dataset_event_from_classic', 'read_dataset_event' retrieved from /home/airflow/.local/lib/python3.12/site-packages/airflow/example_dags/example_inlet_event_extra.py
[2024-11-09T10:31:46.449+0000] {logging_mixin.py:190} INFO - [2024-11-09T10:31:46.449+0000] {dag.py:3239} INFO - Sync 2 DAGs
[2024-11-09T10:31:46.480+0000] {logging_mixin.py:190} INFO - [2024-11-09T10:31:46.479+0000] {dag.py:4180} INFO - Setting next_dagrun for read_dataset_event to 2024-11-08 00:00:00+00:00, run_after=2024-11-09 00:00:00+00:00
[2024-11-09T10:31:46.486+0000] {logging_mixin.py:190} INFO - [2024-11-09T10:31:46.486+0000] {dag.py:4180} INFO - Setting next_dagrun for read_dataset_event_from_classic to 2024-11-08 00:00:00+00:00, run_after=2024-11-09 00:00:00+00:00
[2024-11-09T10:31:46.508+0000] {processor.py:208} INFO - Processing /home/airflow/.local/lib/python3.12/site-packages/airflow/example_dags/example_inlet_event_extra.py took 0.830 seconds
[2024-11-09T10:32:17.081+0000] {processor.py:186} INFO - Started process (PID=1263) to work on /home/airflow/.local/lib/python3.12/site-packages/airflow/example_dags/example_inlet_event_extra.py
[2024-11-09T10:32:17.084+0000] {processor.py:914} INFO - Processing file /home/airflow/.local/lib/python3.12/site-packages/airflow/example_dags/example_inlet_event_extra.py for tasks to queue
[2024-11-09T10:32:17.087+0000] {logging_mixin.py:190} INFO - [2024-11-09T10:32:17.086+0000] {dagbag.py:588} INFO - Filling up the DagBag from /home/airflow/.local/lib/python3.12/site-packages/airflow/example_dags/example_inlet_event_extra.py
[2024-11-09T10:32:18.480+0000] {processor.py:925} INFO - DAG(s) 'read_dataset_event', 'read_dataset_event_from_classic' retrieved from /home/airflow/.local/lib/python3.12/site-packages/airflow/example_dags/example_inlet_event_extra.py
[2024-11-09T10:32:18.552+0000] {logging_mixin.py:190} INFO - [2024-11-09T10:32:18.548+0000] {dag.py:3239} INFO - Sync 2 DAGs
[2024-11-09T10:32:18.592+0000] {logging_mixin.py:190} INFO - [2024-11-09T10:32:18.591+0000] {dag.py:4180} INFO - Setting next_dagrun for read_dataset_event to 2024-11-08 00:00:00+00:00, run_after=2024-11-09 00:00:00+00:00
[2024-11-09T10:32:18.599+0000] {logging_mixin.py:190} INFO - [2024-11-09T10:32:18.599+0000] {dag.py:4180} INFO - Setting next_dagrun for read_dataset_event_from_classic to 2024-11-08 00:00:00+00:00, run_after=2024-11-09 00:00:00+00:00
[2024-11-09T10:32:18.625+0000] {processor.py:208} INFO - Processing /home/airflow/.local/lib/python3.12/site-packages/airflow/example_dags/example_inlet_event_extra.py took 1.551 seconds
[2024-11-09T10:32:48.729+0000] {processor.py:186} INFO - Started process (PID=1325) to work on /home/airflow/.local/lib/python3.12/site-packages/airflow/example_dags/example_inlet_event_extra.py
[2024-11-09T10:32:48.731+0000] {processor.py:914} INFO - Processing file /home/airflow/.local/lib/python3.12/site-packages/airflow/example_dags/example_inlet_event_extra.py for tasks to queue
[2024-11-09T10:32:48.734+0000] {logging_mixin.py:190} INFO - [2024-11-09T10:32:48.733+0000] {dagbag.py:588} INFO - Filling up the DagBag from /home/airflow/.local/lib/python3.12/site-packages/airflow/example_dags/example_inlet_event_extra.py
[2024-11-09T10:32:49.408+0000] {processor.py:925} INFO - DAG(s) 'read_dataset_event', 'read_dataset_event_from_classic' retrieved from /home/airflow/.local/lib/python3.12/site-packages/airflow/example_dags/example_inlet_event_extra.py
[2024-11-09T10:32:49.433+0000] {logging_mixin.py:190} INFO - [2024-11-09T10:32:49.433+0000] {dag.py:3239} INFO - Sync 2 DAGs
[2024-11-09T10:32:49.465+0000] {logging_mixin.py:190} INFO - [2024-11-09T10:32:49.464+0000] {dag.py:4180} INFO - Setting next_dagrun for read_dataset_event to 2024-11-08 00:00:00+00:00, run_after=2024-11-09 00:00:00+00:00
[2024-11-09T10:32:49.472+0000] {logging_mixin.py:190} INFO - [2024-11-09T10:32:49.471+0000] {dag.py:4180} INFO - Setting next_dagrun for read_dataset_event_from_classic to 2024-11-08 00:00:00+00:00, run_after=2024-11-09 00:00:00+00:00
[2024-11-09T10:32:49.497+0000] {processor.py:208} INFO - Processing /home/airflow/.local/lib/python3.12/site-packages/airflow/example_dags/example_inlet_event_extra.py took 0.775 seconds
[2024-11-09T10:53:08.291+0000] {processor.py:186} INFO - Started process (PID=79) to work on /home/airflow/.local/lib/python3.12/site-packages/airflow/example_dags/example_inlet_event_extra.py
[2024-11-09T10:53:08.294+0000] {processor.py:914} INFO - Processing file /home/airflow/.local/lib/python3.12/site-packages/airflow/example_dags/example_inlet_event_extra.py for tasks to queue
[2024-11-09T10:53:08.298+0000] {logging_mixin.py:190} INFO - [2024-11-09T10:53:08.297+0000] {dagbag.py:588} INFO - Filling up the DagBag from /home/airflow/.local/lib/python3.12/site-packages/airflow/example_dags/example_inlet_event_extra.py
[2024-11-09T10:53:09.213+0000] {processor.py:925} INFO - DAG(s) 'read_dataset_event_from_classic', 'read_dataset_event' retrieved from /home/airflow/.local/lib/python3.12/site-packages/airflow/example_dags/example_inlet_event_extra.py
[2024-11-09T10:53:09.236+0000] {logging_mixin.py:190} INFO - [2024-11-09T10:53:09.236+0000] {dag.py:3239} INFO - Sync 2 DAGs
[2024-11-09T10:53:09.273+0000] {logging_mixin.py:190} INFO - [2024-11-09T10:53:09.272+0000] {dag.py:4180} INFO - Setting next_dagrun for read_dataset_event to 2024-11-08 00:00:00+00:00, run_after=2024-11-09 00:00:00+00:00
[2024-11-09T10:53:09.280+0000] {logging_mixin.py:190} INFO - [2024-11-09T10:53:09.280+0000] {dag.py:4180} INFO - Setting next_dagrun for read_dataset_event_from_classic to 2024-11-08 00:00:00+00:00, run_after=2024-11-09 00:00:00+00:00
[2024-11-09T10:53:09.305+0000] {processor.py:208} INFO - Processing /home/airflow/.local/lib/python3.12/site-packages/airflow/example_dags/example_inlet_event_extra.py took 1.055 seconds
