[2024-11-09T08:52:49.218+0000] {processor.py:186} INFO - Started process (PID=100) to work on /home/airflow/.local/lib/python3.12/site-packages/airflow/example_dags/example_sensor_decorator.py
[2024-11-09T08:52:49.222+0000] {processor.py:914} INFO - Processing file /home/airflow/.local/lib/python3.12/site-packages/airflow/example_dags/example_sensor_decorator.py for tasks to queue
[2024-11-09T08:52:49.240+0000] {logging_mixin.py:190} INFO - [2024-11-09T08:52:49.239+0000] {dagbag.py:588} INFO - Filling up the DagBag from /home/airflow/.local/lib/python3.12/site-packages/airflow/example_dags/example_sensor_decorator.py
[2024-11-09T08:52:49.263+0000] {processor.py:925} INFO - DAG(s) 'example_sensor_decorator' retrieved from /home/airflow/.local/lib/python3.12/site-packages/airflow/example_dags/example_sensor_decorator.py
[2024-11-09T08:52:49.295+0000] {logging_mixin.py:190} INFO - [2024-11-09T08:52:49.294+0000] {dag.py:3239} INFO - Sync 1 DAGs
[2024-11-09T08:52:49.316+0000] {logging_mixin.py:190} INFO - [2024-11-09T08:52:49.316+0000] {dag.py:4180} INFO - Setting next_dagrun for example_sensor_decorator to None, run_after=None
[2024-11-09T08:52:49.363+0000] {processor.py:208} INFO - Processing /home/airflow/.local/lib/python3.12/site-packages/airflow/example_dags/example_sensor_decorator.py took 0.156 seconds
[2024-11-09T08:53:25.254+0000] {processor.py:186} INFO - Started process (PID=164) to work on /home/airflow/.local/lib/python3.12/site-packages/airflow/example_dags/example_sensor_decorator.py
[2024-11-09T08:53:25.285+0000] {processor.py:914} INFO - Processing file /home/airflow/.local/lib/python3.12/site-packages/airflow/example_dags/example_sensor_decorator.py for tasks to queue
[2024-11-09T08:53:25.302+0000] {logging_mixin.py:190} INFO - [2024-11-09T08:53:25.301+0000] {dagbag.py:588} INFO - Filling up the DagBag from /home/airflow/.local/lib/python3.12/site-packages/airflow/example_dags/example_sensor_decorator.py
[2024-11-09T08:53:25.384+0000] {processor.py:925} INFO - DAG(s) 'example_sensor_decorator' retrieved from /home/airflow/.local/lib/python3.12/site-packages/airflow/example_dags/example_sensor_decorator.py
[2024-11-09T08:53:25.482+0000] {logging_mixin.py:190} INFO - [2024-11-09T08:53:25.482+0000] {dag.py:3239} INFO - Sync 1 DAGs
[2024-11-09T08:53:25.545+0000] {logging_mixin.py:190} INFO - [2024-11-09T08:53:25.545+0000] {dag.py:4180} INFO - Setting next_dagrun for example_sensor_decorator to None, run_after=None
[2024-11-09T08:53:25.622+0000] {processor.py:208} INFO - Processing /home/airflow/.local/lib/python3.12/site-packages/airflow/example_dags/example_sensor_decorator.py took 0.385 seconds
[2024-11-09T08:53:56.373+0000] {processor.py:186} INFO - Started process (PID=228) to work on /home/airflow/.local/lib/python3.12/site-packages/airflow/example_dags/example_sensor_decorator.py
[2024-11-09T08:53:56.376+0000] {processor.py:914} INFO - Processing file /home/airflow/.local/lib/python3.12/site-packages/airflow/example_dags/example_sensor_decorator.py for tasks to queue
[2024-11-09T08:53:56.381+0000] {logging_mixin.py:190} INFO - [2024-11-09T08:53:56.380+0000] {dagbag.py:588} INFO - Filling up the DagBag from /home/airflow/.local/lib/python3.12/site-packages/airflow/example_dags/example_sensor_decorator.py
[2024-11-09T08:53:56.399+0000] {processor.py:925} INFO - DAG(s) 'example_sensor_decorator' retrieved from /home/airflow/.local/lib/python3.12/site-packages/airflow/example_dags/example_sensor_decorator.py
[2024-11-09T08:53:56.441+0000] {logging_mixin.py:190} INFO - [2024-11-09T08:53:56.441+0000] {dag.py:3239} INFO - Sync 1 DAGs
[2024-11-09T08:53:56.471+0000] {logging_mixin.py:190} INFO - [2024-11-09T08:53:56.471+0000] {dag.py:4180} INFO - Setting next_dagrun for example_sensor_decorator to None, run_after=None
[2024-11-09T08:53:56.514+0000] {processor.py:208} INFO - Processing /home/airflow/.local/lib/python3.12/site-packages/airflow/example_dags/example_sensor_decorator.py took 0.157 seconds
[2024-11-09T08:54:29.303+0000] {processor.py:186} INFO - Started process (PID=292) to work on /home/airflow/.local/lib/python3.12/site-packages/airflow/example_dags/example_sensor_decorator.py
[2024-11-09T08:54:29.304+0000] {processor.py:914} INFO - Processing file /home/airflow/.local/lib/python3.12/site-packages/airflow/example_dags/example_sensor_decorator.py for tasks to queue
[2024-11-09T08:54:29.307+0000] {logging_mixin.py:190} INFO - [2024-11-09T08:54:29.307+0000] {dagbag.py:588} INFO - Filling up the DagBag from /home/airflow/.local/lib/python3.12/site-packages/airflow/example_dags/example_sensor_decorator.py
[2024-11-09T08:54:29.317+0000] {processor.py:925} INFO - DAG(s) 'example_sensor_decorator' retrieved from /home/airflow/.local/lib/python3.12/site-packages/airflow/example_dags/example_sensor_decorator.py
[2024-11-09T08:54:29.341+0000] {logging_mixin.py:190} INFO - [2024-11-09T08:54:29.341+0000] {dag.py:3239} INFO - Sync 1 DAGs
[2024-11-09T08:54:29.362+0000] {logging_mixin.py:190} INFO - [2024-11-09T08:54:29.362+0000] {dag.py:4180} INFO - Setting next_dagrun for example_sensor_decorator to None, run_after=None
[2024-11-09T08:54:29.406+0000] {processor.py:208} INFO - Processing /home/airflow/.local/lib/python3.12/site-packages/airflow/example_dags/example_sensor_decorator.py took 0.110 seconds
[2024-11-09T08:55:00.855+0000] {processor.py:186} INFO - Started process (PID=357) to work on /home/airflow/.local/lib/python3.12/site-packages/airflow/example_dags/example_sensor_decorator.py
[2024-11-09T08:55:00.856+0000] {processor.py:914} INFO - Processing file /home/airflow/.local/lib/python3.12/site-packages/airflow/example_dags/example_sensor_decorator.py for tasks to queue
[2024-11-09T08:55:00.860+0000] {logging_mixin.py:190} INFO - [2024-11-09T08:55:00.859+0000] {dagbag.py:588} INFO - Filling up the DagBag from /home/airflow/.local/lib/python3.12/site-packages/airflow/example_dags/example_sensor_decorator.py
[2024-11-09T08:55:00.871+0000] {processor.py:925} INFO - DAG(s) 'example_sensor_decorator' retrieved from /home/airflow/.local/lib/python3.12/site-packages/airflow/example_dags/example_sensor_decorator.py
[2024-11-09T08:55:00.895+0000] {logging_mixin.py:190} INFO - [2024-11-09T08:55:00.895+0000] {dag.py:3239} INFO - Sync 1 DAGs
[2024-11-09T08:55:00.915+0000] {logging_mixin.py:190} INFO - [2024-11-09T08:55:00.915+0000] {dag.py:4180} INFO - Setting next_dagrun for example_sensor_decorator to None, run_after=None
[2024-11-09T08:55:00.944+0000] {processor.py:208} INFO - Processing /home/airflow/.local/lib/python3.12/site-packages/airflow/example_dags/example_sensor_decorator.py took 0.096 seconds
[2024-11-09T08:55:32.938+0000] {processor.py:186} INFO - Started process (PID=420) to work on /home/airflow/.local/lib/python3.12/site-packages/airflow/example_dags/example_sensor_decorator.py
[2024-11-09T08:55:32.939+0000] {processor.py:914} INFO - Processing file /home/airflow/.local/lib/python3.12/site-packages/airflow/example_dags/example_sensor_decorator.py for tasks to queue
[2024-11-09T08:55:32.942+0000] {logging_mixin.py:190} INFO - [2024-11-09T08:55:32.942+0000] {dagbag.py:588} INFO - Filling up the DagBag from /home/airflow/.local/lib/python3.12/site-packages/airflow/example_dags/example_sensor_decorator.py
[2024-11-09T08:55:32.951+0000] {processor.py:925} INFO - DAG(s) 'example_sensor_decorator' retrieved from /home/airflow/.local/lib/python3.12/site-packages/airflow/example_dags/example_sensor_decorator.py
[2024-11-09T08:55:32.972+0000] {logging_mixin.py:190} INFO - [2024-11-09T08:55:32.972+0000] {dag.py:3239} INFO - Sync 1 DAGs
[2024-11-09T08:55:32.988+0000] {logging_mixin.py:190} INFO - [2024-11-09T08:55:32.988+0000] {dag.py:4180} INFO - Setting next_dagrun for example_sensor_decorator to None, run_after=None
[2024-11-09T08:55:33.012+0000] {processor.py:208} INFO - Processing /home/airflow/.local/lib/python3.12/site-packages/airflow/example_dags/example_sensor_decorator.py took 0.081 seconds
[2024-11-09T08:56:04.666+0000] {processor.py:186} INFO - Started process (PID=484) to work on /home/airflow/.local/lib/python3.12/site-packages/airflow/example_dags/example_sensor_decorator.py
[2024-11-09T08:56:04.668+0000] {processor.py:914} INFO - Processing file /home/airflow/.local/lib/python3.12/site-packages/airflow/example_dags/example_sensor_decorator.py for tasks to queue
[2024-11-09T08:56:04.671+0000] {logging_mixin.py:190} INFO - [2024-11-09T08:56:04.671+0000] {dagbag.py:588} INFO - Filling up the DagBag from /home/airflow/.local/lib/python3.12/site-packages/airflow/example_dags/example_sensor_decorator.py
[2024-11-09T08:56:04.682+0000] {processor.py:925} INFO - DAG(s) 'example_sensor_decorator' retrieved from /home/airflow/.local/lib/python3.12/site-packages/airflow/example_dags/example_sensor_decorator.py
[2024-11-09T08:56:04.705+0000] {logging_mixin.py:190} INFO - [2024-11-09T08:56:04.705+0000] {dag.py:3239} INFO - Sync 1 DAGs
[2024-11-09T08:56:04.722+0000] {logging_mixin.py:190} INFO - [2024-11-09T08:56:04.722+0000] {dag.py:4180} INFO - Setting next_dagrun for example_sensor_decorator to None, run_after=None
[2024-11-09T08:56:04.969+0000] {processor.py:208} INFO - Processing /home/airflow/.local/lib/python3.12/site-packages/airflow/example_dags/example_sensor_decorator.py took 0.310 seconds
[2024-11-09T08:56:37.289+0000] {processor.py:186} INFO - Started process (PID=548) to work on /home/airflow/.local/lib/python3.12/site-packages/airflow/example_dags/example_sensor_decorator.py
[2024-11-09T08:56:37.291+0000] {processor.py:914} INFO - Processing file /home/airflow/.local/lib/python3.12/site-packages/airflow/example_dags/example_sensor_decorator.py for tasks to queue
[2024-11-09T08:56:37.294+0000] {logging_mixin.py:190} INFO - [2024-11-09T08:56:37.294+0000] {dagbag.py:588} INFO - Filling up the DagBag from /home/airflow/.local/lib/python3.12/site-packages/airflow/example_dags/example_sensor_decorator.py
[2024-11-09T08:56:37.311+0000] {processor.py:925} INFO - DAG(s) 'example_sensor_decorator' retrieved from /home/airflow/.local/lib/python3.12/site-packages/airflow/example_dags/example_sensor_decorator.py
[2024-11-09T08:56:37.340+0000] {logging_mixin.py:190} INFO - [2024-11-09T08:56:37.340+0000] {dag.py:3239} INFO - Sync 1 DAGs
[2024-11-09T08:56:37.392+0000] {logging_mixin.py:190} INFO - [2024-11-09T08:56:37.392+0000] {dag.py:4180} INFO - Setting next_dagrun for example_sensor_decorator to None, run_after=None
[2024-11-09T08:56:37.525+0000] {processor.py:208} INFO - Processing /home/airflow/.local/lib/python3.12/site-packages/airflow/example_dags/example_sensor_decorator.py took 0.249 seconds
[2024-11-09T08:57:07.922+0000] {processor.py:186} INFO - Started process (PID=612) to work on /home/airflow/.local/lib/python3.12/site-packages/airflow/example_dags/example_sensor_decorator.py
[2024-11-09T08:57:07.923+0000] {processor.py:914} INFO - Processing file /home/airflow/.local/lib/python3.12/site-packages/airflow/example_dags/example_sensor_decorator.py for tasks to queue
[2024-11-09T08:57:07.926+0000] {logging_mixin.py:190} INFO - [2024-11-09T08:57:07.926+0000] {dagbag.py:588} INFO - Filling up the DagBag from /home/airflow/.local/lib/python3.12/site-packages/airflow/example_dags/example_sensor_decorator.py
[2024-11-09T08:57:07.936+0000] {processor.py:925} INFO - DAG(s) 'example_sensor_decorator' retrieved from /home/airflow/.local/lib/python3.12/site-packages/airflow/example_dags/example_sensor_decorator.py
[2024-11-09T08:57:07.958+0000] {logging_mixin.py:190} INFO - [2024-11-09T08:57:07.957+0000] {dag.py:3239} INFO - Sync 1 DAGs
[2024-11-09T08:57:07.974+0000] {logging_mixin.py:190} INFO - [2024-11-09T08:57:07.974+0000] {dag.py:4180} INFO - Setting next_dagrun for example_sensor_decorator to None, run_after=None
[2024-11-09T08:57:08.184+0000] {processor.py:208} INFO - Processing /home/airflow/.local/lib/python3.12/site-packages/airflow/example_dags/example_sensor_decorator.py took 0.269 seconds
[2024-11-09T08:57:38.855+0000] {processor.py:186} INFO - Started process (PID=676) to work on /home/airflow/.local/lib/python3.12/site-packages/airflow/example_dags/example_sensor_decorator.py
[2024-11-09T08:57:38.856+0000] {processor.py:914} INFO - Processing file /home/airflow/.local/lib/python3.12/site-packages/airflow/example_dags/example_sensor_decorator.py for tasks to queue
[2024-11-09T08:57:38.859+0000] {logging_mixin.py:190} INFO - [2024-11-09T08:57:38.859+0000] {dagbag.py:588} INFO - Filling up the DagBag from /home/airflow/.local/lib/python3.12/site-packages/airflow/example_dags/example_sensor_decorator.py
[2024-11-09T08:57:38.869+0000] {processor.py:925} INFO - DAG(s) 'example_sensor_decorator' retrieved from /home/airflow/.local/lib/python3.12/site-packages/airflow/example_dags/example_sensor_decorator.py
[2024-11-09T08:57:38.891+0000] {logging_mixin.py:190} INFO - [2024-11-09T08:57:38.890+0000] {dag.py:3239} INFO - Sync 1 DAGs
[2024-11-09T08:57:38.909+0000] {logging_mixin.py:190} INFO - [2024-11-09T08:57:38.908+0000] {dag.py:4180} INFO - Setting next_dagrun for example_sensor_decorator to None, run_after=None
[2024-11-09T08:57:38.936+0000] {processor.py:208} INFO - Processing /home/airflow/.local/lib/python3.12/site-packages/airflow/example_dags/example_sensor_decorator.py took 0.088 seconds
[2024-11-09T08:58:09.337+0000] {processor.py:186} INFO - Started process (PID=740) to work on /home/airflow/.local/lib/python3.12/site-packages/airflow/example_dags/example_sensor_decorator.py
[2024-11-09T08:58:09.338+0000] {processor.py:914} INFO - Processing file /home/airflow/.local/lib/python3.12/site-packages/airflow/example_dags/example_sensor_decorator.py for tasks to queue
[2024-11-09T08:58:09.342+0000] {logging_mixin.py:190} INFO - [2024-11-09T08:58:09.342+0000] {dagbag.py:588} INFO - Filling up the DagBag from /home/airflow/.local/lib/python3.12/site-packages/airflow/example_dags/example_sensor_decorator.py
[2024-11-09T08:58:09.354+0000] {processor.py:925} INFO - DAG(s) 'example_sensor_decorator' retrieved from /home/airflow/.local/lib/python3.12/site-packages/airflow/example_dags/example_sensor_decorator.py
[2024-11-09T08:58:09.403+0000] {logging_mixin.py:190} INFO - [2024-11-09T08:58:09.402+0000] {dag.py:3239} INFO - Sync 1 DAGs
[2024-11-09T08:58:09.429+0000] {logging_mixin.py:190} INFO - [2024-11-09T08:58:09.429+0000] {dag.py:4180} INFO - Setting next_dagrun for example_sensor_decorator to None, run_after=None
[2024-11-09T08:58:09.491+0000] {processor.py:208} INFO - Processing /home/airflow/.local/lib/python3.12/site-packages/airflow/example_dags/example_sensor_decorator.py took 0.162 seconds
[2024-11-09T08:58:39.948+0000] {processor.py:186} INFO - Started process (PID=802) to work on /home/airflow/.local/lib/python3.12/site-packages/airflow/example_dags/example_sensor_decorator.py
[2024-11-09T08:58:39.950+0000] {processor.py:914} INFO - Processing file /home/airflow/.local/lib/python3.12/site-packages/airflow/example_dags/example_sensor_decorator.py for tasks to queue
[2024-11-09T08:58:39.952+0000] {logging_mixin.py:190} INFO - [2024-11-09T08:58:39.952+0000] {dagbag.py:588} INFO - Filling up the DagBag from /home/airflow/.local/lib/python3.12/site-packages/airflow/example_dags/example_sensor_decorator.py
[2024-11-09T08:58:39.973+0000] {processor.py:925} INFO - DAG(s) 'example_sensor_decorator' retrieved from /home/airflow/.local/lib/python3.12/site-packages/airflow/example_dags/example_sensor_decorator.py
[2024-11-09T08:58:39.996+0000] {logging_mixin.py:190} INFO - [2024-11-09T08:58:39.996+0000] {dag.py:3239} INFO - Sync 1 DAGs
[2024-11-09T08:58:40.079+0000] {logging_mixin.py:190} INFO - [2024-11-09T08:58:40.078+0000] {dag.py:4180} INFO - Setting next_dagrun for example_sensor_decorator to None, run_after=None
[2024-11-09T08:58:40.368+0000] {processor.py:208} INFO - Processing /home/airflow/.local/lib/python3.12/site-packages/airflow/example_dags/example_sensor_decorator.py took 0.426 seconds
[2024-11-09T10:15:40.584+0000] {processor.py:186} INFO - Started process (PID=88) to work on /home/airflow/.local/lib/python3.12/site-packages/airflow/example_dags/example_sensor_decorator.py
[2024-11-09T10:15:40.586+0000] {processor.py:914} INFO - Processing file /home/airflow/.local/lib/python3.12/site-packages/airflow/example_dags/example_sensor_decorator.py for tasks to queue
[2024-11-09T10:15:40.588+0000] {logging_mixin.py:190} INFO - [2024-11-09T10:15:40.588+0000] {dagbag.py:588} INFO - Filling up the DagBag from /home/airflow/.local/lib/python3.12/site-packages/airflow/example_dags/example_sensor_decorator.py
[2024-11-09T10:15:40.598+0000] {processor.py:925} INFO - DAG(s) 'example_sensor_decorator' retrieved from /home/airflow/.local/lib/python3.12/site-packages/airflow/example_dags/example_sensor_decorator.py
[2024-11-09T10:15:40.623+0000] {logging_mixin.py:190} INFO - [2024-11-09T10:15:40.623+0000] {dag.py:3239} INFO - Sync 1 DAGs
[2024-11-09T10:15:40.639+0000] {logging_mixin.py:190} INFO - [2024-11-09T10:15:40.639+0000] {dag.py:4180} INFO - Setting next_dagrun for example_sensor_decorator to None, run_after=None
[2024-11-09T10:15:40.666+0000] {processor.py:208} INFO - Processing /home/airflow/.local/lib/python3.12/site-packages/airflow/example_dags/example_sensor_decorator.py took 0.089 seconds
[2024-11-09T10:16:12.444+0000] {processor.py:186} INFO - Started process (PID=153) to work on /home/airflow/.local/lib/python3.12/site-packages/airflow/example_dags/example_sensor_decorator.py
[2024-11-09T10:16:12.446+0000] {processor.py:914} INFO - Processing file /home/airflow/.local/lib/python3.12/site-packages/airflow/example_dags/example_sensor_decorator.py for tasks to queue
[2024-11-09T10:16:12.449+0000] {logging_mixin.py:190} INFO - [2024-11-09T10:16:12.448+0000] {dagbag.py:588} INFO - Filling up the DagBag from /home/airflow/.local/lib/python3.12/site-packages/airflow/example_dags/example_sensor_decorator.py
[2024-11-09T10:16:12.458+0000] {processor.py:925} INFO - DAG(s) 'example_sensor_decorator' retrieved from /home/airflow/.local/lib/python3.12/site-packages/airflow/example_dags/example_sensor_decorator.py
[2024-11-09T10:16:12.488+0000] {logging_mixin.py:190} INFO - [2024-11-09T10:16:12.487+0000] {dag.py:3239} INFO - Sync 1 DAGs
[2024-11-09T10:16:12.517+0000] {logging_mixin.py:190} INFO - [2024-11-09T10:16:12.517+0000] {dag.py:4180} INFO - Setting next_dagrun for example_sensor_decorator to None, run_after=None
[2024-11-09T10:16:12.678+0000] {processor.py:208} INFO - Processing /home/airflow/.local/lib/python3.12/site-packages/airflow/example_dags/example_sensor_decorator.py took 0.242 seconds
[2024-11-09T10:16:44.793+0000] {processor.py:186} INFO - Started process (PID=217) to work on /home/airflow/.local/lib/python3.12/site-packages/airflow/example_dags/example_sensor_decorator.py
[2024-11-09T10:16:44.795+0000] {processor.py:914} INFO - Processing file /home/airflow/.local/lib/python3.12/site-packages/airflow/example_dags/example_sensor_decorator.py for tasks to queue
[2024-11-09T10:16:44.798+0000] {logging_mixin.py:190} INFO - [2024-11-09T10:16:44.798+0000] {dagbag.py:588} INFO - Filling up the DagBag from /home/airflow/.local/lib/python3.12/site-packages/airflow/example_dags/example_sensor_decorator.py
[2024-11-09T10:16:44.810+0000] {processor.py:925} INFO - DAG(s) 'example_sensor_decorator' retrieved from /home/airflow/.local/lib/python3.12/site-packages/airflow/example_dags/example_sensor_decorator.py
[2024-11-09T10:16:44.837+0000] {logging_mixin.py:190} INFO - [2024-11-09T10:16:44.836+0000] {dag.py:3239} INFO - Sync 1 DAGs
[2024-11-09T10:16:44.861+0000] {logging_mixin.py:190} INFO - [2024-11-09T10:16:44.861+0000] {dag.py:4180} INFO - Setting next_dagrun for example_sensor_decorator to None, run_after=None
[2024-11-09T10:16:45.036+0000] {processor.py:208} INFO - Processing /home/airflow/.local/lib/python3.12/site-packages/airflow/example_dags/example_sensor_decorator.py took 0.251 seconds
[2024-11-09T10:22:49.964+0000] {processor.py:186} INFO - Started process (PID=89) to work on /home/airflow/.local/lib/python3.12/site-packages/airflow/example_dags/example_sensor_decorator.py
[2024-11-09T10:22:49.966+0000] {processor.py:914} INFO - Processing file /home/airflow/.local/lib/python3.12/site-packages/airflow/example_dags/example_sensor_decorator.py for tasks to queue
[2024-11-09T10:22:49.970+0000] {logging_mixin.py:190} INFO - [2024-11-09T10:22:49.970+0000] {dagbag.py:588} INFO - Filling up the DagBag from /home/airflow/.local/lib/python3.12/site-packages/airflow/example_dags/example_sensor_decorator.py
[2024-11-09T10:22:50.006+0000] {processor.py:925} INFO - DAG(s) 'example_sensor_decorator' retrieved from /home/airflow/.local/lib/python3.12/site-packages/airflow/example_dags/example_sensor_decorator.py
[2024-11-09T10:22:50.044+0000] {logging_mixin.py:190} INFO - [2024-11-09T10:22:50.043+0000] {dag.py:3239} INFO - Sync 1 DAGs
[2024-11-09T10:22:50.070+0000] {logging_mixin.py:190} INFO - [2024-11-09T10:22:50.069+0000] {dag.py:4180} INFO - Setting next_dagrun for example_sensor_decorator to None, run_after=None
[2024-11-09T10:22:50.099+0000] {processor.py:208} INFO - Processing /home/airflow/.local/lib/python3.12/site-packages/airflow/example_dags/example_sensor_decorator.py took 0.153 seconds
[2024-11-09T10:23:21.308+0000] {processor.py:186} INFO - Started process (PID=153) to work on /home/airflow/.local/lib/python3.12/site-packages/airflow/example_dags/example_sensor_decorator.py
[2024-11-09T10:23:21.309+0000] {processor.py:914} INFO - Processing file /home/airflow/.local/lib/python3.12/site-packages/airflow/example_dags/example_sensor_decorator.py for tasks to queue
[2024-11-09T10:23:21.313+0000] {logging_mixin.py:190} INFO - [2024-11-09T10:23:21.312+0000] {dagbag.py:588} INFO - Filling up the DagBag from /home/airflow/.local/lib/python3.12/site-packages/airflow/example_dags/example_sensor_decorator.py
[2024-11-09T10:23:21.324+0000] {processor.py:925} INFO - DAG(s) 'example_sensor_decorator' retrieved from /home/airflow/.local/lib/python3.12/site-packages/airflow/example_dags/example_sensor_decorator.py
[2024-11-09T10:23:21.349+0000] {logging_mixin.py:190} INFO - [2024-11-09T10:23:21.348+0000] {dag.py:3239} INFO - Sync 1 DAGs
[2024-11-09T10:23:21.368+0000] {logging_mixin.py:190} INFO - [2024-11-09T10:23:21.367+0000] {dag.py:4180} INFO - Setting next_dagrun for example_sensor_decorator to None, run_after=None
[2024-11-09T10:23:21.395+0000] {processor.py:208} INFO - Processing /home/airflow/.local/lib/python3.12/site-packages/airflow/example_dags/example_sensor_decorator.py took 0.097 seconds
[2024-11-09T10:23:51.932+0000] {processor.py:186} INFO - Started process (PID=217) to work on /home/airflow/.local/lib/python3.12/site-packages/airflow/example_dags/example_sensor_decorator.py
[2024-11-09T10:23:51.935+0000] {processor.py:914} INFO - Processing file /home/airflow/.local/lib/python3.12/site-packages/airflow/example_dags/example_sensor_decorator.py for tasks to queue
[2024-11-09T10:23:51.946+0000] {logging_mixin.py:190} INFO - [2024-11-09T10:23:51.946+0000] {dagbag.py:588} INFO - Filling up the DagBag from /home/airflow/.local/lib/python3.12/site-packages/airflow/example_dags/example_sensor_decorator.py
[2024-11-09T10:23:51.964+0000] {processor.py:925} INFO - DAG(s) 'example_sensor_decorator' retrieved from /home/airflow/.local/lib/python3.12/site-packages/airflow/example_dags/example_sensor_decorator.py
[2024-11-09T10:23:51.991+0000] {logging_mixin.py:190} INFO - [2024-11-09T10:23:51.990+0000] {dag.py:3239} INFO - Sync 1 DAGs
[2024-11-09T10:23:52.009+0000] {logging_mixin.py:190} INFO - [2024-11-09T10:23:52.008+0000] {dag.py:4180} INFO - Setting next_dagrun for example_sensor_decorator to None, run_after=None
[2024-11-09T10:23:52.077+0000] {processor.py:208} INFO - Processing /home/airflow/.local/lib/python3.12/site-packages/airflow/example_dags/example_sensor_decorator.py took 0.155 seconds
[2024-11-09T10:24:22.480+0000] {processor.py:186} INFO - Started process (PID=280) to work on /home/airflow/.local/lib/python3.12/site-packages/airflow/example_dags/example_sensor_decorator.py
[2024-11-09T10:24:22.481+0000] {processor.py:914} INFO - Processing file /home/airflow/.local/lib/python3.12/site-packages/airflow/example_dags/example_sensor_decorator.py for tasks to queue
[2024-11-09T10:24:22.484+0000] {logging_mixin.py:190} INFO - [2024-11-09T10:24:22.484+0000] {dagbag.py:588} INFO - Filling up the DagBag from /home/airflow/.local/lib/python3.12/site-packages/airflow/example_dags/example_sensor_decorator.py
[2024-11-09T10:24:22.496+0000] {processor.py:925} INFO - DAG(s) 'example_sensor_decorator' retrieved from /home/airflow/.local/lib/python3.12/site-packages/airflow/example_dags/example_sensor_decorator.py
[2024-11-09T10:24:22.521+0000] {logging_mixin.py:190} INFO - [2024-11-09T10:24:22.520+0000] {dag.py:3239} INFO - Sync 1 DAGs
[2024-11-09T10:24:22.542+0000] {logging_mixin.py:190} INFO - [2024-11-09T10:24:22.542+0000] {dag.py:4180} INFO - Setting next_dagrun for example_sensor_decorator to None, run_after=None
[2024-11-09T10:24:22.578+0000] {processor.py:208} INFO - Processing /home/airflow/.local/lib/python3.12/site-packages/airflow/example_dags/example_sensor_decorator.py took 0.105 seconds
[2024-11-09T10:24:52.728+0000] {processor.py:186} INFO - Started process (PID=343) to work on /home/airflow/.local/lib/python3.12/site-packages/airflow/example_dags/example_sensor_decorator.py
[2024-11-09T10:24:52.729+0000] {processor.py:914} INFO - Processing file /home/airflow/.local/lib/python3.12/site-packages/airflow/example_dags/example_sensor_decorator.py for tasks to queue
[2024-11-09T10:24:52.732+0000] {logging_mixin.py:190} INFO - [2024-11-09T10:24:52.732+0000] {dagbag.py:588} INFO - Filling up the DagBag from /home/airflow/.local/lib/python3.12/site-packages/airflow/example_dags/example_sensor_decorator.py
[2024-11-09T10:24:52.743+0000] {processor.py:925} INFO - DAG(s) 'example_sensor_decorator' retrieved from /home/airflow/.local/lib/python3.12/site-packages/airflow/example_dags/example_sensor_decorator.py
[2024-11-09T10:24:52.770+0000] {logging_mixin.py:190} INFO - [2024-11-09T10:24:52.769+0000] {dag.py:3239} INFO - Sync 1 DAGs
[2024-11-09T10:24:52.789+0000] {logging_mixin.py:190} INFO - [2024-11-09T10:24:52.789+0000] {dag.py:4180} INFO - Setting next_dagrun for example_sensor_decorator to None, run_after=None
[2024-11-09T10:24:53.050+0000] {processor.py:208} INFO - Processing /home/airflow/.local/lib/python3.12/site-packages/airflow/example_dags/example_sensor_decorator.py took 0.329 seconds
[2024-11-09T10:25:23.876+0000] {processor.py:186} INFO - Started process (PID=407) to work on /home/airflow/.local/lib/python3.12/site-packages/airflow/example_dags/example_sensor_decorator.py
[2024-11-09T10:25:23.878+0000] {processor.py:914} INFO - Processing file /home/airflow/.local/lib/python3.12/site-packages/airflow/example_dags/example_sensor_decorator.py for tasks to queue
[2024-11-09T10:25:23.888+0000] {logging_mixin.py:190} INFO - [2024-11-09T10:25:23.888+0000] {dagbag.py:588} INFO - Filling up the DagBag from /home/airflow/.local/lib/python3.12/site-packages/airflow/example_dags/example_sensor_decorator.py
[2024-11-09T10:25:23.903+0000] {processor.py:925} INFO - DAG(s) 'example_sensor_decorator' retrieved from /home/airflow/.local/lib/python3.12/site-packages/airflow/example_dags/example_sensor_decorator.py
[2024-11-09T10:25:23.941+0000] {logging_mixin.py:190} INFO - [2024-11-09T10:25:23.940+0000] {dag.py:3239} INFO - Sync 1 DAGs
[2024-11-09T10:25:23.970+0000] {logging_mixin.py:190} INFO - [2024-11-09T10:25:23.970+0000] {dag.py:4180} INFO - Setting next_dagrun for example_sensor_decorator to None, run_after=None
[2024-11-09T10:25:24.033+0000] {processor.py:208} INFO - Processing /home/airflow/.local/lib/python3.12/site-packages/airflow/example_dags/example_sensor_decorator.py took 0.165 seconds
[2024-11-09T10:25:54.598+0000] {processor.py:186} INFO - Started process (PID=471) to work on /home/airflow/.local/lib/python3.12/site-packages/airflow/example_dags/example_sensor_decorator.py
[2024-11-09T10:25:54.599+0000] {processor.py:914} INFO - Processing file /home/airflow/.local/lib/python3.12/site-packages/airflow/example_dags/example_sensor_decorator.py for tasks to queue
[2024-11-09T10:25:54.602+0000] {logging_mixin.py:190} INFO - [2024-11-09T10:25:54.602+0000] {dagbag.py:588} INFO - Filling up the DagBag from /home/airflow/.local/lib/python3.12/site-packages/airflow/example_dags/example_sensor_decorator.py
[2024-11-09T10:25:54.611+0000] {processor.py:925} INFO - DAG(s) 'example_sensor_decorator' retrieved from /home/airflow/.local/lib/python3.12/site-packages/airflow/example_dags/example_sensor_decorator.py
[2024-11-09T10:25:54.633+0000] {logging_mixin.py:190} INFO - [2024-11-09T10:25:54.633+0000] {dag.py:3239} INFO - Sync 1 DAGs
[2024-11-09T10:25:54.650+0000] {logging_mixin.py:190} INFO - [2024-11-09T10:25:54.650+0000] {dag.py:4180} INFO - Setting next_dagrun for example_sensor_decorator to None, run_after=None
[2024-11-09T10:25:54.693+0000] {processor.py:208} INFO - Processing /home/airflow/.local/lib/python3.12/site-packages/airflow/example_dags/example_sensor_decorator.py took 0.101 seconds
[2024-11-09T10:26:25.060+0000] {processor.py:186} INFO - Started process (PID=534) to work on /home/airflow/.local/lib/python3.12/site-packages/airflow/example_dags/example_sensor_decorator.py
[2024-11-09T10:26:25.062+0000] {processor.py:914} INFO - Processing file /home/airflow/.local/lib/python3.12/site-packages/airflow/example_dags/example_sensor_decorator.py for tasks to queue
[2024-11-09T10:26:25.065+0000] {logging_mixin.py:190} INFO - [2024-11-09T10:26:25.065+0000] {dagbag.py:588} INFO - Filling up the DagBag from /home/airflow/.local/lib/python3.12/site-packages/airflow/example_dags/example_sensor_decorator.py
[2024-11-09T10:26:25.076+0000] {processor.py:925} INFO - DAG(s) 'example_sensor_decorator' retrieved from /home/airflow/.local/lib/python3.12/site-packages/airflow/example_dags/example_sensor_decorator.py
[2024-11-09T10:26:25.099+0000] {logging_mixin.py:190} INFO - [2024-11-09T10:26:25.099+0000] {dag.py:3239} INFO - Sync 1 DAGs
[2024-11-09T10:26:25.119+0000] {logging_mixin.py:190} INFO - [2024-11-09T10:26:25.118+0000] {dag.py:4180} INFO - Setting next_dagrun for example_sensor_decorator to None, run_after=None
[2024-11-09T10:26:25.144+0000] {processor.py:208} INFO - Processing /home/airflow/.local/lib/python3.12/site-packages/airflow/example_dags/example_sensor_decorator.py took 0.092 seconds
[2024-11-09T10:26:55.419+0000] {processor.py:186} INFO - Started process (PID=598) to work on /home/airflow/.local/lib/python3.12/site-packages/airflow/example_dags/example_sensor_decorator.py
[2024-11-09T10:26:55.420+0000] {processor.py:914} INFO - Processing file /home/airflow/.local/lib/python3.12/site-packages/airflow/example_dags/example_sensor_decorator.py for tasks to queue
[2024-11-09T10:26:55.423+0000] {logging_mixin.py:190} INFO - [2024-11-09T10:26:55.423+0000] {dagbag.py:588} INFO - Filling up the DagBag from /home/airflow/.local/lib/python3.12/site-packages/airflow/example_dags/example_sensor_decorator.py
[2024-11-09T10:26:55.435+0000] {processor.py:925} INFO - DAG(s) 'example_sensor_decorator' retrieved from /home/airflow/.local/lib/python3.12/site-packages/airflow/example_dags/example_sensor_decorator.py
[2024-11-09T10:26:55.459+0000] {logging_mixin.py:190} INFO - [2024-11-09T10:26:55.459+0000] {dag.py:3239} INFO - Sync 1 DAGs
[2024-11-09T10:26:55.481+0000] {logging_mixin.py:190} INFO - [2024-11-09T10:26:55.481+0000] {dag.py:4180} INFO - Setting next_dagrun for example_sensor_decorator to None, run_after=None
[2024-11-09T10:26:55.581+0000] {processor.py:208} INFO - Processing /home/airflow/.local/lib/python3.12/site-packages/airflow/example_dags/example_sensor_decorator.py took 0.172 seconds
[2024-11-09T10:27:25.736+0000] {processor.py:186} INFO - Started process (PID=662) to work on /home/airflow/.local/lib/python3.12/site-packages/airflow/example_dags/example_sensor_decorator.py
[2024-11-09T10:27:25.738+0000] {processor.py:914} INFO - Processing file /home/airflow/.local/lib/python3.12/site-packages/airflow/example_dags/example_sensor_decorator.py for tasks to queue
[2024-11-09T10:27:25.741+0000] {logging_mixin.py:190} INFO - [2024-11-09T10:27:25.741+0000] {dagbag.py:588} INFO - Filling up the DagBag from /home/airflow/.local/lib/python3.12/site-packages/airflow/example_dags/example_sensor_decorator.py
[2024-11-09T10:27:25.754+0000] {processor.py:925} INFO - DAG(s) 'example_sensor_decorator' retrieved from /home/airflow/.local/lib/python3.12/site-packages/airflow/example_dags/example_sensor_decorator.py
[2024-11-09T10:27:25.778+0000] {logging_mixin.py:190} INFO - [2024-11-09T10:27:25.777+0000] {dag.py:3239} INFO - Sync 1 DAGs
[2024-11-09T10:27:25.794+0000] {logging_mixin.py:190} INFO - [2024-11-09T10:27:25.794+0000] {dag.py:4180} INFO - Setting next_dagrun for example_sensor_decorator to None, run_after=None
[2024-11-09T10:27:25.817+0000] {processor.py:208} INFO - Processing /home/airflow/.local/lib/python3.12/site-packages/airflow/example_dags/example_sensor_decorator.py took 0.090 seconds
[2024-11-09T10:27:56.336+0000] {processor.py:186} INFO - Started process (PID=727) to work on /home/airflow/.local/lib/python3.12/site-packages/airflow/example_dags/example_sensor_decorator.py
[2024-11-09T10:27:56.337+0000] {processor.py:914} INFO - Processing file /home/airflow/.local/lib/python3.12/site-packages/airflow/example_dags/example_sensor_decorator.py for tasks to queue
[2024-11-09T10:27:56.350+0000] {logging_mixin.py:190} INFO - [2024-11-09T10:27:56.350+0000] {dagbag.py:588} INFO - Filling up the DagBag from /home/airflow/.local/lib/python3.12/site-packages/airflow/example_dags/example_sensor_decorator.py
[2024-11-09T10:27:56.372+0000] {processor.py:925} INFO - DAG(s) 'example_sensor_decorator' retrieved from /home/airflow/.local/lib/python3.12/site-packages/airflow/example_dags/example_sensor_decorator.py
[2024-11-09T10:27:56.408+0000] {logging_mixin.py:190} INFO - [2024-11-09T10:27:56.408+0000] {dag.py:3239} INFO - Sync 1 DAGs
[2024-11-09T10:27:56.427+0000] {logging_mixin.py:190} INFO - [2024-11-09T10:27:56.427+0000] {dag.py:4180} INFO - Setting next_dagrun for example_sensor_decorator to None, run_after=None
[2024-11-09T10:27:56.450+0000] {processor.py:208} INFO - Processing /home/airflow/.local/lib/python3.12/site-packages/airflow/example_dags/example_sensor_decorator.py took 0.134 seconds
[2024-11-09T10:28:27.348+0000] {processor.py:186} INFO - Started process (PID=791) to work on /home/airflow/.local/lib/python3.12/site-packages/airflow/example_dags/example_sensor_decorator.py
[2024-11-09T10:28:27.349+0000] {processor.py:914} INFO - Processing file /home/airflow/.local/lib/python3.12/site-packages/airflow/example_dags/example_sensor_decorator.py for tasks to queue
[2024-11-09T10:28:27.351+0000] {logging_mixin.py:190} INFO - [2024-11-09T10:28:27.351+0000] {dagbag.py:588} INFO - Filling up the DagBag from /home/airflow/.local/lib/python3.12/site-packages/airflow/example_dags/example_sensor_decorator.py
[2024-11-09T10:28:27.360+0000] {processor.py:925} INFO - DAG(s) 'example_sensor_decorator' retrieved from /home/airflow/.local/lib/python3.12/site-packages/airflow/example_dags/example_sensor_decorator.py
[2024-11-09T10:28:27.380+0000] {logging_mixin.py:190} INFO - [2024-11-09T10:28:27.380+0000] {dag.py:3239} INFO - Sync 1 DAGs
[2024-11-09T10:28:27.396+0000] {logging_mixin.py:190} INFO - [2024-11-09T10:28:27.396+0000] {dag.py:4180} INFO - Setting next_dagrun for example_sensor_decorator to None, run_after=None
[2024-11-09T10:28:27.419+0000] {processor.py:208} INFO - Processing /home/airflow/.local/lib/python3.12/site-packages/airflow/example_dags/example_sensor_decorator.py took 0.078 seconds
[2024-11-09T10:28:57.848+0000] {processor.py:186} INFO - Started process (PID=856) to work on /home/airflow/.local/lib/python3.12/site-packages/airflow/example_dags/example_sensor_decorator.py
[2024-11-09T10:28:57.849+0000] {processor.py:914} INFO - Processing file /home/airflow/.local/lib/python3.12/site-packages/airflow/example_dags/example_sensor_decorator.py for tasks to queue
[2024-11-09T10:28:57.852+0000] {logging_mixin.py:190} INFO - [2024-11-09T10:28:57.851+0000] {dagbag.py:588} INFO - Filling up the DagBag from /home/airflow/.local/lib/python3.12/site-packages/airflow/example_dags/example_sensor_decorator.py
[2024-11-09T10:28:57.860+0000] {processor.py:925} INFO - DAG(s) 'example_sensor_decorator' retrieved from /home/airflow/.local/lib/python3.12/site-packages/airflow/example_dags/example_sensor_decorator.py
[2024-11-09T10:28:57.880+0000] {logging_mixin.py:190} INFO - [2024-11-09T10:28:57.879+0000] {dag.py:3239} INFO - Sync 1 DAGs
[2024-11-09T10:28:57.895+0000] {logging_mixin.py:190} INFO - [2024-11-09T10:28:57.894+0000] {dag.py:4180} INFO - Setting next_dagrun for example_sensor_decorator to None, run_after=None
[2024-11-09T10:28:57.947+0000] {processor.py:208} INFO - Processing /home/airflow/.local/lib/python3.12/site-packages/airflow/example_dags/example_sensor_decorator.py took 0.105 seconds
[2024-11-09T10:29:28.157+0000] {processor.py:186} INFO - Started process (PID=920) to work on /home/airflow/.local/lib/python3.12/site-packages/airflow/example_dags/example_sensor_decorator.py
[2024-11-09T10:29:28.158+0000] {processor.py:914} INFO - Processing file /home/airflow/.local/lib/python3.12/site-packages/airflow/example_dags/example_sensor_decorator.py for tasks to queue
[2024-11-09T10:29:28.161+0000] {logging_mixin.py:190} INFO - [2024-11-09T10:29:28.161+0000] {dagbag.py:588} INFO - Filling up the DagBag from /home/airflow/.local/lib/python3.12/site-packages/airflow/example_dags/example_sensor_decorator.py
[2024-11-09T10:29:28.173+0000] {processor.py:925} INFO - DAG(s) 'example_sensor_decorator' retrieved from /home/airflow/.local/lib/python3.12/site-packages/airflow/example_dags/example_sensor_decorator.py
[2024-11-09T10:29:28.209+0000] {logging_mixin.py:190} INFO - [2024-11-09T10:29:28.208+0000] {dag.py:3239} INFO - Sync 1 DAGs
[2024-11-09T10:29:28.496+0000] {logging_mixin.py:190} INFO - [2024-11-09T10:29:28.496+0000] {dag.py:4180} INFO - Setting next_dagrun for example_sensor_decorator to None, run_after=None
[2024-11-09T10:29:29.452+0000] {processor.py:208} INFO - Processing /home/airflow/.local/lib/python3.12/site-packages/airflow/example_dags/example_sensor_decorator.py took 1.304 seconds
[2024-11-09T10:29:59.694+0000] {processor.py:186} INFO - Started process (PID=985) to work on /home/airflow/.local/lib/python3.12/site-packages/airflow/example_dags/example_sensor_decorator.py
[2024-11-09T10:29:59.695+0000] {processor.py:914} INFO - Processing file /home/airflow/.local/lib/python3.12/site-packages/airflow/example_dags/example_sensor_decorator.py for tasks to queue
[2024-11-09T10:29:59.698+0000] {logging_mixin.py:190} INFO - [2024-11-09T10:29:59.698+0000] {dagbag.py:588} INFO - Filling up the DagBag from /home/airflow/.local/lib/python3.12/site-packages/airflow/example_dags/example_sensor_decorator.py
[2024-11-09T10:29:59.709+0000] {processor.py:925} INFO - DAG(s) 'example_sensor_decorator' retrieved from /home/airflow/.local/lib/python3.12/site-packages/airflow/example_dags/example_sensor_decorator.py
[2024-11-09T10:29:59.730+0000] {logging_mixin.py:190} INFO - [2024-11-09T10:29:59.730+0000] {dag.py:3239} INFO - Sync 1 DAGs
[2024-11-09T10:29:59.745+0000] {logging_mixin.py:190} INFO - [2024-11-09T10:29:59.745+0000] {dag.py:4180} INFO - Setting next_dagrun for example_sensor_decorator to None, run_after=None
[2024-11-09T10:29:59.779+0000] {processor.py:208} INFO - Processing /home/airflow/.local/lib/python3.12/site-packages/airflow/example_dags/example_sensor_decorator.py took 0.092 seconds
[2024-11-09T10:30:30.040+0000] {processor.py:186} INFO - Started process (PID=1048) to work on /home/airflow/.local/lib/python3.12/site-packages/airflow/example_dags/example_sensor_decorator.py
[2024-11-09T10:30:30.042+0000] {processor.py:914} INFO - Processing file /home/airflow/.local/lib/python3.12/site-packages/airflow/example_dags/example_sensor_decorator.py for tasks to queue
[2024-11-09T10:30:30.045+0000] {logging_mixin.py:190} INFO - [2024-11-09T10:30:30.045+0000] {dagbag.py:588} INFO - Filling up the DagBag from /home/airflow/.local/lib/python3.12/site-packages/airflow/example_dags/example_sensor_decorator.py
[2024-11-09T10:30:30.056+0000] {processor.py:925} INFO - DAG(s) 'example_sensor_decorator' retrieved from /home/airflow/.local/lib/python3.12/site-packages/airflow/example_dags/example_sensor_decorator.py
[2024-11-09T10:30:30.077+0000] {logging_mixin.py:190} INFO - [2024-11-09T10:30:30.077+0000] {dag.py:3239} INFO - Sync 1 DAGs
[2024-11-09T10:30:30.094+0000] {logging_mixin.py:190} INFO - [2024-11-09T10:30:30.094+0000] {dag.py:4180} INFO - Setting next_dagrun for example_sensor_decorator to None, run_after=None
[2024-11-09T10:30:30.158+0000] {processor.py:208} INFO - Processing /home/airflow/.local/lib/python3.12/site-packages/airflow/example_dags/example_sensor_decorator.py took 0.127 seconds
[2024-11-09T10:31:00.828+0000] {processor.py:186} INFO - Started process (PID=1112) to work on /home/airflow/.local/lib/python3.12/site-packages/airflow/example_dags/example_sensor_decorator.py
[2024-11-09T10:31:00.830+0000] {processor.py:914} INFO - Processing file /home/airflow/.local/lib/python3.12/site-packages/airflow/example_dags/example_sensor_decorator.py for tasks to queue
[2024-11-09T10:31:00.833+0000] {logging_mixin.py:190} INFO - [2024-11-09T10:31:00.832+0000] {dagbag.py:588} INFO - Filling up the DagBag from /home/airflow/.local/lib/python3.12/site-packages/airflow/example_dags/example_sensor_decorator.py
[2024-11-09T10:31:00.847+0000] {processor.py:925} INFO - DAG(s) 'example_sensor_decorator' retrieved from /home/airflow/.local/lib/python3.12/site-packages/airflow/example_dags/example_sensor_decorator.py
[2024-11-09T10:31:00.875+0000] {logging_mixin.py:190} INFO - [2024-11-09T10:31:00.875+0000] {dag.py:3239} INFO - Sync 1 DAGs
[2024-11-09T10:31:00.899+0000] {logging_mixin.py:190} INFO - [2024-11-09T10:31:00.898+0000] {dag.py:4180} INFO - Setting next_dagrun for example_sensor_decorator to None, run_after=None
[2024-11-09T10:31:00.977+0000] {processor.py:208} INFO - Processing /home/airflow/.local/lib/python3.12/site-packages/airflow/example_dags/example_sensor_decorator.py took 0.156 seconds
[2024-11-09T10:31:31.943+0000] {processor.py:186} INFO - Started process (PID=1176) to work on /home/airflow/.local/lib/python3.12/site-packages/airflow/example_dags/example_sensor_decorator.py
[2024-11-09T10:31:31.944+0000] {processor.py:914} INFO - Processing file /home/airflow/.local/lib/python3.12/site-packages/airflow/example_dags/example_sensor_decorator.py for tasks to queue
[2024-11-09T10:31:31.947+0000] {logging_mixin.py:190} INFO - [2024-11-09T10:31:31.947+0000] {dagbag.py:588} INFO - Filling up the DagBag from /home/airflow/.local/lib/python3.12/site-packages/airflow/example_dags/example_sensor_decorator.py
[2024-11-09T10:31:31.956+0000] {processor.py:925} INFO - DAG(s) 'example_sensor_decorator' retrieved from /home/airflow/.local/lib/python3.12/site-packages/airflow/example_dags/example_sensor_decorator.py
[2024-11-09T10:31:31.978+0000] {logging_mixin.py:190} INFO - [2024-11-09T10:31:31.978+0000] {dag.py:3239} INFO - Sync 1 DAGs
[2024-11-09T10:31:31.998+0000] {logging_mixin.py:190} INFO - [2024-11-09T10:31:31.997+0000] {dag.py:4180} INFO - Setting next_dagrun for example_sensor_decorator to None, run_after=None
[2024-11-09T10:31:32.054+0000] {processor.py:208} INFO - Processing /home/airflow/.local/lib/python3.12/site-packages/airflow/example_dags/example_sensor_decorator.py took 0.119 seconds
[2024-11-09T10:32:02.380+0000] {processor.py:186} INFO - Started process (PID=1242) to work on /home/airflow/.local/lib/python3.12/site-packages/airflow/example_dags/example_sensor_decorator.py
[2024-11-09T10:32:02.381+0000] {processor.py:914} INFO - Processing file /home/airflow/.local/lib/python3.12/site-packages/airflow/example_dags/example_sensor_decorator.py for tasks to queue
[2024-11-09T10:32:02.384+0000] {logging_mixin.py:190} INFO - [2024-11-09T10:32:02.384+0000] {dagbag.py:588} INFO - Filling up the DagBag from /home/airflow/.local/lib/python3.12/site-packages/airflow/example_dags/example_sensor_decorator.py
[2024-11-09T10:32:02.397+0000] {processor.py:925} INFO - DAG(s) 'example_sensor_decorator' retrieved from /home/airflow/.local/lib/python3.12/site-packages/airflow/example_dags/example_sensor_decorator.py
[2024-11-09T10:32:02.422+0000] {logging_mixin.py:190} INFO - [2024-11-09T10:32:02.421+0000] {dag.py:3239} INFO - Sync 1 DAGs
[2024-11-09T10:32:02.440+0000] {logging_mixin.py:190} INFO - [2024-11-09T10:32:02.440+0000] {dag.py:4180} INFO - Setting next_dagrun for example_sensor_decorator to None, run_after=None
[2024-11-09T10:32:02.935+0000] {processor.py:208} INFO - Processing /home/airflow/.local/lib/python3.12/site-packages/airflow/example_dags/example_sensor_decorator.py took 0.564 seconds
[2024-11-09T10:32:33.611+0000] {processor.py:186} INFO - Started process (PID=1306) to work on /home/airflow/.local/lib/python3.12/site-packages/airflow/example_dags/example_sensor_decorator.py
[2024-11-09T10:32:33.612+0000] {processor.py:914} INFO - Processing file /home/airflow/.local/lib/python3.12/site-packages/airflow/example_dags/example_sensor_decorator.py for tasks to queue
[2024-11-09T10:32:33.615+0000] {logging_mixin.py:190} INFO - [2024-11-09T10:32:33.615+0000] {dagbag.py:588} INFO - Filling up the DagBag from /home/airflow/.local/lib/python3.12/site-packages/airflow/example_dags/example_sensor_decorator.py
[2024-11-09T10:32:33.902+0000] {processor.py:925} INFO - DAG(s) 'example_sensor_decorator' retrieved from /home/airflow/.local/lib/python3.12/site-packages/airflow/example_dags/example_sensor_decorator.py
[2024-11-09T10:32:33.929+0000] {logging_mixin.py:190} INFO - [2024-11-09T10:32:33.929+0000] {dag.py:3239} INFO - Sync 1 DAGs
[2024-11-09T10:32:33.957+0000] {logging_mixin.py:190} INFO - [2024-11-09T10:32:33.956+0000] {dag.py:4180} INFO - Setting next_dagrun for example_sensor_decorator to None, run_after=None
[2024-11-09T10:32:34.322+0000] {processor.py:208} INFO - Processing /home/airflow/.local/lib/python3.12/site-packages/airflow/example_dags/example_sensor_decorator.py took 0.717 seconds
[2024-11-09T10:53:09.378+0000] {processor.py:186} INFO - Started process (PID=85) to work on /home/airflow/.local/lib/python3.12/site-packages/airflow/example_dags/example_sensor_decorator.py
[2024-11-09T10:53:09.381+0000] {processor.py:914} INFO - Processing file /home/airflow/.local/lib/python3.12/site-packages/airflow/example_dags/example_sensor_decorator.py for tasks to queue
[2024-11-09T10:53:09.385+0000] {logging_mixin.py:190} INFO - [2024-11-09T10:53:09.384+0000] {dagbag.py:588} INFO - Filling up the DagBag from /home/airflow/.local/lib/python3.12/site-packages/airflow/example_dags/example_sensor_decorator.py
[2024-11-09T10:53:09.404+0000] {processor.py:925} INFO - DAG(s) 'example_sensor_decorator' retrieved from /home/airflow/.local/lib/python3.12/site-packages/airflow/example_dags/example_sensor_decorator.py
[2024-11-09T10:53:09.440+0000] {logging_mixin.py:190} INFO - [2024-11-09T10:53:09.440+0000] {dag.py:3239} INFO - Sync 1 DAGs
[2024-11-09T10:53:09.461+0000] {logging_mixin.py:190} INFO - [2024-11-09T10:53:09.461+0000] {dag.py:4180} INFO - Setting next_dagrun for example_sensor_decorator to None, run_after=None
[2024-11-09T10:53:09.488+0000] {processor.py:208} INFO - Processing /home/airflow/.local/lib/python3.12/site-packages/airflow/example_dags/example_sensor_decorator.py took 0.121 seconds
