[2024-11-09T08:52:48.460+0000] {processor.py:186} INFO - Started process (PID=96) to work on /home/airflow/.local/lib/python3.12/site-packages/airflow/example_dags/example_latest_only_with_trigger.py
[2024-11-09T08:52:48.461+0000] {processor.py:914} INFO - Processing file /home/airflow/.local/lib/python3.12/site-packages/airflow/example_dags/example_latest_only_with_trigger.py for tasks to queue
[2024-11-09T08:52:48.465+0000] {logging_mixin.py:190} INFO - [2024-11-09T08:52:48.464+0000] {dagbag.py:588} INFO - Filling up the DagBag from /home/airflow/.local/lib/python3.12/site-packages/airflow/example_dags/example_latest_only_with_trigger.py
[2024-11-09T08:52:48.479+0000] {processor.py:925} INFO - DAG(s) 'latest_only_with_trigger' retrieved from /home/airflow/.local/lib/python3.12/site-packages/airflow/example_dags/example_latest_only_with_trigger.py
[2024-11-09T08:52:48.513+0000] {logging_mixin.py:190} INFO - [2024-11-09T08:52:48.512+0000] {dag.py:3239} INFO - Sync 1 DAGs
[2024-11-09T08:52:48.548+0000] {logging_mixin.py:190} INFO - [2024-11-09T08:52:48.547+0000] {dag.py:4180} INFO - Setting next_dagrun for latest_only_with_trigger to 2024-11-09 04:00:00+00:00, run_after=2024-11-09 08:00:00+00:00
[2024-11-09T08:52:48.592+0000] {processor.py:208} INFO - Processing /home/airflow/.local/lib/python3.12/site-packages/airflow/example_dags/example_latest_only_with_trigger.py took 0.139 seconds
[2024-11-09T08:53:23.638+0000] {processor.py:186} INFO - Started process (PID=160) to work on /home/airflow/.local/lib/python3.12/site-packages/airflow/example_dags/example_latest_only_with_trigger.py
[2024-11-09T08:53:23.651+0000] {processor.py:914} INFO - Processing file /home/airflow/.local/lib/python3.12/site-packages/airflow/example_dags/example_latest_only_with_trigger.py for tasks to queue
[2024-11-09T08:53:23.654+0000] {logging_mixin.py:190} INFO - [2024-11-09T08:53:23.654+0000] {dagbag.py:588} INFO - Filling up the DagBag from /home/airflow/.local/lib/python3.12/site-packages/airflow/example_dags/example_latest_only_with_trigger.py
[2024-11-09T08:53:23.675+0000] {processor.py:925} INFO - DAG(s) 'latest_only_with_trigger' retrieved from /home/airflow/.local/lib/python3.12/site-packages/airflow/example_dags/example_latest_only_with_trigger.py
[2024-11-09T08:53:23.740+0000] {logging_mixin.py:190} INFO - [2024-11-09T08:53:23.739+0000] {dag.py:3239} INFO - Sync 1 DAGs
[2024-11-09T08:53:23.832+0000] {logging_mixin.py:190} INFO - [2024-11-09T08:53:23.832+0000] {dag.py:4180} INFO - Setting next_dagrun for latest_only_with_trigger to 2024-11-09 04:00:00+00:00, run_after=2024-11-09 08:00:00+00:00
[2024-11-09T08:53:23.878+0000] {processor.py:208} INFO - Processing /home/airflow/.local/lib/python3.12/site-packages/airflow/example_dags/example_latest_only_with_trigger.py took 0.248 seconds
[2024-11-09T08:53:55.039+0000] {processor.py:186} INFO - Started process (PID=224) to work on /home/airflow/.local/lib/python3.12/site-packages/airflow/example_dags/example_latest_only_with_trigger.py
[2024-11-09T08:53:55.040+0000] {processor.py:914} INFO - Processing file /home/airflow/.local/lib/python3.12/site-packages/airflow/example_dags/example_latest_only_with_trigger.py for tasks to queue
[2024-11-09T08:53:55.044+0000] {logging_mixin.py:190} INFO - [2024-11-09T08:53:55.043+0000] {dagbag.py:588} INFO - Filling up the DagBag from /home/airflow/.local/lib/python3.12/site-packages/airflow/example_dags/example_latest_only_with_trigger.py
[2024-11-09T08:53:55.055+0000] {processor.py:925} INFO - DAG(s) 'latest_only_with_trigger' retrieved from /home/airflow/.local/lib/python3.12/site-packages/airflow/example_dags/example_latest_only_with_trigger.py
[2024-11-09T08:53:55.087+0000] {logging_mixin.py:190} INFO - [2024-11-09T08:53:55.086+0000] {dag.py:3239} INFO - Sync 1 DAGs
[2024-11-09T08:53:55.125+0000] {logging_mixin.py:190} INFO - [2024-11-09T08:53:55.125+0000] {dag.py:4180} INFO - Setting next_dagrun for latest_only_with_trigger to 2024-11-09 04:00:00+00:00, run_after=2024-11-09 08:00:00+00:00
[2024-11-09T08:53:55.156+0000] {processor.py:208} INFO - Processing /home/airflow/.local/lib/python3.12/site-packages/airflow/example_dags/example_latest_only_with_trigger.py took 0.125 seconds
[2024-11-09T08:54:28.985+0000] {processor.py:186} INFO - Started process (PID=288) to work on /home/airflow/.local/lib/python3.12/site-packages/airflow/example_dags/example_latest_only_with_trigger.py
[2024-11-09T08:54:28.986+0000] {processor.py:914} INFO - Processing file /home/airflow/.local/lib/python3.12/site-packages/airflow/example_dags/example_latest_only_with_trigger.py for tasks to queue
[2024-11-09T08:54:28.990+0000] {logging_mixin.py:190} INFO - [2024-11-09T08:54:28.989+0000] {dagbag.py:588} INFO - Filling up the DagBag from /home/airflow/.local/lib/python3.12/site-packages/airflow/example_dags/example_latest_only_with_trigger.py
[2024-11-09T08:54:29.001+0000] {processor.py:925} INFO - DAG(s) 'latest_only_with_trigger' retrieved from /home/airflow/.local/lib/python3.12/site-packages/airflow/example_dags/example_latest_only_with_trigger.py
[2024-11-09T08:54:29.037+0000] {logging_mixin.py:190} INFO - [2024-11-09T08:54:29.036+0000] {dag.py:3239} INFO - Sync 1 DAGs
[2024-11-09T08:54:29.075+0000] {logging_mixin.py:190} INFO - [2024-11-09T08:54:29.074+0000] {dag.py:4180} INFO - Setting next_dagrun for latest_only_with_trigger to 2024-11-09 04:00:00+00:00, run_after=2024-11-09 08:00:00+00:00
[2024-11-09T08:54:29.116+0000] {processor.py:208} INFO - Processing /home/airflow/.local/lib/python3.12/site-packages/airflow/example_dags/example_latest_only_with_trigger.py took 0.140 seconds
[2024-11-09T08:55:00.566+0000] {processor.py:186} INFO - Started process (PID=353) to work on /home/airflow/.local/lib/python3.12/site-packages/airflow/example_dags/example_latest_only_with_trigger.py
[2024-11-09T08:55:00.568+0000] {processor.py:914} INFO - Processing file /home/airflow/.local/lib/python3.12/site-packages/airflow/example_dags/example_latest_only_with_trigger.py for tasks to queue
[2024-11-09T08:55:00.571+0000] {logging_mixin.py:190} INFO - [2024-11-09T08:55:00.571+0000] {dagbag.py:588} INFO - Filling up the DagBag from /home/airflow/.local/lib/python3.12/site-packages/airflow/example_dags/example_latest_only_with_trigger.py
[2024-11-09T08:55:00.585+0000] {processor.py:925} INFO - DAG(s) 'latest_only_with_trigger' retrieved from /home/airflow/.local/lib/python3.12/site-packages/airflow/example_dags/example_latest_only_with_trigger.py
[2024-11-09T08:55:00.620+0000] {logging_mixin.py:190} INFO - [2024-11-09T08:55:00.620+0000] {dag.py:3239} INFO - Sync 1 DAGs
[2024-11-09T08:55:00.661+0000] {logging_mixin.py:190} INFO - [2024-11-09T08:55:00.661+0000] {dag.py:4180} INFO - Setting next_dagrun for latest_only_with_trigger to 2024-11-09 04:00:00+00:00, run_after=2024-11-09 08:00:00+00:00
[2024-11-09T08:55:00.685+0000] {processor.py:208} INFO - Processing /home/airflow/.local/lib/python3.12/site-packages/airflow/example_dags/example_latest_only_with_trigger.py took 0.127 seconds
[2024-11-09T08:55:32.465+0000] {processor.py:186} INFO - Started process (PID=416) to work on /home/airflow/.local/lib/python3.12/site-packages/airflow/example_dags/example_latest_only_with_trigger.py
[2024-11-09T08:55:32.466+0000] {processor.py:914} INFO - Processing file /home/airflow/.local/lib/python3.12/site-packages/airflow/example_dags/example_latest_only_with_trigger.py for tasks to queue
[2024-11-09T08:55:32.469+0000] {logging_mixin.py:190} INFO - [2024-11-09T08:55:32.469+0000] {dagbag.py:588} INFO - Filling up the DagBag from /home/airflow/.local/lib/python3.12/site-packages/airflow/example_dags/example_latest_only_with_trigger.py
[2024-11-09T08:55:32.479+0000] {processor.py:925} INFO - DAG(s) 'latest_only_with_trigger' retrieved from /home/airflow/.local/lib/python3.12/site-packages/airflow/example_dags/example_latest_only_with_trigger.py
[2024-11-09T08:55:32.506+0000] {logging_mixin.py:190} INFO - [2024-11-09T08:55:32.506+0000] {dag.py:3239} INFO - Sync 1 DAGs
[2024-11-09T08:55:32.540+0000] {logging_mixin.py:190} INFO - [2024-11-09T08:55:32.539+0000] {dag.py:4180} INFO - Setting next_dagrun for latest_only_with_trigger to 2024-11-09 04:00:00+00:00, run_after=2024-11-09 08:00:00+00:00
[2024-11-09T08:55:32.579+0000] {processor.py:208} INFO - Processing /home/airflow/.local/lib/python3.12/site-packages/airflow/example_dags/example_latest_only_with_trigger.py took 0.122 seconds
[2024-11-09T08:56:04.243+0000] {processor.py:186} INFO - Started process (PID=480) to work on /home/airflow/.local/lib/python3.12/site-packages/airflow/example_dags/example_latest_only_with_trigger.py
[2024-11-09T08:56:04.245+0000] {processor.py:914} INFO - Processing file /home/airflow/.local/lib/python3.12/site-packages/airflow/example_dags/example_latest_only_with_trigger.py for tasks to queue
[2024-11-09T08:56:04.248+0000] {logging_mixin.py:190} INFO - [2024-11-09T08:56:04.247+0000] {dagbag.py:588} INFO - Filling up the DagBag from /home/airflow/.local/lib/python3.12/site-packages/airflow/example_dags/example_latest_only_with_trigger.py
[2024-11-09T08:56:04.258+0000] {processor.py:925} INFO - DAG(s) 'latest_only_with_trigger' retrieved from /home/airflow/.local/lib/python3.12/site-packages/airflow/example_dags/example_latest_only_with_trigger.py
[2024-11-09T08:56:04.284+0000] {logging_mixin.py:190} INFO - [2024-11-09T08:56:04.284+0000] {dag.py:3239} INFO - Sync 1 DAGs
[2024-11-09T08:56:04.314+0000] {logging_mixin.py:190} INFO - [2024-11-09T08:56:04.314+0000] {dag.py:4180} INFO - Setting next_dagrun for latest_only_with_trigger to 2024-11-09 04:00:00+00:00, run_after=2024-11-09 08:00:00+00:00
[2024-11-09T08:56:04.343+0000] {processor.py:208} INFO - Processing /home/airflow/.local/lib/python3.12/site-packages/airflow/example_dags/example_latest_only_with_trigger.py took 0.107 seconds
[2024-11-09T08:56:36.608+0000] {processor.py:186} INFO - Started process (PID=544) to work on /home/airflow/.local/lib/python3.12/site-packages/airflow/example_dags/example_latest_only_with_trigger.py
[2024-11-09T08:56:36.610+0000] {processor.py:914} INFO - Processing file /home/airflow/.local/lib/python3.12/site-packages/airflow/example_dags/example_latest_only_with_trigger.py for tasks to queue
[2024-11-09T08:56:36.616+0000] {logging_mixin.py:190} INFO - [2024-11-09T08:56:36.615+0000] {dagbag.py:588} INFO - Filling up the DagBag from /home/airflow/.local/lib/python3.12/site-packages/airflow/example_dags/example_latest_only_with_trigger.py
[2024-11-09T08:56:36.632+0000] {processor.py:925} INFO - DAG(s) 'latest_only_with_trigger' retrieved from /home/airflow/.local/lib/python3.12/site-packages/airflow/example_dags/example_latest_only_with_trigger.py
[2024-11-09T08:56:36.676+0000] {logging_mixin.py:190} INFO - [2024-11-09T08:56:36.675+0000] {dag.py:3239} INFO - Sync 1 DAGs
[2024-11-09T08:56:36.733+0000] {logging_mixin.py:190} INFO - [2024-11-09T08:56:36.733+0000] {dag.py:4180} INFO - Setting next_dagrun for latest_only_with_trigger to 2024-11-09 04:00:00+00:00, run_after=2024-11-09 08:00:00+00:00
[2024-11-09T08:56:36.766+0000] {processor.py:208} INFO - Processing /home/airflow/.local/lib/python3.12/site-packages/airflow/example_dags/example_latest_only_with_trigger.py took 0.172 seconds
[2024-11-09T08:57:07.482+0000] {processor.py:186} INFO - Started process (PID=608) to work on /home/airflow/.local/lib/python3.12/site-packages/airflow/example_dags/example_latest_only_with_trigger.py
[2024-11-09T08:57:07.483+0000] {processor.py:914} INFO - Processing file /home/airflow/.local/lib/python3.12/site-packages/airflow/example_dags/example_latest_only_with_trigger.py for tasks to queue
[2024-11-09T08:57:07.486+0000] {logging_mixin.py:190} INFO - [2024-11-09T08:57:07.485+0000] {dagbag.py:588} INFO - Filling up the DagBag from /home/airflow/.local/lib/python3.12/site-packages/airflow/example_dags/example_latest_only_with_trigger.py
[2024-11-09T08:57:07.495+0000] {processor.py:925} INFO - DAG(s) 'latest_only_with_trigger' retrieved from /home/airflow/.local/lib/python3.12/site-packages/airflow/example_dags/example_latest_only_with_trigger.py
[2024-11-09T08:57:07.519+0000] {logging_mixin.py:190} INFO - [2024-11-09T08:57:07.518+0000] {dag.py:3239} INFO - Sync 1 DAGs
[2024-11-09T08:57:07.543+0000] {logging_mixin.py:190} INFO - [2024-11-09T08:57:07.543+0000] {dag.py:4180} INFO - Setting next_dagrun for latest_only_with_trigger to 2024-11-09 04:00:00+00:00, run_after=2024-11-09 08:00:00+00:00
[2024-11-09T08:57:07.596+0000] {processor.py:208} INFO - Processing /home/airflow/.local/lib/python3.12/site-packages/airflow/example_dags/example_latest_only_with_trigger.py took 0.121 seconds
[2024-11-09T08:57:37.674+0000] {processor.py:186} INFO - Started process (PID=671) to work on /home/airflow/.local/lib/python3.12/site-packages/airflow/example_dags/example_latest_only_with_trigger.py
[2024-11-09T08:57:37.675+0000] {processor.py:914} INFO - Processing file /home/airflow/.local/lib/python3.12/site-packages/airflow/example_dags/example_latest_only_with_trigger.py for tasks to queue
[2024-11-09T08:57:37.678+0000] {logging_mixin.py:190} INFO - [2024-11-09T08:57:37.677+0000] {dagbag.py:588} INFO - Filling up the DagBag from /home/airflow/.local/lib/python3.12/site-packages/airflow/example_dags/example_latest_only_with_trigger.py
[2024-11-09T08:57:37.688+0000] {processor.py:925} INFO - DAG(s) 'latest_only_with_trigger' retrieved from /home/airflow/.local/lib/python3.12/site-packages/airflow/example_dags/example_latest_only_with_trigger.py
[2024-11-09T08:57:37.712+0000] {logging_mixin.py:190} INFO - [2024-11-09T08:57:37.712+0000] {dag.py:3239} INFO - Sync 1 DAGs
[2024-11-09T08:57:37.739+0000] {logging_mixin.py:190} INFO - [2024-11-09T08:57:37.738+0000] {dag.py:4180} INFO - Setting next_dagrun for latest_only_with_trigger to 2024-11-09 04:00:00+00:00, run_after=2024-11-09 08:00:00+00:00
[2024-11-09T08:57:37.774+0000] {processor.py:208} INFO - Processing /home/airflow/.local/lib/python3.12/site-packages/airflow/example_dags/example_latest_only_with_trigger.py took 0.107 seconds
[2024-11-09T08:58:08.751+0000] {processor.py:186} INFO - Started process (PID=735) to work on /home/airflow/.local/lib/python3.12/site-packages/airflow/example_dags/example_latest_only_with_trigger.py
[2024-11-09T08:58:08.752+0000] {processor.py:914} INFO - Processing file /home/airflow/.local/lib/python3.12/site-packages/airflow/example_dags/example_latest_only_with_trigger.py for tasks to queue
[2024-11-09T08:58:08.755+0000] {logging_mixin.py:190} INFO - [2024-11-09T08:58:08.754+0000] {dagbag.py:588} INFO - Filling up the DagBag from /home/airflow/.local/lib/python3.12/site-packages/airflow/example_dags/example_latest_only_with_trigger.py
[2024-11-09T08:58:08.764+0000] {processor.py:925} INFO - DAG(s) 'latest_only_with_trigger' retrieved from /home/airflow/.local/lib/python3.12/site-packages/airflow/example_dags/example_latest_only_with_trigger.py
[2024-11-09T08:58:08.790+0000] {logging_mixin.py:190} INFO - [2024-11-09T08:58:08.790+0000] {dag.py:3239} INFO - Sync 1 DAGs
[2024-11-09T08:58:08.818+0000] {logging_mixin.py:190} INFO - [2024-11-09T08:58:08.818+0000] {dag.py:4180} INFO - Setting next_dagrun for latest_only_with_trigger to 2024-11-09 04:00:00+00:00, run_after=2024-11-09 08:00:00+00:00
[2024-11-09T08:58:08.845+0000] {processor.py:208} INFO - Processing /home/airflow/.local/lib/python3.12/site-packages/airflow/example_dags/example_latest_only_with_trigger.py took 0.102 seconds
[2024-11-09T08:58:39.080+0000] {processor.py:186} INFO - Started process (PID=798) to work on /home/airflow/.local/lib/python3.12/site-packages/airflow/example_dags/example_latest_only_with_trigger.py
[2024-11-09T08:58:39.082+0000] {processor.py:914} INFO - Processing file /home/airflow/.local/lib/python3.12/site-packages/airflow/example_dags/example_latest_only_with_trigger.py for tasks to queue
[2024-11-09T08:58:39.086+0000] {logging_mixin.py:190} INFO - [2024-11-09T08:58:39.085+0000] {dagbag.py:588} INFO - Filling up the DagBag from /home/airflow/.local/lib/python3.12/site-packages/airflow/example_dags/example_latest_only_with_trigger.py
[2024-11-09T08:58:39.096+0000] {processor.py:925} INFO - DAG(s) 'latest_only_with_trigger' retrieved from /home/airflow/.local/lib/python3.12/site-packages/airflow/example_dags/example_latest_only_with_trigger.py
[2024-11-09T08:58:39.122+0000] {logging_mixin.py:190} INFO - [2024-11-09T08:58:39.121+0000] {dag.py:3239} INFO - Sync 1 DAGs
[2024-11-09T08:58:39.148+0000] {logging_mixin.py:190} INFO - [2024-11-09T08:58:39.148+0000] {dag.py:4180} INFO - Setting next_dagrun for latest_only_with_trigger to 2024-11-09 04:00:00+00:00, run_after=2024-11-09 08:00:00+00:00
[2024-11-09T08:58:39.306+0000] {processor.py:208} INFO - Processing /home/airflow/.local/lib/python3.12/site-packages/airflow/example_dags/example_latest_only_with_trigger.py took 0.234 seconds
[2024-11-09T10:15:40.030+0000] {processor.py:186} INFO - Started process (PID=84) to work on /home/airflow/.local/lib/python3.12/site-packages/airflow/example_dags/example_latest_only_with_trigger.py
[2024-11-09T10:15:40.032+0000] {processor.py:914} INFO - Processing file /home/airflow/.local/lib/python3.12/site-packages/airflow/example_dags/example_latest_only_with_trigger.py for tasks to queue
[2024-11-09T10:15:40.035+0000] {logging_mixin.py:190} INFO - [2024-11-09T10:15:40.035+0000] {dagbag.py:588} INFO - Filling up the DagBag from /home/airflow/.local/lib/python3.12/site-packages/airflow/example_dags/example_latest_only_with_trigger.py
[2024-11-09T10:15:40.046+0000] {processor.py:925} INFO - DAG(s) 'latest_only_with_trigger' retrieved from /home/airflow/.local/lib/python3.12/site-packages/airflow/example_dags/example_latest_only_with_trigger.py
[2024-11-09T10:15:40.072+0000] {logging_mixin.py:190} INFO - [2024-11-09T10:15:40.071+0000] {dag.py:3239} INFO - Sync 1 DAGs
[2024-11-09T10:15:40.120+0000] {logging_mixin.py:190} INFO - [2024-11-09T10:15:40.120+0000] {dag.py:4180} INFO - Setting next_dagrun for latest_only_with_trigger to 2024-11-09 04:00:00+00:00, run_after=2024-11-09 08:00:00+00:00
[2024-11-09T10:15:40.148+0000] {processor.py:208} INFO - Processing /home/airflow/.local/lib/python3.12/site-packages/airflow/example_dags/example_latest_only_with_trigger.py took 0.125 seconds
[2024-11-09T10:16:11.872+0000] {processor.py:186} INFO - Started process (PID=148) to work on /home/airflow/.local/lib/python3.12/site-packages/airflow/example_dags/example_latest_only_with_trigger.py
[2024-11-09T10:16:11.873+0000] {processor.py:914} INFO - Processing file /home/airflow/.local/lib/python3.12/site-packages/airflow/example_dags/example_latest_only_with_trigger.py for tasks to queue
[2024-11-09T10:16:11.875+0000] {logging_mixin.py:190} INFO - [2024-11-09T10:16:11.875+0000] {dagbag.py:588} INFO - Filling up the DagBag from /home/airflow/.local/lib/python3.12/site-packages/airflow/example_dags/example_latest_only_with_trigger.py
[2024-11-09T10:16:11.884+0000] {processor.py:925} INFO - DAG(s) 'latest_only_with_trigger' retrieved from /home/airflow/.local/lib/python3.12/site-packages/airflow/example_dags/example_latest_only_with_trigger.py
[2024-11-09T10:16:11.907+0000] {logging_mixin.py:190} INFO - [2024-11-09T10:16:11.907+0000] {dag.py:3239} INFO - Sync 1 DAGs
[2024-11-09T10:16:11.940+0000] {logging_mixin.py:190} INFO - [2024-11-09T10:16:11.940+0000] {dag.py:4180} INFO - Setting next_dagrun for latest_only_with_trigger to 2024-11-09 04:00:00+00:00, run_after=2024-11-09 08:00:00+00:00
[2024-11-09T10:16:11.997+0000] {processor.py:208} INFO - Processing /home/airflow/.local/lib/python3.12/site-packages/airflow/example_dags/example_latest_only_with_trigger.py took 0.132 seconds
[2024-11-09T10:16:43.881+0000] {processor.py:186} INFO - Started process (PID=212) to work on /home/airflow/.local/lib/python3.12/site-packages/airflow/example_dags/example_latest_only_with_trigger.py
[2024-11-09T10:16:43.882+0000] {processor.py:914} INFO - Processing file /home/airflow/.local/lib/python3.12/site-packages/airflow/example_dags/example_latest_only_with_trigger.py for tasks to queue
[2024-11-09T10:16:43.885+0000] {logging_mixin.py:190} INFO - [2024-11-09T10:16:43.885+0000] {dagbag.py:588} INFO - Filling up the DagBag from /home/airflow/.local/lib/python3.12/site-packages/airflow/example_dags/example_latest_only_with_trigger.py
[2024-11-09T10:16:43.897+0000] {processor.py:925} INFO - DAG(s) 'latest_only_with_trigger' retrieved from /home/airflow/.local/lib/python3.12/site-packages/airflow/example_dags/example_latest_only_with_trigger.py
[2024-11-09T10:16:43.923+0000] {logging_mixin.py:190} INFO - [2024-11-09T10:16:43.923+0000] {dag.py:3239} INFO - Sync 1 DAGs
[2024-11-09T10:16:44.048+0000] {logging_mixin.py:190} INFO - [2024-11-09T10:16:44.047+0000] {dag.py:4180} INFO - Setting next_dagrun for latest_only_with_trigger to 2024-11-09 04:00:00+00:00, run_after=2024-11-09 08:00:00+00:00
[2024-11-09T10:16:44.076+0000] {processor.py:208} INFO - Processing /home/airflow/.local/lib/python3.12/site-packages/airflow/example_dags/example_latest_only_with_trigger.py took 0.204 seconds
[2024-11-09T10:22:49.305+0000] {processor.py:186} INFO - Started process (PID=85) to work on /home/airflow/.local/lib/python3.12/site-packages/airflow/example_dags/example_latest_only_with_trigger.py
[2024-11-09T10:22:49.313+0000] {processor.py:914} INFO - Processing file /home/airflow/.local/lib/python3.12/site-packages/airflow/example_dags/example_latest_only_with_trigger.py for tasks to queue
[2024-11-09T10:22:49.317+0000] {logging_mixin.py:190} INFO - [2024-11-09T10:22:49.317+0000] {dagbag.py:588} INFO - Filling up the DagBag from /home/airflow/.local/lib/python3.12/site-packages/airflow/example_dags/example_latest_only_with_trigger.py
[2024-11-09T10:22:49.349+0000] {processor.py:925} INFO - DAG(s) 'latest_only_with_trigger' retrieved from /home/airflow/.local/lib/python3.12/site-packages/airflow/example_dags/example_latest_only_with_trigger.py
[2024-11-09T10:22:49.393+0000] {logging_mixin.py:190} INFO - [2024-11-09T10:22:49.392+0000] {dag.py:3239} INFO - Sync 1 DAGs
[2024-11-09T10:22:49.551+0000] {logging_mixin.py:190} INFO - [2024-11-09T10:22:49.550+0000] {dag.py:4180} INFO - Setting next_dagrun for latest_only_with_trigger to 2024-11-09 04:00:00+00:00, run_after=2024-11-09 08:00:00+00:00
[2024-11-09T10:22:49.594+0000] {processor.py:208} INFO - Processing /home/airflow/.local/lib/python3.12/site-packages/airflow/example_dags/example_latest_only_with_trigger.py took 0.297 seconds
[2024-11-09T10:23:20.520+0000] {processor.py:186} INFO - Started process (PID=149) to work on /home/airflow/.local/lib/python3.12/site-packages/airflow/example_dags/example_latest_only_with_trigger.py
[2024-11-09T10:23:20.521+0000] {processor.py:914} INFO - Processing file /home/airflow/.local/lib/python3.12/site-packages/airflow/example_dags/example_latest_only_with_trigger.py for tasks to queue
[2024-11-09T10:23:20.525+0000] {logging_mixin.py:190} INFO - [2024-11-09T10:23:20.525+0000] {dagbag.py:588} INFO - Filling up the DagBag from /home/airflow/.local/lib/python3.12/site-packages/airflow/example_dags/example_latest_only_with_trigger.py
[2024-11-09T10:23:20.535+0000] {processor.py:925} INFO - DAG(s) 'latest_only_with_trigger' retrieved from /home/airflow/.local/lib/python3.12/site-packages/airflow/example_dags/example_latest_only_with_trigger.py
[2024-11-09T10:23:20.560+0000] {logging_mixin.py:190} INFO - [2024-11-09T10:23:20.560+0000] {dag.py:3239} INFO - Sync 1 DAGs
[2024-11-09T10:23:20.626+0000] {logging_mixin.py:190} INFO - [2024-11-09T10:23:20.626+0000] {dag.py:4180} INFO - Setting next_dagrun for latest_only_with_trigger to 2024-11-09 04:00:00+00:00, run_after=2024-11-09 08:00:00+00:00
[2024-11-09T10:23:20.652+0000] {processor.py:208} INFO - Processing /home/airflow/.local/lib/python3.12/site-packages/airflow/example_dags/example_latest_only_with_trigger.py took 0.139 seconds
[2024-11-09T10:23:50.773+0000] {processor.py:186} INFO - Started process (PID=212) to work on /home/airflow/.local/lib/python3.12/site-packages/airflow/example_dags/example_latest_only_with_trigger.py
[2024-11-09T10:23:50.775+0000] {processor.py:914} INFO - Processing file /home/airflow/.local/lib/python3.12/site-packages/airflow/example_dags/example_latest_only_with_trigger.py for tasks to queue
[2024-11-09T10:23:50.778+0000] {logging_mixin.py:190} INFO - [2024-11-09T10:23:50.777+0000] {dagbag.py:588} INFO - Filling up the DagBag from /home/airflow/.local/lib/python3.12/site-packages/airflow/example_dags/example_latest_only_with_trigger.py
[2024-11-09T10:23:50.797+0000] {processor.py:925} INFO - DAG(s) 'latest_only_with_trigger' retrieved from /home/airflow/.local/lib/python3.12/site-packages/airflow/example_dags/example_latest_only_with_trigger.py
[2024-11-09T10:23:50.876+0000] {logging_mixin.py:190} INFO - [2024-11-09T10:23:50.876+0000] {dag.py:3239} INFO - Sync 1 DAGs
[2024-11-09T10:23:50.920+0000] {logging_mixin.py:190} INFO - [2024-11-09T10:23:50.920+0000] {dag.py:4180} INFO - Setting next_dagrun for latest_only_with_trigger to 2024-11-09 04:00:00+00:00, run_after=2024-11-09 08:00:00+00:00
[2024-11-09T10:23:50.975+0000] {processor.py:208} INFO - Processing /home/airflow/.local/lib/python3.12/site-packages/airflow/example_dags/example_latest_only_with_trigger.py took 0.214 seconds
[2024-11-09T10:24:21.693+0000] {processor.py:186} INFO - Started process (PID=275) to work on /home/airflow/.local/lib/python3.12/site-packages/airflow/example_dags/example_latest_only_with_trigger.py
[2024-11-09T10:24:21.695+0000] {processor.py:914} INFO - Processing file /home/airflow/.local/lib/python3.12/site-packages/airflow/example_dags/example_latest_only_with_trigger.py for tasks to queue
[2024-11-09T10:24:21.698+0000] {logging_mixin.py:190} INFO - [2024-11-09T10:24:21.697+0000] {dagbag.py:588} INFO - Filling up the DagBag from /home/airflow/.local/lib/python3.12/site-packages/airflow/example_dags/example_latest_only_with_trigger.py
[2024-11-09T10:24:21.710+0000] {processor.py:925} INFO - DAG(s) 'latest_only_with_trigger' retrieved from /home/airflow/.local/lib/python3.12/site-packages/airflow/example_dags/example_latest_only_with_trigger.py
[2024-11-09T10:24:21.740+0000] {logging_mixin.py:190} INFO - [2024-11-09T10:24:21.740+0000] {dag.py:3239} INFO - Sync 1 DAGs
[2024-11-09T10:24:21.775+0000] {logging_mixin.py:190} INFO - [2024-11-09T10:24:21.774+0000] {dag.py:4180} INFO - Setting next_dagrun for latest_only_with_trigger to 2024-11-09 04:00:00+00:00, run_after=2024-11-09 08:00:00+00:00
[2024-11-09T10:24:21.919+0000] {processor.py:208} INFO - Processing /home/airflow/.local/lib/python3.12/site-packages/airflow/example_dags/example_latest_only_with_trigger.py took 0.236 seconds
[2024-11-09T10:24:52.142+0000] {processor.py:186} INFO - Started process (PID=339) to work on /home/airflow/.local/lib/python3.12/site-packages/airflow/example_dags/example_latest_only_with_trigger.py
[2024-11-09T10:24:52.143+0000] {processor.py:914} INFO - Processing file /home/airflow/.local/lib/python3.12/site-packages/airflow/example_dags/example_latest_only_with_trigger.py for tasks to queue
[2024-11-09T10:24:52.147+0000] {logging_mixin.py:190} INFO - [2024-11-09T10:24:52.146+0000] {dagbag.py:588} INFO - Filling up the DagBag from /home/airflow/.local/lib/python3.12/site-packages/airflow/example_dags/example_latest_only_with_trigger.py
[2024-11-09T10:24:52.159+0000] {processor.py:925} INFO - DAG(s) 'latest_only_with_trigger' retrieved from /home/airflow/.local/lib/python3.12/site-packages/airflow/example_dags/example_latest_only_with_trigger.py
[2024-11-09T10:24:52.197+0000] {logging_mixin.py:190} INFO - [2024-11-09T10:24:52.196+0000] {dag.py:3239} INFO - Sync 1 DAGs
[2024-11-09T10:24:52.235+0000] {logging_mixin.py:190} INFO - [2024-11-09T10:24:52.235+0000] {dag.py:4180} INFO - Setting next_dagrun for latest_only_with_trigger to 2024-11-09 04:00:00+00:00, run_after=2024-11-09 08:00:00+00:00
[2024-11-09T10:24:52.293+0000] {processor.py:208} INFO - Processing /home/airflow/.local/lib/python3.12/site-packages/airflow/example_dags/example_latest_only_with_trigger.py took 0.160 seconds
[2024-11-09T10:25:22.533+0000] {processor.py:186} INFO - Started process (PID=403) to work on /home/airflow/.local/lib/python3.12/site-packages/airflow/example_dags/example_latest_only_with_trigger.py
[2024-11-09T10:25:22.560+0000] {processor.py:914} INFO - Processing file /home/airflow/.local/lib/python3.12/site-packages/airflow/example_dags/example_latest_only_with_trigger.py for tasks to queue
[2024-11-09T10:25:22.563+0000] {logging_mixin.py:190} INFO - [2024-11-09T10:25:22.563+0000] {dagbag.py:588} INFO - Filling up the DagBag from /home/airflow/.local/lib/python3.12/site-packages/airflow/example_dags/example_latest_only_with_trigger.py
[2024-11-09T10:25:22.574+0000] {processor.py:925} INFO - DAG(s) 'latest_only_with_trigger' retrieved from /home/airflow/.local/lib/python3.12/site-packages/airflow/example_dags/example_latest_only_with_trigger.py
[2024-11-09T10:25:22.602+0000] {logging_mixin.py:190} INFO - [2024-11-09T10:25:22.602+0000] {dag.py:3239} INFO - Sync 1 DAGs
[2024-11-09T10:25:22.644+0000] {logging_mixin.py:190} INFO - [2024-11-09T10:25:22.643+0000] {dag.py:4180} INFO - Setting next_dagrun for latest_only_with_trigger to 2024-11-09 04:00:00+00:00, run_after=2024-11-09 08:00:00+00:00
[2024-11-09T10:25:22.727+0000] {processor.py:208} INFO - Processing /home/airflow/.local/lib/python3.12/site-packages/airflow/example_dags/example_latest_only_with_trigger.py took 0.202 seconds
[2024-11-09T10:25:53.113+0000] {processor.py:186} INFO - Started process (PID=466) to work on /home/airflow/.local/lib/python3.12/site-packages/airflow/example_dags/example_latest_only_with_trigger.py
[2024-11-09T10:25:53.115+0000] {processor.py:914} INFO - Processing file /home/airflow/.local/lib/python3.12/site-packages/airflow/example_dags/example_latest_only_with_trigger.py for tasks to queue
[2024-11-09T10:25:53.118+0000] {logging_mixin.py:190} INFO - [2024-11-09T10:25:53.117+0000] {dagbag.py:588} INFO - Filling up the DagBag from /home/airflow/.local/lib/python3.12/site-packages/airflow/example_dags/example_latest_only_with_trigger.py
[2024-11-09T10:25:53.126+0000] {processor.py:925} INFO - DAG(s) 'latest_only_with_trigger' retrieved from /home/airflow/.local/lib/python3.12/site-packages/airflow/example_dags/example_latest_only_with_trigger.py
[2024-11-09T10:25:53.183+0000] {logging_mixin.py:190} INFO - [2024-11-09T10:25:53.182+0000] {dag.py:3239} INFO - Sync 1 DAGs
[2024-11-09T10:25:53.210+0000] {logging_mixin.py:190} INFO - [2024-11-09T10:25:53.210+0000] {dag.py:4180} INFO - Setting next_dagrun for latest_only_with_trigger to 2024-11-09 04:00:00+00:00, run_after=2024-11-09 08:00:00+00:00
[2024-11-09T10:25:53.255+0000] {processor.py:208} INFO - Processing /home/airflow/.local/lib/python3.12/site-packages/airflow/example_dags/example_latest_only_with_trigger.py took 0.151 seconds
[2024-11-09T10:26:23.740+0000] {processor.py:186} INFO - Started process (PID=530) to work on /home/airflow/.local/lib/python3.12/site-packages/airflow/example_dags/example_latest_only_with_trigger.py
[2024-11-09T10:26:23.742+0000] {processor.py:914} INFO - Processing file /home/airflow/.local/lib/python3.12/site-packages/airflow/example_dags/example_latest_only_with_trigger.py for tasks to queue
[2024-11-09T10:26:23.744+0000] {logging_mixin.py:190} INFO - [2024-11-09T10:26:23.744+0000] {dagbag.py:588} INFO - Filling up the DagBag from /home/airflow/.local/lib/python3.12/site-packages/airflow/example_dags/example_latest_only_with_trigger.py
[2024-11-09T10:26:23.760+0000] {processor.py:925} INFO - DAG(s) 'latest_only_with_trigger' retrieved from /home/airflow/.local/lib/python3.12/site-packages/airflow/example_dags/example_latest_only_with_trigger.py
[2024-11-09T10:26:23.793+0000] {logging_mixin.py:190} INFO - [2024-11-09T10:26:23.793+0000] {dag.py:3239} INFO - Sync 1 DAGs
[2024-11-09T10:26:23.834+0000] {logging_mixin.py:190} INFO - [2024-11-09T10:26:23.834+0000] {dag.py:4180} INFO - Setting next_dagrun for latest_only_with_trigger to 2024-11-09 04:00:00+00:00, run_after=2024-11-09 08:00:00+00:00
[2024-11-09T10:26:23.875+0000] {processor.py:208} INFO - Processing /home/airflow/.local/lib/python3.12/site-packages/airflow/example_dags/example_latest_only_with_trigger.py took 0.144 seconds
[2024-11-09T10:26:54.209+0000] {processor.py:186} INFO - Started process (PID=595) to work on /home/airflow/.local/lib/python3.12/site-packages/airflow/example_dags/example_latest_only_with_trigger.py
[2024-11-09T10:26:54.211+0000] {processor.py:914} INFO - Processing file /home/airflow/.local/lib/python3.12/site-packages/airflow/example_dags/example_latest_only_with_trigger.py for tasks to queue
[2024-11-09T10:26:54.213+0000] {logging_mixin.py:190} INFO - [2024-11-09T10:26:54.213+0000] {dagbag.py:588} INFO - Filling up the DagBag from /home/airflow/.local/lib/python3.12/site-packages/airflow/example_dags/example_latest_only_with_trigger.py
[2024-11-09T10:26:54.221+0000] {processor.py:925} INFO - DAG(s) 'latest_only_with_trigger' retrieved from /home/airflow/.local/lib/python3.12/site-packages/airflow/example_dags/example_latest_only_with_trigger.py
[2024-11-09T10:26:54.245+0000] {logging_mixin.py:190} INFO - [2024-11-09T10:26:54.244+0000] {dag.py:3239} INFO - Sync 1 DAGs
[2024-11-09T10:26:54.270+0000] {logging_mixin.py:190} INFO - [2024-11-09T10:26:54.270+0000] {dag.py:4180} INFO - Setting next_dagrun for latest_only_with_trigger to 2024-11-09 04:00:00+00:00, run_after=2024-11-09 08:00:00+00:00
[2024-11-09T10:26:54.482+0000] {processor.py:208} INFO - Processing /home/airflow/.local/lib/python3.12/site-packages/airflow/example_dags/example_latest_only_with_trigger.py took 0.278 seconds
[2024-11-09T10:27:24.577+0000] {processor.py:186} INFO - Started process (PID=659) to work on /home/airflow/.local/lib/python3.12/site-packages/airflow/example_dags/example_latest_only_with_trigger.py
[2024-11-09T10:27:24.580+0000] {processor.py:914} INFO - Processing file /home/airflow/.local/lib/python3.12/site-packages/airflow/example_dags/example_latest_only_with_trigger.py for tasks to queue
[2024-11-09T10:27:24.583+0000] {logging_mixin.py:190} INFO - [2024-11-09T10:27:24.582+0000] {dagbag.py:588} INFO - Filling up the DagBag from /home/airflow/.local/lib/python3.12/site-packages/airflow/example_dags/example_latest_only_with_trigger.py
[2024-11-09T10:27:24.592+0000] {processor.py:925} INFO - DAG(s) 'latest_only_with_trigger' retrieved from /home/airflow/.local/lib/python3.12/site-packages/airflow/example_dags/example_latest_only_with_trigger.py
[2024-11-09T10:27:24.616+0000] {logging_mixin.py:190} INFO - [2024-11-09T10:27:24.616+0000] {dag.py:3239} INFO - Sync 1 DAGs
[2024-11-09T10:27:24.646+0000] {logging_mixin.py:190} INFO - [2024-11-09T10:27:24.644+0000] {dag.py:4180} INFO - Setting next_dagrun for latest_only_with_trigger to 2024-11-09 04:00:00+00:00, run_after=2024-11-09 08:00:00+00:00
[2024-11-09T10:27:24.672+0000] {processor.py:208} INFO - Processing /home/airflow/.local/lib/python3.12/site-packages/airflow/example_dags/example_latest_only_with_trigger.py took 0.101 seconds
[2024-11-09T10:27:55.111+0000] {processor.py:186} INFO - Started process (PID=724) to work on /home/airflow/.local/lib/python3.12/site-packages/airflow/example_dags/example_latest_only_with_trigger.py
[2024-11-09T10:27:55.112+0000] {processor.py:914} INFO - Processing file /home/airflow/.local/lib/python3.12/site-packages/airflow/example_dags/example_latest_only_with_trigger.py for tasks to queue
[2024-11-09T10:27:55.115+0000] {logging_mixin.py:190} INFO - [2024-11-09T10:27:55.115+0000] {dagbag.py:588} INFO - Filling up the DagBag from /home/airflow/.local/lib/python3.12/site-packages/airflow/example_dags/example_latest_only_with_trigger.py
[2024-11-09T10:27:55.125+0000] {processor.py:925} INFO - DAG(s) 'latest_only_with_trigger' retrieved from /home/airflow/.local/lib/python3.12/site-packages/airflow/example_dags/example_latest_only_with_trigger.py
[2024-11-09T10:27:55.147+0000] {logging_mixin.py:190} INFO - [2024-11-09T10:27:55.146+0000] {dag.py:3239} INFO - Sync 1 DAGs
[2024-11-09T10:27:55.171+0000] {logging_mixin.py:190} INFO - [2024-11-09T10:27:55.171+0000] {dag.py:4180} INFO - Setting next_dagrun for latest_only_with_trigger to 2024-11-09 04:00:00+00:00, run_after=2024-11-09 08:00:00+00:00
[2024-11-09T10:27:55.323+0000] {processor.py:208} INFO - Processing /home/airflow/.local/lib/python3.12/site-packages/airflow/example_dags/example_latest_only_with_trigger.py took 0.220 seconds
[2024-11-09T10:28:25.805+0000] {processor.py:186} INFO - Started process (PID=787) to work on /home/airflow/.local/lib/python3.12/site-packages/airflow/example_dags/example_latest_only_with_trigger.py
[2024-11-09T10:28:25.806+0000] {processor.py:914} INFO - Processing file /home/airflow/.local/lib/python3.12/site-packages/airflow/example_dags/example_latest_only_with_trigger.py for tasks to queue
[2024-11-09T10:28:25.809+0000] {logging_mixin.py:190} INFO - [2024-11-09T10:28:25.809+0000] {dagbag.py:588} INFO - Filling up the DagBag from /home/airflow/.local/lib/python3.12/site-packages/airflow/example_dags/example_latest_only_with_trigger.py
[2024-11-09T10:28:25.818+0000] {processor.py:925} INFO - DAG(s) 'latest_only_with_trigger' retrieved from /home/airflow/.local/lib/python3.12/site-packages/airflow/example_dags/example_latest_only_with_trigger.py
[2024-11-09T10:28:25.841+0000] {logging_mixin.py:190} INFO - [2024-11-09T10:28:25.841+0000] {dag.py:3239} INFO - Sync 1 DAGs
[2024-11-09T10:28:25.868+0000] {logging_mixin.py:190} INFO - [2024-11-09T10:28:25.868+0000] {dag.py:4180} INFO - Setting next_dagrun for latest_only_with_trigger to 2024-11-09 04:00:00+00:00, run_after=2024-11-09 08:00:00+00:00
[2024-11-09T10:28:26.011+0000] {processor.py:208} INFO - Processing /home/airflow/.local/lib/python3.12/site-packages/airflow/example_dags/example_latest_only_with_trigger.py took 0.213 seconds
[2024-11-09T10:28:56.363+0000] {processor.py:186} INFO - Started process (PID=852) to work on /home/airflow/.local/lib/python3.12/site-packages/airflow/example_dags/example_latest_only_with_trigger.py
[2024-11-09T10:28:56.364+0000] {processor.py:914} INFO - Processing file /home/airflow/.local/lib/python3.12/site-packages/airflow/example_dags/example_latest_only_with_trigger.py for tasks to queue
[2024-11-09T10:28:56.366+0000] {logging_mixin.py:190} INFO - [2024-11-09T10:28:56.366+0000] {dagbag.py:588} INFO - Filling up the DagBag from /home/airflow/.local/lib/python3.12/site-packages/airflow/example_dags/example_latest_only_with_trigger.py
[2024-11-09T10:28:56.375+0000] {processor.py:925} INFO - DAG(s) 'latest_only_with_trigger' retrieved from /home/airflow/.local/lib/python3.12/site-packages/airflow/example_dags/example_latest_only_with_trigger.py
[2024-11-09T10:28:56.398+0000] {logging_mixin.py:190} INFO - [2024-11-09T10:28:56.397+0000] {dag.py:3239} INFO - Sync 1 DAGs
[2024-11-09T10:28:56.423+0000] {logging_mixin.py:190} INFO - [2024-11-09T10:28:56.422+0000] {dag.py:4180} INFO - Setting next_dagrun for latest_only_with_trigger to 2024-11-09 04:00:00+00:00, run_after=2024-11-09 08:00:00+00:00
[2024-11-09T10:28:56.635+0000] {processor.py:208} INFO - Processing /home/airflow/.local/lib/python3.12/site-packages/airflow/example_dags/example_latest_only_with_trigger.py took 0.279 seconds
[2024-11-09T10:29:27.800+0000] {processor.py:186} INFO - Started process (PID=916) to work on /home/airflow/.local/lib/python3.12/site-packages/airflow/example_dags/example_latest_only_with_trigger.py
[2024-11-09T10:29:27.808+0000] {processor.py:914} INFO - Processing file /home/airflow/.local/lib/python3.12/site-packages/airflow/example_dags/example_latest_only_with_trigger.py for tasks to queue
[2024-11-09T10:29:27.812+0000] {logging_mixin.py:190} INFO - [2024-11-09T10:29:27.811+0000] {dagbag.py:588} INFO - Filling up the DagBag from /home/airflow/.local/lib/python3.12/site-packages/airflow/example_dags/example_latest_only_with_trigger.py
[2024-11-09T10:29:27.833+0000] {processor.py:925} INFO - DAG(s) 'latest_only_with_trigger' retrieved from /home/airflow/.local/lib/python3.12/site-packages/airflow/example_dags/example_latest_only_with_trigger.py
[2024-11-09T10:29:27.871+0000] {logging_mixin.py:190} INFO - [2024-11-09T10:29:27.870+0000] {dag.py:3239} INFO - Sync 1 DAGs
[2024-11-09T10:29:27.913+0000] {logging_mixin.py:190} INFO - [2024-11-09T10:29:27.913+0000] {dag.py:4180} INFO - Setting next_dagrun for latest_only_with_trigger to 2024-11-09 04:00:00+00:00, run_after=2024-11-09 08:00:00+00:00
[2024-11-09T10:29:27.949+0000] {processor.py:208} INFO - Processing /home/airflow/.local/lib/python3.12/site-packages/airflow/example_dags/example_latest_only_with_trigger.py took 0.157 seconds
[2024-11-09T10:29:58.106+0000] {processor.py:186} INFO - Started process (PID=981) to work on /home/airflow/.local/lib/python3.12/site-packages/airflow/example_dags/example_latest_only_with_trigger.py
[2024-11-09T10:29:58.108+0000] {processor.py:914} INFO - Processing file /home/airflow/.local/lib/python3.12/site-packages/airflow/example_dags/example_latest_only_with_trigger.py for tasks to queue
[2024-11-09T10:29:58.110+0000] {logging_mixin.py:190} INFO - [2024-11-09T10:29:58.110+0000] {dagbag.py:588} INFO - Filling up the DagBag from /home/airflow/.local/lib/python3.12/site-packages/airflow/example_dags/example_latest_only_with_trigger.py
[2024-11-09T10:29:58.118+0000] {processor.py:925} INFO - DAG(s) 'latest_only_with_trigger' retrieved from /home/airflow/.local/lib/python3.12/site-packages/airflow/example_dags/example_latest_only_with_trigger.py
[2024-11-09T10:29:58.140+0000] {logging_mixin.py:190} INFO - [2024-11-09T10:29:58.139+0000] {dag.py:3239} INFO - Sync 1 DAGs
[2024-11-09T10:29:58.164+0000] {logging_mixin.py:190} INFO - [2024-11-09T10:29:58.163+0000] {dag.py:4180} INFO - Setting next_dagrun for latest_only_with_trigger to 2024-11-09 04:00:00+00:00, run_after=2024-11-09 08:00:00+00:00
[2024-11-09T10:29:58.323+0000] {processor.py:208} INFO - Processing /home/airflow/.local/lib/python3.12/site-packages/airflow/example_dags/example_latest_only_with_trigger.py took 0.223 seconds
[2024-11-09T10:30:28.799+0000] {processor.py:186} INFO - Started process (PID=1044) to work on /home/airflow/.local/lib/python3.12/site-packages/airflow/example_dags/example_latest_only_with_trigger.py
[2024-11-09T10:30:28.800+0000] {processor.py:914} INFO - Processing file /home/airflow/.local/lib/python3.12/site-packages/airflow/example_dags/example_latest_only_with_trigger.py for tasks to queue
[2024-11-09T10:30:28.803+0000] {logging_mixin.py:190} INFO - [2024-11-09T10:30:28.802+0000] {dagbag.py:588} INFO - Filling up the DagBag from /home/airflow/.local/lib/python3.12/site-packages/airflow/example_dags/example_latest_only_with_trigger.py
[2024-11-09T10:30:28.811+0000] {processor.py:925} INFO - DAG(s) 'latest_only_with_trigger' retrieved from /home/airflow/.local/lib/python3.12/site-packages/airflow/example_dags/example_latest_only_with_trigger.py
[2024-11-09T10:30:28.835+0000] {logging_mixin.py:190} INFO - [2024-11-09T10:30:28.835+0000] {dag.py:3239} INFO - Sync 1 DAGs
[2024-11-09T10:30:28.873+0000] {logging_mixin.py:190} INFO - [2024-11-09T10:30:28.873+0000] {dag.py:4180} INFO - Setting next_dagrun for latest_only_with_trigger to 2024-11-09 04:00:00+00:00, run_after=2024-11-09 08:00:00+00:00
[2024-11-09T10:30:28.940+0000] {processor.py:208} INFO - Processing /home/airflow/.local/lib/python3.12/site-packages/airflow/example_dags/example_latest_only_with_trigger.py took 0.147 seconds
[2024-11-09T10:30:59.554+0000] {processor.py:186} INFO - Started process (PID=1108) to work on /home/airflow/.local/lib/python3.12/site-packages/airflow/example_dags/example_latest_only_with_trigger.py
[2024-11-09T10:30:59.555+0000] {processor.py:914} INFO - Processing file /home/airflow/.local/lib/python3.12/site-packages/airflow/example_dags/example_latest_only_with_trigger.py for tasks to queue
[2024-11-09T10:30:59.558+0000] {logging_mixin.py:190} INFO - [2024-11-09T10:30:59.557+0000] {dagbag.py:588} INFO - Filling up the DagBag from /home/airflow/.local/lib/python3.12/site-packages/airflow/example_dags/example_latest_only_with_trigger.py
[2024-11-09T10:30:59.566+0000] {processor.py:925} INFO - DAG(s) 'latest_only_with_trigger' retrieved from /home/airflow/.local/lib/python3.12/site-packages/airflow/example_dags/example_latest_only_with_trigger.py
[2024-11-09T10:30:59.591+0000] {logging_mixin.py:190} INFO - [2024-11-09T10:30:59.591+0000] {dag.py:3239} INFO - Sync 1 DAGs
[2024-11-09T10:30:59.619+0000] {logging_mixin.py:190} INFO - [2024-11-09T10:30:59.619+0000] {dag.py:4180} INFO - Setting next_dagrun for latest_only_with_trigger to 2024-11-09 04:00:00+00:00, run_after=2024-11-09 08:00:00+00:00
[2024-11-09T10:30:59.734+0000] {processor.py:208} INFO - Processing /home/airflow/.local/lib/python3.12/site-packages/airflow/example_dags/example_latest_only_with_trigger.py took 0.187 seconds
[2024-11-09T10:31:30.438+0000] {processor.py:186} INFO - Started process (PID=1172) to work on /home/airflow/.local/lib/python3.12/site-packages/airflow/example_dags/example_latest_only_with_trigger.py
[2024-11-09T10:31:30.439+0000] {processor.py:914} INFO - Processing file /home/airflow/.local/lib/python3.12/site-packages/airflow/example_dags/example_latest_only_with_trigger.py for tasks to queue
[2024-11-09T10:31:30.441+0000] {logging_mixin.py:190} INFO - [2024-11-09T10:31:30.441+0000] {dagbag.py:588} INFO - Filling up the DagBag from /home/airflow/.local/lib/python3.12/site-packages/airflow/example_dags/example_latest_only_with_trigger.py
[2024-11-09T10:31:30.450+0000] {processor.py:925} INFO - DAG(s) 'latest_only_with_trigger' retrieved from /home/airflow/.local/lib/python3.12/site-packages/airflow/example_dags/example_latest_only_with_trigger.py
[2024-11-09T10:31:30.472+0000] {logging_mixin.py:190} INFO - [2024-11-09T10:31:30.472+0000] {dag.py:3239} INFO - Sync 1 DAGs
[2024-11-09T10:31:30.498+0000] {logging_mixin.py:190} INFO - [2024-11-09T10:31:30.498+0000] {dag.py:4180} INFO - Setting next_dagrun for latest_only_with_trigger to 2024-11-09 04:00:00+00:00, run_after=2024-11-09 08:00:00+00:00
[2024-11-09T10:31:30.592+0000] {processor.py:208} INFO - Processing /home/airflow/.local/lib/python3.12/site-packages/airflow/example_dags/example_latest_only_with_trigger.py took 0.161 seconds
[2024-11-09T10:32:00.744+0000] {processor.py:186} INFO - Started process (PID=1238) to work on /home/airflow/.local/lib/python3.12/site-packages/airflow/example_dags/example_latest_only_with_trigger.py
[2024-11-09T10:32:00.746+0000] {processor.py:914} INFO - Processing file /home/airflow/.local/lib/python3.12/site-packages/airflow/example_dags/example_latest_only_with_trigger.py for tasks to queue
[2024-11-09T10:32:00.752+0000] {logging_mixin.py:190} INFO - [2024-11-09T10:32:00.751+0000] {dagbag.py:588} INFO - Filling up the DagBag from /home/airflow/.local/lib/python3.12/site-packages/airflow/example_dags/example_latest_only_with_trigger.py
[2024-11-09T10:32:00.763+0000] {processor.py:925} INFO - DAG(s) 'latest_only_with_trigger' retrieved from /home/airflow/.local/lib/python3.12/site-packages/airflow/example_dags/example_latest_only_with_trigger.py
[2024-11-09T10:32:00.789+0000] {logging_mixin.py:190} INFO - [2024-11-09T10:32:00.789+0000] {dag.py:3239} INFO - Sync 1 DAGs
[2024-11-09T10:32:00.823+0000] {logging_mixin.py:190} INFO - [2024-11-09T10:32:00.823+0000] {dag.py:4180} INFO - Setting next_dagrun for latest_only_with_trigger to 2024-11-09 04:00:00+00:00, run_after=2024-11-09 08:00:00+00:00
[2024-11-09T10:32:00.855+0000] {processor.py:208} INFO - Processing /home/airflow/.local/lib/python3.12/site-packages/airflow/example_dags/example_latest_only_with_trigger.py took 0.117 seconds
[2024-11-09T10:32:31.215+0000] {processor.py:186} INFO - Started process (PID=1302) to work on /home/airflow/.local/lib/python3.12/site-packages/airflow/example_dags/example_latest_only_with_trigger.py
[2024-11-09T10:32:31.217+0000] {processor.py:914} INFO - Processing file /home/airflow/.local/lib/python3.12/site-packages/airflow/example_dags/example_latest_only_with_trigger.py for tasks to queue
[2024-11-09T10:32:31.222+0000] {logging_mixin.py:190} INFO - [2024-11-09T10:32:31.221+0000] {dagbag.py:588} INFO - Filling up the DagBag from /home/airflow/.local/lib/python3.12/site-packages/airflow/example_dags/example_latest_only_with_trigger.py
[2024-11-09T10:32:31.236+0000] {processor.py:925} INFO - DAG(s) 'latest_only_with_trigger' retrieved from /home/airflow/.local/lib/python3.12/site-packages/airflow/example_dags/example_latest_only_with_trigger.py
[2024-11-09T10:32:31.285+0000] {logging_mixin.py:190} INFO - [2024-11-09T10:32:31.285+0000] {dag.py:3239} INFO - Sync 1 DAGs
[2024-11-09T10:32:31.342+0000] {logging_mixin.py:190} INFO - [2024-11-09T10:32:31.341+0000] {dag.py:4180} INFO - Setting next_dagrun for latest_only_with_trigger to 2024-11-09 04:00:00+00:00, run_after=2024-11-09 08:00:00+00:00
[2024-11-09T10:32:31.379+0000] {processor.py:208} INFO - Processing /home/airflow/.local/lib/python3.12/site-packages/airflow/example_dags/example_latest_only_with_trigger.py took 0.174 seconds
[2024-11-09T10:53:08.562+0000] {processor.py:186} INFO - Started process (PID=81) to work on /home/airflow/.local/lib/python3.12/site-packages/airflow/example_dags/example_latest_only_with_trigger.py
[2024-11-09T10:53:08.564+0000] {processor.py:914} INFO - Processing file /home/airflow/.local/lib/python3.12/site-packages/airflow/example_dags/example_latest_only_with_trigger.py for tasks to queue
[2024-11-09T10:53:08.568+0000] {logging_mixin.py:190} INFO - [2024-11-09T10:53:08.568+0000] {dagbag.py:588} INFO - Filling up the DagBag from /home/airflow/.local/lib/python3.12/site-packages/airflow/example_dags/example_latest_only_with_trigger.py
[2024-11-09T10:53:08.579+0000] {processor.py:925} INFO - DAG(s) 'latest_only_with_trigger' retrieved from /home/airflow/.local/lib/python3.12/site-packages/airflow/example_dags/example_latest_only_with_trigger.py
[2024-11-09T10:53:08.631+0000] {logging_mixin.py:190} INFO - [2024-11-09T10:53:08.631+0000] {dag.py:3239} INFO - Sync 1 DAGs
[2024-11-09T10:53:08.776+0000] {logging_mixin.py:190} INFO - [2024-11-09T10:53:08.775+0000] {dag.py:4180} INFO - Setting next_dagrun for latest_only_with_trigger to 2024-11-09 04:00:00+00:00, run_after=2024-11-09 08:00:00+00:00
[2024-11-09T10:53:08.809+0000] {processor.py:208} INFO - Processing /home/airflow/.local/lib/python3.12/site-packages/airflow/example_dags/example_latest_only_with_trigger.py took 0.255 seconds
