[2024-11-09T08:52:38.804+0000] {processor.py:186} INFO - Started process (PID=80) to work on /home/airflow/.local/lib/python3.12/site-packages/airflow/example_dags/example_task_group_decorator.py
[2024-11-09T08:52:38.815+0000] {processor.py:914} INFO - Processing file /home/airflow/.local/lib/python3.12/site-packages/airflow/example_dags/example_task_group_decorator.py for tasks to queue
[2024-11-09T08:52:38.854+0000] {logging_mixin.py:190} INFO - [2024-11-09T08:52:38.848+0000] {dagbag.py:588} INFO - Filling up the DagBag from /home/airflow/.local/lib/python3.12/site-packages/airflow/example_dags/example_task_group_decorator.py
[2024-11-09T08:52:39.107+0000] {processor.py:925} INFO - DAG(s) 'example_task_group_decorator' retrieved from /home/airflow/.local/lib/python3.12/site-packages/airflow/example_dags/example_task_group_decorator.py
[2024-11-09T08:52:39.657+0000] {logging_mixin.py:190} INFO - [2024-11-09T08:52:39.657+0000] {dag.py:3239} INFO - Sync 1 DAGs
[2024-11-09T08:52:39.839+0000] {logging_mixin.py:190} INFO - [2024-11-09T08:52:39.839+0000] {dag.py:4180} INFO - Setting next_dagrun for example_task_group_decorator to None, run_after=None
[2024-11-09T08:52:40.029+0000] {processor.py:208} INFO - Processing /home/airflow/.local/lib/python3.12/site-packages/airflow/example_dags/example_task_group_decorator.py took 1.298 seconds
[2024-11-09T08:53:10.876+0000] {processor.py:186} INFO - Started process (PID=142) to work on /home/airflow/.local/lib/python3.12/site-packages/airflow/example_dags/example_task_group_decorator.py
[2024-11-09T08:53:11.095+0000] {processor.py:914} INFO - Processing file /home/airflow/.local/lib/python3.12/site-packages/airflow/example_dags/example_task_group_decorator.py for tasks to queue
[2024-11-09T08:53:11.138+0000] {logging_mixin.py:190} INFO - [2024-11-09T08:53:11.136+0000] {dagbag.py:588} INFO - Filling up the DagBag from /home/airflow/.local/lib/python3.12/site-packages/airflow/example_dags/example_task_group_decorator.py
[2024-11-09T08:53:11.159+0000] {processor.py:925} INFO - DAG(s) 'example_task_group_decorator' retrieved from /home/airflow/.local/lib/python3.12/site-packages/airflow/example_dags/example_task_group_decorator.py
[2024-11-09T08:53:11.196+0000] {logging_mixin.py:190} INFO - [2024-11-09T08:53:11.196+0000] {dag.py:3239} INFO - Sync 1 DAGs
[2024-11-09T08:53:11.216+0000] {logging_mixin.py:190} INFO - [2024-11-09T08:53:11.215+0000] {dag.py:4180} INFO - Setting next_dagrun for example_task_group_decorator to None, run_after=None
[2024-11-09T08:53:11.256+0000] {processor.py:208} INFO - Processing /home/airflow/.local/lib/python3.12/site-packages/airflow/example_dags/example_task_group_decorator.py took 0.387 seconds
[2024-11-09T08:53:41.768+0000] {processor.py:186} INFO - Started process (PID=206) to work on /home/airflow/.local/lib/python3.12/site-packages/airflow/example_dags/example_task_group_decorator.py
[2024-11-09T08:53:41.772+0000] {processor.py:914} INFO - Processing file /home/airflow/.local/lib/python3.12/site-packages/airflow/example_dags/example_task_group_decorator.py for tasks to queue
[2024-11-09T08:53:41.776+0000] {logging_mixin.py:190} INFO - [2024-11-09T08:53:41.775+0000] {dagbag.py:588} INFO - Filling up the DagBag from /home/airflow/.local/lib/python3.12/site-packages/airflow/example_dags/example_task_group_decorator.py
[2024-11-09T08:53:41.802+0000] {processor.py:925} INFO - DAG(s) 'example_task_group_decorator' retrieved from /home/airflow/.local/lib/python3.12/site-packages/airflow/example_dags/example_task_group_decorator.py
[2024-11-09T08:53:41.915+0000] {logging_mixin.py:190} INFO - [2024-11-09T08:53:41.915+0000] {dag.py:3239} INFO - Sync 1 DAGs
[2024-11-09T08:53:41.934+0000] {logging_mixin.py:190} INFO - [2024-11-09T08:53:41.934+0000] {dag.py:4180} INFO - Setting next_dagrun for example_task_group_decorator to None, run_after=None
[2024-11-09T08:53:42.003+0000] {processor.py:208} INFO - Processing /home/airflow/.local/lib/python3.12/site-packages/airflow/example_dags/example_task_group_decorator.py took 0.246 seconds
[2024-11-09T08:54:12.851+0000] {processor.py:186} INFO - Started process (PID=271) to work on /home/airflow/.local/lib/python3.12/site-packages/airflow/example_dags/example_task_group_decorator.py
[2024-11-09T08:54:12.860+0000] {processor.py:914} INFO - Processing file /home/airflow/.local/lib/python3.12/site-packages/airflow/example_dags/example_task_group_decorator.py for tasks to queue
[2024-11-09T08:54:12.866+0000] {logging_mixin.py:190} INFO - [2024-11-09T08:54:12.865+0000] {dagbag.py:588} INFO - Filling up the DagBag from /home/airflow/.local/lib/python3.12/site-packages/airflow/example_dags/example_task_group_decorator.py
[2024-11-09T08:54:12.900+0000] {processor.py:925} INFO - DAG(s) 'example_task_group_decorator' retrieved from /home/airflow/.local/lib/python3.12/site-packages/airflow/example_dags/example_task_group_decorator.py
[2024-11-09T08:54:12.937+0000] {logging_mixin.py:190} INFO - [2024-11-09T08:54:12.936+0000] {dag.py:3239} INFO - Sync 1 DAGs
[2024-11-09T08:54:12.955+0000] {logging_mixin.py:190} INFO - [2024-11-09T08:54:12.954+0000] {dag.py:4180} INFO - Setting next_dagrun for example_task_group_decorator to None, run_after=None
[2024-11-09T08:54:12.977+0000] {processor.py:208} INFO - Processing /home/airflow/.local/lib/python3.12/site-packages/airflow/example_dags/example_task_group_decorator.py took 0.143 seconds
[2024-11-09T08:54:43.266+0000] {processor.py:186} INFO - Started process (PID=335) to work on /home/airflow/.local/lib/python3.12/site-packages/airflow/example_dags/example_task_group_decorator.py
[2024-11-09T08:54:43.267+0000] {processor.py:914} INFO - Processing file /home/airflow/.local/lib/python3.12/site-packages/airflow/example_dags/example_task_group_decorator.py for tasks to queue
[2024-11-09T08:54:43.270+0000] {logging_mixin.py:190} INFO - [2024-11-09T08:54:43.270+0000] {dagbag.py:588} INFO - Filling up the DagBag from /home/airflow/.local/lib/python3.12/site-packages/airflow/example_dags/example_task_group_decorator.py
[2024-11-09T08:54:43.293+0000] {processor.py:925} INFO - DAG(s) 'example_task_group_decorator' retrieved from /home/airflow/.local/lib/python3.12/site-packages/airflow/example_dags/example_task_group_decorator.py
[2024-11-09T08:54:43.333+0000] {logging_mixin.py:190} INFO - [2024-11-09T08:54:43.333+0000] {dag.py:3239} INFO - Sync 1 DAGs
[2024-11-09T08:54:43.352+0000] {logging_mixin.py:190} INFO - [2024-11-09T08:54:43.352+0000] {dag.py:4180} INFO - Setting next_dagrun for example_task_group_decorator to None, run_after=None
[2024-11-09T08:54:43.381+0000] {processor.py:208} INFO - Processing /home/airflow/.local/lib/python3.12/site-packages/airflow/example_dags/example_task_group_decorator.py took 0.124 seconds
[2024-11-09T08:55:13.545+0000] {processor.py:186} INFO - Started process (PID=400) to work on /home/airflow/.local/lib/python3.12/site-packages/airflow/example_dags/example_task_group_decorator.py
[2024-11-09T08:55:13.547+0000] {processor.py:914} INFO - Processing file /home/airflow/.local/lib/python3.12/site-packages/airflow/example_dags/example_task_group_decorator.py for tasks to queue
[2024-11-09T08:55:13.550+0000] {logging_mixin.py:190} INFO - [2024-11-09T08:55:13.550+0000] {dagbag.py:588} INFO - Filling up the DagBag from /home/airflow/.local/lib/python3.12/site-packages/airflow/example_dags/example_task_group_decorator.py
[2024-11-09T08:55:13.572+0000] {processor.py:925} INFO - DAG(s) 'example_task_group_decorator' retrieved from /home/airflow/.local/lib/python3.12/site-packages/airflow/example_dags/example_task_group_decorator.py
[2024-11-09T08:55:13.606+0000] {logging_mixin.py:190} INFO - [2024-11-09T08:55:13.606+0000] {dag.py:3239} INFO - Sync 1 DAGs
[2024-11-09T08:55:13.628+0000] {logging_mixin.py:190} INFO - [2024-11-09T08:55:13.628+0000] {dag.py:4180} INFO - Setting next_dagrun for example_task_group_decorator to None, run_after=None
[2024-11-09T08:55:13.718+0000] {processor.py:208} INFO - Processing /home/airflow/.local/lib/python3.12/site-packages/airflow/example_dags/example_task_group_decorator.py took 0.181 seconds
[2024-11-09T08:55:43.856+0000] {processor.py:186} INFO - Started process (PID=463) to work on /home/airflow/.local/lib/python3.12/site-packages/airflow/example_dags/example_task_group_decorator.py
[2024-11-09T08:55:43.860+0000] {processor.py:914} INFO - Processing file /home/airflow/.local/lib/python3.12/site-packages/airflow/example_dags/example_task_group_decorator.py for tasks to queue
[2024-11-09T08:55:43.869+0000] {logging_mixin.py:190} INFO - [2024-11-09T08:55:43.867+0000] {dagbag.py:588} INFO - Filling up the DagBag from /home/airflow/.local/lib/python3.12/site-packages/airflow/example_dags/example_task_group_decorator.py
[2024-11-09T08:55:43.940+0000] {processor.py:925} INFO - DAG(s) 'example_task_group_decorator' retrieved from /home/airflow/.local/lib/python3.12/site-packages/airflow/example_dags/example_task_group_decorator.py
[2024-11-09T08:55:44.010+0000] {logging_mixin.py:190} INFO - [2024-11-09T08:55:44.009+0000] {dag.py:3239} INFO - Sync 1 DAGs
[2024-11-09T08:55:44.045+0000] {logging_mixin.py:190} INFO - [2024-11-09T08:55:44.044+0000] {dag.py:4180} INFO - Setting next_dagrun for example_task_group_decorator to None, run_after=None
[2024-11-09T08:55:44.099+0000] {processor.py:208} INFO - Processing /home/airflow/.local/lib/python3.12/site-packages/airflow/example_dags/example_task_group_decorator.py took 0.277 seconds
[2024-11-09T08:56:14.936+0000] {processor.py:186} INFO - Started process (PID=527) to work on /home/airflow/.local/lib/python3.12/site-packages/airflow/example_dags/example_task_group_decorator.py
[2024-11-09T08:56:14.939+0000] {processor.py:914} INFO - Processing file /home/airflow/.local/lib/python3.12/site-packages/airflow/example_dags/example_task_group_decorator.py for tasks to queue
[2024-11-09T08:56:14.948+0000] {logging_mixin.py:190} INFO - [2024-11-09T08:56:14.947+0000] {dagbag.py:588} INFO - Filling up the DagBag from /home/airflow/.local/lib/python3.12/site-packages/airflow/example_dags/example_task_group_decorator.py
[2024-11-09T08:56:15.002+0000] {processor.py:925} INFO - DAG(s) 'example_task_group_decorator' retrieved from /home/airflow/.local/lib/python3.12/site-packages/airflow/example_dags/example_task_group_decorator.py
[2024-11-09T08:56:15.076+0000] {logging_mixin.py:190} INFO - [2024-11-09T08:56:15.075+0000] {dag.py:3239} INFO - Sync 1 DAGs
[2024-11-09T08:56:15.100+0000] {logging_mixin.py:190} INFO - [2024-11-09T08:56:15.099+0000] {dag.py:4180} INFO - Setting next_dagrun for example_task_group_decorator to None, run_after=None
[2024-11-09T08:56:15.131+0000] {processor.py:208} INFO - Processing /home/airflow/.local/lib/python3.12/site-packages/airflow/example_dags/example_task_group_decorator.py took 0.218 seconds
[2024-11-09T08:56:45.394+0000] {processor.py:186} INFO - Started process (PID=591) to work on /home/airflow/.local/lib/python3.12/site-packages/airflow/example_dags/example_task_group_decorator.py
[2024-11-09T08:56:45.398+0000] {processor.py:914} INFO - Processing file /home/airflow/.local/lib/python3.12/site-packages/airflow/example_dags/example_task_group_decorator.py for tasks to queue
[2024-11-09T08:56:45.409+0000] {logging_mixin.py:190} INFO - [2024-11-09T08:56:45.407+0000] {dagbag.py:588} INFO - Filling up the DagBag from /home/airflow/.local/lib/python3.12/site-packages/airflow/example_dags/example_task_group_decorator.py
[2024-11-09T08:56:45.452+0000] {processor.py:925} INFO - DAG(s) 'example_task_group_decorator' retrieved from /home/airflow/.local/lib/python3.12/site-packages/airflow/example_dags/example_task_group_decorator.py
[2024-11-09T08:56:45.520+0000] {logging_mixin.py:190} INFO - [2024-11-09T08:56:45.520+0000] {dag.py:3239} INFO - Sync 1 DAGs
[2024-11-09T08:56:45.538+0000] {logging_mixin.py:190} INFO - [2024-11-09T08:56:45.537+0000] {dag.py:4180} INFO - Setting next_dagrun for example_task_group_decorator to None, run_after=None
[2024-11-09T08:56:45.770+0000] {processor.py:208} INFO - Processing /home/airflow/.local/lib/python3.12/site-packages/airflow/example_dags/example_task_group_decorator.py took 0.405 seconds
[2024-11-09T08:57:16.814+0000] {processor.py:186} INFO - Started process (PID=660) to work on /home/airflow/.local/lib/python3.12/site-packages/airflow/example_dags/example_task_group_decorator.py
[2024-11-09T08:57:16.815+0000] {processor.py:914} INFO - Processing file /home/airflow/.local/lib/python3.12/site-packages/airflow/example_dags/example_task_group_decorator.py for tasks to queue
[2024-11-09T08:57:16.819+0000] {logging_mixin.py:190} INFO - [2024-11-09T08:57:16.819+0000] {dagbag.py:588} INFO - Filling up the DagBag from /home/airflow/.local/lib/python3.12/site-packages/airflow/example_dags/example_task_group_decorator.py
[2024-11-09T08:57:16.844+0000] {processor.py:925} INFO - DAG(s) 'example_task_group_decorator' retrieved from /home/airflow/.local/lib/python3.12/site-packages/airflow/example_dags/example_task_group_decorator.py
[2024-11-09T08:57:16.877+0000] {logging_mixin.py:190} INFO - [2024-11-09T08:57:16.877+0000] {dag.py:3239} INFO - Sync 1 DAGs
[2024-11-09T08:57:16.896+0000] {logging_mixin.py:190} INFO - [2024-11-09T08:57:16.896+0000] {dag.py:4180} INFO - Setting next_dagrun for example_task_group_decorator to None, run_after=None
[2024-11-09T08:57:17.201+0000] {processor.py:208} INFO - Processing /home/airflow/.local/lib/python3.12/site-packages/airflow/example_dags/example_task_group_decorator.py took 0.395 seconds
[2024-11-09T08:57:47.791+0000] {processor.py:186} INFO - Started process (PID=724) to work on /home/airflow/.local/lib/python3.12/site-packages/airflow/example_dags/example_task_group_decorator.py
[2024-11-09T08:57:47.794+0000] {processor.py:914} INFO - Processing file /home/airflow/.local/lib/python3.12/site-packages/airflow/example_dags/example_task_group_decorator.py for tasks to queue
[2024-11-09T08:57:47.801+0000] {logging_mixin.py:190} INFO - [2024-11-09T08:57:47.800+0000] {dagbag.py:588} INFO - Filling up the DagBag from /home/airflow/.local/lib/python3.12/site-packages/airflow/example_dags/example_task_group_decorator.py
[2024-11-09T08:57:47.846+0000] {processor.py:925} INFO - DAG(s) 'example_task_group_decorator' retrieved from /home/airflow/.local/lib/python3.12/site-packages/airflow/example_dags/example_task_group_decorator.py
[2024-11-09T08:57:47.891+0000] {logging_mixin.py:190} INFO - [2024-11-09T08:57:47.891+0000] {dag.py:3239} INFO - Sync 1 DAGs
[2024-11-09T08:57:47.912+0000] {logging_mixin.py:190} INFO - [2024-11-09T08:57:47.912+0000] {dag.py:4180} INFO - Setting next_dagrun for example_task_group_decorator to None, run_after=None
[2024-11-09T08:57:48.139+0000] {processor.py:208} INFO - Processing /home/airflow/.local/lib/python3.12/site-packages/airflow/example_dags/example_task_group_decorator.py took 0.357 seconds
[2024-11-09T08:58:19.192+0000] {processor.py:186} INFO - Started process (PID=787) to work on /home/airflow/.local/lib/python3.12/site-packages/airflow/example_dags/example_task_group_decorator.py
[2024-11-09T08:58:19.193+0000] {processor.py:914} INFO - Processing file /home/airflow/.local/lib/python3.12/site-packages/airflow/example_dags/example_task_group_decorator.py for tasks to queue
[2024-11-09T08:58:19.196+0000] {logging_mixin.py:190} INFO - [2024-11-09T08:58:19.196+0000] {dagbag.py:588} INFO - Filling up the DagBag from /home/airflow/.local/lib/python3.12/site-packages/airflow/example_dags/example_task_group_decorator.py
[2024-11-09T08:58:19.217+0000] {processor.py:925} INFO - DAG(s) 'example_task_group_decorator' retrieved from /home/airflow/.local/lib/python3.12/site-packages/airflow/example_dags/example_task_group_decorator.py
[2024-11-09T08:58:19.261+0000] {logging_mixin.py:190} INFO - [2024-11-09T08:58:19.261+0000] {dag.py:3239} INFO - Sync 1 DAGs
[2024-11-09T08:58:19.333+0000] {logging_mixin.py:190} INFO - [2024-11-09T08:58:19.332+0000] {dag.py:4180} INFO - Setting next_dagrun for example_task_group_decorator to None, run_after=None
[2024-11-09T08:58:19.428+0000] {processor.py:208} INFO - Processing /home/airflow/.local/lib/python3.12/site-packages/airflow/example_dags/example_task_group_decorator.py took 0.246 seconds
[2024-11-09T10:15:35.734+0000] {processor.py:186} INFO - Started process (PID=73) to work on /home/airflow/.local/lib/python3.12/site-packages/airflow/example_dags/example_task_group_decorator.py
[2024-11-09T10:15:35.736+0000] {processor.py:914} INFO - Processing file /home/airflow/.local/lib/python3.12/site-packages/airflow/example_dags/example_task_group_decorator.py for tasks to queue
[2024-11-09T10:15:35.739+0000] {logging_mixin.py:190} INFO - [2024-11-09T10:15:35.738+0000] {dagbag.py:588} INFO - Filling up the DagBag from /home/airflow/.local/lib/python3.12/site-packages/airflow/example_dags/example_task_group_decorator.py
[2024-11-09T10:15:35.760+0000] {processor.py:925} INFO - DAG(s) 'example_task_group_decorator' retrieved from /home/airflow/.local/lib/python3.12/site-packages/airflow/example_dags/example_task_group_decorator.py
[2024-11-09T10:15:35.863+0000] {logging_mixin.py:190} INFO - [2024-11-09T10:15:35.863+0000] {dag.py:3239} INFO - Sync 1 DAGs
[2024-11-09T10:15:35.898+0000] {logging_mixin.py:190} INFO - [2024-11-09T10:15:35.898+0000] {dag.py:4180} INFO - Setting next_dagrun for example_task_group_decorator to None, run_after=None
[2024-11-09T10:15:35.934+0000] {processor.py:208} INFO - Processing /home/airflow/.local/lib/python3.12/site-packages/airflow/example_dags/example_task_group_decorator.py took 0.207 seconds
[2024-11-09T10:16:06.059+0000] {processor.py:186} INFO - Started process (PID=137) to work on /home/airflow/.local/lib/python3.12/site-packages/airflow/example_dags/example_task_group_decorator.py
[2024-11-09T10:16:06.060+0000] {processor.py:914} INFO - Processing file /home/airflow/.local/lib/python3.12/site-packages/airflow/example_dags/example_task_group_decorator.py for tasks to queue
[2024-11-09T10:16:06.062+0000] {logging_mixin.py:190} INFO - [2024-11-09T10:16:06.062+0000] {dagbag.py:588} INFO - Filling up the DagBag from /home/airflow/.local/lib/python3.12/site-packages/airflow/example_dags/example_task_group_decorator.py
[2024-11-09T10:16:06.085+0000] {processor.py:925} INFO - DAG(s) 'example_task_group_decorator' retrieved from /home/airflow/.local/lib/python3.12/site-packages/airflow/example_dags/example_task_group_decorator.py
[2024-11-09T10:16:06.128+0000] {logging_mixin.py:190} INFO - [2024-11-09T10:16:06.127+0000] {dag.py:3239} INFO - Sync 1 DAGs
[2024-11-09T10:16:06.152+0000] {logging_mixin.py:190} INFO - [2024-11-09T10:16:06.152+0000] {dag.py:4180} INFO - Setting next_dagrun for example_task_group_decorator to None, run_after=None
[2024-11-09T10:16:06.180+0000] {processor.py:208} INFO - Processing /home/airflow/.local/lib/python3.12/site-packages/airflow/example_dags/example_task_group_decorator.py took 0.128 seconds
[2024-11-09T10:16:36.649+0000] {processor.py:186} INFO - Started process (PID=201) to work on /home/airflow/.local/lib/python3.12/site-packages/airflow/example_dags/example_task_group_decorator.py
[2024-11-09T10:16:36.650+0000] {processor.py:914} INFO - Processing file /home/airflow/.local/lib/python3.12/site-packages/airflow/example_dags/example_task_group_decorator.py for tasks to queue
[2024-11-09T10:16:36.654+0000] {logging_mixin.py:190} INFO - [2024-11-09T10:16:36.653+0000] {dagbag.py:588} INFO - Filling up the DagBag from /home/airflow/.local/lib/python3.12/site-packages/airflow/example_dags/example_task_group_decorator.py
[2024-11-09T10:16:36.676+0000] {processor.py:925} INFO - DAG(s) 'example_task_group_decorator' retrieved from /home/airflow/.local/lib/python3.12/site-packages/airflow/example_dags/example_task_group_decorator.py
[2024-11-09T10:16:36.709+0000] {logging_mixin.py:190} INFO - [2024-11-09T10:16:36.709+0000] {dag.py:3239} INFO - Sync 1 DAGs
[2024-11-09T10:16:36.728+0000] {logging_mixin.py:190} INFO - [2024-11-09T10:16:36.728+0000] {dag.py:4180} INFO - Setting next_dagrun for example_task_group_decorator to None, run_after=None
[2024-11-09T10:16:36.786+0000] {processor.py:208} INFO - Processing /home/airflow/.local/lib/python3.12/site-packages/airflow/example_dags/example_task_group_decorator.py took 0.145 seconds
[2024-11-09T10:22:40.696+0000] {processor.py:186} INFO - Started process (PID=74) to work on /home/airflow/.local/lib/python3.12/site-packages/airflow/example_dags/example_task_group_decorator.py
[2024-11-09T10:22:40.702+0000] {processor.py:914} INFO - Processing file /home/airflow/.local/lib/python3.12/site-packages/airflow/example_dags/example_task_group_decorator.py for tasks to queue
[2024-11-09T10:22:40.714+0000] {logging_mixin.py:190} INFO - [2024-11-09T10:22:40.714+0000] {dagbag.py:588} INFO - Filling up the DagBag from /home/airflow/.local/lib/python3.12/site-packages/airflow/example_dags/example_task_group_decorator.py
[2024-11-09T10:22:40.759+0000] {processor.py:925} INFO - DAG(s) 'example_task_group_decorator' retrieved from /home/airflow/.local/lib/python3.12/site-packages/airflow/example_dags/example_task_group_decorator.py
[2024-11-09T10:22:41.013+0000] {logging_mixin.py:190} INFO - [2024-11-09T10:22:41.013+0000] {dag.py:3239} INFO - Sync 1 DAGs
[2024-11-09T10:22:41.088+0000] {logging_mixin.py:190} INFO - [2024-11-09T10:22:41.088+0000] {dag.py:4180} INFO - Setting next_dagrun for example_task_group_decorator to None, run_after=None
[2024-11-09T10:22:41.148+0000] {processor.py:208} INFO - Processing /home/airflow/.local/lib/python3.12/site-packages/airflow/example_dags/example_task_group_decorator.py took 0.481 seconds
[2024-11-09T10:23:11.421+0000] {processor.py:186} INFO - Started process (PID=137) to work on /home/airflow/.local/lib/python3.12/site-packages/airflow/example_dags/example_task_group_decorator.py
[2024-11-09T10:23:11.425+0000] {processor.py:914} INFO - Processing file /home/airflow/.local/lib/python3.12/site-packages/airflow/example_dags/example_task_group_decorator.py for tasks to queue
[2024-11-09T10:23:11.435+0000] {logging_mixin.py:190} INFO - [2024-11-09T10:23:11.433+0000] {dagbag.py:588} INFO - Filling up the DagBag from /home/airflow/.local/lib/python3.12/site-packages/airflow/example_dags/example_task_group_decorator.py
[2024-11-09T10:23:11.565+0000] {processor.py:925} INFO - DAG(s) 'example_task_group_decorator' retrieved from /home/airflow/.local/lib/python3.12/site-packages/airflow/example_dags/example_task_group_decorator.py
[2024-11-09T10:23:11.616+0000] {logging_mixin.py:190} INFO - [2024-11-09T10:23:11.616+0000] {dag.py:3239} INFO - Sync 1 DAGs
[2024-11-09T10:23:11.635+0000] {logging_mixin.py:190} INFO - [2024-11-09T10:23:11.635+0000] {dag.py:4180} INFO - Setting next_dagrun for example_task_group_decorator to None, run_after=None
[2024-11-09T10:23:11.664+0000] {processor.py:208} INFO - Processing /home/airflow/.local/lib/python3.12/site-packages/airflow/example_dags/example_task_group_decorator.py took 0.252 seconds
[2024-11-09T10:23:42.203+0000] {processor.py:186} INFO - Started process (PID=201) to work on /home/airflow/.local/lib/python3.12/site-packages/airflow/example_dags/example_task_group_decorator.py
[2024-11-09T10:23:42.204+0000] {processor.py:914} INFO - Processing file /home/airflow/.local/lib/python3.12/site-packages/airflow/example_dags/example_task_group_decorator.py for tasks to queue
[2024-11-09T10:23:42.208+0000] {logging_mixin.py:190} INFO - [2024-11-09T10:23:42.207+0000] {dagbag.py:588} INFO - Filling up the DagBag from /home/airflow/.local/lib/python3.12/site-packages/airflow/example_dags/example_task_group_decorator.py
[2024-11-09T10:23:42.234+0000] {processor.py:925} INFO - DAG(s) 'example_task_group_decorator' retrieved from /home/airflow/.local/lib/python3.12/site-packages/airflow/example_dags/example_task_group_decorator.py
[2024-11-09T10:23:42.271+0000] {logging_mixin.py:190} INFO - [2024-11-09T10:23:42.271+0000] {dag.py:3239} INFO - Sync 1 DAGs
[2024-11-09T10:23:42.293+0000] {logging_mixin.py:190} INFO - [2024-11-09T10:23:42.293+0000] {dag.py:4180} INFO - Setting next_dagrun for example_task_group_decorator to None, run_after=None
[2024-11-09T10:23:42.339+0000] {processor.py:208} INFO - Processing /home/airflow/.local/lib/python3.12/site-packages/airflow/example_dags/example_task_group_decorator.py took 0.143 seconds
[2024-11-09T10:24:13.136+0000] {processor.py:186} INFO - Started process (PID=265) to work on /home/airflow/.local/lib/python3.12/site-packages/airflow/example_dags/example_task_group_decorator.py
[2024-11-09T10:24:13.139+0000] {processor.py:914} INFO - Processing file /home/airflow/.local/lib/python3.12/site-packages/airflow/example_dags/example_task_group_decorator.py for tasks to queue
[2024-11-09T10:24:13.142+0000] {logging_mixin.py:190} INFO - [2024-11-09T10:24:13.142+0000] {dagbag.py:588} INFO - Filling up the DagBag from /home/airflow/.local/lib/python3.12/site-packages/airflow/example_dags/example_task_group_decorator.py
[2024-11-09T10:24:13.164+0000] {processor.py:925} INFO - DAG(s) 'example_task_group_decorator' retrieved from /home/airflow/.local/lib/python3.12/site-packages/airflow/example_dags/example_task_group_decorator.py
[2024-11-09T10:24:13.196+0000] {logging_mixin.py:190} INFO - [2024-11-09T10:24:13.196+0000] {dag.py:3239} INFO - Sync 1 DAGs
[2024-11-09T10:24:13.215+0000] {logging_mixin.py:190} INFO - [2024-11-09T10:24:13.215+0000] {dag.py:4180} INFO - Setting next_dagrun for example_task_group_decorator to None, run_after=None
[2024-11-09T10:24:13.245+0000] {processor.py:208} INFO - Processing /home/airflow/.local/lib/python3.12/site-packages/airflow/example_dags/example_task_group_decorator.py took 0.117 seconds
[2024-11-09T10:24:43.728+0000] {processor.py:186} INFO - Started process (PID=329) to work on /home/airflow/.local/lib/python3.12/site-packages/airflow/example_dags/example_task_group_decorator.py
[2024-11-09T10:24:43.741+0000] {processor.py:914} INFO - Processing file /home/airflow/.local/lib/python3.12/site-packages/airflow/example_dags/example_task_group_decorator.py for tasks to queue
[2024-11-09T10:24:43.744+0000] {logging_mixin.py:190} INFO - [2024-11-09T10:24:43.743+0000] {dagbag.py:588} INFO - Filling up the DagBag from /home/airflow/.local/lib/python3.12/site-packages/airflow/example_dags/example_task_group_decorator.py
[2024-11-09T10:24:43.762+0000] {processor.py:925} INFO - DAG(s) 'example_task_group_decorator' retrieved from /home/airflow/.local/lib/python3.12/site-packages/airflow/example_dags/example_task_group_decorator.py
[2024-11-09T10:24:43.792+0000] {logging_mixin.py:190} INFO - [2024-11-09T10:24:43.792+0000] {dag.py:3239} INFO - Sync 1 DAGs
[2024-11-09T10:24:43.811+0000] {logging_mixin.py:190} INFO - [2024-11-09T10:24:43.811+0000] {dag.py:4180} INFO - Setting next_dagrun for example_task_group_decorator to None, run_after=None
[2024-11-09T10:24:43.844+0000] {processor.py:208} INFO - Processing /home/airflow/.local/lib/python3.12/site-packages/airflow/example_dags/example_task_group_decorator.py took 0.124 seconds
[2024-11-09T10:25:14.203+0000] {processor.py:186} INFO - Started process (PID=393) to work on /home/airflow/.local/lib/python3.12/site-packages/airflow/example_dags/example_task_group_decorator.py
[2024-11-09T10:25:14.206+0000] {processor.py:914} INFO - Processing file /home/airflow/.local/lib/python3.12/site-packages/airflow/example_dags/example_task_group_decorator.py for tasks to queue
[2024-11-09T10:25:14.209+0000] {logging_mixin.py:190} INFO - [2024-11-09T10:25:14.208+0000] {dagbag.py:588} INFO - Filling up the DagBag from /home/airflow/.local/lib/python3.12/site-packages/airflow/example_dags/example_task_group_decorator.py
[2024-11-09T10:25:14.228+0000] {processor.py:925} INFO - DAG(s) 'example_task_group_decorator' retrieved from /home/airflow/.local/lib/python3.12/site-packages/airflow/example_dags/example_task_group_decorator.py
[2024-11-09T10:25:14.264+0000] {logging_mixin.py:190} INFO - [2024-11-09T10:25:14.264+0000] {dag.py:3239} INFO - Sync 1 DAGs
[2024-11-09T10:25:14.289+0000] {logging_mixin.py:190} INFO - [2024-11-09T10:25:14.288+0000] {dag.py:4180} INFO - Setting next_dagrun for example_task_group_decorator to None, run_after=None
[2024-11-09T10:25:14.327+0000] {processor.py:208} INFO - Processing /home/airflow/.local/lib/python3.12/site-packages/airflow/example_dags/example_task_group_decorator.py took 0.132 seconds
[2024-11-09T10:25:44.516+0000] {processor.py:186} INFO - Started process (PID=457) to work on /home/airflow/.local/lib/python3.12/site-packages/airflow/example_dags/example_task_group_decorator.py
[2024-11-09T10:25:44.523+0000] {processor.py:914} INFO - Processing file /home/airflow/.local/lib/python3.12/site-packages/airflow/example_dags/example_task_group_decorator.py for tasks to queue
[2024-11-09T10:25:44.526+0000] {logging_mixin.py:190} INFO - [2024-11-09T10:25:44.526+0000] {dagbag.py:588} INFO - Filling up the DagBag from /home/airflow/.local/lib/python3.12/site-packages/airflow/example_dags/example_task_group_decorator.py
[2024-11-09T10:25:44.546+0000] {processor.py:925} INFO - DAG(s) 'example_task_group_decorator' retrieved from /home/airflow/.local/lib/python3.12/site-packages/airflow/example_dags/example_task_group_decorator.py
[2024-11-09T10:25:44.578+0000] {logging_mixin.py:190} INFO - [2024-11-09T10:25:44.577+0000] {dag.py:3239} INFO - Sync 1 DAGs
[2024-11-09T10:25:44.596+0000] {logging_mixin.py:190} INFO - [2024-11-09T10:25:44.596+0000] {dag.py:4180} INFO - Setting next_dagrun for example_task_group_decorator to None, run_after=None
[2024-11-09T10:25:44.657+0000] {processor.py:208} INFO - Processing /home/airflow/.local/lib/python3.12/site-packages/airflow/example_dags/example_task_group_decorator.py took 0.148 seconds
[2024-11-09T10:26:14.944+0000] {processor.py:186} INFO - Started process (PID=521) to work on /home/airflow/.local/lib/python3.12/site-packages/airflow/example_dags/example_task_group_decorator.py
[2024-11-09T10:26:14.946+0000] {processor.py:914} INFO - Processing file /home/airflow/.local/lib/python3.12/site-packages/airflow/example_dags/example_task_group_decorator.py for tasks to queue
[2024-11-09T10:26:14.951+0000] {logging_mixin.py:190} INFO - [2024-11-09T10:26:14.950+0000] {dagbag.py:588} INFO - Filling up the DagBag from /home/airflow/.local/lib/python3.12/site-packages/airflow/example_dags/example_task_group_decorator.py
[2024-11-09T10:26:14.973+0000] {processor.py:925} INFO - DAG(s) 'example_task_group_decorator' retrieved from /home/airflow/.local/lib/python3.12/site-packages/airflow/example_dags/example_task_group_decorator.py
[2024-11-09T10:26:15.007+0000] {logging_mixin.py:190} INFO - [2024-11-09T10:26:15.007+0000] {dag.py:3239} INFO - Sync 1 DAGs
[2024-11-09T10:26:15.026+0000] {logging_mixin.py:190} INFO - [2024-11-09T10:26:15.026+0000] {dag.py:4180} INFO - Setting next_dagrun for example_task_group_decorator to None, run_after=None
[2024-11-09T10:26:15.189+0000] {processor.py:208} INFO - Processing /home/airflow/.local/lib/python3.12/site-packages/airflow/example_dags/example_task_group_decorator.py took 0.254 seconds
[2024-11-09T10:26:45.687+0000] {processor.py:186} INFO - Started process (PID=585) to work on /home/airflow/.local/lib/python3.12/site-packages/airflow/example_dags/example_task_group_decorator.py
[2024-11-09T10:26:45.688+0000] {processor.py:914} INFO - Processing file /home/airflow/.local/lib/python3.12/site-packages/airflow/example_dags/example_task_group_decorator.py for tasks to queue
[2024-11-09T10:26:45.691+0000] {logging_mixin.py:190} INFO - [2024-11-09T10:26:45.691+0000] {dagbag.py:588} INFO - Filling up the DagBag from /home/airflow/.local/lib/python3.12/site-packages/airflow/example_dags/example_task_group_decorator.py
[2024-11-09T10:26:45.709+0000] {processor.py:925} INFO - DAG(s) 'example_task_group_decorator' retrieved from /home/airflow/.local/lib/python3.12/site-packages/airflow/example_dags/example_task_group_decorator.py
[2024-11-09T10:26:45.737+0000] {logging_mixin.py:190} INFO - [2024-11-09T10:26:45.737+0000] {dag.py:3239} INFO - Sync 1 DAGs
[2024-11-09T10:26:45.754+0000] {logging_mixin.py:190} INFO - [2024-11-09T10:26:45.754+0000] {dag.py:4180} INFO - Setting next_dagrun for example_task_group_decorator to None, run_after=None
[2024-11-09T10:26:45.780+0000] {processor.py:208} INFO - Processing /home/airflow/.local/lib/python3.12/site-packages/airflow/example_dags/example_task_group_decorator.py took 0.100 seconds
[2024-11-09T10:27:16.170+0000] {processor.py:186} INFO - Started process (PID=649) to work on /home/airflow/.local/lib/python3.12/site-packages/airflow/example_dags/example_task_group_decorator.py
[2024-11-09T10:27:16.172+0000] {processor.py:914} INFO - Processing file /home/airflow/.local/lib/python3.12/site-packages/airflow/example_dags/example_task_group_decorator.py for tasks to queue
[2024-11-09T10:27:16.176+0000] {logging_mixin.py:190} INFO - [2024-11-09T10:27:16.175+0000] {dagbag.py:588} INFO - Filling up the DagBag from /home/airflow/.local/lib/python3.12/site-packages/airflow/example_dags/example_task_group_decorator.py
[2024-11-09T10:27:16.196+0000] {processor.py:925} INFO - DAG(s) 'example_task_group_decorator' retrieved from /home/airflow/.local/lib/python3.12/site-packages/airflow/example_dags/example_task_group_decorator.py
[2024-11-09T10:27:16.235+0000] {logging_mixin.py:190} INFO - [2024-11-09T10:27:16.235+0000] {dag.py:3239} INFO - Sync 1 DAGs
[2024-11-09T10:27:16.251+0000] {logging_mixin.py:190} INFO - [2024-11-09T10:27:16.251+0000] {dag.py:4180} INFO - Setting next_dagrun for example_task_group_decorator to None, run_after=None
[2024-11-09T10:27:16.387+0000] {processor.py:208} INFO - Processing /home/airflow/.local/lib/python3.12/site-packages/airflow/example_dags/example_task_group_decorator.py took 0.226 seconds
[2024-11-09T10:27:47.000+0000] {processor.py:186} INFO - Started process (PID=714) to work on /home/airflow/.local/lib/python3.12/site-packages/airflow/example_dags/example_task_group_decorator.py
[2024-11-09T10:27:47.001+0000] {processor.py:914} INFO - Processing file /home/airflow/.local/lib/python3.12/site-packages/airflow/example_dags/example_task_group_decorator.py for tasks to queue
[2024-11-09T10:27:47.004+0000] {logging_mixin.py:190} INFO - [2024-11-09T10:27:47.003+0000] {dagbag.py:588} INFO - Filling up the DagBag from /home/airflow/.local/lib/python3.12/site-packages/airflow/example_dags/example_task_group_decorator.py
[2024-11-09T10:27:47.021+0000] {processor.py:925} INFO - DAG(s) 'example_task_group_decorator' retrieved from /home/airflow/.local/lib/python3.12/site-packages/airflow/example_dags/example_task_group_decorator.py
[2024-11-09T10:27:47.053+0000] {logging_mixin.py:190} INFO - [2024-11-09T10:27:47.053+0000] {dag.py:3239} INFO - Sync 1 DAGs
[2024-11-09T10:27:47.070+0000] {logging_mixin.py:190} INFO - [2024-11-09T10:27:47.070+0000] {dag.py:4180} INFO - Setting next_dagrun for example_task_group_decorator to None, run_after=None
[2024-11-09T10:27:47.113+0000] {processor.py:208} INFO - Processing /home/airflow/.local/lib/python3.12/site-packages/airflow/example_dags/example_task_group_decorator.py took 0.120 seconds
[2024-11-09T10:28:17.701+0000] {processor.py:186} INFO - Started process (PID=778) to work on /home/airflow/.local/lib/python3.12/site-packages/airflow/example_dags/example_task_group_decorator.py
[2024-11-09T10:28:17.703+0000] {processor.py:914} INFO - Processing file /home/airflow/.local/lib/python3.12/site-packages/airflow/example_dags/example_task_group_decorator.py for tasks to queue
[2024-11-09T10:28:17.706+0000] {logging_mixin.py:190} INFO - [2024-11-09T10:28:17.705+0000] {dagbag.py:588} INFO - Filling up the DagBag from /home/airflow/.local/lib/python3.12/site-packages/airflow/example_dags/example_task_group_decorator.py
[2024-11-09T10:28:17.737+0000] {processor.py:925} INFO - DAG(s) 'example_task_group_decorator' retrieved from /home/airflow/.local/lib/python3.12/site-packages/airflow/example_dags/example_task_group_decorator.py
[2024-11-09T10:28:17.767+0000] {logging_mixin.py:190} INFO - [2024-11-09T10:28:17.767+0000] {dag.py:3239} INFO - Sync 1 DAGs
[2024-11-09T10:28:17.784+0000] {logging_mixin.py:190} INFO - [2024-11-09T10:28:17.783+0000] {dag.py:4180} INFO - Setting next_dagrun for example_task_group_decorator to None, run_after=None
[2024-11-09T10:28:17.857+0000] {processor.py:208} INFO - Processing /home/airflow/.local/lib/python3.12/site-packages/airflow/example_dags/example_task_group_decorator.py took 0.163 seconds
[2024-11-09T10:28:47.954+0000] {processor.py:186} INFO - Started process (PID=843) to work on /home/airflow/.local/lib/python3.12/site-packages/airflow/example_dags/example_task_group_decorator.py
[2024-11-09T10:28:47.957+0000] {processor.py:914} INFO - Processing file /home/airflow/.local/lib/python3.12/site-packages/airflow/example_dags/example_task_group_decorator.py for tasks to queue
[2024-11-09T10:28:47.962+0000] {logging_mixin.py:190} INFO - [2024-11-09T10:28:47.962+0000] {dagbag.py:588} INFO - Filling up the DagBag from /home/airflow/.local/lib/python3.12/site-packages/airflow/example_dags/example_task_group_decorator.py
[2024-11-09T10:28:47.979+0000] {processor.py:925} INFO - DAG(s) 'example_task_group_decorator' retrieved from /home/airflow/.local/lib/python3.12/site-packages/airflow/example_dags/example_task_group_decorator.py
[2024-11-09T10:28:48.010+0000] {logging_mixin.py:190} INFO - [2024-11-09T10:28:48.009+0000] {dag.py:3239} INFO - Sync 1 DAGs
[2024-11-09T10:28:48.026+0000] {logging_mixin.py:190} INFO - [2024-11-09T10:28:48.026+0000] {dag.py:4180} INFO - Setting next_dagrun for example_task_group_decorator to None, run_after=None
[2024-11-09T10:28:48.239+0000] {processor.py:208} INFO - Processing /home/airflow/.local/lib/python3.12/site-packages/airflow/example_dags/example_task_group_decorator.py took 0.293 seconds
[2024-11-09T10:29:18.865+0000] {processor.py:186} INFO - Started process (PID=907) to work on /home/airflow/.local/lib/python3.12/site-packages/airflow/example_dags/example_task_group_decorator.py
[2024-11-09T10:29:18.867+0000] {processor.py:914} INFO - Processing file /home/airflow/.local/lib/python3.12/site-packages/airflow/example_dags/example_task_group_decorator.py for tasks to queue
[2024-11-09T10:29:18.869+0000] {logging_mixin.py:190} INFO - [2024-11-09T10:29:18.869+0000] {dagbag.py:588} INFO - Filling up the DagBag from /home/airflow/.local/lib/python3.12/site-packages/airflow/example_dags/example_task_group_decorator.py
[2024-11-09T10:29:18.887+0000] {processor.py:925} INFO - DAG(s) 'example_task_group_decorator' retrieved from /home/airflow/.local/lib/python3.12/site-packages/airflow/example_dags/example_task_group_decorator.py
[2024-11-09T10:29:18.916+0000] {logging_mixin.py:190} INFO - [2024-11-09T10:29:18.916+0000] {dag.py:3239} INFO - Sync 1 DAGs
[2024-11-09T10:29:18.932+0000] {logging_mixin.py:190} INFO - [2024-11-09T10:29:18.932+0000] {dag.py:4180} INFO - Setting next_dagrun for example_task_group_decorator to None, run_after=None
[2024-11-09T10:29:18.979+0000] {processor.py:208} INFO - Processing /home/airflow/.local/lib/python3.12/site-packages/airflow/example_dags/example_task_group_decorator.py took 0.122 seconds
[2024-11-09T10:29:49.177+0000] {processor.py:186} INFO - Started process (PID=972) to work on /home/airflow/.local/lib/python3.12/site-packages/airflow/example_dags/example_task_group_decorator.py
[2024-11-09T10:29:49.178+0000] {processor.py:914} INFO - Processing file /home/airflow/.local/lib/python3.12/site-packages/airflow/example_dags/example_task_group_decorator.py for tasks to queue
[2024-11-09T10:29:49.181+0000] {logging_mixin.py:190} INFO - [2024-11-09T10:29:49.181+0000] {dagbag.py:588} INFO - Filling up the DagBag from /home/airflow/.local/lib/python3.12/site-packages/airflow/example_dags/example_task_group_decorator.py
[2024-11-09T10:29:49.200+0000] {processor.py:925} INFO - DAG(s) 'example_task_group_decorator' retrieved from /home/airflow/.local/lib/python3.12/site-packages/airflow/example_dags/example_task_group_decorator.py
[2024-11-09T10:29:49.229+0000] {logging_mixin.py:190} INFO - [2024-11-09T10:29:49.229+0000] {dag.py:3239} INFO - Sync 1 DAGs
[2024-11-09T10:29:49.246+0000] {logging_mixin.py:190} INFO - [2024-11-09T10:29:49.245+0000] {dag.py:4180} INFO - Setting next_dagrun for example_task_group_decorator to None, run_after=None
[2024-11-09T10:29:49.307+0000] {processor.py:208} INFO - Processing /home/airflow/.local/lib/python3.12/site-packages/airflow/example_dags/example_task_group_decorator.py took 0.140 seconds
[2024-11-09T10:30:19.972+0000] {processor.py:186} INFO - Started process (PID=1035) to work on /home/airflow/.local/lib/python3.12/site-packages/airflow/example_dags/example_task_group_decorator.py
[2024-11-09T10:30:19.974+0000] {processor.py:914} INFO - Processing file /home/airflow/.local/lib/python3.12/site-packages/airflow/example_dags/example_task_group_decorator.py for tasks to queue
[2024-11-09T10:30:19.977+0000] {logging_mixin.py:190} INFO - [2024-11-09T10:30:19.976+0000] {dagbag.py:588} INFO - Filling up the DagBag from /home/airflow/.local/lib/python3.12/site-packages/airflow/example_dags/example_task_group_decorator.py
[2024-11-09T10:30:19.994+0000] {processor.py:925} INFO - DAG(s) 'example_task_group_decorator' retrieved from /home/airflow/.local/lib/python3.12/site-packages/airflow/example_dags/example_task_group_decorator.py
[2024-11-09T10:30:20.023+0000] {logging_mixin.py:190} INFO - [2024-11-09T10:30:20.023+0000] {dag.py:3239} INFO - Sync 1 DAGs
[2024-11-09T10:30:20.039+0000] {logging_mixin.py:190} INFO - [2024-11-09T10:30:20.039+0000] {dag.py:4180} INFO - Setting next_dagrun for example_task_group_decorator to None, run_after=None
[2024-11-09T10:30:20.103+0000] {processor.py:208} INFO - Processing /home/airflow/.local/lib/python3.12/site-packages/airflow/example_dags/example_task_group_decorator.py took 0.138 seconds
[2024-11-09T10:30:50.281+0000] {processor.py:186} INFO - Started process (PID=1099) to work on /home/airflow/.local/lib/python3.12/site-packages/airflow/example_dags/example_task_group_decorator.py
[2024-11-09T10:30:50.283+0000] {processor.py:914} INFO - Processing file /home/airflow/.local/lib/python3.12/site-packages/airflow/example_dags/example_task_group_decorator.py for tasks to queue
[2024-11-09T10:30:50.286+0000] {logging_mixin.py:190} INFO - [2024-11-09T10:30:50.286+0000] {dagbag.py:588} INFO - Filling up the DagBag from /home/airflow/.local/lib/python3.12/site-packages/airflow/example_dags/example_task_group_decorator.py
[2024-11-09T10:30:50.303+0000] {processor.py:925} INFO - DAG(s) 'example_task_group_decorator' retrieved from /home/airflow/.local/lib/python3.12/site-packages/airflow/example_dags/example_task_group_decorator.py
[2024-11-09T10:30:50.331+0000] {logging_mixin.py:190} INFO - [2024-11-09T10:30:50.331+0000] {dag.py:3239} INFO - Sync 1 DAGs
[2024-11-09T10:30:50.347+0000] {logging_mixin.py:190} INFO - [2024-11-09T10:30:50.347+0000] {dag.py:4180} INFO - Setting next_dagrun for example_task_group_decorator to None, run_after=None
[2024-11-09T10:30:50.396+0000] {processor.py:208} INFO - Processing /home/airflow/.local/lib/python3.12/site-packages/airflow/example_dags/example_task_group_decorator.py took 0.121 seconds
[2024-11-09T10:31:21.382+0000] {processor.py:186} INFO - Started process (PID=1163) to work on /home/airflow/.local/lib/python3.12/site-packages/airflow/example_dags/example_task_group_decorator.py
[2024-11-09T10:31:21.386+0000] {processor.py:914} INFO - Processing file /home/airflow/.local/lib/python3.12/site-packages/airflow/example_dags/example_task_group_decorator.py for tasks to queue
[2024-11-09T10:31:21.390+0000] {logging_mixin.py:190} INFO - [2024-11-09T10:31:21.389+0000] {dagbag.py:588} INFO - Filling up the DagBag from /home/airflow/.local/lib/python3.12/site-packages/airflow/example_dags/example_task_group_decorator.py
[2024-11-09T10:31:21.420+0000] {processor.py:925} INFO - DAG(s) 'example_task_group_decorator' retrieved from /home/airflow/.local/lib/python3.12/site-packages/airflow/example_dags/example_task_group_decorator.py
[2024-11-09T10:31:21.464+0000] {logging_mixin.py:190} INFO - [2024-11-09T10:31:21.464+0000] {dag.py:3239} INFO - Sync 1 DAGs
[2024-11-09T10:31:21.490+0000] {logging_mixin.py:190} INFO - [2024-11-09T10:31:21.489+0000] {dag.py:4180} INFO - Setting next_dagrun for example_task_group_decorator to None, run_after=None
[2024-11-09T10:31:21.562+0000] {processor.py:208} INFO - Processing /home/airflow/.local/lib/python3.12/site-packages/airflow/example_dags/example_task_group_decorator.py took 0.190 seconds
[2024-11-09T10:31:52.402+0000] {processor.py:186} INFO - Started process (PID=1229) to work on /home/airflow/.local/lib/python3.12/site-packages/airflow/example_dags/example_task_group_decorator.py
[2024-11-09T10:31:52.403+0000] {processor.py:914} INFO - Processing file /home/airflow/.local/lib/python3.12/site-packages/airflow/example_dags/example_task_group_decorator.py for tasks to queue
[2024-11-09T10:31:52.406+0000] {logging_mixin.py:190} INFO - [2024-11-09T10:31:52.405+0000] {dagbag.py:588} INFO - Filling up the DagBag from /home/airflow/.local/lib/python3.12/site-packages/airflow/example_dags/example_task_group_decorator.py
[2024-11-09T10:31:52.422+0000] {processor.py:925} INFO - DAG(s) 'example_task_group_decorator' retrieved from /home/airflow/.local/lib/python3.12/site-packages/airflow/example_dags/example_task_group_decorator.py
[2024-11-09T10:31:52.449+0000] {logging_mixin.py:190} INFO - [2024-11-09T10:31:52.448+0000] {dag.py:3239} INFO - Sync 1 DAGs
[2024-11-09T10:31:52.465+0000] {logging_mixin.py:190} INFO - [2024-11-09T10:31:52.465+0000] {dag.py:4180} INFO - Setting next_dagrun for example_task_group_decorator to None, run_after=None
[2024-11-09T10:31:52.588+0000] {processor.py:208} INFO - Processing /home/airflow/.local/lib/python3.12/site-packages/airflow/example_dags/example_task_group_decorator.py took 0.192 seconds
[2024-11-09T10:32:24.094+0000] {processor.py:186} INFO - Started process (PID=1293) to work on /home/airflow/.local/lib/python3.12/site-packages/airflow/example_dags/example_task_group_decorator.py
[2024-11-09T10:32:24.095+0000] {processor.py:914} INFO - Processing file /home/airflow/.local/lib/python3.12/site-packages/airflow/example_dags/example_task_group_decorator.py for tasks to queue
[2024-11-09T10:32:24.098+0000] {logging_mixin.py:190} INFO - [2024-11-09T10:32:24.098+0000] {dagbag.py:588} INFO - Filling up the DagBag from /home/airflow/.local/lib/python3.12/site-packages/airflow/example_dags/example_task_group_decorator.py
[2024-11-09T10:32:24.124+0000] {processor.py:925} INFO - DAG(s) 'example_task_group_decorator' retrieved from /home/airflow/.local/lib/python3.12/site-packages/airflow/example_dags/example_task_group_decorator.py
[2024-11-09T10:32:24.172+0000] {logging_mixin.py:190} INFO - [2024-11-09T10:32:24.171+0000] {dag.py:3239} INFO - Sync 1 DAGs
[2024-11-09T10:32:24.206+0000] {logging_mixin.py:190} INFO - [2024-11-09T10:32:24.206+0000] {dag.py:4180} INFO - Setting next_dagrun for example_task_group_decorator to None, run_after=None
[2024-11-09T10:32:24.267+0000] {processor.py:208} INFO - Processing /home/airflow/.local/lib/python3.12/site-packages/airflow/example_dags/example_task_group_decorator.py took 0.181 seconds
[2024-11-09T10:32:54.826+0000] {processor.py:186} INFO - Started process (PID=1351) to work on /home/airflow/.local/lib/python3.12/site-packages/airflow/example_dags/example_task_group_decorator.py
[2024-11-09T10:32:54.829+0000] {processor.py:914} INFO - Processing file /home/airflow/.local/lib/python3.12/site-packages/airflow/example_dags/example_task_group_decorator.py for tasks to queue
[2024-11-09T10:32:54.835+0000] {logging_mixin.py:190} INFO - [2024-11-09T10:32:54.835+0000] {dagbag.py:588} INFO - Filling up the DagBag from /home/airflow/.local/lib/python3.12/site-packages/airflow/example_dags/example_task_group_decorator.py
[2024-11-09T10:32:54.877+0000] {processor.py:925} INFO - DAG(s) 'example_task_group_decorator' retrieved from /home/airflow/.local/lib/python3.12/site-packages/airflow/example_dags/example_task_group_decorator.py
[2024-11-09T10:32:54.961+0000] {logging_mixin.py:190} INFO - [2024-11-09T10:32:54.961+0000] {dag.py:3239} INFO - Sync 1 DAGs
[2024-11-09T10:32:55.020+0000] {logging_mixin.py:190} INFO - [2024-11-09T10:32:55.019+0000] {dag.py:4180} INFO - Setting next_dagrun for example_task_group_decorator to None, run_after=None
[2024-11-09T10:32:55.127+0000] {processor.py:208} INFO - Processing /home/airflow/.local/lib/python3.12/site-packages/airflow/example_dags/example_task_group_decorator.py took 0.313 seconds
[2024-11-09T10:53:05.499+0000] {processor.py:186} INFO - Started process (PID=70) to work on /home/airflow/.local/lib/python3.12/site-packages/airflow/example_dags/example_task_group_decorator.py
[2024-11-09T10:53:05.501+0000] {processor.py:914} INFO - Processing file /home/airflow/.local/lib/python3.12/site-packages/airflow/example_dags/example_task_group_decorator.py for tasks to queue
[2024-11-09T10:53:05.505+0000] {logging_mixin.py:190} INFO - [2024-11-09T10:53:05.505+0000] {dagbag.py:588} INFO - Filling up the DagBag from /home/airflow/.local/lib/python3.12/site-packages/airflow/example_dags/example_task_group_decorator.py
[2024-11-09T10:53:05.550+0000] {processor.py:925} INFO - DAG(s) 'example_task_group_decorator' retrieved from /home/airflow/.local/lib/python3.12/site-packages/airflow/example_dags/example_task_group_decorator.py
[2024-11-09T10:53:05.596+0000] {logging_mixin.py:190} INFO - [2024-11-09T10:53:05.596+0000] {dag.py:3239} INFO - Sync 1 DAGs
[2024-11-09T10:53:05.619+0000] {logging_mixin.py:190} INFO - [2024-11-09T10:53:05.619+0000] {dag.py:4180} INFO - Setting next_dagrun for example_task_group_decorator to None, run_after=None
[2024-11-09T10:53:05.648+0000] {processor.py:208} INFO - Processing /home/airflow/.local/lib/python3.12/site-packages/airflow/example_dags/example_task_group_decorator.py took 0.157 seconds
[2024-11-09T10:53:36.198+0000] {processor.py:186} INFO - Started process (PID=133) to work on /home/airflow/.local/lib/python3.12/site-packages/airflow/example_dags/example_task_group_decorator.py
[2024-11-09T10:53:36.200+0000] {processor.py:914} INFO - Processing file /home/airflow/.local/lib/python3.12/site-packages/airflow/example_dags/example_task_group_decorator.py for tasks to queue
[2024-11-09T10:53:36.203+0000] {logging_mixin.py:190} INFO - [2024-11-09T10:53:36.203+0000] {dagbag.py:588} INFO - Filling up the DagBag from /home/airflow/.local/lib/python3.12/site-packages/airflow/example_dags/example_task_group_decorator.py
[2024-11-09T10:53:36.455+0000] {processor.py:925} INFO - DAG(s) 'example_task_group_decorator' retrieved from /home/airflow/.local/lib/python3.12/site-packages/airflow/example_dags/example_task_group_decorator.py
[2024-11-09T10:53:36.510+0000] {logging_mixin.py:190} INFO - [2024-11-09T10:53:36.509+0000] {dag.py:3239} INFO - Sync 1 DAGs
[2024-11-09T10:53:36.539+0000] {logging_mixin.py:190} INFO - [2024-11-09T10:53:36.539+0000] {dag.py:4180} INFO - Setting next_dagrun for example_task_group_decorator to None, run_after=None
[2024-11-09T10:53:36.593+0000] {processor.py:208} INFO - Processing /home/airflow/.local/lib/python3.12/site-packages/airflow/example_dags/example_task_group_decorator.py took 0.430 seconds
