[2024-11-09T08:52:56.699+0000] {processor.py:186} INFO - Started process (PID=122) to work on /home/airflow/.local/lib/python3.12/site-packages/airflow/example_dags/tutorial_dag.py
[2024-11-09T08:52:56.701+0000] {processor.py:914} INFO - Processing file /home/airflow/.local/lib/python3.12/site-packages/airflow/example_dags/tutorial_dag.py for tasks to queue
[2024-11-09T08:52:56.704+0000] {logging_mixin.py:190} INFO - [2024-11-09T08:52:56.704+0000] {dagbag.py:588} INFO - Filling up the DagBag from /home/airflow/.local/lib/python3.12/site-packages/airflow/example_dags/tutorial_dag.py
[2024-11-09T08:52:56.723+0000] {processor.py:925} INFO - DAG(s) 'tutorial_dag' retrieved from /home/airflow/.local/lib/python3.12/site-packages/airflow/example_dags/tutorial_dag.py
[2024-11-09T08:52:56.756+0000] {logging_mixin.py:190} INFO - [2024-11-09T08:52:56.756+0000] {dag.py:3239} INFO - Sync 1 DAGs
[2024-11-09T08:52:56.775+0000] {logging_mixin.py:190} INFO - [2024-11-09T08:52:56.775+0000] {dag.py:4180} INFO - Setting next_dagrun for tutorial_dag to None, run_after=None
[2024-11-09T08:52:56.813+0000] {processor.py:208} INFO - Processing /home/airflow/.local/lib/python3.12/site-packages/airflow/example_dags/tutorial_dag.py took 0.122 seconds
[2024-11-09T08:53:33.134+0000] {processor.py:186} INFO - Started process (PID=186) to work on /home/airflow/.local/lib/python3.12/site-packages/airflow/example_dags/tutorial_dag.py
[2024-11-09T08:53:33.136+0000] {processor.py:914} INFO - Processing file /home/airflow/.local/lib/python3.12/site-packages/airflow/example_dags/tutorial_dag.py for tasks to queue
[2024-11-09T08:53:33.140+0000] {logging_mixin.py:190} INFO - [2024-11-09T08:53:33.139+0000] {dagbag.py:588} INFO - Filling up the DagBag from /home/airflow/.local/lib/python3.12/site-packages/airflow/example_dags/tutorial_dag.py
[2024-11-09T08:53:33.151+0000] {processor.py:925} INFO - DAG(s) 'tutorial_dag' retrieved from /home/airflow/.local/lib/python3.12/site-packages/airflow/example_dags/tutorial_dag.py
[2024-11-09T08:53:33.185+0000] {logging_mixin.py:190} INFO - [2024-11-09T08:53:33.185+0000] {dag.py:3239} INFO - Sync 1 DAGs
[2024-11-09T08:53:33.224+0000] {logging_mixin.py:190} INFO - [2024-11-09T08:53:33.223+0000] {dag.py:4180} INFO - Setting next_dagrun for tutorial_dag to None, run_after=None
[2024-11-09T08:53:33.285+0000] {processor.py:208} INFO - Processing /home/airflow/.local/lib/python3.12/site-packages/airflow/example_dags/tutorial_dag.py took 0.159 seconds
[2024-11-09T08:54:03.570+0000] {processor.py:186} INFO - Started process (PID=251) to work on /home/airflow/.local/lib/python3.12/site-packages/airflow/example_dags/tutorial_dag.py
[2024-11-09T08:54:03.572+0000] {processor.py:914} INFO - Processing file /home/airflow/.local/lib/python3.12/site-packages/airflow/example_dags/tutorial_dag.py for tasks to queue
[2024-11-09T08:54:03.575+0000] {logging_mixin.py:190} INFO - [2024-11-09T08:54:03.574+0000] {dagbag.py:588} INFO - Filling up the DagBag from /home/airflow/.local/lib/python3.12/site-packages/airflow/example_dags/tutorial_dag.py
[2024-11-09T08:54:03.585+0000] {processor.py:925} INFO - DAG(s) 'tutorial_dag' retrieved from /home/airflow/.local/lib/python3.12/site-packages/airflow/example_dags/tutorial_dag.py
[2024-11-09T08:54:03.608+0000] {logging_mixin.py:190} INFO - [2024-11-09T08:54:03.608+0000] {dag.py:3239} INFO - Sync 1 DAGs
[2024-11-09T08:54:03.628+0000] {logging_mixin.py:190} INFO - [2024-11-09T08:54:03.627+0000] {dag.py:4180} INFO - Setting next_dagrun for tutorial_dag to None, run_after=None
[2024-11-09T08:54:03.675+0000] {processor.py:208} INFO - Processing /home/airflow/.local/lib/python3.12/site-packages/airflow/example_dags/tutorial_dag.py took 0.113 seconds
[2024-11-09T08:54:34.374+0000] {processor.py:186} INFO - Started process (PID=314) to work on /home/airflow/.local/lib/python3.12/site-packages/airflow/example_dags/tutorial_dag.py
[2024-11-09T08:54:34.375+0000] {processor.py:914} INFO - Processing file /home/airflow/.local/lib/python3.12/site-packages/airflow/example_dags/tutorial_dag.py for tasks to queue
[2024-11-09T08:54:34.380+0000] {logging_mixin.py:190} INFO - [2024-11-09T08:54:34.379+0000] {dagbag.py:588} INFO - Filling up the DagBag from /home/airflow/.local/lib/python3.12/site-packages/airflow/example_dags/tutorial_dag.py
[2024-11-09T08:54:34.391+0000] {processor.py:925} INFO - DAG(s) 'tutorial_dag' retrieved from /home/airflow/.local/lib/python3.12/site-packages/airflow/example_dags/tutorial_dag.py
[2024-11-09T08:54:34.428+0000] {logging_mixin.py:190} INFO - [2024-11-09T08:54:34.427+0000] {dag.py:3239} INFO - Sync 1 DAGs
[2024-11-09T08:54:34.452+0000] {logging_mixin.py:190} INFO - [2024-11-09T08:54:34.452+0000] {dag.py:4180} INFO - Setting next_dagrun for tutorial_dag to None, run_after=None
[2024-11-09T08:54:34.491+0000] {processor.py:208} INFO - Processing /home/airflow/.local/lib/python3.12/site-packages/airflow/example_dags/tutorial_dag.py took 0.124 seconds
[2024-11-09T08:55:05.511+0000] {processor.py:186} INFO - Started process (PID=379) to work on /home/airflow/.local/lib/python3.12/site-packages/airflow/example_dags/tutorial_dag.py
[2024-11-09T08:55:05.512+0000] {processor.py:914} INFO - Processing file /home/airflow/.local/lib/python3.12/site-packages/airflow/example_dags/tutorial_dag.py for tasks to queue
[2024-11-09T08:55:05.516+0000] {logging_mixin.py:190} INFO - [2024-11-09T08:55:05.515+0000] {dagbag.py:588} INFO - Filling up the DagBag from /home/airflow/.local/lib/python3.12/site-packages/airflow/example_dags/tutorial_dag.py
[2024-11-09T08:55:05.527+0000] {processor.py:925} INFO - DAG(s) 'tutorial_dag' retrieved from /home/airflow/.local/lib/python3.12/site-packages/airflow/example_dags/tutorial_dag.py
[2024-11-09T08:55:05.550+0000] {logging_mixin.py:190} INFO - [2024-11-09T08:55:05.550+0000] {dag.py:3239} INFO - Sync 1 DAGs
[2024-11-09T08:55:05.568+0000] {logging_mixin.py:190} INFO - [2024-11-09T08:55:05.568+0000] {dag.py:4180} INFO - Setting next_dagrun for tutorial_dag to None, run_after=None
[2024-11-09T08:55:05.603+0000] {processor.py:208} INFO - Processing /home/airflow/.local/lib/python3.12/site-packages/airflow/example_dags/tutorial_dag.py took 0.100 seconds
[2024-11-09T08:55:38.357+0000] {processor.py:186} INFO - Started process (PID=442) to work on /home/airflow/.local/lib/python3.12/site-packages/airflow/example_dags/tutorial_dag.py
[2024-11-09T08:55:38.358+0000] {processor.py:914} INFO - Processing file /home/airflow/.local/lib/python3.12/site-packages/airflow/example_dags/tutorial_dag.py for tasks to queue
[2024-11-09T08:55:38.361+0000] {logging_mixin.py:190} INFO - [2024-11-09T08:55:38.360+0000] {dagbag.py:588} INFO - Filling up the DagBag from /home/airflow/.local/lib/python3.12/site-packages/airflow/example_dags/tutorial_dag.py
[2024-11-09T08:55:38.369+0000] {processor.py:925} INFO - DAG(s) 'tutorial_dag' retrieved from /home/airflow/.local/lib/python3.12/site-packages/airflow/example_dags/tutorial_dag.py
[2024-11-09T08:55:38.391+0000] {logging_mixin.py:190} INFO - [2024-11-09T08:55:38.391+0000] {dag.py:3239} INFO - Sync 1 DAGs
[2024-11-09T08:55:38.408+0000] {logging_mixin.py:190} INFO - [2024-11-09T08:55:38.408+0000] {dag.py:4180} INFO - Setting next_dagrun for tutorial_dag to None, run_after=None
[2024-11-09T08:55:38.449+0000] {processor.py:208} INFO - Processing /home/airflow/.local/lib/python3.12/site-packages/airflow/example_dags/tutorial_dag.py took 0.099 seconds
[2024-11-09T08:56:10.234+0000] {processor.py:186} INFO - Started process (PID=506) to work on /home/airflow/.local/lib/python3.12/site-packages/airflow/example_dags/tutorial_dag.py
[2024-11-09T08:56:10.237+0000] {processor.py:914} INFO - Processing file /home/airflow/.local/lib/python3.12/site-packages/airflow/example_dags/tutorial_dag.py for tasks to queue
[2024-11-09T08:56:10.243+0000] {logging_mixin.py:190} INFO - [2024-11-09T08:56:10.242+0000] {dagbag.py:588} INFO - Filling up the DagBag from /home/airflow/.local/lib/python3.12/site-packages/airflow/example_dags/tutorial_dag.py
[2024-11-09T08:56:10.261+0000] {processor.py:925} INFO - DAG(s) 'tutorial_dag' retrieved from /home/airflow/.local/lib/python3.12/site-packages/airflow/example_dags/tutorial_dag.py
[2024-11-09T08:56:10.313+0000] {logging_mixin.py:190} INFO - [2024-11-09T08:56:10.312+0000] {dag.py:3239} INFO - Sync 1 DAGs
[2024-11-09T08:56:10.355+0000] {logging_mixin.py:190} INFO - [2024-11-09T08:56:10.354+0000] {dag.py:4180} INFO - Setting next_dagrun for tutorial_dag to None, run_after=None
[2024-11-09T08:56:10.411+0000] {processor.py:208} INFO - Processing /home/airflow/.local/lib/python3.12/site-packages/airflow/example_dags/tutorial_dag.py took 0.192 seconds
[2024-11-09T08:56:41.870+0000] {processor.py:186} INFO - Started process (PID=571) to work on /home/airflow/.local/lib/python3.12/site-packages/airflow/example_dags/tutorial_dag.py
[2024-11-09T08:56:41.875+0000] {processor.py:914} INFO - Processing file /home/airflow/.local/lib/python3.12/site-packages/airflow/example_dags/tutorial_dag.py for tasks to queue
[2024-11-09T08:56:41.890+0000] {logging_mixin.py:190} INFO - [2024-11-09T08:56:41.888+0000] {dagbag.py:588} INFO - Filling up the DagBag from /home/airflow/.local/lib/python3.12/site-packages/airflow/example_dags/tutorial_dag.py
[2024-11-09T08:56:41.910+0000] {processor.py:925} INFO - DAG(s) 'tutorial_dag' retrieved from /home/airflow/.local/lib/python3.12/site-packages/airflow/example_dags/tutorial_dag.py
[2024-11-09T08:56:41.949+0000] {logging_mixin.py:190} INFO - [2024-11-09T08:56:41.948+0000] {dag.py:3239} INFO - Sync 1 DAGs
[2024-11-09T08:56:41.970+0000] {logging_mixin.py:190} INFO - [2024-11-09T08:56:41.969+0000] {dag.py:4180} INFO - Setting next_dagrun for tutorial_dag to None, run_after=None
[2024-11-09T08:56:42.022+0000] {processor.py:208} INFO - Processing /home/airflow/.local/lib/python3.12/site-packages/airflow/example_dags/tutorial_dag.py took 0.172 seconds
[2024-11-09T08:57:14.621+0000] {processor.py:186} INFO - Started process (PID=640) to work on /home/airflow/.local/lib/python3.12/site-packages/airflow/example_dags/tutorial_dag.py
[2024-11-09T08:57:14.623+0000] {processor.py:914} INFO - Processing file /home/airflow/.local/lib/python3.12/site-packages/airflow/example_dags/tutorial_dag.py for tasks to queue
[2024-11-09T08:57:14.626+0000] {logging_mixin.py:190} INFO - [2024-11-09T08:57:14.626+0000] {dagbag.py:588} INFO - Filling up the DagBag from /home/airflow/.local/lib/python3.12/site-packages/airflow/example_dags/tutorial_dag.py
[2024-11-09T08:57:14.636+0000] {processor.py:925} INFO - DAG(s) 'tutorial_dag' retrieved from /home/airflow/.local/lib/python3.12/site-packages/airflow/example_dags/tutorial_dag.py
[2024-11-09T08:57:14.659+0000] {logging_mixin.py:190} INFO - [2024-11-09T08:57:14.659+0000] {dag.py:3239} INFO - Sync 1 DAGs
[2024-11-09T08:57:14.675+0000] {logging_mixin.py:190} INFO - [2024-11-09T08:57:14.675+0000] {dag.py:4180} INFO - Setting next_dagrun for tutorial_dag to None, run_after=None
[2024-11-09T08:57:14.704+0000] {processor.py:208} INFO - Processing /home/airflow/.local/lib/python3.12/site-packages/airflow/example_dags/tutorial_dag.py took 0.090 seconds
[2024-11-09T08:57:46.448+0000] {processor.py:186} INFO - Started process (PID=711) to work on /home/airflow/.local/lib/python3.12/site-packages/airflow/example_dags/tutorial_dag.py
[2024-11-09T08:57:46.450+0000] {processor.py:914} INFO - Processing file /home/airflow/.local/lib/python3.12/site-packages/airflow/example_dags/tutorial_dag.py for tasks to queue
[2024-11-09T08:57:46.454+0000] {logging_mixin.py:190} INFO - [2024-11-09T08:57:46.453+0000] {dagbag.py:588} INFO - Filling up the DagBag from /home/airflow/.local/lib/python3.12/site-packages/airflow/example_dags/tutorial_dag.py
[2024-11-09T08:57:46.464+0000] {processor.py:925} INFO - DAG(s) 'tutorial_dag' retrieved from /home/airflow/.local/lib/python3.12/site-packages/airflow/example_dags/tutorial_dag.py
[2024-11-09T08:57:46.491+0000] {logging_mixin.py:190} INFO - [2024-11-09T08:57:46.490+0000] {dag.py:3239} INFO - Sync 1 DAGs
[2024-11-09T08:57:46.510+0000] {logging_mixin.py:190} INFO - [2024-11-09T08:57:46.509+0000] {dag.py:4180} INFO - Setting next_dagrun for tutorial_dag to None, run_after=None
[2024-11-09T08:57:46.537+0000] {processor.py:208} INFO - Processing /home/airflow/.local/lib/python3.12/site-packages/airflow/example_dags/tutorial_dag.py took 0.095 seconds
[2024-11-09T08:58:17.530+0000] {processor.py:186} INFO - Started process (PID=774) to work on /home/airflow/.local/lib/python3.12/site-packages/airflow/example_dags/tutorial_dag.py
[2024-11-09T08:58:17.532+0000] {processor.py:914} INFO - Processing file /home/airflow/.local/lib/python3.12/site-packages/airflow/example_dags/tutorial_dag.py for tasks to queue
[2024-11-09T08:58:17.534+0000] {logging_mixin.py:190} INFO - [2024-11-09T08:58:17.534+0000] {dagbag.py:588} INFO - Filling up the DagBag from /home/airflow/.local/lib/python3.12/site-packages/airflow/example_dags/tutorial_dag.py
[2024-11-09T08:58:17.544+0000] {processor.py:925} INFO - DAG(s) 'tutorial_dag' retrieved from /home/airflow/.local/lib/python3.12/site-packages/airflow/example_dags/tutorial_dag.py
[2024-11-09T08:58:17.571+0000] {logging_mixin.py:190} INFO - [2024-11-09T08:58:17.570+0000] {dag.py:3239} INFO - Sync 1 DAGs
[2024-11-09T08:58:17.588+0000] {logging_mixin.py:190} INFO - [2024-11-09T08:58:17.587+0000] {dag.py:4180} INFO - Setting next_dagrun for tutorial_dag to None, run_after=None
[2024-11-09T08:58:17.611+0000] {processor.py:208} INFO - Processing /home/airflow/.local/lib/python3.12/site-packages/airflow/example_dags/tutorial_dag.py took 0.088 seconds
[2024-11-09T10:15:44.003+0000] {processor.py:186} INFO - Started process (PID=110) to work on /home/airflow/.local/lib/python3.12/site-packages/airflow/example_dags/tutorial_dag.py
[2024-11-09T10:15:44.004+0000] {processor.py:914} INFO - Processing file /home/airflow/.local/lib/python3.12/site-packages/airflow/example_dags/tutorial_dag.py for tasks to queue
[2024-11-09T10:15:44.007+0000] {logging_mixin.py:190} INFO - [2024-11-09T10:15:44.007+0000] {dagbag.py:588} INFO - Filling up the DagBag from /home/airflow/.local/lib/python3.12/site-packages/airflow/example_dags/tutorial_dag.py
[2024-11-09T10:15:44.019+0000] {processor.py:925} INFO - DAG(s) 'tutorial_dag' retrieved from /home/airflow/.local/lib/python3.12/site-packages/airflow/example_dags/tutorial_dag.py
[2024-11-09T10:15:44.045+0000] {logging_mixin.py:190} INFO - [2024-11-09T10:15:44.043+0000] {dag.py:3239} INFO - Sync 1 DAGs
[2024-11-09T10:15:44.064+0000] {logging_mixin.py:190} INFO - [2024-11-09T10:15:44.064+0000] {dag.py:4180} INFO - Setting next_dagrun for tutorial_dag to None, run_after=None
[2024-11-09T10:15:44.093+0000] {processor.py:208} INFO - Processing /home/airflow/.local/lib/python3.12/site-packages/airflow/example_dags/tutorial_dag.py took 0.098 seconds
[2024-11-09T10:16:16.032+0000] {processor.py:186} INFO - Started process (PID=175) to work on /home/airflow/.local/lib/python3.12/site-packages/airflow/example_dags/tutorial_dag.py
[2024-11-09T10:16:16.033+0000] {processor.py:914} INFO - Processing file /home/airflow/.local/lib/python3.12/site-packages/airflow/example_dags/tutorial_dag.py for tasks to queue
[2024-11-09T10:16:16.036+0000] {logging_mixin.py:190} INFO - [2024-11-09T10:16:16.036+0000] {dagbag.py:588} INFO - Filling up the DagBag from /home/airflow/.local/lib/python3.12/site-packages/airflow/example_dags/tutorial_dag.py
[2024-11-09T10:16:16.048+0000] {processor.py:925} INFO - DAG(s) 'tutorial_dag' retrieved from /home/airflow/.local/lib/python3.12/site-packages/airflow/example_dags/tutorial_dag.py
[2024-11-09T10:16:16.074+0000] {logging_mixin.py:190} INFO - [2024-11-09T10:16:16.074+0000] {dag.py:3239} INFO - Sync 1 DAGs
[2024-11-09T10:16:16.094+0000] {logging_mixin.py:190} INFO - [2024-11-09T10:16:16.093+0000] {dag.py:4180} INFO - Setting next_dagrun for tutorial_dag to None, run_after=None
[2024-11-09T10:16:16.123+0000] {processor.py:208} INFO - Processing /home/airflow/.local/lib/python3.12/site-packages/airflow/example_dags/tutorial_dag.py took 0.099 seconds
[2024-11-09T10:16:48.513+0000] {processor.py:186} INFO - Started process (PID=239) to work on /home/airflow/.local/lib/python3.12/site-packages/airflow/example_dags/tutorial_dag.py
[2024-11-09T10:16:48.514+0000] {processor.py:914} INFO - Processing file /home/airflow/.local/lib/python3.12/site-packages/airflow/example_dags/tutorial_dag.py for tasks to queue
[2024-11-09T10:16:48.516+0000] {logging_mixin.py:190} INFO - [2024-11-09T10:16:48.516+0000] {dagbag.py:588} INFO - Filling up the DagBag from /home/airflow/.local/lib/python3.12/site-packages/airflow/example_dags/tutorial_dag.py
[2024-11-09T10:16:48.524+0000] {processor.py:925} INFO - DAG(s) 'tutorial_dag' retrieved from /home/airflow/.local/lib/python3.12/site-packages/airflow/example_dags/tutorial_dag.py
[2024-11-09T10:16:48.545+0000] {logging_mixin.py:190} INFO - [2024-11-09T10:16:48.545+0000] {dag.py:3239} INFO - Sync 1 DAGs
[2024-11-09T10:16:48.560+0000] {logging_mixin.py:190} INFO - [2024-11-09T10:16:48.560+0000] {dag.py:4180} INFO - Setting next_dagrun for tutorial_dag to None, run_after=None
[2024-11-09T10:16:49.187+0000] {processor.py:208} INFO - Processing /home/airflow/.local/lib/python3.12/site-packages/airflow/example_dags/tutorial_dag.py took 0.680 seconds
[2024-11-09T10:22:52.828+0000] {processor.py:186} INFO - Started process (PID=111) to work on /home/airflow/.local/lib/python3.12/site-packages/airflow/example_dags/tutorial_dag.py
[2024-11-09T10:22:52.832+0000] {processor.py:914} INFO - Processing file /home/airflow/.local/lib/python3.12/site-packages/airflow/example_dags/tutorial_dag.py for tasks to queue
[2024-11-09T10:22:52.836+0000] {logging_mixin.py:190} INFO - [2024-11-09T10:22:52.835+0000] {dagbag.py:588} INFO - Filling up the DagBag from /home/airflow/.local/lib/python3.12/site-packages/airflow/example_dags/tutorial_dag.py
[2024-11-09T10:22:52.848+0000] {processor.py:925} INFO - DAG(s) 'tutorial_dag' retrieved from /home/airflow/.local/lib/python3.12/site-packages/airflow/example_dags/tutorial_dag.py
[2024-11-09T10:22:52.875+0000] {logging_mixin.py:190} INFO - [2024-11-09T10:22:52.875+0000] {dag.py:3239} INFO - Sync 1 DAGs
[2024-11-09T10:22:52.894+0000] {logging_mixin.py:190} INFO - [2024-11-09T10:22:52.894+0000] {dag.py:4180} INFO - Setting next_dagrun for tutorial_dag to None, run_after=None
[2024-11-09T10:22:52.927+0000] {processor.py:208} INFO - Processing /home/airflow/.local/lib/python3.12/site-packages/airflow/example_dags/tutorial_dag.py took 0.108 seconds
[2024-11-09T10:23:24.570+0000] {processor.py:186} INFO - Started process (PID=175) to work on /home/airflow/.local/lib/python3.12/site-packages/airflow/example_dags/tutorial_dag.py
[2024-11-09T10:23:24.571+0000] {processor.py:914} INFO - Processing file /home/airflow/.local/lib/python3.12/site-packages/airflow/example_dags/tutorial_dag.py for tasks to queue
[2024-11-09T10:23:24.576+0000] {logging_mixin.py:190} INFO - [2024-11-09T10:23:24.575+0000] {dagbag.py:588} INFO - Filling up the DagBag from /home/airflow/.local/lib/python3.12/site-packages/airflow/example_dags/tutorial_dag.py
[2024-11-09T10:23:24.587+0000] {processor.py:925} INFO - DAG(s) 'tutorial_dag' retrieved from /home/airflow/.local/lib/python3.12/site-packages/airflow/example_dags/tutorial_dag.py
[2024-11-09T10:23:24.613+0000] {logging_mixin.py:190} INFO - [2024-11-09T10:23:24.613+0000] {dag.py:3239} INFO - Sync 1 DAGs
[2024-11-09T10:23:24.632+0000] {logging_mixin.py:190} INFO - [2024-11-09T10:23:24.632+0000] {dag.py:4180} INFO - Setting next_dagrun for tutorial_dag to None, run_after=None
[2024-11-09T10:23:24.669+0000] {processor.py:208} INFO - Processing /home/airflow/.local/lib/python3.12/site-packages/airflow/example_dags/tutorial_dag.py took 0.108 seconds
[2024-11-09T10:23:55.395+0000] {processor.py:186} INFO - Started process (PID=239) to work on /home/airflow/.local/lib/python3.12/site-packages/airflow/example_dags/tutorial_dag.py
[2024-11-09T10:23:55.396+0000] {processor.py:914} INFO - Processing file /home/airflow/.local/lib/python3.12/site-packages/airflow/example_dags/tutorial_dag.py for tasks to queue
[2024-11-09T10:23:55.399+0000] {logging_mixin.py:190} INFO - [2024-11-09T10:23:55.398+0000] {dagbag.py:588} INFO - Filling up the DagBag from /home/airflow/.local/lib/python3.12/site-packages/airflow/example_dags/tutorial_dag.py
[2024-11-09T10:23:55.408+0000] {processor.py:925} INFO - DAG(s) 'tutorial_dag' retrieved from /home/airflow/.local/lib/python3.12/site-packages/airflow/example_dags/tutorial_dag.py
[2024-11-09T10:23:55.431+0000] {logging_mixin.py:190} INFO - [2024-11-09T10:23:55.431+0000] {dag.py:3239} INFO - Sync 1 DAGs
[2024-11-09T10:23:55.452+0000] {logging_mixin.py:190} INFO - [2024-11-09T10:23:55.451+0000] {dag.py:4180} INFO - Setting next_dagrun for tutorial_dag to None, run_after=None
[2024-11-09T10:23:55.480+0000] {processor.py:208} INFO - Processing /home/airflow/.local/lib/python3.12/site-packages/airflow/example_dags/tutorial_dag.py took 0.093 seconds
[2024-11-09T10:24:27.383+0000] {processor.py:186} INFO - Started process (PID=303) to work on /home/airflow/.local/lib/python3.12/site-packages/airflow/example_dags/tutorial_dag.py
[2024-11-09T10:24:27.388+0000] {processor.py:914} INFO - Processing file /home/airflow/.local/lib/python3.12/site-packages/airflow/example_dags/tutorial_dag.py for tasks to queue
[2024-11-09T10:24:27.394+0000] {logging_mixin.py:190} INFO - [2024-11-09T10:24:27.393+0000] {dagbag.py:588} INFO - Filling up the DagBag from /home/airflow/.local/lib/python3.12/site-packages/airflow/example_dags/tutorial_dag.py
[2024-11-09T10:24:27.413+0000] {processor.py:925} INFO - DAG(s) 'tutorial_dag' retrieved from /home/airflow/.local/lib/python3.12/site-packages/airflow/example_dags/tutorial_dag.py
[2024-11-09T10:24:27.468+0000] {logging_mixin.py:190} INFO - [2024-11-09T10:24:27.467+0000] {dag.py:3239} INFO - Sync 1 DAGs
[2024-11-09T10:24:27.493+0000] {logging_mixin.py:190} INFO - [2024-11-09T10:24:27.493+0000] {dag.py:4180} INFO - Setting next_dagrun for tutorial_dag to None, run_after=None
[2024-11-09T10:24:27.637+0000] {processor.py:208} INFO - Processing /home/airflow/.local/lib/python3.12/site-packages/airflow/example_dags/tutorial_dag.py took 0.273 seconds
[2024-11-09T10:24:59.460+0000] {processor.py:186} INFO - Started process (PID=367) to work on /home/airflow/.local/lib/python3.12/site-packages/airflow/example_dags/tutorial_dag.py
[2024-11-09T10:24:59.462+0000] {processor.py:914} INFO - Processing file /home/airflow/.local/lib/python3.12/site-packages/airflow/example_dags/tutorial_dag.py for tasks to queue
[2024-11-09T10:24:59.464+0000] {logging_mixin.py:190} INFO - [2024-11-09T10:24:59.464+0000] {dagbag.py:588} INFO - Filling up the DagBag from /home/airflow/.local/lib/python3.12/site-packages/airflow/example_dags/tutorial_dag.py
[2024-11-09T10:24:59.475+0000] {processor.py:925} INFO - DAG(s) 'tutorial_dag' retrieved from /home/airflow/.local/lib/python3.12/site-packages/airflow/example_dags/tutorial_dag.py
[2024-11-09T10:24:59.497+0000] {logging_mixin.py:190} INFO - [2024-11-09T10:24:59.496+0000] {dag.py:3239} INFO - Sync 1 DAGs
[2024-11-09T10:24:59.514+0000] {logging_mixin.py:190} INFO - [2024-11-09T10:24:59.514+0000] {dag.py:4180} INFO - Setting next_dagrun for tutorial_dag to None, run_after=None
[2024-11-09T10:24:59.563+0000] {processor.py:208} INFO - Processing /home/airflow/.local/lib/python3.12/site-packages/airflow/example_dags/tutorial_dag.py took 0.109 seconds
[2024-11-09T10:25:30.537+0000] {processor.py:186} INFO - Started process (PID=431) to work on /home/airflow/.local/lib/python3.12/site-packages/airflow/example_dags/tutorial_dag.py
[2024-11-09T10:25:30.539+0000] {processor.py:914} INFO - Processing file /home/airflow/.local/lib/python3.12/site-packages/airflow/example_dags/tutorial_dag.py for tasks to queue
[2024-11-09T10:25:30.541+0000] {logging_mixin.py:190} INFO - [2024-11-09T10:25:30.541+0000] {dagbag.py:588} INFO - Filling up the DagBag from /home/airflow/.local/lib/python3.12/site-packages/airflow/example_dags/tutorial_dag.py
[2024-11-09T10:25:30.550+0000] {processor.py:925} INFO - DAG(s) 'tutorial_dag' retrieved from /home/airflow/.local/lib/python3.12/site-packages/airflow/example_dags/tutorial_dag.py
[2024-11-09T10:25:30.573+0000] {logging_mixin.py:190} INFO - [2024-11-09T10:25:30.573+0000] {dag.py:3239} INFO - Sync 1 DAGs
[2024-11-09T10:25:30.591+0000] {logging_mixin.py:190} INFO - [2024-11-09T10:25:30.591+0000] {dag.py:4180} INFO - Setting next_dagrun for tutorial_dag to None, run_after=None
[2024-11-09T10:25:30.629+0000] {processor.py:208} INFO - Processing /home/airflow/.local/lib/python3.12/site-packages/airflow/example_dags/tutorial_dag.py took 0.099 seconds
[2024-11-09T10:26:02.261+0000] {processor.py:186} INFO - Started process (PID=495) to work on /home/airflow/.local/lib/python3.12/site-packages/airflow/example_dags/tutorial_dag.py
[2024-11-09T10:26:02.262+0000] {processor.py:914} INFO - Processing file /home/airflow/.local/lib/python3.12/site-packages/airflow/example_dags/tutorial_dag.py for tasks to queue
[2024-11-09T10:26:02.265+0000] {logging_mixin.py:190} INFO - [2024-11-09T10:26:02.265+0000] {dagbag.py:588} INFO - Filling up the DagBag from /home/airflow/.local/lib/python3.12/site-packages/airflow/example_dags/tutorial_dag.py
[2024-11-09T10:26:02.274+0000] {processor.py:925} INFO - DAG(s) 'tutorial_dag' retrieved from /home/airflow/.local/lib/python3.12/site-packages/airflow/example_dags/tutorial_dag.py
[2024-11-09T10:26:02.297+0000] {logging_mixin.py:190} INFO - [2024-11-09T10:26:02.297+0000] {dag.py:3239} INFO - Sync 1 DAGs
[2024-11-09T10:26:02.313+0000] {logging_mixin.py:190} INFO - [2024-11-09T10:26:02.313+0000] {dag.py:4180} INFO - Setting next_dagrun for tutorial_dag to None, run_after=None
[2024-11-09T10:26:02.350+0000] {processor.py:208} INFO - Processing /home/airflow/.local/lib/python3.12/site-packages/airflow/example_dags/tutorial_dag.py took 0.097 seconds
[2024-11-09T10:26:33.790+0000] {processor.py:186} INFO - Started process (PID=559) to work on /home/airflow/.local/lib/python3.12/site-packages/airflow/example_dags/tutorial_dag.py
[2024-11-09T10:26:33.792+0000] {processor.py:914} INFO - Processing file /home/airflow/.local/lib/python3.12/site-packages/airflow/example_dags/tutorial_dag.py for tasks to queue
[2024-11-09T10:26:33.794+0000] {logging_mixin.py:190} INFO - [2024-11-09T10:26:33.794+0000] {dagbag.py:588} INFO - Filling up the DagBag from /home/airflow/.local/lib/python3.12/site-packages/airflow/example_dags/tutorial_dag.py
[2024-11-09T10:26:33.804+0000] {processor.py:925} INFO - DAG(s) 'tutorial_dag' retrieved from /home/airflow/.local/lib/python3.12/site-packages/airflow/example_dags/tutorial_dag.py
[2024-11-09T10:26:33.826+0000] {logging_mixin.py:190} INFO - [2024-11-09T10:26:33.826+0000] {dag.py:3239} INFO - Sync 1 DAGs
[2024-11-09T10:26:33.843+0000] {logging_mixin.py:190} INFO - [2024-11-09T10:26:33.842+0000] {dag.py:4180} INFO - Setting next_dagrun for tutorial_dag to None, run_after=None
[2024-11-09T10:26:33.888+0000] {processor.py:208} INFO - Processing /home/airflow/.local/lib/python3.12/site-packages/airflow/example_dags/tutorial_dag.py took 0.105 seconds
[2024-11-09T10:27:05.038+0000] {processor.py:186} INFO - Started process (PID=624) to work on /home/airflow/.local/lib/python3.12/site-packages/airflow/example_dags/tutorial_dag.py
[2024-11-09T10:27:05.040+0000] {processor.py:914} INFO - Processing file /home/airflow/.local/lib/python3.12/site-packages/airflow/example_dags/tutorial_dag.py for tasks to queue
[2024-11-09T10:27:05.043+0000] {logging_mixin.py:190} INFO - [2024-11-09T10:27:05.042+0000] {dagbag.py:588} INFO - Filling up the DagBag from /home/airflow/.local/lib/python3.12/site-packages/airflow/example_dags/tutorial_dag.py
[2024-11-09T10:27:05.053+0000] {processor.py:925} INFO - DAG(s) 'tutorial_dag' retrieved from /home/airflow/.local/lib/python3.12/site-packages/airflow/example_dags/tutorial_dag.py
[2024-11-09T10:27:05.076+0000] {logging_mixin.py:190} INFO - [2024-11-09T10:27:05.075+0000] {dag.py:3239} INFO - Sync 1 DAGs
[2024-11-09T10:27:05.092+0000] {logging_mixin.py:190} INFO - [2024-11-09T10:27:05.091+0000] {dag.py:4180} INFO - Setting next_dagrun for tutorial_dag to None, run_after=None
[2024-11-09T10:27:05.632+0000] {processor.py:208} INFO - Processing /home/airflow/.local/lib/python3.12/site-packages/airflow/example_dags/tutorial_dag.py took 0.601 seconds
[2024-11-09T10:27:36.421+0000] {processor.py:186} INFO - Started process (PID=688) to work on /home/airflow/.local/lib/python3.12/site-packages/airflow/example_dags/tutorial_dag.py
[2024-11-09T10:27:36.422+0000] {processor.py:914} INFO - Processing file /home/airflow/.local/lib/python3.12/site-packages/airflow/example_dags/tutorial_dag.py for tasks to queue
[2024-11-09T10:27:36.425+0000] {logging_mixin.py:190} INFO - [2024-11-09T10:27:36.424+0000] {dagbag.py:588} INFO - Filling up the DagBag from /home/airflow/.local/lib/python3.12/site-packages/airflow/example_dags/tutorial_dag.py
[2024-11-09T10:27:36.434+0000] {processor.py:925} INFO - DAG(s) 'tutorial_dag' retrieved from /home/airflow/.local/lib/python3.12/site-packages/airflow/example_dags/tutorial_dag.py
[2024-11-09T10:27:36.457+0000] {logging_mixin.py:190} INFO - [2024-11-09T10:27:36.456+0000] {dag.py:3239} INFO - Sync 1 DAGs
[2024-11-09T10:27:36.473+0000] {logging_mixin.py:190} INFO - [2024-11-09T10:27:36.473+0000] {dag.py:4180} INFO - Setting next_dagrun for tutorial_dag to None, run_after=None
[2024-11-09T10:27:36.539+0000] {processor.py:208} INFO - Processing /home/airflow/.local/lib/python3.12/site-packages/airflow/example_dags/tutorial_dag.py took 0.125 seconds
[2024-11-09T10:28:06.636+0000] {processor.py:186} INFO - Started process (PID=752) to work on /home/airflow/.local/lib/python3.12/site-packages/airflow/example_dags/tutorial_dag.py
[2024-11-09T10:28:06.637+0000] {processor.py:914} INFO - Processing file /home/airflow/.local/lib/python3.12/site-packages/airflow/example_dags/tutorial_dag.py for tasks to queue
[2024-11-09T10:28:06.641+0000] {logging_mixin.py:190} INFO - [2024-11-09T10:28:06.640+0000] {dagbag.py:588} INFO - Filling up the DagBag from /home/airflow/.local/lib/python3.12/site-packages/airflow/example_dags/tutorial_dag.py
[2024-11-09T10:28:06.649+0000] {processor.py:925} INFO - DAG(s) 'tutorial_dag' retrieved from /home/airflow/.local/lib/python3.12/site-packages/airflow/example_dags/tutorial_dag.py
[2024-11-09T10:28:06.671+0000] {logging_mixin.py:190} INFO - [2024-11-09T10:28:06.671+0000] {dag.py:3239} INFO - Sync 1 DAGs
[2024-11-09T10:28:06.690+0000] {logging_mixin.py:190} INFO - [2024-11-09T10:28:06.690+0000] {dag.py:4180} INFO - Setting next_dagrun for tutorial_dag to None, run_after=None
[2024-11-09T10:28:06.715+0000] {processor.py:208} INFO - Processing /home/airflow/.local/lib/python3.12/site-packages/airflow/example_dags/tutorial_dag.py took 0.085 seconds
[2024-11-09T10:28:37.923+0000] {processor.py:186} INFO - Started process (PID=823) to work on /home/airflow/.local/lib/python3.12/site-packages/airflow/example_dags/tutorial_dag.py
[2024-11-09T10:28:37.925+0000] {processor.py:914} INFO - Processing file /home/airflow/.local/lib/python3.12/site-packages/airflow/example_dags/tutorial_dag.py for tasks to queue
[2024-11-09T10:28:37.928+0000] {logging_mixin.py:190} INFO - [2024-11-09T10:28:37.927+0000] {dagbag.py:588} INFO - Filling up the DagBag from /home/airflow/.local/lib/python3.12/site-packages/airflow/example_dags/tutorial_dag.py
[2024-11-09T10:28:37.936+0000] {processor.py:925} INFO - DAG(s) 'tutorial_dag' retrieved from /home/airflow/.local/lib/python3.12/site-packages/airflow/example_dags/tutorial_dag.py
[2024-11-09T10:28:37.956+0000] {logging_mixin.py:190} INFO - [2024-11-09T10:28:37.956+0000] {dag.py:3239} INFO - Sync 1 DAGs
[2024-11-09T10:28:37.973+0000] {logging_mixin.py:190} INFO - [2024-11-09T10:28:37.973+0000] {dag.py:4180} INFO - Setting next_dagrun for tutorial_dag to None, run_after=None
[2024-11-09T10:28:38.001+0000] {processor.py:208} INFO - Processing /home/airflow/.local/lib/python3.12/site-packages/airflow/example_dags/tutorial_dag.py took 0.084 seconds
[2024-11-09T10:29:09.549+0000] {processor.py:186} INFO - Started process (PID=887) to work on /home/airflow/.local/lib/python3.12/site-packages/airflow/example_dags/tutorial_dag.py
[2024-11-09T10:29:09.550+0000] {processor.py:914} INFO - Processing file /home/airflow/.local/lib/python3.12/site-packages/airflow/example_dags/tutorial_dag.py for tasks to queue
[2024-11-09T10:29:09.552+0000] {logging_mixin.py:190} INFO - [2024-11-09T10:29:09.552+0000] {dagbag.py:588} INFO - Filling up the DagBag from /home/airflow/.local/lib/python3.12/site-packages/airflow/example_dags/tutorial_dag.py
[2024-11-09T10:29:09.562+0000] {processor.py:925} INFO - DAG(s) 'tutorial_dag' retrieved from /home/airflow/.local/lib/python3.12/site-packages/airflow/example_dags/tutorial_dag.py
[2024-11-09T10:29:09.587+0000] {logging_mixin.py:190} INFO - [2024-11-09T10:29:09.587+0000] {dag.py:3239} INFO - Sync 1 DAGs
[2024-11-09T10:29:09.603+0000] {logging_mixin.py:190} INFO - [2024-11-09T10:29:09.603+0000] {dag.py:4180} INFO - Setting next_dagrun for tutorial_dag to None, run_after=None
[2024-11-09T10:29:09.900+0000] {processor.py:208} INFO - Processing /home/airflow/.local/lib/python3.12/site-packages/airflow/example_dags/tutorial_dag.py took 0.358 seconds
[2024-11-09T10:29:40.775+0000] {processor.py:186} INFO - Started process (PID=952) to work on /home/airflow/.local/lib/python3.12/site-packages/airflow/example_dags/tutorial_dag.py
[2024-11-09T10:29:40.777+0000] {processor.py:914} INFO - Processing file /home/airflow/.local/lib/python3.12/site-packages/airflow/example_dags/tutorial_dag.py for tasks to queue
[2024-11-09T10:29:40.781+0000] {logging_mixin.py:190} INFO - [2024-11-09T10:29:40.780+0000] {dagbag.py:588} INFO - Filling up the DagBag from /home/airflow/.local/lib/python3.12/site-packages/airflow/example_dags/tutorial_dag.py
[2024-11-09T10:29:40.791+0000] {processor.py:925} INFO - DAG(s) 'tutorial_dag' retrieved from /home/airflow/.local/lib/python3.12/site-packages/airflow/example_dags/tutorial_dag.py
[2024-11-09T10:29:40.815+0000] {logging_mixin.py:190} INFO - [2024-11-09T10:29:40.815+0000] {dag.py:3239} INFO - Sync 1 DAGs
[2024-11-09T10:29:40.832+0000] {logging_mixin.py:190} INFO - [2024-11-09T10:29:40.832+0000] {dag.py:4180} INFO - Setting next_dagrun for tutorial_dag to None, run_after=None
[2024-11-09T10:29:40.863+0000] {processor.py:208} INFO - Processing /home/airflow/.local/lib/python3.12/site-packages/airflow/example_dags/tutorial_dag.py took 0.097 seconds
[2024-11-09T10:30:11.709+0000] {processor.py:186} INFO - Started process (PID=1015) to work on /home/airflow/.local/lib/python3.12/site-packages/airflow/example_dags/tutorial_dag.py
[2024-11-09T10:30:11.711+0000] {processor.py:914} INFO - Processing file /home/airflow/.local/lib/python3.12/site-packages/airflow/example_dags/tutorial_dag.py for tasks to queue
[2024-11-09T10:30:11.713+0000] {logging_mixin.py:190} INFO - [2024-11-09T10:30:11.713+0000] {dagbag.py:588} INFO - Filling up the DagBag from /home/airflow/.local/lib/python3.12/site-packages/airflow/example_dags/tutorial_dag.py
[2024-11-09T10:30:11.721+0000] {processor.py:925} INFO - DAG(s) 'tutorial_dag' retrieved from /home/airflow/.local/lib/python3.12/site-packages/airflow/example_dags/tutorial_dag.py
[2024-11-09T10:30:11.742+0000] {logging_mixin.py:190} INFO - [2024-11-09T10:30:11.741+0000] {dag.py:3239} INFO - Sync 1 DAGs
[2024-11-09T10:30:11.756+0000] {logging_mixin.py:190} INFO - [2024-11-09T10:30:11.756+0000] {dag.py:4180} INFO - Setting next_dagrun for tutorial_dag to None, run_after=None
[2024-11-09T10:30:11.783+0000] {processor.py:208} INFO - Processing /home/airflow/.local/lib/python3.12/site-packages/airflow/example_dags/tutorial_dag.py took 0.080 seconds
[2024-11-09T10:30:42.493+0000] {processor.py:186} INFO - Started process (PID=1079) to work on /home/airflow/.local/lib/python3.12/site-packages/airflow/example_dags/tutorial_dag.py
[2024-11-09T10:30:42.495+0000] {processor.py:914} INFO - Processing file /home/airflow/.local/lib/python3.12/site-packages/airflow/example_dags/tutorial_dag.py for tasks to queue
[2024-11-09T10:30:42.498+0000] {logging_mixin.py:190} INFO - [2024-11-09T10:30:42.497+0000] {dagbag.py:588} INFO - Filling up the DagBag from /home/airflow/.local/lib/python3.12/site-packages/airflow/example_dags/tutorial_dag.py
[2024-11-09T10:30:42.506+0000] {processor.py:925} INFO - DAG(s) 'tutorial_dag' retrieved from /home/airflow/.local/lib/python3.12/site-packages/airflow/example_dags/tutorial_dag.py
[2024-11-09T10:30:42.530+0000] {logging_mixin.py:190} INFO - [2024-11-09T10:30:42.530+0000] {dag.py:3239} INFO - Sync 1 DAGs
[2024-11-09T10:30:42.550+0000] {logging_mixin.py:190} INFO - [2024-11-09T10:30:42.549+0000] {dag.py:4180} INFO - Setting next_dagrun for tutorial_dag to None, run_after=None
[2024-11-09T10:30:42.714+0000] {processor.py:208} INFO - Processing /home/airflow/.local/lib/python3.12/site-packages/airflow/example_dags/tutorial_dag.py took 0.227 seconds
[2024-11-09T10:31:18.497+0000] {processor.py:186} INFO - Started process (PID=1144) to work on /home/airflow/.local/lib/python3.12/site-packages/airflow/example_dags/tutorial_dag.py
[2024-11-09T10:31:18.498+0000] {processor.py:914} INFO - Processing file /home/airflow/.local/lib/python3.12/site-packages/airflow/example_dags/tutorial_dag.py for tasks to queue
[2024-11-09T10:31:18.502+0000] {logging_mixin.py:190} INFO - [2024-11-09T10:31:18.502+0000] {dagbag.py:588} INFO - Filling up the DagBag from /home/airflow/.local/lib/python3.12/site-packages/airflow/example_dags/tutorial_dag.py
[2024-11-09T10:31:18.514+0000] {processor.py:925} INFO - DAG(s) 'tutorial_dag' retrieved from /home/airflow/.local/lib/python3.12/site-packages/airflow/example_dags/tutorial_dag.py
[2024-11-09T10:31:18.539+0000] {logging_mixin.py:190} INFO - [2024-11-09T10:31:18.538+0000] {dag.py:3239} INFO - Sync 1 DAGs
[2024-11-09T10:31:18.556+0000] {logging_mixin.py:190} INFO - [2024-11-09T10:31:18.556+0000] {dag.py:4180} INFO - Setting next_dagrun for tutorial_dag to None, run_after=None
[2024-11-09T10:31:18.604+0000] {processor.py:208} INFO - Processing /home/airflow/.local/lib/python3.12/site-packages/airflow/example_dags/tutorial_dag.py took 0.115 seconds
[2024-11-09T10:31:50.352+0000] {processor.py:186} INFO - Started process (PID=1210) to work on /home/airflow/.local/lib/python3.12/site-packages/airflow/example_dags/tutorial_dag.py
[2024-11-09T10:31:50.353+0000] {processor.py:914} INFO - Processing file /home/airflow/.local/lib/python3.12/site-packages/airflow/example_dags/tutorial_dag.py for tasks to queue
[2024-11-09T10:31:50.356+0000] {logging_mixin.py:190} INFO - [2024-11-09T10:31:50.355+0000] {dagbag.py:588} INFO - Filling up the DagBag from /home/airflow/.local/lib/python3.12/site-packages/airflow/example_dags/tutorial_dag.py
[2024-11-09T10:31:50.366+0000] {processor.py:925} INFO - DAG(s) 'tutorial_dag' retrieved from /home/airflow/.local/lib/python3.12/site-packages/airflow/example_dags/tutorial_dag.py
[2024-11-09T10:31:50.390+0000] {logging_mixin.py:190} INFO - [2024-11-09T10:31:50.390+0000] {dag.py:3239} INFO - Sync 1 DAGs
[2024-11-09T10:31:50.410+0000] {logging_mixin.py:190} INFO - [2024-11-09T10:31:50.410+0000] {dag.py:4180} INFO - Setting next_dagrun for tutorial_dag to None, run_after=None
[2024-11-09T10:31:50.447+0000] {processor.py:208} INFO - Processing /home/airflow/.local/lib/python3.12/site-packages/airflow/example_dags/tutorial_dag.py took 0.103 seconds
[2024-11-09T10:32:22.049+0000] {processor.py:186} INFO - Started process (PID=1274) to work on /home/airflow/.local/lib/python3.12/site-packages/airflow/example_dags/tutorial_dag.py
[2024-11-09T10:32:22.052+0000] {processor.py:914} INFO - Processing file /home/airflow/.local/lib/python3.12/site-packages/airflow/example_dags/tutorial_dag.py for tasks to queue
[2024-11-09T10:32:22.055+0000] {logging_mixin.py:190} INFO - [2024-11-09T10:32:22.055+0000] {dagbag.py:588} INFO - Filling up the DagBag from /home/airflow/.local/lib/python3.12/site-packages/airflow/example_dags/tutorial_dag.py
[2024-11-09T10:32:22.067+0000] {processor.py:925} INFO - DAG(s) 'tutorial_dag' retrieved from /home/airflow/.local/lib/python3.12/site-packages/airflow/example_dags/tutorial_dag.py
[2024-11-09T10:32:22.099+0000] {logging_mixin.py:190} INFO - [2024-11-09T10:32:22.099+0000] {dag.py:3239} INFO - Sync 1 DAGs
[2024-11-09T10:32:22.121+0000] {logging_mixin.py:190} INFO - [2024-11-09T10:32:22.121+0000] {dag.py:4180} INFO - Setting next_dagrun for tutorial_dag to None, run_after=None
[2024-11-09T10:32:22.152+0000] {processor.py:208} INFO - Processing /home/airflow/.local/lib/python3.12/site-packages/airflow/example_dags/tutorial_dag.py took 0.112 seconds
[2024-11-09T10:32:54.109+0000] {processor.py:186} INFO - Started process (PID=1346) to work on /home/airflow/.local/lib/python3.12/site-packages/airflow/example_dags/tutorial_dag.py
[2024-11-09T10:32:54.111+0000] {processor.py:914} INFO - Processing file /home/airflow/.local/lib/python3.12/site-packages/airflow/example_dags/tutorial_dag.py for tasks to queue
[2024-11-09T10:32:54.124+0000] {logging_mixin.py:190} INFO - [2024-11-09T10:32:54.121+0000] {dagbag.py:588} INFO - Filling up the DagBag from /home/airflow/.local/lib/python3.12/site-packages/airflow/example_dags/tutorial_dag.py
[2024-11-09T10:32:54.145+0000] {processor.py:925} INFO - DAG(s) 'tutorial_dag' retrieved from /home/airflow/.local/lib/python3.12/site-packages/airflow/example_dags/tutorial_dag.py
[2024-11-09T10:32:54.199+0000] {logging_mixin.py:190} INFO - [2024-11-09T10:32:54.196+0000] {dag.py:3239} INFO - Sync 1 DAGs
[2024-11-09T10:32:54.228+0000] {logging_mixin.py:190} INFO - [2024-11-09T10:32:54.227+0000] {dag.py:4180} INFO - Setting next_dagrun for tutorial_dag to None, run_after=None
[2024-11-09T10:32:54.260+0000] {processor.py:208} INFO - Processing /home/airflow/.local/lib/python3.12/site-packages/airflow/example_dags/tutorial_dag.py took 0.168 seconds
[2024-11-09T10:53:12.803+0000] {processor.py:186} INFO - Started process (PID=113) to work on /home/airflow/.local/lib/python3.12/site-packages/airflow/example_dags/tutorial_dag.py
[2024-11-09T10:53:12.807+0000] {processor.py:914} INFO - Processing file /home/airflow/.local/lib/python3.12/site-packages/airflow/example_dags/tutorial_dag.py for tasks to queue
[2024-11-09T10:53:12.812+0000] {logging_mixin.py:190} INFO - [2024-11-09T10:53:12.811+0000] {dagbag.py:588} INFO - Filling up the DagBag from /home/airflow/.local/lib/python3.12/site-packages/airflow/example_dags/tutorial_dag.py
[2024-11-09T10:53:12.825+0000] {processor.py:925} INFO - DAG(s) 'tutorial_dag' retrieved from /home/airflow/.local/lib/python3.12/site-packages/airflow/example_dags/tutorial_dag.py
[2024-11-09T10:53:12.851+0000] {logging_mixin.py:190} INFO - [2024-11-09T10:53:12.851+0000] {dag.py:3239} INFO - Sync 1 DAGs
[2024-11-09T10:53:12.873+0000] {logging_mixin.py:190} INFO - [2024-11-09T10:53:12.872+0000] {dag.py:4180} INFO - Setting next_dagrun for tutorial_dag to None, run_after=None
[2024-11-09T10:53:12.922+0000] {processor.py:208} INFO - Processing /home/airflow/.local/lib/python3.12/site-packages/airflow/example_dags/tutorial_dag.py took 0.134 seconds
